2026-07-19 02:35:23,872 kilosort.run_kilosort INFO     Kilosort version 4.1.7
2026-07-19 02:35:23,872 kilosort.run_kilosort INFO     Python version 3.11.15
2026-07-19 02:35:23,872 kilosort.run_kilosort INFO     ----------------------------------------
2026-07-19 02:35:23,872 kilosort.run_kilosort INFO     System information:
2026-07-19 02:35:23,920 kilosort.run_kilosort INFO     Windows-10-10.0.26200-SP0 AMD64
2026-07-19 02:35:23,920 kilosort.run_kilosort INFO     Intel64 Family 6 Model 186 Stepping 2, GenuineIntel
2026-07-19 02:35:24,189 kilosort.run_kilosort INFO     Using GPU for PyTorch computations. Specify `device` to change this.
2026-07-19 02:35:24,221 kilosort.run_kilosort INFO     Using CUDA device: NVIDIA GeForce RTX 2050 4.00GB
2026-07-19 02:35:24,221 kilosort.run_kilosort INFO     ----------------------------------------
2026-07-19 02:35:24,221 kilosort.run_kilosort INFO     Sorting [WindowsPath('G:/academic/week8_partial_dct_kilosort_runs/8ca740c5_probe00_partial_20260712_222836/ratio_0.30/8ca740c5_probe00_partial_20260712_222836_ratio_0.30_dctwin_600samp_preprocessed_int16.bin')]
2026-07-19 02:35:24,221 kilosort.run_kilosort INFO     Skipping common average reference.
2026-07-19 02:35:24,221 kilosort.run_kilosort INFO     clear_cache=True
2026-07-19 02:35:24,221 kilosort.run_kilosort DEBUG    Initial ops:

ops = {
    'n_chan_bin': 385,
    'fs': 30000.0,
    'batch_size': 60000,
    'nblocks': 1,
    'Th_universal': 9,
    'Th_learned': 8,
    'tmin': 0,
    'tmax': inf,
    'nt': 61,
    'shift': None,
    'scale': None,
    'batch_downsampling': 1,
    'artifact_threshold': inf,
    'nskip': 25,
    'whitening_range': 32,
    'highpass_cutoff': 300,
    'binning_depth': 5,
    'sig_interp': 20,
    'drift_smoothing': [0.5, 0.5, 0.5],
    'nt0min': 20,
    'dmin': None,
    'dminx': 32,
    'min_template_size': 10,
    'template_sizes': 5,
    'nearest_chans': 25,
    'nearest_templates': 100,
    'max_channel_distance': 32,
    'max_peels': 100,
    'templates_from_data': True,
    'n_templates': 6,
    'n_pcs': 3,
    'Th_single_ch': 6,
    'acg_threshold': 0.2,
    'ccg_threshold': 0.25,
    'cluster_neighbors': 10,
    'cluster_downsampling': 20,
    'max_cluster_subset': 25000,
    'x_centers': None,
    'cluster_init_seed': 5,
    'duplicate_spike_ms': 0.25,
    'position_limit': 100,
    'filename': [   WindowsPath('G:/academic/week8_partial_dct_kilosort_runs/8ca740c5_probe00_partial_20260712_222836/ratio_0.30/8ca740c5_probe00_partial_20260712_222836_ratio_0.30_dctwin_600samp_preprocessed_int16.bin')],
    'data_dir': WindowsPath('G:/academic/week8_partial_dct_kilosort_runs/8ca740c5_probe00_partial_20260712_222836/ratio_0.30'),
    'data_dtype': 'int16',
    'do_CAR': False,
    'invert_sign': False,
    'NTbuff': 60122,
    'Nchan': 383,
    'duplicate_spike_bins': 7,
    'torch_device': 'cuda',
    'save_preprocessed_copy': False
}

2026-07-19 02:35:24,237 kilosort.run_kilosort DEBUG    Probe dictionary:

probe = {
    'xc': np.array([43., 11., 59., 27., 43., 11., 59., 27., 43., 11., 59., 27., 43.,
       11., 59., 27., 43., 11., 59., 27., 43., 11., 59., 27., 43., 11.,
       59., 27., 43., 11., 59., 27., 43., 11., 59., 27., 43., 11., 59.,
       27., 43., 11., 59., 27., 43., 11., 59., 27., 43., 11., 59., 27.,
       43., 11., 59., 27., 43., 11., 59., 27., 43., 11., 59., 27., 43.,
       11., 59., 27., 43., 11., 59., 27., 43., 11., 59., 27., 43., 11.,
       59., 27., 43., 11., 59., 27., 43., 11., 59., 27., 43., 11., 59.,
       27., 43., 11., 59., 27., 43., 11., 59., 27., 43., 11., 59., 27.,
       43., 11., 59., 27., 43., 11., 59., 27., 43., 11., 59., 27., 43.,
       11., 59., 27., 43., 11., 59., 27., 43., 11., 59., 27., 43., 11.,
       59., 27., 43., 11., 59., 27., 43., 11., 59., 27., 43., 11., 59.,
       27., 43., 11., 59., 27., 43., 11., 59., 27., 43., 11., 59., 27.,
       43., 11., 59., 27., 43., 11., 59., 27., 43., 11., 59., 27., 43.,
       11., 59., 27., 43., 11., 59., 27., 43., 11., 59., 27., 43., 11.,
       59., 27., 43., 11., 59., 27., 43., 11., 59., 43., 11., 59., 27.,
       43., 11., 59., 27., 43., 11., 59., 27., 43., 11., 59., 27., 43.,
       11., 59., 27., 43., 11., 59., 27., 43., 11., 59., 27., 43., 11.,
       59., 27., 43., 11., 59., 27., 43., 11., 59., 27., 43., 11., 59.,
       27., 43., 11., 59., 27., 43., 11., 59., 27., 43., 11., 59., 27.,
       43., 11., 59., 27., 43., 11., 59., 27., 43., 11., 59., 27., 43.,
       11., 59., 27., 43., 11., 59., 27., 43., 11., 59., 27., 43., 11.,
       59., 27., 43., 11., 59., 27., 43., 11., 59., 27., 43., 11., 59.,
       27., 43., 11., 59., 27., 43., 11., 59., 27., 43., 11., 59., 27.,
       43., 11., 59., 27., 43., 11., 59., 27., 43., 11., 59., 27., 43.,
       11., 59., 27., 43., 11., 59., 27., 43., 11., 59., 27., 43., 11.,
       59., 27., 43., 11., 59., 27., 43., 11., 59., 27., 43., 11., 59.,
       27., 43., 11., 59., 27., 43., 11., 59., 27., 43., 11., 59., 27.,
       43., 11., 59., 27., 43., 11., 59., 27., 43., 11., 59., 27., 43.,
       11., 59., 27., 43., 11., 59., 27., 43., 11., 59., 27., 43., 11.,
       59., 27., 43., 11., 59., 27.], dtype=np.float32),
    'yc': np.array([  20.,   20.,   40.,   40.,   60.,   60.,   80.,   80.,  100.,
        100.,  120.,  120.,  140.,  140.,  160.,  160.,  180.,  180.,
        200.,  200.,  220.,  220.,  240.,  240.,  260.,  260.,  280.,
        280.,  300.,  300.,  320.,  320.,  340.,  340.,  360.,  360.,
        380.,  380.,  400.,  400.,  420.,  420.,  440.,  440.,  460.,
        460.,  480.,  480.,  500.,  500.,  520.,  520.,  540.,  540.,
        560.,  560.,  580.,  580.,  600.,  600.,  620.,  620.,  640.,
        640.,  660.,  660.,  680.,  680.,  700.,  700.,  720.,  720.,
        740.,  740.,  760.,  760.,  780.,  780.,  800.,  800.,  820.,
        820.,  840.,  840.,  860.,  860.,  880.,  880.,  900.,  900.,
        920.,  920.,  940.,  940.,  960.,  960.,  980.,  980., 1000.,
       1000., 1020., 1020., 1040., 1040., 1060., 1060., 1080., 1080.,
       1100., 1100., 1120., 1120., 1140., 1140., 1160., 1160., 1180.,
       1180., 1200., 1200., 1220., 1220., 1240., 1240., 1260., 1260.,
       1280., 1280., 1300., 1300., 1320., 1320., 1340., 1340., 1360.,
       1360., 1380., 1380., 1400., 1400., 1420., 1420., 1440., 1440.,
       1460., 1460., 1480., 1480., 1500., 1500., 1520., 1520., 1540.,
       1540., 1560., 1560., 1580., 1580., 1600., 1600., 1620., 1620.,
       1640., 1640., 1660., 1660., 1680., 1680., 1700., 1700., 1720.,
       1720., 1740., 1740., 1760., 1760., 1780., 1780., 1800., 1800.,
       1820., 1820., 1840., 1840., 1860., 1860., 1880., 1880., 1900.,
       1900., 1920., 1940., 1940., 1960., 1960., 1980., 1980., 2000.,
       2000., 2020., 2020., 2040., 2040., 2060., 2060., 2080., 2080.,
       2100., 2100., 2120., 2120., 2140., 2140., 2160., 2160., 2180.,
       2180., 2200., 2200., 2220., 2220., 2240., 2240., 2260., 2260.,
       2280., 2280., 2300., 2300., 2320., 2320., 2340., 2340., 2360.,
       2360., 2380., 2380., 2400., 2400., 2420., 2420., 2440., 2440.,
       2460., 2460., 2480., 2480., 2500., 2500., 2520., 2520., 2540.,
       2540., 2560., 2560., 2580., 2580., 2600., 2600., 2620., 2620.,
       2640., 2640., 2660., 2660., 2680., 2680., 2700., 2700., 2720.,
       2720., 2740., 2740., 2760., 2760., 2780., 2780., 2800., 2800.,
       2820., 2820., 2840., 2840., 2860., 2860., 2880., 2880., 2900.,
       2900., 2920., 2920., 2940., 2940., 2960., 2960., 2980., 2980.,
       3000., 3000., 3020., 3020., 3040., 3040., 3060., 3060., 3080.,
       3080., 3100., 3100., 3120., 3120., 3140., 3140., 3160., 3160.,
       3180., 3180., 3200., 3200., 3220., 3220., 3240., 3240., 3260.,
       3260., 3280., 3280., 3300., 3300., 3320., 3320., 3340., 3340.,
       3360., 3360., 3380., 3380., 3400., 3400., 3420., 3420., 3440.,
       3440., 3460., 3460., 3480., 3480., 3500., 3500., 3520., 3520.,
       3540., 3540., 3560., 3560., 3580., 3580., 3600., 3600., 3620.,
       3620., 3640., 3640., 3660., 3660., 3680., 3680., 3700., 3700.,
       3720., 3720., 3740., 3740., 3760., 3760., 3780., 3780., 3800.,
       3800., 3820., 3820., 3840., 3840.], dtype=np.float32),
    'kcoords': np.array([0., 0., 0., 0., 0., 0., 0., 0., 0., 0., 0., 0., 0., 0., 0., 0., 0.,
       0., 0., 0., 0., 0., 0., 0., 0., 0., 0., 0., 0., 0., 0., 0., 0., 0.,
       0., 0., 0., 0., 0., 0., 0., 0., 0., 0., 0., 0., 0., 0., 0., 0., 0.,
       0., 0., 0., 0., 0., 0., 0., 0., 0., 0., 0., 0., 0., 0., 0., 0., 0.,
       0., 0., 0., 0., 0., 0., 0., 0., 0., 0., 0., 0., 0., 0., 0., 0., 0.,
       0., 0., 0., 0., 0., 0., 0., 0., 0., 0., 0., 0., 0., 0., 0., 0., 0.,
       0., 0., 0., 0., 0., 0., 0., 0., 0., 0., 0., 0., 0., 0., 0., 0., 0.,
       0., 0., 0., 0., 0., 0., 0., 0., 0., 0., 0., 0., 0., 0., 0., 0., 0.,
       0., 0., 0., 0., 0., 0., 0., 0., 0., 0., 0., 0., 0., 0., 0., 0., 0.,
       0., 0., 0., 0., 0., 0., 0., 0., 0., 0., 0., 0., 0., 0., 0., 0., 0.,
       0., 0., 0., 0., 0., 0., 0., 0., 0., 0., 0., 0., 0., 0., 0., 0., 0.,
       0., 0., 0., 0., 0., 0., 0., 0., 0., 0., 0., 0., 0., 0., 0., 0., 0.,
       0., 0., 0., 0., 0., 0., 0., 0., 0., 0., 0., 0., 0., 0., 0., 0., 0.,
       0., 0., 0., 0., 0., 0., 0., 0., 0., 0., 0., 0., 0., 0., 0., 0., 0.,
       0., 0., 0., 0., 0., 0., 0., 0., 0., 0., 0., 0., 0., 0., 0., 0., 0.,
       0., 0., 0., 0., 0., 0., 0., 0., 0., 0., 0., 0., 0., 0., 0., 0., 0.,
       0., 0., 0., 0., 0., 0., 0., 0., 0., 0., 0., 0., 0., 0., 0., 0., 0.,
       0., 0., 0., 0., 0., 0., 0., 0., 0., 0., 0., 0., 0., 0., 0., 0., 0.,
       0., 0., 0., 0., 0., 0., 0., 0., 0., 0., 0., 0., 0., 0., 0., 0., 0.,
       0., 0., 0., 0., 0., 0., 0., 0., 0., 0., 0., 0., 0., 0., 0., 0., 0.,
       0., 0., 0., 0., 0., 0., 0., 0., 0., 0., 0., 0., 0., 0., 0., 0., 0.,
       0., 0., 0., 0., 0., 0., 0., 0., 0., 0., 0., 0., 0., 0., 0., 0., 0.,
       0., 0., 0., 0., 0., 0., 0., 0., 0.], dtype=np.float32),
    'chanMap': np.array([  0,   1,   2,   3,   4,   5,   6,   7,   8,   9,  10,  11,  12,
        13,  14,  15,  16,  17,  18,  19,  20,  21,  22,  23,  24,  25,
        26,  27,  28,  29,  30,  31,  32,  33,  34,  35,  36,  37,  38,
        39,  40,  41,  42,  43,  44,  45,  46,  47,  48,  49,  50,  51,
        52,  53,  54,  55,  56,  57,  58,  59,  60,  61,  62,  63,  64,
        65,  66,  67,  68,  69,  70,  71,  72,  73,  74,  75,  76,  77,
        78,  79,  80,  81,  82,  83,  84,  85,  86,  87,  88,  89,  90,
        91,  92,  93,  94,  95,  96,  97,  98,  99, 100, 101, 102, 103,
       104, 105, 106, 107, 108, 109, 110, 111, 112, 113, 114, 115, 116,
       117, 118, 119, 120, 121, 122, 123, 124, 125, 126, 127, 128, 129,
       130, 131, 132, 133, 134, 135, 136, 137, 138, 139, 140, 141, 142,
       143, 144, 145, 146, 147, 148, 149, 150, 151, 152, 153, 154, 155,
       156, 157, 158, 159, 160, 161, 162, 163, 164, 165, 166, 167, 168,
       169, 170, 171, 172, 173, 174, 175, 176, 177, 178, 179, 180, 181,
       182, 183, 184, 185, 186, 187, 188, 189, 190, 192, 193, 194, 195,
       196, 197, 198, 199, 200, 201, 202, 203, 204, 205, 206, 207, 208,
       209, 210, 211, 212, 213, 214, 215, 216, 217, 218, 219, 220, 221,
       222, 223, 224, 225, 226, 227, 228, 229, 230, 231, 232, 233, 234,
       235, 236, 237, 238, 239, 240, 241, 242, 243, 244, 245, 246, 247,
       248, 249, 250, 251, 252, 253, 254, 255, 256, 257, 258, 259, 260,
       261, 262, 263, 264, 265, 266, 267, 268, 269, 270, 271, 272, 273,
       274, 275, 276, 277, 278, 279, 280, 281, 282, 283, 284, 285, 286,
       287, 288, 289, 290, 291, 292, 293, 294, 295, 296, 297, 298, 299,
       300, 301, 302, 303, 304, 305, 306, 307, 308, 309, 310, 311, 312,
       313, 314, 315, 316, 317, 318, 319, 320, 321, 322, 323, 324, 325,
       326, 327, 328, 329, 330, 331, 332, 333, 334, 335, 336, 337, 338,
       339, 340, 341, 342, 343, 344, 345, 346, 347, 348, 349, 350, 351,
       352, 353, 354, 355, 356, 357, 358, 359, 360, 361, 362, 363, 364,
       365, 366, 367, 368, 369, 370, 371, 372, 373, 374, 375, 376, 377,
       378, 379, 380, 381, 382, 383], dtype=np.int32),
    'n_chan': 384
}

2026-07-19 02:35:24,484 kilosort.run_kilosort INFO      
2026-07-19 02:35:24,484 kilosort.run_kilosort INFO     Resource usage before sorting
2026-07-19 02:35:24,499 kilosort.run_kilosort INFO     ********************************************************
2026-07-19 02:35:24,499 kilosort.run_kilosort INFO     CPU usage:    12.80 %
2026-07-19 02:35:24,499 kilosort.run_kilosort INFO     Mem used:     43.40 %     |       6.78 GB
2026-07-19 02:35:24,499 kilosort.run_kilosort INFO     Mem avail:     8.86 / 15.65 GB
2026-07-19 02:35:24,499 kilosort.run_kilosort INFO     ------------------------------------------------------
2026-07-19 02:35:24,499 kilosort.run_kilosort INFO     GPU usage:    `conda install pynvml` for GPU usage
2026-07-19 02:35:24,499 kilosort.run_kilosort INFO     GPU memory:   19.43 %     |      0.78   /     4.00 GB
2026-07-19 02:35:24,499 kilosort.run_kilosort INFO     Allocated:     0.00 %     |      0.00   /     4.00 GB
2026-07-19 02:35:24,499 kilosort.run_kilosort INFO     Max alloc:     0.00 %     |      0.00   /     4.00 GB
2026-07-19 02:35:24,499 kilosort.run_kilosort INFO     ********************************************************
2026-07-19 02:35:24,499 kilosort.run_kilosort DEBUG    
2026-07-19 02:35:24,499 kilosort.run_kilosort DEBUG    --------------------
2026-07-19 02:35:24,499 kilosort.run_kilosort DEBUG    Process thread count: N/A (linux only)
2026-07-19 02:35:24,499 kilosort.run_kilosort DEBUG    num torch threads: 8
2026-07-19 02:35:24,499 kilosort.run_kilosort DEBUG    --------------------

2026-07-19 02:35:24,499 kilosort.run_kilosort INFO      
2026-07-19 02:35:24,499 kilosort.run_kilosort INFO     Computing preprocessing variables.
2026-07-19 02:35:24,499 kilosort.run_kilosort INFO     ----------------------------------------
2026-07-19 02:35:24,912 kilosort.run_kilosort INFO     N samples: 6600000
2026-07-19 02:35:24,912 kilosort.run_kilosort INFO     N seconds: 220.0
2026-07-19 02:35:24,912 kilosort.run_kilosort INFO     N batches: 110
2026-07-19 02:35:28,909 kilosort.run_kilosort INFO     Preprocessing filters computed in 4.41s; total 4.69s
2026-07-19 02:35:28,918 kilosort.run_kilosort DEBUG    hp_filter shape: torch.Size([30122])
2026-07-19 02:35:28,918 kilosort.run_kilosort DEBUG    whiten_mat shape: torch.Size([383, 383])
2026-07-19 02:35:29,195 kilosort.run_kilosort DEBUG    First batch min, max: (np.float32(-3533.3298), np.float32(1498.4509))
2026-07-19 02:35:29,195 kilosort.run_kilosort INFO      
2026-07-19 02:35:29,195 kilosort.run_kilosort INFO     Resource usage after preprocessing
2026-07-19 02:35:29,195 kilosort.run_kilosort INFO     ********************************************************
2026-07-19 02:35:29,195 kilosort.run_kilosort INFO     CPU usage:    11.50 %
2026-07-19 02:35:29,205 kilosort.run_kilosort INFO     Mem used:     45.30 %     |       7.08 GB
2026-07-19 02:35:29,205 kilosort.run_kilosort INFO     Mem avail:     8.57 / 15.65 GB
2026-07-19 02:35:29,205 kilosort.run_kilosort INFO     ------------------------------------------------------
2026-07-19 02:35:29,205 kilosort.run_kilosort INFO     GPU usage:    `conda install pynvml` for GPU usage
2026-07-19 02:35:29,205 kilosort.run_kilosort INFO     GPU memory:   61.28 %     |      2.45   /     4.00 GB
2026-07-19 02:35:29,205 kilosort.run_kilosort INFO     Allocated:     0.21 %     |      0.01   /     4.00 GB
2026-07-19 02:35:29,205 kilosort.run_kilosort INFO     Max alloc:    32.60 %     |      1.30   /     4.00 GB
2026-07-19 02:35:29,205 kilosort.run_kilosort INFO     ********************************************************
2026-07-19 02:35:29,340 kilosort.run_kilosort INFO      
2026-07-19 02:35:29,340 kilosort.run_kilosort INFO     Computing drift correction.
2026-07-19 02:35:29,340 kilosort.run_kilosort INFO     ----------------------------------------
2026-07-19 02:35:29,349 kilosort.spikedetect INFO     Re-computing universal templates from data.
2026-07-19 02:35:31,742 kilosort.spikedetect INFO     Number of universal templates: 1532
2026-07-19 02:35:32,473 kilosort.spikedetect INFO     Detecting spikes...
2026-07-19 02:35:32,490 kilosort.spikedetect DEBUG     
2026-07-19 02:35:32,490 kilosort.spikedetect DEBUG    Batch 0 of 109 (0.0%)
2026-07-19 02:35:32,490 kilosort.spikedetect DEBUG    ********************************************************
2026-07-19 02:35:32,490 kilosort.spikedetect DEBUG    CPU usage:    16.50 %
2026-07-19 02:35:32,490 kilosort.spikedetect DEBUG    Mem used:     45.90 %     |       7.18 GB
2026-07-19 02:35:32,490 kilosort.spikedetect DEBUG    Mem avail:     8.47 / 15.65 GB
2026-07-19 02:35:32,490 kilosort.spikedetect DEBUG    ------------------------------------------------------
2026-07-19 02:35:32,490 kilosort.spikedetect DEBUG    GPU usage:    `conda install pynvml` for GPU usage
2026-07-19 02:35:32,490 kilosort.spikedetect DEBUG    GPU memory:   61.28 %     |      2.45   /     4.00 GB
2026-07-19 02:35:32,490 kilosort.spikedetect DEBUG    Allocated:     0.27 %     |      0.01   /     4.00 GB
2026-07-19 02:35:32,490 kilosort.spikedetect DEBUG    Max alloc:    32.60 %     |      1.30   /     4.00 GB
2026-07-19 02:35:32,490 kilosort.spikedetect DEBUG    ********************************************************
2026-07-19 03:02:09,379 kilosort.spikedetect DEBUG     
2026-07-19 03:02:09,379 kilosort.spikedetect DEBUG    Batch 109 of 109 (99.1%)
2026-07-19 03:02:09,379 kilosort.spikedetect DEBUG    ********************************************************
2026-07-19 03:02:09,379 kilosort.spikedetect DEBUG    CPU usage:    16.60 %
2026-07-19 03:02:09,379 kilosort.spikedetect DEBUG    Mem used:     61.10 %     |       9.56 GB
2026-07-19 03:02:09,379 kilosort.spikedetect DEBUG    Mem avail:     6.09 / 15.65 GB
2026-07-19 03:02:09,379 kilosort.spikedetect DEBUG    ------------------------------------------------------
2026-07-19 03:02:09,379 kilosort.spikedetect DEBUG    GPU usage:    `conda install pynvml` for GPU usage
2026-07-19 03:02:09,379 kilosort.spikedetect DEBUG    GPU memory:   26.66 %     |      1.07   /     4.00 GB
2026-07-19 03:02:09,379 kilosort.spikedetect DEBUG    Allocated:     3.98 %     |      0.16   /     4.00 GB
2026-07-19 03:02:09,379 kilosort.spikedetect DEBUG    Max alloc:    97.07 %     |      3.88   /     4.00 GB
2026-07-19 03:02:09,379 kilosort.spikedetect DEBUG    ********************************************************
2026-07-19 03:02:10,466 kilosort.run_kilosort INFO     drift computed in 1601.13s; total 1606.24s
2026-07-19 03:02:10,466 kilosort.run_kilosort DEBUG    st shape: (938009, 6)
2026-07-19 03:02:10,466 kilosort.run_kilosort DEBUG    yblk shape: (1,)
2026-07-19 03:02:10,466 kilosort.run_kilosort DEBUG    dshift shape: (110, 1)
2026-07-19 03:02:10,466 kilosort.run_kilosort DEBUG    iKxx shape: torch.Size([383, 383])
2026-07-19 03:02:10,466 kilosort.run_kilosort DEBUG    

|===========================================================================|
|                  PyTorch CUDA memory summary, device ID 0                 |
|---------------------------------------------------------------------------|
|            CUDA OOMs: 0            |        cudaMalloc retries: 0         |
|===========================================================================|
|        Metric         | Cur Usage  | Peak Usage | Tot Alloc  | Tot Freed  |
|---------------------------------------------------------------------------|
| Allocated memory      |  11832 KiB |   3975 MiB |  12934 GiB |  12934 GiB |
|---------------------------------------------------------------------------|
| Active memory         |  11832 KiB |   3975 MiB |  12934 GiB |  12934 GiB |
|---------------------------------------------------------------------------|
| Requested memory      |  11829 KiB |   3973 MiB |  12931 GiB |  12931 GiB |
|---------------------------------------------------------------------------|
| GPU reserved memory   | 235520 KiB |   4826 MiB | 480428 MiB | 480198 MiB |
|---------------------------------------------------------------------------|
| Non-releasable memory |  41415 KiB |   2281 MiB |   3159 GiB |   3159 GiB |
|---------------------------------------------------------------------------|
| Allocations           |       9    |      37    |   83611    |   83602    |
|---------------------------------------------------------------------------|
| Active allocs         |       9    |      37    |   83611    |   83602    |
|---------------------------------------------------------------------------|
| GPU reserved segments |       7    |      20    |    1231    |    1224    |
|---------------------------------------------------------------------------|
| Non-releasable allocs |      10    |      26    |   38275    |   38265    |
|---------------------------------------------------------------------------|
| Oversize allocations  |       0    |       0    |       0    |       0    |
|---------------------------------------------------------------------------|
| Oversize GPU segments |       0    |       0    |       0    |       0    |
|===========================================================================|


2026-07-19 03:02:10,466 kilosort.run_kilosort INFO      
2026-07-19 03:02:10,466 kilosort.run_kilosort INFO     Resource usage after drift correction
2026-07-19 03:02:10,466 kilosort.run_kilosort INFO     ********************************************************
2026-07-19 03:02:10,466 kilosort.run_kilosort INFO     CPU usage:     0.00 %
2026-07-19 03:02:10,466 kilosort.run_kilosort INFO     Mem used:     59.50 %     |       9.31 GB
2026-07-19 03:02:10,466 kilosort.run_kilosort INFO     Mem avail:     6.34 / 15.65 GB
2026-07-19 03:02:10,466 kilosort.run_kilosort INFO     ------------------------------------------------------
2026-07-19 03:02:10,466 kilosort.run_kilosort INFO     GPU usage:    `conda install pynvml` for GPU usage
2026-07-19 03:02:10,466 kilosort.run_kilosort INFO     GPU memory:   26.66 %     |      1.07   /     4.00 GB
2026-07-19 03:02:10,466 kilosort.run_kilosort INFO     Allocated:     0.28 %     |      0.01   /     4.00 GB
2026-07-19 03:02:10,466 kilosort.run_kilosort INFO     Max alloc:    97.07 %     |      3.88   /     4.00 GB
2026-07-19 03:02:10,466 kilosort.run_kilosort INFO     ********************************************************
2026-07-19 03:02:10,466 kilosort.run_kilosort DEBUG    
2026-07-19 03:02:10,466 kilosort.run_kilosort DEBUG    --------------------
2026-07-19 03:02:10,466 kilosort.run_kilosort DEBUG    Process thread count: N/A (linux only)
2026-07-19 03:02:10,466 kilosort.run_kilosort DEBUG    num torch threads: 8
2026-07-19 03:02:10,466 kilosort.run_kilosort DEBUG    --------------------

2026-07-19 03:02:10,466 kilosort.run_kilosort INFO     Generating drift plots ...
2026-07-19 03:03:02,242 kilosort.run_kilosort INFO      
2026-07-19 03:03:02,242 kilosort.run_kilosort INFO     Extracting spikes using templates
2026-07-19 03:03:02,242 kilosort.run_kilosort INFO     ----------------------------------------
2026-07-19 03:03:02,242 kilosort.spikedetect INFO     Re-computing universal templates from data.
2026-07-19 03:03:04,897 kilosort.spikedetect INFO     Number of universal templates: 1532
2026-07-19 03:03:05,528 kilosort.spikedetect INFO     Detecting spikes...
2026-07-19 03:03:05,528 kilosort.spikedetect DEBUG     
2026-07-19 03:03:05,544 kilosort.spikedetect DEBUG    Batch 0 of 109 (0.0%)
2026-07-19 03:03:05,544 kilosort.spikedetect DEBUG    ********************************************************
2026-07-19 03:03:05,544 kilosort.spikedetect DEBUG    CPU usage:    17.60 %
2026-07-19 03:03:05,544 kilosort.spikedetect DEBUG    Mem used:     58.80 %     |       9.20 GB
2026-07-19 03:03:05,544 kilosort.spikedetect DEBUG    Mem avail:     6.45 / 15.65 GB
2026-07-19 03:03:05,544 kilosort.spikedetect DEBUG    ------------------------------------------------------
2026-07-19 03:03:05,544 kilosort.spikedetect DEBUG    GPU usage:    `conda install pynvml` for GPU usage
2026-07-19 03:03:05,544 kilosort.spikedetect DEBUG    GPU memory:   63.58 %     |      2.54   /     4.00 GB
2026-07-19 03:03:05,544 kilosort.spikedetect DEBUG    Allocated:     0.34 %     |      0.01   /     4.00 GB
2026-07-19 03:03:05,544 kilosort.spikedetect DEBUG    Max alloc:    32.67 %     |      1.31   /     4.00 GB
2026-07-19 03:03:05,544 kilosort.spikedetect DEBUG    ********************************************************
2026-07-19 03:29:40,188 kilosort.spikedetect DEBUG     
2026-07-19 03:29:40,188 kilosort.spikedetect DEBUG    Batch 109 of 109 (99.1%)
2026-07-19 03:29:40,188 kilosort.spikedetect DEBUG    ********************************************************
2026-07-19 03:29:40,188 kilosort.spikedetect DEBUG    CPU usage:    16.10 %
2026-07-19 03:29:40,188 kilosort.spikedetect DEBUG    Mem used:     62.30 %     |       9.76 GB
2026-07-19 03:29:40,188 kilosort.spikedetect DEBUG    Mem avail:     5.89 / 15.65 GB
2026-07-19 03:29:40,188 kilosort.spikedetect DEBUG    ------------------------------------------------------
2026-07-19 03:29:40,189 kilosort.spikedetect DEBUG    GPU usage:    `conda install pynvml` for GPU usage
2026-07-19 03:29:40,189 kilosort.spikedetect DEBUG    GPU memory:   28.81 %     |      1.15   /     4.00 GB
2026-07-19 03:29:40,189 kilosort.spikedetect DEBUG    Allocated:     3.99 %     |      0.16   /     4.00 GB
2026-07-19 03:29:40,189 kilosort.spikedetect DEBUG    Max alloc:    97.08 %     |      3.88   /     4.00 GB
2026-07-19 03:29:40,189 kilosort.spikedetect DEBUG    ********************************************************
2026-07-19 03:29:40,189 kilosort.run_kilosort INFO     890029 spikes extracted in 1597.95s; total 3255.97s
2026-07-19 03:29:40,189 kilosort.run_kilosort DEBUG    st0 shape: (890029, 6)
2026-07-19 03:29:40,189 kilosort.run_kilosort DEBUG    tF shape: torch.Size([890029, 25, 3])
2026-07-19 03:29:40,191 kilosort.run_kilosort INFO      
2026-07-19 03:29:40,191 kilosort.run_kilosort INFO     Resource usage after spike detect (univ)
2026-07-19 03:29:40,191 kilosort.run_kilosort INFO     ********************************************************
2026-07-19 03:29:40,191 kilosort.run_kilosort INFO     CPU usage:     0.00 %
2026-07-19 03:29:40,191 kilosort.run_kilosort INFO     Mem used:     62.20 %     |       9.74 GB
2026-07-19 03:29:40,191 kilosort.run_kilosort INFO     Mem avail:     5.91 / 15.65 GB
2026-07-19 03:29:40,191 kilosort.run_kilosort INFO     ------------------------------------------------------
2026-07-19 03:29:40,191 kilosort.run_kilosort INFO     GPU usage:    `conda install pynvml` for GPU usage
2026-07-19 03:29:40,191 kilosort.run_kilosort INFO     GPU memory:   28.81 %     |      1.15   /     4.00 GB
2026-07-19 03:29:40,191 kilosort.run_kilosort INFO     Allocated:     0.28 %     |      0.01   /     4.00 GB
2026-07-19 03:29:40,191 kilosort.run_kilosort INFO     Max alloc:    97.08 %     |      3.88   /     4.00 GB
2026-07-19 03:29:40,191 kilosort.run_kilosort INFO     ********************************************************
2026-07-19 03:29:40,191 kilosort.run_kilosort DEBUG    
2026-07-19 03:29:40,191 kilosort.run_kilosort DEBUG    --------------------
2026-07-19 03:29:40,191 kilosort.run_kilosort DEBUG    Process thread count: N/A (linux only)
2026-07-19 03:29:40,191 kilosort.run_kilosort DEBUG    num torch threads: 8
2026-07-19 03:29:40,191 kilosort.run_kilosort DEBUG    --------------------

2026-07-19 03:29:40,191 kilosort.run_kilosort INFO      
2026-07-19 03:29:40,191 kilosort.run_kilosort INFO     First clustering
2026-07-19 03:29:40,191 kilosort.run_kilosort INFO     ----------------------------------------
2026-07-19 03:29:40,581 kilosort.clustering_qr DEBUG    Center 0 | Xd shape: torch.Size([3220, 78]) | ntemp: 16
2026-07-19 03:29:43,158 kilosort.clustering_qr DEBUG    Center 1 | Xd shape: torch.Size([5333, 78]) | ntemp: 16
2026-07-19 03:29:44,622 kilosort.clustering_qr DEBUG    Center 2 | Xd shape: torch.Size([3939, 78]) | ntemp: 16
2026-07-19 03:29:46,032 kilosort.clustering_qr DEBUG    Center 3 | Xd shape: torch.Size([3997, 90]) | ntemp: 16
2026-07-19 03:29:47,448 kilosort.clustering_qr DEBUG    Center 4 | Xd shape: torch.Size([5393, 90]) | ntemp: 16
2026-07-19 03:29:48,866 kilosort.clustering_qr DEBUG    Center 5 | Xd shape: torch.Size([7186, 90]) | ntemp: 16
2026-07-19 03:29:50,391 kilosort.clustering_qr DEBUG    Center 6 | Xd shape: torch.Size([4814, 90]) | ntemp: 16
2026-07-19 03:29:51,633 kilosort.clustering_qr DEBUG    Center 7 | Xd shape: torch.Size([9661, 90]) | ntemp: 16
2026-07-19 03:29:53,057 kilosort.clustering_qr DEBUG    Center 8 | Xd shape: torch.Size([11176, 90]) | ntemp: 16
2026-07-19 03:29:54,662 kilosort.clustering_qr DEBUG     
2026-07-19 03:29:54,672 kilosort.clustering_qr DEBUG    Cluster center: 9 (10/96)
2026-07-19 03:29:54,672 kilosort.clustering_qr DEBUG    ********************************************************
2026-07-19 03:29:54,672 kilosort.clustering_qr DEBUG    CPU usage:    23.80 %
2026-07-19 03:29:54,672 kilosort.clustering_qr DEBUG    Mem used:     60.40 %     |       9.46 GB
2026-07-19 03:29:54,672 kilosort.clustering_qr DEBUG    Mem avail:     6.19 / 15.65 GB
2026-07-19 03:29:54,672 kilosort.clustering_qr DEBUG    ------------------------------------------------------
2026-07-19 03:29:54,672 kilosort.clustering_qr DEBUG    GPU usage:    `conda install pynvml` for GPU usage
2026-07-19 03:29:54,672 kilosort.clustering_qr DEBUG    GPU memory:   22.31 %     |      0.89   /     4.00 GB
2026-07-19 03:29:54,672 kilosort.clustering_qr DEBUG    Allocated:     0.28 %     |      0.01   /     4.00 GB
2026-07-19 03:29:54,672 kilosort.clustering_qr DEBUG    Max alloc:     1.06 %     |      0.04   /     4.00 GB
2026-07-19 03:29:54,672 kilosort.clustering_qr DEBUG    ********************************************************
2026-07-19 03:29:54,724 kilosort.clustering_qr DEBUG    Center 9 | Xd shape: torch.Size([17686, 90]) | ntemp: 16
2026-07-19 03:29:56,495 kilosort.clustering_qr DEBUG    Center 10 | Xd shape: torch.Size([13003, 90]) | ntemp: 16
2026-07-19 03:29:58,030 kilosort.clustering_qr DEBUG    Center 11 | Xd shape: torch.Size([6189, 90]) | ntemp: 16
2026-07-19 03:29:59,511 kilosort.clustering_qr DEBUG    Center 12 | Xd shape: torch.Size([10143, 90]) | ntemp: 16
2026-07-19 03:30:01,066 kilosort.clustering_qr DEBUG    Center 13 | Xd shape: torch.Size([7215, 90]) | ntemp: 16
2026-07-19 03:30:02,529 kilosort.clustering_qr DEBUG    Center 14 | Xd shape: torch.Size([6704, 90]) | ntemp: 16
2026-07-19 03:30:03,972 kilosort.clustering_qr DEBUG    Center 15 | Xd shape: torch.Size([7025, 90]) | ntemp: 16
2026-07-19 03:30:05,391 kilosort.clustering_qr DEBUG    Center 16 | Xd shape: torch.Size([8088, 90]) | ntemp: 16
2026-07-19 03:30:06,873 kilosort.clustering_qr DEBUG    Center 17 | Xd shape: torch.Size([6707, 90]) | ntemp: 16
2026-07-19 03:30:08,357 kilosort.clustering_qr DEBUG    Center 18 | Xd shape: torch.Size([7963, 90]) | ntemp: 16
2026-07-19 03:30:09,909 kilosort.clustering_qr DEBUG     
2026-07-19 03:30:09,909 kilosort.clustering_qr DEBUG    Cluster center: 19 (20/96)
2026-07-19 03:30:09,909 kilosort.clustering_qr DEBUG    ********************************************************
2026-07-19 03:30:09,909 kilosort.clustering_qr DEBUG    CPU usage:    22.70 %
2026-07-19 03:30:09,909 kilosort.clustering_qr DEBUG    Mem used:     60.50 %     |       9.47 GB
2026-07-19 03:30:09,909 kilosort.clustering_qr DEBUG    Mem avail:     6.18 / 15.65 GB
2026-07-19 03:30:09,909 kilosort.clustering_qr DEBUG    ------------------------------------------------------
2026-07-19 03:30:09,909 kilosort.clustering_qr DEBUG    GPU usage:    `conda install pynvml` for GPU usage
2026-07-19 03:30:09,909 kilosort.clustering_qr DEBUG    GPU memory:   22.31 %     |      0.89   /     4.00 GB
2026-07-19 03:30:09,909 kilosort.clustering_qr DEBUG    Allocated:     0.28 %     |      0.01   /     4.00 GB
2026-07-19 03:30:09,909 kilosort.clustering_qr DEBUG    Max alloc:     1.53 %     |      0.06   /     4.00 GB
2026-07-19 03:30:09,909 kilosort.clustering_qr DEBUG    ********************************************************
2026-07-19 03:30:09,950 kilosort.clustering_qr DEBUG    Center 19 | Xd shape: torch.Size([7752, 90]) | ntemp: 16
2026-07-19 03:30:11,460 kilosort.clustering_qr DEBUG    Center 20 | Xd shape: torch.Size([9411, 90]) | ntemp: 16
2026-07-19 03:30:12,981 kilosort.clustering_qr DEBUG    Center 21 | Xd shape: torch.Size([5841, 90]) | ntemp: 16
2026-07-19 03:30:14,420 kilosort.clustering_qr DEBUG    Center 22 | Xd shape: torch.Size([8843, 90]) | ntemp: 16
2026-07-19 03:30:16,026 kilosort.clustering_qr DEBUG    Center 23 | Xd shape: torch.Size([9966, 90]) | ntemp: 16
2026-07-19 03:30:17,568 kilosort.clustering_qr DEBUG    Center 24 | Xd shape: torch.Size([5881, 90]) | ntemp: 16
2026-07-19 03:30:19,057 kilosort.clustering_qr DEBUG    Center 25 | Xd shape: torch.Size([7784, 90]) | ntemp: 16
2026-07-19 03:30:20,480 kilosort.clustering_qr DEBUG    Center 26 | Xd shape: torch.Size([6795, 90]) | ntemp: 16
2026-07-19 03:30:21,908 kilosort.clustering_qr DEBUG    Center 27 | Xd shape: torch.Size([8978, 90]) | ntemp: 16
2026-07-19 03:30:23,400 kilosort.clustering_qr DEBUG    Center 28 | Xd shape: torch.Size([7363, 90]) | ntemp: 16
2026-07-19 03:30:24,750 kilosort.clustering_qr DEBUG     
2026-07-19 03:30:24,750 kilosort.clustering_qr DEBUG    Cluster center: 29 (30/96)
2026-07-19 03:30:24,750 kilosort.clustering_qr DEBUG    ********************************************************
2026-07-19 03:30:24,750 kilosort.clustering_qr DEBUG    CPU usage:    23.10 %
2026-07-19 03:30:24,750 kilosort.clustering_qr DEBUG    Mem used:     60.40 %     |       9.46 GB
2026-07-19 03:30:24,750 kilosort.clustering_qr DEBUG    Mem avail:     6.19 / 15.65 GB
2026-07-19 03:30:24,750 kilosort.clustering_qr DEBUG    ------------------------------------------------------
2026-07-19 03:30:24,750 kilosort.clustering_qr DEBUG    GPU usage:    `conda install pynvml` for GPU usage
2026-07-19 03:30:24,750 kilosort.clustering_qr DEBUG    GPU memory:   22.31 %     |      0.89   /     4.00 GB
2026-07-19 03:30:24,750 kilosort.clustering_qr DEBUG    Allocated:     0.28 %     |      0.01   /     4.00 GB
2026-07-19 03:30:24,750 kilosort.clustering_qr DEBUG    Max alloc:     1.53 %     |      0.06   /     4.00 GB
2026-07-19 03:30:24,760 kilosort.clustering_qr DEBUG    ********************************************************
2026-07-19 03:30:24,811 kilosort.clustering_qr DEBUG    Center 29 | Xd shape: torch.Size([7599, 90]) | ntemp: 16
2026-07-19 03:30:26,239 kilosort.clustering_qr DEBUG    Center 30 | Xd shape: torch.Size([5612, 90]) | ntemp: 16
2026-07-19 03:30:27,674 kilosort.clustering_qr DEBUG    Center 31 | Xd shape: torch.Size([5295, 90]) | ntemp: 16
2026-07-19 03:30:29,112 kilosort.clustering_qr DEBUG    Center 32 | Xd shape: torch.Size([5439, 90]) | ntemp: 16
2026-07-19 03:30:30,540 kilosort.clustering_qr DEBUG    Center 33 | Xd shape: torch.Size([12442, 90]) | ntemp: 16
2026-07-19 03:30:32,106 kilosort.clustering_qr DEBUG    Center 34 | Xd shape: torch.Size([10306, 90]) | ntemp: 16
2026-07-19 03:30:33,459 kilosort.clustering_qr DEBUG    Center 35 | Xd shape: torch.Size([9734, 90]) | ntemp: 16
2026-07-19 03:30:34,820 kilosort.clustering_qr DEBUG    Center 36 | Xd shape: torch.Size([9303, 90]) | ntemp: 16
2026-07-19 03:30:36,395 kilosort.clustering_qr DEBUG    Center 37 | Xd shape: torch.Size([7086, 90]) | ntemp: 16
2026-07-19 03:30:37,783 kilosort.clustering_qr DEBUG    Center 38 | Xd shape: torch.Size([9629, 90]) | ntemp: 16
2026-07-19 03:30:39,189 kilosort.clustering_qr DEBUG     
2026-07-19 03:30:39,189 kilosort.clustering_qr DEBUG    Cluster center: 39 (40/96)
2026-07-19 03:30:39,189 kilosort.clustering_qr DEBUG    ********************************************************
2026-07-19 03:30:39,189 kilosort.clustering_qr DEBUG    CPU usage:    24.20 %
2026-07-19 03:30:39,189 kilosort.clustering_qr DEBUG    Mem used:     60.50 %     |       9.47 GB
2026-07-19 03:30:39,189 kilosort.clustering_qr DEBUG    Mem avail:     6.18 / 15.65 GB
2026-07-19 03:30:39,189 kilosort.clustering_qr DEBUG    ------------------------------------------------------
2026-07-19 03:30:39,189 kilosort.clustering_qr DEBUG    GPU usage:    `conda install pynvml` for GPU usage
2026-07-19 03:30:39,189 kilosort.clustering_qr DEBUG    GPU memory:   22.31 %     |      0.89   /     4.00 GB
2026-07-19 03:30:39,189 kilosort.clustering_qr DEBUG    Allocated:     0.28 %     |      0.01   /     4.00 GB
2026-07-19 03:30:39,189 kilosort.clustering_qr DEBUG    Max alloc:     1.53 %     |      0.06   /     4.00 GB
2026-07-19 03:30:39,189 kilosort.clustering_qr DEBUG    ********************************************************
2026-07-19 03:30:39,251 kilosort.clustering_qr DEBUG    Center 39 | Xd shape: torch.Size([8435, 90]) | ntemp: 16
2026-07-19 03:30:40,708 kilosort.clustering_qr DEBUG    Center 40 | Xd shape: torch.Size([9243, 90]) | ntemp: 16
2026-07-19 03:30:42,206 kilosort.clustering_qr DEBUG    Center 41 | Xd shape: torch.Size([9089, 90]) | ntemp: 16
2026-07-19 03:30:43,677 kilosort.clustering_qr DEBUG    Center 42 | Xd shape: torch.Size([8236, 90]) | ntemp: 16
2026-07-19 03:30:45,319 kilosort.clustering_qr DEBUG    Center 43 | Xd shape: torch.Size([8164, 90]) | ntemp: 16
2026-07-19 03:30:46,837 kilosort.clustering_qr DEBUG    Center 44 | Xd shape: torch.Size([6533, 87]) | ntemp: 16
2026-07-19 03:30:48,279 kilosort.clustering_qr DEBUG    Center 45 | Xd shape: torch.Size([9183, 87]) | ntemp: 16
2026-07-19 03:30:49,813 kilosort.clustering_qr DEBUG    Center 46 | Xd shape: torch.Size([10864, 87]) | ntemp: 16
2026-07-19 03:30:51,427 kilosort.clustering_qr DEBUG    Center 47 | Xd shape: torch.Size([8748, 87]) | ntemp: 16
2026-07-19 03:30:52,879 kilosort.clustering_qr DEBUG    Center 48 | Xd shape: torch.Size([10577, 87]) | ntemp: 16
2026-07-19 03:30:54,395 kilosort.clustering_qr DEBUG     
2026-07-19 03:30:54,395 kilosort.clustering_qr DEBUG    Cluster center: 49 (50/96)
2026-07-19 03:30:54,395 kilosort.clustering_qr DEBUG    ********************************************************
2026-07-19 03:30:54,395 kilosort.clustering_qr DEBUG    CPU usage:    23.20 %
2026-07-19 03:30:54,395 kilosort.clustering_qr DEBUG    Mem used:     60.40 %     |       9.46 GB
2026-07-19 03:30:54,395 kilosort.clustering_qr DEBUG    Mem avail:     6.19 / 15.65 GB
2026-07-19 03:30:54,395 kilosort.clustering_qr DEBUG    ------------------------------------------------------
2026-07-19 03:30:54,395 kilosort.clustering_qr DEBUG    GPU usage:    `conda install pynvml` for GPU usage
2026-07-19 03:30:54,395 kilosort.clustering_qr DEBUG    GPU memory:   22.31 %     |      0.89   /     4.00 GB
2026-07-19 03:30:54,395 kilosort.clustering_qr DEBUG    Allocated:     0.28 %     |      0.01   /     4.00 GB
2026-07-19 03:30:54,395 kilosort.clustering_qr DEBUG    Max alloc:     1.53 %     |      0.06   /     4.00 GB
2026-07-19 03:30:54,395 kilosort.clustering_qr DEBUG    ********************************************************
2026-07-19 03:30:54,428 kilosort.clustering_qr DEBUG    Center 49 | Xd shape: torch.Size([9864, 87]) | ntemp: 16
2026-07-19 03:30:56,106 kilosort.clustering_qr DEBUG    Center 50 | Xd shape: torch.Size([9785, 87]) | ntemp: 16
2026-07-19 03:30:57,584 kilosort.clustering_qr DEBUG    Center 51 | Xd shape: torch.Size([10122, 90]) | ntemp: 16
2026-07-19 03:30:59,167 kilosort.clustering_qr DEBUG    Center 52 | Xd shape: torch.Size([9127, 90]) | ntemp: 16
2026-07-19 03:31:00,591 kilosort.clustering_qr DEBUG    Center 53 | Xd shape: torch.Size([8600, 90]) | ntemp: 16
2026-07-19 03:31:01,992 kilosort.clustering_qr DEBUG    Center 54 | Xd shape: torch.Size([8493, 90]) | ntemp: 16
2026-07-19 03:31:03,459 kilosort.clustering_qr DEBUG    Center 55 | Xd shape: torch.Size([5657, 90]) | ntemp: 16
2026-07-19 03:31:04,904 kilosort.clustering_qr DEBUG    Center 56 | Xd shape: torch.Size([3547, 90]) | ntemp: 16
2026-07-19 03:31:06,259 kilosort.clustering_qr DEBUG    Center 57 | Xd shape: torch.Size([3506, 90]) | ntemp: 16
2026-07-19 03:31:07,715 kilosort.clustering_qr DEBUG    Center 58 | Xd shape: torch.Size([4286, 90]) | ntemp: 16
2026-07-19 03:31:09,072 kilosort.clustering_qr DEBUG     
2026-07-19 03:31:09,072 kilosort.clustering_qr DEBUG    Cluster center: 59 (60/96)
2026-07-19 03:31:09,072 kilosort.clustering_qr DEBUG    ********************************************************
2026-07-19 03:31:09,072 kilosort.clustering_qr DEBUG    CPU usage:    24.20 %
2026-07-19 03:31:09,072 kilosort.clustering_qr DEBUG    Mem used:     60.50 %     |       9.46 GB
2026-07-19 03:31:09,072 kilosort.clustering_qr DEBUG    Mem avail:     6.19 / 15.65 GB
2026-07-19 03:31:09,072 kilosort.clustering_qr DEBUG    ------------------------------------------------------
2026-07-19 03:31:09,072 kilosort.clustering_qr DEBUG    GPU usage:    `conda install pynvml` for GPU usage
2026-07-19 03:31:09,072 kilosort.clustering_qr DEBUG    GPU memory:   22.31 %     |      0.89   /     4.00 GB
2026-07-19 03:31:09,072 kilosort.clustering_qr DEBUG    Allocated:     0.28 %     |      0.01   /     4.00 GB
2026-07-19 03:31:09,072 kilosort.clustering_qr DEBUG    Max alloc:     1.53 %     |      0.06   /     4.00 GB
2026-07-19 03:31:09,072 kilosort.clustering_qr DEBUG    ********************************************************
2026-07-19 03:31:09,113 kilosort.clustering_qr DEBUG    Center 59 | Xd shape: torch.Size([2405, 90]) | ntemp: 16
2026-07-19 03:31:10,589 kilosort.clustering_qr DEBUG    Center 60 | Xd shape: torch.Size([6877, 90]) | ntemp: 16
2026-07-19 03:31:12,095 kilosort.clustering_qr DEBUG    Center 61 | Xd shape: torch.Size([4389, 90]) | ntemp: 16
2026-07-19 03:31:13,469 kilosort.clustering_qr DEBUG    Center 62 | Xd shape: torch.Size([10277, 90]) | ntemp: 16
2026-07-19 03:31:15,084 kilosort.clustering_qr DEBUG    Center 63 | Xd shape: torch.Size([9096, 90]) | ntemp: 16
2026-07-19 03:31:16,557 kilosort.clustering_qr DEBUG    Center 64 | Xd shape: torch.Size([3876, 90]) | ntemp: 16
2026-07-19 03:31:17,981 kilosort.clustering_qr DEBUG    Center 65 | Xd shape: torch.Size([3434, 90]) | ntemp: 16
2026-07-19 03:31:19,342 kilosort.clustering_qr DEBUG    Center 66 | Xd shape: torch.Size([6764, 90]) | ntemp: 16
2026-07-19 03:31:20,806 kilosort.clustering_qr DEBUG    Center 67 | Xd shape: torch.Size([8037, 90]) | ntemp: 16
2026-07-19 03:31:22,310 kilosort.clustering_qr DEBUG    Center 68 | Xd shape: torch.Size([14893, 90]) | ntemp: 16
2026-07-19 03:31:23,919 kilosort.clustering_qr DEBUG     
2026-07-19 03:31:23,919 kilosort.clustering_qr DEBUG    Cluster center: 69 (70/96)
2026-07-19 03:31:23,919 kilosort.clustering_qr DEBUG    ********************************************************
2026-07-19 03:31:23,919 kilosort.clustering_qr DEBUG    CPU usage:    22.80 %
2026-07-19 03:31:23,919 kilosort.clustering_qr DEBUG    Mem used:     60.40 %     |       9.46 GB
2026-07-19 03:31:23,919 kilosort.clustering_qr DEBUG    Mem avail:     6.19 / 15.65 GB
2026-07-19 03:31:23,919 kilosort.clustering_qr DEBUG    ------------------------------------------------------
2026-07-19 03:31:23,919 kilosort.clustering_qr DEBUG    GPU usage:    `conda install pynvml` for GPU usage
2026-07-19 03:31:23,919 kilosort.clustering_qr DEBUG    GPU memory:   22.31 %     |      0.89   /     4.00 GB
2026-07-19 03:31:23,919 kilosort.clustering_qr DEBUG    Allocated:     0.28 %     |      0.01   /     4.00 GB
2026-07-19 03:31:23,919 kilosort.clustering_qr DEBUG    Max alloc:     1.53 %     |      0.06   /     4.00 GB
2026-07-19 03:31:23,919 kilosort.clustering_qr DEBUG    ********************************************************
2026-07-19 03:31:23,981 kilosort.clustering_qr DEBUG    Center 69 | Xd shape: torch.Size([13632, 90]) | ntemp: 16
2026-07-19 03:31:25,555 kilosort.clustering_qr DEBUG    Center 70 | Xd shape: torch.Size([12340, 90]) | ntemp: 16
2026-07-19 03:31:27,036 kilosort.clustering_qr DEBUG    Center 71 | Xd shape: torch.Size([12940, 90]) | ntemp: 16
2026-07-19 03:31:28,550 kilosort.clustering_qr DEBUG    Center 72 | Xd shape: torch.Size([12733, 90]) | ntemp: 16
2026-07-19 03:31:30,188 kilosort.clustering_qr DEBUG    Center 73 | Xd shape: torch.Size([12182, 90]) | ntemp: 16
2026-07-19 03:31:31,657 kilosort.clustering_qr DEBUG    Center 74 | Xd shape: torch.Size([12770, 90]) | ntemp: 16
2026-07-19 03:31:33,191 kilosort.clustering_qr DEBUG    Center 75 | Xd shape: torch.Size([13613, 90]) | ntemp: 16
2026-07-19 03:31:34,500 kilosort.clustering_qr DEBUG    Center 76 | Xd shape: torch.Size([13800, 90]) | ntemp: 16
2026-07-19 03:31:36,052 kilosort.clustering_qr DEBUG    Center 77 | Xd shape: torch.Size([13193, 90]) | ntemp: 16
2026-07-19 03:31:37,578 kilosort.clustering_qr DEBUG    Center 78 | Xd shape: torch.Size([13143, 90]) | ntemp: 16
2026-07-19 03:31:38,907 kilosort.clustering_qr DEBUG     
2026-07-19 03:31:38,907 kilosort.clustering_qr DEBUG    Cluster center: 79 (80/96)
2026-07-19 03:31:38,907 kilosort.clustering_qr DEBUG    ********************************************************
2026-07-19 03:31:38,907 kilosort.clustering_qr DEBUG    CPU usage:    22.10 %
2026-07-19 03:31:38,907 kilosort.clustering_qr DEBUG    Mem used:     60.40 %     |       9.45 GB
2026-07-19 03:31:38,907 kilosort.clustering_qr DEBUG    Mem avail:     6.20 / 15.65 GB
2026-07-19 03:31:38,907 kilosort.clustering_qr DEBUG    ------------------------------------------------------
2026-07-19 03:31:38,907 kilosort.clustering_qr DEBUG    GPU usage:    `conda install pynvml` for GPU usage
2026-07-19 03:31:38,907 kilosort.clustering_qr DEBUG    GPU memory:   22.31 %     |      0.89   /     4.00 GB
2026-07-19 03:31:38,907 kilosort.clustering_qr DEBUG    Allocated:     0.28 %     |      0.01   /     4.00 GB
2026-07-19 03:31:38,907 kilosort.clustering_qr DEBUG    Max alloc:     1.53 %     |      0.06   /     4.00 GB
2026-07-19 03:31:38,907 kilosort.clustering_qr DEBUG    ********************************************************
2026-07-19 03:31:38,969 kilosort.clustering_qr DEBUG    Center 79 | Xd shape: torch.Size([13377, 90]) | ntemp: 16
2026-07-19 03:31:40,581 kilosort.clustering_qr DEBUG    Center 80 | Xd shape: torch.Size([12420, 90]) | ntemp: 16
2026-07-19 03:31:42,080 kilosort.clustering_qr DEBUG    Center 81 | Xd shape: torch.Size([12974, 90]) | ntemp: 16
2026-07-19 03:31:43,617 kilosort.clustering_qr DEBUG    Center 82 | Xd shape: torch.Size([13491, 90]) | ntemp: 16
2026-07-19 03:31:44,940 kilosort.clustering_qr DEBUG    Center 83 | Xd shape: torch.Size([13345, 90]) | ntemp: 16
2026-07-19 03:31:46,514 kilosort.clustering_qr DEBUG    Center 84 | Xd shape: torch.Size([13172, 90]) | ntemp: 16
2026-07-19 03:31:48,036 kilosort.clustering_qr DEBUG    Center 85 | Xd shape: torch.Size([12915, 90]) | ntemp: 16
2026-07-19 03:31:49,528 kilosort.clustering_qr DEBUG    Center 86 | Xd shape: torch.Size([13710, 90]) | ntemp: 16
2026-07-19 03:31:51,144 kilosort.clustering_qr DEBUG    Center 87 | Xd shape: torch.Size([13727, 90]) | ntemp: 16
2026-07-19 03:31:52,734 kilosort.clustering_qr DEBUG    Center 88 | Xd shape: torch.Size([12902, 90]) | ntemp: 16
2026-07-19 03:31:54,221 kilosort.clustering_qr DEBUG     
2026-07-19 03:31:54,221 kilosort.clustering_qr DEBUG    Cluster center: 89 (90/96)
2026-07-19 03:31:54,221 kilosort.clustering_qr DEBUG    ********************************************************
2026-07-19 03:31:54,221 kilosort.clustering_qr DEBUG    CPU usage:    28.40 %
2026-07-19 03:31:54,221 kilosort.clustering_qr DEBUG    Mem used:     60.60 %     |       9.49 GB
2026-07-19 03:31:54,224 kilosort.clustering_qr DEBUG    Mem avail:     6.16 / 15.65 GB
2026-07-19 03:31:54,224 kilosort.clustering_qr DEBUG    ------------------------------------------------------
2026-07-19 03:31:54,224 kilosort.clustering_qr DEBUG    GPU usage:    `conda install pynvml` for GPU usage
2026-07-19 03:31:54,224 kilosort.clustering_qr DEBUG    GPU memory:   22.31 %     |      0.89   /     4.00 GB
2026-07-19 03:31:54,224 kilosort.clustering_qr DEBUG    Allocated:     0.28 %     |      0.01   /     4.00 GB
2026-07-19 03:31:54,224 kilosort.clustering_qr DEBUG    Max alloc:     1.53 %     |      0.06   /     4.00 GB
2026-07-19 03:31:54,224 kilosort.clustering_qr DEBUG    ********************************************************
2026-07-19 03:31:54,261 kilosort.clustering_qr DEBUG    Center 89 | Xd shape: torch.Size([14047, 90]) | ntemp: 16
2026-07-19 03:31:55,868 kilosort.clustering_qr DEBUG    Center 90 | Xd shape: torch.Size([13479, 90]) | ntemp: 16
2026-07-19 03:31:57,421 kilosort.clustering_qr DEBUG    Center 91 | Xd shape: torch.Size([11814, 90]) | ntemp: 16
2026-07-19 03:31:58,806 kilosort.clustering_qr DEBUG    Center 92 | Xd shape: torch.Size([13926, 84]) | ntemp: 16
2026-07-19 03:32:00,366 kilosort.clustering_qr DEBUG    Center 93 | Xd shape: torch.Size([13194, 78]) | ntemp: 16
2026-07-19 03:32:02,005 kilosort.clustering_qr DEBUG    Center 94 | Xd shape: torch.Size([12327, 78]) | ntemp: 16
2026-07-19 03:32:03,536 kilosort.clustering_qr DEBUG    Center 95 | Xd shape: torch.Size([10255, 78]) | ntemp: 12
2026-07-19 03:32:05,994 kilosort.run_kilosort INFO     160 clusters found, in 145.80s; total 3401.77s
2026-07-19 03:32:05,994 kilosort.run_kilosort DEBUG    clu shape: (890029,)
2026-07-19 03:32:05,994 kilosort.run_kilosort DEBUG    Wall shape: torch.Size([160, 383, 3])
2026-07-19 03:32:05,994 kilosort.run_kilosort INFO      
2026-07-19 03:32:05,994 kilosort.run_kilosort INFO     Resource usage after first clustering
2026-07-19 03:32:05,994 kilosort.run_kilosort INFO     ********************************************************
2026-07-19 03:32:05,994 kilosort.run_kilosort INFO     CPU usage:     0.00 %
2026-07-19 03:32:05,994 kilosort.run_kilosort INFO     Mem used:     60.80 %     |       9.51 GB
2026-07-19 03:32:05,994 kilosort.run_kilosort INFO     Mem avail:     6.14 / 15.65 GB
2026-07-19 03:32:05,994 kilosort.run_kilosort INFO     ------------------------------------------------------
2026-07-19 03:32:05,994 kilosort.run_kilosort INFO     GPU usage:    `conda install pynvml` for GPU usage
2026-07-19 03:32:05,994 kilosort.run_kilosort INFO     GPU memory:   27.00 %     |      1.08   /     4.00 GB
2026-07-19 03:32:05,994 kilosort.run_kilosort INFO     Allocated:     0.30 %     |      0.01   /     4.00 GB
2026-07-19 03:32:05,994 kilosort.run_kilosort INFO     Max alloc:     4.85 %     |      0.19   /     4.00 GB
2026-07-19 03:32:05,994 kilosort.run_kilosort INFO     ********************************************************
2026-07-19 03:32:05,994 kilosort.run_kilosort DEBUG    
2026-07-19 03:32:05,994 kilosort.run_kilosort DEBUG    --------------------
2026-07-19 03:32:05,994 kilosort.run_kilosort DEBUG    Process thread count: N/A (linux only)
2026-07-19 03:32:05,994 kilosort.run_kilosort DEBUG    num torch threads: 8
2026-07-19 03:32:05,994 kilosort.run_kilosort DEBUG    --------------------

2026-07-19 03:32:05,994 kilosort.run_kilosort INFO      
2026-07-19 03:32:05,994 kilosort.run_kilosort INFO     Extracting spikes using cluster waveforms
2026-07-19 03:32:05,994 kilosort.run_kilosort INFO     ----------------------------------------
2026-07-19 03:32:06,073 kilosort.template_matching DEBUG     
2026-07-19 03:32:06,073 kilosort.template_matching DEBUG    Batch 0
2026-07-19 03:32:06,073 kilosort.template_matching DEBUG    ********************************************************
2026-07-19 03:32:06,073 kilosort.template_matching DEBUG    CPU usage:    30.60 %
2026-07-19 03:32:06,073 kilosort.template_matching DEBUG    Mem used:     62.50 %     |       9.77 GB
2026-07-19 03:32:06,073 kilosort.template_matching DEBUG    Mem avail:     5.87 / 15.65 GB
2026-07-19 03:32:06,073 kilosort.template_matching DEBUG    ------------------------------------------------------
2026-07-19 03:32:06,073 kilosort.template_matching DEBUG    GPU usage:    `conda install pynvml` for GPU usage
2026-07-19 03:32:06,073 kilosort.template_matching DEBUG    GPU memory:   27.05 %     |      1.08   /     4.00 GB
2026-07-19 03:32:06,089 kilosort.template_matching DEBUG    Allocated:     0.57 %     |      0.02   /     4.00 GB
2026-07-19 03:32:06,089 kilosort.template_matching DEBUG    Max alloc:     0.61 %     |      0.02   /     4.00 GB
2026-07-19 03:32:06,089 kilosort.template_matching DEBUG    ********************************************************
2026-07-19 03:33:24,015 kilosort.template_matching DEBUG     
2026-07-19 03:33:24,015 kilosort.template_matching DEBUG    Batch 100
2026-07-19 03:33:24,015 kilosort.template_matching DEBUG    ********************************************************
2026-07-19 03:33:24,015 kilosort.template_matching DEBUG    CPU usage:    21.10 %
2026-07-19 03:33:24,015 kilosort.template_matching DEBUG    Mem used:     62.90 %     |       9.85 GB
2026-07-19 03:33:24,015 kilosort.template_matching DEBUG    Mem avail:     5.80 / 15.65 GB
2026-07-19 03:33:24,015 kilosort.template_matching DEBUG    ------------------------------------------------------
2026-07-19 03:33:24,015 kilosort.template_matching DEBUG    GPU usage:    `conda install pynvml` for GPU usage
2026-07-19 03:33:24,015 kilosort.template_matching DEBUG    GPU memory:   66.17 %     |      2.65   /     4.00 GB
2026-07-19 03:33:24,015 kilosort.template_matching DEBUG    Allocated:     4.93 %     |      0.20   /     4.00 GB
2026-07-19 03:33:24,015 kilosort.template_matching DEBUG    Max alloc:    35.24 %     |      1.41   /     4.00 GB
2026-07-19 03:33:24,015 kilosort.template_matching DEBUG    ********************************************************
2026-07-19 03:33:31,881 kilosort.template_matching DEBUG     
2026-07-19 03:33:31,881 kilosort.template_matching DEBUG    Batch 109
2026-07-19 03:33:31,881 kilosort.template_matching DEBUG    ********************************************************
2026-07-19 03:33:31,881 kilosort.template_matching DEBUG    CPU usage:    16.40 %
2026-07-19 03:33:31,881 kilosort.template_matching DEBUG    Mem used:     63.00 %     |       9.86 GB
2026-07-19 03:33:31,881 kilosort.template_matching DEBUG    Mem avail:     5.79 / 15.65 GB
2026-07-19 03:33:31,881 kilosort.template_matching DEBUG    ------------------------------------------------------
2026-07-19 03:33:31,881 kilosort.template_matching DEBUG    GPU usage:    `conda install pynvml` for GPU usage
2026-07-19 03:33:31,881 kilosort.template_matching DEBUG    GPU memory:   66.17 %     |      2.65   /     4.00 GB
2026-07-19 03:33:31,881 kilosort.template_matching DEBUG    Allocated:     4.97 %     |      0.20   /     4.00 GB
2026-07-19 03:33:31,881 kilosort.template_matching DEBUG    Max alloc:    35.24 %     |      1.41   /     4.00 GB
2026-07-19 03:33:31,881 kilosort.template_matching DEBUG    ********************************************************
2026-07-19 03:33:32,169 kilosort.run_kilosort DEBUG    
2026-07-19 03:33:32,171 kilosort.run_kilosort DEBUG    --------------------
2026-07-19 03:33:32,171 kilosort.run_kilosort DEBUG    Process thread count: N/A (linux only)
2026-07-19 03:33:32,171 kilosort.run_kilosort DEBUG    num torch threads: 8
2026-07-19 03:33:32,171 kilosort.run_kilosort DEBUG    --------------------

2026-07-19 03:33:32,173 kilosort.run_kilosort INFO     784539 spikes extracted in 86.18s; total 3487.95s
2026-07-19 03:33:32,173 kilosort.run_kilosort DEBUG    st shape: (784539, 3)
2026-07-19 03:33:32,173 kilosort.run_kilosort DEBUG    tF shape: torch.Size([784539, 25, 3])
2026-07-19 03:33:32,173 kilosort.run_kilosort DEBUG    iCC shape: torch.Size([25, 383])
2026-07-19 03:33:32,173 kilosort.run_kilosort DEBUG    iU shape: torch.Size([153])
2026-07-19 03:33:32,173 kilosort.run_kilosort DEBUG    

|===========================================================================|
|                  PyTorch CUDA memory summary, device ID 0                 |
|---------------------------------------------------------------------------|
|            CUDA OOMs: 0            |        cudaMalloc retries: 0         |
|===========================================================================|
|        Metric         | Cur Usage  | Peak Usage | Tot Alloc  | Tot Freed  |
|---------------------------------------------------------------------------|
| Allocated memory      |  12605 KiB |   1443 MiB |  28379 GiB |  28379 GiB |
|---------------------------------------------------------------------------|
| Active memory         |  12605 KiB |   1443 MiB |  28379 GiB |  28379 GiB |
|---------------------------------------------------------------------------|
| Requested memory      |  12602 KiB |   1442 MiB |  28367 GiB |  28367 GiB |
|---------------------------------------------------------------------------|
| GPU reserved memory   |   1846 MiB |   1846 MiB |    950 GiB |    948 GiB |
|---------------------------------------------------------------------------|
| Non-releasable memory |  40642 KiB |    981 MiB |   8855 GiB |   8855 GiB |
|---------------------------------------------------------------------------|
| Allocations           |      13    |      45    |    1683 K  |    1683 K  |
|---------------------------------------------------------------------------|
| Active allocs         |      13    |      45    |    1683 K  |    1683 K  |
|---------------------------------------------------------------------------|
| GPU reserved segments |      16    |      16    |    2686    |    2670    |
|---------------------------------------------------------------------------|
| Non-releasable allocs |      13    |      23    |  626749    |  626736    |
|---------------------------------------------------------------------------|
| Oversize allocations  |       0    |       0    |       0    |       0    |
|---------------------------------------------------------------------------|
| Oversize GPU segments |       0    |       0    |       0    |       0    |
|===========================================================================|


2026-07-19 03:33:32,173 kilosort.run_kilosort INFO      
2026-07-19 03:33:32,173 kilosort.run_kilosort INFO     Resource usage after spike detect (learned)
2026-07-19 03:33:32,173 kilosort.run_kilosort INFO     ********************************************************
2026-07-19 03:33:32,173 kilosort.run_kilosort INFO     CPU usage:     0.00 %
2026-07-19 03:33:32,173 kilosort.run_kilosort INFO     Mem used:     62.70 %     |       9.82 GB
2026-07-19 03:33:32,173 kilosort.run_kilosort INFO     Mem avail:     5.83 / 15.65 GB
2026-07-19 03:33:32,173 kilosort.run_kilosort INFO     ------------------------------------------------------
2026-07-19 03:33:32,173 kilosort.run_kilosort INFO     GPU usage:    `conda install pynvml` for GPU usage
2026-07-19 03:33:32,179 kilosort.run_kilosort INFO     GPU memory:   66.17 %     |      2.65   /     4.00 GB
2026-07-19 03:33:32,179 kilosort.run_kilosort INFO     Allocated:     0.30 %     |      0.01   /     4.00 GB
2026-07-19 03:33:32,179 kilosort.run_kilosort INFO     Max alloc:    35.24 %     |      1.41   /     4.00 GB
2026-07-19 03:33:32,179 kilosort.run_kilosort INFO     ********************************************************
2026-07-19 03:33:32,179 kilosort.run_kilosort DEBUG    
2026-07-19 03:33:32,179 kilosort.run_kilosort DEBUG    --------------------
2026-07-19 03:33:32,179 kilosort.run_kilosort DEBUG    Process thread count: N/A (linux only)
2026-07-19 03:33:32,179 kilosort.run_kilosort DEBUG    num torch threads: 8
2026-07-19 03:33:32,179 kilosort.run_kilosort DEBUG    --------------------

2026-07-19 03:33:32,179 kilosort.run_kilosort INFO     Generating diagnostic plots ...
2026-07-19 03:33:35,554 kilosort.run_kilosort INFO      
2026-07-19 03:33:35,554 kilosort.run_kilosort INFO     Final clustering
2026-07-19 03:33:35,554 kilosort.run_kilosort INFO     ----------------------------------------
2026-07-19 03:33:35,618 kilosort.clustering_qr DEBUG    Center 2 | Xd shape: torch.Size([13337, 75]) | ntemp: 3
2026-07-19 03:33:37,435 kilosort.clustering_qr DEBUG    Center 3 | Xd shape: torch.Size([7092, 75]) | ntemp: 1
2026-07-19 03:33:38,820 kilosort.clustering_qr DEBUG    Center 4 | Xd shape: torch.Size([639, 75]) | ntemp: 1
2026-07-19 03:33:38,861 kilosort.clustering_qr DEBUG    Center 5 | Xd shape: torch.Size([12480, 81]) | ntemp: 4
2026-07-19 03:33:46,550 kilosort.clustering_qr DEBUG    Center 6 | Xd shape: torch.Size([4123, 75]) | ntemp: 1
2026-07-19 03:33:48,218 kilosort.clustering_qr DEBUG    Center 7 | Xd shape: torch.Size([9050, 75]) | ntemp: 1
2026-07-19 03:33:49,681 kilosort.clustering_qr DEBUG    Center 8 | Xd shape: torch.Size([10761, 75]) | ntemp: 2
2026-07-19 03:33:51,033 kilosort.clustering_qr DEBUG    Center 9 | Xd shape: torch.Size([28008, 75]) | ntemp: 1
2026-07-19 03:33:52,892 kilosort.clustering_qr DEBUG    Center 10 | Xd shape: torch.Size([6638, 75]) | ntemp: 1
2026-07-19 03:33:54,300 kilosort.clustering_qr DEBUG     
2026-07-19 03:33:54,300 kilosort.clustering_qr DEBUG    Cluster center: 11 (10/87)
2026-07-19 03:33:54,300 kilosort.clustering_qr DEBUG    ********************************************************
2026-07-19 03:33:54,300 kilosort.clustering_qr DEBUG    CPU usage:    17.30 %
2026-07-19 03:33:54,300 kilosort.clustering_qr DEBUG    Mem used:     60.90 %     |       9.53 GB
2026-07-19 03:33:54,300 kilosort.clustering_qr DEBUG    Mem avail:     6.12 / 15.65 GB
2026-07-19 03:33:54,300 kilosort.clustering_qr DEBUG    ------------------------------------------------------
2026-07-19 03:33:54,300 kilosort.clustering_qr DEBUG    GPU usage:    `conda install pynvml` for GPU usage
2026-07-19 03:33:54,300 kilosort.clustering_qr DEBUG    GPU memory:   22.36 %     |      0.89   /     4.00 GB
2026-07-19 03:33:54,300 kilosort.clustering_qr DEBUG    Allocated:     0.29 %     |      0.01   /     4.00 GB
2026-07-19 03:33:54,300 kilosort.clustering_qr DEBUG    Max alloc:     2.22 %     |      0.09   /     4.00 GB
2026-07-19 03:33:54,300 kilosort.clustering_qr DEBUG    ********************************************************
2026-07-19 03:33:54,320 kilosort.clustering_qr DEBUG    Center 11 | Xd shape: torch.Size([6476, 75]) | ntemp: 1
2026-07-19 03:33:55,746 kilosort.clustering_qr DEBUG    Center 12 | Xd shape: torch.Size([13881, 81]) | ntemp: 2
2026-07-19 03:33:57,406 kilosort.clustering_qr DEBUG    Center 13 | Xd shape: torch.Size([2558, 75]) | ntemp: 1
2026-07-19 03:33:58,679 kilosort.clustering_qr DEBUG    Center 14 | Xd shape: torch.Size([6422, 75]) | ntemp: 1
2026-07-19 03:34:00,162 kilosort.clustering_qr DEBUG    Center 15 | Xd shape: torch.Size([6605, 75]) | ntemp: 2
2026-07-19 03:34:01,573 kilosort.clustering_qr DEBUG    Center 16 | Xd shape: torch.Size([11490, 84]) | ntemp: 4
2026-07-19 03:34:03,303 kilosort.clustering_qr DEBUG    Center 17 | Xd shape: torch.Size([8614, 78]) | ntemp: 3
2026-07-19 03:34:04,793 kilosort.clustering_qr DEBUG    Center 18 | Xd shape: torch.Size([10545, 78]) | ntemp: 3
2026-07-19 03:34:06,260 kilosort.clustering_qr DEBUG    Center 19 | Xd shape: torch.Size([8419, 78]) | ntemp: 3
2026-07-19 03:34:07,762 kilosort.clustering_qr DEBUG    Center 20 | Xd shape: torch.Size([10974, 78]) | ntemp: 2
2026-07-19 03:34:09,310 kilosort.clustering_qr DEBUG     
2026-07-19 03:34:09,310 kilosort.clustering_qr DEBUG    Cluster center: 21 (20/87)
2026-07-19 03:34:09,310 kilosort.clustering_qr DEBUG    ********************************************************
2026-07-19 03:34:09,310 kilosort.clustering_qr DEBUG    CPU usage:    20.70 %
2026-07-19 03:34:09,310 kilosort.clustering_qr DEBUG    Mem used:     60.70 %     |       9.49 GB
2026-07-19 03:34:09,310 kilosort.clustering_qr DEBUG    Mem avail:     6.16 / 15.65 GB
2026-07-19 03:34:09,310 kilosort.clustering_qr DEBUG    ------------------------------------------------------
2026-07-19 03:34:09,310 kilosort.clustering_qr DEBUG    GPU usage:    `conda install pynvml` for GPU usage
2026-07-19 03:34:09,310 kilosort.clustering_qr DEBUG    GPU memory:   22.36 %     |      0.89   /     4.00 GB
2026-07-19 03:34:09,310 kilosort.clustering_qr DEBUG    Allocated:     0.29 %     |      0.01   /     4.00 GB
2026-07-19 03:34:09,310 kilosort.clustering_qr DEBUG    Max alloc:     2.22 %     |      0.09   /     4.00 GB
2026-07-19 03:34:09,310 kilosort.clustering_qr DEBUG    ********************************************************
2026-07-19 03:34:09,351 kilosort.clustering_qr DEBUG    Center 21 | Xd shape: torch.Size([9726, 81]) | ntemp: 3
2026-07-19 03:34:10,851 kilosort.clustering_qr DEBUG    Center 22 | Xd shape: torch.Size([11377, 81]) | ntemp: 3
2026-07-19 03:34:12,431 kilosort.clustering_qr DEBUG    Center 23 | Xd shape: torch.Size([16053, 81]) | ntemp: 3
2026-07-19 03:34:14,070 kilosort.clustering_qr DEBUG    Center 24 | Xd shape: torch.Size([3332, 78]) | ntemp: 2
2026-07-19 03:34:15,552 kilosort.clustering_qr DEBUG    Center 25 | Xd shape: torch.Size([5204, 75]) | ntemp: 1
2026-07-19 03:34:16,992 kilosort.clustering_qr DEBUG    Center 26 | Xd shape: torch.Size([5086, 78]) | ntemp: 2
2026-07-19 03:34:18,420 kilosort.clustering_qr DEBUG    Center 27 | Xd shape: torch.Size([9595, 75]) | ntemp: 1
2026-07-19 03:34:19,904 kilosort.clustering_qr DEBUG    Center 28 | Xd shape: torch.Size([5994, 75]) | ntemp: 2
2026-07-19 03:34:21,403 kilosort.clustering_qr DEBUG    Center 29 | Xd shape: torch.Size([8338, 75]) | ntemp: 1
2026-07-19 03:34:22,870 kilosort.clustering_qr DEBUG    Center 30 | Xd shape: torch.Size([5973, 81]) | ntemp: 2
2026-07-19 03:34:24,244 kilosort.clustering_qr DEBUG     
2026-07-19 03:34:24,244 kilosort.clustering_qr DEBUG    Cluster center: 31 (30/87)
2026-07-19 03:34:24,244 kilosort.clustering_qr DEBUG    ********************************************************
2026-07-19 03:34:24,244 kilosort.clustering_qr DEBUG    CPU usage:    19.10 %
2026-07-19 03:34:24,244 kilosort.clustering_qr DEBUG    Mem used:     60.60 %     |       9.49 GB
2026-07-19 03:34:24,244 kilosort.clustering_qr DEBUG    Mem avail:     6.16 / 15.65 GB
2026-07-19 03:34:24,244 kilosort.clustering_qr DEBUG    ------------------------------------------------------
2026-07-19 03:34:24,244 kilosort.clustering_qr DEBUG    GPU usage:    `conda install pynvml` for GPU usage
2026-07-19 03:34:24,244 kilosort.clustering_qr DEBUG    GPU memory:   22.36 %     |      0.89   /     4.00 GB
2026-07-19 03:34:24,244 kilosort.clustering_qr DEBUG    Allocated:     0.29 %     |      0.01   /     4.00 GB
2026-07-19 03:34:24,244 kilosort.clustering_qr DEBUG    Max alloc:     2.22 %     |      0.09   /     4.00 GB
2026-07-19 03:34:24,244 kilosort.clustering_qr DEBUG    ********************************************************
2026-07-19 03:34:24,264 kilosort.clustering_qr DEBUG    Center 31 | Xd shape: torch.Size([3932, 75]) | ntemp: 1
2026-07-19 03:34:25,724 kilosort.clustering_qr DEBUG    Center 32 | Xd shape: torch.Size([5193, 75]) | ntemp: 1
2026-07-19 03:34:27,159 kilosort.clustering_qr DEBUG    Center 33 | Xd shape: torch.Size([12158, 81]) | ntemp: 3
2026-07-19 03:34:28,819 kilosort.clustering_qr DEBUG    Center 34 | Xd shape: torch.Size([10049, 75]) | ntemp: 1
2026-07-19 03:34:30,337 kilosort.clustering_qr DEBUG    Center 35 | Xd shape: torch.Size([10621, 75]) | ntemp: 1
2026-07-19 03:34:31,710 kilosort.clustering_qr DEBUG    Center 36 | Xd shape: torch.Size([7783, 75]) | ntemp: 2
2026-07-19 03:34:33,059 kilosort.clustering_qr DEBUG    Center 37 | Xd shape: torch.Size([8076, 84]) | ntemp: 2
2026-07-19 03:34:34,571 kilosort.clustering_qr DEBUG    Center 38 | Xd shape: torch.Size([16281, 78]) | ntemp: 2
2026-07-19 03:34:36,452 kilosort.clustering_qr DEBUG    Center 39 | Xd shape: torch.Size([11001, 84]) | ntemp: 3
2026-07-19 03:34:37,904 kilosort.clustering_qr DEBUG    Center 40 | Xd shape: torch.Size([9743, 78]) | ntemp: 3
2026-07-19 03:34:39,314 kilosort.clustering_qr DEBUG     
2026-07-19 03:34:39,314 kilosort.clustering_qr DEBUG    Cluster center: 41 (40/87)
2026-07-19 03:34:39,314 kilosort.clustering_qr DEBUG    ********************************************************
2026-07-19 03:34:39,314 kilosort.clustering_qr DEBUG    CPU usage:    23.60 %
2026-07-19 03:34:39,314 kilosort.clustering_qr DEBUG    Mem used:     60.80 %     |       9.51 GB
2026-07-19 03:34:39,314 kilosort.clustering_qr DEBUG    Mem avail:     6.14 / 15.65 GB
2026-07-19 03:34:39,314 kilosort.clustering_qr DEBUG    ------------------------------------------------------
2026-07-19 03:34:39,314 kilosort.clustering_qr DEBUG    GPU usage:    `conda install pynvml` for GPU usage
2026-07-19 03:34:39,314 kilosort.clustering_qr DEBUG    GPU memory:   22.36 %     |      0.89   /     4.00 GB
2026-07-19 03:34:39,325 kilosort.clustering_qr DEBUG    Allocated:     0.29 %     |      0.01   /     4.00 GB
2026-07-19 03:34:39,325 kilosort.clustering_qr DEBUG    Max alloc:     2.22 %     |      0.09   /     4.00 GB
2026-07-19 03:34:39,325 kilosort.clustering_qr DEBUG    ********************************************************
2026-07-19 03:34:39,345 kilosort.clustering_qr DEBUG    Center 41 | Xd shape: torch.Size([16101, 81]) | ntemp: 3
2026-07-19 03:34:41,060 kilosort.clustering_qr DEBUG    Center 42 | Xd shape: torch.Size([14064, 84]) | ntemp: 4
2026-07-19 03:34:42,745 kilosort.clustering_qr DEBUG    Center 43 | Xd shape: torch.Size([14909, 81]) | ntemp: 4
2026-07-19 03:34:44,289 kilosort.clustering_qr DEBUG    Center 44 | Xd shape: torch.Size([8014, 75]) | ntemp: 2
2026-07-19 03:34:45,791 kilosort.clustering_qr DEBUG    Center 45 | Xd shape: torch.Size([9261, 81]) | ntemp: 4
2026-07-19 03:34:47,277 kilosort.clustering_qr DEBUG    Center 46 | Xd shape: torch.Size([16509, 81]) | ntemp: 4
2026-07-19 03:34:48,881 kilosort.clustering_qr DEBUG    Center 47 | Xd shape: torch.Size([11992, 75]) | ntemp: 3
2026-07-19 03:34:50,426 kilosort.clustering_qr DEBUG    Center 48 | Xd shape: torch.Size([14317, 81]) | ntemp: 3
2026-07-19 03:34:52,028 kilosort.clustering_qr DEBUG    Center 49 | Xd shape: torch.Size([11068, 81]) | ntemp: 3
2026-07-19 03:34:53,603 kilosort.clustering_qr DEBUG    Center 50 | Xd shape: torch.Size([9278, 75]) | ntemp: 1
2026-07-19 03:34:55,087 kilosort.clustering_qr DEBUG     
2026-07-19 03:34:55,087 kilosort.clustering_qr DEBUG    Cluster center: 51 (50/87)
2026-07-19 03:34:55,087 kilosort.clustering_qr DEBUG    ********************************************************
2026-07-19 03:34:55,087 kilosort.clustering_qr DEBUG    CPU usage:    20.30 %
2026-07-19 03:34:55,087 kilosort.clustering_qr DEBUG    Mem used:     60.70 %     |       9.50 GB
2026-07-19 03:34:55,087 kilosort.clustering_qr DEBUG    Mem avail:     6.15 / 15.65 GB
2026-07-19 03:34:55,087 kilosort.clustering_qr DEBUG    ------------------------------------------------------
2026-07-19 03:34:55,087 kilosort.clustering_qr DEBUG    GPU usage:    `conda install pynvml` for GPU usage
2026-07-19 03:34:55,087 kilosort.clustering_qr DEBUG    GPU memory:   22.36 %     |      0.89   /     4.00 GB
2026-07-19 03:34:55,087 kilosort.clustering_qr DEBUG    Allocated:     0.29 %     |      0.01   /     4.00 GB
2026-07-19 03:34:55,087 kilosort.clustering_qr DEBUG    Max alloc:     2.22 %     |      0.09   /     4.00 GB
2026-07-19 03:34:55,087 kilosort.clustering_qr DEBUG    ********************************************************
2026-07-19 03:34:55,129 kilosort.clustering_qr DEBUG    Center 51 | Xd shape: torch.Size([13500, 81]) | ntemp: 3
2026-07-19 03:34:56,703 kilosort.clustering_qr DEBUG    Center 52 | Xd shape: torch.Size([7652, 75]) | ntemp: 1
2026-07-19 03:34:58,178 kilosort.clustering_qr DEBUG    Center 53 | Xd shape: torch.Size([14499, 75]) | ntemp: 1
2026-07-19 03:34:59,742 kilosort.clustering_qr DEBUG    Center 54 | Xd shape: torch.Size([7016, 75]) | ntemp: 1
2026-07-19 03:35:01,243 kilosort.clustering_qr DEBUG    Center 55 | Xd shape: torch.Size([4126, 75]) | ntemp: 1
2026-07-19 03:35:02,603 kilosort.clustering_qr DEBUG    Center 56 | Xd shape: torch.Size([2322, 75]) | ntemp: 1
2026-07-19 03:35:04,018 kilosort.clustering_qr DEBUG    Center 57 | Xd shape: torch.Size([2263, 75]) | ntemp: 1
2026-07-19 03:35:05,424 kilosort.clustering_qr DEBUG    Center 58 | Xd shape: torch.Size([3837, 75]) | ntemp: 1
2026-07-19 03:35:06,883 kilosort.clustering_qr DEBUG    Center 60 | Xd shape: torch.Size([11398, 81]) | ntemp: 2
2026-07-19 03:35:08,606 kilosort.clustering_qr DEBUG    Center 61 | Xd shape: torch.Size([5161, 75]) | ntemp: 1
2026-07-19 03:35:09,932 kilosort.clustering_qr DEBUG     
2026-07-19 03:35:09,932 kilosort.clustering_qr DEBUG    Cluster center: 63 (60/87)
2026-07-19 03:35:09,932 kilosort.clustering_qr DEBUG    ********************************************************
2026-07-19 03:35:09,932 kilosort.clustering_qr DEBUG    CPU usage:    19.10 %
2026-07-19 03:35:09,932 kilosort.clustering_qr DEBUG    Mem used:     60.50 %     |       9.47 GB
2026-07-19 03:35:09,932 kilosort.clustering_qr DEBUG    Mem avail:     6.18 / 15.65 GB
2026-07-19 03:35:09,932 kilosort.clustering_qr DEBUG    ------------------------------------------------------
2026-07-19 03:35:09,932 kilosort.clustering_qr DEBUG    GPU usage:    `conda install pynvml` for GPU usage
2026-07-19 03:35:09,932 kilosort.clustering_qr DEBUG    GPU memory:   22.36 %     |      0.89   /     4.00 GB
2026-07-19 03:35:09,942 kilosort.clustering_qr DEBUG    Allocated:     0.29 %     |      0.01   /     4.00 GB
2026-07-19 03:35:09,942 kilosort.clustering_qr DEBUG    Max alloc:     2.22 %     |      0.09   /     4.00 GB
2026-07-19 03:35:09,942 kilosort.clustering_qr DEBUG    ********************************************************
2026-07-19 03:35:09,973 kilosort.clustering_qr DEBUG    Center 63 | Xd shape: torch.Size([25949, 75]) | ntemp: 2
2026-07-19 03:35:11,905 kilosort.clustering_qr DEBUG    Center 65 | Xd shape: torch.Size([5950, 75]) | ntemp: 1
2026-07-19 03:35:13,347 kilosort.clustering_qr DEBUG    Center 66 | Xd shape: torch.Size([16019, 75]) | ntemp: 1
2026-07-19 03:35:14,963 kilosort.clustering_qr DEBUG    Center 68 | Xd shape: torch.Size([13079, 75]) | ntemp: 2
2026-07-19 03:35:16,488 kilosort.clustering_qr DEBUG    Center 69 | Xd shape: torch.Size([10997, 75]) | ntemp: 1
2026-07-19 03:35:17,991 kilosort.clustering_qr DEBUG    Center 71 | Xd shape: torch.Size([5003, 75]) | ntemp: 1
2026-07-19 03:35:19,400 kilosort.clustering_qr DEBUG    Center 72 | Xd shape: torch.Size([11267, 78]) | ntemp: 2
2026-07-19 03:35:20,849 kilosort.clustering_qr DEBUG    Center 73 | Xd shape: torch.Size([6729, 75]) | ntemp: 1
2026-07-19 03:35:22,324 kilosort.clustering_qr DEBUG    Center 74 | Xd shape: torch.Size([6299, 75]) | ntemp: 1
2026-07-19 03:35:23,754 kilosort.clustering_qr DEBUG    Center 75 | Xd shape: torch.Size([7252, 75]) | ntemp: 1
2026-07-19 03:35:25,164 kilosort.clustering_qr DEBUG     
2026-07-19 03:35:25,164 kilosort.clustering_qr DEBUG    Cluster center: 76 (70/87)
2026-07-19 03:35:25,164 kilosort.clustering_qr DEBUG    ********************************************************
2026-07-19 03:35:25,164 kilosort.clustering_qr DEBUG    CPU usage:    19.50 %
2026-07-19 03:35:25,164 kilosort.clustering_qr DEBUG    Mem used:     60.60 %     |       9.49 GB
2026-07-19 03:35:25,164 kilosort.clustering_qr DEBUG    Mem avail:     6.16 / 15.65 GB
2026-07-19 03:35:25,164 kilosort.clustering_qr DEBUG    ------------------------------------------------------
2026-07-19 03:35:25,164 kilosort.clustering_qr DEBUG    GPU usage:    `conda install pynvml` for GPU usage
2026-07-19 03:35:25,164 kilosort.clustering_qr DEBUG    GPU memory:   22.36 %     |      0.89   /     4.00 GB
2026-07-19 03:35:25,164 kilosort.clustering_qr DEBUG    Allocated:     0.29 %     |      0.01   /     4.00 GB
2026-07-19 03:35:25,164 kilosort.clustering_qr DEBUG    Max alloc:     2.22 %     |      0.09   /     4.00 GB
2026-07-19 03:35:25,164 kilosort.clustering_qr DEBUG    ********************************************************
2026-07-19 03:35:25,194 kilosort.clustering_qr DEBUG    Center 76 | Xd shape: torch.Size([7671, 75]) | ntemp: 1
2026-07-19 03:35:26,608 kilosort.clustering_qr DEBUG    Center 77 | Xd shape: torch.Size([7000, 75]) | ntemp: 1
2026-07-19 03:35:28,031 kilosort.clustering_qr DEBUG    Center 78 | Xd shape: torch.Size([6850, 75]) | ntemp: 1
2026-07-19 03:35:29,561 kilosort.clustering_qr DEBUG    Center 79 | Xd shape: torch.Size([4964, 75]) | ntemp: 1
2026-07-19 03:35:30,990 kilosort.clustering_qr DEBUG    Center 80 | Xd shape: torch.Size([10166, 81]) | ntemp: 2
2026-07-19 03:35:32,456 kilosort.clustering_qr DEBUG    Center 83 | Xd shape: torch.Size([16321, 75]) | ntemp: 2
2026-07-19 03:35:34,117 kilosort.clustering_qr DEBUG    Center 84 | Xd shape: torch.Size([6403, 75]) | ntemp: 1
2026-07-19 03:35:35,582 kilosort.clustering_qr DEBUG    Center 85 | Xd shape: torch.Size([5413, 75]) | ntemp: 1
2026-07-19 03:35:36,850 kilosort.clustering_qr DEBUG    Center 86 | Xd shape: torch.Size([6431, 75]) | ntemp: 1
2026-07-19 03:35:38,240 kilosort.clustering_qr DEBUG    Center 87 | Xd shape: torch.Size([3151, 75]) | ntemp: 1
2026-07-19 03:35:39,646 kilosort.clustering_qr DEBUG     
2026-07-19 03:35:39,646 kilosort.clustering_qr DEBUG    Cluster center: 88 (80/87)
2026-07-19 03:35:39,646 kilosort.clustering_qr DEBUG    ********************************************************
2026-07-19 03:35:39,646 kilosort.clustering_qr DEBUG    CPU usage:    18.80 %
2026-07-19 03:35:39,646 kilosort.clustering_qr DEBUG    Mem used:     60.60 %     |       9.49 GB
2026-07-19 03:35:39,646 kilosort.clustering_qr DEBUG    Mem avail:     6.16 / 15.65 GB
2026-07-19 03:35:39,646 kilosort.clustering_qr DEBUG    ------------------------------------------------------
2026-07-19 03:35:39,646 kilosort.clustering_qr DEBUG    GPU usage:    `conda install pynvml` for GPU usage
2026-07-19 03:35:39,646 kilosort.clustering_qr DEBUG    GPU memory:   22.36 %     |      0.89   /     4.00 GB
2026-07-19 03:35:39,646 kilosort.clustering_qr DEBUG    Allocated:     0.29 %     |      0.01   /     4.00 GB
2026-07-19 03:35:39,646 kilosort.clustering_qr DEBUG    Max alloc:     2.22 %     |      0.09   /     4.00 GB
2026-07-19 03:35:39,646 kilosort.clustering_qr DEBUG    ********************************************************
2026-07-19 03:35:39,677 kilosort.clustering_qr DEBUG    Center 88 | Xd shape: torch.Size([6286, 75]) | ntemp: 1
2026-07-19 03:35:40,869 kilosort.clustering_qr DEBUG    Center 89 | Xd shape: torch.Size([10173, 75]) | ntemp: 1
2026-07-19 03:35:42,251 kilosort.clustering_qr DEBUG    Center 90 | Xd shape: torch.Size([5407, 75]) | ntemp: 1
2026-07-19 03:35:43,832 kilosort.clustering_qr DEBUG    Center 91 | Xd shape: torch.Size([6290, 75]) | ntemp: 1
2026-07-19 03:35:45,238 kilosort.clustering_qr DEBUG    Center 92 | Xd shape: torch.Size([5586, 75]) | ntemp: 1
2026-07-19 03:35:46,667 kilosort.clustering_qr DEBUG    Center 93 | Xd shape: torch.Size([6127, 75]) | ntemp: 1
2026-07-19 03:35:48,061 kilosort.clustering_qr DEBUG    Center 94 | Xd shape: torch.Size([5689, 75]) | ntemp: 1
2026-07-19 03:35:49,443 kilosort.clustering_qr DEBUG    Center 95 | Xd shape: torch.Size([5153, 75]) | ntemp: 1
2026-07-19 03:35:50,795 kilosort.run_kilosort INFO     141 clusters found, in 135.23s; total 3626.56s
2026-07-19 03:35:50,795 kilosort.run_kilosort DEBUG    clu shape: (784539,)
2026-07-19 03:35:50,795 kilosort.run_kilosort DEBUG    Wall shape: torch.Size([141, 383, 3])
2026-07-19 03:35:50,795 kilosort.run_kilosort DEBUG    
2026-07-19 03:35:50,795 kilosort.run_kilosort DEBUG    --------------------
2026-07-19 03:35:50,795 kilosort.run_kilosort DEBUG    Process thread count: N/A (linux only)
2026-07-19 03:35:50,795 kilosort.run_kilosort DEBUG    num torch threads: 8
2026-07-19 03:35:50,795 kilosort.run_kilosort DEBUG    --------------------

2026-07-19 03:35:50,795 kilosort.run_kilosort INFO      
2026-07-19 03:35:50,795 kilosort.run_kilosort INFO     Merging clusters
2026-07-19 03:35:50,795 kilosort.run_kilosort INFO     ----------------------------------------
2026-07-19 03:35:52,121 kilosort.run_kilosort INFO     139 units found, in 1.33s; total 3627.90s
2026-07-19 03:35:52,121 kilosort.run_kilosort DEBUG    clu shape: (784539,)
2026-07-19 03:35:52,121 kilosort.run_kilosort DEBUG    Wall shape: torch.Size([139, 383, 3])
2026-07-19 03:35:52,121 kilosort.run_kilosort DEBUG    

|===========================================================================|
|                  PyTorch CUDA memory summary, device ID 0                 |
|---------------------------------------------------------------------------|
|            CUDA OOMs: 0            |        cudaMalloc retries: 0         |
|===========================================================================|
|        Metric         | Cur Usage  | Peak Usage | Tot Alloc  | Tot Freed  |
|---------------------------------------------------------------------------|
| Allocated memory      |  11918 KiB |  93207 KiB |  29283 GiB |  29283 GiB |
|---------------------------------------------------------------------------|
| Active memory         |  11918 KiB |  93207 KiB |  29283 GiB |  29283 GiB |
|---------------------------------------------------------------------------|
| Requested memory      |  11915 KiB |  91804 KiB |  29268 GiB |  29268 GiB |
|---------------------------------------------------------------------------|
| GPU reserved memory   |  55296 KiB |   1846 MiB |    950 GiB |    950 GiB |
|---------------------------------------------------------------------------|
| Non-releasable memory |  41329 KiB |  56465 KiB |   9747 GiB |   9747 GiB |
|---------------------------------------------------------------------------|
| Allocations           |      12    |      44    |    2775 K  |    2775 K  |
|---------------------------------------------------------------------------|
| Active allocs         |      12    |      44    |    2775 K  |    2775 K  |
|---------------------------------------------------------------------------|
| GPU reserved segments |       5    |      16    |    2809    |    2804    |
|---------------------------------------------------------------------------|
| Non-releasable allocs |      13    |      21    |    1057 K  |    1057 K  |
|---------------------------------------------------------------------------|
| Oversize allocations  |       0    |       0    |       0    |       0    |
|---------------------------------------------------------------------------|
| Oversize GPU segments |       0    |       0    |       0    |       0    |
|===========================================================================|


2026-07-19 03:35:52,121 kilosort.run_kilosort INFO      
2026-07-19 03:35:52,121 kilosort.run_kilosort INFO     Resource usage after clustering
2026-07-19 03:35:52,121 kilosort.run_kilosort INFO     ********************************************************
2026-07-19 03:35:52,121 kilosort.run_kilosort INFO     CPU usage:     0.00 %
2026-07-19 03:35:52,121 kilosort.run_kilosort INFO     Mem used:     62.00 %     |       9.71 GB
2026-07-19 03:35:52,121 kilosort.run_kilosort INFO     Mem avail:     5.94 / 15.65 GB
2026-07-19 03:35:52,121 kilosort.run_kilosort INFO     ------------------------------------------------------
2026-07-19 03:35:52,121 kilosort.run_kilosort INFO     GPU usage:    `conda install pynvml` for GPU usage
2026-07-19 03:35:52,121 kilosort.run_kilosort INFO     GPU memory:   22.41 %     |      0.90   /     4.00 GB
2026-07-19 03:35:52,121 kilosort.run_kilosort INFO     Allocated:     0.28 %     |      0.01   /     4.00 GB
2026-07-19 03:35:52,121 kilosort.run_kilosort INFO     Max alloc:     2.22 %     |      0.09   /     4.00 GB
2026-07-19 03:35:52,137 kilosort.run_kilosort INFO     ********************************************************
2026-07-19 03:35:52,168 kilosort.run_kilosort DEBUG    
2026-07-19 03:35:52,168 kilosort.run_kilosort DEBUG    --------------------
2026-07-19 03:35:52,168 kilosort.run_kilosort DEBUG    Process thread count: N/A (linux only)
2026-07-19 03:35:52,168 kilosort.run_kilosort DEBUG    num torch threads: 8
2026-07-19 03:35:52,168 kilosort.run_kilosort DEBUG    --------------------

2026-07-19 03:35:52,168 kilosort.run_kilosort INFO      
2026-07-19 03:35:52,168 kilosort.run_kilosort INFO     Saving to phy and computing refractory periods
2026-07-19 03:35:52,168 kilosort.run_kilosort INFO     ----------------------------------------
2026-07-19 03:35:52,327 kilosort.io  DEBUG     
2026-07-19 03:35:52,336 kilosort.io  DEBUG    save_to_phy, whitening
2026-07-19 03:35:52,336 kilosort.io  DEBUG    ********************************************************
2026-07-19 03:35:52,336 kilosort.io  DEBUG    CPU usage:    23.00 %
2026-07-19 03:35:52,336 kilosort.io  DEBUG    Mem used:     60.50 %     |       9.47 GB
2026-07-19 03:35:52,336 kilosort.io  DEBUG    Mem avail:     6.17 / 15.65 GB
2026-07-19 03:35:52,336 kilosort.io  DEBUG    ------------------------------------------------------
2026-07-19 03:35:52,336 kilosort.io  DEBUG    GPU usage:    `conda install pynvml` for GPU usage
2026-07-19 03:35:52,336 kilosort.io  DEBUG    GPU memory:   22.41 %     |      0.90   /     4.00 GB
2026-07-19 03:35:52,336 kilosort.io  DEBUG    Allocated:     0.30 %     |      0.01   /     4.00 GB
2026-07-19 03:35:52,346 kilosort.io  DEBUG    Max alloc:     0.34 %     |      0.01   /     4.00 GB
2026-07-19 03:35:52,346 kilosort.io  DEBUG    ********************************************************
2026-07-19 03:35:53,223 kilosort.io  DEBUG     
2026-07-19 03:35:53,223 kilosort.io  DEBUG    save_to_phy, spike positions
2026-07-19 03:35:53,223 kilosort.io  DEBUG    ********************************************************
2026-07-19 03:35:53,223 kilosort.io  DEBUG    CPU usage:    32.20 %
2026-07-19 03:35:53,223 kilosort.io  DEBUG    Mem used:     63.10 %     |       9.87 GB
2026-07-19 03:35:53,223 kilosort.io  DEBUG    Mem avail:     5.78 / 15.65 GB
2026-07-19 03:35:53,223 kilosort.io  DEBUG    ------------------------------------------------------
2026-07-19 03:35:53,223 kilosort.io  DEBUG    GPU usage:    `conda install pynvml` for GPU usage
2026-07-19 03:35:53,223 kilosort.io  DEBUG    GPU memory:   22.41 %     |      0.90   /     4.00 GB
2026-07-19 03:35:53,223 kilosort.io  DEBUG    Allocated:     0.30 %     |      0.01   /     4.00 GB
2026-07-19 03:35:53,223 kilosort.io  DEBUG    Max alloc:     0.30 %     |      0.01   /     4.00 GB
2026-07-19 03:35:53,223 kilosort.io  DEBUG    ********************************************************
2026-07-19 03:35:54,010 kilosort.io  DEBUG     
2026-07-19 03:35:54,010 kilosort.io  DEBUG    save_to_phy, remove duplicates
2026-07-19 03:35:54,010 kilosort.io  DEBUG    ********************************************************
2026-07-19 03:35:54,010 kilosort.io  DEBUG    CPU usage:    16.60 %
2026-07-19 03:35:54,010 kilosort.io  DEBUG    Mem used:     63.00 %     |       9.87 GB
2026-07-19 03:35:54,010 kilosort.io  DEBUG    Mem avail:     5.78 / 15.65 GB
2026-07-19 03:35:54,010 kilosort.io  DEBUG    ------------------------------------------------------
2026-07-19 03:35:54,010 kilosort.io  DEBUG    GPU usage:    `conda install pynvml` for GPU usage
2026-07-19 03:35:54,010 kilosort.io  DEBUG    GPU memory:   22.41 %     |      0.90   /     4.00 GB
2026-07-19 03:35:54,026 kilosort.io  DEBUG    Allocated:     0.30 %     |      0.01   /     4.00 GB
2026-07-19 03:35:54,026 kilosort.io  DEBUG    Max alloc:     0.30 %     |      0.01   /     4.00 GB
2026-07-19 03:35:54,026 kilosort.io  DEBUG    ********************************************************
2026-07-19 03:35:54,830 kilosort.io  DEBUG     
2026-07-19 03:35:54,830 kilosort.io  DEBUG    save_to_phy, template props
2026-07-19 03:35:54,830 kilosort.io  DEBUG    ********************************************************
2026-07-19 03:35:54,830 kilosort.io  DEBUG    CPU usage:    25.90 %
2026-07-19 03:35:54,830 kilosort.io  DEBUG    Mem used:     61.10 %     |       9.55 GB
2026-07-19 03:35:54,830 kilosort.io  DEBUG    Mem avail:     6.09 / 15.65 GB
2026-07-19 03:35:54,830 kilosort.io  DEBUG    ------------------------------------------------------
2026-07-19 03:35:54,830 kilosort.io  DEBUG    GPU usage:    `conda install pynvml` for GPU usage
2026-07-19 03:35:54,830 kilosort.io  DEBUG    GPU memory:   22.41 %     |      0.90   /     4.00 GB
2026-07-19 03:35:54,830 kilosort.io  DEBUG    Allocated:     0.30 %     |      0.01   /     4.00 GB
2026-07-19 03:35:54,830 kilosort.io  DEBUG    Max alloc:     0.30 %     |      0.01   /     4.00 GB
2026-07-19 03:35:54,830 kilosort.io  DEBUG    ********************************************************
2026-07-19 03:36:08,604 kilosort.io  DEBUG     
2026-07-19 03:36:08,604 kilosort.io  DEBUG    save_to_phy, pc features
2026-07-19 03:36:08,604 kilosort.io  DEBUG    ********************************************************
2026-07-19 03:36:08,604 kilosort.io  DEBUG    CPU usage:    17.60 %
2026-07-19 03:36:08,604 kilosort.io  DEBUG    Mem used:     62.60 %     |       9.79 GB
2026-07-19 03:36:08,604 kilosort.io  DEBUG    Mem avail:     5.86 / 15.65 GB
2026-07-19 03:36:08,604 kilosort.io  DEBUG    ------------------------------------------------------
2026-07-19 03:36:08,604 kilosort.io  DEBUG    GPU usage:    `conda install pynvml` for GPU usage
2026-07-19 03:36:08,604 kilosort.io  DEBUG    GPU memory:   22.41 %     |      0.90   /     4.00 GB
2026-07-19 03:36:08,604 kilosort.io  DEBUG    Allocated:     0.30 %     |      0.01   /     4.00 GB
2026-07-19 03:36:08,604 kilosort.io  DEBUG    Max alloc:     0.43 %     |      0.02   /     4.00 GB
2026-07-19 03:36:08,604 kilosort.io  DEBUG    ********************************************************
2026-07-19 03:36:09,098 kilosort.io  DEBUG     
2026-07-19 03:36:09,098 kilosort.io  DEBUG    save_to_phy, est contam
2026-07-19 03:36:09,098 kilosort.io  DEBUG    ********************************************************
2026-07-19 03:36:09,098 kilosort.io  DEBUG    CPU usage:    12.70 %
2026-07-19 03:36:09,098 kilosort.io  DEBUG    Mem used:     62.60 %     |       9.79 GB
2026-07-19 03:36:09,098 kilosort.io  DEBUG    Mem avail:     5.85 / 15.65 GB
2026-07-19 03:36:09,098 kilosort.io  DEBUG    ------------------------------------------------------
2026-07-19 03:36:09,098 kilosort.io  DEBUG    GPU usage:    `conda install pynvml` for GPU usage
2026-07-19 03:36:09,098 kilosort.io  DEBUG    GPU memory:   22.41 %     |      0.90   /     4.00 GB
2026-07-19 03:36:09,098 kilosort.io  DEBUG    Allocated:     0.30 %     |      0.01   /     4.00 GB
2026-07-19 03:36:09,098 kilosort.io  DEBUG    Max alloc:     0.30 %     |      0.01   /     4.00 GB
2026-07-19 03:36:09,098 kilosort.io  DEBUG    ********************************************************
2026-07-19 03:36:09,243 kilosort.run_kilosort INFO     44 units found with good refractory periods
2026-07-19 03:36:09,289 kilosort.run_kilosort INFO     Exporting to Phy took: 17.12s
2026-07-19 03:36:09,289 kilosort.run_kilosort INFO     Total runtime: 3645.07s = 01:00:45 h:m:s
2026-07-19 03:36:09,368 kilosort.run_kilosort INFO     Sorting output saved in: G:\ACADEMIC\week8_partial_dct_kilosort_runs\8ca740c5_probe00_partial_20260712_222836\ratio_0.30\kilosort4_dct.
2026-07-19 03:36:09,368 kilosort.run_kilosort DEBUG    

|===========================================================================|
|                  PyTorch CUDA memory summary, device ID 0                 |
|---------------------------------------------------------------------------|
|            CUDA OOMs: 0            |        cudaMalloc retries: 0         |
|===========================================================================|
|        Metric         | Cur Usage  | Peak Usage | Tot Alloc  | Tot Freed  |
|---------------------------------------------------------------------------|
| Allocated memory      |  11918 KiB |  12492 KiB |  29283 GiB |  29283 GiB |
|---------------------------------------------------------------------------|
| Active memory         |  11918 KiB |  12492 KiB |  29283 GiB |  29283 GiB |
|---------------------------------------------------------------------------|
| Requested memory      |  11915 KiB |  12488 KiB |  29268 GiB |  29268 GiB |
|---------------------------------------------------------------------------|
| GPU reserved memory   |  55296 KiB |  55296 KiB |    950 GiB |    950 GiB |
|---------------------------------------------------------------------------|
| Non-releasable memory |  41329 KiB |  41329 KiB |   9747 GiB |   9747 GiB |
|---------------------------------------------------------------------------|
| Allocations           |      12    |      13    |    2778 K  |    2778 K  |
|---------------------------------------------------------------------------|
| Active allocs         |      12    |      13    |    2778 K  |    2778 K  |
|---------------------------------------------------------------------------|
| GPU reserved segments |       5    |       5    |    2809    |    2804    |
|---------------------------------------------------------------------------|
| Non-releasable allocs |      13    |      13    |    1058 K  |    1058 K  |
|---------------------------------------------------------------------------|
| Oversize allocations  |       0    |       0    |       0    |       0    |
|---------------------------------------------------------------------------|
| Oversize GPU segments |       0    |       0    |       0    |       0    |
|===========================================================================|


2026-07-19 03:36:09,368 kilosort.run_kilosort INFO      
2026-07-19 03:36:09,368 kilosort.run_kilosort INFO     Resource usage after saving
2026-07-19 03:36:09,368 kilosort.run_kilosort INFO     ********************************************************
2026-07-19 03:36:09,368 kilosort.run_kilosort INFO     CPU usage:    31.20 %
2026-07-19 03:36:09,368 kilosort.run_kilosort INFO     Mem used:     62.20 %     |       9.73 GB
2026-07-19 03:36:09,368 kilosort.run_kilosort INFO     Mem avail:     5.91 / 15.65 GB
2026-07-19 03:36:09,382 kilosort.run_kilosort INFO     ------------------------------------------------------
2026-07-19 03:36:09,382 kilosort.run_kilosort INFO     GPU usage:    `conda install pynvml` for GPU usage
2026-07-19 03:36:09,382 kilosort.run_kilosort INFO     GPU memory:   22.41 %     |      0.90   /     4.00 GB
2026-07-19 03:36:09,382 kilosort.run_kilosort INFO     Allocated:     0.28 %     |      0.01   /     4.00 GB
2026-07-19 03:36:09,382 kilosort.run_kilosort INFO     Max alloc:     0.30 %     |      0.01   /     4.00 GB
2026-07-19 03:36:09,382 kilosort.run_kilosort INFO     ********************************************************
2026-07-19 03:36:09,384 kilosort.run_kilosort DEBUG    
2026-07-19 03:36:09,384 kilosort.run_kilosort DEBUG    --------------------
2026-07-19 03:36:09,384 kilosort.run_kilosort DEBUG    Process thread count: N/A (linux only)
2026-07-19 03:36:09,384 kilosort.run_kilosort DEBUG    num torch threads: 8
2026-07-19 03:36:09,384 kilosort.run_kilosort DEBUG    --------------------

2026-07-19 03:36:09,384 kilosort.run_kilosort INFO     Generating spike position plot ...
2026-07-19 03:36:48,730 kilosort.run_kilosort INFO     Sorting finished.
2026-07-19 03:36:48,730 kilosort.run_kilosort INFO      
2026-07-19 03:36:48,730 kilosort.run_kilosort INFO     ********************************************************
2026-07-19 03:36:48,730 kilosort.run_kilosort INFO     Sorting summary
2026-07-19 03:36:48,730 kilosort.run_kilosort INFO     --------------------------------------------------------
2026-07-19 03:36:48,730 kilosort.run_kilosort INFO     Total number of units:                              139
2026-07-19 03:36:48,730 kilosort.run_kilosort INFO     Number of good units:                                44
2026-07-19 03:36:48,730 kilosort.run_kilosort INFO     Number of spikes                                 780711
2026-07-19 03:36:48,730 kilosort.run_kilosort INFO     Mean abs. drift                                  0.5 um
2026-07-19 03:36:48,730 kilosort.run_kilosort INFO     Total runtime                                  3645.07s
2026-07-19 03:36:48,730 kilosort.run_kilosort INFO      
2026-07-19 03:36:48,730 kilosort.run_kilosort INFO     Runtime by step
2026-07-19 03:36:48,730 kilosort.run_kilosort INFO     --------------------------------------------------------
2026-07-19 03:36:48,730 kilosort.run_kilosort INFO     preprocessing:                          4.4s   (0.12) %
2026-07-19 03:36:48,730 kilosort.run_kilosort INFO     drift corr:                          1601.1s  (43.93) %
2026-07-19 03:36:48,730 kilosort.run_kilosort INFO     spike det. (univ):                   1597.9s  (43.84) %
2026-07-19 03:36:48,730 kilosort.run_kilosort INFO     cluster (temp):                       145.8s   (4.00) %
2026-07-19 03:36:48,730 kilosort.run_kilosort INFO     spike det. (learn):                    86.2s   (2.36) %
2026-07-19 03:36:48,730 kilosort.run_kilosort INFO     cluster (final):                      135.2s   (3.71) %
2026-07-19 03:36:48,730 kilosort.run_kilosort INFO     cluster merge:                          1.3s   (0.04) %
2026-07-19 03:36:48,730 kilosort.run_kilosort INFO     postprocessing:                        17.1s   (0.47) %
2026-07-19 03:36:48,730 kilosort.run_kilosort INFO      
2026-07-19 03:36:48,730 kilosort.run_kilosort INFO     Memory usage by step
2026-07-19 03:36:48,730 kilosort.run_kilosort INFO     --------------------------------------------------------
2026-07-19 03:36:48,730 kilosort.run_kilosort INFO     preprocessing:         sys     7.0 GB  |  gpu    1.3 GB
2026-07-19 03:36:48,730 kilosort.run_kilosort INFO     drift corr:            sys     9.3 GB  |  gpu    3.9 GB
2026-07-19 03:36:48,730 kilosort.run_kilosort INFO     spike det. (univ):     sys     9.7 GB  |  gpu    3.9 GB
2026-07-19 03:36:48,730 kilosort.run_kilosort INFO     cluster (temp):        sys     9.5 GB  |  gpu    0.2 GB
2026-07-19 03:36:48,730 kilosort.run_kilosort INFO     spike det. (learn):    sys     9.8 GB  |  gpu    1.4 GB
2026-07-19 03:36:48,730 kilosort.run_kilosort INFO     cluster (final):       sys     9.5 GB  |  gpu    0.1 GB
2026-07-19 03:36:48,746 kilosort.run_kilosort INFO     cluster merge:         sys     9.7 GB  |  gpu    0.1 GB
2026-07-19 03:36:48,746 kilosort.run_kilosort INFO     postprocessing:        sys     9.7 GB  |  gpu    0.0 GB
2026-07-19 03:36:48,746 kilosort.run_kilosort INFO     ********************************************************
