2026-07-19 05:15:20,253 kilosort.run_kilosort INFO     Kilosort version 4.1.7
2026-07-19 05:15:20,253 kilosort.run_kilosort INFO     Python version 3.11.15
2026-07-19 05:15:20,253 kilosort.run_kilosort INFO     ----------------------------------------
2026-07-19 05:15:20,253 kilosort.run_kilosort INFO     System information:
2026-07-19 05:15:20,300 kilosort.run_kilosort INFO     Windows-10-10.0.26200-SP0 AMD64
2026-07-19 05:15:20,300 kilosort.run_kilosort INFO     Intel64 Family 6 Model 186 Stepping 2, GenuineIntel
2026-07-19 05:15:21,835 kilosort.run_kilosort INFO     Using GPU for PyTorch computations. Specify `device` to change this.
2026-07-19 05:15:21,977 kilosort.run_kilosort INFO     Using CUDA device: NVIDIA GeForce RTX 2050 4.00GB
2026-07-19 05:15:21,977 kilosort.run_kilosort INFO     ----------------------------------------
2026-07-19 05:15:21,977 kilosort.run_kilosort INFO     Sorting [WindowsPath('G:/academic/week8_partial_dct_kilosort_runs/8ca740c5_probe00_partial_20260712_222836/ratio_0.70/8ca740c5_probe00_partial_20260712_222836_ratio_0.70_dctwin_600samp_preprocessed_int16.bin')]
2026-07-19 05:15:21,977 kilosort.run_kilosort INFO     Skipping common average reference.
2026-07-19 05:15:21,977 kilosort.run_kilosort INFO     clear_cache=True
2026-07-19 05:15:21,977 kilosort.run_kilosort DEBUG    Initial ops:

ops = {
    'n_chan_bin': 385,
    'fs': 30000.0,
    'batch_size': 60000,
    'nblocks': 1,
    'Th_universal': 9,
    'Th_learned': 8,
    'tmin': 0,
    'tmax': inf,
    'nt': 61,
    'shift': None,
    'scale': None,
    'batch_downsampling': 1,
    'artifact_threshold': inf,
    'nskip': 25,
    'whitening_range': 32,
    'highpass_cutoff': 300,
    'binning_depth': 5,
    'sig_interp': 20,
    'drift_smoothing': [0.5, 0.5, 0.5],
    'nt0min': 20,
    'dmin': None,
    'dminx': 32,
    'min_template_size': 10,
    'template_sizes': 5,
    'nearest_chans': 25,
    'nearest_templates': 100,
    'max_channel_distance': 32,
    'max_peels': 100,
    'templates_from_data': True,
    'n_templates': 6,
    'n_pcs': 3,
    'Th_single_ch': 6,
    'acg_threshold': 0.2,
    'ccg_threshold': 0.25,
    'cluster_neighbors': 10,
    'cluster_downsampling': 20,
    'max_cluster_subset': 25000,
    'x_centers': None,
    'cluster_init_seed': 5,
    'duplicate_spike_ms': 0.25,
    'position_limit': 100,
    'filename': [   WindowsPath('G:/academic/week8_partial_dct_kilosort_runs/8ca740c5_probe00_partial_20260712_222836/ratio_0.70/8ca740c5_probe00_partial_20260712_222836_ratio_0.70_dctwin_600samp_preprocessed_int16.bin')],
    'data_dir': WindowsPath('G:/academic/week8_partial_dct_kilosort_runs/8ca740c5_probe00_partial_20260712_222836/ratio_0.70'),
    'data_dtype': 'int16',
    'do_CAR': False,
    'invert_sign': False,
    'NTbuff': 60122,
    'Nchan': 383,
    'duplicate_spike_bins': 7,
    'torch_device': 'cuda',
    'save_preprocessed_copy': False
}

2026-07-19 05:15:22,022 kilosort.run_kilosort DEBUG    Probe dictionary:

probe = {
    'xc': np.array([43., 11., 59., 27., 43., 11., 59., 27., 43., 11., 59., 27., 43.,
       11., 59., 27., 43., 11., 59., 27., 43., 11., 59., 27., 43., 11.,
       59., 27., 43., 11., 59., 27., 43., 11., 59., 27., 43., 11., 59.,
       27., 43., 11., 59., 27., 43., 11., 59., 27., 43., 11., 59., 27.,
       43., 11., 59., 27., 43., 11., 59., 27., 43., 11., 59., 27., 43.,
       11., 59., 27., 43., 11., 59., 27., 43., 11., 59., 27., 43., 11.,
       59., 27., 43., 11., 59., 27., 43., 11., 59., 27., 43., 11., 59.,
       27., 43., 11., 59., 27., 43., 11., 59., 27., 43., 11., 59., 27.,
       43., 11., 59., 27., 43., 11., 59., 27., 43., 11., 59., 27., 43.,
       11., 59., 27., 43., 11., 59., 27., 43., 11., 59., 27., 43., 11.,
       59., 27., 43., 11., 59., 27., 43., 11., 59., 27., 43., 11., 59.,
       27., 43., 11., 59., 27., 43., 11., 59., 27., 43., 11., 59., 27.,
       43., 11., 59., 27., 43., 11., 59., 27., 43., 11., 59., 27., 43.,
       11., 59., 27., 43., 11., 59., 27., 43., 11., 59., 27., 43., 11.,
       59., 27., 43., 11., 59., 27., 43., 11., 59., 43., 11., 59., 27.,
       43., 11., 59., 27., 43., 11., 59., 27., 43., 11., 59., 27., 43.,
       11., 59., 27., 43., 11., 59., 27., 43., 11., 59., 27., 43., 11.,
       59., 27., 43., 11., 59., 27., 43., 11., 59., 27., 43., 11., 59.,
       27., 43., 11., 59., 27., 43., 11., 59., 27., 43., 11., 59., 27.,
       43., 11., 59., 27., 43., 11., 59., 27., 43., 11., 59., 27., 43.,
       11., 59., 27., 43., 11., 59., 27., 43., 11., 59., 27., 43., 11.,
       59., 27., 43., 11., 59., 27., 43., 11., 59., 27., 43., 11., 59.,
       27., 43., 11., 59., 27., 43., 11., 59., 27., 43., 11., 59., 27.,
       43., 11., 59., 27., 43., 11., 59., 27., 43., 11., 59., 27., 43.,
       11., 59., 27., 43., 11., 59., 27., 43., 11., 59., 27., 43., 11.,
       59., 27., 43., 11., 59., 27., 43., 11., 59., 27., 43., 11., 59.,
       27., 43., 11., 59., 27., 43., 11., 59., 27., 43., 11., 59., 27.,
       43., 11., 59., 27., 43., 11., 59., 27., 43., 11., 59., 27., 43.,
       11., 59., 27., 43., 11., 59., 27., 43., 11., 59., 27., 43., 11.,
       59., 27., 43., 11., 59., 27.], dtype=np.float32),
    'yc': np.array([  20.,   20.,   40.,   40.,   60.,   60.,   80.,   80.,  100.,
        100.,  120.,  120.,  140.,  140.,  160.,  160.,  180.,  180.,
        200.,  200.,  220.,  220.,  240.,  240.,  260.,  260.,  280.,
        280.,  300.,  300.,  320.,  320.,  340.,  340.,  360.,  360.,
        380.,  380.,  400.,  400.,  420.,  420.,  440.,  440.,  460.,
        460.,  480.,  480.,  500.,  500.,  520.,  520.,  540.,  540.,
        560.,  560.,  580.,  580.,  600.,  600.,  620.,  620.,  640.,
        640.,  660.,  660.,  680.,  680.,  700.,  700.,  720.,  720.,
        740.,  740.,  760.,  760.,  780.,  780.,  800.,  800.,  820.,
        820.,  840.,  840.,  860.,  860.,  880.,  880.,  900.,  900.,
        920.,  920.,  940.,  940.,  960.,  960.,  980.,  980., 1000.,
       1000., 1020., 1020., 1040., 1040., 1060., 1060., 1080., 1080.,
       1100., 1100., 1120., 1120., 1140., 1140., 1160., 1160., 1180.,
       1180., 1200., 1200., 1220., 1220., 1240., 1240., 1260., 1260.,
       1280., 1280., 1300., 1300., 1320., 1320., 1340., 1340., 1360.,
       1360., 1380., 1380., 1400., 1400., 1420., 1420., 1440., 1440.,
       1460., 1460., 1480., 1480., 1500., 1500., 1520., 1520., 1540.,
       1540., 1560., 1560., 1580., 1580., 1600., 1600., 1620., 1620.,
       1640., 1640., 1660., 1660., 1680., 1680., 1700., 1700., 1720.,
       1720., 1740., 1740., 1760., 1760., 1780., 1780., 1800., 1800.,
       1820., 1820., 1840., 1840., 1860., 1860., 1880., 1880., 1900.,
       1900., 1920., 1940., 1940., 1960., 1960., 1980., 1980., 2000.,
       2000., 2020., 2020., 2040., 2040., 2060., 2060., 2080., 2080.,
       2100., 2100., 2120., 2120., 2140., 2140., 2160., 2160., 2180.,
       2180., 2200., 2200., 2220., 2220., 2240., 2240., 2260., 2260.,
       2280., 2280., 2300., 2300., 2320., 2320., 2340., 2340., 2360.,
       2360., 2380., 2380., 2400., 2400., 2420., 2420., 2440., 2440.,
       2460., 2460., 2480., 2480., 2500., 2500., 2520., 2520., 2540.,
       2540., 2560., 2560., 2580., 2580., 2600., 2600., 2620., 2620.,
       2640., 2640., 2660., 2660., 2680., 2680., 2700., 2700., 2720.,
       2720., 2740., 2740., 2760., 2760., 2780., 2780., 2800., 2800.,
       2820., 2820., 2840., 2840., 2860., 2860., 2880., 2880., 2900.,
       2900., 2920., 2920., 2940., 2940., 2960., 2960., 2980., 2980.,
       3000., 3000., 3020., 3020., 3040., 3040., 3060., 3060., 3080.,
       3080., 3100., 3100., 3120., 3120., 3140., 3140., 3160., 3160.,
       3180., 3180., 3200., 3200., 3220., 3220., 3240., 3240., 3260.,
       3260., 3280., 3280., 3300., 3300., 3320., 3320., 3340., 3340.,
       3360., 3360., 3380., 3380., 3400., 3400., 3420., 3420., 3440.,
       3440., 3460., 3460., 3480., 3480., 3500., 3500., 3520., 3520.,
       3540., 3540., 3560., 3560., 3580., 3580., 3600., 3600., 3620.,
       3620., 3640., 3640., 3660., 3660., 3680., 3680., 3700., 3700.,
       3720., 3720., 3740., 3740., 3760., 3760., 3780., 3780., 3800.,
       3800., 3820., 3820., 3840., 3840.], dtype=np.float32),
    'kcoords': np.array([0., 0., 0., 0., 0., 0., 0., 0., 0., 0., 0., 0., 0., 0., 0., 0., 0.,
       0., 0., 0., 0., 0., 0., 0., 0., 0., 0., 0., 0., 0., 0., 0., 0., 0.,
       0., 0., 0., 0., 0., 0., 0., 0., 0., 0., 0., 0., 0., 0., 0., 0., 0.,
       0., 0., 0., 0., 0., 0., 0., 0., 0., 0., 0., 0., 0., 0., 0., 0., 0.,
       0., 0., 0., 0., 0., 0., 0., 0., 0., 0., 0., 0., 0., 0., 0., 0., 0.,
       0., 0., 0., 0., 0., 0., 0., 0., 0., 0., 0., 0., 0., 0., 0., 0., 0.,
       0., 0., 0., 0., 0., 0., 0., 0., 0., 0., 0., 0., 0., 0., 0., 0., 0.,
       0., 0., 0., 0., 0., 0., 0., 0., 0., 0., 0., 0., 0., 0., 0., 0., 0.,
       0., 0., 0., 0., 0., 0., 0., 0., 0., 0., 0., 0., 0., 0., 0., 0., 0.,
       0., 0., 0., 0., 0., 0., 0., 0., 0., 0., 0., 0., 0., 0., 0., 0., 0.,
       0., 0., 0., 0., 0., 0., 0., 0., 0., 0., 0., 0., 0., 0., 0., 0., 0.,
       0., 0., 0., 0., 0., 0., 0., 0., 0., 0., 0., 0., 0., 0., 0., 0., 0.,
       0., 0., 0., 0., 0., 0., 0., 0., 0., 0., 0., 0., 0., 0., 0., 0., 0.,
       0., 0., 0., 0., 0., 0., 0., 0., 0., 0., 0., 0., 0., 0., 0., 0., 0.,
       0., 0., 0., 0., 0., 0., 0., 0., 0., 0., 0., 0., 0., 0., 0., 0., 0.,
       0., 0., 0., 0., 0., 0., 0., 0., 0., 0., 0., 0., 0., 0., 0., 0., 0.,
       0., 0., 0., 0., 0., 0., 0., 0., 0., 0., 0., 0., 0., 0., 0., 0., 0.,
       0., 0., 0., 0., 0., 0., 0., 0., 0., 0., 0., 0., 0., 0., 0., 0., 0.,
       0., 0., 0., 0., 0., 0., 0., 0., 0., 0., 0., 0., 0., 0., 0., 0., 0.,
       0., 0., 0., 0., 0., 0., 0., 0., 0., 0., 0., 0., 0., 0., 0., 0., 0.,
       0., 0., 0., 0., 0., 0., 0., 0., 0., 0., 0., 0., 0., 0., 0., 0., 0.,
       0., 0., 0., 0., 0., 0., 0., 0., 0., 0., 0., 0., 0., 0., 0., 0., 0.,
       0., 0., 0., 0., 0., 0., 0., 0., 0.], dtype=np.float32),
    'chanMap': np.array([  0,   1,   2,   3,   4,   5,   6,   7,   8,   9,  10,  11,  12,
        13,  14,  15,  16,  17,  18,  19,  20,  21,  22,  23,  24,  25,
        26,  27,  28,  29,  30,  31,  32,  33,  34,  35,  36,  37,  38,
        39,  40,  41,  42,  43,  44,  45,  46,  47,  48,  49,  50,  51,
        52,  53,  54,  55,  56,  57,  58,  59,  60,  61,  62,  63,  64,
        65,  66,  67,  68,  69,  70,  71,  72,  73,  74,  75,  76,  77,
        78,  79,  80,  81,  82,  83,  84,  85,  86,  87,  88,  89,  90,
        91,  92,  93,  94,  95,  96,  97,  98,  99, 100, 101, 102, 103,
       104, 105, 106, 107, 108, 109, 110, 111, 112, 113, 114, 115, 116,
       117, 118, 119, 120, 121, 122, 123, 124, 125, 126, 127, 128, 129,
       130, 131, 132, 133, 134, 135, 136, 137, 138, 139, 140, 141, 142,
       143, 144, 145, 146, 147, 148, 149, 150, 151, 152, 153, 154, 155,
       156, 157, 158, 159, 160, 161, 162, 163, 164, 165, 166, 167, 168,
       169, 170, 171, 172, 173, 174, 175, 176, 177, 178, 179, 180, 181,
       182, 183, 184, 185, 186, 187, 188, 189, 190, 192, 193, 194, 195,
       196, 197, 198, 199, 200, 201, 202, 203, 204, 205, 206, 207, 208,
       209, 210, 211, 212, 213, 214, 215, 216, 217, 218, 219, 220, 221,
       222, 223, 224, 225, 226, 227, 228, 229, 230, 231, 232, 233, 234,
       235, 236, 237, 238, 239, 240, 241, 242, 243, 244, 245, 246, 247,
       248, 249, 250, 251, 252, 253, 254, 255, 256, 257, 258, 259, 260,
       261, 262, 263, 264, 265, 266, 267, 268, 269, 270, 271, 272, 273,
       274, 275, 276, 277, 278, 279, 280, 281, 282, 283, 284, 285, 286,
       287, 288, 289, 290, 291, 292, 293, 294, 295, 296, 297, 298, 299,
       300, 301, 302, 303, 304, 305, 306, 307, 308, 309, 310, 311, 312,
       313, 314, 315, 316, 317, 318, 319, 320, 321, 322, 323, 324, 325,
       326, 327, 328, 329, 330, 331, 332, 333, 334, 335, 336, 337, 338,
       339, 340, 341, 342, 343, 344, 345, 346, 347, 348, 349, 350, 351,
       352, 353, 354, 355, 356, 357, 358, 359, 360, 361, 362, 363, 364,
       365, 366, 367, 368, 369, 370, 371, 372, 373, 374, 375, 376, 377,
       378, 379, 380, 381, 382, 383], dtype=np.int32),
    'n_chan': 384
}

2026-07-19 05:15:22,640 kilosort.run_kilosort INFO      
2026-07-19 05:15:22,640 kilosort.run_kilosort INFO     Resource usage before sorting
2026-07-19 05:15:22,640 kilosort.run_kilosort INFO     ********************************************************
2026-07-19 05:15:22,640 kilosort.run_kilosort INFO     CPU usage:     9.30 %
2026-07-19 05:15:22,640 kilosort.run_kilosort INFO     Mem used:     41.30 %     |       6.46 GB
2026-07-19 05:15:22,640 kilosort.run_kilosort INFO     Mem avail:     9.19 / 15.65 GB
2026-07-19 05:15:22,640 kilosort.run_kilosort INFO     ------------------------------------------------------
2026-07-19 05:15:22,640 kilosort.run_kilosort INFO     GPU usage:    `conda install pynvml` for GPU usage
2026-07-19 05:15:22,640 kilosort.run_kilosort INFO     GPU memory:   19.43 %     |      0.78   /     4.00 GB
2026-07-19 05:15:22,640 kilosort.run_kilosort INFO     Allocated:     0.00 %     |      0.00   /     4.00 GB
2026-07-19 05:15:22,656 kilosort.run_kilosort INFO     Max alloc:     0.00 %     |      0.00   /     4.00 GB
2026-07-19 05:15:22,656 kilosort.run_kilosort INFO     ********************************************************
2026-07-19 05:15:22,657 kilosort.run_kilosort DEBUG    
2026-07-19 05:15:22,657 kilosort.run_kilosort DEBUG    --------------------
2026-07-19 05:15:22,657 kilosort.run_kilosort DEBUG    Process thread count: N/A (linux only)
2026-07-19 05:15:22,657 kilosort.run_kilosort DEBUG    num torch threads: 8
2026-07-19 05:15:22,657 kilosort.run_kilosort DEBUG    --------------------

2026-07-19 05:15:22,657 kilosort.run_kilosort INFO      
2026-07-19 05:15:22,657 kilosort.run_kilosort INFO     Computing preprocessing variables.
2026-07-19 05:15:22,657 kilosort.run_kilosort INFO     ----------------------------------------
2026-07-19 05:15:25,165 kilosort.run_kilosort INFO     N samples: 6600000
2026-07-19 05:15:25,165 kilosort.run_kilosort INFO     N seconds: 220.0
2026-07-19 05:15:25,165 kilosort.run_kilosort INFO     N batches: 110
2026-07-19 05:15:30,518 kilosort.run_kilosort INFO     Preprocessing filters computed in 7.86s; total 8.54s
2026-07-19 05:15:30,528 kilosort.run_kilosort DEBUG    hp_filter shape: torch.Size([30122])
2026-07-19 05:15:30,528 kilosort.run_kilosort DEBUG    whiten_mat shape: torch.Size([383, 383])
2026-07-19 05:15:30,836 kilosort.run_kilosort DEBUG    First batch min, max: (np.float32(-3553.831), np.float32(1372.0747))
2026-07-19 05:15:30,836 kilosort.run_kilosort INFO      
2026-07-19 05:15:30,836 kilosort.run_kilosort INFO     Resource usage after preprocessing
2026-07-19 05:15:30,836 kilosort.run_kilosort INFO     ********************************************************
2026-07-19 05:15:30,836 kilosort.run_kilosort INFO     CPU usage:    18.40 %
2026-07-19 05:15:30,836 kilosort.run_kilosort INFO     Mem used:     43.10 %     |       6.74 GB
2026-07-19 05:15:30,836 kilosort.run_kilosort INFO     Mem avail:     8.90 / 15.65 GB
2026-07-19 05:15:30,836 kilosort.run_kilosort INFO     ------------------------------------------------------
2026-07-19 05:15:30,846 kilosort.run_kilosort INFO     GPU usage:    `conda install pynvml` for GPU usage
2026-07-19 05:15:30,846 kilosort.run_kilosort INFO     GPU memory:   61.28 %     |      2.45   /     4.00 GB
2026-07-19 05:15:30,846 kilosort.run_kilosort INFO     Allocated:     0.21 %     |      0.01   /     4.00 GB
2026-07-19 05:15:30,846 kilosort.run_kilosort INFO     Max alloc:    32.60 %     |      1.30   /     4.00 GB
2026-07-19 05:15:30,846 kilosort.run_kilosort INFO     ********************************************************
2026-07-19 05:15:30,866 kilosort.run_kilosort INFO      
2026-07-19 05:15:30,866 kilosort.run_kilosort INFO     Computing drift correction.
2026-07-19 05:15:30,866 kilosort.run_kilosort INFO     ----------------------------------------
2026-07-19 05:15:30,866 kilosort.spikedetect INFO     Re-computing universal templates from data.
2026-07-19 05:15:33,337 kilosort.spikedetect INFO     Number of universal templates: 1532
2026-07-19 05:15:34,021 kilosort.spikedetect INFO     Detecting spikes...
2026-07-19 05:15:34,035 kilosort.spikedetect DEBUG     
2026-07-19 05:15:34,035 kilosort.spikedetect DEBUG    Batch 0 of 109 (0.0%)
2026-07-19 05:15:34,035 kilosort.spikedetect DEBUG    ********************************************************
2026-07-19 05:15:34,035 kilosort.spikedetect DEBUG    CPU usage:    17.00 %
2026-07-19 05:15:34,035 kilosort.spikedetect DEBUG    Mem used:     43.90 %     |       6.87 GB
2026-07-19 05:15:34,035 kilosort.spikedetect DEBUG    Mem avail:     8.77 / 15.65 GB
2026-07-19 05:15:34,035 kilosort.spikedetect DEBUG    ------------------------------------------------------
2026-07-19 05:15:34,035 kilosort.spikedetect DEBUG    GPU usage:    `conda install pynvml` for GPU usage
2026-07-19 05:15:34,035 kilosort.spikedetect DEBUG    GPU memory:   61.28 %     |      2.45   /     4.00 GB
2026-07-19 05:15:34,035 kilosort.spikedetect DEBUG    Allocated:     0.27 %     |      0.01   /     4.00 GB
2026-07-19 05:15:34,035 kilosort.spikedetect DEBUG    Max alloc:    32.60 %     |      1.30   /     4.00 GB
2026-07-19 05:15:34,035 kilosort.spikedetect DEBUG    ********************************************************
2026-07-19 05:37:39,800 kilosort.spikedetect DEBUG     
2026-07-19 05:37:39,800 kilosort.spikedetect DEBUG    Batch 109 of 109 (99.1%)
2026-07-19 05:37:39,800 kilosort.spikedetect DEBUG    ********************************************************
2026-07-19 05:37:39,800 kilosort.spikedetect DEBUG    CPU usage:    15.20 %
2026-07-19 05:37:39,800 kilosort.spikedetect DEBUG    Mem used:     51.30 %     |       8.03 GB
2026-07-19 05:37:39,800 kilosort.spikedetect DEBUG    Mem avail:     7.62 / 15.65 GB
2026-07-19 05:37:39,800 kilosort.spikedetect DEBUG    ------------------------------------------------------
2026-07-19 05:37:39,800 kilosort.spikedetect DEBUG    GPU usage:    `conda install pynvml` for GPU usage
2026-07-19 05:37:39,800 kilosort.spikedetect DEBUG    GPU memory:   27.78 %     |      1.11   /     4.00 GB
2026-07-19 05:37:39,800 kilosort.spikedetect DEBUG    Allocated:     3.58 %     |      0.14   /     4.00 GB
2026-07-19 05:37:39,800 kilosort.spikedetect DEBUG    Max alloc:    96.75 %     |      3.87   /     4.00 GB
2026-07-19 05:37:39,800 kilosort.spikedetect DEBUG    ********************************************************
2026-07-19 05:37:40,693 kilosort.run_kilosort INFO     drift computed in 1329.83s; total 1338.72s
2026-07-19 05:37:40,693 kilosort.run_kilosort DEBUG    st shape: (656172, 6)
2026-07-19 05:37:40,693 kilosort.run_kilosort DEBUG    yblk shape: (1,)
2026-07-19 05:37:40,693 kilosort.run_kilosort DEBUG    dshift shape: (110, 1)
2026-07-19 05:37:40,699 kilosort.run_kilosort DEBUG    iKxx shape: torch.Size([383, 383])
2026-07-19 05:37:40,699 kilosort.run_kilosort DEBUG    

|===========================================================================|
|                  PyTorch CUDA memory summary, device ID 0                 |
|---------------------------------------------------------------------------|
|            CUDA OOMs: 0            |        cudaMalloc retries: 0         |
|===========================================================================|
|        Metric         | Cur Usage  | Peak Usage | Tot Alloc  | Tot Freed  |
|---------------------------------------------------------------------------|
| Allocated memory      |  11832 KiB |   3962 MiB |  12926 GiB |  12926 GiB |
|---------------------------------------------------------------------------|
| Active memory         |  11832 KiB |   3962 MiB |  12926 GiB |  12926 GiB |
|---------------------------------------------------------------------------|
| Requested memory      |  11829 KiB |   3960 MiB |  12922 GiB |  12922 GiB |
|---------------------------------------------------------------------------|
| GPU reserved memory   | 284672 KiB |   4824 MiB | 498230 MiB | 497952 MiB |
|---------------------------------------------------------------------------|
| Non-releasable memory |  41415 KiB |   1677 MiB |   3128 GiB |   3128 GiB |
|---------------------------------------------------------------------------|
| Allocations           |       9    |      37    |   83607    |   83598    |
|---------------------------------------------------------------------------|
| Active allocs         |       9    |      37    |   83607    |   83598    |
|---------------------------------------------------------------------------|
| GPU reserved segments |       8    |      20    |    1373    |    1365    |
|---------------------------------------------------------------------------|
| Non-releasable allocs |      10    |      26    |   39598    |   39588    |
|---------------------------------------------------------------------------|
| Oversize allocations  |       0    |       0    |       0    |       0    |
|---------------------------------------------------------------------------|
| Oversize GPU segments |       0    |       0    |       0    |       0    |
|===========================================================================|


2026-07-19 05:37:40,701 kilosort.run_kilosort INFO      
2026-07-19 05:37:40,701 kilosort.run_kilosort INFO     Resource usage after drift correction
2026-07-19 05:37:40,701 kilosort.run_kilosort INFO     ********************************************************
2026-07-19 05:37:40,701 kilosort.run_kilosort INFO     CPU usage:     0.00 %
2026-07-19 05:37:40,701 kilosort.run_kilosort INFO     Mem used:     50.10 %     |       7.84 GB
2026-07-19 05:37:40,701 kilosort.run_kilosort INFO     Mem avail:     7.81 / 15.65 GB
2026-07-19 05:37:40,701 kilosort.run_kilosort INFO     ------------------------------------------------------
2026-07-19 05:37:40,701 kilosort.run_kilosort INFO     GPU usage:    `conda install pynvml` for GPU usage
2026-07-19 05:37:40,701 kilosort.run_kilosort INFO     GPU memory:   27.83 %     |      1.11   /     4.00 GB
2026-07-19 05:37:40,701 kilosort.run_kilosort INFO     Allocated:     0.28 %     |      0.01   /     4.00 GB
2026-07-19 05:37:40,701 kilosort.run_kilosort INFO     Max alloc:    96.75 %     |      3.87   /     4.00 GB
2026-07-19 05:37:40,701 kilosort.run_kilosort INFO     ********************************************************
2026-07-19 05:37:40,701 kilosort.run_kilosort DEBUG    
2026-07-19 05:37:40,701 kilosort.run_kilosort DEBUG    --------------------
2026-07-19 05:37:40,701 kilosort.run_kilosort DEBUG    Process thread count: N/A (linux only)
2026-07-19 05:37:40,701 kilosort.run_kilosort DEBUG    num torch threads: 8
2026-07-19 05:37:40,701 kilosort.run_kilosort DEBUG    --------------------

2026-07-19 05:37:40,701 kilosort.run_kilosort INFO     Generating drift plots ...
2026-07-19 05:38:14,787 kilosort.run_kilosort INFO      
2026-07-19 05:38:14,787 kilosort.run_kilosort INFO     Extracting spikes using templates
2026-07-19 05:38:14,787 kilosort.run_kilosort INFO     ----------------------------------------
2026-07-19 05:38:14,787 kilosort.spikedetect INFO     Re-computing universal templates from data.
2026-07-19 05:38:16,810 kilosort.spikedetect INFO     Number of universal templates: 1532
2026-07-19 05:38:17,114 kilosort.spikedetect INFO     Detecting spikes...
2026-07-19 05:38:17,114 kilosort.spikedetect DEBUG     
2026-07-19 05:38:17,114 kilosort.spikedetect DEBUG    Batch 0 of 109 (0.0%)
2026-07-19 05:38:17,114 kilosort.spikedetect DEBUG    ********************************************************
2026-07-19 05:38:17,114 kilosort.spikedetect DEBUG    CPU usage:    13.40 %
2026-07-19 05:38:17,114 kilosort.spikedetect DEBUG    Mem used:     49.40 %     |       7.73 GB
2026-07-19 05:38:17,114 kilosort.spikedetect DEBUG    Mem avail:     7.92 / 15.65 GB
2026-07-19 05:38:17,114 kilosort.spikedetect DEBUG    ------------------------------------------------------
2026-07-19 05:38:17,114 kilosort.spikedetect DEBUG    GPU usage:    `conda install pynvml` for GPU usage
2026-07-19 05:38:17,114 kilosort.spikedetect DEBUG    GPU memory:   62.55 %     |      2.50   /     4.00 GB
2026-07-19 05:38:17,114 kilosort.spikedetect DEBUG    Allocated:     0.34 %     |      0.01   /     4.00 GB
2026-07-19 05:38:17,149 kilosort.spikedetect DEBUG    Max alloc:    32.67 %     |      1.31   /     4.00 GB
2026-07-19 05:38:17,149 kilosort.spikedetect DEBUG    ********************************************************
2026-07-19 06:01:09,441 kilosort.spikedetect DEBUG     
2026-07-19 06:01:09,441 kilosort.spikedetect DEBUG    Batch 109 of 109 (99.1%)
2026-07-19 06:01:09,441 kilosort.spikedetect DEBUG    ********************************************************
2026-07-19 06:01:09,441 kilosort.spikedetect DEBUG    CPU usage:    15.20 %
2026-07-19 06:01:09,441 kilosort.spikedetect DEBUG    Mem used:     53.20 %     |       8.32 GB
2026-07-19 06:01:09,441 kilosort.spikedetect DEBUG    Mem avail:     7.33 / 15.65 GB
2026-07-19 06:01:09,441 kilosort.spikedetect DEBUG    ------------------------------------------------------
2026-07-19 06:01:09,441 kilosort.spikedetect DEBUG    GPU usage:    `conda install pynvml` for GPU usage
2026-07-19 06:01:09,441 kilosort.spikedetect DEBUG    GPU memory:   25.63 %     |      1.03   /     4.00 GB
2026-07-19 06:01:09,441 kilosort.spikedetect DEBUG    Allocated:     3.60 %     |      0.14   /     4.00 GB
2026-07-19 06:01:09,441 kilosort.spikedetect DEBUG    Max alloc:    96.81 %     |      3.87   /     4.00 GB
2026-07-19 06:01:09,441 kilosort.spikedetect DEBUG    ********************************************************
2026-07-19 06:01:09,441 kilosort.run_kilosort INFO     623241 spikes extracted in 1374.65s; total 2747.46s
2026-07-19 06:01:09,441 kilosort.run_kilosort DEBUG    st0 shape: (623241, 6)
2026-07-19 06:01:09,441 kilosort.run_kilosort DEBUG    tF shape: torch.Size([623241, 25, 3])
2026-07-19 06:01:09,441 kilosort.run_kilosort INFO      
2026-07-19 06:01:09,441 kilosort.run_kilosort INFO     Resource usage after spike detect (univ)
2026-07-19 06:01:09,441 kilosort.run_kilosort INFO     ********************************************************
2026-07-19 06:01:09,441 kilosort.run_kilosort INFO     CPU usage:     0.00 %
2026-07-19 06:01:09,441 kilosort.run_kilosort INFO     Mem used:     53.10 %     |       8.30 GB
2026-07-19 06:01:09,441 kilosort.run_kilosort INFO     Mem avail:     7.34 / 15.65 GB
2026-07-19 06:01:09,441 kilosort.run_kilosort INFO     ------------------------------------------------------
2026-07-19 06:01:09,441 kilosort.run_kilosort INFO     GPU usage:    `conda install pynvml` for GPU usage
2026-07-19 06:01:09,441 kilosort.run_kilosort INFO     GPU memory:   25.63 %     |      1.03   /     4.00 GB
2026-07-19 06:01:09,441 kilosort.run_kilosort INFO     Allocated:     0.28 %     |      0.01   /     4.00 GB
2026-07-19 06:01:09,441 kilosort.run_kilosort INFO     Max alloc:    96.81 %     |      3.87   /     4.00 GB
2026-07-19 06:01:09,441 kilosort.run_kilosort INFO     ********************************************************
2026-07-19 06:01:09,441 kilosort.run_kilosort DEBUG    
2026-07-19 06:01:09,441 kilosort.run_kilosort DEBUG    --------------------
2026-07-19 06:01:09,441 kilosort.run_kilosort DEBUG    Process thread count: N/A (linux only)
2026-07-19 06:01:09,441 kilosort.run_kilosort DEBUG    num torch threads: 8
2026-07-19 06:01:09,441 kilosort.run_kilosort DEBUG    --------------------

2026-07-19 06:01:09,441 kilosort.run_kilosort INFO      
2026-07-19 06:01:09,441 kilosort.run_kilosort INFO     First clustering
2026-07-19 06:01:09,441 kilosort.run_kilosort INFO     ----------------------------------------
2026-07-19 06:01:09,743 kilosort.clustering_qr DEBUG    Center 0 | Xd shape: torch.Size([594, 78]) | ntemp: 16
2026-07-19 06:01:09,804 kilosort.clustering_qr DEBUG    Center 1 | Xd shape: torch.Size([1839, 78]) | ntemp: 16
2026-07-19 06:01:12,193 kilosort.clustering_qr DEBUG    Center 2 | Xd shape: torch.Size([960, 78]) | ntemp: 16
2026-07-19 06:01:12,203 kilosort.clustering_qr DEBUG    Center 3 | Xd shape: torch.Size([925, 90]) | ntemp: 16
2026-07-19 06:01:12,215 kilosort.clustering_qr DEBUG    Center 4 | Xd shape: torch.Size([3938, 90]) | ntemp: 16
2026-07-19 06:01:13,714 kilosort.clustering_qr DEBUG    Center 5 | Xd shape: torch.Size([6013, 90]) | ntemp: 16
2026-07-19 06:01:16,326 kilosort.clustering_qr DEBUG    Center 6 | Xd shape: torch.Size([2846, 90]) | ntemp: 16
2026-07-19 06:01:17,729 kilosort.clustering_qr DEBUG    Center 7 | Xd shape: torch.Size([6825, 90]) | ntemp: 16
2026-07-19 06:01:19,236 kilosort.clustering_qr DEBUG    Center 8 | Xd shape: torch.Size([7684, 90]) | ntemp: 16
2026-07-19 06:01:20,692 kilosort.clustering_qr DEBUG     
2026-07-19 06:01:20,692 kilosort.clustering_qr DEBUG    Cluster center: 9 (10/96)
2026-07-19 06:01:20,692 kilosort.clustering_qr DEBUG    ********************************************************
2026-07-19 06:01:20,692 kilosort.clustering_qr DEBUG    CPU usage:    18.00 %
2026-07-19 06:01:20,692 kilosort.clustering_qr DEBUG    Mem used:     50.80 %     |       7.94 GB
2026-07-19 06:01:20,692 kilosort.clustering_qr DEBUG    Mem avail:     7.71 / 15.65 GB
2026-07-19 06:01:20,692 kilosort.clustering_qr DEBUG    ------------------------------------------------------
2026-07-19 06:01:20,692 kilosort.clustering_qr DEBUG    GPU usage:    `conda install pynvml` for GPU usage
2026-07-19 06:01:20,692 kilosort.clustering_qr DEBUG    GPU memory:   22.31 %     |      0.89   /     4.00 GB
2026-07-19 06:01:20,692 kilosort.clustering_qr DEBUG    Allocated:     0.28 %     |      0.01   /     4.00 GB
2026-07-19 06:01:20,692 kilosort.clustering_qr DEBUG    Max alloc:     0.82 %     |      0.03   /     4.00 GB
2026-07-19 06:01:20,692 kilosort.clustering_qr DEBUG    ********************************************************
2026-07-19 06:01:20,753 kilosort.clustering_qr DEBUG    Center 9 | Xd shape: torch.Size([13572, 90]) | ntemp: 16
2026-07-19 06:01:22,616 kilosort.clustering_qr DEBUG    Center 10 | Xd shape: torch.Size([10900, 90]) | ntemp: 16
2026-07-19 06:01:23,991 kilosort.clustering_qr DEBUG    Center 11 | Xd shape: torch.Size([3926, 90]) | ntemp: 16
2026-07-19 06:01:25,138 kilosort.clustering_qr DEBUG    Center 12 | Xd shape: torch.Size([7369, 90]) | ntemp: 16
2026-07-19 06:01:26,595 kilosort.clustering_qr DEBUG    Center 13 | Xd shape: torch.Size([3734, 90]) | ntemp: 16
2026-07-19 06:01:27,786 kilosort.clustering_qr DEBUG    Center 14 | Xd shape: torch.Size([4188, 90]) | ntemp: 16
2026-07-19 06:01:29,241 kilosort.clustering_qr DEBUG    Center 15 | Xd shape: torch.Size([5322, 90]) | ntemp: 16
2026-07-19 06:01:30,742 kilosort.clustering_qr DEBUG    Center 16 | Xd shape: torch.Size([5938, 90]) | ntemp: 16
2026-07-19 06:01:32,348 kilosort.clustering_qr DEBUG    Center 17 | Xd shape: torch.Size([4330, 90]) | ntemp: 16
2026-07-19 06:01:33,864 kilosort.clustering_qr DEBUG    Center 18 | Xd shape: torch.Size([6595, 90]) | ntemp: 16
2026-07-19 06:01:35,435 kilosort.clustering_qr DEBUG     
2026-07-19 06:01:35,435 kilosort.clustering_qr DEBUG    Cluster center: 19 (20/96)
2026-07-19 06:01:35,435 kilosort.clustering_qr DEBUG    ********************************************************
2026-07-19 06:01:35,435 kilosort.clustering_qr DEBUG    CPU usage:    20.40 %
2026-07-19 06:01:35,435 kilosort.clustering_qr DEBUG    Mem used:     50.90 %     |       7.97 GB
2026-07-19 06:01:35,435 kilosort.clustering_qr DEBUG    Mem avail:     7.68 / 15.65 GB
2026-07-19 06:01:35,435 kilosort.clustering_qr DEBUG    ------------------------------------------------------
2026-07-19 06:01:35,435 kilosort.clustering_qr DEBUG    GPU usage:    `conda install pynvml` for GPU usage
2026-07-19 06:01:35,435 kilosort.clustering_qr DEBUG    GPU memory:   22.31 %     |      0.89   /     4.00 GB
2026-07-19 06:01:35,435 kilosort.clustering_qr DEBUG    Allocated:     0.28 %     |      0.01   /     4.00 GB
2026-07-19 06:01:35,435 kilosort.clustering_qr DEBUG    Max alloc:     1.23 %     |      0.05   /     4.00 GB
2026-07-19 06:01:35,435 kilosort.clustering_qr DEBUG    ********************************************************
2026-07-19 06:01:35,486 kilosort.clustering_qr DEBUG    Center 19 | Xd shape: torch.Size([6105, 90]) | ntemp: 16
2026-07-19 06:01:36,968 kilosort.clustering_qr DEBUG    Center 20 | Xd shape: torch.Size([7245, 90]) | ntemp: 16
2026-07-19 06:01:38,463 kilosort.clustering_qr DEBUG    Center 21 | Xd shape: torch.Size([3857, 90]) | ntemp: 16
2026-07-19 06:01:39,953 kilosort.clustering_qr DEBUG    Center 22 | Xd shape: torch.Size([5994, 90]) | ntemp: 16
2026-07-19 06:01:41,437 kilosort.clustering_qr DEBUG    Center 23 | Xd shape: torch.Size([6310, 90]) | ntemp: 16
2026-07-19 06:01:42,928 kilosort.clustering_qr DEBUG    Center 24 | Xd shape: torch.Size([2361, 90]) | ntemp: 16
2026-07-19 06:01:44,023 kilosort.clustering_qr DEBUG    Center 25 | Xd shape: torch.Size([5462, 90]) | ntemp: 16
2026-07-19 06:01:45,453 kilosort.clustering_qr DEBUG    Center 26 | Xd shape: torch.Size([3985, 90]) | ntemp: 16
2026-07-19 06:01:46,552 kilosort.clustering_qr DEBUG    Center 27 | Xd shape: torch.Size([5393, 90]) | ntemp: 16
2026-07-19 06:01:47,967 kilosort.clustering_qr DEBUG    Center 28 | Xd shape: torch.Size([4622, 90]) | ntemp: 16
2026-07-19 06:01:49,316 kilosort.clustering_qr DEBUG     
2026-07-19 06:01:49,316 kilosort.clustering_qr DEBUG    Cluster center: 29 (30/96)
2026-07-19 06:01:49,316 kilosort.clustering_qr DEBUG    ********************************************************
2026-07-19 06:01:49,316 kilosort.clustering_qr DEBUG    CPU usage:    18.70 %
2026-07-19 06:01:49,316 kilosort.clustering_qr DEBUG    Mem used:     50.90 %     |       7.97 GB
2026-07-19 06:01:49,316 kilosort.clustering_qr DEBUG    Mem avail:     7.68 / 15.65 GB
2026-07-19 06:01:49,316 kilosort.clustering_qr DEBUG    ------------------------------------------------------
2026-07-19 06:01:49,316 kilosort.clustering_qr DEBUG    GPU usage:    `conda install pynvml` for GPU usage
2026-07-19 06:01:49,316 kilosort.clustering_qr DEBUG    GPU memory:   22.31 %     |      0.89   /     4.00 GB
2026-07-19 06:01:49,316 kilosort.clustering_qr DEBUG    Allocated:     0.28 %     |      0.01   /     4.00 GB
2026-07-19 06:01:49,316 kilosort.clustering_qr DEBUG    Max alloc:     1.23 %     |      0.05   /     4.00 GB
2026-07-19 06:01:49,316 kilosort.clustering_qr DEBUG    ********************************************************
2026-07-19 06:01:49,350 kilosort.clustering_qr DEBUG    Center 29 | Xd shape: torch.Size([3943, 90]) | ntemp: 16
2026-07-19 06:01:50,670 kilosort.clustering_qr DEBUG    Center 30 | Xd shape: torch.Size([3770, 90]) | ntemp: 16
2026-07-19 06:01:52,114 kilosort.clustering_qr DEBUG    Center 31 | Xd shape: torch.Size([2665, 90]) | ntemp: 16
2026-07-19 06:01:53,686 kilosort.clustering_qr DEBUG    Center 32 | Xd shape: torch.Size([2255, 90]) | ntemp: 16
2026-07-19 06:01:55,158 kilosort.clustering_qr DEBUG    Center 33 | Xd shape: torch.Size([8648, 90]) | ntemp: 16
2026-07-19 06:01:56,743 kilosort.clustering_qr DEBUG    Center 34 | Xd shape: torch.Size([6928, 90]) | ntemp: 16
2026-07-19 06:01:58,199 kilosort.clustering_qr DEBUG    Center 35 | Xd shape: torch.Size([7012, 90]) | ntemp: 16
2026-07-19 06:01:59,674 kilosort.clustering_qr DEBUG    Center 36 | Xd shape: torch.Size([6106, 90]) | ntemp: 16
2026-07-19 06:02:01,123 kilosort.clustering_qr DEBUG    Center 37 | Xd shape: torch.Size([4193, 90]) | ntemp: 16
2026-07-19 06:02:02,465 kilosort.clustering_qr DEBUG    Center 38 | Xd shape: torch.Size([7246, 90]) | ntemp: 16
2026-07-19 06:02:04,082 kilosort.clustering_qr DEBUG     
2026-07-19 06:02:04,082 kilosort.clustering_qr DEBUG    Cluster center: 39 (40/96)
2026-07-19 06:02:04,082 kilosort.clustering_qr DEBUG    ********************************************************
2026-07-19 06:02:04,082 kilosort.clustering_qr DEBUG    CPU usage:    18.90 %
2026-07-19 06:02:04,082 kilosort.clustering_qr DEBUG    Mem used:     50.90 %     |       7.97 GB
2026-07-19 06:02:04,082 kilosort.clustering_qr DEBUG    Mem avail:     7.68 / 15.65 GB
2026-07-19 06:02:04,082 kilosort.clustering_qr DEBUG    ------------------------------------------------------
2026-07-19 06:02:04,082 kilosort.clustering_qr DEBUG    GPU usage:    `conda install pynvml` for GPU usage
2026-07-19 06:02:04,082 kilosort.clustering_qr DEBUG    GPU memory:   22.31 %     |      0.89   /     4.00 GB
2026-07-19 06:02:04,082 kilosort.clustering_qr DEBUG    Allocated:     0.28 %     |      0.01   /     4.00 GB
2026-07-19 06:02:04,082 kilosort.clustering_qr DEBUG    Max alloc:     1.23 %     |      0.05   /     4.00 GB
2026-07-19 06:02:04,082 kilosort.clustering_qr DEBUG    ********************************************************
2026-07-19 06:02:04,123 kilosort.clustering_qr DEBUG    Center 39 | Xd shape: torch.Size([6456, 90]) | ntemp: 16
2026-07-19 06:02:05,552 kilosort.clustering_qr DEBUG    Center 40 | Xd shape: torch.Size([7314, 90]) | ntemp: 16
2026-07-19 06:02:07,032 kilosort.clustering_qr DEBUG    Center 41 | Xd shape: torch.Size([7804, 90]) | ntemp: 16
2026-07-19 06:02:08,456 kilosort.clustering_qr DEBUG    Center 42 | Xd shape: torch.Size([6880, 90]) | ntemp: 16
2026-07-19 06:02:10,086 kilosort.clustering_qr DEBUG    Center 43 | Xd shape: torch.Size([5940, 90]) | ntemp: 16
2026-07-19 06:02:11,535 kilosort.clustering_qr DEBUG    Center 44 | Xd shape: torch.Size([5405, 87]) | ntemp: 16
2026-07-19 06:02:12,930 kilosort.clustering_qr DEBUG    Center 45 | Xd shape: torch.Size([7112, 87]) | ntemp: 16
2026-07-19 06:02:14,737 kilosort.clustering_qr DEBUG    Center 46 | Xd shape: torch.Size([9824, 87]) | ntemp: 16
2026-07-19 06:02:16,219 kilosort.clustering_qr DEBUG    Center 47 | Xd shape: torch.Size([6889, 87]) | ntemp: 16
2026-07-19 06:02:17,651 kilosort.clustering_qr DEBUG    Center 48 | Xd shape: torch.Size([8790, 87]) | ntemp: 16
2026-07-19 06:02:19,259 kilosort.clustering_qr DEBUG     
2026-07-19 06:02:19,259 kilosort.clustering_qr DEBUG    Cluster center: 49 (50/96)
2026-07-19 06:02:19,259 kilosort.clustering_qr DEBUG    ********************************************************
2026-07-19 06:02:19,259 kilosort.clustering_qr DEBUG    CPU usage:    19.00 %
2026-07-19 06:02:19,259 kilosort.clustering_qr DEBUG    Mem used:     50.90 %     |       7.97 GB
2026-07-19 06:02:19,259 kilosort.clustering_qr DEBUG    Mem avail:     7.68 / 15.65 GB
2026-07-19 06:02:19,259 kilosort.clustering_qr DEBUG    ------------------------------------------------------
2026-07-19 06:02:19,259 kilosort.clustering_qr DEBUG    GPU usage:    `conda install pynvml` for GPU usage
2026-07-19 06:02:19,259 kilosort.clustering_qr DEBUG    GPU memory:   22.31 %     |      0.89   /     4.00 GB
2026-07-19 06:02:19,259 kilosort.clustering_qr DEBUG    Allocated:     0.28 %     |      0.01   /     4.00 GB
2026-07-19 06:02:19,259 kilosort.clustering_qr DEBUG    Max alloc:     1.23 %     |      0.05   /     4.00 GB
2026-07-19 06:02:19,259 kilosort.clustering_qr DEBUG    ********************************************************
2026-07-19 06:02:19,311 kilosort.clustering_qr DEBUG    Center 49 | Xd shape: torch.Size([7959, 87]) | ntemp: 16
2026-07-19 06:02:20,747 kilosort.clustering_qr DEBUG    Center 50 | Xd shape: torch.Size([7370, 87]) | ntemp: 16
2026-07-19 06:02:22,270 kilosort.clustering_qr DEBUG    Center 51 | Xd shape: torch.Size([8374, 90]) | ntemp: 16
2026-07-19 06:02:23,792 kilosort.clustering_qr DEBUG    Center 52 | Xd shape: torch.Size([6049, 90]) | ntemp: 16
2026-07-19 06:02:25,327 kilosort.clustering_qr DEBUG    Center 53 | Xd shape: torch.Size([4965, 90]) | ntemp: 16
2026-07-19 06:02:26,739 kilosort.clustering_qr DEBUG    Center 54 | Xd shape: torch.Size([4042, 90]) | ntemp: 16
2026-07-19 06:02:28,127 kilosort.clustering_qr DEBUG    Center 55 | Xd shape: torch.Size([2196, 90]) | ntemp: 16
2026-07-19 06:02:29,506 kilosort.clustering_qr DEBUG    Center 56 | Xd shape: torch.Size([652, 90]) | ntemp: 16
2026-07-19 06:02:29,538 kilosort.clustering_qr DEBUG    Center 57 | Xd shape: torch.Size([610, 90]) | ntemp: 16
2026-07-19 06:02:29,568 kilosort.clustering_qr DEBUG    Center 58 | Xd shape: torch.Size([973, 90]) | ntemp: 16
2026-07-19 06:02:29,579 kilosort.clustering_qr DEBUG     
2026-07-19 06:02:29,579 kilosort.clustering_qr DEBUG    Cluster center: 59 (60/96)
2026-07-19 06:02:29,579 kilosort.clustering_qr DEBUG    ********************************************************
2026-07-19 06:02:29,579 kilosort.clustering_qr DEBUG    CPU usage:    19.30 %
2026-07-19 06:02:29,579 kilosort.clustering_qr DEBUG    Mem used:     51.00 %     |       7.98 GB
2026-07-19 06:02:29,579 kilosort.clustering_qr DEBUG    Mem avail:     7.67 / 15.65 GB
2026-07-19 06:02:29,579 kilosort.clustering_qr DEBUG    ------------------------------------------------------
2026-07-19 06:02:29,579 kilosort.clustering_qr DEBUG    GPU usage:    `conda install pynvml` for GPU usage
2026-07-19 06:02:29,579 kilosort.clustering_qr DEBUG    GPU memory:   22.31 %     |      0.89   /     4.00 GB
2026-07-19 06:02:29,579 kilosort.clustering_qr DEBUG    Allocated:     0.28 %     |      0.01   /     4.00 GB
2026-07-19 06:02:29,579 kilosort.clustering_qr DEBUG    Max alloc:     1.23 %     |      0.05   /     4.00 GB
2026-07-19 06:02:29,579 kilosort.clustering_qr DEBUG    ********************************************************
2026-07-19 06:02:29,599 kilosort.clustering_qr DEBUG    Center 59 | Xd shape: torch.Size([525, 90]) | ntemp: 16
2026-07-19 06:02:29,630 kilosort.clustering_qr DEBUG    Center 60 | Xd shape: torch.Size([4392, 90]) | ntemp: 16
2026-07-19 06:02:31,070 kilosort.clustering_qr DEBUG    Center 61 | Xd shape: torch.Size([2322, 90]) | ntemp: 16
2026-07-19 06:02:32,335 kilosort.clustering_qr DEBUG    Center 62 | Xd shape: torch.Size([7128, 90]) | ntemp: 16
2026-07-19 06:02:33,755 kilosort.clustering_qr DEBUG    Center 63 | Xd shape: torch.Size([6058, 90]) | ntemp: 16
2026-07-19 06:02:35,145 kilosort.clustering_qr DEBUG    Center 64 | Xd shape: torch.Size([1475, 90]) | ntemp: 16
2026-07-19 06:02:36,066 kilosort.clustering_qr DEBUG    Center 65 | Xd shape: torch.Size([1347, 90]) | ntemp: 16
2026-07-19 06:02:37,066 kilosort.clustering_qr DEBUG    Center 66 | Xd shape: torch.Size([4825, 90]) | ntemp: 16
2026-07-19 06:02:38,442 kilosort.clustering_qr DEBUG    Center 67 | Xd shape: torch.Size([5620, 90]) | ntemp: 16
2026-07-19 06:02:39,848 kilosort.clustering_qr DEBUG    Center 68 | Xd shape: torch.Size([10796, 90]) | ntemp: 16
2026-07-19 06:02:41,387 kilosort.clustering_qr DEBUG     
2026-07-19 06:02:41,387 kilosort.clustering_qr DEBUG    Cluster center: 69 (70/96)
2026-07-19 06:02:41,387 kilosort.clustering_qr DEBUG    ********************************************************
2026-07-19 06:02:41,387 kilosort.clustering_qr DEBUG    CPU usage:    19.00 %
2026-07-19 06:02:41,387 kilosort.clustering_qr DEBUG    Mem used:     50.90 %     |       7.97 GB
2026-07-19 06:02:41,387 kilosort.clustering_qr DEBUG    Mem avail:     7.68 / 15.65 GB
2026-07-19 06:02:41,387 kilosort.clustering_qr DEBUG    ------------------------------------------------------
2026-07-19 06:02:41,387 kilosort.clustering_qr DEBUG    GPU usage:    `conda install pynvml` for GPU usage
2026-07-19 06:02:41,387 kilosort.clustering_qr DEBUG    GPU memory:   22.31 %     |      0.89   /     4.00 GB
2026-07-19 06:02:41,387 kilosort.clustering_qr DEBUG    Allocated:     0.28 %     |      0.01   /     4.00 GB
2026-07-19 06:02:41,387 kilosort.clustering_qr DEBUG    Max alloc:     1.23 %     |      0.05   /     4.00 GB
2026-07-19 06:02:41,387 kilosort.clustering_qr DEBUG    ********************************************************
2026-07-19 06:02:41,446 kilosort.clustering_qr DEBUG    Center 69 | Xd shape: torch.Size([10131, 90]) | ntemp: 16
2026-07-19 06:02:42,875 kilosort.clustering_qr DEBUG    Center 70 | Xd shape: torch.Size([8948, 90]) | ntemp: 16
2026-07-19 06:02:44,200 kilosort.clustering_qr DEBUG    Center 71 | Xd shape: torch.Size([9679, 90]) | ntemp: 16
2026-07-19 06:02:45,655 kilosort.clustering_qr DEBUG    Center 72 | Xd shape: torch.Size([9449, 90]) | ntemp: 16
2026-07-19 06:02:47,123 kilosort.clustering_qr DEBUG    Center 73 | Xd shape: torch.Size([8947, 90]) | ntemp: 16
2026-07-19 06:02:48,605 kilosort.clustering_qr DEBUG    Center 74 | Xd shape: torch.Size([9635, 90]) | ntemp: 16
2026-07-19 06:02:50,102 kilosort.clustering_qr DEBUG    Center 75 | Xd shape: torch.Size([10354, 90]) | ntemp: 16
2026-07-19 06:02:51,609 kilosort.clustering_qr DEBUG    Center 76 | Xd shape: torch.Size([10529, 90]) | ntemp: 16
2026-07-19 06:02:53,076 kilosort.clustering_qr DEBUG    Center 77 | Xd shape: torch.Size([10185, 90]) | ntemp: 16
2026-07-19 06:02:54,625 kilosort.clustering_qr DEBUG    Center 78 | Xd shape: torch.Size([9797, 90]) | ntemp: 16
2026-07-19 06:02:56,017 kilosort.clustering_qr DEBUG     
2026-07-19 06:02:56,017 kilosort.clustering_qr DEBUG    Cluster center: 79 (80/96)
2026-07-19 06:02:56,017 kilosort.clustering_qr DEBUG    ********************************************************
2026-07-19 06:02:56,017 kilosort.clustering_qr DEBUG    CPU usage:    18.70 %
2026-07-19 06:02:56,017 kilosort.clustering_qr DEBUG    Mem used:     50.90 %     |       7.96 GB
2026-07-19 06:02:56,017 kilosort.clustering_qr DEBUG    Mem avail:     7.69 / 15.65 GB
2026-07-19 06:02:56,017 kilosort.clustering_qr DEBUG    ------------------------------------------------------
2026-07-19 06:02:56,017 kilosort.clustering_qr DEBUG    GPU usage:    `conda install pynvml` for GPU usage
2026-07-19 06:02:56,017 kilosort.clustering_qr DEBUG    GPU memory:   22.31 %     |      0.89   /     4.00 GB
2026-07-19 06:02:56,017 kilosort.clustering_qr DEBUG    Allocated:     0.28 %     |      0.01   /     4.00 GB
2026-07-19 06:02:56,017 kilosort.clustering_qr DEBUG    Max alloc:     1.23 %     |      0.05   /     4.00 GB
2026-07-19 06:02:56,017 kilosort.clustering_qr DEBUG    ********************************************************
2026-07-19 06:02:56,089 kilosort.clustering_qr DEBUG    Center 79 | Xd shape: torch.Size([10030, 90]) | ntemp: 16
2026-07-19 06:02:57,575 kilosort.clustering_qr DEBUG    Center 80 | Xd shape: torch.Size([9367, 90]) | ntemp: 16
2026-07-19 06:02:59,087 kilosort.clustering_qr DEBUG    Center 81 | Xd shape: torch.Size([9652, 90]) | ntemp: 16
2026-07-19 06:03:00,593 kilosort.clustering_qr DEBUG    Center 82 | Xd shape: torch.Size([9922, 90]) | ntemp: 16
2026-07-19 06:03:02,018 kilosort.clustering_qr DEBUG    Center 83 | Xd shape: torch.Size([9915, 90]) | ntemp: 16
2026-07-19 06:03:03,549 kilosort.clustering_qr DEBUG    Center 84 | Xd shape: torch.Size([10000, 90]) | ntemp: 16
2026-07-19 06:03:05,025 kilosort.clustering_qr DEBUG    Center 85 | Xd shape: torch.Size([9723, 90]) | ntemp: 16
2026-07-19 06:03:06,525 kilosort.clustering_qr DEBUG    Center 86 | Xd shape: torch.Size([10248, 90]) | ntemp: 16
2026-07-19 06:03:08,051 kilosort.clustering_qr DEBUG    Center 87 | Xd shape: torch.Size([10730, 90]) | ntemp: 16
2026-07-19 06:03:09,573 kilosort.clustering_qr DEBUG    Center 88 | Xd shape: torch.Size([9349, 90]) | ntemp: 16
2026-07-19 06:03:11,008 kilosort.clustering_qr DEBUG     
2026-07-19 06:03:11,008 kilosort.clustering_qr DEBUG    Cluster center: 89 (90/96)
2026-07-19 06:03:11,008 kilosort.clustering_qr DEBUG    ********************************************************
2026-07-19 06:03:11,008 kilosort.clustering_qr DEBUG    CPU usage:    20.20 %
2026-07-19 06:03:11,008 kilosort.clustering_qr DEBUG    Mem used:     51.10 %     |       8.00 GB
2026-07-19 06:03:11,008 kilosort.clustering_qr DEBUG    Mem avail:     7.65 / 15.65 GB
2026-07-19 06:03:11,008 kilosort.clustering_qr DEBUG    ------------------------------------------------------
2026-07-19 06:03:11,008 kilosort.clustering_qr DEBUG    GPU usage:    `conda install pynvml` for GPU usage
2026-07-19 06:03:11,008 kilosort.clustering_qr DEBUG    GPU memory:   22.31 %     |      0.89   /     4.00 GB
2026-07-19 06:03:11,008 kilosort.clustering_qr DEBUG    Allocated:     0.28 %     |      0.01   /     4.00 GB
2026-07-19 06:03:11,008 kilosort.clustering_qr DEBUG    Max alloc:     1.23 %     |      0.05   /     4.00 GB
2026-07-19 06:03:11,008 kilosort.clustering_qr DEBUG    ********************************************************
2026-07-19 06:03:11,071 kilosort.clustering_qr DEBUG    Center 89 | Xd shape: torch.Size([10872, 90]) | ntemp: 16
2026-07-19 06:03:12,515 kilosort.clustering_qr DEBUG    Center 90 | Xd shape: torch.Size([10238, 90]) | ntemp: 16
2026-07-19 06:03:13,979 kilosort.clustering_qr DEBUG    Center 91 | Xd shape: torch.Size([7768, 90]) | ntemp: 16
2026-07-19 06:03:15,393 kilosort.clustering_qr DEBUG    Center 92 | Xd shape: torch.Size([10545, 84]) | ntemp: 16
2026-07-19 06:03:16,887 kilosort.clustering_qr DEBUG    Center 93 | Xd shape: torch.Size([9782, 78]) | ntemp: 16
2026-07-19 06:03:18,420 kilosort.clustering_qr DEBUG    Center 94 | Xd shape: torch.Size([8759, 78]) | ntemp: 16
2026-07-19 06:03:19,830 kilosort.clustering_qr DEBUG    Center 95 | Xd shape: torch.Size([6997, 78]) | ntemp: 12
2026-07-19 06:03:21,997 kilosort.run_kilosort INFO     223 clusters found, in 132.56s; total 2880.02s
2026-07-19 06:03:21,997 kilosort.run_kilosort DEBUG    clu shape: (623241,)
2026-07-19 06:03:21,997 kilosort.run_kilosort DEBUG    Wall shape: torch.Size([223, 383, 3])
2026-07-19 06:03:21,997 kilosort.run_kilosort INFO      
2026-07-19 06:03:21,997 kilosort.run_kilosort INFO     Resource usage after first clustering
2026-07-19 06:03:21,997 kilosort.run_kilosort INFO     ********************************************************
2026-07-19 06:03:21,997 kilosort.run_kilosort INFO     CPU usage:    33.30 %
2026-07-19 06:03:21,997 kilosort.run_kilosort INFO     Mem used:     51.10 %     |       8.00 GB
2026-07-19 06:03:21,997 kilosort.run_kilosort INFO     Mem avail:     7.65 / 15.65 GB
2026-07-19 06:03:21,997 kilosort.run_kilosort INFO     ------------------------------------------------------
2026-07-19 06:03:21,997 kilosort.run_kilosort INFO     GPU usage:    `conda install pynvml` for GPU usage
2026-07-19 06:03:21,997 kilosort.run_kilosort INFO     GPU memory:   29.25 %     |      1.17   /     4.00 GB
2026-07-19 06:03:21,997 kilosort.run_kilosort INFO     Allocated:     0.30 %     |      0.01   /     4.00 GB
2026-07-19 06:03:21,997 kilosort.run_kilosort INFO     Max alloc:     6.65 %     |      0.27   /     4.00 GB
2026-07-19 06:03:21,997 kilosort.run_kilosort INFO     ********************************************************
2026-07-19 06:03:21,997 kilosort.run_kilosort DEBUG    
2026-07-19 06:03:21,997 kilosort.run_kilosort DEBUG    --------------------
2026-07-19 06:03:21,997 kilosort.run_kilosort DEBUG    Process thread count: N/A (linux only)
2026-07-19 06:03:21,997 kilosort.run_kilosort DEBUG    num torch threads: 8
2026-07-19 06:03:21,997 kilosort.run_kilosort DEBUG    --------------------

2026-07-19 06:03:21,997 kilosort.run_kilosort INFO      
2026-07-19 06:03:21,997 kilosort.run_kilosort INFO     Extracting spikes using cluster waveforms
2026-07-19 06:03:21,997 kilosort.run_kilosort INFO     ----------------------------------------
2026-07-19 06:03:22,068 kilosort.template_matching DEBUG     
2026-07-19 06:03:22,068 kilosort.template_matching DEBUG    Batch 0
2026-07-19 06:03:22,068 kilosort.template_matching DEBUG    ********************************************************
2026-07-19 06:03:22,068 kilosort.template_matching DEBUG    CPU usage:    25.00 %
2026-07-19 06:03:22,068 kilosort.template_matching DEBUG    Mem used:     52.90 %     |       8.27 GB
2026-07-19 06:03:22,068 kilosort.template_matching DEBUG    Mem avail:     7.38 / 15.65 GB
2026-07-19 06:03:22,068 kilosort.template_matching DEBUG    ------------------------------------------------------
2026-07-19 06:03:22,068 kilosort.template_matching DEBUG    GPU usage:    `conda install pynvml` for GPU usage
2026-07-19 06:03:22,078 kilosort.template_matching DEBUG    GPU memory:   29.25 %     |      1.17   /     4.00 GB
2026-07-19 06:03:22,078 kilosort.template_matching DEBUG    Allocated:     0.80 %     |      0.03   /     4.00 GB
2026-07-19 06:03:22,078 kilosort.template_matching DEBUG    Max alloc:     0.88 %     |      0.04   /     4.00 GB
2026-07-19 06:03:22,078 kilosort.template_matching DEBUG    ********************************************************
2026-07-19 06:04:44,870 kilosort.template_matching DEBUG     
2026-07-19 06:04:44,870 kilosort.template_matching DEBUG    Batch 100
2026-07-19 06:04:44,870 kilosort.template_matching DEBUG    ********************************************************
2026-07-19 06:04:44,870 kilosort.template_matching DEBUG    CPU usage:    17.80 %
2026-07-19 06:04:44,870 kilosort.template_matching DEBUG    Mem used:     53.30 %     |       8.34 GB
2026-07-19 06:04:44,870 kilosort.template_matching DEBUG    Mem avail:     7.31 / 15.65 GB
2026-07-19 06:04:44,870 kilosort.template_matching DEBUG    ------------------------------------------------------
2026-07-19 06:04:44,870 kilosort.template_matching DEBUG    GPU usage:    `conda install pynvml` for GPU usage
2026-07-19 06:04:44,870 kilosort.template_matching DEBUG    GPU memory:   64.07 %     |      2.56   /     4.00 GB
2026-07-19 06:04:44,870 kilosort.template_matching DEBUG    Allocated:     5.17 %     |      0.21   /     4.00 GB
2026-07-19 06:04:44,870 kilosort.template_matching DEBUG    Max alloc:    35.46 %     |      1.42   /     4.00 GB
2026-07-19 06:04:44,870 kilosort.template_matching DEBUG    ********************************************************
2026-07-19 06:04:53,513 kilosort.template_matching DEBUG     
2026-07-19 06:04:53,513 kilosort.template_matching DEBUG    Batch 109
2026-07-19 06:04:53,513 kilosort.template_matching DEBUG    ********************************************************
2026-07-19 06:04:53,513 kilosort.template_matching DEBUG    CPU usage:    19.20 %
2026-07-19 06:04:53,513 kilosort.template_matching DEBUG    Mem used:     53.30 %     |       8.35 GB
2026-07-19 06:04:53,513 kilosort.template_matching DEBUG    Mem avail:     7.30 / 15.65 GB
2026-07-19 06:04:53,513 kilosort.template_matching DEBUG    ------------------------------------------------------
2026-07-19 06:04:53,513 kilosort.template_matching DEBUG    GPU usage:    `conda install pynvml` for GPU usage
2026-07-19 06:04:53,513 kilosort.template_matching DEBUG    GPU memory:   64.07 %     |      2.56   /     4.00 GB
2026-07-19 06:04:53,513 kilosort.template_matching DEBUG    Allocated:     5.19 %     |      0.21   /     4.00 GB
2026-07-19 06:04:53,513 kilosort.template_matching DEBUG    Max alloc:    35.46 %     |      1.42   /     4.00 GB
2026-07-19 06:04:53,513 kilosort.template_matching DEBUG    ********************************************************
2026-07-19 06:04:53,793 kilosort.run_kilosort DEBUG    
2026-07-19 06:04:53,793 kilosort.run_kilosort DEBUG    --------------------
2026-07-19 06:04:53,793 kilosort.run_kilosort DEBUG    Process thread count: N/A (linux only)
2026-07-19 06:04:53,793 kilosort.run_kilosort DEBUG    num torch threads: 8
2026-07-19 06:04:53,793 kilosort.run_kilosort DEBUG    --------------------

2026-07-19 06:04:53,793 kilosort.run_kilosort INFO     738653 spikes extracted in 91.80s; total 2971.82s
2026-07-19 06:04:53,793 kilosort.run_kilosort DEBUG    st shape: (738653, 3)
2026-07-19 06:04:53,793 kilosort.run_kilosort DEBUG    tF shape: torch.Size([738653, 25, 3])
2026-07-19 06:04:53,793 kilosort.run_kilosort DEBUG    iCC shape: torch.Size([25, 383])
2026-07-19 06:04:53,793 kilosort.run_kilosort DEBUG    iU shape: torch.Size([208])
2026-07-19 06:04:53,793 kilosort.run_kilosort DEBUG    

|===========================================================================|
|                  PyTorch CUDA memory summary, device ID 0                 |
|---------------------------------------------------------------------------|
|            CUDA OOMs: 0            |        cudaMalloc retries: 0         |
|===========================================================================|
|        Metric         | Cur Usage  | Peak Usage | Tot Alloc  | Tot Freed  |
|---------------------------------------------------------------------------|
| Allocated memory      |  12853 KiB |   1452 MiB |  28361 GiB |  28361 GiB |
|---------------------------------------------------------------------------|
| Active memory         |  12853 KiB |   1452 MiB |  28361 GiB |  28361 GiB |
|---------------------------------------------------------------------------|
| Requested memory      |  12849 KiB |   1452 MiB |  28349 GiB |  28349 GiB |
|---------------------------------------------------------------------------|
| GPU reserved memory   |   1760 MiB |   1760 MiB |    975 GiB |    973 GiB |
|---------------------------------------------------------------------------|
| Non-releasable memory |  42443 KiB |    857 MiB |  11086 GiB |  11086 GiB |
|---------------------------------------------------------------------------|
| Allocations           |      13    |      45    |    1597 K  |    1597 K  |
|---------------------------------------------------------------------------|
| Active allocs         |      13    |      45    |    1597 K  |    1597 K  |
|---------------------------------------------------------------------------|
| GPU reserved segments |      15    |      15    |    2859    |    2844    |
|---------------------------------------------------------------------------|
| Non-releasable allocs |      12    |      22    |  626346    |  626334    |
|---------------------------------------------------------------------------|
| Oversize allocations  |       0    |       0    |       0    |       0    |
|---------------------------------------------------------------------------|
| Oversize GPU segments |       0    |       0    |       0    |       0    |
|===========================================================================|


2026-07-19 06:04:53,803 kilosort.run_kilosort INFO      
2026-07-19 06:04:53,803 kilosort.run_kilosort INFO     Resource usage after spike detect (learned)
2026-07-19 06:04:53,803 kilosort.run_kilosort INFO     ********************************************************
2026-07-19 06:04:53,803 kilosort.run_kilosort INFO     CPU usage:     0.00 %
2026-07-19 06:04:53,803 kilosort.run_kilosort INFO     Mem used:     53.40 %     |       8.36 GB
2026-07-19 06:04:53,803 kilosort.run_kilosort INFO     Mem avail:     7.28 / 15.65 GB
2026-07-19 06:04:53,803 kilosort.run_kilosort INFO     ------------------------------------------------------
2026-07-19 06:04:53,803 kilosort.run_kilosort INFO     GPU usage:    `conda install pynvml` for GPU usage
2026-07-19 06:04:53,803 kilosort.run_kilosort INFO     GPU memory:   64.07 %     |      2.56   /     4.00 GB
2026-07-19 06:04:53,803 kilosort.run_kilosort INFO     Allocated:     0.31 %     |      0.01   /     4.00 GB
2026-07-19 06:04:53,803 kilosort.run_kilosort INFO     Max alloc:    35.46 %     |      1.42   /     4.00 GB
2026-07-19 06:04:53,803 kilosort.run_kilosort INFO     ********************************************************
2026-07-19 06:04:53,803 kilosort.run_kilosort DEBUG    
2026-07-19 06:04:53,803 kilosort.run_kilosort DEBUG    --------------------
2026-07-19 06:04:53,803 kilosort.run_kilosort DEBUG    Process thread count: N/A (linux only)
2026-07-19 06:04:53,803 kilosort.run_kilosort DEBUG    num torch threads: 8
2026-07-19 06:04:53,803 kilosort.run_kilosort DEBUG    --------------------

2026-07-19 06:04:53,803 kilosort.run_kilosort INFO     Generating diagnostic plots ...
2026-07-19 06:04:57,129 kilosort.run_kilosort INFO      
2026-07-19 06:04:57,129 kilosort.run_kilosort INFO     Final clustering
2026-07-19 06:04:57,129 kilosort.run_kilosort INFO     ----------------------------------------
2026-07-19 06:04:57,224 kilosort.clustering_qr DEBUG    Center 2 | Xd shape: torch.Size([5797, 75]) | ntemp: 2
2026-07-19 06:04:59,072 kilosort.clustering_qr DEBUG    Center 3 | Xd shape: torch.Size([5725, 75]) | ntemp: 2
2026-07-19 06:05:00,433 kilosort.clustering_qr DEBUG    Center 4 | Xd shape: torch.Size([889, 75]) | ntemp: 1
2026-07-19 06:05:00,483 kilosort.clustering_qr DEBUG    Center 5 | Xd shape: torch.Size([11084, 84]) | ntemp: 5
2026-07-19 06:05:07,628 kilosort.clustering_qr DEBUG    Center 6 | Xd shape: torch.Size([3289, 75]) | ntemp: 1
2026-07-19 06:05:09,429 kilosort.clustering_qr DEBUG    Center 7 | Xd shape: torch.Size([7504, 75]) | ntemp: 1
2026-07-19 06:05:10,696 kilosort.clustering_qr DEBUG    Center 8 | Xd shape: torch.Size([9340, 75]) | ntemp: 3
2026-07-19 06:05:12,168 kilosort.clustering_qr DEBUG    Center 9 | Xd shape: torch.Size([29708, 75]) | ntemp: 1
2026-07-19 06:05:14,042 kilosort.clustering_qr DEBUG    Center 10 | Xd shape: torch.Size([4602, 75]) | ntemp: 1
2026-07-19 06:05:15,499 kilosort.clustering_qr DEBUG     
2026-07-19 06:05:15,499 kilosort.clustering_qr DEBUG    Cluster center: 11 (10/88)
2026-07-19 06:05:15,499 kilosort.clustering_qr DEBUG    ********************************************************
2026-07-19 06:05:15,499 kilosort.clustering_qr DEBUG    CPU usage:    17.70 %
2026-07-19 06:05:15,499 kilosort.clustering_qr DEBUG    Mem used:     51.90 %     |       8.12 GB
2026-07-19 06:05:15,499 kilosort.clustering_qr DEBUG    Mem avail:     7.53 / 15.65 GB
2026-07-19 06:05:15,499 kilosort.clustering_qr DEBUG    ------------------------------------------------------
2026-07-19 06:05:15,499 kilosort.clustering_qr DEBUG    GPU usage:    `conda install pynvml` for GPU usage
2026-07-19 06:05:15,499 kilosort.clustering_qr DEBUG    GPU memory:   22.36 %     |      0.89   /     4.00 GB
2026-07-19 06:05:15,499 kilosort.clustering_qr DEBUG    Allocated:     0.29 %     |      0.01   /     4.00 GB
2026-07-19 06:05:15,499 kilosort.clustering_qr DEBUG    Max alloc:     2.31 %     |      0.09   /     4.00 GB
2026-07-19 06:05:15,499 kilosort.clustering_qr DEBUG    ********************************************************
2026-07-19 06:05:15,519 kilosort.clustering_qr DEBUG    Center 11 | Xd shape: torch.Size([5267, 75]) | ntemp: 1
2026-07-19 06:05:16,775 kilosort.clustering_qr DEBUG    Center 12 | Xd shape: torch.Size([8882, 75]) | ntemp: 1
2026-07-19 06:05:18,227 kilosort.clustering_qr DEBUG    Center 13 | Xd shape: torch.Size([2960, 75]) | ntemp: 1
2026-07-19 06:05:19,522 kilosort.clustering_qr DEBUG    Center 14 | Xd shape: torch.Size([3666, 84]) | ntemp: 2
2026-07-19 06:05:20,840 kilosort.clustering_qr DEBUG    Center 15 | Xd shape: torch.Size([11388, 84]) | ntemp: 5
2026-07-19 06:05:22,491 kilosort.clustering_qr DEBUG    Center 16 | Xd shape: torch.Size([14180, 84]) | ntemp: 7
2026-07-19 06:05:24,280 kilosort.clustering_qr DEBUG    Center 17 | Xd shape: torch.Size([8266, 81]) | ntemp: 6
2026-07-19 06:05:25,881 kilosort.clustering_qr DEBUG    Center 18 | Xd shape: torch.Size([10671, 78]) | ntemp: 6
2026-07-19 06:05:27,480 kilosort.clustering_qr DEBUG    Center 19 | Xd shape: torch.Size([11218, 84]) | ntemp: 9
2026-07-19 06:05:29,073 kilosort.clustering_qr DEBUG    Center 20 | Xd shape: torch.Size([8623, 78]) | ntemp: 3
2026-07-19 06:05:30,574 kilosort.clustering_qr DEBUG     
2026-07-19 06:05:30,574 kilosort.clustering_qr DEBUG    Cluster center: 21 (20/88)
2026-07-19 06:05:30,574 kilosort.clustering_qr DEBUG    ********************************************************
2026-07-19 06:05:30,574 kilosort.clustering_qr DEBUG    CPU usage:    18.80 %
2026-07-19 06:05:30,574 kilosort.clustering_qr DEBUG    Mem used:     51.90 %     |       8.12 GB
2026-07-19 06:05:30,574 kilosort.clustering_qr DEBUG    Mem avail:     7.53 / 15.65 GB
2026-07-19 06:05:30,574 kilosort.clustering_qr DEBUG    ------------------------------------------------------
2026-07-19 06:05:30,574 kilosort.clustering_qr DEBUG    GPU usage:    `conda install pynvml` for GPU usage
2026-07-19 06:05:30,574 kilosort.clustering_qr DEBUG    GPU memory:   22.36 %     |      0.89   /     4.00 GB
2026-07-19 06:05:30,574 kilosort.clustering_qr DEBUG    Allocated:     0.29 %     |      0.01   /     4.00 GB
2026-07-19 06:05:30,574 kilosort.clustering_qr DEBUG    Max alloc:     2.31 %     |      0.09   /     4.00 GB
2026-07-19 06:05:30,574 kilosort.clustering_qr DEBUG    ********************************************************
2026-07-19 06:05:30,605 kilosort.clustering_qr DEBUG    Center 21 | Xd shape: torch.Size([5714, 81]) | ntemp: 3
2026-07-19 06:05:32,077 kilosort.clustering_qr DEBUG    Center 22 | Xd shape: torch.Size([19363, 81]) | ntemp: 5
2026-07-19 06:05:33,915 kilosort.clustering_qr DEBUG    Center 23 | Xd shape: torch.Size([8423, 81]) | ntemp: 3
2026-07-19 06:05:35,468 kilosort.clustering_qr DEBUG    Center 24 | Xd shape: torch.Size([4957, 81]) | ntemp: 3
2026-07-19 06:05:36,857 kilosort.clustering_qr DEBUG    Center 25 | Xd shape: torch.Size([6299, 81]) | ntemp: 2
2026-07-19 06:05:38,257 kilosort.clustering_qr DEBUG    Center 26 | Xd shape: torch.Size([4933, 78]) | ntemp: 3
2026-07-19 06:05:39,598 kilosort.clustering_qr DEBUG    Center 27 | Xd shape: torch.Size([7084, 75]) | ntemp: 2
2026-07-19 06:05:41,091 kilosort.clustering_qr DEBUG    Center 28 | Xd shape: torch.Size([10747, 75]) | ntemp: 2
2026-07-19 06:05:42,616 kilosort.clustering_qr DEBUG    Center 29 | Xd shape: torch.Size([11394, 81]) | ntemp: 3
2026-07-19 06:05:44,108 kilosort.clustering_qr DEBUG    Center 30 | Xd shape: torch.Size([3044, 81]) | ntemp: 2
2026-07-19 06:05:45,483 kilosort.clustering_qr DEBUG     
2026-07-19 06:05:45,483 kilosort.clustering_qr DEBUG    Cluster center: 31 (30/88)
2026-07-19 06:05:45,483 kilosort.clustering_qr DEBUG    ********************************************************
2026-07-19 06:05:45,483 kilosort.clustering_qr DEBUG    CPU usage:    19.50 %
2026-07-19 06:05:45,483 kilosort.clustering_qr DEBUG    Mem used:     51.80 %     |       8.11 GB
2026-07-19 06:05:45,483 kilosort.clustering_qr DEBUG    Mem avail:     7.54 / 15.65 GB
2026-07-19 06:05:45,483 kilosort.clustering_qr DEBUG    ------------------------------------------------------
2026-07-19 06:05:45,483 kilosort.clustering_qr DEBUG    GPU usage:    `conda install pynvml` for GPU usage
2026-07-19 06:05:45,483 kilosort.clustering_qr DEBUG    GPU memory:   22.36 %     |      0.89   /     4.00 GB
2026-07-19 06:05:45,483 kilosort.clustering_qr DEBUG    Allocated:     0.29 %     |      0.01   /     4.00 GB
2026-07-19 06:05:45,483 kilosort.clustering_qr DEBUG    Max alloc:     2.31 %     |      0.09   /     4.00 GB
2026-07-19 06:05:45,483 kilosort.clustering_qr DEBUG    ********************************************************
2026-07-19 06:05:45,503 kilosort.clustering_qr DEBUG    Center 31 | Xd shape: torch.Size([7177, 84]) | ntemp: 4
2026-07-19 06:05:46,993 kilosort.clustering_qr DEBUG    Center 32 | Xd shape: torch.Size([1683, 75]) | ntemp: 1
2026-07-19 06:05:48,291 kilosort.clustering_qr DEBUG    Center 33 | Xd shape: torch.Size([10189, 81]) | ntemp: 4
2026-07-19 06:05:49,769 kilosort.clustering_qr DEBUG    Center 34 | Xd shape: torch.Size([13208, 81]) | ntemp: 2
2026-07-19 06:05:51,426 kilosort.clustering_qr DEBUG    Center 35 | Xd shape: torch.Size([14897, 81]) | ntemp: 3
2026-07-19 06:05:52,874 kilosort.clustering_qr DEBUG    Center 36 | Xd shape: torch.Size([9103, 78]) | ntemp: 4
2026-07-19 06:05:54,449 kilosort.clustering_qr DEBUG    Center 37 | Xd shape: torch.Size([3604, 75]) | ntemp: 1
2026-07-19 06:05:55,872 kilosort.clustering_qr DEBUG    Center 38 | Xd shape: torch.Size([12001, 78]) | ntemp: 4
2026-07-19 06:05:57,628 kilosort.clustering_qr DEBUG    Center 39 | Xd shape: torch.Size([6829, 81]) | ntemp: 2
2026-07-19 06:05:59,063 kilosort.clustering_qr DEBUG    Center 40 | Xd shape: torch.Size([11129, 75]) | ntemp: 3
2026-07-19 06:06:00,562 kilosort.clustering_qr DEBUG     
2026-07-19 06:06:00,562 kilosort.clustering_qr DEBUG    Cluster center: 41 (40/88)
2026-07-19 06:06:00,562 kilosort.clustering_qr DEBUG    ********************************************************
2026-07-19 06:06:00,562 kilosort.clustering_qr DEBUG    CPU usage:    19.50 %
2026-07-19 06:06:00,562 kilosort.clustering_qr DEBUG    Mem used:     51.90 %     |       8.12 GB
2026-07-19 06:06:00,562 kilosort.clustering_qr DEBUG    Mem avail:     7.53 / 15.65 GB
2026-07-19 06:06:00,562 kilosort.clustering_qr DEBUG    ------------------------------------------------------
2026-07-19 06:06:00,562 kilosort.clustering_qr DEBUG    GPU usage:    `conda install pynvml` for GPU usage
2026-07-19 06:06:00,562 kilosort.clustering_qr DEBUG    GPU memory:   22.36 %     |      0.89   /     4.00 GB
2026-07-19 06:06:00,562 kilosort.clustering_qr DEBUG    Allocated:     0.29 %     |      0.01   /     4.00 GB
2026-07-19 06:06:00,562 kilosort.clustering_qr DEBUG    Max alloc:     2.31 %     |      0.09   /     4.00 GB
2026-07-19 06:06:00,562 kilosort.clustering_qr DEBUG    ********************************************************
2026-07-19 06:06:00,613 kilosort.clustering_qr DEBUG    Center 41 | Xd shape: torch.Size([18916, 84]) | ntemp: 4
2026-07-19 06:06:02,236 kilosort.clustering_qr DEBUG    Center 42 | Xd shape: torch.Size([13092, 84]) | ntemp: 5
2026-07-19 06:06:03,879 kilosort.clustering_qr DEBUG    Center 43 | Xd shape: torch.Size([11742, 78]) | ntemp: 4
2026-07-19 06:06:05,435 kilosort.clustering_qr DEBUG    Center 44 | Xd shape: torch.Size([7658, 75]) | ntemp: 3
2026-07-19 06:06:06,866 kilosort.clustering_qr DEBUG    Center 45 | Xd shape: torch.Size([7556, 81]) | ntemp: 5
2026-07-19 06:06:08,491 kilosort.clustering_qr DEBUG    Center 46 | Xd shape: torch.Size([20481, 81]) | ntemp: 6
2026-07-19 06:06:10,404 kilosort.clustering_qr DEBUG    Center 47 | Xd shape: torch.Size([10470, 75]) | ntemp: 4
2026-07-19 06:06:11,981 kilosort.clustering_qr DEBUG    Center 48 | Xd shape: torch.Size([18327, 81]) | ntemp: 6
2026-07-19 06:06:13,748 kilosort.clustering_qr DEBUG    Center 49 | Xd shape: torch.Size([6512, 75]) | ntemp: 1
2026-07-19 06:06:15,163 kilosort.clustering_qr DEBUG    Center 50 | Xd shape: torch.Size([6471, 75]) | ntemp: 1
2026-07-19 06:06:16,494 kilosort.clustering_qr DEBUG     
2026-07-19 06:06:16,494 kilosort.clustering_qr DEBUG    Cluster center: 51 (50/88)
2026-07-19 06:06:16,494 kilosort.clustering_qr DEBUG    ********************************************************
2026-07-19 06:06:16,494 kilosort.clustering_qr DEBUG    CPU usage:    19.60 %
2026-07-19 06:06:16,494 kilosort.clustering_qr DEBUG    Mem used:     51.90 %     |       8.12 GB
2026-07-19 06:06:16,494 kilosort.clustering_qr DEBUG    Mem avail:     7.53 / 15.65 GB
2026-07-19 06:06:16,494 kilosort.clustering_qr DEBUG    ------------------------------------------------------
2026-07-19 06:06:16,494 kilosort.clustering_qr DEBUG    GPU usage:    `conda install pynvml` for GPU usage
2026-07-19 06:06:16,494 kilosort.clustering_qr DEBUG    GPU memory:   22.36 %     |      0.89   /     4.00 GB
2026-07-19 06:06:16,494 kilosort.clustering_qr DEBUG    Allocated:     0.29 %     |      0.01   /     4.00 GB
2026-07-19 06:06:16,494 kilosort.clustering_qr DEBUG    Max alloc:     2.31 %     |      0.09   /     4.00 GB
2026-07-19 06:06:16,505 kilosort.clustering_qr DEBUG    ********************************************************
2026-07-19 06:06:16,557 kilosort.clustering_qr DEBUG    Center 51 | Xd shape: torch.Size([14659, 84]) | ntemp: 5
2026-07-19 06:06:18,388 kilosort.clustering_qr DEBUG    Center 52 | Xd shape: torch.Size([7590, 75]) | ntemp: 3
2026-07-19 06:06:19,615 kilosort.clustering_qr DEBUG    Center 53 | Xd shape: torch.Size([12083, 78]) | ntemp: 2
2026-07-19 06:06:20,953 kilosort.clustering_qr DEBUG    Center 54 | Xd shape: torch.Size([13691, 81]) | ntemp: 3
2026-07-19 06:06:22,430 kilosort.clustering_qr DEBUG    Center 55 | Xd shape: torch.Size([1309, 75]) | ntemp: 1
2026-07-19 06:06:23,876 kilosort.clustering_qr DEBUG    Center 56 | Xd shape: torch.Size([1036, 75]) | ntemp: 1
2026-07-19 06:06:25,297 kilosort.clustering_qr DEBUG    Center 57 | Xd shape: torch.Size([1644, 75]) | ntemp: 1
2026-07-19 06:06:26,689 kilosort.clustering_qr DEBUG    Center 58 | Xd shape: torch.Size([1388, 75]) | ntemp: 1
2026-07-19 06:06:28,199 kilosort.clustering_qr DEBUG    Center 59 | Xd shape: torch.Size([803, 75]) | ntemp: 1
2026-07-19 06:06:28,230 kilosort.clustering_qr DEBUG    Center 60 | Xd shape: torch.Size([16270, 75]) | ntemp: 2
2026-07-19 06:06:29,989 kilosort.clustering_qr DEBUG     
2026-07-19 06:06:29,989 kilosort.clustering_qr DEBUG    Cluster center: 62 (60/88)
2026-07-19 06:06:29,989 kilosort.clustering_qr DEBUG    ********************************************************
2026-07-19 06:06:29,989 kilosort.clustering_qr DEBUG    CPU usage:    18.90 %
2026-07-19 06:06:29,989 kilosort.clustering_qr DEBUG    Mem used:     51.90 %     |       8.12 GB
2026-07-19 06:06:29,989 kilosort.clustering_qr DEBUG    Mem avail:     7.52 / 15.65 GB
2026-07-19 06:06:29,999 kilosort.clustering_qr DEBUG    ------------------------------------------------------
2026-07-19 06:06:29,999 kilosort.clustering_qr DEBUG    GPU usage:    `conda install pynvml` for GPU usage
2026-07-19 06:06:29,999 kilosort.clustering_qr DEBUG    GPU memory:   22.36 %     |      0.89   /     4.00 GB
2026-07-19 06:06:29,999 kilosort.clustering_qr DEBUG    Allocated:     0.29 %     |      0.01   /     4.00 GB
2026-07-19 06:06:29,999 kilosort.clustering_qr DEBUG    Max alloc:     2.31 %     |      0.09   /     4.00 GB
2026-07-19 06:06:29,999 kilosort.clustering_qr DEBUG    ********************************************************
2026-07-19 06:06:30,009 kilosort.clustering_qr DEBUG    Center 62 | Xd shape: torch.Size([2204, 75]) | ntemp: 1
2026-07-19 06:06:31,239 kilosort.clustering_qr DEBUG    Center 63 | Xd shape: torch.Size([28685, 75]) | ntemp: 4
2026-07-19 06:06:33,125 kilosort.clustering_qr DEBUG    Center 64 | Xd shape: torch.Size([14427, 75]) | ntemp: 1
2026-07-19 06:06:34,667 kilosort.clustering_qr DEBUG    Center 68 | Xd shape: torch.Size([9508, 75]) | ntemp: 2
2026-07-19 06:06:36,143 kilosort.clustering_qr DEBUG    Center 69 | Xd shape: torch.Size([8407, 75]) | ntemp: 1
2026-07-19 06:06:37,541 kilosort.clustering_qr DEBUG    Center 70 | Xd shape: torch.Size([6279, 75]) | ntemp: 1
2026-07-19 06:06:38,983 kilosort.clustering_qr DEBUG    Center 72 | Xd shape: torch.Size([10856, 75]) | ntemp: 2
2026-07-19 06:06:40,419 kilosort.clustering_qr DEBUG    Center 73 | Xd shape: torch.Size([6539, 75]) | ntemp: 1
2026-07-19 06:06:41,215 kilosort.clustering_qr DEBUG    Center 74 | Xd shape: torch.Size([5657, 75]) | ntemp: 1
2026-07-19 06:06:42,602 kilosort.clustering_qr DEBUG    Center 75 | Xd shape: torch.Size([5823, 75]) | ntemp: 1
2026-07-19 06:06:43,995 kilosort.clustering_qr DEBUG     
2026-07-19 06:06:43,995 kilosort.clustering_qr DEBUG    Cluster center: 76 (70/88)
2026-07-19 06:06:43,995 kilosort.clustering_qr DEBUG    ********************************************************
2026-07-19 06:06:43,995 kilosort.clustering_qr DEBUG    CPU usage:    20.10 %
2026-07-19 06:06:43,995 kilosort.clustering_qr DEBUG    Mem used:     51.90 %     |       8.13 GB
2026-07-19 06:06:43,995 kilosort.clustering_qr DEBUG    Mem avail:     7.52 / 15.65 GB
2026-07-19 06:06:43,995 kilosort.clustering_qr DEBUG    ------------------------------------------------------
2026-07-19 06:06:43,995 kilosort.clustering_qr DEBUG    GPU usage:    `conda install pynvml` for GPU usage
2026-07-19 06:06:43,995 kilosort.clustering_qr DEBUG    GPU memory:   22.36 %     |      0.89   /     4.00 GB
2026-07-19 06:06:43,995 kilosort.clustering_qr DEBUG    Allocated:     0.29 %     |      0.01   /     4.00 GB
2026-07-19 06:06:43,995 kilosort.clustering_qr DEBUG    Max alloc:     2.31 %     |      0.09   /     4.00 GB
2026-07-19 06:06:43,995 kilosort.clustering_qr DEBUG    ********************************************************
2026-07-19 06:06:44,027 kilosort.clustering_qr DEBUG    Center 76 | Xd shape: torch.Size([7395, 75]) | ntemp: 1
2026-07-19 06:06:45,425 kilosort.clustering_qr DEBUG    Center 77 | Xd shape: torch.Size([6500, 75]) | ntemp: 1
2026-07-19 06:06:46,821 kilosort.clustering_qr DEBUG    Center 78 | Xd shape: torch.Size([4859, 75]) | ntemp: 1
2026-07-19 06:06:48,239 kilosort.clustering_qr DEBUG    Center 79 | Xd shape: torch.Size([5253, 75]) | ntemp: 1
2026-07-19 06:06:49,654 kilosort.clustering_qr DEBUG    Center 80 | Xd shape: torch.Size([5714, 75]) | ntemp: 1
2026-07-19 06:06:51,050 kilosort.clustering_qr DEBUG    Center 81 | Xd shape: torch.Size([8293, 75]) | ntemp: 1
2026-07-19 06:06:52,508 kilosort.clustering_qr DEBUG    Center 83 | Xd shape: torch.Size([10569, 75]) | ntemp: 2
2026-07-19 06:06:54,006 kilosort.clustering_qr DEBUG    Center 84 | Xd shape: torch.Size([5228, 75]) | ntemp: 1
2026-07-19 06:06:55,386 kilosort.clustering_qr DEBUG    Center 85 | Xd shape: torch.Size([6801, 75]) | ntemp: 1
2026-07-19 06:06:56,788 kilosort.clustering_qr DEBUG    Center 86 | Xd shape: torch.Size([5184, 75]) | ntemp: 1
2026-07-19 06:06:58,134 kilosort.clustering_qr DEBUG     
2026-07-19 06:06:58,134 kilosort.clustering_qr DEBUG    Cluster center: 87 (80/88)
2026-07-19 06:06:58,134 kilosort.clustering_qr DEBUG    ********************************************************
2026-07-19 06:06:58,134 kilosort.clustering_qr DEBUG    CPU usage:    19.20 %
2026-07-19 06:06:58,134 kilosort.clustering_qr DEBUG    Mem used:     51.80 %     |       8.11 GB
2026-07-19 06:06:58,134 kilosort.clustering_qr DEBUG    Mem avail:     7.54 / 15.65 GB
2026-07-19 06:06:58,134 kilosort.clustering_qr DEBUG    ------------------------------------------------------
2026-07-19 06:06:58,134 kilosort.clustering_qr DEBUG    GPU usage:    `conda install pynvml` for GPU usage
2026-07-19 06:06:58,134 kilosort.clustering_qr DEBUG    GPU memory:   22.36 %     |      0.89   /     4.00 GB
2026-07-19 06:06:58,134 kilosort.clustering_qr DEBUG    Allocated:     0.29 %     |      0.01   /     4.00 GB
2026-07-19 06:06:58,134 kilosort.clustering_qr DEBUG    Max alloc:     2.31 %     |      0.09   /     4.00 GB
2026-07-19 06:06:58,134 kilosort.clustering_qr DEBUG    ********************************************************
2026-07-19 06:06:58,154 kilosort.clustering_qr DEBUG    Center 87 | Xd shape: torch.Size([3694, 75]) | ntemp: 1
2026-07-19 06:06:59,600 kilosort.clustering_qr DEBUG    Center 88 | Xd shape: torch.Size([5941, 75]) | ntemp: 1
2026-07-19 06:07:01,092 kilosort.clustering_qr DEBUG    Center 89 | Xd shape: torch.Size([7726, 75]) | ntemp: 1
2026-07-19 06:07:02,545 kilosort.clustering_qr DEBUG    Center 90 | Xd shape: torch.Size([5373, 75]) | ntemp: 1
2026-07-19 06:07:03,958 kilosort.clustering_qr DEBUG    Center 91 | Xd shape: torch.Size([5081, 75]) | ntemp: 1
2026-07-19 06:07:05,368 kilosort.clustering_qr DEBUG    Center 92 | Xd shape: torch.Size([6189, 75]) | ntemp: 1
2026-07-19 06:07:06,786 kilosort.clustering_qr DEBUG    Center 93 | Xd shape: torch.Size([4997, 75]) | ntemp: 1
2026-07-19 06:07:08,157 kilosort.clustering_qr DEBUG    Center 94 | Xd shape: torch.Size([5857, 75]) | ntemp: 1
2026-07-19 06:07:09,634 kilosort.clustering_qr DEBUG    Center 95 | Xd shape: torch.Size([3079, 75]) | ntemp: 1
2026-07-19 06:07:11,027 kilosort.run_kilosort INFO     219 clusters found, in 133.90s; total 3109.05s
2026-07-19 06:07:11,027 kilosort.run_kilosort DEBUG    clu shape: (738653,)
2026-07-19 06:07:11,027 kilosort.run_kilosort DEBUG    Wall shape: torch.Size([219, 383, 3])
2026-07-19 06:07:11,027 kilosort.run_kilosort DEBUG    
2026-07-19 06:07:11,027 kilosort.run_kilosort DEBUG    --------------------
2026-07-19 06:07:11,027 kilosort.run_kilosort DEBUG    Process thread count: N/A (linux only)
2026-07-19 06:07:11,027 kilosort.run_kilosort DEBUG    num torch threads: 8
2026-07-19 06:07:11,027 kilosort.run_kilosort DEBUG    --------------------

2026-07-19 06:07:11,027 kilosort.run_kilosort INFO      
2026-07-19 06:07:11,027 kilosort.run_kilosort INFO     Merging clusters
2026-07-19 06:07:11,027 kilosort.run_kilosort INFO     ----------------------------------------
2026-07-19 06:07:12,831 kilosort.run_kilosort INFO     215 units found, in 1.80s; total 3110.85s
2026-07-19 06:07:12,831 kilosort.run_kilosort DEBUG    clu shape: (738653,)
2026-07-19 06:07:12,831 kilosort.run_kilosort DEBUG    Wall shape: torch.Size([215, 383, 3])
2026-07-19 06:07:12,831 kilosort.run_kilosort DEBUG    

|===========================================================================|
|                  PyTorch CUDA memory summary, device ID 0                 |
|---------------------------------------------------------------------------|
|            CUDA OOMs: 0            |        cudaMalloc retries: 0         |
|===========================================================================|
|        Metric         | Cur Usage  | Peak Usage | Tot Alloc  | Tot Freed  |
|---------------------------------------------------------------------------|
| Allocated memory      |  11919 KiB |  96699 KiB |  29210 GiB |  29210 GiB |
|---------------------------------------------------------------------------|
| Active memory         |  11919 KiB |  96699 KiB |  29210 GiB |  29210 GiB |
|---------------------------------------------------------------------------|
| Requested memory      |  11915 KiB |  96655 KiB |  29196 GiB |  29196 GiB |
|---------------------------------------------------------------------------|
| GPU reserved memory   |  55296 KiB |   1760 MiB |    975 GiB |    975 GiB |
|---------------------------------------------------------------------------|
| Non-releasable memory |  41329 KiB |  60044 KiB |  11907 GiB |  11907 GiB |
|---------------------------------------------------------------------------|
| Allocations           |      12    |      44    |    2689 K  |    2689 K  |
|---------------------------------------------------------------------------|
| Active allocs         |      12    |      44    |    2689 K  |    2689 K  |
|---------------------------------------------------------------------------|
| GPU reserved segments |       5    |      15    |    2970    |    2965    |
|---------------------------------------------------------------------------|
| Non-releasable allocs |      11    |      20    |    1094 K  |    1094 K  |
|---------------------------------------------------------------------------|
| Oversize allocations  |       0    |       0    |       0    |       0    |
|---------------------------------------------------------------------------|
| Oversize GPU segments |       0    |       0    |       0    |       0    |
|===========================================================================|


2026-07-19 06:07:12,831 kilosort.run_kilosort INFO      
2026-07-19 06:07:12,831 kilosort.run_kilosort INFO     Resource usage after clustering
2026-07-19 06:07:12,831 kilosort.run_kilosort INFO     ********************************************************
2026-07-19 06:07:12,831 kilosort.run_kilosort INFO     CPU usage:     0.00 %
2026-07-19 06:07:12,831 kilosort.run_kilosort INFO     Mem used:     53.30 %     |       8.34 GB
2026-07-19 06:07:12,831 kilosort.run_kilosort INFO     Mem avail:     7.31 / 15.65 GB
2026-07-19 06:07:12,831 kilosort.run_kilosort INFO     ------------------------------------------------------
2026-07-19 06:07:12,831 kilosort.run_kilosort INFO     GPU usage:    `conda install pynvml` for GPU usage
2026-07-19 06:07:12,831 kilosort.run_kilosort INFO     GPU memory:   22.41 %     |      0.90   /     4.00 GB
2026-07-19 06:07:12,831 kilosort.run_kilosort INFO     Allocated:     0.28 %     |      0.01   /     4.00 GB
2026-07-19 06:07:12,831 kilosort.run_kilosort INFO     Max alloc:     2.31 %     |      0.09   /     4.00 GB
2026-07-19 06:07:12,842 kilosort.run_kilosort INFO     ********************************************************
2026-07-19 06:07:12,873 kilosort.run_kilosort DEBUG    
2026-07-19 06:07:12,873 kilosort.run_kilosort DEBUG    --------------------
2026-07-19 06:07:12,873 kilosort.run_kilosort DEBUG    Process thread count: N/A (linux only)
2026-07-19 06:07:12,873 kilosort.run_kilosort DEBUG    num torch threads: 8
2026-07-19 06:07:12,873 kilosort.run_kilosort DEBUG    --------------------

2026-07-19 06:07:12,873 kilosort.run_kilosort INFO      
2026-07-19 06:07:12,873 kilosort.run_kilosort INFO     Saving to phy and computing refractory periods
2026-07-19 06:07:12,873 kilosort.run_kilosort INFO     ----------------------------------------
2026-07-19 06:07:13,071 kilosort.io  DEBUG     
2026-07-19 06:07:13,078 kilosort.io  DEBUG    save_to_phy, whitening
2026-07-19 06:07:13,078 kilosort.io  DEBUG    ********************************************************
2026-07-19 06:07:13,078 kilosort.io  DEBUG    CPU usage:    13.30 %
2026-07-19 06:07:13,079 kilosort.io  DEBUG    Mem used:     51.90 %     |       8.12 GB
2026-07-19 06:07:13,079 kilosort.io  DEBUG    Mem avail:     7.53 / 15.65 GB
2026-07-19 06:07:13,079 kilosort.io  DEBUG    ------------------------------------------------------
2026-07-19 06:07:13,079 kilosort.io  DEBUG    GPU usage:    `conda install pynvml` for GPU usage
2026-07-19 06:07:13,079 kilosort.io  DEBUG    GPU memory:   22.41 %     |      0.90   /     4.00 GB
2026-07-19 06:07:13,079 kilosort.io  DEBUG    Allocated:     0.30 %     |      0.01   /     4.00 GB
2026-07-19 06:07:13,079 kilosort.io  DEBUG    Max alloc:     0.34 %     |      0.01   /     4.00 GB
2026-07-19 06:07:13,079 kilosort.io  DEBUG    ********************************************************
2026-07-19 06:07:13,852 kilosort.io  DEBUG     
2026-07-19 06:07:13,852 kilosort.io  DEBUG    save_to_phy, spike positions
2026-07-19 06:07:13,852 kilosort.io  DEBUG    ********************************************************
2026-07-19 06:07:13,852 kilosort.io  DEBUG    CPU usage:    31.80 %
2026-07-19 06:07:13,852 kilosort.io  DEBUG    Mem used:     54.70 %     |       8.55 GB
2026-07-19 06:07:13,852 kilosort.io  DEBUG    Mem avail:     7.10 / 15.65 GB
2026-07-19 06:07:13,852 kilosort.io  DEBUG    ------------------------------------------------------
2026-07-19 06:07:13,852 kilosort.io  DEBUG    GPU usage:    `conda install pynvml` for GPU usage
2026-07-19 06:07:13,852 kilosort.io  DEBUG    GPU memory:   22.41 %     |      0.90   /     4.00 GB
2026-07-19 06:07:13,852 kilosort.io  DEBUG    Allocated:     0.30 %     |      0.01   /     4.00 GB
2026-07-19 06:07:13,852 kilosort.io  DEBUG    Max alloc:     0.30 %     |      0.01   /     4.00 GB
2026-07-19 06:07:13,852 kilosort.io  DEBUG    ********************************************************
2026-07-19 06:07:14,643 kilosort.io  DEBUG     
2026-07-19 06:07:14,643 kilosort.io  DEBUG    save_to_phy, remove duplicates
2026-07-19 06:07:14,643 kilosort.io  DEBUG    ********************************************************
2026-07-19 06:07:14,643 kilosort.io  DEBUG    CPU usage:    13.00 %
2026-07-19 06:07:14,643 kilosort.io  DEBUG    Mem used:     54.70 %     |       8.56 GB
2026-07-19 06:07:14,643 kilosort.io  DEBUG    Mem avail:     7.09 / 15.65 GB
2026-07-19 06:07:14,643 kilosort.io  DEBUG    ------------------------------------------------------
2026-07-19 06:07:14,643 kilosort.io  DEBUG    GPU usage:    `conda install pynvml` for GPU usage
2026-07-19 06:07:14,643 kilosort.io  DEBUG    GPU memory:   22.41 %     |      0.90   /     4.00 GB
2026-07-19 06:07:14,643 kilosort.io  DEBUG    Allocated:     0.30 %     |      0.01   /     4.00 GB
2026-07-19 06:07:14,643 kilosort.io  DEBUG    Max alloc:     0.30 %     |      0.01   /     4.00 GB
2026-07-19 06:07:14,643 kilosort.io  DEBUG    ********************************************************
2026-07-19 06:07:15,925 kilosort.io  DEBUG     
2026-07-19 06:07:15,925 kilosort.io  DEBUG    save_to_phy, template props
2026-07-19 06:07:15,925 kilosort.io  DEBUG    ********************************************************
2026-07-19 06:07:15,925 kilosort.io  DEBUG    CPU usage:    21.10 %
2026-07-19 06:07:15,925 kilosort.io  DEBUG    Mem used:     52.10 %     |       8.15 GB
2026-07-19 06:07:15,925 kilosort.io  DEBUG    Mem avail:     7.50 / 15.65 GB
2026-07-19 06:07:15,925 kilosort.io  DEBUG    ------------------------------------------------------
2026-07-19 06:07:15,925 kilosort.io  DEBUG    GPU usage:    `conda install pynvml` for GPU usage
2026-07-19 06:07:15,925 kilosort.io  DEBUG    GPU memory:   22.41 %     |      0.90   /     4.00 GB
2026-07-19 06:07:15,925 kilosort.io  DEBUG    Allocated:     0.30 %     |      0.01   /     4.00 GB
2026-07-19 06:07:15,925 kilosort.io  DEBUG    Max alloc:     0.30 %     |      0.01   /     4.00 GB
2026-07-19 06:07:15,925 kilosort.io  DEBUG    ********************************************************
2026-07-19 06:07:31,306 kilosort.io  DEBUG     
2026-07-19 06:07:31,306 kilosort.io  DEBUG    save_to_phy, pc features
2026-07-19 06:07:31,306 kilosort.io  DEBUG    ********************************************************
2026-07-19 06:07:31,306 kilosort.io  DEBUG    CPU usage:    16.10 %
2026-07-19 06:07:31,306 kilosort.io  DEBUG    Mem used:     53.70 %     |       8.41 GB
2026-07-19 06:07:31,306 kilosort.io  DEBUG    Mem avail:     7.24 / 15.65 GB
2026-07-19 06:07:31,306 kilosort.io  DEBUG    ------------------------------------------------------
2026-07-19 06:07:31,306 kilosort.io  DEBUG    GPU usage:    `conda install pynvml` for GPU usage
2026-07-19 06:07:31,306 kilosort.io  DEBUG    GPU memory:   22.41 %     |      0.90   /     4.00 GB
2026-07-19 06:07:31,306 kilosort.io  DEBUG    Allocated:     0.30 %     |      0.01   /     4.00 GB
2026-07-19 06:07:31,306 kilosort.io  DEBUG    Max alloc:     0.43 %     |      0.02   /     4.00 GB
2026-07-19 06:07:31,306 kilosort.io  DEBUG    ********************************************************
2026-07-19 06:07:31,925 kilosort.io  DEBUG     
2026-07-19 06:07:31,925 kilosort.io  DEBUG    save_to_phy, est contam
2026-07-19 06:07:31,925 kilosort.io  DEBUG    ********************************************************
2026-07-19 06:07:31,925 kilosort.io  DEBUG    CPU usage:    24.40 %
2026-07-19 06:07:31,925 kilosort.io  DEBUG    Mem used:     53.70 %     |       8.41 GB
2026-07-19 06:07:31,925 kilosort.io  DEBUG    Mem avail:     7.24 / 15.65 GB
2026-07-19 06:07:31,925 kilosort.io  DEBUG    ------------------------------------------------------
2026-07-19 06:07:31,925 kilosort.io  DEBUG    GPU usage:    `conda install pynvml` for GPU usage
2026-07-19 06:07:31,925 kilosort.io  DEBUG    GPU memory:   22.41 %     |      0.90   /     4.00 GB
2026-07-19 06:07:31,925 kilosort.io  DEBUG    Allocated:     0.30 %     |      0.01   /     4.00 GB
2026-07-19 06:07:31,925 kilosort.io  DEBUG    Max alloc:     0.30 %     |      0.01   /     4.00 GB
2026-07-19 06:07:31,941 kilosort.io  DEBUG    ********************************************************
2026-07-19 06:07:32,083 kilosort.run_kilosort INFO     63 units found with good refractory periods
2026-07-19 06:07:32,130 kilosort.run_kilosort INFO     Exporting to Phy took: 19.26s
2026-07-19 06:07:32,130 kilosort.run_kilosort INFO     Total runtime: 3130.15s = 00:52:10 h:m:s
2026-07-19 06:07:32,194 kilosort.run_kilosort INFO     Sorting output saved in: G:\ACADEMIC\week8_partial_dct_kilosort_runs\8ca740c5_probe00_partial_20260712_222836\ratio_0.70\kilosort4_dct.
2026-07-19 06:07:32,194 kilosort.run_kilosort DEBUG    

|===========================================================================|
|                  PyTorch CUDA memory summary, device ID 0                 |
|---------------------------------------------------------------------------|
|            CUDA OOMs: 0            |        cudaMalloc retries: 0         |
|===========================================================================|
|        Metric         | Cur Usage  | Peak Usage | Tot Alloc  | Tot Freed  |
|---------------------------------------------------------------------------|
| Allocated memory      |  11919 KiB |  12492 KiB |  29210 GiB |  29210 GiB |
|---------------------------------------------------------------------------|
| Active memory         |  11919 KiB |  12492 KiB |  29210 GiB |  29210 GiB |
|---------------------------------------------------------------------------|
| Requested memory      |  11915 KiB |  12488 KiB |  29196 GiB |  29196 GiB |
|---------------------------------------------------------------------------|
| GPU reserved memory   |  55296 KiB |  55296 KiB |    975 GiB |    975 GiB |
|---------------------------------------------------------------------------|
| Non-releasable memory |  41329 KiB |  41329 KiB |  11907 GiB |  11907 GiB |
|---------------------------------------------------------------------------|
| Allocations           |      12    |      13    |    2693 K  |    2693 K  |
|---------------------------------------------------------------------------|
| Active allocs         |      12    |      13    |    2693 K  |    2693 K  |
|---------------------------------------------------------------------------|
| GPU reserved segments |       5    |       5    |    2970    |    2965    |
|---------------------------------------------------------------------------|
| Non-releasable allocs |      11    |      11    |    1096 K  |    1096 K  |
|---------------------------------------------------------------------------|
| Oversize allocations  |       0    |       0    |       0    |       0    |
|---------------------------------------------------------------------------|
| Oversize GPU segments |       0    |       0    |       0    |       0    |
|===========================================================================|


2026-07-19 06:07:32,194 kilosort.run_kilosort INFO      
2026-07-19 06:07:32,194 kilosort.run_kilosort INFO     Resource usage after saving
2026-07-19 06:07:32,194 kilosort.run_kilosort INFO     ********************************************************
2026-07-19 06:07:32,194 kilosort.run_kilosort INFO     CPU usage:    34.50 %
2026-07-19 06:07:32,194 kilosort.run_kilosort INFO     Mem used:     53.30 %     |       8.34 GB
2026-07-19 06:07:32,194 kilosort.run_kilosort INFO     Mem avail:     7.31 / 15.65 GB
2026-07-19 06:07:32,194 kilosort.run_kilosort INFO     ------------------------------------------------------
2026-07-19 06:07:32,194 kilosort.run_kilosort INFO     GPU usage:    `conda install pynvml` for GPU usage
2026-07-19 06:07:32,194 kilosort.run_kilosort INFO     GPU memory:   22.41 %     |      0.90   /     4.00 GB
2026-07-19 06:07:32,194 kilosort.run_kilosort INFO     Allocated:     0.28 %     |      0.01   /     4.00 GB
2026-07-19 06:07:32,194 kilosort.run_kilosort INFO     Max alloc:     0.30 %     |      0.01   /     4.00 GB
2026-07-19 06:07:32,194 kilosort.run_kilosort INFO     ********************************************************
2026-07-19 06:07:32,194 kilosort.run_kilosort DEBUG    
2026-07-19 06:07:32,194 kilosort.run_kilosort DEBUG    --------------------
2026-07-19 06:07:32,194 kilosort.run_kilosort DEBUG    Process thread count: N/A (linux only)
2026-07-19 06:07:32,194 kilosort.run_kilosort DEBUG    num torch threads: 8
2026-07-19 06:07:32,194 kilosort.run_kilosort DEBUG    --------------------

2026-07-19 06:07:32,194 kilosort.run_kilosort INFO     Generating spike position plot ...
2026-07-19 06:08:09,530 kilosort.run_kilosort INFO     Sorting finished.
2026-07-19 06:08:09,530 kilosort.run_kilosort INFO      
2026-07-19 06:08:09,530 kilosort.run_kilosort INFO     ********************************************************
2026-07-19 06:08:09,530 kilosort.run_kilosort INFO     Sorting summary
2026-07-19 06:08:09,530 kilosort.run_kilosort INFO     --------------------------------------------------------
2026-07-19 06:08:09,530 kilosort.run_kilosort INFO     Total number of units:                              215
2026-07-19 06:08:09,530 kilosort.run_kilosort INFO     Number of good units:                                63
2026-07-19 06:08:09,530 kilosort.run_kilosort INFO     Number of spikes                                 736821
2026-07-19 06:08:09,530 kilosort.run_kilosort INFO     Mean abs. drift                                  0.4 um
2026-07-19 06:08:09,530 kilosort.run_kilosort INFO     Total runtime                                  3130.15s
2026-07-19 06:08:09,530 kilosort.run_kilosort INFO      
2026-07-19 06:08:09,530 kilosort.run_kilosort INFO     Runtime by step
2026-07-19 06:08:09,530 kilosort.run_kilosort INFO     --------------------------------------------------------
2026-07-19 06:08:09,530 kilosort.run_kilosort INFO     preprocessing:                          7.9s   (0.25) %
2026-07-19 06:08:09,530 kilosort.run_kilosort INFO     drift corr:                          1329.8s  (42.48) %
2026-07-19 06:08:09,530 kilosort.run_kilosort INFO     spike det. (univ):                   1374.7s  (43.92) %
2026-07-19 06:08:09,530 kilosort.run_kilosort INFO     cluster (temp):                       132.6s   (4.23) %
2026-07-19 06:08:09,530 kilosort.run_kilosort INFO     spike det. (learn):                    91.8s   (2.93) %
2026-07-19 06:08:09,530 kilosort.run_kilosort INFO     cluster (final):                      133.9s   (4.28) %
2026-07-19 06:08:09,530 kilosort.run_kilosort INFO     cluster merge:                          1.8s   (0.06) %
2026-07-19 06:08:09,530 kilosort.run_kilosort INFO     postprocessing:                        19.3s   (0.62) %
2026-07-19 06:08:09,530 kilosort.run_kilosort INFO      
2026-07-19 06:08:09,530 kilosort.run_kilosort INFO     Memory usage by step
2026-07-19 06:08:09,530 kilosort.run_kilosort INFO     --------------------------------------------------------
2026-07-19 06:08:09,530 kilosort.run_kilosort INFO     preprocessing:         sys     6.7 GB  |  gpu    1.3 GB
2026-07-19 06:08:09,530 kilosort.run_kilosort INFO     drift corr:            sys     7.8 GB  |  gpu    3.9 GB
2026-07-19 06:08:09,530 kilosort.run_kilosort INFO     spike det. (univ):     sys     8.3 GB  |  gpu    3.9 GB
2026-07-19 06:08:09,530 kilosort.run_kilosort INFO     cluster (temp):        sys     8.0 GB  |  gpu    0.3 GB
2026-07-19 06:08:09,530 kilosort.run_kilosort INFO     spike det. (learn):    sys     8.4 GB  |  gpu    1.4 GB
2026-07-19 06:08:09,530 kilosort.run_kilosort INFO     cluster (final):       sys     8.1 GB  |  gpu    0.1 GB
2026-07-19 06:08:09,530 kilosort.run_kilosort INFO     cluster merge:         sys     8.3 GB  |  gpu    0.1 GB
2026-07-19 06:08:09,530 kilosort.run_kilosort INFO     postprocessing:        sys     8.4 GB  |  gpu    0.0 GB
2026-07-19 06:08:09,530 kilosort.run_kilosort INFO     ********************************************************
