2026-05-22 19:34:18,105 kilosort.run_kilosort INFO     Kilosort version 4.1.7
2026-05-22 19:34:18,107 kilosort.run_kilosort INFO     Python version 3.11.15
2026-05-22 19:34:18,111 kilosort.run_kilosort INFO     ----------------------------------------
2026-05-22 19:34:18,113 kilosort.run_kilosort INFO     System information:
2026-05-22 19:34:18,115 kilosort.run_kilosort INFO     Windows-10-10.0.26200-SP0 AMD64
2026-05-22 19:34:18,118 kilosort.run_kilosort INFO     Intel64 Family 6 Model 186 Stepping 2, GenuineIntel
2026-05-22 19:34:18,121 kilosort.run_kilosort INFO     Using GPU for PyTorch computations. Specify `device` to change this.
2026-05-22 19:34:18,123 kilosort.run_kilosort INFO     Using CUDA device: NVIDIA GeForce RTX 2050 4.00GB
2026-05-22 19:34:18,125 kilosort.run_kilosort INFO     ----------------------------------------
2026-05-22 19:34:18,130 kilosort.run_kilosort INFO     Sorting [WindowsPath('whitened_recon_ratio_0.20.bin')]
2026-05-22 19:34:18,132 kilosort.run_kilosort INFO     Skipping common average reference.
2026-05-22 19:34:18,138 kilosort.run_kilosort DEBUG    Initial ops:

ops = {
    'n_chan_bin': 383,
    'fs': 30000,
    'batch_size': 60000,
    'nblocks': 1,
    'Th_universal': 9.0,
    'Th_learned': 8.0,
    'tmin': 0,
    'tmax': inf,
    'nt': 61,
    'shift': None,
    'scale': None,
    'batch_downsampling': 1,
    'artifact_threshold': inf,
    'nskip': 25,
    'whitening_range': 32,
    'highpass_cutoff': 300,
    'binning_depth': 5,
    'sig_interp': 20,
    'drift_smoothing': [0.5, 0.5, 0.5],
    'nt0min': 20,
    'dmin': np.float32(20.0),
    'dminx': 32,
    'min_template_size': 10,
    'template_sizes': 5,
    'nearest_chans': 10,
    'nearest_templates': 100,
    'max_channel_distance': 32.0,
    'max_peels': 100,
    'templates_from_data': False,
    'n_templates': 6,
    'n_pcs': 6,
    'Th_single_ch': 6,
    'acg_threshold': 0.2,
    'ccg_threshold': 0.25,
    'cluster_neighbors': 10,
    'cluster_downsampling': 20,
    'max_cluster_subset': 25000,
    'x_centers': None,
    'cluster_init_seed': 5,
    'duplicate_spike_ms': 0.25,
    'position_limit': 100,
    'filename': [WindowsPath('whitened_recon_ratio_0.20.bin')],
    'data_dir': WindowsPath('.'),
    'data_dtype': 'float32',
    'do_CAR': False,
    'invert_sign': False,
    'NTbuff': 60122,
    'Nchan': 383,
    'duplicate_spike_bins': 7,
    'torch_device': 'cuda',
    'save_preprocessed_copy': False
}

2026-05-22 19:34:18,178 kilosort.run_kilosort DEBUG    Probe dictionary:

probe = {
    'chanMap': np.array([  0,   1,   2,   3,   4,   5,   6,   7,   8,   9,  10,  11,  12,
        13,  14,  15,  16,  17,  18,  19,  20,  21,  22,  23,  24,  25,
        26,  27,  28,  29,  30,  31,  32,  33,  34,  35,  36,  37,  38,
        39,  40,  41,  42,  43,  44,  45,  46,  47,  48,  49,  50,  51,
        52,  53,  54,  55,  56,  57,  58,  59,  60,  61,  62,  63,  64,
        65,  66,  67,  68,  69,  70,  71,  72,  73,  74,  75,  76,  77,
        78,  79,  80,  81,  82,  83,  84,  85,  86,  87,  88,  89,  90,
        91,  92,  93,  94,  95,  96,  97,  98,  99, 100, 101, 102, 103,
       104, 105, 106, 107, 108, 109, 110, 111, 112, 113, 114, 115, 116,
       117, 118, 119, 120, 121, 122, 123, 124, 125, 126, 127, 128, 129,
       130, 131, 132, 133, 134, 135, 136, 137, 138, 139, 140, 141, 142,
       143, 144, 145, 146, 147, 148, 149, 150, 151, 152, 153, 154, 155,
       156, 157, 158, 159, 160, 161, 162, 163, 164, 165, 166, 167, 168,
       169, 170, 171, 172, 173, 174, 175, 176, 177, 178, 179, 180, 181,
       182, 183, 184, 185, 186, 187, 188, 189, 190, 191, 192, 193, 194,
       195, 196, 197, 198, 199, 200, 201, 202, 203, 204, 205, 206, 207,
       208, 209, 210, 211, 212, 213, 214, 215, 216, 217, 218, 219, 220,
       221, 222, 223, 224, 225, 226, 227, 228, 229, 230, 231, 232, 233,
       234, 235, 236, 237, 238, 239, 240, 241, 242, 243, 244, 245, 246,
       247, 248, 249, 250, 251, 252, 253, 254, 255, 256, 257, 258, 259,
       260, 261, 262, 263, 264, 265, 266, 267, 268, 269, 270, 271, 272,
       273, 274, 275, 276, 277, 278, 279, 280, 281, 282, 283, 284, 285,
       286, 287, 288, 289, 290, 291, 292, 293, 294, 295, 296, 297, 298,
       299, 300, 301, 302, 303, 304, 305, 306, 307, 308, 309, 310, 311,
       312, 313, 314, 315, 316, 317, 318, 319, 320, 321, 322, 323, 324,
       325, 326, 327, 328, 329, 330, 331, 332, 333, 334, 335, 336, 337,
       338, 339, 340, 341, 342, 343, 344, 345, 346, 347, 348, 349, 350,
       351, 352, 353, 354, 355, 356, 357, 358, 359, 360, 361, 362, 363,
       364, 365, 366, 367, 368, 369, 370, 371, 372, 373, 374, 375, 376,
       377, 378, 379, 380, 381, 382], dtype=np.int32),
    'xc': np.array([43., 11., 59., 27., 43., 11., 59., 27., 43., 11., 59., 27., 43.,
       11., 59., 27., 43., 11., 59., 27., 43., 11., 59., 27., 43., 11.,
       59., 27., 43., 11., 59., 27., 43., 11., 59., 27., 43., 11., 59.,
       27., 43., 11., 59., 27., 43., 11., 59., 27., 43., 11., 59., 27.,
       43., 11., 59., 27., 43., 11., 59., 27., 43., 11., 59., 27., 43.,
       11., 59., 27., 43., 11., 59., 27., 43., 11., 59., 27., 43., 11.,
       59., 27., 43., 11., 59., 27., 43., 11., 59., 27., 43., 11., 59.,
       27., 43., 11., 59., 27., 43., 11., 59., 27., 43., 11., 59., 27.,
       43., 11., 59., 27., 43., 11., 59., 27., 43., 11., 59., 27., 43.,
       11., 59., 27., 43., 11., 59., 27., 43., 11., 59., 27., 43., 11.,
       59., 27., 43., 11., 59., 27., 43., 11., 59., 27., 43., 11., 59.,
       27., 43., 11., 59., 27., 43., 11., 59., 27., 43., 11., 59., 27.,
       43., 11., 59., 27., 43., 11., 59., 27., 43., 11., 59., 27., 43.,
       11., 59., 27., 43., 11., 59., 27., 43., 11., 59., 27., 43., 11.,
       59., 27., 43., 11., 59., 27., 43., 11., 59., 43., 11., 59., 27.,
       43., 11., 59., 27., 43., 11., 59., 27., 43., 11., 59., 27., 43.,
       11., 59., 27., 43., 11., 59., 27., 43., 11., 59., 27., 43., 11.,
       59., 27., 43., 11., 59., 27., 43., 11., 59., 27., 43., 11., 59.,
       27., 43., 11., 59., 27., 43., 11., 59., 27., 43., 11., 59., 27.,
       43., 11., 59., 27., 43., 11., 59., 27., 43., 11., 59., 27., 43.,
       11., 59., 27., 43., 11., 59., 27., 43., 11., 59., 27., 43., 11.,
       59., 27., 43., 11., 59., 27., 43., 11., 59., 27., 43., 11., 59.,
       27., 43., 11., 59., 27., 43., 11., 59., 27., 43., 11., 59., 27.,
       43., 11., 59., 27., 43., 11., 59., 27., 43., 11., 59., 27., 43.,
       11., 59., 27., 43., 11., 59., 27., 43., 11., 59., 27., 43., 11.,
       59., 27., 43., 11., 59., 27., 43., 11., 59., 27., 43., 11., 59.,
       27., 43., 11., 59., 27., 43., 11., 59., 27., 43., 11., 59., 27.,
       43., 11., 59., 27., 43., 11., 59., 27., 43., 11., 59., 27., 43.,
       11., 59., 27., 43., 11., 59., 27., 43., 11., 59., 27., 43., 11.,
       59., 27., 43., 11., 59., 27.], dtype=np.float32),
    'yc': np.array([  20.,   20.,   40.,   40.,   60.,   60.,   80.,   80.,  100.,
        100.,  120.,  120.,  140.,  140.,  160.,  160.,  180.,  180.,
        200.,  200.,  220.,  220.,  240.,  240.,  260.,  260.,  280.,
        280.,  300.,  300.,  320.,  320.,  340.,  340.,  360.,  360.,
        380.,  380.,  400.,  400.,  420.,  420.,  440.,  440.,  460.,
        460.,  480.,  480.,  500.,  500.,  520.,  520.,  540.,  540.,
        560.,  560.,  580.,  580.,  600.,  600.,  620.,  620.,  640.,
        640.,  660.,  660.,  680.,  680.,  700.,  700.,  720.,  720.,
        740.,  740.,  760.,  760.,  780.,  780.,  800.,  800.,  820.,
        820.,  840.,  840.,  860.,  860.,  880.,  880.,  900.,  900.,
        920.,  920.,  940.,  940.,  960.,  960.,  980.,  980., 1000.,
       1000., 1020., 1020., 1040., 1040., 1060., 1060., 1080., 1080.,
       1100., 1100., 1120., 1120., 1140., 1140., 1160., 1160., 1180.,
       1180., 1200., 1200., 1220., 1220., 1240., 1240., 1260., 1260.,
       1280., 1280., 1300., 1300., 1320., 1320., 1340., 1340., 1360.,
       1360., 1380., 1380., 1400., 1400., 1420., 1420., 1440., 1440.,
       1460., 1460., 1480., 1480., 1500., 1500., 1520., 1520., 1540.,
       1540., 1560., 1560., 1580., 1580., 1600., 1600., 1620., 1620.,
       1640., 1640., 1660., 1660., 1680., 1680., 1700., 1700., 1720.,
       1720., 1740., 1740., 1760., 1760., 1780., 1780., 1800., 1800.,
       1820., 1820., 1840., 1840., 1860., 1860., 1880., 1880., 1900.,
       1900., 1920., 1940., 1940., 1960., 1960., 1980., 1980., 2000.,
       2000., 2020., 2020., 2040., 2040., 2060., 2060., 2080., 2080.,
       2100., 2100., 2120., 2120., 2140., 2140., 2160., 2160., 2180.,
       2180., 2200., 2200., 2220., 2220., 2240., 2240., 2260., 2260.,
       2280., 2280., 2300., 2300., 2320., 2320., 2340., 2340., 2360.,
       2360., 2380., 2380., 2400., 2400., 2420., 2420., 2440., 2440.,
       2460., 2460., 2480., 2480., 2500., 2500., 2520., 2520., 2540.,
       2540., 2560., 2560., 2580., 2580., 2600., 2600., 2620., 2620.,
       2640., 2640., 2660., 2660., 2680., 2680., 2700., 2700., 2720.,
       2720., 2740., 2740., 2760., 2760., 2780., 2780., 2800., 2800.,
       2820., 2820., 2840., 2840., 2860., 2860., 2880., 2880., 2900.,
       2900., 2920., 2920., 2940., 2940., 2960., 2960., 2980., 2980.,
       3000., 3000., 3020., 3020., 3040., 3040., 3060., 3060., 3080.,
       3080., 3100., 3100., 3120., 3120., 3140., 3140., 3160., 3160.,
       3180., 3180., 3200., 3200., 3220., 3220., 3240., 3240., 3260.,
       3260., 3280., 3280., 3300., 3300., 3320., 3320., 3340., 3340.,
       3360., 3360., 3380., 3380., 3400., 3400., 3420., 3420., 3440.,
       3440., 3460., 3460., 3480., 3480., 3500., 3500., 3520., 3520.,
       3540., 3540., 3560., 3560., 3580., 3580., 3600., 3600., 3620.,
       3620., 3640., 3640., 3660., 3660., 3680., 3680., 3700., 3700.,
       3720., 3720., 3740., 3740., 3760., 3760., 3780., 3780., 3800.,
       3800., 3820., 3820., 3840., 3840.], dtype=np.float32),
    'kcoords': np.array([0, 0, 0, 0, 0, 0, 0, 0, 0, 0, 0, 0, 0, 0, 0, 0, 0, 0, 0, 0, 0, 0,
       0, 0, 0, 0, 0, 0, 0, 0, 0, 0, 0, 0, 0, 0, 0, 0, 0, 0, 0, 0, 0, 0,
       0, 0, 0, 0, 0, 0, 0, 0, 0, 0, 0, 0, 0, 0, 0, 0, 0, 0, 0, 0, 0, 0,
       0, 0, 0, 0, 0, 0, 0, 0, 0, 0, 0, 0, 0, 0, 0, 0, 0, 0, 0, 0, 0, 0,
       0, 0, 0, 0, 0, 0, 0, 0, 0, 0, 0, 0, 0, 0, 0, 0, 0, 0, 0, 0, 0, 0,
       0, 0, 0, 0, 0, 0, 0, 0, 0, 0, 0, 0, 0, 0, 0, 0, 0, 0, 0, 0, 0, 0,
       0, 0, 0, 0, 0, 0, 0, 0, 0, 0, 0, 0, 0, 0, 0, 0, 0, 0, 0, 0, 0, 0,
       0, 0, 0, 0, 0, 0, 0, 0, 0, 0, 0, 0, 0, 0, 0, 0, 0, 0, 0, 0, 0, 0,
       0, 0, 0, 0, 0, 0, 0, 0, 0, 0, 0, 0, 0, 0, 0, 0, 0, 0, 0, 0, 0, 0,
       0, 0, 0, 0, 0, 0, 0, 0, 0, 0, 0, 0, 0, 0, 0, 0, 0, 0, 0, 0, 0, 0,
       0, 0, 0, 0, 0, 0, 0, 0, 0, 0, 0, 0, 0, 0, 0, 0, 0, 0, 0, 0, 0, 0,
       0, 0, 0, 0, 0, 0, 0, 0, 0, 0, 0, 0, 0, 0, 0, 0, 0, 0, 0, 0, 0, 0,
       0, 0, 0, 0, 0, 0, 0, 0, 0, 0, 0, 0, 0, 0, 0, 0, 0, 0, 0, 0, 0, 0,
       0, 0, 0, 0, 0, 0, 0, 0, 0, 0, 0, 0, 0, 0, 0, 0, 0, 0, 0, 0, 0, 0,
       0, 0, 0, 0, 0, 0, 0, 0, 0, 0, 0, 0, 0, 0, 0, 0, 0, 0, 0, 0, 0, 0,
       0, 0, 0, 0, 0, 0, 0, 0, 0, 0, 0, 0, 0, 0, 0, 0, 0, 0, 0, 0, 0, 0,
       0, 0, 0, 0, 0, 0, 0, 0, 0, 0, 0, 0, 0, 0, 0, 0, 0, 0, 0, 0, 0, 0,
       0, 0, 0, 0, 0, 0, 0, 0, 0], dtype=np.int32)
}

2026-05-22 19:34:18,180 kilosort.run_kilosort INFO      
2026-05-22 19:34:18,182 kilosort.run_kilosort INFO     Resource usage before sorting
2026-05-22 19:34:18,184 kilosort.run_kilosort INFO     ********************************************************
2026-05-22 19:34:18,185 kilosort.run_kilosort INFO     CPU usage:    25.30 %
2026-05-22 19:34:18,186 kilosort.run_kilosort INFO     Mem used:     89.40 %     |      13.98 GB
2026-05-22 19:34:18,188 kilosort.run_kilosort INFO     Mem avail:     1.67 / 15.65 GB
2026-05-22 19:34:18,190 kilosort.run_kilosort INFO     ------------------------------------------------------
2026-05-22 19:34:18,193 kilosort.run_kilosort INFO     GPU usage:    `conda install pynvml` for GPU usage
2026-05-22 19:34:18,195 kilosort.run_kilosort INFO     GPU memory:   20.42 %     |      0.82   /     4.00 GB
2026-05-22 19:34:18,197 kilosort.run_kilosort INFO     Allocated:     0.40 %     |      0.02   /     4.00 GB
2026-05-22 19:34:18,201 kilosort.run_kilosort INFO     Max alloc:     0.45 %     |      0.02   /     4.00 GB
2026-05-22 19:34:18,203 kilosort.run_kilosort INFO     ********************************************************
2026-05-22 19:34:18,204 kilosort.run_kilosort DEBUG    
2026-05-22 19:34:18,205 kilosort.run_kilosort DEBUG    --------------------
2026-05-22 19:34:18,205 kilosort.run_kilosort DEBUG    Process thread count: N/A (linux only)
2026-05-22 19:34:18,205 kilosort.run_kilosort DEBUG    num torch threads: 8
2026-05-22 19:34:18,205 kilosort.run_kilosort DEBUG    --------------------

2026-05-22 19:34:18,206 kilosort.run_kilosort INFO      
2026-05-22 19:34:18,208 kilosort.run_kilosort INFO     Computing preprocessing variables.
2026-05-22 19:34:18,208 kilosort.run_kilosort INFO     ----------------------------------------
2026-05-22 19:34:18,214 kilosort.run_kilosort INFO     N samples: 1350000
2026-05-22 19:34:18,214 kilosort.run_kilosort INFO     N seconds: 45.0
2026-05-22 19:34:18,217 kilosort.run_kilosort INFO     N batches: 23
2026-05-22 19:34:21,227 kilosort.run_kilosort INFO     Preprocessing filters computed in 3.02s; total 3.09s
2026-05-22 19:34:21,231 kilosort.run_kilosort DEBUG    hp_filter shape: torch.Size([30122])
2026-05-22 19:34:21,231 kilosort.run_kilosort DEBUG    whiten_mat shape: torch.Size([383, 383])
2026-05-22 19:34:21,524 kilosort.run_kilosort DEBUG    First batch min, max: (np.float32(-28.628557), np.float32(11.827553))
2026-05-22 19:34:21,529 kilosort.run_kilosort INFO      
2026-05-22 19:34:21,531 kilosort.run_kilosort INFO     Resource usage after preprocessing
2026-05-22 19:34:21,533 kilosort.run_kilosort INFO     ********************************************************
2026-05-22 19:34:21,536 kilosort.run_kilosort INFO     CPU usage:    26.40 %
2026-05-22 19:34:21,538 kilosort.run_kilosort INFO     Mem used:     90.20 %     |      14.12 GB
2026-05-22 19:34:21,540 kilosort.run_kilosort INFO     Mem avail:     1.53 / 15.65 GB
2026-05-22 19:34:21,545 kilosort.run_kilosort INFO     ------------------------------------------------------
2026-05-22 19:34:21,545 kilosort.run_kilosort INFO     GPU usage:    `conda install pynvml` for GPU usage
2026-05-22 19:34:21,549 kilosort.run_kilosort INFO     GPU memory:   60.75 %     |      2.43   /     4.00 GB
2026-05-22 19:34:21,552 kilosort.run_kilosort INFO     Allocated:     0.62 %     |      0.02   /     4.00 GB
2026-05-22 19:34:21,553 kilosort.run_kilosort INFO     Max alloc:    30.85 %     |      1.23   /     4.00 GB
2026-05-22 19:34:21,559 kilosort.run_kilosort INFO     ********************************************************
2026-05-22 19:34:21,697 kilosort.run_kilosort INFO      
2026-05-22 19:34:21,698 kilosort.run_kilosort INFO     Computing drift correction.
2026-05-22 19:34:21,701 kilosort.run_kilosort INFO     ----------------------------------------
2026-05-22 19:34:21,702 kilosort.spikedetect INFO     Using built-in universal templates.
2026-05-22 19:34:21,722 kilosort.spikedetect INFO     Number of universal templates: 1532
2026-05-22 19:34:22,702 kilosort.spikedetect INFO     Detecting spikes...
2026-05-22 19:34:22,714 kilosort.spikedetect DEBUG     
2026-05-22 19:34:22,714 kilosort.spikedetect DEBUG    Batch 0 of 22 (0.0%)
2026-05-22 19:34:22,714 kilosort.spikedetect DEBUG    ********************************************************
2026-05-22 19:34:22,714 kilosort.spikedetect DEBUG    CPU usage:    20.50 %
2026-05-22 19:34:22,715 kilosort.spikedetect DEBUG    Mem used:     89.60 %     |      14.03 GB
2026-05-22 19:34:22,715 kilosort.spikedetect DEBUG    Mem avail:     1.62 / 15.65 GB
2026-05-22 19:34:22,715 kilosort.spikedetect DEBUG    ------------------------------------------------------
2026-05-22 19:34:22,715 kilosort.spikedetect DEBUG    GPU usage:    `conda install pynvml` for GPU usage
2026-05-22 19:34:22,715 kilosort.spikedetect DEBUG    GPU memory:   60.75 %     |      2.43   /     4.00 GB
2026-05-22 19:34:22,715 kilosort.spikedetect DEBUG    Allocated:     0.66 %     |      0.03   /     4.00 GB
2026-05-22 19:34:22,715 kilosort.spikedetect DEBUG    Max alloc:     0.66 %     |      0.03   /     4.00 GB
2026-05-22 19:34:22,715 kilosort.spikedetect DEBUG    ********************************************************
2026-05-22 19:39:14,096 kilosort.spikedetect DEBUG     
2026-05-22 19:39:14,096 kilosort.spikedetect DEBUG    Batch 22 of 22 (95.7%)
2026-05-22 19:39:14,096 kilosort.spikedetect DEBUG    ********************************************************
2026-05-22 19:39:14,097 kilosort.spikedetect DEBUG    CPU usage:    31.00 %
2026-05-22 19:39:14,097 kilosort.spikedetect DEBUG    Mem used:     92.50 %     |      14.47 GB
2026-05-22 19:39:14,097 kilosort.spikedetect DEBUG    Mem avail:     1.18 / 15.65 GB
2026-05-22 19:39:14,097 kilosort.spikedetect DEBUG    ------------------------------------------------------
2026-05-22 19:39:14,097 kilosort.spikedetect DEBUG    GPU usage:    `conda install pynvml` for GPU usage
2026-05-22 19:39:14,097 kilosort.spikedetect DEBUG    GPU memory:   100.00 %     |      4.00   /     4.00 GB
2026-05-22 19:39:14,098 kilosort.spikedetect DEBUG    Allocated:     3.13 %     |      0.13   /     4.00 GB
2026-05-22 19:39:14,098 kilosort.spikedetect DEBUG    Max alloc:    83.46 %     |      3.34   /     4.00 GB
2026-05-22 19:39:14,098 kilosort.spikedetect DEBUG    ********************************************************
2026-05-22 19:39:14,778 kilosort.run_kilosort INFO     drift computed in 293.08s; total 296.64s
2026-05-22 19:39:14,781 kilosort.run_kilosort DEBUG    st shape: (193467, 6)
2026-05-22 19:39:14,781 kilosort.run_kilosort DEBUG    yblk shape: (1,)
2026-05-22 19:39:14,781 kilosort.run_kilosort DEBUG    dshift shape: (23, 1)
2026-05-22 19:39:14,781 kilosort.run_kilosort DEBUG    iKxx shape: torch.Size([383, 383])
2026-05-22 19:39:14,787 kilosort.run_kilosort DEBUG    

|===========================================================================|
|                  PyTorch CUDA memory summary, device ID 0                 |
|---------------------------------------------------------------------------|
|            CUDA OOMs: 0            |        cudaMalloc retries: 0         |
|===========================================================================|
|        Metric         | Cur Usage  | Peak Usage | Tot Alloc  | Tot Freed  |
|---------------------------------------------------------------------------|
| Allocated memory      |  28000 KiB |   3418 MiB |   1987 GiB |   1987 GiB |
|---------------------------------------------------------------------------|
| Active memory         |  28000 KiB |   3418 MiB |   1987 GiB |   1987 GiB |
|---------------------------------------------------------------------------|
| Requested memory      |  27981 KiB |   3415 MiB |   1987 GiB |   1987 GiB |
|---------------------------------------------------------------------------|
| GPU reserved memory   |   5242 MiB |   5242 MiB |   5242 MiB |      0 B   |
|---------------------------------------------------------------------------|
| Non-releasable memory |   8863 KiB |   1743 MiB |    991 GiB |    991 GiB |
|---------------------------------------------------------------------------|
| Allocations           |      71    |      99    |   25908    |   25837    |
|---------------------------------------------------------------------------|
| Active allocs         |      71    |      99    |   25908    |   25837    |
|---------------------------------------------------------------------------|
| GPU reserved segments |      22    |      22    |      22    |       0    |
|---------------------------------------------------------------------------|
| Non-releasable allocs |      16    |      26    |   13754    |   13738    |
|---------------------------------------------------------------------------|
| Oversize allocations  |       0    |       0    |       0    |       0    |
|---------------------------------------------------------------------------|
| Oversize GPU segments |       0    |       0    |       0    |       0    |
|===========================================================================|


2026-05-22 19:39:14,790 kilosort.run_kilosort INFO      
2026-05-22 19:39:14,792 kilosort.run_kilosort INFO     Resource usage after drift correction
2026-05-22 19:39:14,793 kilosort.run_kilosort INFO     ********************************************************
2026-05-22 19:39:14,794 kilosort.run_kilosort INFO     CPU usage:    66.70 %
2026-05-22 19:39:14,796 kilosort.run_kilosort INFO     Mem used:     92.70 %     |      14.51 GB
2026-05-22 19:39:14,798 kilosort.run_kilosort INFO     Mem avail:     1.14 / 15.65 GB
2026-05-22 19:39:14,798 kilosort.run_kilosort INFO     ------------------------------------------------------
2026-05-22 19:39:14,801 kilosort.run_kilosort INFO     GPU usage:    `conda install pynvml` for GPU usage
2026-05-22 19:39:14,802 kilosort.run_kilosort INFO     GPU memory:   100.00 %     |      4.00   /     4.00 GB
2026-05-22 19:39:14,803 kilosort.run_kilosort INFO     Allocated:     0.67 %     |      0.03   /     4.00 GB
2026-05-22 19:39:14,804 kilosort.run_kilosort INFO     Max alloc:    83.46 %     |      3.34   /     4.00 GB
2026-05-22 19:39:14,807 kilosort.run_kilosort INFO     ********************************************************
2026-05-22 19:39:14,808 kilosort.run_kilosort DEBUG    
2026-05-22 19:39:14,808 kilosort.run_kilosort DEBUG    --------------------
2026-05-22 19:39:14,808 kilosort.run_kilosort DEBUG    Process thread count: N/A (linux only)
2026-05-22 19:39:14,810 kilosort.run_kilosort DEBUG    num torch threads: 8
2026-05-22 19:39:14,810 kilosort.run_kilosort DEBUG    --------------------

2026-05-22 19:39:14,810 kilosort.run_kilosort INFO     Generating drift plots ...
2026-05-22 19:39:30,516 kilosort.run_kilosort INFO      
2026-05-22 19:39:30,517 kilosort.run_kilosort INFO     Extracting spikes using templates
2026-05-22 19:39:30,519 kilosort.run_kilosort INFO     ----------------------------------------
2026-05-22 19:39:30,521 kilosort.spikedetect INFO     Using built-in universal templates.
2026-05-22 19:39:30,534 kilosort.spikedetect INFO     Number of universal templates: 1532
2026-05-22 19:39:31,187 kilosort.spikedetect INFO     Detecting spikes...
2026-05-22 19:39:31,195 kilosort.spikedetect DEBUG     
2026-05-22 19:39:31,195 kilosort.spikedetect DEBUG    Batch 0 of 22 (0.0%)
2026-05-22 19:39:31,195 kilosort.spikedetect DEBUG    ********************************************************
2026-05-22 19:39:31,195 kilosort.spikedetect DEBUG    CPU usage:    29.00 %
2026-05-22 19:39:31,195 kilosort.spikedetect DEBUG    Mem used:     95.50 %     |      14.95 GB
2026-05-22 19:39:31,195 kilosort.spikedetect DEBUG    Mem avail:     0.70 / 15.65 GB
2026-05-22 19:39:31,195 kilosort.spikedetect DEBUG    ------------------------------------------------------
2026-05-22 19:39:31,195 kilosort.spikedetect DEBUG    GPU usage:    `conda install pynvml` for GPU usage
2026-05-22 19:39:31,195 kilosort.spikedetect DEBUG    GPU memory:   100.00 %     |      4.00   /     4.00 GB
2026-05-22 19:39:31,195 kilosort.spikedetect DEBUG    Allocated:     0.71 %     |      0.03   /     4.00 GB
2026-05-22 19:39:31,195 kilosort.spikedetect DEBUG    Max alloc:     0.72 %     |      0.03   /     4.00 GB
2026-05-22 19:39:31,195 kilosort.spikedetect DEBUG    ********************************************************
2026-05-22 19:44:17,091 kilosort.spikedetect DEBUG     
2026-05-22 19:44:17,091 kilosort.spikedetect DEBUG    Batch 22 of 22 (95.7%)
2026-05-22 19:44:17,091 kilosort.spikedetect DEBUG    ********************************************************
2026-05-22 19:44:17,091 kilosort.spikedetect DEBUG    CPU usage:    26.00 %
2026-05-22 19:44:17,091 kilosort.spikedetect DEBUG    Mem used:     92.30 %     |      14.45 GB
2026-05-22 19:44:17,093 kilosort.spikedetect DEBUG    Mem avail:     1.20 / 15.65 GB
2026-05-22 19:44:17,093 kilosort.spikedetect DEBUG    ------------------------------------------------------
2026-05-22 19:44:17,093 kilosort.spikedetect DEBUG    GPU usage:    `conda install pynvml` for GPU usage
2026-05-22 19:44:17,094 kilosort.spikedetect DEBUG    GPU memory:   100.00 %     |      4.00   /     4.00 GB
2026-05-22 19:44:17,094 kilosort.spikedetect DEBUG    Allocated:     3.17 %     |      0.13   /     4.00 GB
2026-05-22 19:44:17,094 kilosort.spikedetect DEBUG    Max alloc:    83.49 %     |      3.34   /     4.00 GB
2026-05-22 19:44:17,094 kilosort.spikedetect DEBUG    ********************************************************
2026-05-22 19:44:17,101 kilosort.run_kilosort INFO     185232 spikes extracted in 286.58s; total 598.96s
2026-05-22 19:44:17,102 kilosort.run_kilosort DEBUG    st0 shape: (185232, 6)
2026-05-22 19:44:17,102 kilosort.run_kilosort DEBUG    tF shape: torch.Size([185232, 10, 6])
2026-05-22 19:44:17,104 kilosort.run_kilosort INFO      
2026-05-22 19:44:17,106 kilosort.run_kilosort INFO     Resource usage after spike detect (univ)
2026-05-22 19:44:17,110 kilosort.run_kilosort INFO     ********************************************************
2026-05-22 19:44:17,112 kilosort.run_kilosort INFO     CPU usage:     0.00 %
2026-05-22 19:44:17,115 kilosort.run_kilosort INFO     Mem used:     92.20 %     |      14.43 GB
2026-05-22 19:44:17,116 kilosort.run_kilosort INFO     Mem avail:     1.22 / 15.65 GB
2026-05-22 19:44:17,120 kilosort.run_kilosort INFO     ------------------------------------------------------
2026-05-22 19:44:17,123 kilosort.run_kilosort INFO     GPU usage:    `conda install pynvml` for GPU usage
2026-05-22 19:44:17,126 kilosort.run_kilosort INFO     GPU memory:   100.00 %     |      4.00   /     4.00 GB
2026-05-22 19:44:17,130 kilosort.run_kilosort INFO     Allocated:     0.67 %     |      0.03   /     4.00 GB
2026-05-22 19:44:17,132 kilosort.run_kilosort INFO     Max alloc:    83.49 %     |      3.34   /     4.00 GB
2026-05-22 19:44:17,137 kilosort.run_kilosort INFO     ********************************************************
2026-05-22 19:44:17,141 kilosort.run_kilosort DEBUG    
2026-05-22 19:44:17,142 kilosort.run_kilosort DEBUG    --------------------
2026-05-22 19:44:17,142 kilosort.run_kilosort DEBUG    Process thread count: N/A (linux only)
2026-05-22 19:44:17,143 kilosort.run_kilosort DEBUG    num torch threads: 8
2026-05-22 19:44:17,143 kilosort.run_kilosort DEBUG    --------------------

2026-05-22 19:44:17,143 kilosort.run_kilosort INFO      
2026-05-22 19:44:17,144 kilosort.run_kilosort INFO     First clustering
2026-05-22 19:44:17,146 kilosort.run_kilosort INFO     ----------------------------------------
2026-05-22 19:44:17,532 kilosort.clustering_qr DEBUG    Center 0 | Xd shape: torch.Size([3502, 60]) | ntemp: 16
2026-05-22 19:44:19,551 kilosort.clustering_qr DEBUG    Center 1 | Xd shape: torch.Size([2323, 84]) | ntemp: 16
2026-05-22 19:44:20,536 kilosort.clustering_qr DEBUG    Center 2 | Xd shape: torch.Size([1716, 90]) | ntemp: 16
2026-05-22 19:44:21,624 kilosort.clustering_qr DEBUG    Center 3 | Xd shape: torch.Size([1468, 90]) | ntemp: 16
2026-05-22 19:44:22,748 kilosort.clustering_qr DEBUG    Center 4 | Xd shape: torch.Size([2227, 90]) | ntemp: 16
2026-05-22 19:44:23,836 kilosort.clustering_qr DEBUG    Center 5 | Xd shape: torch.Size([2143, 90]) | ntemp: 16
2026-05-22 19:44:24,892 kilosort.clustering_qr DEBUG    Center 6 | Xd shape: torch.Size([2847, 90]) | ntemp: 16
2026-05-22 19:44:26,053 kilosort.clustering_qr DEBUG    Center 7 | Xd shape: torch.Size([1661, 90]) | ntemp: 16
2026-05-22 19:44:27,202 kilosort.clustering_qr DEBUG    Center 8 | Xd shape: torch.Size([1416, 90]) | ntemp: 16
2026-05-22 19:44:28,307 kilosort.clustering_qr DEBUG     
2026-05-22 19:44:28,307 kilosort.clustering_qr DEBUG    Cluster center: 9 (10/96)
2026-05-22 19:44:28,307 kilosort.clustering_qr DEBUG    ********************************************************
2026-05-22 19:44:28,307 kilosort.clustering_qr DEBUG    CPU usage:    34.30 %
2026-05-22 19:44:28,307 kilosort.clustering_qr DEBUG    Mem used:     93.30 %     |      14.60 GB
2026-05-22 19:44:28,308 kilosort.clustering_qr DEBUG    Mem avail:     1.05 / 15.65 GB
2026-05-22 19:44:28,308 kilosort.clustering_qr DEBUG    ------------------------------------------------------
2026-05-22 19:44:28,308 kilosort.clustering_qr DEBUG    GPU usage:    `conda install pynvml` for GPU usage
2026-05-22 19:44:28,308 kilosort.clustering_qr DEBUG    GPU memory:   100.00 %     |      4.00   /     4.00 GB
2026-05-22 19:44:28,308 kilosort.clustering_qr DEBUG    Allocated:     0.67 %     |      0.03   /     4.00 GB
2026-05-22 19:44:28,308 kilosort.clustering_qr DEBUG    Max alloc:     0.90 %     |      0.04   /     4.00 GB
2026-05-22 19:44:28,308 kilosort.clustering_qr DEBUG    ********************************************************
2026-05-22 19:44:28,323 kilosort.clustering_qr DEBUG    Center 9 | Xd shape: torch.Size([2091, 90]) | ntemp: 16
2026-05-22 19:44:29,423 kilosort.clustering_qr DEBUG    Center 10 | Xd shape: torch.Size([1796, 90]) | ntemp: 16
2026-05-22 19:44:30,515 kilosort.clustering_qr DEBUG    Center 11 | Xd shape: torch.Size([2390, 90]) | ntemp: 16
2026-05-22 19:44:31,653 kilosort.clustering_qr DEBUG    Center 12 | Xd shape: torch.Size([1259, 90]) | ntemp: 16
2026-05-22 19:44:32,679 kilosort.clustering_qr DEBUG    Center 13 | Xd shape: torch.Size([1454, 90]) | ntemp: 16
2026-05-22 19:44:33,710 kilosort.clustering_qr DEBUG    Center 14 | Xd shape: torch.Size([1333, 90]) | ntemp: 16
2026-05-22 19:44:34,790 kilosort.clustering_qr DEBUG    Center 15 | Xd shape: torch.Size([2216, 90]) | ntemp: 16
2026-05-22 19:44:36,365 kilosort.clustering_qr DEBUG    Center 16 | Xd shape: torch.Size([1290, 90]) | ntemp: 16
2026-05-22 19:44:37,361 kilosort.clustering_qr DEBUG    Center 17 | Xd shape: torch.Size([1321, 90]) | ntemp: 16
2026-05-22 19:44:38,358 kilosort.clustering_qr DEBUG    Center 18 | Xd shape: torch.Size([1594, 90]) | ntemp: 16
2026-05-22 19:44:39,274 kilosort.clustering_qr DEBUG     
2026-05-22 19:44:39,274 kilosort.clustering_qr DEBUG    Cluster center: 19 (20/96)
2026-05-22 19:44:39,274 kilosort.clustering_qr DEBUG    ********************************************************
2026-05-22 19:44:39,274 kilosort.clustering_qr DEBUG    CPU usage:    41.10 %
2026-05-22 19:44:39,274 kilosort.clustering_qr DEBUG    Mem used:     96.00 %     |      15.03 GB
2026-05-22 19:44:39,274 kilosort.clustering_qr DEBUG    Mem avail:     0.62 / 15.65 GB
2026-05-22 19:44:39,274 kilosort.clustering_qr DEBUG    ------------------------------------------------------
2026-05-22 19:44:39,274 kilosort.clustering_qr DEBUG    GPU usage:    `conda install pynvml` for GPU usage
2026-05-22 19:44:39,274 kilosort.clustering_qr DEBUG    GPU memory:   100.00 %     |      4.00   /     4.00 GB
2026-05-22 19:44:39,274 kilosort.clustering_qr DEBUG    Allocated:     0.67 %     |      0.03   /     4.00 GB
2026-05-22 19:44:39,275 kilosort.clustering_qr DEBUG    Max alloc:     0.90 %     |      0.04   /     4.00 GB
2026-05-22 19:44:39,275 kilosort.clustering_qr DEBUG    ********************************************************
2026-05-22 19:44:39,286 kilosort.clustering_qr DEBUG    Center 19 | Xd shape: torch.Size([1311, 90]) | ntemp: 16
2026-05-22 19:44:40,637 kilosort.clustering_qr DEBUG    Center 20 | Xd shape: torch.Size([1534, 90]) | ntemp: 16
2026-05-22 19:44:41,692 kilosort.clustering_qr DEBUG    Center 21 | Xd shape: torch.Size([1359, 90]) | ntemp: 16
2026-05-22 19:44:42,644 kilosort.clustering_qr DEBUG    Center 22 | Xd shape: torch.Size([3993, 90]) | ntemp: 16
2026-05-22 19:44:44,084 kilosort.clustering_qr DEBUG    Center 23 | Xd shape: torch.Size([1782, 90]) | ntemp: 16
2026-05-22 19:44:45,251 kilosort.clustering_qr DEBUG    Center 24 | Xd shape: torch.Size([1681, 90]) | ntemp: 16
2026-05-22 19:44:46,482 kilosort.clustering_qr DEBUG    Center 25 | Xd shape: torch.Size([1664, 90]) | ntemp: 16
2026-05-22 19:44:47,601 kilosort.clustering_qr DEBUG    Center 26 | Xd shape: torch.Size([1997, 90]) | ntemp: 16
2026-05-22 19:44:48,679 kilosort.clustering_qr DEBUG    Center 27 | Xd shape: torch.Size([1506, 90]) | ntemp: 16
2026-05-22 19:44:49,688 kilosort.clustering_qr DEBUG    Center 28 | Xd shape: torch.Size([2388, 90]) | ntemp: 16
2026-05-22 19:44:50,897 kilosort.clustering_qr DEBUG     
2026-05-22 19:44:50,897 kilosort.clustering_qr DEBUG    Cluster center: 29 (30/96)
2026-05-22 19:44:50,897 kilosort.clustering_qr DEBUG    ********************************************************
2026-05-22 19:44:50,897 kilosort.clustering_qr DEBUG    CPU usage:    41.10 %
2026-05-22 19:44:50,897 kilosort.clustering_qr DEBUG    Mem used:     95.70 %     |      14.98 GB
2026-05-22 19:44:50,898 kilosort.clustering_qr DEBUG    Mem avail:     0.67 / 15.65 GB
2026-05-22 19:44:50,898 kilosort.clustering_qr DEBUG    ------------------------------------------------------
2026-05-22 19:44:50,898 kilosort.clustering_qr DEBUG    GPU usage:    `conda install pynvml` for GPU usage
2026-05-22 19:44:50,898 kilosort.clustering_qr DEBUG    GPU memory:   100.00 %     |      4.00   /     4.00 GB
2026-05-22 19:44:50,898 kilosort.clustering_qr DEBUG    Allocated:     0.67 %     |      0.03   /     4.00 GB
2026-05-22 19:44:50,899 kilosort.clustering_qr DEBUG    Max alloc:     0.94 %     |      0.04   /     4.00 GB
2026-05-22 19:44:50,899 kilosort.clustering_qr DEBUG    ********************************************************
2026-05-22 19:44:50,918 kilosort.clustering_qr DEBUG    Center 29 | Xd shape: torch.Size([1706, 90]) | ntemp: 16
2026-05-22 19:44:51,941 kilosort.clustering_qr DEBUG    Center 30 | Xd shape: torch.Size([1819, 90]) | ntemp: 16
2026-05-22 19:44:53,028 kilosort.clustering_qr DEBUG    Center 31 | Xd shape: torch.Size([2259, 90]) | ntemp: 16
2026-05-22 19:44:54,199 kilosort.clustering_qr DEBUG    Center 32 | Xd shape: torch.Size([2571, 90]) | ntemp: 16
2026-05-22 19:44:55,342 kilosort.clustering_qr DEBUG    Center 33 | Xd shape: torch.Size([1414, 90]) | ntemp: 16
2026-05-22 19:44:56,420 kilosort.clustering_qr DEBUG    Center 34 | Xd shape: torch.Size([2033, 90]) | ntemp: 16
2026-05-22 19:44:57,514 kilosort.clustering_qr DEBUG    Center 35 | Xd shape: torch.Size([1867, 90]) | ntemp: 16
2026-05-22 19:44:58,633 kilosort.clustering_qr DEBUG    Center 36 | Xd shape: torch.Size([1763, 90]) | ntemp: 16
2026-05-22 19:44:59,698 kilosort.clustering_qr DEBUG    Center 37 | Xd shape: torch.Size([2055, 90]) | ntemp: 16
2026-05-22 19:45:00,788 kilosort.clustering_qr DEBUG    Center 38 | Xd shape: torch.Size([1583, 90]) | ntemp: 16
2026-05-22 19:45:01,822 kilosort.clustering_qr DEBUG     
2026-05-22 19:45:01,822 kilosort.clustering_qr DEBUG    Cluster center: 39 (40/96)
2026-05-22 19:45:01,822 kilosort.clustering_qr DEBUG    ********************************************************
2026-05-22 19:45:01,822 kilosort.clustering_qr DEBUG    CPU usage:    32.40 %
2026-05-22 19:45:01,822 kilosort.clustering_qr DEBUG    Mem used:     95.60 %     |      14.96 GB
2026-05-22 19:45:01,822 kilosort.clustering_qr DEBUG    Mem avail:     0.69 / 15.65 GB
2026-05-22 19:45:01,822 kilosort.clustering_qr DEBUG    ------------------------------------------------------
2026-05-22 19:45:01,822 kilosort.clustering_qr DEBUG    GPU usage:    `conda install pynvml` for GPU usage
2026-05-22 19:45:01,823 kilosort.clustering_qr DEBUG    GPU memory:   100.00 %     |      4.00   /     4.00 GB
2026-05-22 19:45:01,823 kilosort.clustering_qr DEBUG    Allocated:     0.67 %     |      0.03   /     4.00 GB
2026-05-22 19:45:01,823 kilosort.clustering_qr DEBUG    Max alloc:     0.94 %     |      0.04   /     4.00 GB
2026-05-22 19:45:01,823 kilosort.clustering_qr DEBUG    ********************************************************
2026-05-22 19:45:01,840 kilosort.clustering_qr DEBUG    Center 39 | Xd shape: torch.Size([2403, 90]) | ntemp: 16
2026-05-22 19:45:02,852 kilosort.clustering_qr DEBUG    Center 40 | Xd shape: torch.Size([1821, 90]) | ntemp: 16
2026-05-22 19:45:03,992 kilosort.clustering_qr DEBUG    Center 41 | Xd shape: torch.Size([2253, 90]) | ntemp: 16
2026-05-22 19:45:04,948 kilosort.clustering_qr DEBUG    Center 42 | Xd shape: torch.Size([2208, 90]) | ntemp: 16
2026-05-22 19:45:06,011 kilosort.clustering_qr DEBUG    Center 43 | Xd shape: torch.Size([2382, 90]) | ntemp: 16
2026-05-22 19:45:07,068 kilosort.clustering_qr DEBUG    Center 44 | Xd shape: torch.Size([1780, 90]) | ntemp: 16
2026-05-22 19:45:08,208 kilosort.clustering_qr DEBUG    Center 45 | Xd shape: torch.Size([1455, 90]) | ntemp: 16
2026-05-22 19:45:09,340 kilosort.clustering_qr DEBUG    Center 46 | Xd shape: torch.Size([1767, 84]) | ntemp: 16
2026-05-22 19:45:10,388 kilosort.clustering_qr DEBUG    Center 47 | Xd shape: torch.Size([1672, 90]) | ntemp: 16
2026-05-22 19:45:11,498 kilosort.clustering_qr DEBUG    Center 48 | Xd shape: torch.Size([1604, 84]) | ntemp: 16
2026-05-22 19:45:12,572 kilosort.clustering_qr DEBUG     
2026-05-22 19:45:12,572 kilosort.clustering_qr DEBUG    Cluster center: 49 (50/96)
2026-05-22 19:45:12,572 kilosort.clustering_qr DEBUG    ********************************************************
2026-05-22 19:45:12,572 kilosort.clustering_qr DEBUG    CPU usage:    33.30 %
2026-05-22 19:45:12,572 kilosort.clustering_qr DEBUG    Mem used:     95.20 %     |      14.90 GB
2026-05-22 19:45:12,572 kilosort.clustering_qr DEBUG    Mem avail:     0.74 / 15.65 GB
2026-05-22 19:45:12,572 kilosort.clustering_qr DEBUG    ------------------------------------------------------
2026-05-22 19:45:12,572 kilosort.clustering_qr DEBUG    GPU usage:    `conda install pynvml` for GPU usage
2026-05-22 19:45:12,572 kilosort.clustering_qr DEBUG    GPU memory:   100.00 %     |      4.00   /     4.00 GB
2026-05-22 19:45:12,572 kilosort.clustering_qr DEBUG    Allocated:     0.67 %     |      0.03   /     4.00 GB
2026-05-22 19:45:12,572 kilosort.clustering_qr DEBUG    Max alloc:     0.94 %     |      0.04   /     4.00 GB
2026-05-22 19:45:12,574 kilosort.clustering_qr DEBUG    ********************************************************
2026-05-22 19:45:12,591 kilosort.clustering_qr DEBUG    Center 49 | Xd shape: torch.Size([1845, 90]) | ntemp: 16
2026-05-22 19:45:13,694 kilosort.clustering_qr DEBUG    Center 50 | Xd shape: torch.Size([2229, 90]) | ntemp: 16
2026-05-22 19:45:14,826 kilosort.clustering_qr DEBUG    Center 51 | Xd shape: torch.Size([2006, 90]) | ntemp: 16
2026-05-22 19:45:15,984 kilosort.clustering_qr DEBUG    Center 52 | Xd shape: torch.Size([2333, 90]) | ntemp: 16
2026-05-22 19:45:17,132 kilosort.clustering_qr DEBUG    Center 53 | Xd shape: torch.Size([2338, 90]) | ntemp: 16
2026-05-22 19:45:18,243 kilosort.clustering_qr DEBUG    Center 54 | Xd shape: torch.Size([2122, 90]) | ntemp: 16
2026-05-22 19:45:19,338 kilosort.clustering_qr DEBUG    Center 55 | Xd shape: torch.Size([1618, 90]) | ntemp: 16
2026-05-22 19:45:20,423 kilosort.clustering_qr DEBUG    Center 56 | Xd shape: torch.Size([2150, 90]) | ntemp: 16
2026-05-22 19:45:21,534 kilosort.clustering_qr DEBUG    Center 57 | Xd shape: torch.Size([2193, 90]) | ntemp: 16
2026-05-22 19:45:22,614 kilosort.clustering_qr DEBUG    Center 58 | Xd shape: torch.Size([2379, 90]) | ntemp: 16
2026-05-22 19:45:23,618 kilosort.clustering_qr DEBUG     
2026-05-22 19:45:23,618 kilosort.clustering_qr DEBUG    Cluster center: 59 (60/96)
2026-05-22 19:45:23,618 kilosort.clustering_qr DEBUG    ********************************************************
2026-05-22 19:45:23,618 kilosort.clustering_qr DEBUG    CPU usage:    27.90 %
2026-05-22 19:45:23,620 kilosort.clustering_qr DEBUG    Mem used:     94.80 %     |      14.84 GB
2026-05-22 19:45:23,620 kilosort.clustering_qr DEBUG    Mem avail:     0.81 / 15.65 GB
2026-05-22 19:45:23,620 kilosort.clustering_qr DEBUG    ------------------------------------------------------
2026-05-22 19:45:23,621 kilosort.clustering_qr DEBUG    GPU usage:    `conda install pynvml` for GPU usage
2026-05-22 19:45:23,621 kilosort.clustering_qr DEBUG    GPU memory:   100.00 %     |      4.00   /     4.00 GB
2026-05-22 19:45:23,621 kilosort.clustering_qr DEBUG    Allocated:     0.67 %     |      0.03   /     4.00 GB
2026-05-22 19:45:23,621 kilosort.clustering_qr DEBUG    Max alloc:     0.94 %     |      0.04   /     4.00 GB
2026-05-22 19:45:23,621 kilosort.clustering_qr DEBUG    ********************************************************
2026-05-22 19:45:23,636 kilosort.clustering_qr DEBUG    Center 59 | Xd shape: torch.Size([2401, 90]) | ntemp: 16
2026-05-22 19:45:24,814 kilosort.clustering_qr DEBUG    Center 60 | Xd shape: torch.Size([2758, 90]) | ntemp: 16
2026-05-22 19:45:25,917 kilosort.clustering_qr DEBUG    Center 61 | Xd shape: torch.Size([2592, 90]) | ntemp: 16
2026-05-22 19:45:27,132 kilosort.clustering_qr DEBUG    Center 62 | Xd shape: torch.Size([2319, 90]) | ntemp: 16
2026-05-22 19:45:28,251 kilosort.clustering_qr DEBUG    Center 63 | Xd shape: torch.Size([1959, 90]) | ntemp: 16
2026-05-22 19:45:29,359 kilosort.clustering_qr DEBUG    Center 64 | Xd shape: torch.Size([1567, 90]) | ntemp: 16
2026-05-22 19:45:30,476 kilosort.clustering_qr DEBUG    Center 65 | Xd shape: torch.Size([1879, 90]) | ntemp: 16
2026-05-22 19:45:31,503 kilosort.clustering_qr DEBUG    Center 66 | Xd shape: torch.Size([2866, 90]) | ntemp: 16
2026-05-22 19:45:32,621 kilosort.clustering_qr DEBUG    Center 67 | Xd shape: torch.Size([2407, 90]) | ntemp: 16
2026-05-22 19:45:33,661 kilosort.clustering_qr DEBUG    Center 68 | Xd shape: torch.Size([1650, 90]) | ntemp: 16
2026-05-22 19:45:34,769 kilosort.clustering_qr DEBUG     
2026-05-22 19:45:34,771 kilosort.clustering_qr DEBUG    Cluster center: 69 (70/96)
2026-05-22 19:45:34,771 kilosort.clustering_qr DEBUG    ********************************************************
2026-05-22 19:45:34,771 kilosort.clustering_qr DEBUG    CPU usage:    28.50 %
2026-05-22 19:45:34,771 kilosort.clustering_qr DEBUG    Mem used:     94.80 %     |      14.84 GB
2026-05-22 19:45:34,771 kilosort.clustering_qr DEBUG    Mem avail:     0.81 / 15.65 GB
2026-05-22 19:45:34,771 kilosort.clustering_qr DEBUG    ------------------------------------------------------
2026-05-22 19:45:34,771 kilosort.clustering_qr DEBUG    GPU usage:    `conda install pynvml` for GPU usage
2026-05-22 19:45:34,771 kilosort.clustering_qr DEBUG    GPU memory:   100.00 %     |      4.00   /     4.00 GB
2026-05-22 19:45:34,771 kilosort.clustering_qr DEBUG    Allocated:     0.67 %     |      0.03   /     4.00 GB
2026-05-22 19:45:34,771 kilosort.clustering_qr DEBUG    Max alloc:     0.94 %     |      0.04   /     4.00 GB
2026-05-22 19:45:34,771 kilosort.clustering_qr DEBUG    ********************************************************
2026-05-22 19:45:34,789 kilosort.clustering_qr DEBUG    Center 69 | Xd shape: torch.Size([1696, 90]) | ntemp: 16
2026-05-22 19:45:35,926 kilosort.clustering_qr DEBUG    Center 70 | Xd shape: torch.Size([2098, 90]) | ntemp: 16
2026-05-22 19:45:36,988 kilosort.clustering_qr DEBUG    Center 71 | Xd shape: torch.Size([1993, 90]) | ntemp: 16
2026-05-22 19:45:38,061 kilosort.clustering_qr DEBUG    Center 72 | Xd shape: torch.Size([2318, 90]) | ntemp: 16
2026-05-22 19:45:39,200 kilosort.clustering_qr DEBUG    Center 73 | Xd shape: torch.Size([2281, 90]) | ntemp: 16
2026-05-22 19:45:40,280 kilosort.clustering_qr DEBUG    Center 74 | Xd shape: torch.Size([2287, 90]) | ntemp: 16
2026-05-22 19:45:41,280 kilosort.clustering_qr DEBUG    Center 75 | Xd shape: torch.Size([2586, 90]) | ntemp: 16
2026-05-22 19:45:42,260 kilosort.clustering_qr DEBUG    Center 76 | Xd shape: torch.Size([1060, 90]) | ntemp: 16
2026-05-22 19:45:43,309 kilosort.clustering_qr DEBUG    Center 77 | Xd shape: torch.Size([1310, 90]) | ntemp: 16
2026-05-22 19:45:44,346 kilosort.clustering_qr DEBUG    Center 78 | Xd shape: torch.Size([1594, 90]) | ntemp: 16
2026-05-22 19:45:45,440 kilosort.clustering_qr DEBUG     
2026-05-22 19:45:45,440 kilosort.clustering_qr DEBUG    Cluster center: 79 (80/96)
2026-05-22 19:45:45,440 kilosort.clustering_qr DEBUG    ********************************************************
2026-05-22 19:45:45,440 kilosort.clustering_qr DEBUG    CPU usage:    34.60 %
2026-05-22 19:45:45,440 kilosort.clustering_qr DEBUG    Mem used:     94.10 %     |      14.73 GB
2026-05-22 19:45:45,440 kilosort.clustering_qr DEBUG    Mem avail:     0.92 / 15.65 GB
2026-05-22 19:45:45,440 kilosort.clustering_qr DEBUG    ------------------------------------------------------
2026-05-22 19:45:45,440 kilosort.clustering_qr DEBUG    GPU usage:    `conda install pynvml` for GPU usage
2026-05-22 19:45:45,440 kilosort.clustering_qr DEBUG    GPU memory:   100.00 %     |      4.00   /     4.00 GB
2026-05-22 19:45:45,440 kilosort.clustering_qr DEBUG    Allocated:     0.67 %     |      0.03   /     4.00 GB
2026-05-22 19:45:45,440 kilosort.clustering_qr DEBUG    Max alloc:     0.94 %     |      0.04   /     4.00 GB
2026-05-22 19:45:45,440 kilosort.clustering_qr DEBUG    ********************************************************
2026-05-22 19:45:45,458 kilosort.clustering_qr DEBUG    Center 79 | Xd shape: torch.Size([2056, 90]) | ntemp: 16
2026-05-22 19:45:46,592 kilosort.clustering_qr DEBUG    Center 80 | Xd shape: torch.Size([2096, 90]) | ntemp: 16
2026-05-22 19:45:47,683 kilosort.clustering_qr DEBUG    Center 81 | Xd shape: torch.Size([1816, 90]) | ntemp: 16
2026-05-22 19:45:48,701 kilosort.clustering_qr DEBUG    Center 82 | Xd shape: torch.Size([2629, 90]) | ntemp: 16
2026-05-22 19:45:49,762 kilosort.clustering_qr DEBUG    Center 83 | Xd shape: torch.Size([1089, 90]) | ntemp: 16
2026-05-22 19:45:50,808 kilosort.clustering_qr DEBUG    Center 84 | Xd shape: torch.Size([1332, 90]) | ntemp: 16
2026-05-22 19:45:51,791 kilosort.clustering_qr DEBUG    Center 85 | Xd shape: torch.Size([991, 90]) | ntemp: 16
2026-05-22 19:45:51,811 kilosort.clustering_qr DEBUG    Center 86 | Xd shape: torch.Size([1289, 90]) | ntemp: 16
2026-05-22 19:45:52,862 kilosort.clustering_qr DEBUG    Center 87 | Xd shape: torch.Size([1591, 90]) | ntemp: 16
2026-05-22 19:45:53,918 kilosort.clustering_qr DEBUG    Center 88 | Xd shape: torch.Size([1797, 90]) | ntemp: 16
2026-05-22 19:45:54,906 kilosort.clustering_qr DEBUG     
2026-05-22 19:45:54,907 kilosort.clustering_qr DEBUG    Cluster center: 89 (90/96)
2026-05-22 19:45:54,907 kilosort.clustering_qr DEBUG    ********************************************************
2026-05-22 19:45:54,907 kilosort.clustering_qr DEBUG    CPU usage:    32.80 %
2026-05-22 19:45:54,907 kilosort.clustering_qr DEBUG    Mem used:     94.20 %     |      14.75 GB
2026-05-22 19:45:54,907 kilosort.clustering_qr DEBUG    Mem avail:     0.90 / 15.65 GB
2026-05-22 19:45:54,907 kilosort.clustering_qr DEBUG    ------------------------------------------------------
2026-05-22 19:45:54,907 kilosort.clustering_qr DEBUG    GPU usage:    `conda install pynvml` for GPU usage
2026-05-22 19:45:54,907 kilosort.clustering_qr DEBUG    GPU memory:   100.00 %     |      4.00   /     4.00 GB
2026-05-22 19:45:54,908 kilosort.clustering_qr DEBUG    Allocated:     0.67 %     |      0.03   /     4.00 GB
2026-05-22 19:45:54,908 kilosort.clustering_qr DEBUG    Max alloc:     0.94 %     |      0.04   /     4.00 GB
2026-05-22 19:45:54,908 kilosort.clustering_qr DEBUG    ********************************************************
2026-05-22 19:45:54,920 kilosort.clustering_qr DEBUG    Center 89 | Xd shape: torch.Size([1665, 90]) | ntemp: 16
2026-05-22 19:45:55,910 kilosort.clustering_qr DEBUG    Center 90 | Xd shape: torch.Size([1627, 90]) | ntemp: 16
2026-05-22 19:45:56,936 kilosort.clustering_qr DEBUG    Center 91 | Xd shape: torch.Size([1863, 90]) | ntemp: 16
2026-05-22 19:45:57,908 kilosort.clustering_qr DEBUG    Center 92 | Xd shape: torch.Size([1708, 90]) | ntemp: 16
2026-05-22 19:45:58,968 kilosort.clustering_qr DEBUG    Center 93 | Xd shape: torch.Size([1897, 90]) | ntemp: 16
2026-05-22 19:46:00,058 kilosort.clustering_qr DEBUG    Center 94 | Xd shape: torch.Size([1726, 78]) | ntemp: 16
2026-05-22 19:46:01,036 kilosort.clustering_qr DEBUG    Center 95 | Xd shape: torch.Size([1549, 60]) | ntemp: 12
2026-05-22 19:46:02,661 kilosort.run_kilosort INFO     290 clusters found, in 105.52s; total 704.53s
2026-05-22 19:46:02,663 kilosort.run_kilosort DEBUG    clu shape: (185232,)
2026-05-22 19:46:02,663 kilosort.run_kilosort DEBUG    Wall shape: torch.Size([290, 383, 6])
2026-05-22 19:46:02,663 kilosort.run_kilosort INFO      
2026-05-22 19:46:02,666 kilosort.run_kilosort INFO     Resource usage after first clustering
2026-05-22 19:46:02,666 kilosort.run_kilosort INFO     ********************************************************
2026-05-22 19:46:02,669 kilosort.run_kilosort INFO     CPU usage:     0.00 %
2026-05-22 19:46:02,671 kilosort.run_kilosort INFO     Mem used:     94.40 %     |      14.78 GB
2026-05-22 19:46:02,672 kilosort.run_kilosort INFO     Mem avail:     0.87 / 15.65 GB
2026-05-22 19:46:02,674 kilosort.run_kilosort INFO     ------------------------------------------------------
2026-05-22 19:46:02,674 kilosort.run_kilosort INFO     GPU usage:    `conda install pynvml` for GPU usage
2026-05-22 19:46:02,674 kilosort.run_kilosort INFO     GPU memory:   100.00 %     |      4.00   /     4.00 GB
2026-05-22 19:46:02,677 kilosort.run_kilosort INFO     Allocated:     0.73 %     |      0.03   /     4.00 GB
2026-05-22 19:46:02,679 kilosort.run_kilosort INFO     Max alloc:     8.90 %     |      0.36   /     4.00 GB
2026-05-22 19:46:02,680 kilosort.run_kilosort INFO     ********************************************************
2026-05-22 19:46:02,682 kilosort.run_kilosort DEBUG    
2026-05-22 19:46:02,682 kilosort.run_kilosort DEBUG    --------------------
2026-05-22 19:46:02,683 kilosort.run_kilosort DEBUG    Process thread count: N/A (linux only)
2026-05-22 19:46:02,683 kilosort.run_kilosort DEBUG    num torch threads: 8
2026-05-22 19:46:02,683 kilosort.run_kilosort DEBUG    --------------------

2026-05-22 19:46:02,683 kilosort.run_kilosort INFO      
2026-05-22 19:46:02,684 kilosort.run_kilosort INFO     Extracting spikes using cluster waveforms
2026-05-22 19:46:02,685 kilosort.run_kilosort INFO     ----------------------------------------
2026-05-22 19:46:02,762 kilosort.template_matching DEBUG     
2026-05-22 19:46:02,762 kilosort.template_matching DEBUG    Batch 0
2026-05-22 19:46:02,762 kilosort.template_matching DEBUG    ********************************************************
2026-05-22 19:46:02,762 kilosort.template_matching DEBUG    CPU usage:    35.20 %
2026-05-22 19:46:02,762 kilosort.template_matching DEBUG    Mem used:     95.50 %     |      14.94 GB
2026-05-22 19:46:02,762 kilosort.template_matching DEBUG    Mem avail:     0.71 / 15.65 GB
2026-05-22 19:46:02,762 kilosort.template_matching DEBUG    ------------------------------------------------------
2026-05-22 19:46:02,762 kilosort.template_matching DEBUG    GPU usage:    `conda install pynvml` for GPU usage
2026-05-22 19:46:02,762 kilosort.template_matching DEBUG    GPU memory:   100.00 %     |      4.00   /     4.00 GB
2026-05-22 19:46:02,763 kilosort.template_matching DEBUG    Allocated:     1.56 %     |      0.06   /     4.00 GB
2026-05-22 19:46:02,763 kilosort.template_matching DEBUG    Max alloc:     2.05 %     |      0.08   /     4.00 GB
2026-05-22 19:46:02,764 kilosort.template_matching DEBUG    ********************************************************
2026-05-22 19:46:27,845 kilosort.template_matching DEBUG     
2026-05-22 19:46:27,845 kilosort.template_matching DEBUG    Batch 22
2026-05-22 19:46:27,845 kilosort.template_matching DEBUG    ********************************************************
2026-05-22 19:46:27,845 kilosort.template_matching DEBUG    CPU usage:    27.40 %
2026-05-22 19:46:27,846 kilosort.template_matching DEBUG    Mem used:     94.40 %     |      14.77 GB
2026-05-22 19:46:27,846 kilosort.template_matching DEBUG    Mem avail:     0.88 / 15.65 GB
2026-05-22 19:46:27,846 kilosort.template_matching DEBUG    ------------------------------------------------------
2026-05-22 19:46:27,846 kilosort.template_matching DEBUG    GPU usage:    `conda install pynvml` for GPU usage
2026-05-22 19:46:27,846 kilosort.template_matching DEBUG    GPU memory:   100.00 %     |      4.00   /     4.00 GB
2026-05-22 19:46:27,846 kilosort.template_matching DEBUG    Allocated:     5.91 %     |      0.24   /     4.00 GB
2026-05-22 19:46:27,846 kilosort.template_matching DEBUG    Max alloc:    36.22 %     |      1.45   /     4.00 GB
2026-05-22 19:46:27,846 kilosort.template_matching DEBUG    ********************************************************
2026-05-22 19:46:27,908 kilosort.run_kilosort DEBUG    
2026-05-22 19:46:27,908 kilosort.run_kilosort DEBUG    --------------------
2026-05-22 19:46:27,908 kilosort.run_kilosort DEBUG    Process thread count: N/A (linux only)
2026-05-22 19:46:27,908 kilosort.run_kilosort DEBUG    num torch threads: 8
2026-05-22 19:46:27,908 kilosort.run_kilosort DEBUG    --------------------

2026-05-22 19:46:27,911 kilosort.run_kilosort INFO     203869 spikes extracted in 25.23s; total 729.77s
2026-05-22 19:46:27,911 kilosort.run_kilosort DEBUG    st shape: (203869, 3)
2026-05-22 19:46:27,911 kilosort.run_kilosort DEBUG    tF shape: torch.Size([203869, 10, 6])
2026-05-22 19:46:27,911 kilosort.run_kilosort DEBUG    iCC shape: torch.Size([10, 383])
2026-05-22 19:46:27,911 kilosort.run_kilosort DEBUG    iU shape: torch.Size([270])
2026-05-22 19:46:27,911 kilosort.run_kilosort DEBUG    

|===========================================================================|
|                  PyTorch CUDA memory summary, device ID 0                 |
|---------------------------------------------------------------------------|
|            CUDA OOMs: 0            |        cudaMalloc retries: 0         |
|===========================================================================|
|        Metric         | Cur Usage  | Peak Usage | Tot Alloc  | Tot Freed  |
|---------------------------------------------------------------------------|
| Allocated memory      |  30461 KiB |   1483 MiB |   4628 GiB |   4628 GiB |
|---------------------------------------------------------------------------|
| Active memory         |  30461 KiB |   1483 MiB |   4628 GiB |   4628 GiB |
|---------------------------------------------------------------------------|
| Requested memory      |  30441 KiB |   1482 MiB |   4616 GiB |   4615 GiB |
|---------------------------------------------------------------------------|
| GPU reserved memory   |   5244 MiB |   5244 MiB |   5244 MiB |      0 B   |
|---------------------------------------------------------------------------|
| Non-releasable memory |  96515 KiB | 535634 KiB |   3801 GiB |   3801 GiB |
|---------------------------------------------------------------------------|
| Allocations           |      75    |     107    |    1276 K  |    1276 K  |
|---------------------------------------------------------------------------|
| Active allocs         |      75    |     107    |    1276 K  |    1276 K  |
|---------------------------------------------------------------------------|
| GPU reserved segments |      23    |      23    |      23    |       0    |
|---------------------------------------------------------------------------|
| Non-releasable allocs |      16    |      23    |  633773    |  633757    |
|---------------------------------------------------------------------------|
| Oversize allocations  |       0    |       0    |       0    |       0    |
|---------------------------------------------------------------------------|
| Oversize GPU segments |       0    |       0    |       0    |       0    |
|===========================================================================|


2026-05-22 19:46:27,914 kilosort.run_kilosort INFO      
2026-05-22 19:46:27,915 kilosort.run_kilosort INFO     Resource usage after spike detect (learned)
2026-05-22 19:46:27,915 kilosort.run_kilosort INFO     ********************************************************
2026-05-22 19:46:27,917 kilosort.run_kilosort INFO     CPU usage:    66.70 %
2026-05-22 19:46:27,918 kilosort.run_kilosort INFO     Mem used:     94.50 %     |      14.78 GB
2026-05-22 19:46:27,920 kilosort.run_kilosort INFO     Mem avail:     0.86 / 15.65 GB
2026-05-22 19:46:27,921 kilosort.run_kilosort INFO     ------------------------------------------------------
2026-05-22 19:46:27,922 kilosort.run_kilosort INFO     GPU usage:    `conda install pynvml` for GPU usage
2026-05-22 19:46:27,923 kilosort.run_kilosort INFO     GPU memory:   100.00 %     |      4.00   /     4.00 GB
2026-05-22 19:46:27,925 kilosort.run_kilosort INFO     Allocated:     0.73 %     |      0.03   /     4.00 GB
2026-05-22 19:46:27,925 kilosort.run_kilosort INFO     Max alloc:    36.22 %     |      1.45   /     4.00 GB
2026-05-22 19:46:27,928 kilosort.run_kilosort INFO     ********************************************************
2026-05-22 19:46:27,930 kilosort.run_kilosort DEBUG    
2026-05-22 19:46:27,930 kilosort.run_kilosort DEBUG    --------------------
2026-05-22 19:46:27,930 kilosort.run_kilosort DEBUG    Process thread count: N/A (linux only)
2026-05-22 19:46:27,931 kilosort.run_kilosort DEBUG    num torch threads: 8
2026-05-22 19:46:27,931 kilosort.run_kilosort DEBUG    --------------------

2026-05-22 19:46:27,931 kilosort.run_kilosort INFO     Generating diagnostic plots ...
2026-05-22 19:46:31,044 kilosort.run_kilosort INFO      
2026-05-22 19:46:31,047 kilosort.run_kilosort INFO     Final clustering
2026-05-22 19:46:31,048 kilosort.run_kilosort INFO     ----------------------------------------
2026-05-22 19:46:31,085 kilosort.clustering_qr DEBUG    Center 0 | Xd shape: torch.Size([3309, 60]) | ntemp: 2
2026-05-22 19:46:32,344 kilosort.clustering_qr DEBUG    Center 1 | Xd shape: torch.Size([3256, 60]) | ntemp: 3
2026-05-22 19:46:42,528 kilosort.clustering_qr DEBUG    Center 2 | Xd shape: torch.Size([2193, 72]) | ntemp: 2
2026-05-22 19:46:43,826 kilosort.clustering_qr DEBUG    Center 3 | Xd shape: torch.Size([1973, 72]) | ntemp: 3
2026-05-22 19:46:44,771 kilosort.clustering_qr DEBUG    Center 4 | Xd shape: torch.Size([4379, 72]) | ntemp: 5
2026-05-22 19:46:45,814 kilosort.clustering_qr DEBUG    Center 5 | Xd shape: torch.Size([2360, 72]) | ntemp: 2
2026-05-22 19:46:46,828 kilosort.clustering_qr DEBUG    Center 6 | Xd shape: torch.Size([2567, 60]) | ntemp: 2
2026-05-22 19:46:47,901 kilosort.clustering_qr DEBUG    Center 7 | Xd shape: torch.Size([4614, 72]) | ntemp: 4
2026-05-22 19:46:49,026 kilosort.clustering_qr DEBUG    Center 8 | Xd shape: torch.Size([2126, 72]) | ntemp: 3
2026-05-22 19:46:50,098 kilosort.clustering_qr DEBUG     
2026-05-22 19:46:50,098 kilosort.clustering_qr DEBUG    Cluster center: 9 (10/96)
2026-05-22 19:46:50,098 kilosort.clustering_qr DEBUG    ********************************************************
2026-05-22 19:46:50,098 kilosort.clustering_qr DEBUG    CPU usage:    28.60 %
2026-05-22 19:46:50,098 kilosort.clustering_qr DEBUG    Mem used:     94.20 %     |      14.75 GB
2026-05-22 19:46:50,098 kilosort.clustering_qr DEBUG    Mem avail:     0.90 / 15.65 GB
2026-05-22 19:46:50,098 kilosort.clustering_qr DEBUG    ------------------------------------------------------
2026-05-22 19:46:50,098 kilosort.clustering_qr DEBUG    GPU usage:    `conda install pynvml` for GPU usage
2026-05-22 19:46:50,100 kilosort.clustering_qr DEBUG    GPU memory:   100.00 %     |      4.00   /     4.00 GB
2026-05-22 19:46:50,100 kilosort.clustering_qr DEBUG    Allocated:     0.67 %     |      0.03   /     4.00 GB
2026-05-22 19:46:50,100 kilosort.clustering_qr DEBUG    Max alloc:     0.98 %     |      0.04   /     4.00 GB
2026-05-22 19:46:50,100 kilosort.clustering_qr DEBUG    ********************************************************
2026-05-22 19:46:50,112 kilosort.clustering_qr DEBUG    Center 9 | Xd shape: torch.Size([2120, 72]) | ntemp: 3
2026-05-22 19:46:51,198 kilosort.clustering_qr DEBUG    Center 10 | Xd shape: torch.Size([3320, 72]) | ntemp: 5
2026-05-22 19:46:52,306 kilosort.clustering_qr DEBUG    Center 11 | Xd shape: torch.Size([4305, 72]) | ntemp: 5
2026-05-22 19:46:53,398 kilosort.clustering_qr DEBUG    Center 12 | Xd shape: torch.Size([3539, 72]) | ntemp: 6
2026-05-22 19:46:54,618 kilosort.clustering_qr DEBUG    Center 13 | Xd shape: torch.Size([1863, 72]) | ntemp: 3
2026-05-22 19:46:55,776 kilosort.clustering_qr DEBUG    Center 14 | Xd shape: torch.Size([2718, 72]) | ntemp: 6
2026-05-22 19:46:56,911 kilosort.clustering_qr DEBUG    Center 15 | Xd shape: torch.Size([3402, 72]) | ntemp: 5
2026-05-22 19:46:58,088 kilosort.clustering_qr DEBUG    Center 16 | Xd shape: torch.Size([2316, 72]) | ntemp: 5
2026-05-22 19:46:59,223 kilosort.clustering_qr DEBUG    Center 17 | Xd shape: torch.Size([688, 60]) | ntemp: 1
2026-05-22 19:46:59,231 kilosort.clustering_qr DEBUG    Center 18 | Xd shape: torch.Size([2744, 72]) | ntemp: 4
2026-05-22 19:47:00,346 kilosort.clustering_qr DEBUG     
2026-05-22 19:47:00,347 kilosort.clustering_qr DEBUG    Cluster center: 19 (20/96)
2026-05-22 19:47:00,347 kilosort.clustering_qr DEBUG    ********************************************************
2026-05-22 19:47:00,347 kilosort.clustering_qr DEBUG    CPU usage:    28.00 %
2026-05-22 19:47:00,347 kilosort.clustering_qr DEBUG    Mem used:     94.20 %     |      14.75 GB
2026-05-22 19:47:00,347 kilosort.clustering_qr DEBUG    Mem avail:     0.90 / 15.65 GB
2026-05-22 19:47:00,347 kilosort.clustering_qr DEBUG    ------------------------------------------------------
2026-05-22 19:47:00,347 kilosort.clustering_qr DEBUG    GPU usage:    `conda install pynvml` for GPU usage
2026-05-22 19:47:00,347 kilosort.clustering_qr DEBUG    GPU memory:   100.00 %     |      4.00   /     4.00 GB
2026-05-22 19:47:00,347 kilosort.clustering_qr DEBUG    Allocated:     0.67 %     |      0.03   /     4.00 GB
2026-05-22 19:47:00,348 kilosort.clustering_qr DEBUG    Max alloc:     0.98 %     |      0.04   /     4.00 GB
2026-05-22 19:47:00,348 kilosort.clustering_qr DEBUG    ********************************************************
2026-05-22 19:47:00,363 kilosort.clustering_qr DEBUG    Center 19 | Xd shape: torch.Size([6066, 72]) | ntemp: 6
2026-05-22 19:47:01,516 kilosort.clustering_qr DEBUG    Center 20 | Xd shape: torch.Size([1966, 72]) | ntemp: 4
2026-05-22 19:47:02,631 kilosort.clustering_qr DEBUG    Center 21 | Xd shape: torch.Size([1769, 72]) | ntemp: 2
2026-05-22 19:47:03,728 kilosort.clustering_qr DEBUG    Center 22 | Xd shape: torch.Size([5134, 72]) | ntemp: 3
2026-05-22 19:47:04,888 kilosort.clustering_qr DEBUG    Center 23 | Xd shape: torch.Size([2666, 72]) | ntemp: 3
2026-05-22 19:47:05,956 kilosort.clustering_qr DEBUG    Center 24 | Xd shape: torch.Size([2907, 72]) | ntemp: 3
2026-05-22 19:47:07,073 kilosort.clustering_qr DEBUG    Center 25 | Xd shape: torch.Size([2207, 60]) | ntemp: 3
2026-05-22 19:47:08,165 kilosort.clustering_qr DEBUG    Center 26 | Xd shape: torch.Size([3104, 72]) | ntemp: 4
2026-05-22 19:47:09,325 kilosort.clustering_qr DEBUG    Center 27 | Xd shape: torch.Size([1130, 60]) | ntemp: 3
2026-05-22 19:47:10,471 kilosort.clustering_qr DEBUG    Center 28 | Xd shape: torch.Size([2572, 72]) | ntemp: 2
2026-05-22 19:47:11,647 kilosort.clustering_qr DEBUG     
2026-05-22 19:47:11,648 kilosort.clustering_qr DEBUG    Cluster center: 29 (30/96)
2026-05-22 19:47:11,648 kilosort.clustering_qr DEBUG    ********************************************************
2026-05-22 19:47:11,648 kilosort.clustering_qr DEBUG    CPU usage:    27.80 %
2026-05-22 19:47:11,648 kilosort.clustering_qr DEBUG    Mem used:     94.30 %     |      14.75 GB
2026-05-22 19:47:11,648 kilosort.clustering_qr DEBUG    Mem avail:     0.90 / 15.65 GB
2026-05-22 19:47:11,648 kilosort.clustering_qr DEBUG    ------------------------------------------------------
2026-05-22 19:47:11,648 kilosort.clustering_qr DEBUG    GPU usage:    `conda install pynvml` for GPU usage
2026-05-22 19:47:11,648 kilosort.clustering_qr DEBUG    GPU memory:   100.00 %     |      4.00   /     4.00 GB
2026-05-22 19:47:11,648 kilosort.clustering_qr DEBUG    Allocated:     0.67 %     |      0.03   /     4.00 GB
2026-05-22 19:47:11,648 kilosort.clustering_qr DEBUG    Max alloc:     1.08 %     |      0.04   /     4.00 GB
2026-05-22 19:47:11,648 kilosort.clustering_qr DEBUG    ********************************************************
2026-05-22 19:47:11,656 kilosort.clustering_qr DEBUG    Center 29 | Xd shape: torch.Size([2592, 60]) | ntemp: 2
2026-05-22 19:47:12,836 kilosort.clustering_qr DEBUG    Center 30 | Xd shape: torch.Size([2768, 72]) | ntemp: 5
2026-05-22 19:47:13,915 kilosort.clustering_qr DEBUG    Center 31 | Xd shape: torch.Size([2748, 72]) | ntemp: 4
2026-05-22 19:47:14,988 kilosort.clustering_qr DEBUG    Center 32 | Xd shape: torch.Size([3950, 72]) | ntemp: 4
2026-05-22 19:47:16,232 kilosort.clustering_qr DEBUG    Center 33 | Xd shape: torch.Size([2564, 72]) | ntemp: 4
2026-05-22 19:47:17,391 kilosort.clustering_qr DEBUG    Center 34 | Xd shape: torch.Size([2649, 72]) | ntemp: 5
2026-05-22 19:47:18,518 kilosort.clustering_qr DEBUG    Center 35 | Xd shape: torch.Size([3384, 72]) | ntemp: 4
2026-05-22 19:47:19,671 kilosort.clustering_qr DEBUG    Center 36 | Xd shape: torch.Size([2148, 60]) | ntemp: 3
2026-05-22 19:47:20,711 kilosort.clustering_qr DEBUG    Center 37 | Xd shape: torch.Size([3338, 72]) | ntemp: 5
2026-05-22 19:47:21,822 kilosort.clustering_qr DEBUG    Center 38 | Xd shape: torch.Size([1550, 60]) | ntemp: 2
2026-05-22 19:47:22,890 kilosort.clustering_qr DEBUG     
2026-05-22 19:47:22,890 kilosort.clustering_qr DEBUG    Cluster center: 39 (40/96)
2026-05-22 19:47:22,890 kilosort.clustering_qr DEBUG    ********************************************************
2026-05-22 19:47:22,891 kilosort.clustering_qr DEBUG    CPU usage:    27.70 %
2026-05-22 19:47:22,892 kilosort.clustering_qr DEBUG    Mem used:     94.30 %     |      14.76 GB
2026-05-22 19:47:22,892 kilosort.clustering_qr DEBUG    Mem avail:     0.89 / 15.65 GB
2026-05-22 19:47:22,892 kilosort.clustering_qr DEBUG    ------------------------------------------------------
2026-05-22 19:47:22,892 kilosort.clustering_qr DEBUG    GPU usage:    `conda install pynvml` for GPU usage
2026-05-22 19:47:22,892 kilosort.clustering_qr DEBUG    GPU memory:   100.00 %     |      4.00   /     4.00 GB
2026-05-22 19:47:22,892 kilosort.clustering_qr DEBUG    Allocated:     0.67 %     |      0.03   /     4.00 GB
2026-05-22 19:47:22,892 kilosort.clustering_qr DEBUG    Max alloc:     1.08 %     |      0.04   /     4.00 GB
2026-05-22 19:47:22,892 kilosort.clustering_qr DEBUG    ********************************************************
2026-05-22 19:47:22,905 kilosort.clustering_qr DEBUG    Center 39 | Xd shape: torch.Size([3273, 72]) | ntemp: 5
2026-05-22 19:47:24,025 kilosort.clustering_qr DEBUG    Center 40 | Xd shape: torch.Size([2025, 60]) | ntemp: 2
2026-05-22 19:47:25,108 kilosort.clustering_qr DEBUG    Center 41 | Xd shape: torch.Size([1125, 72]) | ntemp: 2
2026-05-22 19:47:26,252 kilosort.clustering_qr DEBUG    Center 42 | Xd shape: torch.Size([2731, 72]) | ntemp: 3
2026-05-22 19:47:27,432 kilosort.clustering_qr DEBUG    Center 43 | Xd shape: torch.Size([403, 60]) | ntemp: 1
2026-05-22 19:47:27,440 kilosort.clustering_qr DEBUG    Center 44 | Xd shape: torch.Size([1769, 72]) | ntemp: 4
2026-05-22 19:47:28,464 kilosort.clustering_qr DEBUG    Center 45 | Xd shape: torch.Size([767, 60]) | ntemp: 2
2026-05-22 19:47:28,470 kilosort.clustering_qr DEBUG    Center 46 | Xd shape: torch.Size([240, 60]) | ntemp: 1
2026-05-22 19:47:28,475 kilosort.clustering_qr DEBUG    Center 47 | Xd shape: torch.Size([1265, 60]) | ntemp: 1
2026-05-22 19:47:29,530 kilosort.clustering_qr DEBUG    Center 48 | Xd shape: torch.Size([1390, 66]) | ntemp: 2
2026-05-22 19:47:30,721 kilosort.clustering_qr DEBUG     
2026-05-22 19:47:30,721 kilosort.clustering_qr DEBUG    Cluster center: 49 (50/96)
2026-05-22 19:47:30,721 kilosort.clustering_qr DEBUG    ********************************************************
2026-05-22 19:47:30,721 kilosort.clustering_qr DEBUG    CPU usage:    32.70 %
2026-05-22 19:47:30,721 kilosort.clustering_qr DEBUG    Mem used:     92.80 %     |      14.52 GB
2026-05-22 19:47:30,721 kilosort.clustering_qr DEBUG    Mem avail:     1.13 / 15.65 GB
2026-05-22 19:47:30,721 kilosort.clustering_qr DEBUG    ------------------------------------------------------
2026-05-22 19:47:30,721 kilosort.clustering_qr DEBUG    GPU usage:    `conda install pynvml` for GPU usage
2026-05-22 19:47:30,721 kilosort.clustering_qr DEBUG    GPU memory:   100.00 %     |      4.00   /     4.00 GB
2026-05-22 19:47:30,721 kilosort.clustering_qr DEBUG    Allocated:     0.67 %     |      0.03   /     4.00 GB
2026-05-22 19:47:30,721 kilosort.clustering_qr DEBUG    Max alloc:     1.08 %     |      0.04   /     4.00 GB
2026-05-22 19:47:30,721 kilosort.clustering_qr DEBUG    ********************************************************
2026-05-22 19:47:30,725 kilosort.clustering_qr DEBUG    Center 49 | Xd shape: torch.Size([85, 60]) | ntemp: 1
2026-05-22 19:47:30,733 kilosort.clustering_qr DEBUG    Center 50 | Xd shape: torch.Size([1406, 60]) | ntemp: 1
2026-05-22 19:47:31,753 kilosort.clustering_qr DEBUG    Center 51 | Xd shape: torch.Size([473, 60]) | ntemp: 1
2026-05-22 19:47:31,761 kilosort.clustering_qr DEBUG    Center 52 | Xd shape: torch.Size([2453, 60]) | ntemp: 3
2026-05-22 19:47:32,968 kilosort.clustering_qr DEBUG    Center 53 | Xd shape: torch.Size([127, 60]) | ntemp: 1
2026-05-22 19:47:32,978 kilosort.clustering_qr DEBUG    Center 54 | Xd shape: torch.Size([983, 60]) | ntemp: 2
2026-05-22 19:47:32,981 kilosort.clustering_qr DEBUG    Center 55 | Xd shape: torch.Size([151, 60]) | ntemp: 1
2026-05-22 19:47:32,991 kilosort.clustering_qr DEBUG    Center 56 | Xd shape: torch.Size([568, 60]) | ntemp: 1
2026-05-22 19:47:33,000 kilosort.clustering_qr DEBUG    Center 57 | Xd shape: torch.Size([436, 60]) | ntemp: 2
2026-05-22 19:47:33,007 kilosort.clustering_qr DEBUG    Center 58 | Xd shape: torch.Size([1266, 60]) | ntemp: 1
2026-05-22 19:47:34,083 kilosort.clustering_qr DEBUG     
2026-05-22 19:47:34,083 kilosort.clustering_qr DEBUG    Cluster center: 59 (60/96)
2026-05-22 19:47:34,083 kilosort.clustering_qr DEBUG    ********************************************************
2026-05-22 19:47:34,083 kilosort.clustering_qr DEBUG    CPU usage:    26.60 %
2026-05-22 19:47:34,083 kilosort.clustering_qr DEBUG    Mem used:     92.70 %     |      14.50 GB
2026-05-22 19:47:34,083 kilosort.clustering_qr DEBUG    Mem avail:     1.15 / 15.65 GB
2026-05-22 19:47:34,083 kilosort.clustering_qr DEBUG    ------------------------------------------------------
2026-05-22 19:47:34,083 kilosort.clustering_qr DEBUG    GPU usage:    `conda install pynvml` for GPU usage
2026-05-22 19:47:34,083 kilosort.clustering_qr DEBUG    GPU memory:   100.00 %     |      4.00   /     4.00 GB
2026-05-22 19:47:34,083 kilosort.clustering_qr DEBUG    Allocated:     0.67 %     |      0.03   /     4.00 GB
2026-05-22 19:47:34,083 kilosort.clustering_qr DEBUG    Max alloc:     1.08 %     |      0.04   /     4.00 GB
2026-05-22 19:47:34,083 kilosort.clustering_qr DEBUG    ********************************************************
2026-05-22 19:47:34,097 kilosort.clustering_qr DEBUG    Center 59 | Xd shape: torch.Size([2235, 72]) | ntemp: 4
2026-05-22 19:47:35,179 kilosort.clustering_qr DEBUG    Center 60 | Xd shape: torch.Size([1893, 60]) | ntemp: 2
2026-05-22 19:47:36,337 kilosort.clustering_qr DEBUG    Center 61 | Xd shape: torch.Size([1114, 60]) | ntemp: 2
2026-05-22 19:47:37,416 kilosort.clustering_qr DEBUG    Center 62 | Xd shape: torch.Size([2221, 60]) | ntemp: 2
2026-05-22 19:47:38,584 kilosort.clustering_qr DEBUG    Center 63 | Xd shape: torch.Size([1402, 60]) | ntemp: 1
2026-05-22 19:47:39,626 kilosort.clustering_qr DEBUG    Center 64 | Xd shape: torch.Size([2104, 72]) | ntemp: 4
2026-05-22 19:47:40,766 kilosort.clustering_qr DEBUG    Center 65 | Xd shape: torch.Size([966, 60]) | ntemp: 2
2026-05-22 19:47:40,784 kilosort.clustering_qr DEBUG    Center 66 | Xd shape: torch.Size([4814, 72]) | ntemp: 5
2026-05-22 19:47:41,917 kilosort.clustering_qr DEBUG    Center 67 | Xd shape: torch.Size([849, 60]) | ntemp: 2
2026-05-22 19:47:41,929 kilosort.clustering_qr DEBUG    Center 68 | Xd shape: torch.Size([2419, 72]) | ntemp: 4
2026-05-22 19:47:43,082 kilosort.clustering_qr DEBUG     
2026-05-22 19:47:43,082 kilosort.clustering_qr DEBUG    Cluster center: 69 (70/96)
2026-05-22 19:47:43,082 kilosort.clustering_qr DEBUG    ********************************************************
2026-05-22 19:47:43,082 kilosort.clustering_qr DEBUG    CPU usage:    27.60 %
2026-05-22 19:47:43,082 kilosort.clustering_qr DEBUG    Mem used:     92.70 %     |      14.50 GB
2026-05-22 19:47:43,084 kilosort.clustering_qr DEBUG    Mem avail:     1.15 / 15.65 GB
2026-05-22 19:47:43,084 kilosort.clustering_qr DEBUG    ------------------------------------------------------
2026-05-22 19:47:43,084 kilosort.clustering_qr DEBUG    GPU usage:    `conda install pynvml` for GPU usage
2026-05-22 19:47:43,084 kilosort.clustering_qr DEBUG    GPU memory:   100.00 %     |      4.00   /     4.00 GB
2026-05-22 19:47:43,084 kilosort.clustering_qr DEBUG    Allocated:     0.67 %     |      0.03   /     4.00 GB
2026-05-22 19:47:43,084 kilosort.clustering_qr DEBUG    Max alloc:     1.08 %     |      0.04   /     4.00 GB
2026-05-22 19:47:43,084 kilosort.clustering_qr DEBUG    ********************************************************
2026-05-22 19:47:43,088 kilosort.clustering_qr DEBUG    Center 69 | Xd shape: torch.Size([867, 60]) | ntemp: 1
2026-05-22 19:47:43,095 kilosort.clustering_qr DEBUG    Center 70 | Xd shape: torch.Size([758, 60]) | ntemp: 1
2026-05-22 19:47:43,103 kilosort.clustering_qr DEBUG    Center 71 | Xd shape: torch.Size([1045, 60]) | ntemp: 1
2026-05-22 19:47:44,132 kilosort.clustering_qr DEBUG    Center 72 | Xd shape: torch.Size([1379, 60]) | ntemp: 1
2026-05-22 19:47:45,135 kilosort.clustering_qr DEBUG    Center 73 | Xd shape: torch.Size([1219, 72]) | ntemp: 2
2026-05-22 19:47:46,154 kilosort.clustering_qr DEBUG    Center 74 | Xd shape: torch.Size([215, 60]) | ntemp: 1
2026-05-22 19:47:46,162 kilosort.clustering_qr DEBUG    Center 75 | Xd shape: torch.Size([1040, 60]) | ntemp: 1
2026-05-22 19:47:47,210 kilosort.clustering_qr DEBUG    Center 76 | Xd shape: torch.Size([282, 60]) | ntemp: 1
2026-05-22 19:47:47,224 kilosort.clustering_qr DEBUG    Center 77 | Xd shape: torch.Size([2391, 72]) | ntemp: 4
2026-05-22 19:47:48,396 kilosort.clustering_qr DEBUG    Center 78 | Xd shape: torch.Size([2562, 72]) | ntemp: 4
2026-05-22 19:47:49,364 kilosort.clustering_qr DEBUG     
2026-05-22 19:47:49,364 kilosort.clustering_qr DEBUG    Cluster center: 79 (80/96)
2026-05-22 19:47:49,364 kilosort.clustering_qr DEBUG    ********************************************************
2026-05-22 19:47:49,364 kilosort.clustering_qr DEBUG    CPU usage:    29.00 %
2026-05-22 19:47:49,365 kilosort.clustering_qr DEBUG    Mem used:     92.70 %     |      14.50 GB
2026-05-22 19:47:49,365 kilosort.clustering_qr DEBUG    Mem avail:     1.14 / 15.65 GB
2026-05-22 19:47:49,365 kilosort.clustering_qr DEBUG    ------------------------------------------------------
2026-05-22 19:47:49,365 kilosort.clustering_qr DEBUG    GPU usage:    `conda install pynvml` for GPU usage
2026-05-22 19:47:49,365 kilosort.clustering_qr DEBUG    GPU memory:   100.00 %     |      4.00   /     4.00 GB
2026-05-22 19:47:49,365 kilosort.clustering_qr DEBUG    Allocated:     0.67 %     |      0.03   /     4.00 GB
2026-05-22 19:47:49,365 kilosort.clustering_qr DEBUG    Max alloc:     1.08 %     |      0.04   /     4.00 GB
2026-05-22 19:47:49,365 kilosort.clustering_qr DEBUG    ********************************************************
2026-05-22 19:47:49,374 kilosort.clustering_qr DEBUG    Center 79 | Xd shape: torch.Size([2153, 60]) | ntemp: 3
2026-05-22 19:47:50,411 kilosort.clustering_qr DEBUG    Center 80 | Xd shape: torch.Size([4914, 72]) | ntemp: 4
2026-05-22 19:47:51,488 kilosort.clustering_qr DEBUG    Center 81 | Xd shape: torch.Size([1802, 60]) | ntemp: 1
2026-05-22 19:47:52,516 kilosort.clustering_qr DEBUG    Center 82 | Xd shape: torch.Size([5440, 72]) | ntemp: 7
2026-05-22 19:47:53,564 kilosort.clustering_qr DEBUG    Center 83 | Xd shape: torch.Size([1598, 72]) | ntemp: 2
2026-05-22 19:47:54,488 kilosort.clustering_qr DEBUG    Center 84 | Xd shape: torch.Size([2657, 72]) | ntemp: 3
2026-05-22 19:47:55,477 kilosort.clustering_qr DEBUG    Center 85 | Xd shape: torch.Size([618, 60]) | ntemp: 1
2026-05-22 19:47:55,485 kilosort.clustering_qr DEBUG    Center 86 | Xd shape: torch.Size([2490, 72]) | ntemp: 4
2026-05-22 19:47:56,498 kilosort.clustering_qr DEBUG    Center 87 | Xd shape: torch.Size([2830, 72]) | ntemp: 4
2026-05-22 19:47:57,573 kilosort.clustering_qr DEBUG    Center 88 | Xd shape: torch.Size([2574, 72]) | ntemp: 3
2026-05-22 19:47:58,677 kilosort.clustering_qr DEBUG     
2026-05-22 19:47:58,677 kilosort.clustering_qr DEBUG    Cluster center: 89 (90/96)
2026-05-22 19:47:58,677 kilosort.clustering_qr DEBUG    ********************************************************
2026-05-22 19:47:58,677 kilosort.clustering_qr DEBUG    CPU usage:    27.20 %
2026-05-22 19:47:58,678 kilosort.clustering_qr DEBUG    Mem used:     92.60 %     |      14.49 GB
2026-05-22 19:47:58,678 kilosort.clustering_qr DEBUG    Mem avail:     1.15 / 15.65 GB
2026-05-22 19:47:58,678 kilosort.clustering_qr DEBUG    ------------------------------------------------------
2026-05-22 19:47:58,678 kilosort.clustering_qr DEBUG    GPU usage:    `conda install pynvml` for GPU usage
2026-05-22 19:47:58,678 kilosort.clustering_qr DEBUG    GPU memory:   100.00 %     |      4.00   /     4.00 GB
2026-05-22 19:47:58,678 kilosort.clustering_qr DEBUG    Allocated:     0.67 %     |      0.03   /     4.00 GB
2026-05-22 19:47:58,678 kilosort.clustering_qr DEBUG    Max alloc:     1.08 %     |      0.04   /     4.00 GB
2026-05-22 19:47:58,678 kilosort.clustering_qr DEBUG    ********************************************************
2026-05-22 19:47:58,687 kilosort.clustering_qr DEBUG    Center 89 | Xd shape: torch.Size([1863, 72]) | ntemp: 5
2026-05-22 19:47:59,646 kilosort.clustering_qr DEBUG    Center 90 | Xd shape: torch.Size([1773, 60]) | ntemp: 3
2026-05-22 19:48:00,668 kilosort.clustering_qr DEBUG    Center 91 | Xd shape: torch.Size([2004, 60]) | ntemp: 2
2026-05-22 19:48:01,631 kilosort.clustering_qr DEBUG    Center 92 | Xd shape: torch.Size([1023, 60]) | ntemp: 2
2026-05-22 19:48:02,600 kilosort.clustering_qr DEBUG    Center 93 | Xd shape: torch.Size([1214, 60]) | ntemp: 1
2026-05-22 19:48:03,725 kilosort.clustering_qr DEBUG    Center 94 | Xd shape: torch.Size([1133, 60]) | ntemp: 1
2026-05-22 19:48:04,858 kilosort.clustering_qr DEBUG    Center 95 | Xd shape: torch.Size([2068, 60]) | ntemp: 2
2026-05-22 19:48:06,031 kilosort.run_kilosort INFO     299 clusters found, in 94.98s; total 827.89s
2026-05-22 19:48:06,033 kilosort.run_kilosort DEBUG    clu shape: (203869,)
2026-05-22 19:48:06,034 kilosort.run_kilosort DEBUG    Wall shape: torch.Size([299, 383, 6])
2026-05-22 19:48:06,034 kilosort.run_kilosort DEBUG    
2026-05-22 19:48:06,034 kilosort.run_kilosort DEBUG    --------------------
2026-05-22 19:48:06,036 kilosort.run_kilosort DEBUG    Process thread count: N/A (linux only)
2026-05-22 19:48:06,036 kilosort.run_kilosort DEBUG    num torch threads: 8
2026-05-22 19:48:06,036 kilosort.run_kilosort DEBUG    --------------------

2026-05-22 19:48:06,036 kilosort.run_kilosort INFO      
2026-05-22 19:48:06,038 kilosort.run_kilosort INFO     Merging clusters
2026-05-22 19:48:06,039 kilosort.run_kilosort INFO     ----------------------------------------
2026-05-22 19:48:07,386 kilosort.run_kilosort INFO     291 units found, in 1.35s; total 829.25s
2026-05-22 19:48:07,388 kilosort.run_kilosort DEBUG    clu shape: (203869,)
2026-05-22 19:48:07,388 kilosort.run_kilosort DEBUG    Wall shape: torch.Size([291, 383, 6])
2026-05-22 19:48:07,390 kilosort.run_kilosort DEBUG    

|===========================================================================|
|                  PyTorch CUDA memory summary, device ID 0                 |
|---------------------------------------------------------------------------|
|            CUDA OOMs: 0            |        cudaMalloc retries: 0         |
|===========================================================================|
|        Metric         | Cur Usage  | Peak Usage | Tot Alloc  | Tot Freed  |
|---------------------------------------------------------------------------|
| Allocated memory      |  28037 KiB |  45290 KiB |   4859 GiB |   4859 GiB |
|---------------------------------------------------------------------------|
| Active memory         |  28037 KiB |  45290 KiB |   4859 GiB |   4859 GiB |
|---------------------------------------------------------------------------|
| Requested memory      |  28017 KiB |  45265 KiB |   4839 GiB |   4839 GiB |
|---------------------------------------------------------------------------|
| GPU reserved memory   |   5244 MiB |   5244 MiB |   5244 MiB |      0 B   |
|---------------------------------------------------------------------------|
| Non-releasable memory |   8827 KiB |  96515 KiB |   5428 GiB |   5428 GiB |
|---------------------------------------------------------------------------|
| Allocations           |      74    |      99    |    2254 K  |    2254 K  |
|---------------------------------------------------------------------------|
| Active allocs         |      74    |      99    |    2254 K  |    2254 K  |
|---------------------------------------------------------------------------|
| GPU reserved segments |      23    |      23    |      23    |       0    |
|---------------------------------------------------------------------------|
| Non-releasable allocs |      15    |      21    |    1107 K  |    1107 K  |
|---------------------------------------------------------------------------|
| Oversize allocations  |       0    |       0    |       0    |       0    |
|---------------------------------------------------------------------------|
| Oversize GPU segments |       0    |       0    |       0    |       0    |
|===========================================================================|


2026-05-22 19:48:07,392 kilosort.run_kilosort INFO      
2026-05-22 19:48:07,395 kilosort.run_kilosort INFO     Resource usage after clustering
2026-05-22 19:48:07,398 kilosort.run_kilosort INFO     ********************************************************
2026-05-22 19:48:07,401 kilosort.run_kilosort INFO     CPU usage:     0.00 %
2026-05-22 19:48:07,402 kilosort.run_kilosort INFO     Mem used:     94.30 %     |      14.76 GB
2026-05-22 19:48:07,405 kilosort.run_kilosort INFO     Mem avail:     0.89 / 15.65 GB
2026-05-22 19:48:07,406 kilosort.run_kilosort INFO     ------------------------------------------------------
2026-05-22 19:48:07,408 kilosort.run_kilosort INFO     GPU usage:    `conda install pynvml` for GPU usage
2026-05-22 19:48:07,410 kilosort.run_kilosort INFO     GPU memory:   100.00 %     |      4.00   /     4.00 GB
2026-05-22 19:48:07,411 kilosort.run_kilosort INFO     Allocated:     0.67 %     |      0.03   /     4.00 GB
2026-05-22 19:48:07,414 kilosort.run_kilosort INFO     Max alloc:     1.08 %     |      0.04   /     4.00 GB
2026-05-22 19:48:07,416 kilosort.run_kilosort INFO     ********************************************************
2026-05-22 19:48:07,418 kilosort.run_kilosort DEBUG    
2026-05-22 19:48:07,418 kilosort.run_kilosort DEBUG    --------------------
2026-05-22 19:48:07,418 kilosort.run_kilosort DEBUG    Process thread count: N/A (linux only)
2026-05-22 19:48:07,418 kilosort.run_kilosort DEBUG    num torch threads: 8
2026-05-22 19:48:07,418 kilosort.run_kilosort DEBUG    --------------------

2026-05-22 19:48:07,418 kilosort.run_kilosort INFO      
2026-05-22 19:48:07,421 kilosort.run_kilosort INFO     Saving to phy and computing refractory periods
2026-05-22 19:48:07,422 kilosort.run_kilosort INFO     ----------------------------------------
2026-05-22 19:48:07,512 kilosort.io  DEBUG     
2026-05-22 19:48:07,514 kilosort.io  DEBUG    save_to_phy, whitening
2026-05-22 19:48:07,514 kilosort.io  DEBUG    ********************************************************
2026-05-22 19:48:07,514 kilosort.io  DEBUG    CPU usage:    19.80 %
2026-05-22 19:48:07,514 kilosort.io  DEBUG    Mem used:     94.30 %     |      14.76 GB
2026-05-22 19:48:07,514 kilosort.io  DEBUG    Mem avail:     0.89 / 15.65 GB
2026-05-22 19:48:07,514 kilosort.io  DEBUG    ------------------------------------------------------
2026-05-22 19:48:07,514 kilosort.io  DEBUG    GPU usage:    `conda install pynvml` for GPU usage
2026-05-22 19:48:07,514 kilosort.io  DEBUG    GPU memory:   100.00 %     |      4.00   /     4.00 GB
2026-05-22 19:48:07,514 kilosort.io  DEBUG    Allocated:     0.68 %     |      0.03   /     4.00 GB
2026-05-22 19:48:07,514 kilosort.io  DEBUG    Max alloc:     0.72 %     |      0.03   /     4.00 GB
2026-05-22 19:48:07,514 kilosort.io  DEBUG    ********************************************************
2026-05-22 19:48:07,641 kilosort.io  DEBUG     
2026-05-22 19:48:07,641 kilosort.io  DEBUG    save_to_phy, spike positions
2026-05-22 19:48:07,641 kilosort.io  DEBUG    ********************************************************
2026-05-22 19:48:07,641 kilosort.io  DEBUG    CPU usage:    32.20 %
2026-05-22 19:48:07,642 kilosort.io  DEBUG    Mem used:     94.40 %     |      14.77 GB
2026-05-22 19:48:07,642 kilosort.io  DEBUG    Mem avail:     0.88 / 15.65 GB
2026-05-22 19:48:07,642 kilosort.io  DEBUG    ------------------------------------------------------
2026-05-22 19:48:07,642 kilosort.io  DEBUG    GPU usage:    `conda install pynvml` for GPU usage
2026-05-22 19:48:07,642 kilosort.io  DEBUG    GPU memory:   100.00 %     |      4.00   /     4.00 GB
2026-05-22 19:48:07,642 kilosort.io  DEBUG    Allocated:     0.68 %     |      0.03   /     4.00 GB
2026-05-22 19:48:07,642 kilosort.io  DEBUG    Max alloc:     0.68 %     |      0.03   /     4.00 GB
2026-05-22 19:48:07,642 kilosort.io  DEBUG    ********************************************************
2026-05-22 19:48:07,748 kilosort.io  DEBUG     
2026-05-22 19:48:07,748 kilosort.io  DEBUG    save_to_phy, remove duplicates
2026-05-22 19:48:07,748 kilosort.io  DEBUG    ********************************************************
2026-05-22 19:48:07,748 kilosort.io  DEBUG    CPU usage:    21.70 %
2026-05-22 19:48:07,748 kilosort.io  DEBUG    Mem used:     94.40 %     |      14.78 GB
2026-05-22 19:48:07,748 kilosort.io  DEBUG    Mem avail:     0.87 / 15.65 GB
2026-05-22 19:48:07,748 kilosort.io  DEBUG    ------------------------------------------------------
2026-05-22 19:48:07,748 kilosort.io  DEBUG    GPU usage:    `conda install pynvml` for GPU usage
2026-05-22 19:48:07,748 kilosort.io  DEBUG    GPU memory:   100.00 %     |      4.00   /     4.00 GB
2026-05-22 19:48:07,750 kilosort.io  DEBUG    Allocated:     0.68 %     |      0.03   /     4.00 GB
2026-05-22 19:48:07,750 kilosort.io  DEBUG    Max alloc:     0.68 %     |      0.03   /     4.00 GB
2026-05-22 19:48:07,750 kilosort.io  DEBUG    ********************************************************
2026-05-22 19:48:08,991 kilosort.io  DEBUG     
2026-05-22 19:48:08,991 kilosort.io  DEBUG    save_to_phy, template props
2026-05-22 19:48:08,991 kilosort.io  DEBUG    ********************************************************
2026-05-22 19:48:08,992 kilosort.io  DEBUG    CPU usage:    30.60 %
2026-05-22 19:48:08,992 kilosort.io  DEBUG    Mem used:     94.50 %     |      14.78 GB
2026-05-22 19:48:08,992 kilosort.io  DEBUG    Mem avail:     0.87 / 15.65 GB
2026-05-22 19:48:08,992 kilosort.io  DEBUG    ------------------------------------------------------
2026-05-22 19:48:08,992 kilosort.io  DEBUG    GPU usage:    `conda install pynvml` for GPU usage
2026-05-22 19:48:08,992 kilosort.io  DEBUG    GPU memory:   100.00 %     |      4.00   /     4.00 GB
2026-05-22 19:48:08,992 kilosort.io  DEBUG    Allocated:     0.68 %     |      0.03   /     4.00 GB
2026-05-22 19:48:08,992 kilosort.io  DEBUG    Max alloc:     0.68 %     |      0.03   /     4.00 GB
2026-05-22 19:48:08,992 kilosort.io  DEBUG    ********************************************************
2026-05-22 19:48:12,966 kilosort.io  DEBUG     
2026-05-22 19:48:12,966 kilosort.io  DEBUG    save_to_phy, pc features
2026-05-22 19:48:12,966 kilosort.io  DEBUG    ********************************************************
2026-05-22 19:48:12,966 kilosort.io  DEBUG    CPU usage:    29.50 %
2026-05-22 19:48:12,966 kilosort.io  DEBUG    Mem used:     94.80 %     |      14.84 GB
2026-05-22 19:48:12,966 kilosort.io  DEBUG    Mem avail:     0.81 / 15.65 GB
2026-05-22 19:48:12,966 kilosort.io  DEBUG    ------------------------------------------------------
2026-05-22 19:48:12,968 kilosort.io  DEBUG    GPU usage:    `conda install pynvml` for GPU usage
2026-05-22 19:48:12,968 kilosort.io  DEBUG    GPU memory:   100.00 %     |      4.00   /     4.00 GB
2026-05-22 19:48:12,968 kilosort.io  DEBUG    Allocated:     0.68 %     |      0.03   /     4.00 GB
2026-05-22 19:48:12,968 kilosort.io  DEBUG    Max alloc:     0.69 %     |      0.03   /     4.00 GB
2026-05-22 19:48:12,968 kilosort.io  DEBUG    ********************************************************
2026-05-22 19:48:13,225 kilosort.io  DEBUG     
2026-05-22 19:48:13,225 kilosort.io  DEBUG    save_to_phy, est contam
2026-05-22 19:48:13,225 kilosort.io  DEBUG    ********************************************************
2026-05-22 19:48:13,225 kilosort.io  DEBUG    CPU usage:    24.90 %
2026-05-22 19:48:13,225 kilosort.io  DEBUG    Mem used:     94.80 %     |      14.84 GB
2026-05-22 19:48:13,225 kilosort.io  DEBUG    Mem avail:     0.81 / 15.65 GB
2026-05-22 19:48:13,226 kilosort.io  DEBUG    ------------------------------------------------------
2026-05-22 19:48:13,226 kilosort.io  DEBUG    GPU usage:    `conda install pynvml` for GPU usage
2026-05-22 19:48:13,226 kilosort.io  DEBUG    GPU memory:   100.00 %     |      4.00   /     4.00 GB
2026-05-22 19:48:13,226 kilosort.io  DEBUG    Allocated:     0.68 %     |      0.03   /     4.00 GB
2026-05-22 19:48:13,226 kilosort.io  DEBUG    Max alloc:     0.68 %     |      0.03   /     4.00 GB
2026-05-22 19:48:13,226 kilosort.io  DEBUG    ********************************************************
2026-05-22 19:48:13,363 kilosort.run_kilosort INFO     128 units found with good refractory periods
2026-05-22 19:48:13,392 kilosort.run_kilosort INFO     Exporting to Phy took: 5.97s
2026-05-22 19:48:13,393 kilosort.run_kilosort INFO     Total runtime: 835.26s = 00:13:55 h:m:s
2026-05-22 19:48:13,419 kilosort.run_kilosort INFO     Sorting output saved in: F:\ACADEMIC\ks_fixed_template_ratio_0.20.
2026-05-22 19:48:13,422 kilosort.run_kilosort DEBUG    

|===========================================================================|
|                  PyTorch CUDA memory summary, device ID 0                 |
|---------------------------------------------------------------------------|
|            CUDA OOMs: 0            |        cudaMalloc retries: 0         |
|===========================================================================|
|        Metric         | Cur Usage  | Peak Usage | Tot Alloc  | Tot Freed  |
|---------------------------------------------------------------------------|
| Allocated memory      |  28037 KiB |  28610 KiB |   4859 GiB |   4859 GiB |
|---------------------------------------------------------------------------|
| Active memory         |  28037 KiB |  28610 KiB |   4859 GiB |   4859 GiB |
|---------------------------------------------------------------------------|
| Requested memory      |  28017 KiB |  28590 KiB |   4839 GiB |   4839 GiB |
|---------------------------------------------------------------------------|
| GPU reserved memory   |   5244 MiB |   5244 MiB |   5244 MiB |      0 B   |
|---------------------------------------------------------------------------|
| Non-releasable memory |   8827 KiB |   8827 KiB |   5428 GiB |   5428 GiB |
|---------------------------------------------------------------------------|
| Allocations           |      74    |      75    |    2259 K  |    2258 K  |
|---------------------------------------------------------------------------|
| Active allocs         |      74    |      75    |    2259 K  |    2258 K  |
|---------------------------------------------------------------------------|
| GPU reserved segments |      23    |      23    |      23    |       0    |
|---------------------------------------------------------------------------|
| Non-releasable allocs |      15    |      15    |    1110 K  |    1110 K  |
|---------------------------------------------------------------------------|
| Oversize allocations  |       0    |       0    |       0    |       0    |
|---------------------------------------------------------------------------|
| Oversize GPU segments |       0    |       0    |       0    |       0    |
|===========================================================================|


2026-05-22 19:48:13,424 kilosort.run_kilosort INFO      
2026-05-22 19:48:13,426 kilosort.run_kilosort INFO     Resource usage after saving
2026-05-22 19:48:13,428 kilosort.run_kilosort INFO     ********************************************************
2026-05-22 19:48:13,431 kilosort.run_kilosort INFO     CPU usage:    33.30 %
2026-05-22 19:48:13,434 kilosort.run_kilosort INFO     Mem used:     94.90 %     |      14.85 GB
2026-05-22 19:48:13,435 kilosort.run_kilosort INFO     Mem avail:     0.80 / 15.65 GB
2026-05-22 19:48:13,436 kilosort.run_kilosort INFO     ------------------------------------------------------
2026-05-22 19:48:13,440 kilosort.run_kilosort INFO     GPU usage:    `conda install pynvml` for GPU usage
2026-05-22 19:48:13,441 kilosort.run_kilosort INFO     GPU memory:   100.00 %     |      4.00   /     4.00 GB
2026-05-22 19:48:13,444 kilosort.run_kilosort INFO     Allocated:     0.67 %     |      0.03   /     4.00 GB
2026-05-22 19:48:13,447 kilosort.run_kilosort INFO     Max alloc:     0.68 %     |      0.03   /     4.00 GB
2026-05-22 19:48:13,448 kilosort.run_kilosort INFO     ********************************************************
2026-05-22 19:48:13,452 kilosort.run_kilosort DEBUG    
2026-05-22 19:48:13,453 kilosort.run_kilosort DEBUG    --------------------
2026-05-22 19:48:13,453 kilosort.run_kilosort DEBUG    Process thread count: N/A (linux only)
2026-05-22 19:48:13,454 kilosort.run_kilosort DEBUG    num torch threads: 8
2026-05-22 19:48:13,455 kilosort.run_kilosort DEBUG    --------------------

2026-05-22 19:48:13,456 kilosort.run_kilosort INFO     Generating spike position plot ...
2026-05-22 19:48:27,886 kilosort.run_kilosort INFO     Sorting finished.
2026-05-22 19:48:27,887 kilosort.run_kilosort INFO      
2026-05-22 19:48:27,890 kilosort.run_kilosort INFO     ********************************************************
2026-05-22 19:48:27,890 kilosort.run_kilosort INFO     Sorting summary
2026-05-22 19:48:27,894 kilosort.run_kilosort INFO     --------------------------------------------------------
2026-05-22 19:48:27,895 kilosort.run_kilosort INFO     Total number of units:                              291
2026-05-22 19:48:27,896 kilosort.run_kilosort INFO     Number of good units:                               128
2026-05-22 19:48:27,898 kilosort.run_kilosort INFO     Number of spikes                                 203078
2026-05-22 19:48:27,901 kilosort.run_kilosort INFO     Mean abs. drift                                  0.2 um
2026-05-22 19:48:27,903 kilosort.run_kilosort INFO     Total runtime                                   835.26s
2026-05-22 19:48:27,904 kilosort.run_kilosort INFO      
2026-05-22 19:48:27,904 kilosort.run_kilosort INFO     Runtime by step
2026-05-22 19:48:27,909 kilosort.run_kilosort INFO     --------------------------------------------------------
2026-05-22 19:48:27,911 kilosort.run_kilosort INFO     preprocessing:                          3.0s   (0.36) %
2026-05-22 19:48:27,913 kilosort.run_kilosort INFO     drift corr:                           293.1s  (35.09) %
2026-05-22 19:48:27,915 kilosort.run_kilosort INFO     spike det. (univ):                    286.6s  (34.31) %
2026-05-22 19:48:27,918 kilosort.run_kilosort INFO     cluster (temp):                       105.5s  (12.63) %
2026-05-22 19:48:27,921 kilosort.run_kilosort INFO     spike det. (learn):                    25.2s   (3.02) %
2026-05-22 19:48:27,922 kilosort.run_kilosort INFO     cluster (final):                       95.0s  (11.37) %
2026-05-22 19:48:27,925 kilosort.run_kilosort INFO     cluster merge:                          1.3s   (0.16) %
2026-05-22 19:48:27,925 kilosort.run_kilosort INFO     postprocessing:                         6.0s   (0.72) %
2026-05-22 19:48:27,929 kilosort.run_kilosort INFO      
2026-05-22 19:48:27,932 kilosort.run_kilosort INFO     Memory usage by step
2026-05-22 19:48:27,932 kilosort.run_kilosort INFO     --------------------------------------------------------
2026-05-22 19:48:27,932 kilosort.run_kilosort INFO     preprocessing:         sys    14.1 GB  |  gpu    1.2 GB
2026-05-22 19:48:27,937 kilosort.run_kilosort INFO     drift corr:            sys    14.5 GB  |  gpu    3.3 GB
2026-05-22 19:48:27,939 kilosort.run_kilosort INFO     spike det. (univ):     sys    14.4 GB  |  gpu    3.3 GB
2026-05-22 19:48:27,941 kilosort.run_kilosort INFO     cluster (temp):        sys    14.8 GB  |  gpu    0.4 GB
2026-05-22 19:48:27,941 kilosort.run_kilosort INFO     spike det. (learn):    sys    14.8 GB  |  gpu    1.4 GB
2026-05-22 19:48:27,944 kilosort.run_kilosort INFO     cluster (final):       sys    14.8 GB  |  gpu    0.0 GB
2026-05-22 19:48:27,946 kilosort.run_kilosort INFO     cluster merge:         sys    14.8 GB  |  gpu    0.0 GB
2026-05-22 19:48:27,949 kilosort.run_kilosort INFO     postprocessing:        sys    14.8 GB  |  gpu    0.0 GB
2026-05-22 19:48:27,951 kilosort.run_kilosort INFO     ********************************************************
