2026-05-19 00:20:20,757 kilosort.run_kilosort INFO     Kilosort version 4.1.7
2026-05-19 00:20:20,760 kilosort.run_kilosort INFO     Python version 3.11.15
2026-05-19 00:20:20,763 kilosort.run_kilosort INFO     ----------------------------------------
2026-05-19 00:20:20,765 kilosort.run_kilosort INFO     System information:
2026-05-19 00:20:20,767 kilosort.run_kilosort INFO     Windows-10-10.0.26200-SP0 AMD64
2026-05-19 00:20:20,768 kilosort.run_kilosort INFO     Intel64 Family 6 Model 186 Stepping 2, GenuineIntel
2026-05-19 00:20:20,771 kilosort.run_kilosort INFO     Using GPU for PyTorch computations. Specify `device` to change this.
2026-05-19 00:20:20,775 kilosort.run_kilosort INFO     Using CUDA device: NVIDIA GeForce RTX 2050 4.00GB
2026-05-19 00:20:20,775 kilosort.run_kilosort INFO     ----------------------------------------
2026-05-19 00:20:20,777 kilosort.run_kilosort INFO     Sorting [WindowsPath('whitened_recon_ratio_0.20.bin')]
2026-05-19 00:20:20,778 kilosort.run_kilosort INFO     Skipping common average reference.
2026-05-19 00:20:20,781 kilosort.run_kilosort DEBUG    Initial ops:

ops = {
    'n_chan_bin': 383,
    'fs': 30000,
    'batch_size': 60000,
    'nblocks': 1,
    'Th_universal': 9,
    'Th_learned': 8,
    'tmin': 0,
    'tmax': inf,
    'nt': 61,
    'shift': None,
    'scale': None,
    'batch_downsampling': 1,
    'artifact_threshold': inf,
    'nskip': 25,
    'whitening_range': 32,
    'highpass_cutoff': 300,
    'binning_depth': 5,
    'sig_interp': 20,
    'drift_smoothing': [0.5, 0.5, 0.5],
    'nt0min': 20,
    'dmin': np.float32(20.0),
    'dminx': 32,
    'min_template_size': 10,
    'template_sizes': 5,
    'nearest_chans': 10,
    'nearest_templates': 100,
    'max_channel_distance': 32,
    'max_peels': 100,
    'templates_from_data': False,
    'n_templates': 6,
    'n_pcs': 6,
    'Th_single_ch': 6,
    'acg_threshold': 0.2,
    'ccg_threshold': 0.25,
    'cluster_neighbors': 10,
    'cluster_downsampling': 20,
    'max_cluster_subset': 25000,
    'x_centers': None,
    'cluster_init_seed': 5,
    'duplicate_spike_ms': 0.25,
    'position_limit': 100,
    'filename': [WindowsPath('whitened_recon_ratio_0.20.bin')],
    'data_dir': WindowsPath('.'),
    'data_dtype': 'float32',
    'do_CAR': False,
    'invert_sign': False,
    'NTbuff': 60122,
    'Nchan': 383,
    'duplicate_spike_bins': 7,
    'torch_device': 'cuda',
    'save_preprocessed_copy': False
}

2026-05-19 00:20:20,811 kilosort.run_kilosort DEBUG    Probe dictionary:

probe = {
    'chanMap': np.array([  0,   1,   2,   3,   4,   5,   6,   7,   8,   9,  10,  11,  12,
        13,  14,  15,  16,  17,  18,  19,  20,  21,  22,  23,  24,  25,
        26,  27,  28,  29,  30,  31,  32,  33,  34,  35,  36,  37,  38,
        39,  40,  41,  42,  43,  44,  45,  46,  47,  48,  49,  50,  51,
        52,  53,  54,  55,  56,  57,  58,  59,  60,  61,  62,  63,  64,
        65,  66,  67,  68,  69,  70,  71,  72,  73,  74,  75,  76,  77,
        78,  79,  80,  81,  82,  83,  84,  85,  86,  87,  88,  89,  90,
        91,  92,  93,  94,  95,  96,  97,  98,  99, 100, 101, 102, 103,
       104, 105, 106, 107, 108, 109, 110, 111, 112, 113, 114, 115, 116,
       117, 118, 119, 120, 121, 122, 123, 124, 125, 126, 127, 128, 129,
       130, 131, 132, 133, 134, 135, 136, 137, 138, 139, 140, 141, 142,
       143, 144, 145, 146, 147, 148, 149, 150, 151, 152, 153, 154, 155,
       156, 157, 158, 159, 160, 161, 162, 163, 164, 165, 166, 167, 168,
       169, 170, 171, 172, 173, 174, 175, 176, 177, 178, 179, 180, 181,
       182, 183, 184, 185, 186, 187, 188, 189, 190, 191, 192, 193, 194,
       195, 196, 197, 198, 199, 200, 201, 202, 203, 204, 205, 206, 207,
       208, 209, 210, 211, 212, 213, 214, 215, 216, 217, 218, 219, 220,
       221, 222, 223, 224, 225, 226, 227, 228, 229, 230, 231, 232, 233,
       234, 235, 236, 237, 238, 239, 240, 241, 242, 243, 244, 245, 246,
       247, 248, 249, 250, 251, 252, 253, 254, 255, 256, 257, 258, 259,
       260, 261, 262, 263, 264, 265, 266, 267, 268, 269, 270, 271, 272,
       273, 274, 275, 276, 277, 278, 279, 280, 281, 282, 283, 284, 285,
       286, 287, 288, 289, 290, 291, 292, 293, 294, 295, 296, 297, 298,
       299, 300, 301, 302, 303, 304, 305, 306, 307, 308, 309, 310, 311,
       312, 313, 314, 315, 316, 317, 318, 319, 320, 321, 322, 323, 324,
       325, 326, 327, 328, 329, 330, 331, 332, 333, 334, 335, 336, 337,
       338, 339, 340, 341, 342, 343, 344, 345, 346, 347, 348, 349, 350,
       351, 352, 353, 354, 355, 356, 357, 358, 359, 360, 361, 362, 363,
       364, 365, 366, 367, 368, 369, 370, 371, 372, 373, 374, 375, 376,
       377, 378, 379, 380, 381, 382], dtype=np.int32),
    'xc': np.array([43., 11., 59., 27., 43., 11., 59., 27., 43., 11., 59., 27., 43.,
       11., 59., 27., 43., 11., 59., 27., 43., 11., 59., 27., 43., 11.,
       59., 27., 43., 11., 59., 27., 43., 11., 59., 27., 43., 11., 59.,
       27., 43., 11., 59., 27., 43., 11., 59., 27., 43., 11., 59., 27.,
       43., 11., 59., 27., 43., 11., 59., 27., 43., 11., 59., 27., 43.,
       11., 59., 27., 43., 11., 59., 27., 43., 11., 59., 27., 43., 11.,
       59., 27., 43., 11., 59., 27., 43., 11., 59., 27., 43., 11., 59.,
       27., 43., 11., 59., 27., 43., 11., 59., 27., 43., 11., 59., 27.,
       43., 11., 59., 27., 43., 11., 59., 27., 43., 11., 59., 27., 43.,
       11., 59., 27., 43., 11., 59., 27., 43., 11., 59., 27., 43., 11.,
       59., 27., 43., 11., 59., 27., 43., 11., 59., 27., 43., 11., 59.,
       27., 43., 11., 59., 27., 43., 11., 59., 27., 43., 11., 59., 27.,
       43., 11., 59., 27., 43., 11., 59., 27., 43., 11., 59., 27., 43.,
       11., 59., 27., 43., 11., 59., 27., 43., 11., 59., 27., 43., 11.,
       59., 27., 43., 11., 59., 27., 43., 11., 59., 43., 11., 59., 27.,
       43., 11., 59., 27., 43., 11., 59., 27., 43., 11., 59., 27., 43.,
       11., 59., 27., 43., 11., 59., 27., 43., 11., 59., 27., 43., 11.,
       59., 27., 43., 11., 59., 27., 43., 11., 59., 27., 43., 11., 59.,
       27., 43., 11., 59., 27., 43., 11., 59., 27., 43., 11., 59., 27.,
       43., 11., 59., 27., 43., 11., 59., 27., 43., 11., 59., 27., 43.,
       11., 59., 27., 43., 11., 59., 27., 43., 11., 59., 27., 43., 11.,
       59., 27., 43., 11., 59., 27., 43., 11., 59., 27., 43., 11., 59.,
       27., 43., 11., 59., 27., 43., 11., 59., 27., 43., 11., 59., 27.,
       43., 11., 59., 27., 43., 11., 59., 27., 43., 11., 59., 27., 43.,
       11., 59., 27., 43., 11., 59., 27., 43., 11., 59., 27., 43., 11.,
       59., 27., 43., 11., 59., 27., 43., 11., 59., 27., 43., 11., 59.,
       27., 43., 11., 59., 27., 43., 11., 59., 27., 43., 11., 59., 27.,
       43., 11., 59., 27., 43., 11., 59., 27., 43., 11., 59., 27., 43.,
       11., 59., 27., 43., 11., 59., 27., 43., 11., 59., 27., 43., 11.,
       59., 27., 43., 11., 59., 27.], dtype=np.float32),
    'yc': np.array([  20.,   20.,   40.,   40.,   60.,   60.,   80.,   80.,  100.,
        100.,  120.,  120.,  140.,  140.,  160.,  160.,  180.,  180.,
        200.,  200.,  220.,  220.,  240.,  240.,  260.,  260.,  280.,
        280.,  300.,  300.,  320.,  320.,  340.,  340.,  360.,  360.,
        380.,  380.,  400.,  400.,  420.,  420.,  440.,  440.,  460.,
        460.,  480.,  480.,  500.,  500.,  520.,  520.,  540.,  540.,
        560.,  560.,  580.,  580.,  600.,  600.,  620.,  620.,  640.,
        640.,  660.,  660.,  680.,  680.,  700.,  700.,  720.,  720.,
        740.,  740.,  760.,  760.,  780.,  780.,  800.,  800.,  820.,
        820.,  840.,  840.,  860.,  860.,  880.,  880.,  900.,  900.,
        920.,  920.,  940.,  940.,  960.,  960.,  980.,  980., 1000.,
       1000., 1020., 1020., 1040., 1040., 1060., 1060., 1080., 1080.,
       1100., 1100., 1120., 1120., 1140., 1140., 1160., 1160., 1180.,
       1180., 1200., 1200., 1220., 1220., 1240., 1240., 1260., 1260.,
       1280., 1280., 1300., 1300., 1320., 1320., 1340., 1340., 1360.,
       1360., 1380., 1380., 1400., 1400., 1420., 1420., 1440., 1440.,
       1460., 1460., 1480., 1480., 1500., 1500., 1520., 1520., 1540.,
       1540., 1560., 1560., 1580., 1580., 1600., 1600., 1620., 1620.,
       1640., 1640., 1660., 1660., 1680., 1680., 1700., 1700., 1720.,
       1720., 1740., 1740., 1760., 1760., 1780., 1780., 1800., 1800.,
       1820., 1820., 1840., 1840., 1860., 1860., 1880., 1880., 1900.,
       1900., 1920., 1940., 1940., 1960., 1960., 1980., 1980., 2000.,
       2000., 2020., 2020., 2040., 2040., 2060., 2060., 2080., 2080.,
       2100., 2100., 2120., 2120., 2140., 2140., 2160., 2160., 2180.,
       2180., 2200., 2200., 2220., 2220., 2240., 2240., 2260., 2260.,
       2280., 2280., 2300., 2300., 2320., 2320., 2340., 2340., 2360.,
       2360., 2380., 2380., 2400., 2400., 2420., 2420., 2440., 2440.,
       2460., 2460., 2480., 2480., 2500., 2500., 2520., 2520., 2540.,
       2540., 2560., 2560., 2580., 2580., 2600., 2600., 2620., 2620.,
       2640., 2640., 2660., 2660., 2680., 2680., 2700., 2700., 2720.,
       2720., 2740., 2740., 2760., 2760., 2780., 2780., 2800., 2800.,
       2820., 2820., 2840., 2840., 2860., 2860., 2880., 2880., 2900.,
       2900., 2920., 2920., 2940., 2940., 2960., 2960., 2980., 2980.,
       3000., 3000., 3020., 3020., 3040., 3040., 3060., 3060., 3080.,
       3080., 3100., 3100., 3120., 3120., 3140., 3140., 3160., 3160.,
       3180., 3180., 3200., 3200., 3220., 3220., 3240., 3240., 3260.,
       3260., 3280., 3280., 3300., 3300., 3320., 3320., 3340., 3340.,
       3360., 3360., 3380., 3380., 3400., 3400., 3420., 3420., 3440.,
       3440., 3460., 3460., 3480., 3480., 3500., 3500., 3520., 3520.,
       3540., 3540., 3560., 3560., 3580., 3580., 3600., 3600., 3620.,
       3620., 3640., 3640., 3660., 3660., 3680., 3680., 3700., 3700.,
       3720., 3720., 3740., 3740., 3760., 3760., 3780., 3780., 3800.,
       3800., 3820., 3820., 3840., 3840.], dtype=np.float32),
    'kcoords': np.array([0, 0, 0, 0, 0, 0, 0, 0, 0, 0, 0, 0, 0, 0, 0, 0, 0, 0, 0, 0, 0, 0,
       0, 0, 0, 0, 0, 0, 0, 0, 0, 0, 0, 0, 0, 0, 0, 0, 0, 0, 0, 0, 0, 0,
       0, 0, 0, 0, 0, 0, 0, 0, 0, 0, 0, 0, 0, 0, 0, 0, 0, 0, 0, 0, 0, 0,
       0, 0, 0, 0, 0, 0, 0, 0, 0, 0, 0, 0, 0, 0, 0, 0, 0, 0, 0, 0, 0, 0,
       0, 0, 0, 0, 0, 0, 0, 0, 0, 0, 0, 0, 0, 0, 0, 0, 0, 0, 0, 0, 0, 0,
       0, 0, 0, 0, 0, 0, 0, 0, 0, 0, 0, 0, 0, 0, 0, 0, 0, 0, 0, 0, 0, 0,
       0, 0, 0, 0, 0, 0, 0, 0, 0, 0, 0, 0, 0, 0, 0, 0, 0, 0, 0, 0, 0, 0,
       0, 0, 0, 0, 0, 0, 0, 0, 0, 0, 0, 0, 0, 0, 0, 0, 0, 0, 0, 0, 0, 0,
       0, 0, 0, 0, 0, 0, 0, 0, 0, 0, 0, 0, 0, 0, 0, 0, 0, 0, 0, 0, 0, 0,
       0, 0, 0, 0, 0, 0, 0, 0, 0, 0, 0, 0, 0, 0, 0, 0, 0, 0, 0, 0, 0, 0,
       0, 0, 0, 0, 0, 0, 0, 0, 0, 0, 0, 0, 0, 0, 0, 0, 0, 0, 0, 0, 0, 0,
       0, 0, 0, 0, 0, 0, 0, 0, 0, 0, 0, 0, 0, 0, 0, 0, 0, 0, 0, 0, 0, 0,
       0, 0, 0, 0, 0, 0, 0, 0, 0, 0, 0, 0, 0, 0, 0, 0, 0, 0, 0, 0, 0, 0,
       0, 0, 0, 0, 0, 0, 0, 0, 0, 0, 0, 0, 0, 0, 0, 0, 0, 0, 0, 0, 0, 0,
       0, 0, 0, 0, 0, 0, 0, 0, 0, 0, 0, 0, 0, 0, 0, 0, 0, 0, 0, 0, 0, 0,
       0, 0, 0, 0, 0, 0, 0, 0, 0, 0, 0, 0, 0, 0, 0, 0, 0, 0, 0, 0, 0, 0,
       0, 0, 0, 0, 0, 0, 0, 0, 0, 0, 0, 0, 0, 0, 0, 0, 0, 0, 0, 0, 0, 0,
       0, 0, 0, 0, 0, 0, 0, 0, 0], dtype=np.int32)
}

2026-05-19 00:20:20,818 kilosort.run_kilosort INFO      
2026-05-19 00:20:20,820 kilosort.run_kilosort INFO     Resource usage before sorting
2026-05-19 00:20:20,824 kilosort.run_kilosort INFO     ********************************************************
2026-05-19 00:20:20,830 kilosort.run_kilosort INFO     CPU usage:    24.10 %
2026-05-19 00:20:20,832 kilosort.run_kilosort INFO     Mem used:     71.50 %     |      11.19 GB
2026-05-19 00:20:20,836 kilosort.run_kilosort INFO     Mem avail:     4.46 / 15.65 GB
2026-05-19 00:20:20,838 kilosort.run_kilosort INFO     ------------------------------------------------------
2026-05-19 00:20:20,840 kilosort.run_kilosort INFO     GPU usage:    `conda install pynvml` for GPU usage
2026-05-19 00:20:20,843 kilosort.run_kilosort INFO     GPU memory:   20.02 %     |      0.80   /     4.00 GB
2026-05-19 00:20:20,846 kilosort.run_kilosort INFO     Allocated:     0.17 %     |      0.01   /     4.00 GB
2026-05-19 00:20:20,853 kilosort.run_kilosort INFO     Max alloc:     0.17 %     |      0.01   /     4.00 GB
2026-05-19 00:20:20,854 kilosort.run_kilosort INFO     ********************************************************
2026-05-19 00:20:20,857 kilosort.run_kilosort DEBUG    
2026-05-19 00:20:20,860 kilosort.run_kilosort DEBUG    --------------------
2026-05-19 00:20:20,860 kilosort.run_kilosort DEBUG    Process thread count: N/A (linux only)
2026-05-19 00:20:20,860 kilosort.run_kilosort DEBUG    num torch threads: 8
2026-05-19 00:20:20,860 kilosort.run_kilosort DEBUG    --------------------

2026-05-19 00:20:20,862 kilosort.run_kilosort INFO      
2026-05-19 00:20:20,864 kilosort.run_kilosort INFO     Computing preprocessing variables.
2026-05-19 00:20:20,866 kilosort.run_kilosort INFO     ----------------------------------------
2026-05-19 00:20:21,300 kilosort.run_kilosort INFO     N samples: 1350000
2026-05-19 00:20:21,301 kilosort.run_kilosort INFO     N seconds: 45.0
2026-05-19 00:20:21,302 kilosort.run_kilosort INFO     N batches: 23
2026-05-19 00:20:24,417 kilosort.run_kilosort INFO     Preprocessing filters computed in 3.55s; total 3.63s
2026-05-19 00:20:24,423 kilosort.run_kilosort DEBUG    hp_filter shape: torch.Size([30122])
2026-05-19 00:20:24,424 kilosort.run_kilosort DEBUG    whiten_mat shape: torch.Size([383, 383])
2026-05-19 00:20:24,769 kilosort.run_kilosort DEBUG    First batch min, max: (np.float32(-28.628557), np.float32(11.827553))
2026-05-19 00:20:24,771 kilosort.run_kilosort INFO      
2026-05-19 00:20:24,773 kilosort.run_kilosort INFO     Resource usage after preprocessing
2026-05-19 00:20:24,775 kilosort.run_kilosort INFO     ********************************************************
2026-05-19 00:20:24,778 kilosort.run_kilosort INFO     CPU usage:    22.20 %
2026-05-19 00:20:24,781 kilosort.run_kilosort INFO     Mem used:     72.70 %     |      11.38 GB
2026-05-19 00:20:24,783 kilosort.run_kilosort INFO     Mem avail:     4.27 / 15.65 GB
2026-05-19 00:20:24,785 kilosort.run_kilosort INFO     ------------------------------------------------------
2026-05-19 00:20:24,788 kilosort.run_kilosort INFO     GPU usage:    `conda install pynvml` for GPU usage
2026-05-19 00:20:24,791 kilosort.run_kilosort INFO     GPU memory:   60.61 %     |      2.42   /     4.00 GB
2026-05-19 00:20:24,795 kilosort.run_kilosort INFO     Allocated:     0.39 %     |      0.02   /     4.00 GB
2026-05-19 00:20:24,801 kilosort.run_kilosort INFO     Max alloc:    30.62 %     |      1.22   /     4.00 GB
2026-05-19 00:20:24,805 kilosort.run_kilosort INFO     ********************************************************
2026-05-19 00:20:24,829 kilosort.run_kilosort INFO      
2026-05-19 00:20:24,832 kilosort.run_kilosort INFO     Computing drift correction.
2026-05-19 00:20:24,835 kilosort.run_kilosort INFO     ----------------------------------------
2026-05-19 00:20:24,837 kilosort.spikedetect INFO     Using built-in universal templates.
2026-05-19 00:20:24,855 kilosort.spikedetect INFO     Number of universal templates: 1532
2026-05-19 00:20:26,138 kilosort.spikedetect INFO     Detecting spikes...
2026-05-19 00:20:26,155 kilosort.spikedetect DEBUG     
2026-05-19 00:20:26,155 kilosort.spikedetect DEBUG    Batch 0 of 22 (0.0%)
2026-05-19 00:20:26,155 kilosort.spikedetect DEBUG    ********************************************************
2026-05-19 00:20:26,155 kilosort.spikedetect DEBUG    CPU usage:    27.30 %
2026-05-19 00:20:26,155 kilosort.spikedetect DEBUG    Mem used:     73.10 %     |      11.44 GB
2026-05-19 00:20:26,156 kilosort.spikedetect DEBUG    Mem avail:     4.21 / 15.65 GB
2026-05-19 00:20:26,156 kilosort.spikedetect DEBUG    ------------------------------------------------------
2026-05-19 00:20:26,156 kilosort.spikedetect DEBUG    GPU usage:    `conda install pynvml` for GPU usage
2026-05-19 00:20:26,156 kilosort.spikedetect DEBUG    GPU memory:   60.61 %     |      2.42   /     4.00 GB
2026-05-19 00:20:26,156 kilosort.spikedetect DEBUG    Allocated:     0.43 %     |      0.02   /     4.00 GB
2026-05-19 00:20:26,156 kilosort.spikedetect DEBUG    Max alloc:     0.44 %     |      0.02   /     4.00 GB
2026-05-19 00:20:26,156 kilosort.spikedetect DEBUG    ********************************************************
2026-05-19 00:25:20,258 kilosort.spikedetect DEBUG     
2026-05-19 00:25:20,259 kilosort.spikedetect DEBUG    Batch 22 of 22 (95.7%)
2026-05-19 00:25:20,259 kilosort.spikedetect DEBUG    ********************************************************
2026-05-19 00:25:20,261 kilosort.spikedetect DEBUG    CPU usage:    29.60 %
2026-05-19 00:25:20,261 kilosort.spikedetect DEBUG    Mem used:     82.60 %     |      12.92 GB
2026-05-19 00:25:20,261 kilosort.spikedetect DEBUG    Mem avail:     2.73 / 15.65 GB
2026-05-19 00:25:20,261 kilosort.spikedetect DEBUG    ------------------------------------------------------
2026-05-19 00:25:20,261 kilosort.spikedetect DEBUG    GPU usage:    `conda install pynvml` for GPU usage
2026-05-19 00:25:20,261 kilosort.spikedetect DEBUG    GPU memory:   100.00 %     |      4.00   /     4.00 GB
2026-05-19 00:25:20,261 kilosort.spikedetect DEBUG    Allocated:     2.90 %     |      0.12   /     4.00 GB
2026-05-19 00:25:20,261 kilosort.spikedetect DEBUG    Max alloc:    83.21 %     |      3.33   /     4.00 GB
2026-05-19 00:25:20,261 kilosort.spikedetect DEBUG    ********************************************************
2026-05-19 00:25:20,966 kilosort.run_kilosort INFO     drift computed in 296.13s; total 300.18s
2026-05-19 00:25:20,968 kilosort.run_kilosort DEBUG    st shape: (193467, 6)
2026-05-19 00:25:20,968 kilosort.run_kilosort DEBUG    yblk shape: (1,)
2026-05-19 00:25:20,968 kilosort.run_kilosort DEBUG    dshift shape: (23, 1)
2026-05-19 00:25:20,969 kilosort.run_kilosort DEBUG    iKxx shape: torch.Size([383, 383])
2026-05-19 00:25:20,970 kilosort.run_kilosort DEBUG    

|===========================================================================|
|                  PyTorch CUDA memory summary, device ID 0                 |
|---------------------------------------------------------------------------|
|            CUDA OOMs: 0            |        cudaMalloc retries: 0         |
|===========================================================================|
|        Metric         | Cur Usage  | Peak Usage | Tot Alloc  | Tot Freed  |
|---------------------------------------------------------------------------|
| Allocated memory      |  18428 KiB |   3408 MiB |   1987 GiB |   1987 GiB |
|---------------------------------------------------------------------------|
| Active memory         |  18428 KiB |   3408 MiB |   1987 GiB |   1987 GiB |
|---------------------------------------------------------------------------|
| Requested memory      |  18419 KiB |   3406 MiB |   1987 GiB |   1987 GiB |
|---------------------------------------------------------------------------|
| GPU reserved memory   |   5236 MiB |   5236 MiB |   5236 MiB |      0 B   |
|---------------------------------------------------------------------------|
| Non-releasable memory |  12291 KiB |   1732 MiB |    972 GiB |    972 GiB |
|---------------------------------------------------------------------------|
| Allocations           |      35    |      63    |   25775    |   25740    |
|---------------------------------------------------------------------------|
| Active allocs         |      35    |      63    |   25775    |   25740    |
|---------------------------------------------------------------------------|
| GPU reserved segments |      19    |      19    |      19    |       0    |
|---------------------------------------------------------------------------|
| Non-releasable allocs |       8    |      22    |    9694    |    9686    |
|---------------------------------------------------------------------------|
| Oversize allocations  |       0    |       0    |       0    |       0    |
|---------------------------------------------------------------------------|
| Oversize GPU segments |       0    |       0    |       0    |       0    |
|===========================================================================|


2026-05-19 00:25:20,974 kilosort.run_kilosort INFO      
2026-05-19 00:25:20,976 kilosort.run_kilosort INFO     Resource usage after drift correction
2026-05-19 00:25:20,978 kilosort.run_kilosort INFO     ********************************************************
2026-05-19 00:25:20,980 kilosort.run_kilosort INFO     CPU usage:    28.60 %
2026-05-19 00:25:20,983 kilosort.run_kilosort INFO     Mem used:     82.30 %     |      12.88 GB
2026-05-19 00:25:20,984 kilosort.run_kilosort INFO     Mem avail:     2.76 / 15.65 GB
2026-05-19 00:25:20,985 kilosort.run_kilosort INFO     ------------------------------------------------------
2026-05-19 00:25:20,986 kilosort.run_kilosort INFO     GPU usage:    `conda install pynvml` for GPU usage
2026-05-19 00:25:20,988 kilosort.run_kilosort INFO     GPU memory:   100.00 %     |      4.00   /     4.00 GB
2026-05-19 00:25:20,989 kilosort.run_kilosort INFO     Allocated:     0.44 %     |      0.02   /     4.00 GB
2026-05-19 00:25:20,993 kilosort.run_kilosort INFO     Max alloc:    83.21 %     |      3.33   /     4.00 GB
2026-05-19 00:25:20,995 kilosort.run_kilosort INFO     ********************************************************
2026-05-19 00:25:20,996 kilosort.run_kilosort DEBUG    
2026-05-19 00:25:20,997 kilosort.run_kilosort DEBUG    --------------------
2026-05-19 00:25:20,997 kilosort.run_kilosort DEBUG    Process thread count: N/A (linux only)
2026-05-19 00:25:20,998 kilosort.run_kilosort DEBUG    num torch threads: 8
2026-05-19 00:25:20,998 kilosort.run_kilosort DEBUG    --------------------

2026-05-19 00:25:20,999 kilosort.run_kilosort INFO     Generating drift plots ...
2026-05-19 00:25:35,959 kilosort.run_kilosort INFO      
2026-05-19 00:25:35,961 kilosort.run_kilosort INFO     Extracting spikes using templates
2026-05-19 00:25:35,963 kilosort.run_kilosort INFO     ----------------------------------------
2026-05-19 00:25:35,964 kilosort.spikedetect INFO     Using built-in universal templates.
2026-05-19 00:25:35,973 kilosort.spikedetect INFO     Number of universal templates: 1532
2026-05-19 00:25:36,682 kilosort.spikedetect INFO     Detecting spikes...
2026-05-19 00:25:36,689 kilosort.spikedetect DEBUG     
2026-05-19 00:25:36,689 kilosort.spikedetect DEBUG    Batch 0 of 22 (0.0%)
2026-05-19 00:25:36,689 kilosort.spikedetect DEBUG    ********************************************************
2026-05-19 00:25:36,689 kilosort.spikedetect DEBUG    CPU usage:    20.80 %
2026-05-19 00:25:36,689 kilosort.spikedetect DEBUG    Mem used:     83.80 %     |      13.11 GB
2026-05-19 00:25:36,689 kilosort.spikedetect DEBUG    Mem avail:     2.53 / 15.65 GB
2026-05-19 00:25:36,689 kilosort.spikedetect DEBUG    ------------------------------------------------------
2026-05-19 00:25:36,690 kilosort.spikedetect DEBUG    GPU usage:    `conda install pynvml` for GPU usage
2026-05-19 00:25:36,690 kilosort.spikedetect DEBUG    GPU memory:   100.00 %     |      4.00   /     4.00 GB
2026-05-19 00:25:36,690 kilosort.spikedetect DEBUG    Allocated:     0.48 %     |      0.02   /     4.00 GB
2026-05-19 00:25:36,690 kilosort.spikedetect DEBUG    Max alloc:     0.49 %     |      0.02   /     4.00 GB
2026-05-19 00:25:36,690 kilosort.spikedetect DEBUG    ********************************************************
2026-05-19 00:30:26,073 kilosort.spikedetect DEBUG     
2026-05-19 00:30:26,073 kilosort.spikedetect DEBUG    Batch 22 of 22 (95.7%)
2026-05-19 00:30:26,073 kilosort.spikedetect DEBUG    ********************************************************
2026-05-19 00:30:26,074 kilosort.spikedetect DEBUG    CPU usage:    25.40 %
2026-05-19 00:30:26,074 kilosort.spikedetect DEBUG    Mem used:     84.00 %     |      13.14 GB
2026-05-19 00:30:26,074 kilosort.spikedetect DEBUG    Mem avail:     2.51 / 15.65 GB
2026-05-19 00:30:26,074 kilosort.spikedetect DEBUG    ------------------------------------------------------
2026-05-19 00:30:26,074 kilosort.spikedetect DEBUG    GPU usage:    `conda install pynvml` for GPU usage
2026-05-19 00:30:26,075 kilosort.spikedetect DEBUG    GPU memory:   100.00 %     |      4.00   /     4.00 GB
2026-05-19 00:30:26,075 kilosort.spikedetect DEBUG    Allocated:     2.94 %     |      0.12   /     4.00 GB
2026-05-19 00:30:26,076 kilosort.spikedetect DEBUG    Max alloc:    83.27 %     |      3.33   /     4.00 GB
2026-05-19 00:30:26,076 kilosort.spikedetect DEBUG    ********************************************************
2026-05-19 00:30:26,080 kilosort.run_kilosort INFO     185232 spikes extracted in 290.12s; total 605.30s
2026-05-19 00:30:26,082 kilosort.run_kilosort DEBUG    st0 shape: (185232, 6)
2026-05-19 00:30:26,082 kilosort.run_kilosort DEBUG    tF shape: torch.Size([185232, 10, 6])
2026-05-19 00:30:26,084 kilosort.run_kilosort INFO      
2026-05-19 00:30:26,085 kilosort.run_kilosort INFO     Resource usage after spike detect (univ)
2026-05-19 00:30:26,086 kilosort.run_kilosort INFO     ********************************************************
2026-05-19 00:30:26,087 kilosort.run_kilosort INFO     CPU usage:     0.00 %
2026-05-19 00:30:26,088 kilosort.run_kilosort INFO     Mem used:     83.90 %     |      13.13 GB
2026-05-19 00:30:26,089 kilosort.run_kilosort INFO     Mem avail:     2.52 / 15.65 GB
2026-05-19 00:30:26,091 kilosort.run_kilosort INFO     ------------------------------------------------------
2026-05-19 00:30:26,093 kilosort.run_kilosort INFO     GPU usage:    `conda install pynvml` for GPU usage
2026-05-19 00:30:26,094 kilosort.run_kilosort INFO     GPU memory:   100.00 %     |      4.00   /     4.00 GB
2026-05-19 00:30:26,098 kilosort.run_kilosort INFO     Allocated:     0.44 %     |      0.02   /     4.00 GB
2026-05-19 00:30:26,099 kilosort.run_kilosort INFO     Max alloc:    83.27 %     |      3.33   /     4.00 GB
2026-05-19 00:30:26,101 kilosort.run_kilosort INFO     ********************************************************
2026-05-19 00:30:26,103 kilosort.run_kilosort DEBUG    
2026-05-19 00:30:26,103 kilosort.run_kilosort DEBUG    --------------------
2026-05-19 00:30:26,104 kilosort.run_kilosort DEBUG    Process thread count: N/A (linux only)
2026-05-19 00:30:26,105 kilosort.run_kilosort DEBUG    num torch threads: 8
2026-05-19 00:30:26,105 kilosort.run_kilosort DEBUG    --------------------

2026-05-19 00:30:26,105 kilosort.run_kilosort INFO      
2026-05-19 00:30:26,106 kilosort.run_kilosort INFO     First clustering
2026-05-19 00:30:26,108 kilosort.run_kilosort INFO     ----------------------------------------
2026-05-19 00:30:26,450 kilosort.clustering_qr DEBUG    Center 0 | Xd shape: torch.Size([3502, 60]) | ntemp: 16
2026-05-19 00:30:28,567 kilosort.clustering_qr DEBUG    Center 1 | Xd shape: torch.Size([2323, 84]) | ntemp: 16
2026-05-19 00:30:29,833 kilosort.clustering_qr DEBUG    Center 2 | Xd shape: torch.Size([1716, 90]) | ntemp: 16
2026-05-19 00:30:30,965 kilosort.clustering_qr DEBUG    Center 3 | Xd shape: torch.Size([1468, 90]) | ntemp: 16
2026-05-19 00:30:32,359 kilosort.clustering_qr DEBUG    Center 4 | Xd shape: torch.Size([2227, 90]) | ntemp: 16
2026-05-19 00:30:33,831 kilosort.clustering_qr DEBUG    Center 5 | Xd shape: torch.Size([2143, 90]) | ntemp: 16
2026-05-19 00:30:35,241 kilosort.clustering_qr DEBUG    Center 6 | Xd shape: torch.Size([2847, 90]) | ntemp: 16
2026-05-19 00:30:36,608 kilosort.clustering_qr DEBUG    Center 7 | Xd shape: torch.Size([1661, 90]) | ntemp: 16
2026-05-19 00:30:37,875 kilosort.clustering_qr DEBUG    Center 8 | Xd shape: torch.Size([1416, 90]) | ntemp: 16
2026-05-19 00:30:39,135 kilosort.clustering_qr DEBUG     
2026-05-19 00:30:39,135 kilosort.clustering_qr DEBUG    Cluster center: 9 (10/96)
2026-05-19 00:30:39,135 kilosort.clustering_qr DEBUG    ********************************************************
2026-05-19 00:30:39,136 kilosort.clustering_qr DEBUG    CPU usage:    27.70 %
2026-05-19 00:30:39,136 kilosort.clustering_qr DEBUG    Mem used:     84.80 %     |      13.26 GB
2026-05-19 00:30:39,136 kilosort.clustering_qr DEBUG    Mem avail:     2.39 / 15.65 GB
2026-05-19 00:30:39,136 kilosort.clustering_qr DEBUG    ------------------------------------------------------
2026-05-19 00:30:39,136 kilosort.clustering_qr DEBUG    GPU usage:    `conda install pynvml` for GPU usage
2026-05-19 00:30:39,138 kilosort.clustering_qr DEBUG    GPU memory:   100.00 %     |      4.00   /     4.00 GB
2026-05-19 00:30:39,138 kilosort.clustering_qr DEBUG    Allocated:     0.44 %     |      0.02   /     4.00 GB
2026-05-19 00:30:39,138 kilosort.clustering_qr DEBUG    Max alloc:     0.67 %     |      0.03   /     4.00 GB
2026-05-19 00:30:39,138 kilosort.clustering_qr DEBUG    ********************************************************
2026-05-19 00:30:39,161 kilosort.clustering_qr DEBUG    Center 9 | Xd shape: torch.Size([2091, 90]) | ntemp: 16
2026-05-19 00:30:40,538 kilosort.clustering_qr DEBUG    Center 10 | Xd shape: torch.Size([1796, 90]) | ntemp: 16
2026-05-19 00:30:41,772 kilosort.clustering_qr DEBUG    Center 11 | Xd shape: torch.Size([2390, 90]) | ntemp: 16
2026-05-19 00:30:43,187 kilosort.clustering_qr DEBUG    Center 12 | Xd shape: torch.Size([1259, 90]) | ntemp: 16
2026-05-19 00:30:44,487 kilosort.clustering_qr DEBUG    Center 13 | Xd shape: torch.Size([1454, 90]) | ntemp: 16
2026-05-19 00:30:45,740 kilosort.clustering_qr DEBUG    Center 14 | Xd shape: torch.Size([1333, 90]) | ntemp: 16
2026-05-19 00:30:47,098 kilosort.clustering_qr DEBUG    Center 15 | Xd shape: torch.Size([2216, 90]) | ntemp: 16
2026-05-19 00:30:48,549 kilosort.clustering_qr DEBUG    Center 16 | Xd shape: torch.Size([1290, 90]) | ntemp: 16
2026-05-19 00:30:49,814 kilosort.clustering_qr DEBUG    Center 17 | Xd shape: torch.Size([1321, 90]) | ntemp: 16
2026-05-19 00:30:51,277 kilosort.clustering_qr DEBUG    Center 18 | Xd shape: torch.Size([1594, 90]) | ntemp: 16
2026-05-19 00:30:52,572 kilosort.clustering_qr DEBUG     
2026-05-19 00:30:52,572 kilosort.clustering_qr DEBUG    Cluster center: 19 (20/96)
2026-05-19 00:30:52,572 kilosort.clustering_qr DEBUG    ********************************************************
2026-05-19 00:30:52,572 kilosort.clustering_qr DEBUG    CPU usage:    29.70 %
2026-05-19 00:30:52,572 kilosort.clustering_qr DEBUG    Mem used:     84.80 %     |      13.27 GB
2026-05-19 00:30:52,572 kilosort.clustering_qr DEBUG    Mem avail:     2.38 / 15.65 GB
2026-05-19 00:30:52,572 kilosort.clustering_qr DEBUG    ------------------------------------------------------
2026-05-19 00:30:52,572 kilosort.clustering_qr DEBUG    GPU usage:    `conda install pynvml` for GPU usage
2026-05-19 00:30:52,573 kilosort.clustering_qr DEBUG    GPU memory:   100.00 %     |      4.00   /     4.00 GB
2026-05-19 00:30:52,573 kilosort.clustering_qr DEBUG    Allocated:     0.44 %     |      0.02   /     4.00 GB
2026-05-19 00:30:52,573 kilosort.clustering_qr DEBUG    Max alloc:     0.67 %     |      0.03   /     4.00 GB
2026-05-19 00:30:52,573 kilosort.clustering_qr DEBUG    ********************************************************
2026-05-19 00:30:52,590 kilosort.clustering_qr DEBUG    Center 19 | Xd shape: torch.Size([1311, 90]) | ntemp: 16
2026-05-19 00:30:54,036 kilosort.clustering_qr DEBUG    Center 20 | Xd shape: torch.Size([1534, 90]) | ntemp: 16
2026-05-19 00:30:55,365 kilosort.clustering_qr DEBUG    Center 21 | Xd shape: torch.Size([1359, 90]) | ntemp: 16
2026-05-19 00:30:56,756 kilosort.clustering_qr DEBUG    Center 22 | Xd shape: torch.Size([3993, 90]) | ntemp: 16
2026-05-19 00:30:58,258 kilosort.clustering_qr DEBUG    Center 23 | Xd shape: torch.Size([1782, 90]) | ntemp: 16
2026-05-19 00:30:59,441 kilosort.clustering_qr DEBUG    Center 24 | Xd shape: torch.Size([1681, 90]) | ntemp: 16
2026-05-19 00:31:00,631 kilosort.clustering_qr DEBUG    Center 25 | Xd shape: torch.Size([1664, 90]) | ntemp: 16
2026-05-19 00:31:01,929 kilosort.clustering_qr DEBUG    Center 26 | Xd shape: torch.Size([1997, 90]) | ntemp: 16
2026-05-19 00:31:03,318 kilosort.clustering_qr DEBUG    Center 27 | Xd shape: torch.Size([1506, 90]) | ntemp: 16
2026-05-19 00:31:04,584 kilosort.clustering_qr DEBUG    Center 28 | Xd shape: torch.Size([2388, 90]) | ntemp: 16
2026-05-19 00:31:05,881 kilosort.clustering_qr DEBUG     
2026-05-19 00:31:05,882 kilosort.clustering_qr DEBUG    Cluster center: 29 (30/96)
2026-05-19 00:31:05,882 kilosort.clustering_qr DEBUG    ********************************************************
2026-05-19 00:31:05,882 kilosort.clustering_qr DEBUG    CPU usage:    27.50 %
2026-05-19 00:31:05,883 kilosort.clustering_qr DEBUG    Mem used:     84.80 %     |      13.27 GB
2026-05-19 00:31:05,883 kilosort.clustering_qr DEBUG    Mem avail:     2.38 / 15.65 GB
2026-05-19 00:31:05,883 kilosort.clustering_qr DEBUG    ------------------------------------------------------
2026-05-19 00:31:05,883 kilosort.clustering_qr DEBUG    GPU usage:    `conda install pynvml` for GPU usage
2026-05-19 00:31:05,884 kilosort.clustering_qr DEBUG    GPU memory:   100.00 %     |      4.00   /     4.00 GB
2026-05-19 00:31:05,884 kilosort.clustering_qr DEBUG    Allocated:     0.44 %     |      0.02   /     4.00 GB
2026-05-19 00:31:05,884 kilosort.clustering_qr DEBUG    Max alloc:     0.72 %     |      0.03   /     4.00 GB
2026-05-19 00:31:05,884 kilosort.clustering_qr DEBUG    ********************************************************
2026-05-19 00:31:05,904 kilosort.clustering_qr DEBUG    Center 29 | Xd shape: torch.Size([1706, 90]) | ntemp: 16
2026-05-19 00:31:07,129 kilosort.clustering_qr DEBUG    Center 30 | Xd shape: torch.Size([1819, 90]) | ntemp: 16
2026-05-19 00:31:08,447 kilosort.clustering_qr DEBUG    Center 31 | Xd shape: torch.Size([2259, 90]) | ntemp: 16
2026-05-19 00:31:09,773 kilosort.clustering_qr DEBUG    Center 32 | Xd shape: torch.Size([2571, 90]) | ntemp: 16
2026-05-19 00:31:11,219 kilosort.clustering_qr DEBUG    Center 33 | Xd shape: torch.Size([1414, 90]) | ntemp: 16
2026-05-19 00:31:12,642 kilosort.clustering_qr DEBUG    Center 34 | Xd shape: torch.Size([2033, 90]) | ntemp: 16
2026-05-19 00:31:14,007 kilosort.clustering_qr DEBUG    Center 35 | Xd shape: torch.Size([1867, 90]) | ntemp: 16
2026-05-19 00:31:15,321 kilosort.clustering_qr DEBUG    Center 36 | Xd shape: torch.Size([1763, 90]) | ntemp: 16
2026-05-19 00:31:16,628 kilosort.clustering_qr DEBUG    Center 37 | Xd shape: torch.Size([2055, 90]) | ntemp: 16
2026-05-19 00:31:17,974 kilosort.clustering_qr DEBUG    Center 38 | Xd shape: torch.Size([1583, 90]) | ntemp: 16
2026-05-19 00:31:19,381 kilosort.clustering_qr DEBUG     
2026-05-19 00:31:19,381 kilosort.clustering_qr DEBUG    Cluster center: 39 (40/96)
2026-05-19 00:31:19,381 kilosort.clustering_qr DEBUG    ********************************************************
2026-05-19 00:31:19,381 kilosort.clustering_qr DEBUG    CPU usage:    28.60 %
2026-05-19 00:31:19,381 kilosort.clustering_qr DEBUG    Mem used:     84.90 %     |      13.29 GB
2026-05-19 00:31:19,382 kilosort.clustering_qr DEBUG    Mem avail:     2.36 / 15.65 GB
2026-05-19 00:31:19,382 kilosort.clustering_qr DEBUG    ------------------------------------------------------
2026-05-19 00:31:19,382 kilosort.clustering_qr DEBUG    GPU usage:    `conda install pynvml` for GPU usage
2026-05-19 00:31:19,382 kilosort.clustering_qr DEBUG    GPU memory:   100.00 %     |      4.00   /     4.00 GB
2026-05-19 00:31:19,382 kilosort.clustering_qr DEBUG    Allocated:     0.44 %     |      0.02   /     4.00 GB
2026-05-19 00:31:19,382 kilosort.clustering_qr DEBUG    Max alloc:     0.72 %     |      0.03   /     4.00 GB
2026-05-19 00:31:19,383 kilosort.clustering_qr DEBUG    ********************************************************
2026-05-19 00:31:19,401 kilosort.clustering_qr DEBUG    Center 39 | Xd shape: torch.Size([2403, 90]) | ntemp: 16
2026-05-19 00:31:20,738 kilosort.clustering_qr DEBUG    Center 40 | Xd shape: torch.Size([1821, 90]) | ntemp: 16
2026-05-19 00:31:22,135 kilosort.clustering_qr DEBUG    Center 41 | Xd shape: torch.Size([2253, 90]) | ntemp: 16
2026-05-19 00:31:23,473 kilosort.clustering_qr DEBUG    Center 42 | Xd shape: torch.Size([2208, 90]) | ntemp: 16
2026-05-19 00:31:24,769 kilosort.clustering_qr DEBUG    Center 43 | Xd shape: torch.Size([2382, 90]) | ntemp: 16
2026-05-19 00:31:26,067 kilosort.clustering_qr DEBUG    Center 44 | Xd shape: torch.Size([1780, 90]) | ntemp: 16
2026-05-19 00:31:27,468 kilosort.clustering_qr DEBUG    Center 45 | Xd shape: torch.Size([1455, 90]) | ntemp: 16
2026-05-19 00:31:28,743 kilosort.clustering_qr DEBUG    Center 46 | Xd shape: torch.Size([1767, 84]) | ntemp: 16
2026-05-19 00:31:30,096 kilosort.clustering_qr DEBUG    Center 47 | Xd shape: torch.Size([1672, 90]) | ntemp: 16
2026-05-19 00:31:31,380 kilosort.clustering_qr DEBUG    Center 48 | Xd shape: torch.Size([1604, 84]) | ntemp: 16
2026-05-19 00:31:32,693 kilosort.clustering_qr DEBUG     
2026-05-19 00:31:32,694 kilosort.clustering_qr DEBUG    Cluster center: 49 (50/96)
2026-05-19 00:31:32,694 kilosort.clustering_qr DEBUG    ********************************************************
2026-05-19 00:31:32,695 kilosort.clustering_qr DEBUG    CPU usage:    27.70 %
2026-05-19 00:31:32,695 kilosort.clustering_qr DEBUG    Mem used:     84.90 %     |      13.29 GB
2026-05-19 00:31:32,695 kilosort.clustering_qr DEBUG    Mem avail:     2.36 / 15.65 GB
2026-05-19 00:31:32,695 kilosort.clustering_qr DEBUG    ------------------------------------------------------
2026-05-19 00:31:32,695 kilosort.clustering_qr DEBUG    GPU usage:    `conda install pynvml` for GPU usage
2026-05-19 00:31:32,696 kilosort.clustering_qr DEBUG    GPU memory:   100.00 %     |      4.00   /     4.00 GB
2026-05-19 00:31:32,696 kilosort.clustering_qr DEBUG    Allocated:     0.44 %     |      0.02   /     4.00 GB
2026-05-19 00:31:32,696 kilosort.clustering_qr DEBUG    Max alloc:     0.72 %     |      0.03   /     4.00 GB
2026-05-19 00:31:32,696 kilosort.clustering_qr DEBUG    ********************************************************
2026-05-19 00:31:32,716 kilosort.clustering_qr DEBUG    Center 49 | Xd shape: torch.Size([1845, 90]) | ntemp: 16
2026-05-19 00:31:33,979 kilosort.clustering_qr DEBUG    Center 50 | Xd shape: torch.Size([2229, 90]) | ntemp: 16
2026-05-19 00:31:35,394 kilosort.clustering_qr DEBUG    Center 51 | Xd shape: torch.Size([2006, 90]) | ntemp: 16
2026-05-19 00:31:36,827 kilosort.clustering_qr DEBUG    Center 52 | Xd shape: torch.Size([2333, 90]) | ntemp: 16
2026-05-19 00:31:38,164 kilosort.clustering_qr DEBUG    Center 53 | Xd shape: torch.Size([2338, 90]) | ntemp: 16
2026-05-19 00:31:39,449 kilosort.clustering_qr DEBUG    Center 54 | Xd shape: torch.Size([2122, 90]) | ntemp: 16
2026-05-19 00:31:40,830 kilosort.clustering_qr DEBUG    Center 55 | Xd shape: torch.Size([1618, 90]) | ntemp: 16
2026-05-19 00:31:42,099 kilosort.clustering_qr DEBUG    Center 56 | Xd shape: torch.Size([2150, 90]) | ntemp: 16
2026-05-19 00:31:43,326 kilosort.clustering_qr DEBUG    Center 57 | Xd shape: torch.Size([2193, 90]) | ntemp: 16
2026-05-19 00:31:44,647 kilosort.clustering_qr DEBUG    Center 58 | Xd shape: torch.Size([2379, 90]) | ntemp: 16
2026-05-19 00:31:45,957 kilosort.clustering_qr DEBUG     
2026-05-19 00:31:45,957 kilosort.clustering_qr DEBUG    Cluster center: 59 (60/96)
2026-05-19 00:31:45,957 kilosort.clustering_qr DEBUG    ********************************************************
2026-05-19 00:31:45,957 kilosort.clustering_qr DEBUG    CPU usage:    28.00 %
2026-05-19 00:31:45,958 kilosort.clustering_qr DEBUG    Mem used:     85.00 %     |      13.30 GB
2026-05-19 00:31:45,958 kilosort.clustering_qr DEBUG    Mem avail:     2.35 / 15.65 GB
2026-05-19 00:31:45,958 kilosort.clustering_qr DEBUG    ------------------------------------------------------
2026-05-19 00:31:45,958 kilosort.clustering_qr DEBUG    GPU usage:    `conda install pynvml` for GPU usage
2026-05-19 00:31:45,958 kilosort.clustering_qr DEBUG    GPU memory:   100.00 %     |      4.00   /     4.00 GB
2026-05-19 00:31:45,958 kilosort.clustering_qr DEBUG    Allocated:     0.44 %     |      0.02   /     4.00 GB
2026-05-19 00:31:45,959 kilosort.clustering_qr DEBUG    Max alloc:     0.72 %     |      0.03   /     4.00 GB
2026-05-19 00:31:45,959 kilosort.clustering_qr DEBUG    ********************************************************
2026-05-19 00:31:46,006 kilosort.clustering_qr DEBUG    Center 59 | Xd shape: torch.Size([2401, 90]) | ntemp: 16
2026-05-19 00:31:47,294 kilosort.clustering_qr DEBUG    Center 60 | Xd shape: torch.Size([2758, 90]) | ntemp: 16
2026-05-19 00:31:48,549 kilosort.clustering_qr DEBUG    Center 61 | Xd shape: torch.Size([2592, 90]) | ntemp: 16
2026-05-19 00:31:49,654 kilosort.clustering_qr DEBUG    Center 62 | Xd shape: torch.Size([2319, 90]) | ntemp: 16
2026-05-19 00:31:50,720 kilosort.clustering_qr DEBUG    Center 63 | Xd shape: torch.Size([1959, 90]) | ntemp: 16
2026-05-19 00:31:51,833 kilosort.clustering_qr DEBUG    Center 64 | Xd shape: torch.Size([1567, 90]) | ntemp: 16
2026-05-19 00:31:52,888 kilosort.clustering_qr DEBUG    Center 65 | Xd shape: torch.Size([1879, 90]) | ntemp: 16
2026-05-19 00:31:54,019 kilosort.clustering_qr DEBUG    Center 66 | Xd shape: torch.Size([2866, 90]) | ntemp: 16
2026-05-19 00:31:55,335 kilosort.clustering_qr DEBUG    Center 67 | Xd shape: torch.Size([2407, 90]) | ntemp: 16
2026-05-19 00:31:56,663 kilosort.clustering_qr DEBUG    Center 68 | Xd shape: torch.Size([1650, 90]) | ntemp: 16
2026-05-19 00:31:57,890 kilosort.clustering_qr DEBUG     
2026-05-19 00:31:57,890 kilosort.clustering_qr DEBUG    Cluster center: 69 (70/96)
2026-05-19 00:31:57,890 kilosort.clustering_qr DEBUG    ********************************************************
2026-05-19 00:31:57,891 kilosort.clustering_qr DEBUG    CPU usage:    29.50 %
2026-05-19 00:31:57,891 kilosort.clustering_qr DEBUG    Mem used:     85.20 %     |      13.33 GB
2026-05-19 00:31:57,891 kilosort.clustering_qr DEBUG    Mem avail:     2.32 / 15.65 GB
2026-05-19 00:31:57,891 kilosort.clustering_qr DEBUG    ------------------------------------------------------
2026-05-19 00:31:57,891 kilosort.clustering_qr DEBUG    GPU usage:    `conda install pynvml` for GPU usage
2026-05-19 00:31:57,891 kilosort.clustering_qr DEBUG    GPU memory:   100.00 %     |      4.00   /     4.00 GB
2026-05-19 00:31:57,891 kilosort.clustering_qr DEBUG    Allocated:     0.44 %     |      0.02   /     4.00 GB
2026-05-19 00:31:57,891 kilosort.clustering_qr DEBUG    Max alloc:     0.72 %     |      0.03   /     4.00 GB
2026-05-19 00:31:57,891 kilosort.clustering_qr DEBUG    ********************************************************
2026-05-19 00:31:57,915 kilosort.clustering_qr DEBUG    Center 69 | Xd shape: torch.Size([1696, 90]) | ntemp: 16
2026-05-19 00:31:59,150 kilosort.clustering_qr DEBUG    Center 70 | Xd shape: torch.Size([2098, 90]) | ntemp: 16
2026-05-19 00:32:00,379 kilosort.clustering_qr DEBUG    Center 71 | Xd shape: torch.Size([1993, 90]) | ntemp: 16
2026-05-19 00:32:01,643 kilosort.clustering_qr DEBUG    Center 72 | Xd shape: torch.Size([2318, 90]) | ntemp: 16
2026-05-19 00:32:02,654 kilosort.clustering_qr DEBUG    Center 73 | Xd shape: torch.Size([2281, 90]) | ntemp: 16
2026-05-19 00:32:03,872 kilosort.clustering_qr DEBUG    Center 74 | Xd shape: torch.Size([2287, 90]) | ntemp: 16
2026-05-19 00:32:05,438 kilosort.clustering_qr DEBUG    Center 75 | Xd shape: torch.Size([2586, 90]) | ntemp: 16
2026-05-19 00:32:06,707 kilosort.clustering_qr DEBUG    Center 76 | Xd shape: torch.Size([1060, 90]) | ntemp: 16
2026-05-19 00:32:07,830 kilosort.clustering_qr DEBUG    Center 77 | Xd shape: torch.Size([1310, 90]) | ntemp: 16
2026-05-19 00:32:09,616 kilosort.clustering_qr DEBUG    Center 78 | Xd shape: torch.Size([1594, 90]) | ntemp: 16
2026-05-19 00:32:11,098 kilosort.clustering_qr DEBUG     
2026-05-19 00:32:11,098 kilosort.clustering_qr DEBUG    Cluster center: 79 (80/96)
2026-05-19 00:32:11,098 kilosort.clustering_qr DEBUG    ********************************************************
2026-05-19 00:32:11,099 kilosort.clustering_qr DEBUG    CPU usage:    26.60 %
2026-05-19 00:32:11,099 kilosort.clustering_qr DEBUG    Mem used:     85.20 %     |      13.34 GB
2026-05-19 00:32:11,100 kilosort.clustering_qr DEBUG    Mem avail:     2.31 / 15.65 GB
2026-05-19 00:32:11,100 kilosort.clustering_qr DEBUG    ------------------------------------------------------
2026-05-19 00:32:11,100 kilosort.clustering_qr DEBUG    GPU usage:    `conda install pynvml` for GPU usage
2026-05-19 00:32:11,100 kilosort.clustering_qr DEBUG    GPU memory:   100.00 %     |      4.00   /     4.00 GB
2026-05-19 00:32:11,100 kilosort.clustering_qr DEBUG    Allocated:     0.44 %     |      0.02   /     4.00 GB
2026-05-19 00:32:11,100 kilosort.clustering_qr DEBUG    Max alloc:     0.72 %     |      0.03   /     4.00 GB
2026-05-19 00:32:11,100 kilosort.clustering_qr DEBUG    ********************************************************
2026-05-19 00:32:11,124 kilosort.clustering_qr DEBUG    Center 79 | Xd shape: torch.Size([2056, 90]) | ntemp: 16
2026-05-19 00:32:12,813 kilosort.clustering_qr DEBUG    Center 80 | Xd shape: torch.Size([2096, 90]) | ntemp: 16
2026-05-19 00:32:14,465 kilosort.clustering_qr DEBUG    Center 81 | Xd shape: torch.Size([1816, 90]) | ntemp: 16
2026-05-19 00:32:16,141 kilosort.clustering_qr DEBUG    Center 82 | Xd shape: torch.Size([2629, 90]) | ntemp: 16
2026-05-19 00:32:17,843 kilosort.clustering_qr DEBUG    Center 83 | Xd shape: torch.Size([1089, 90]) | ntemp: 16
2026-05-19 00:32:19,172 kilosort.clustering_qr DEBUG    Center 84 | Xd shape: torch.Size([1332, 90]) | ntemp: 16
2026-05-19 00:32:20,882 kilosort.clustering_qr DEBUG    Center 85 | Xd shape: torch.Size([991, 90]) | ntemp: 16
2026-05-19 00:32:20,935 kilosort.clustering_qr DEBUG    Center 86 | Xd shape: torch.Size([1289, 90]) | ntemp: 16
2026-05-19 00:32:22,412 kilosort.clustering_qr DEBUG    Center 87 | Xd shape: torch.Size([1591, 90]) | ntemp: 16
2026-05-19 00:32:23,816 kilosort.clustering_qr DEBUG    Center 88 | Xd shape: torch.Size([1797, 90]) | ntemp: 16
2026-05-19 00:32:25,010 kilosort.clustering_qr DEBUG     
2026-05-19 00:32:25,010 kilosort.clustering_qr DEBUG    Cluster center: 89 (90/96)
2026-05-19 00:32:25,010 kilosort.clustering_qr DEBUG    ********************************************************
2026-05-19 00:32:25,010 kilosort.clustering_qr DEBUG    CPU usage:    28.10 %
2026-05-19 00:32:25,010 kilosort.clustering_qr DEBUG    Mem used:     85.00 %     |      13.30 GB
2026-05-19 00:32:25,010 kilosort.clustering_qr DEBUG    Mem avail:     2.35 / 15.65 GB
2026-05-19 00:32:25,010 kilosort.clustering_qr DEBUG    ------------------------------------------------------
2026-05-19 00:32:25,010 kilosort.clustering_qr DEBUG    GPU usage:    `conda install pynvml` for GPU usage
2026-05-19 00:32:25,010 kilosort.clustering_qr DEBUG    GPU memory:   100.00 %     |      4.00   /     4.00 GB
2026-05-19 00:32:25,011 kilosort.clustering_qr DEBUG    Allocated:     0.44 %     |      0.02   /     4.00 GB
2026-05-19 00:32:25,011 kilosort.clustering_qr DEBUG    Max alloc:     0.72 %     |      0.03   /     4.00 GB
2026-05-19 00:32:25,011 kilosort.clustering_qr DEBUG    ********************************************************
2026-05-19 00:32:25,073 kilosort.clustering_qr DEBUG    Center 89 | Xd shape: torch.Size([1665, 90]) | ntemp: 16
2026-05-19 00:32:26,446 kilosort.clustering_qr DEBUG    Center 90 | Xd shape: torch.Size([1627, 90]) | ntemp: 16
2026-05-19 00:32:27,957 kilosort.clustering_qr DEBUG    Center 91 | Xd shape: torch.Size([1863, 90]) | ntemp: 16
2026-05-19 00:32:29,288 kilosort.clustering_qr DEBUG    Center 92 | Xd shape: torch.Size([1708, 90]) | ntemp: 16
2026-05-19 00:32:30,695 kilosort.clustering_qr DEBUG    Center 93 | Xd shape: torch.Size([1897, 90]) | ntemp: 16
2026-05-19 00:32:32,063 kilosort.clustering_qr DEBUG    Center 94 | Xd shape: torch.Size([1726, 78]) | ntemp: 16
2026-05-19 00:32:33,652 kilosort.clustering_qr DEBUG    Center 95 | Xd shape: torch.Size([1549, 60]) | ntemp: 12
2026-05-19 00:32:36,107 kilosort.run_kilosort INFO     290 clusters found, in 130.00s; total 735.32s
2026-05-19 00:32:36,109 kilosort.run_kilosort DEBUG    clu shape: (185232,)
2026-05-19 00:32:36,109 kilosort.run_kilosort DEBUG    Wall shape: torch.Size([290, 383, 6])
2026-05-19 00:32:36,111 kilosort.run_kilosort INFO      
2026-05-19 00:32:36,113 kilosort.run_kilosort INFO     Resource usage after first clustering
2026-05-19 00:32:36,115 kilosort.run_kilosort INFO     ********************************************************
2026-05-19 00:32:36,117 kilosort.run_kilosort INFO     CPU usage:     0.00 %
2026-05-19 00:32:36,118 kilosort.run_kilosort INFO     Mem used:     85.30 %     |      13.35 GB
2026-05-19 00:32:36,119 kilosort.run_kilosort INFO     Mem avail:     2.29 / 15.65 GB
2026-05-19 00:32:36,121 kilosort.run_kilosort INFO     ------------------------------------------------------
2026-05-19 00:32:36,121 kilosort.run_kilosort INFO     GPU usage:    `conda install pynvml` for GPU usage
2026-05-19 00:32:36,123 kilosort.run_kilosort INFO     GPU memory:   100.00 %     |      4.00   /     4.00 GB
2026-05-19 00:32:36,125 kilosort.run_kilosort INFO     Allocated:     0.50 %     |      0.02   /     4.00 GB
2026-05-19 00:32:36,126 kilosort.run_kilosort INFO     Max alloc:     8.67 %     |      0.35   /     4.00 GB
2026-05-19 00:32:36,129 kilosort.run_kilosort INFO     ********************************************************
2026-05-19 00:32:36,132 kilosort.run_kilosort DEBUG    
2026-05-19 00:32:36,132 kilosort.run_kilosort DEBUG    --------------------
2026-05-19 00:32:36,132 kilosort.run_kilosort DEBUG    Process thread count: N/A (linux only)
2026-05-19 00:32:36,132 kilosort.run_kilosort DEBUG    num torch threads: 8
2026-05-19 00:32:36,132 kilosort.run_kilosort DEBUG    --------------------

2026-05-19 00:32:36,132 kilosort.run_kilosort INFO      
2026-05-19 00:32:36,133 kilosort.run_kilosort INFO     Extracting spikes using cluster waveforms
2026-05-19 00:32:36,134 kilosort.run_kilosort INFO     ----------------------------------------
2026-05-19 00:32:36,248 kilosort.template_matching DEBUG     
2026-05-19 00:32:36,249 kilosort.template_matching DEBUG    Batch 0
2026-05-19 00:32:36,249 kilosort.template_matching DEBUG    ********************************************************
2026-05-19 00:32:36,250 kilosort.template_matching DEBUG    CPU usage:    35.90 %
2026-05-19 00:32:36,250 kilosort.template_matching DEBUG    Mem used:     86.50 %     |      13.54 GB
2026-05-19 00:32:36,250 kilosort.template_matching DEBUG    Mem avail:     2.11 / 15.65 GB
2026-05-19 00:32:36,250 kilosort.template_matching DEBUG    ------------------------------------------------------
2026-05-19 00:32:36,250 kilosort.template_matching DEBUG    GPU usage:    `conda install pynvml` for GPU usage
2026-05-19 00:32:36,250 kilosort.template_matching DEBUG    GPU memory:   100.00 %     |      4.00   /     4.00 GB
2026-05-19 00:32:36,250 kilosort.template_matching DEBUG    Allocated:     1.33 %     |      0.05   /     4.00 GB
2026-05-19 00:32:36,250 kilosort.template_matching DEBUG    Max alloc:     1.82 %     |      0.07   /     4.00 GB
2026-05-19 00:32:36,250 kilosort.template_matching DEBUG    ********************************************************
2026-05-19 00:33:02,524 kilosort.template_matching DEBUG     
2026-05-19 00:33:02,525 kilosort.template_matching DEBUG    Batch 22
2026-05-19 00:33:02,525 kilosort.template_matching DEBUG    ********************************************************
2026-05-19 00:33:02,525 kilosort.template_matching DEBUG    CPU usage:    24.40 %
2026-05-19 00:33:02,525 kilosort.template_matching DEBUG    Mem used:     86.00 %     |      13.46 GB
2026-05-19 00:33:02,525 kilosort.template_matching DEBUG    Mem avail:     2.19 / 15.65 GB
2026-05-19 00:33:02,525 kilosort.template_matching DEBUG    ------------------------------------------------------
2026-05-19 00:33:02,525 kilosort.template_matching DEBUG    GPU usage:    `conda install pynvml` for GPU usage
2026-05-19 00:33:02,525 kilosort.template_matching DEBUG    GPU memory:   100.00 %     |      4.00   /     4.00 GB
2026-05-19 00:33:02,525 kilosort.template_matching DEBUG    Allocated:     5.68 %     |      0.23   /     4.00 GB
2026-05-19 00:33:02,526 kilosort.template_matching DEBUG    Max alloc:    35.99 %     |      1.44   /     4.00 GB
2026-05-19 00:33:02,526 kilosort.template_matching DEBUG    ********************************************************
2026-05-19 00:33:02,577 kilosort.run_kilosort DEBUG    
2026-05-19 00:33:02,577 kilosort.run_kilosort DEBUG    --------------------
2026-05-19 00:33:02,577 kilosort.run_kilosort DEBUG    Process thread count: N/A (linux only)
2026-05-19 00:33:02,577 kilosort.run_kilosort DEBUG    num torch threads: 8
2026-05-19 00:33:02,577 kilosort.run_kilosort DEBUG    --------------------

2026-05-19 00:33:02,579 kilosort.run_kilosort INFO     203869 spikes extracted in 26.44s; total 761.80s
2026-05-19 00:33:02,580 kilosort.run_kilosort DEBUG    st shape: (203869, 3)
2026-05-19 00:33:02,580 kilosort.run_kilosort DEBUG    tF shape: torch.Size([203869, 10, 6])
2026-05-19 00:33:02,581 kilosort.run_kilosort DEBUG    iCC shape: torch.Size([10, 383])
2026-05-19 00:33:02,581 kilosort.run_kilosort DEBUG    iU shape: torch.Size([270])
2026-05-19 00:33:02,581 kilosort.run_kilosort DEBUG    

|===========================================================================|
|                  PyTorch CUDA memory summary, device ID 0                 |
|---------------------------------------------------------------------------|
|            CUDA OOMs: 0            |        cudaMalloc retries: 0         |
|===========================================================================|
|        Metric         | Cur Usage  | Peak Usage | Tot Alloc  | Tot Freed  |
|---------------------------------------------------------------------------|
| Allocated memory      |  20889 KiB |   1474 MiB |   4618 GiB |   4618 GiB |
|---------------------------------------------------------------------------|
| Active memory         |  20889 KiB |   1474 MiB |   4618 GiB |   4618 GiB |
|---------------------------------------------------------------------------|
| Requested memory      |  20878 KiB |   1473 MiB |   4615 GiB |   4615 GiB |
|---------------------------------------------------------------------------|
| GPU reserved memory   |   5238 MiB |   5238 MiB |   5238 MiB |      0 B   |
|---------------------------------------------------------------------------|
| Non-releasable memory |   9831 KiB | 538290 KiB |   2641 GiB |   2641 GiB |
|---------------------------------------------------------------------------|
| Allocations           |      39    |      71    |    1276 K  |    1276 K  |
|---------------------------------------------------------------------------|
| Active allocs         |      39    |      71    |    1276 K  |    1276 K  |
|---------------------------------------------------------------------------|
| GPU reserved segments |      20    |      20    |      20    |       0    |
|---------------------------------------------------------------------------|
| Non-releasable allocs |       9    |      21    |  569561    |  569552    |
|---------------------------------------------------------------------------|
| Oversize allocations  |       0    |       0    |       0    |       0    |
|---------------------------------------------------------------------------|
| Oversize GPU segments |       0    |       0    |       0    |       0    |
|===========================================================================|


2026-05-19 00:33:02,583 kilosort.run_kilosort INFO      
2026-05-19 00:33:02,584 kilosort.run_kilosort INFO     Resource usage after spike detect (learned)
2026-05-19 00:33:02,586 kilosort.run_kilosort INFO     ********************************************************
2026-05-19 00:33:02,588 kilosort.run_kilosort INFO     CPU usage:     0.00 %
2026-05-19 00:33:02,588 kilosort.run_kilosort INFO     Mem used:     86.10 %     |      13.47 GB
2026-05-19 00:33:02,590 kilosort.run_kilosort INFO     Mem avail:     2.18 / 15.65 GB
2026-05-19 00:33:02,591 kilosort.run_kilosort INFO     ------------------------------------------------------
2026-05-19 00:33:02,594 kilosort.run_kilosort INFO     GPU usage:    `conda install pynvml` for GPU usage
2026-05-19 00:33:02,596 kilosort.run_kilosort INFO     GPU memory:   100.00 %     |      4.00   /     4.00 GB
2026-05-19 00:33:02,597 kilosort.run_kilosort INFO     Allocated:     0.50 %     |      0.02   /     4.00 GB
2026-05-19 00:33:02,598 kilosort.run_kilosort INFO     Max alloc:    35.99 %     |      1.44   /     4.00 GB
2026-05-19 00:33:02,599 kilosort.run_kilosort INFO     ********************************************************
2026-05-19 00:33:02,601 kilosort.run_kilosort DEBUG    
2026-05-19 00:33:02,602 kilosort.run_kilosort DEBUG    --------------------
2026-05-19 00:33:02,602 kilosort.run_kilosort DEBUG    Process thread count: N/A (linux only)
2026-05-19 00:33:02,602 kilosort.run_kilosort DEBUG    num torch threads: 8
2026-05-19 00:33:02,602 kilosort.run_kilosort DEBUG    --------------------

2026-05-19 00:33:02,602 kilosort.run_kilosort INFO     Generating diagnostic plots ...
2026-05-19 00:33:05,971 kilosort.run_kilosort INFO      
2026-05-19 00:33:05,973 kilosort.run_kilosort INFO     Final clustering
2026-05-19 00:33:05,975 kilosort.run_kilosort INFO     ----------------------------------------
2026-05-19 00:33:06,004 kilosort.clustering_qr DEBUG    Center 0 | Xd shape: torch.Size([3309, 60]) | ntemp: 2
2026-05-19 00:33:07,625 kilosort.clustering_qr DEBUG    Center 1 | Xd shape: torch.Size([3256, 60]) | ntemp: 3
2026-05-19 00:33:21,529 kilosort.clustering_qr DEBUG    Center 2 | Xd shape: torch.Size([2193, 72]) | ntemp: 2
2026-05-19 00:33:23,071 kilosort.clustering_qr DEBUG    Center 3 | Xd shape: torch.Size([1973, 72]) | ntemp: 3
2026-05-19 00:33:24,201 kilosort.clustering_qr DEBUG    Center 4 | Xd shape: torch.Size([4379, 72]) | ntemp: 5
2026-05-19 00:33:25,637 kilosort.clustering_qr DEBUG    Center 5 | Xd shape: torch.Size([2360, 72]) | ntemp: 2
2026-05-19 00:33:26,939 kilosort.clustering_qr DEBUG    Center 6 | Xd shape: torch.Size([2567, 60]) | ntemp: 2
2026-05-19 00:33:28,240 kilosort.clustering_qr DEBUG    Center 7 | Xd shape: torch.Size([4614, 72]) | ntemp: 4
2026-05-19 00:33:29,578 kilosort.clustering_qr DEBUG    Center 8 | Xd shape: torch.Size([2126, 72]) | ntemp: 3
2026-05-19 00:33:30,615 kilosort.clustering_qr DEBUG     
2026-05-19 00:33:30,615 kilosort.clustering_qr DEBUG    Cluster center: 9 (10/96)
2026-05-19 00:33:30,615 kilosort.clustering_qr DEBUG    ********************************************************
2026-05-19 00:33:30,616 kilosort.clustering_qr DEBUG    CPU usage:    28.00 %
2026-05-19 00:33:30,616 kilosort.clustering_qr DEBUG    Mem used:     86.80 %     |      13.58 GB
2026-05-19 00:33:30,616 kilosort.clustering_qr DEBUG    Mem avail:     2.07 / 15.65 GB
2026-05-19 00:33:30,616 kilosort.clustering_qr DEBUG    ------------------------------------------------------
2026-05-19 00:33:30,616 kilosort.clustering_qr DEBUG    GPU usage:    `conda install pynvml` for GPU usage
2026-05-19 00:33:30,616 kilosort.clustering_qr DEBUG    GPU memory:   100.00 %     |      4.00   /     4.00 GB
2026-05-19 00:33:30,617 kilosort.clustering_qr DEBUG    Allocated:     0.44 %     |      0.02   /     4.00 GB
2026-05-19 00:33:30,617 kilosort.clustering_qr DEBUG    Max alloc:     0.75 %     |      0.03   /     4.00 GB
2026-05-19 00:33:30,617 kilosort.clustering_qr DEBUG    ********************************************************
2026-05-19 00:33:30,626 kilosort.clustering_qr DEBUG    Center 9 | Xd shape: torch.Size([2120, 72]) | ntemp: 3
2026-05-19 00:33:31,976 kilosort.clustering_qr DEBUG    Center 10 | Xd shape: torch.Size([3320, 72]) | ntemp: 5
2026-05-19 00:33:33,306 kilosort.clustering_qr DEBUG    Center 11 | Xd shape: torch.Size([4305, 72]) | ntemp: 5
2026-05-19 00:33:34,782 kilosort.clustering_qr DEBUG    Center 12 | Xd shape: torch.Size([3539, 72]) | ntemp: 6
2026-05-19 00:33:36,235 kilosort.clustering_qr DEBUG    Center 13 | Xd shape: torch.Size([1863, 72]) | ntemp: 3
2026-05-19 00:33:37,617 kilosort.clustering_qr DEBUG    Center 14 | Xd shape: torch.Size([2718, 72]) | ntemp: 6
2026-05-19 00:33:38,891 kilosort.clustering_qr DEBUG    Center 15 | Xd shape: torch.Size([3402, 72]) | ntemp: 5
2026-05-19 00:33:40,088 kilosort.clustering_qr DEBUG    Center 16 | Xd shape: torch.Size([2316, 72]) | ntemp: 5
2026-05-19 00:33:41,485 kilosort.clustering_qr DEBUG    Center 17 | Xd shape: torch.Size([688, 60]) | ntemp: 1
2026-05-19 00:33:41,498 kilosort.clustering_qr DEBUG    Center 18 | Xd shape: torch.Size([2744, 72]) | ntemp: 4
2026-05-19 00:33:42,582 kilosort.clustering_qr DEBUG     
2026-05-19 00:33:42,582 kilosort.clustering_qr DEBUG    Cluster center: 19 (20/96)
2026-05-19 00:33:42,583 kilosort.clustering_qr DEBUG    ********************************************************
2026-05-19 00:33:42,583 kilosort.clustering_qr DEBUG    CPU usage:    32.00 %
2026-05-19 00:33:42,583 kilosort.clustering_qr DEBUG    Mem used:     86.90 %     |      13.60 GB
2026-05-19 00:33:42,583 kilosort.clustering_qr DEBUG    Mem avail:     2.05 / 15.65 GB
2026-05-19 00:33:42,583 kilosort.clustering_qr DEBUG    ------------------------------------------------------
2026-05-19 00:33:42,583 kilosort.clustering_qr DEBUG    GPU usage:    `conda install pynvml` for GPU usage
2026-05-19 00:33:42,583 kilosort.clustering_qr DEBUG    GPU memory:   100.00 %     |      4.00   /     4.00 GB
2026-05-19 00:33:42,583 kilosort.clustering_qr DEBUG    Allocated:     0.44 %     |      0.02   /     4.00 GB
2026-05-19 00:33:42,583 kilosort.clustering_qr DEBUG    Max alloc:     0.75 %     |      0.03   /     4.00 GB
2026-05-19 00:33:42,583 kilosort.clustering_qr DEBUG    ********************************************************
2026-05-19 00:33:42,601 kilosort.clustering_qr DEBUG    Center 19 | Xd shape: torch.Size([6066, 72]) | ntemp: 6
2026-05-19 00:33:43,785 kilosort.clustering_qr DEBUG    Center 20 | Xd shape: torch.Size([1966, 72]) | ntemp: 4
2026-05-19 00:33:45,218 kilosort.clustering_qr DEBUG    Center 21 | Xd shape: torch.Size([1769, 72]) | ntemp: 2
2026-05-19 00:33:46,667 kilosort.clustering_qr DEBUG    Center 22 | Xd shape: torch.Size([5134, 72]) | ntemp: 3
2026-05-19 00:33:47,908 kilosort.clustering_qr DEBUG    Center 23 | Xd shape: torch.Size([2666, 72]) | ntemp: 3
2026-05-19 00:33:49,328 kilosort.clustering_qr DEBUG    Center 24 | Xd shape: torch.Size([2907, 72]) | ntemp: 3
2026-05-19 00:33:50,947 kilosort.clustering_qr DEBUG    Center 25 | Xd shape: torch.Size([2207, 60]) | ntemp: 3
2026-05-19 00:33:52,523 kilosort.clustering_qr DEBUG    Center 26 | Xd shape: torch.Size([3104, 72]) | ntemp: 4
2026-05-19 00:33:54,096 kilosort.clustering_qr DEBUG    Center 27 | Xd shape: torch.Size([1130, 60]) | ntemp: 3
2026-05-19 00:33:55,674 kilosort.clustering_qr DEBUG    Center 28 | Xd shape: torch.Size([2572, 72]) | ntemp: 2
2026-05-19 00:33:57,020 kilosort.clustering_qr DEBUG     
2026-05-19 00:33:57,020 kilosort.clustering_qr DEBUG    Cluster center: 29 (30/96)
2026-05-19 00:33:57,021 kilosort.clustering_qr DEBUG    ********************************************************
2026-05-19 00:33:57,021 kilosort.clustering_qr DEBUG    CPU usage:    27.70 %
2026-05-19 00:33:57,021 kilosort.clustering_qr DEBUG    Mem used:     86.80 %     |      13.59 GB
2026-05-19 00:33:57,021 kilosort.clustering_qr DEBUG    Mem avail:     2.06 / 15.65 GB
2026-05-19 00:33:57,021 kilosort.clustering_qr DEBUG    ------------------------------------------------------
2026-05-19 00:33:57,021 kilosort.clustering_qr DEBUG    GPU usage:    `conda install pynvml` for GPU usage
2026-05-19 00:33:57,022 kilosort.clustering_qr DEBUG    GPU memory:   100.00 %     |      4.00   /     4.00 GB
2026-05-19 00:33:57,022 kilosort.clustering_qr DEBUG    Allocated:     0.44 %     |      0.02   /     4.00 GB
2026-05-19 00:33:57,022 kilosort.clustering_qr DEBUG    Max alloc:     0.87 %     |      0.03   /     4.00 GB
2026-05-19 00:33:57,023 kilosort.clustering_qr DEBUG    ********************************************************
2026-05-19 00:33:57,045 kilosort.clustering_qr DEBUG    Center 29 | Xd shape: torch.Size([2592, 60]) | ntemp: 2
2026-05-19 00:33:58,370 kilosort.clustering_qr DEBUG    Center 30 | Xd shape: torch.Size([2768, 72]) | ntemp: 5
2026-05-19 00:33:59,639 kilosort.clustering_qr DEBUG    Center 31 | Xd shape: torch.Size([2748, 72]) | ntemp: 4
2026-05-19 00:34:01,261 kilosort.clustering_qr DEBUG    Center 32 | Xd shape: torch.Size([3950, 72]) | ntemp: 4
2026-05-19 00:34:02,525 kilosort.clustering_qr DEBUG    Center 33 | Xd shape: torch.Size([2564, 72]) | ntemp: 4
2026-05-19 00:34:03,853 kilosort.clustering_qr DEBUG    Center 34 | Xd shape: torch.Size([2649, 72]) | ntemp: 5
2026-05-19 00:34:05,189 kilosort.clustering_qr DEBUG    Center 35 | Xd shape: torch.Size([3384, 72]) | ntemp: 4
2026-05-19 00:34:06,611 kilosort.clustering_qr DEBUG    Center 36 | Xd shape: torch.Size([2148, 60]) | ntemp: 3
2026-05-19 00:34:08,001 kilosort.clustering_qr DEBUG    Center 37 | Xd shape: torch.Size([3338, 72]) | ntemp: 5
2026-05-19 00:34:09,090 kilosort.clustering_qr DEBUG    Center 38 | Xd shape: torch.Size([1550, 60]) | ntemp: 2
2026-05-19 00:34:10,150 kilosort.clustering_qr DEBUG     
2026-05-19 00:34:10,151 kilosort.clustering_qr DEBUG    Cluster center: 39 (40/96)
2026-05-19 00:34:10,151 kilosort.clustering_qr DEBUG    ********************************************************
2026-05-19 00:34:10,151 kilosort.clustering_qr DEBUG    CPU usage:    27.20 %
2026-05-19 00:34:10,151 kilosort.clustering_qr DEBUG    Mem used:     86.80 %     |      13.59 GB
2026-05-19 00:34:10,151 kilosort.clustering_qr DEBUG    Mem avail:     2.06 / 15.65 GB
2026-05-19 00:34:10,152 kilosort.clustering_qr DEBUG    ------------------------------------------------------
2026-05-19 00:34:10,152 kilosort.clustering_qr DEBUG    GPU usage:    `conda install pynvml` for GPU usage
2026-05-19 00:34:10,152 kilosort.clustering_qr DEBUG    GPU memory:   100.00 %     |      4.00   /     4.00 GB
2026-05-19 00:34:10,152 kilosort.clustering_qr DEBUG    Allocated:     0.44 %     |      0.02   /     4.00 GB
2026-05-19 00:34:10,152 kilosort.clustering_qr DEBUG    Max alloc:     0.87 %     |      0.03   /     4.00 GB
2026-05-19 00:34:10,152 kilosort.clustering_qr DEBUG    ********************************************************
2026-05-19 00:34:10,167 kilosort.clustering_qr DEBUG    Center 39 | Xd shape: torch.Size([3273, 72]) | ntemp: 5
2026-05-19 00:34:11,291 kilosort.clustering_qr DEBUG    Center 40 | Xd shape: torch.Size([2025, 60]) | ntemp: 2
2026-05-19 00:34:12,340 kilosort.clustering_qr DEBUG    Center 41 | Xd shape: torch.Size([1125, 72]) | ntemp: 2
2026-05-19 00:34:13,398 kilosort.clustering_qr DEBUG    Center 42 | Xd shape: torch.Size([2731, 72]) | ntemp: 3
2026-05-19 00:34:14,785 kilosort.clustering_qr DEBUG    Center 43 | Xd shape: torch.Size([403, 60]) | ntemp: 1
2026-05-19 00:34:14,799 kilosort.clustering_qr DEBUG    Center 44 | Xd shape: torch.Size([1769, 72]) | ntemp: 4
2026-05-19 00:34:16,355 kilosort.clustering_qr DEBUG    Center 45 | Xd shape: torch.Size([767, 60]) | ntemp: 2
2026-05-19 00:34:16,364 kilosort.clustering_qr DEBUG    Center 46 | Xd shape: torch.Size([240, 60]) | ntemp: 1
2026-05-19 00:34:16,374 kilosort.clustering_qr DEBUG    Center 47 | Xd shape: torch.Size([1265, 60]) | ntemp: 1
2026-05-19 00:34:17,842 kilosort.clustering_qr DEBUG    Center 48 | Xd shape: torch.Size([1390, 66]) | ntemp: 2
2026-05-19 00:34:19,521 kilosort.clustering_qr DEBUG     
2026-05-19 00:34:19,521 kilosort.clustering_qr DEBUG    Cluster center: 49 (50/96)
2026-05-19 00:34:19,521 kilosort.clustering_qr DEBUG    ********************************************************
2026-05-19 00:34:19,521 kilosort.clustering_qr DEBUG    CPU usage:    28.00 %
2026-05-19 00:34:19,521 kilosort.clustering_qr DEBUG    Mem used:     86.70 %     |      13.58 GB
2026-05-19 00:34:19,521 kilosort.clustering_qr DEBUG    Mem avail:     2.07 / 15.65 GB
2026-05-19 00:34:19,521 kilosort.clustering_qr DEBUG    ------------------------------------------------------
2026-05-19 00:34:19,521 kilosort.clustering_qr DEBUG    GPU usage:    `conda install pynvml` for GPU usage
2026-05-19 00:34:19,521 kilosort.clustering_qr DEBUG    GPU memory:   100.00 %     |      4.00   /     4.00 GB
2026-05-19 00:34:19,522 kilosort.clustering_qr DEBUG    Allocated:     0.44 %     |      0.02   /     4.00 GB
2026-05-19 00:34:19,522 kilosort.clustering_qr DEBUG    Max alloc:     0.87 %     |      0.03   /     4.00 GB
2026-05-19 00:34:19,522 kilosort.clustering_qr DEBUG    ********************************************************
2026-05-19 00:34:19,527 kilosort.clustering_qr DEBUG    Center 49 | Xd shape: torch.Size([85, 60]) | ntemp: 1
2026-05-19 00:34:19,539 kilosort.clustering_qr DEBUG    Center 50 | Xd shape: torch.Size([1406, 60]) | ntemp: 1
2026-05-19 00:34:20,946 kilosort.clustering_qr DEBUG    Center 51 | Xd shape: torch.Size([473, 60]) | ntemp: 1
2026-05-19 00:34:20,962 kilosort.clustering_qr DEBUG    Center 52 | Xd shape: torch.Size([2453, 60]) | ntemp: 3
2026-05-19 00:34:22,367 kilosort.clustering_qr DEBUG    Center 53 | Xd shape: torch.Size([127, 60]) | ntemp: 1
2026-05-19 00:34:22,374 kilosort.clustering_qr DEBUG    Center 54 | Xd shape: torch.Size([983, 60]) | ntemp: 2
2026-05-19 00:34:22,380 kilosort.clustering_qr DEBUG    Center 55 | Xd shape: torch.Size([151, 60]) | ntemp: 1
2026-05-19 00:34:22,387 kilosort.clustering_qr DEBUG    Center 56 | Xd shape: torch.Size([568, 60]) | ntemp: 1
2026-05-19 00:34:22,395 kilosort.clustering_qr DEBUG    Center 57 | Xd shape: torch.Size([436, 60]) | ntemp: 2
2026-05-19 00:34:22,401 kilosort.clustering_qr DEBUG    Center 58 | Xd shape: torch.Size([1266, 60]) | ntemp: 1
2026-05-19 00:34:23,642 kilosort.clustering_qr DEBUG     
2026-05-19 00:34:23,642 kilosort.clustering_qr DEBUG    Cluster center: 59 (60/96)
2026-05-19 00:34:23,642 kilosort.clustering_qr DEBUG    ********************************************************
2026-05-19 00:34:23,642 kilosort.clustering_qr DEBUG    CPU usage:    30.10 %
2026-05-19 00:34:23,642 kilosort.clustering_qr DEBUG    Mem used:     86.90 %     |      13.60 GB
2026-05-19 00:34:23,642 kilosort.clustering_qr DEBUG    Mem avail:     2.05 / 15.65 GB
2026-05-19 00:34:23,642 kilosort.clustering_qr DEBUG    ------------------------------------------------------
2026-05-19 00:34:23,642 kilosort.clustering_qr DEBUG    GPU usage:    `conda install pynvml` for GPU usage
2026-05-19 00:34:23,642 kilosort.clustering_qr DEBUG    GPU memory:   100.00 %     |      4.00   /     4.00 GB
2026-05-19 00:34:23,642 kilosort.clustering_qr DEBUG    Allocated:     0.44 %     |      0.02   /     4.00 GB
2026-05-19 00:34:23,642 kilosort.clustering_qr DEBUG    Max alloc:     0.87 %     |      0.03   /     4.00 GB
2026-05-19 00:34:23,642 kilosort.clustering_qr DEBUG    ********************************************************
2026-05-19 00:34:23,651 kilosort.clustering_qr DEBUG    Center 59 | Xd shape: torch.Size([2235, 72]) | ntemp: 4
2026-05-19 00:34:24,789 kilosort.clustering_qr DEBUG    Center 60 | Xd shape: torch.Size([1893, 60]) | ntemp: 2
2026-05-19 00:34:25,868 kilosort.clustering_qr DEBUG    Center 61 | Xd shape: torch.Size([1114, 60]) | ntemp: 2
2026-05-19 00:34:27,051 kilosort.clustering_qr DEBUG    Center 62 | Xd shape: torch.Size([2221, 60]) | ntemp: 2
2026-05-19 00:34:28,152 kilosort.clustering_qr DEBUG    Center 63 | Xd shape: torch.Size([1402, 60]) | ntemp: 1
2026-05-19 00:34:29,269 kilosort.clustering_qr DEBUG    Center 64 | Xd shape: torch.Size([2104, 72]) | ntemp: 4
2026-05-19 00:34:30,317 kilosort.clustering_qr DEBUG    Center 65 | Xd shape: torch.Size([966, 60]) | ntemp: 2
2026-05-19 00:34:30,329 kilosort.clustering_qr DEBUG    Center 66 | Xd shape: torch.Size([4814, 72]) | ntemp: 5
2026-05-19 00:34:31,513 kilosort.clustering_qr DEBUG    Center 67 | Xd shape: torch.Size([849, 60]) | ntemp: 2
2026-05-19 00:34:31,522 kilosort.clustering_qr DEBUG    Center 68 | Xd shape: torch.Size([2419, 72]) | ntemp: 4
2026-05-19 00:34:32,657 kilosort.clustering_qr DEBUG     
2026-05-19 00:34:32,657 kilosort.clustering_qr DEBUG    Cluster center: 69 (70/96)
2026-05-19 00:34:32,657 kilosort.clustering_qr DEBUG    ********************************************************
2026-05-19 00:34:32,657 kilosort.clustering_qr DEBUG    CPU usage:    35.90 %
2026-05-19 00:34:32,657 kilosort.clustering_qr DEBUG    Mem used:     87.40 %     |      13.68 GB
2026-05-19 00:34:32,658 kilosort.clustering_qr DEBUG    Mem avail:     1.97 / 15.65 GB
2026-05-19 00:34:32,658 kilosort.clustering_qr DEBUG    ------------------------------------------------------
2026-05-19 00:34:32,658 kilosort.clustering_qr DEBUG    GPU usage:    `conda install pynvml` for GPU usage
2026-05-19 00:34:32,658 kilosort.clustering_qr DEBUG    GPU memory:   100.00 %     |      4.00   /     4.00 GB
2026-05-19 00:34:32,658 kilosort.clustering_qr DEBUG    Allocated:     0.44 %     |      0.02   /     4.00 GB
2026-05-19 00:34:32,658 kilosort.clustering_qr DEBUG    Max alloc:     0.87 %     |      0.03   /     4.00 GB
2026-05-19 00:34:32,658 kilosort.clustering_qr DEBUG    ********************************************************
2026-05-19 00:34:32,662 kilosort.clustering_qr DEBUG    Center 69 | Xd shape: torch.Size([867, 60]) | ntemp: 1
2026-05-19 00:34:32,672 kilosort.clustering_qr DEBUG    Center 70 | Xd shape: torch.Size([758, 60]) | ntemp: 1
2026-05-19 00:34:32,680 kilosort.clustering_qr DEBUG    Center 71 | Xd shape: torch.Size([1045, 60]) | ntemp: 1
2026-05-19 00:34:33,757 kilosort.clustering_qr DEBUG    Center 72 | Xd shape: torch.Size([1379, 60]) | ntemp: 1
2026-05-19 00:34:34,779 kilosort.clustering_qr DEBUG    Center 73 | Xd shape: torch.Size([1219, 72]) | ntemp: 2
2026-05-19 00:34:36,003 kilosort.clustering_qr DEBUG    Center 74 | Xd shape: torch.Size([215, 60]) | ntemp: 1
2026-05-19 00:34:36,016 kilosort.clustering_qr DEBUG    Center 75 | Xd shape: torch.Size([1040, 60]) | ntemp: 1
2026-05-19 00:34:37,134 kilosort.clustering_qr DEBUG    Center 76 | Xd shape: torch.Size([282, 60]) | ntemp: 1
2026-05-19 00:34:37,146 kilosort.clustering_qr DEBUG    Center 77 | Xd shape: torch.Size([2391, 72]) | ntemp: 4
2026-05-19 00:34:38,316 kilosort.clustering_qr DEBUG    Center 78 | Xd shape: torch.Size([2562, 72]) | ntemp: 4
2026-05-19 00:34:39,424 kilosort.clustering_qr DEBUG     
2026-05-19 00:34:39,424 kilosort.clustering_qr DEBUG    Cluster center: 79 (80/96)
2026-05-19 00:34:39,424 kilosort.clustering_qr DEBUG    ********************************************************
2026-05-19 00:34:39,424 kilosort.clustering_qr DEBUG    CPU usage:    28.20 %
2026-05-19 00:34:39,424 kilosort.clustering_qr DEBUG    Mem used:     87.00 %     |      13.62 GB
2026-05-19 00:34:39,424 kilosort.clustering_qr DEBUG    Mem avail:     2.03 / 15.65 GB
2026-05-19 00:34:39,424 kilosort.clustering_qr DEBUG    ------------------------------------------------------
2026-05-19 00:34:39,425 kilosort.clustering_qr DEBUG    GPU usage:    `conda install pynvml` for GPU usage
2026-05-19 00:34:39,425 kilosort.clustering_qr DEBUG    GPU memory:   100.00 %     |      4.00   /     4.00 GB
2026-05-19 00:34:39,425 kilosort.clustering_qr DEBUG    Allocated:     0.44 %     |      0.02   /     4.00 GB
2026-05-19 00:34:39,425 kilosort.clustering_qr DEBUG    Max alloc:     0.87 %     |      0.03   /     4.00 GB
2026-05-19 00:34:39,425 kilosort.clustering_qr DEBUG    ********************************************************
2026-05-19 00:34:39,431 kilosort.clustering_qr DEBUG    Center 79 | Xd shape: torch.Size([2153, 60]) | ntemp: 3
2026-05-19 00:34:40,465 kilosort.clustering_qr DEBUG    Center 80 | Xd shape: torch.Size([4914, 72]) | ntemp: 4
2026-05-19 00:34:41,687 kilosort.clustering_qr DEBUG    Center 81 | Xd shape: torch.Size([1802, 60]) | ntemp: 1
2026-05-19 00:34:42,763 kilosort.clustering_qr DEBUG    Center 82 | Xd shape: torch.Size([5440, 72]) | ntemp: 7
2026-05-19 00:34:43,891 kilosort.clustering_qr DEBUG    Center 83 | Xd shape: torch.Size([1598, 72]) | ntemp: 2
2026-05-19 00:34:45,105 kilosort.clustering_qr DEBUG    Center 84 | Xd shape: torch.Size([2657, 72]) | ntemp: 3
2026-05-19 00:34:46,345 kilosort.clustering_qr DEBUG    Center 85 | Xd shape: torch.Size([618, 60]) | ntemp: 1
2026-05-19 00:34:46,358 kilosort.clustering_qr DEBUG    Center 86 | Xd shape: torch.Size([2490, 72]) | ntemp: 4
2026-05-19 00:34:47,625 kilosort.clustering_qr DEBUG    Center 87 | Xd shape: torch.Size([2830, 72]) | ntemp: 4
2026-05-19 00:34:48,827 kilosort.clustering_qr DEBUG    Center 88 | Xd shape: torch.Size([2574, 72]) | ntemp: 3
2026-05-19 00:34:49,997 kilosort.clustering_qr DEBUG     
2026-05-19 00:34:49,997 kilosort.clustering_qr DEBUG    Cluster center: 89 (90/96)
2026-05-19 00:34:49,997 kilosort.clustering_qr DEBUG    ********************************************************
2026-05-19 00:34:49,997 kilosort.clustering_qr DEBUG    CPU usage:    32.70 %
2026-05-19 00:34:49,997 kilosort.clustering_qr DEBUG    Mem used:     87.10 %     |      13.63 GB
2026-05-19 00:34:49,997 kilosort.clustering_qr DEBUG    Mem avail:     2.02 / 15.65 GB
2026-05-19 00:34:49,997 kilosort.clustering_qr DEBUG    ------------------------------------------------------
2026-05-19 00:34:49,997 kilosort.clustering_qr DEBUG    GPU usage:    `conda install pynvml` for GPU usage
2026-05-19 00:34:49,997 kilosort.clustering_qr DEBUG    GPU memory:   100.00 %     |      4.00   /     4.00 GB
2026-05-19 00:34:49,997 kilosort.clustering_qr DEBUG    Allocated:     0.44 %     |      0.02   /     4.00 GB
2026-05-19 00:34:49,997 kilosort.clustering_qr DEBUG    Max alloc:     0.87 %     |      0.03   /     4.00 GB
2026-05-19 00:34:49,997 kilosort.clustering_qr DEBUG    ********************************************************
2026-05-19 00:34:50,006 kilosort.clustering_qr DEBUG    Center 89 | Xd shape: torch.Size([1863, 72]) | ntemp: 5
2026-05-19 00:34:51,225 kilosort.clustering_qr DEBUG    Center 90 | Xd shape: torch.Size([1773, 60]) | ntemp: 3
2026-05-19 00:34:52,516 kilosort.clustering_qr DEBUG    Center 91 | Xd shape: torch.Size([2004, 60]) | ntemp: 2
2026-05-19 00:34:53,701 kilosort.clustering_qr DEBUG    Center 92 | Xd shape: torch.Size([1023, 60]) | ntemp: 2
2026-05-19 00:34:54,883 kilosort.clustering_qr DEBUG    Center 93 | Xd shape: torch.Size([1214, 60]) | ntemp: 1
2026-05-19 00:34:56,073 kilosort.clustering_qr DEBUG    Center 94 | Xd shape: torch.Size([1133, 60]) | ntemp: 1
2026-05-19 00:34:57,263 kilosort.clustering_qr DEBUG    Center 95 | Xd shape: torch.Size([2068, 60]) | ntemp: 2
2026-05-19 00:34:58,517 kilosort.run_kilosort INFO     299 clusters found, in 112.55s; total 877.73s
2026-05-19 00:34:58,518 kilosort.run_kilosort DEBUG    clu shape: (203869,)
2026-05-19 00:34:58,518 kilosort.run_kilosort DEBUG    Wall shape: torch.Size([299, 383, 6])
2026-05-19 00:34:58,519 kilosort.run_kilosort DEBUG    
2026-05-19 00:34:58,519 kilosort.run_kilosort DEBUG    --------------------
2026-05-19 00:34:58,519 kilosort.run_kilosort DEBUG    Process thread count: N/A (linux only)
2026-05-19 00:34:58,519 kilosort.run_kilosort DEBUG    num torch threads: 8
2026-05-19 00:34:58,519 kilosort.run_kilosort DEBUG    --------------------

2026-05-19 00:34:58,520 kilosort.run_kilosort INFO      
2026-05-19 00:34:58,521 kilosort.run_kilosort INFO     Merging clusters
2026-05-19 00:34:58,522 kilosort.run_kilosort INFO     ----------------------------------------
2026-05-19 00:34:59,583 kilosort.run_kilosort INFO     291 units found, in 1.06s; total 878.80s
2026-05-19 00:34:59,585 kilosort.run_kilosort DEBUG    clu shape: (203869,)
2026-05-19 00:34:59,585 kilosort.run_kilosort DEBUG    Wall shape: torch.Size([291, 383, 6])
2026-05-19 00:34:59,586 kilosort.run_kilosort DEBUG    

|===========================================================================|
|                  PyTorch CUDA memory summary, device ID 0                 |
|---------------------------------------------------------------------------|
|            CUDA OOMs: 0            |        cudaMalloc retries: 0         |
|===========================================================================|
|        Metric         | Cur Usage  | Peak Usage | Tot Alloc  | Tot Freed  |
|---------------------------------------------------------------------------|
| Allocated memory      |  18465 KiB |  36644 KiB |   4844 GiB |   4844 GiB |
|---------------------------------------------------------------------------|
| Active memory         |  18465 KiB |  36644 KiB |   4844 GiB |   4844 GiB |
|---------------------------------------------------------------------------|
| Requested memory      |  18455 KiB |  35703 KiB |   4839 GiB |   4838 GiB |
|---------------------------------------------------------------------------|
| GPU reserved memory   |   5238 MiB |   5238 MiB |   5238 MiB |      0 B   |
|---------------------------------------------------------------------------|
| Non-releasable memory |  12255 KiB |  99492 KiB |   3289 GiB |   3289 GiB |
|---------------------------------------------------------------------------|
| Allocations           |      38    |      63    |    2254 K  |    2254 K  |
|---------------------------------------------------------------------------|
| Active allocs         |      38    |      63    |    2254 K  |    2254 K  |
|---------------------------------------------------------------------------|
| GPU reserved segments |      20    |      20    |      20    |       0    |
|---------------------------------------------------------------------------|
| Non-releasable allocs |       8    |      15    |     979 K  |     979 K  |
|---------------------------------------------------------------------------|
| Oversize allocations  |       0    |       0    |       0    |       0    |
|---------------------------------------------------------------------------|
| Oversize GPU segments |       0    |       0    |       0    |       0    |
|===========================================================================|


2026-05-19 00:34:59,589 kilosort.run_kilosort INFO      
2026-05-19 00:34:59,590 kilosort.run_kilosort INFO     Resource usage after clustering
2026-05-19 00:34:59,591 kilosort.run_kilosort INFO     ********************************************************
2026-05-19 00:34:59,593 kilosort.run_kilosort INFO     CPU usage:     0.00 %
2026-05-19 00:34:59,594 kilosort.run_kilosort INFO     Mem used:     87.20 %     |      13.65 GB
2026-05-19 00:34:59,595 kilosort.run_kilosort INFO     Mem avail:     2.00 / 15.65 GB
2026-05-19 00:34:59,597 kilosort.run_kilosort INFO     ------------------------------------------------------
2026-05-19 00:34:59,598 kilosort.run_kilosort INFO     GPU usage:    `conda install pynvml` for GPU usage
2026-05-19 00:34:59,600 kilosort.run_kilosort INFO     GPU memory:   100.00 %     |      4.00   /     4.00 GB
2026-05-19 00:34:59,600 kilosort.run_kilosort INFO     Allocated:     0.44 %     |      0.02   /     4.00 GB
2026-05-19 00:34:59,602 kilosort.run_kilosort INFO     Max alloc:     0.87 %     |      0.03   /     4.00 GB
2026-05-19 00:34:59,605 kilosort.run_kilosort INFO     ********************************************************
2026-05-19 00:34:59,607 kilosort.run_kilosort DEBUG    
2026-05-19 00:34:59,607 kilosort.run_kilosort DEBUG    --------------------
2026-05-19 00:34:59,607 kilosort.run_kilosort DEBUG    Process thread count: N/A (linux only)
2026-05-19 00:34:59,607 kilosort.run_kilosort DEBUG    num torch threads: 8
2026-05-19 00:34:59,607 kilosort.run_kilosort DEBUG    --------------------

2026-05-19 00:34:59,607 kilosort.run_kilosort INFO      
2026-05-19 00:34:59,610 kilosort.run_kilosort INFO     Saving to phy and computing refractory periods
2026-05-19 00:34:59,612 kilosort.run_kilosort INFO     ----------------------------------------
2026-05-19 00:34:59,643 kilosort.io  DEBUG     
2026-05-19 00:34:59,643 kilosort.io  DEBUG    save_to_phy, whitening
2026-05-19 00:34:59,643 kilosort.io  DEBUG    ********************************************************
2026-05-19 00:34:59,643 kilosort.io  DEBUG    CPU usage:    41.20 %
2026-05-19 00:34:59,643 kilosort.io  DEBUG    Mem used:     87.20 %     |      13.65 GB
2026-05-19 00:34:59,643 kilosort.io  DEBUG    Mem avail:     2.00 / 15.65 GB
2026-05-19 00:34:59,644 kilosort.io  DEBUG    ------------------------------------------------------
2026-05-19 00:34:59,644 kilosort.io  DEBUG    GPU usage:    `conda install pynvml` for GPU usage
2026-05-19 00:34:59,644 kilosort.io  DEBUG    GPU memory:   100.00 %     |      4.00   /     4.00 GB
2026-05-19 00:34:59,644 kilosort.io  DEBUG    Allocated:     0.45 %     |      0.02   /     4.00 GB
2026-05-19 00:34:59,644 kilosort.io  DEBUG    Max alloc:     0.50 %     |      0.02   /     4.00 GB
2026-05-19 00:34:59,644 kilosort.io  DEBUG    ********************************************************
2026-05-19 00:34:59,764 kilosort.io  DEBUG     
2026-05-19 00:34:59,764 kilosort.io  DEBUG    save_to_phy, spike positions
2026-05-19 00:34:59,764 kilosort.io  DEBUG    ********************************************************
2026-05-19 00:34:59,764 kilosort.io  DEBUG    CPU usage:    48.50 %
2026-05-19 00:34:59,764 kilosort.io  DEBUG    Mem used:     87.60 %     |      13.71 GB
2026-05-19 00:34:59,764 kilosort.io  DEBUG    Mem avail:     1.94 / 15.65 GB
2026-05-19 00:34:59,765 kilosort.io  DEBUG    ------------------------------------------------------
2026-05-19 00:34:59,765 kilosort.io  DEBUG    GPU usage:    `conda install pynvml` for GPU usage
2026-05-19 00:34:59,765 kilosort.io  DEBUG    GPU memory:   100.00 %     |      4.00   /     4.00 GB
2026-05-19 00:34:59,765 kilosort.io  DEBUG    Allocated:     0.45 %     |      0.02   /     4.00 GB
2026-05-19 00:34:59,765 kilosort.io  DEBUG    Max alloc:     0.45 %     |      0.02   /     4.00 GB
2026-05-19 00:34:59,765 kilosort.io  DEBUG    ********************************************************
2026-05-19 00:34:59,818 kilosort.io  DEBUG     
2026-05-19 00:34:59,818 kilosort.io  DEBUG    save_to_phy, remove duplicates
2026-05-19 00:34:59,818 kilosort.io  DEBUG    ********************************************************
2026-05-19 00:34:59,818 kilosort.io  DEBUG    CPU usage:    39.40 %
2026-05-19 00:34:59,818 kilosort.io  DEBUG    Mem used:     87.60 %     |      13.71 GB
2026-05-19 00:34:59,819 kilosort.io  DEBUG    Mem avail:     1.94 / 15.65 GB
2026-05-19 00:34:59,819 kilosort.io  DEBUG    ------------------------------------------------------
2026-05-19 00:34:59,819 kilosort.io  DEBUG    GPU usage:    `conda install pynvml` for GPU usage
2026-05-19 00:34:59,819 kilosort.io  DEBUG    GPU memory:   100.00 %     |      4.00   /     4.00 GB
2026-05-19 00:34:59,819 kilosort.io  DEBUG    Allocated:     0.45 %     |      0.02   /     4.00 GB
2026-05-19 00:34:59,819 kilosort.io  DEBUG    Max alloc:     0.45 %     |      0.02   /     4.00 GB
2026-05-19 00:34:59,819 kilosort.io  DEBUG    ********************************************************
2026-05-19 00:35:00,854 kilosort.io  DEBUG     
2026-05-19 00:35:00,854 kilosort.io  DEBUG    save_to_phy, template props
2026-05-19 00:35:00,854 kilosort.io  DEBUG    ********************************************************
2026-05-19 00:35:00,854 kilosort.io  DEBUG    CPU usage:    31.90 %
2026-05-19 00:35:00,854 kilosort.io  DEBUG    Mem used:     87.40 %     |      13.68 GB
2026-05-19 00:35:00,854 kilosort.io  DEBUG    Mem avail:     1.97 / 15.65 GB
2026-05-19 00:35:00,854 kilosort.io  DEBUG    ------------------------------------------------------
2026-05-19 00:35:00,854 kilosort.io  DEBUG    GPU usage:    `conda install pynvml` for GPU usage
2026-05-19 00:35:00,855 kilosort.io  DEBUG    GPU memory:   100.00 %     |      4.00   /     4.00 GB
2026-05-19 00:35:00,855 kilosort.io  DEBUG    Allocated:     0.45 %     |      0.02   /     4.00 GB
2026-05-19 00:35:00,855 kilosort.io  DEBUG    Max alloc:     0.45 %     |      0.02   /     4.00 GB
2026-05-19 00:35:00,855 kilosort.io  DEBUG    ********************************************************
2026-05-19 00:35:04,527 kilosort.io  DEBUG     
2026-05-19 00:35:04,527 kilosort.io  DEBUG    save_to_phy, pc features
2026-05-19 00:35:04,527 kilosort.io  DEBUG    ********************************************************
2026-05-19 00:35:04,527 kilosort.io  DEBUG    CPU usage:    39.20 %
2026-05-19 00:35:04,527 kilosort.io  DEBUG    Mem used:     88.20 %     |      13.81 GB
2026-05-19 00:35:04,527 kilosort.io  DEBUG    Mem avail:     1.84 / 15.65 GB
2026-05-19 00:35:04,527 kilosort.io  DEBUG    ------------------------------------------------------
2026-05-19 00:35:04,527 kilosort.io  DEBUG    GPU usage:    `conda install pynvml` for GPU usage
2026-05-19 00:35:04,527 kilosort.io  DEBUG    GPU memory:   100.00 %     |      4.00   /     4.00 GB
2026-05-19 00:35:04,527 kilosort.io  DEBUG    Allocated:     0.45 %     |      0.02   /     4.00 GB
2026-05-19 00:35:04,528 kilosort.io  DEBUG    Max alloc:     0.46 %     |      0.02   /     4.00 GB
2026-05-19 00:35:04,528 kilosort.io  DEBUG    ********************************************************
2026-05-19 00:35:04,776 kilosort.io  DEBUG     
2026-05-19 00:35:04,776 kilosort.io  DEBUG    save_to_phy, est contam
2026-05-19 00:35:04,776 kilosort.io  DEBUG    ********************************************************
2026-05-19 00:35:04,776 kilosort.io  DEBUG    CPU usage:    54.00 %
2026-05-19 00:35:04,777 kilosort.io  DEBUG    Mem used:     88.50 %     |      13.86 GB
2026-05-19 00:35:04,777 kilosort.io  DEBUG    Mem avail:     1.79 / 15.65 GB
2026-05-19 00:35:04,777 kilosort.io  DEBUG    ------------------------------------------------------
2026-05-19 00:35:04,777 kilosort.io  DEBUG    GPU usage:    `conda install pynvml` for GPU usage
2026-05-19 00:35:04,777 kilosort.io  DEBUG    GPU memory:   100.00 %     |      4.00   /     4.00 GB
2026-05-19 00:35:04,777 kilosort.io  DEBUG    Allocated:     0.45 %     |      0.02   /     4.00 GB
2026-05-19 00:35:04,777 kilosort.io  DEBUG    Max alloc:     0.45 %     |      0.02   /     4.00 GB
2026-05-19 00:35:04,777 kilosort.io  DEBUG    ********************************************************
2026-05-19 00:35:04,801 kilosort.run_kilosort INFO     128 units found with good refractory periods
2026-05-19 00:35:04,838 kilosort.run_kilosort INFO     Exporting to Phy took: 5.22s
2026-05-19 00:35:04,839 kilosort.run_kilosort INFO     Total runtime: 884.06s = 00:14:44 h:m:s
2026-05-19 00:35:04,855 kilosort.run_kilosort INFO     Sorting output saved in: F:\ACADEMIC\ks_recon_ratio_0.20.
2026-05-19 00:35:04,857 kilosort.run_kilosort DEBUG    

|===========================================================================|
|                  PyTorch CUDA memory summary, device ID 0                 |
|---------------------------------------------------------------------------|
|            CUDA OOMs: 0            |        cudaMalloc retries: 0         |
|===========================================================================|
|        Metric         | Cur Usage  | Peak Usage | Tot Alloc  | Tot Freed  |
|---------------------------------------------------------------------------|
| Allocated memory      |  18465 KiB |  19038 KiB |   4844 GiB |   4844 GiB |
|---------------------------------------------------------------------------|
| Active memory         |  18465 KiB |  19038 KiB |   4844 GiB |   4844 GiB |
|---------------------------------------------------------------------------|
| Requested memory      |  18455 KiB |  19028 KiB |   4839 GiB |   4839 GiB |
|---------------------------------------------------------------------------|
| GPU reserved memory   |   5238 MiB |   5238 MiB |   5238 MiB |      0 B   |
|---------------------------------------------------------------------------|
| Non-releasable memory |  12255 KiB |  12255 KiB |   3289 GiB |   3289 GiB |
|---------------------------------------------------------------------------|
| Allocations           |      38    |      39    |    2258 K  |    2258 K  |
|---------------------------------------------------------------------------|
| Active allocs         |      38    |      39    |    2258 K  |    2258 K  |
|---------------------------------------------------------------------------|
| GPU reserved segments |      20    |      20    |      20    |       0    |
|---------------------------------------------------------------------------|
| Non-releasable allocs |       8    |       8    |     981 K  |     981 K  |
|---------------------------------------------------------------------------|
| Oversize allocations  |       0    |       0    |       0    |       0    |
|---------------------------------------------------------------------------|
| Oversize GPU segments |       0    |       0    |       0    |       0    |
|===========================================================================|


2026-05-19 00:35:04,858 kilosort.run_kilosort INFO      
2026-05-19 00:35:04,860 kilosort.run_kilosort INFO     Resource usage after saving
2026-05-19 00:35:04,861 kilosort.run_kilosort INFO     ********************************************************
2026-05-19 00:35:04,862 kilosort.run_kilosort INFO     CPU usage:    60.00 %
2026-05-19 00:35:04,864 kilosort.run_kilosort INFO     Mem used:     88.70 %     |      13.88 GB
2026-05-19 00:35:04,864 kilosort.run_kilosort INFO     Mem avail:     1.77 / 15.65 GB
2026-05-19 00:35:04,865 kilosort.run_kilosort INFO     ------------------------------------------------------
2026-05-19 00:35:04,866 kilosort.run_kilosort INFO     GPU usage:    `conda install pynvml` for GPU usage
2026-05-19 00:35:04,867 kilosort.run_kilosort INFO     GPU memory:   100.00 %     |      4.00   /     4.00 GB
2026-05-19 00:35:04,868 kilosort.run_kilosort INFO     Allocated:     0.44 %     |      0.02   /     4.00 GB
2026-05-19 00:35:04,869 kilosort.run_kilosort INFO     Max alloc:     0.45 %     |      0.02   /     4.00 GB
2026-05-19 00:35:04,870 kilosort.run_kilosort INFO     ********************************************************
2026-05-19 00:35:04,872 kilosort.run_kilosort DEBUG    
2026-05-19 00:35:04,872 kilosort.run_kilosort DEBUG    --------------------
2026-05-19 00:35:04,872 kilosort.run_kilosort DEBUG    Process thread count: N/A (linux only)
2026-05-19 00:35:04,872 kilosort.run_kilosort DEBUG    num torch threads: 8
2026-05-19 00:35:04,872 kilosort.run_kilosort DEBUG    --------------------

2026-05-19 00:35:04,872 kilosort.run_kilosort INFO     Generating spike position plot ...
2026-05-19 00:35:18,507 kilosort.run_kilosort INFO     Sorting finished.
2026-05-19 00:35:18,509 kilosort.run_kilosort INFO      
2026-05-19 00:35:18,511 kilosort.run_kilosort INFO     ********************************************************
2026-05-19 00:35:18,514 kilosort.run_kilosort INFO     Sorting summary
2026-05-19 00:35:18,516 kilosort.run_kilosort INFO     --------------------------------------------------------
2026-05-19 00:35:18,517 kilosort.run_kilosort INFO     Total number of units:                              291
2026-05-19 00:35:18,519 kilosort.run_kilosort INFO     Number of good units:                               128
2026-05-19 00:35:18,521 kilosort.run_kilosort INFO     Number of spikes                                 203078
2026-05-19 00:35:18,522 kilosort.run_kilosort INFO     Mean abs. drift                                  0.2 um
2026-05-19 00:35:18,525 kilosort.run_kilosort INFO     Total runtime                                   884.06s
2026-05-19 00:35:18,527 kilosort.run_kilosort INFO      
2026-05-19 00:35:18,529 kilosort.run_kilosort INFO     Runtime by step
2026-05-19 00:35:18,530 kilosort.run_kilosort INFO     --------------------------------------------------------
2026-05-19 00:35:18,532 kilosort.run_kilosort INFO     preprocessing:                          3.6s   (0.40) %
2026-05-19 00:35:18,534 kilosort.run_kilosort INFO     drift corr:                           296.1s  (33.50) %
2026-05-19 00:35:18,536 kilosort.run_kilosort INFO     spike det. (univ):                    290.1s  (32.82) %
2026-05-19 00:35:18,537 kilosort.run_kilosort INFO     cluster (temp):                       130.0s  (14.70) %
2026-05-19 00:35:18,539 kilosort.run_kilosort INFO     spike det. (learn):                    26.4s   (2.99) %
2026-05-19 00:35:18,542 kilosort.run_kilosort INFO     cluster (final):                      112.5s  (12.73) %
2026-05-19 00:35:18,544 kilosort.run_kilosort INFO     cluster merge:                          1.1s   (0.12) %
2026-05-19 00:35:18,547 kilosort.run_kilosort INFO     postprocessing:                         5.2s   (0.59) %
2026-05-19 00:35:18,549 kilosort.run_kilosort INFO      
2026-05-19 00:35:18,555 kilosort.run_kilosort INFO     Memory usage by step
2026-05-19 00:35:18,557 kilosort.run_kilosort INFO     --------------------------------------------------------
2026-05-19 00:35:18,561 kilosort.run_kilosort INFO     preprocessing:         sys    11.3 GB  |  gpu    1.2 GB
2026-05-19 00:35:18,562 kilosort.run_kilosort INFO     drift corr:            sys    12.9 GB  |  gpu    3.3 GB
2026-05-19 00:35:18,564 kilosort.run_kilosort INFO     spike det. (univ):     sys    13.1 GB  |  gpu    3.3 GB
2026-05-19 00:35:18,565 kilosort.run_kilosort INFO     cluster (temp):        sys    13.4 GB  |  gpu    0.3 GB
2026-05-19 00:35:18,568 kilosort.run_kilosort INFO     spike det. (learn):    sys    13.5 GB  |  gpu    1.4 GB
2026-05-19 00:35:18,571 kilosort.run_kilosort INFO     cluster (final):       sys    13.6 GB  |  gpu    0.0 GB
2026-05-19 00:35:18,571 kilosort.run_kilosort INFO     cluster merge:         sys    13.6 GB  |  gpu    0.0 GB
2026-05-19 00:35:18,573 kilosort.run_kilosort INFO     postprocessing:        sys    13.9 GB  |  gpu    0.0 GB
2026-05-19 00:35:18,575 kilosort.run_kilosort INFO     ********************************************************
