2026-07-18 15:07:41,288 kilosort.run_kilosort INFO     Kilosort version 4.1.7
2026-07-18 15:07:41,297 kilosort.run_kilosort INFO     Python version 3.11.15
2026-07-18 15:07:41,297 kilosort.run_kilosort INFO     ----------------------------------------
2026-07-18 15:07:41,297 kilosort.run_kilosort INFO     System information:
2026-07-18 15:07:41,313 kilosort.run_kilosort INFO     Windows-10-10.0.26200-SP0 AMD64
2026-07-18 15:07:41,313 kilosort.run_kilosort INFO     Intel64 Family 6 Model 186 Stepping 2, GenuineIntel
2026-07-18 15:07:41,577 kilosort.run_kilosort INFO     Using GPU for PyTorch computations. Specify `device` to change this.
2026-07-18 15:07:41,593 kilosort.run_kilosort INFO     Using CUDA device: NVIDIA GeForce RTX 2050 4.00GB
2026-07-18 15:07:41,593 kilosort.run_kilosort INFO     ----------------------------------------
2026-07-18 15:07:41,593 kilosort.run_kilosort INFO     Sorting [WindowsPath('G:/academic/week8_partial_dct_kilosort_runs/dd4da095_probe00_partial_20260712_222836/ratio_1.00/dd4da095_probe00_partial_20260712_222836_ratio_1.00_dctwin_600samp_preprocessed_int16.bin')]
2026-07-18 15:07:41,593 kilosort.run_kilosort INFO     Skipping common average reference.
2026-07-18 15:07:41,593 kilosort.run_kilosort INFO     clear_cache=True
2026-07-18 15:07:41,593 kilosort.run_kilosort DEBUG    Initial ops:

ops = {
    'n_chan_bin': 385,
    'fs': 30000.0,
    'batch_size': 60000,
    'nblocks': 1,
    'Th_universal': 9,
    'Th_learned': 8,
    'tmin': 0,
    'tmax': inf,
    'nt': 61,
    'shift': None,
    'scale': None,
    'batch_downsampling': 1,
    'artifact_threshold': inf,
    'nskip': 25,
    'whitening_range': 32,
    'highpass_cutoff': 300,
    'binning_depth': 5,
    'sig_interp': 20,
    'drift_smoothing': [0.5, 0.5, 0.5],
    'nt0min': 20,
    'dmin': None,
    'dminx': 32,
    'min_template_size': 10,
    'template_sizes': 5,
    'nearest_chans': 25,
    'nearest_templates': 100,
    'max_channel_distance': 32,
    'max_peels': 100,
    'templates_from_data': True,
    'n_templates': 6,
    'n_pcs': 3,
    'Th_single_ch': 6,
    'acg_threshold': 0.2,
    'ccg_threshold': 0.25,
    'cluster_neighbors': 10,
    'cluster_downsampling': 20,
    'max_cluster_subset': 25000,
    'x_centers': None,
    'cluster_init_seed': 5,
    'duplicate_spike_ms': 0.25,
    'position_limit': 100,
    'filename': [   WindowsPath('G:/academic/week8_partial_dct_kilosort_runs/dd4da095_probe00_partial_20260712_222836/ratio_1.00/dd4da095_probe00_partial_20260712_222836_ratio_1.00_dctwin_600samp_preprocessed_int16.bin')],
    'data_dir': WindowsPath('G:/academic/week8_partial_dct_kilosort_runs/dd4da095_probe00_partial_20260712_222836/ratio_1.00'),
    'data_dtype': 'int16',
    'do_CAR': False,
    'invert_sign': False,
    'NTbuff': 60122,
    'Nchan': 383,
    'duplicate_spike_bins': 7,
    'torch_device': 'cuda',
    'save_preprocessed_copy': False
}

2026-07-18 15:07:41,624 kilosort.run_kilosort DEBUG    Probe dictionary:

probe = {
    'xc': np.array([43., 11., 59., 27., 43., 11., 59., 27., 43., 11., 59., 27., 43.,
       11., 59., 27., 43., 11., 59., 27., 43., 11., 59., 27., 43., 11.,
       59., 27., 43., 11., 59., 27., 43., 11., 59., 27., 43., 11., 59.,
       27., 43., 11., 59., 27., 43., 11., 59., 27., 43., 11., 59., 27.,
       43., 11., 59., 27., 43., 11., 59., 27., 43., 11., 59., 27., 43.,
       11., 59., 27., 43., 11., 59., 27., 43., 11., 59., 27., 43., 11.,
       59., 27., 43., 11., 59., 27., 43., 11., 59., 27., 43., 11., 59.,
       27., 43., 11., 59., 27., 43., 11., 59., 27., 43., 11., 59., 27.,
       43., 11., 59., 27., 43., 11., 59., 27., 43., 11., 59., 27., 43.,
       11., 59., 27., 43., 11., 59., 27., 43., 11., 59., 27., 43., 11.,
       59., 27., 43., 11., 59., 27., 43., 11., 59., 27., 43., 11., 59.,
       27., 43., 11., 59., 27., 43., 11., 59., 27., 43., 11., 59., 27.,
       43., 11., 59., 27., 43., 11., 59., 27., 43., 11., 59., 27., 43.,
       11., 59., 27., 43., 11., 59., 27., 43., 11., 59., 27., 43., 11.,
       59., 27., 43., 11., 59., 27., 43., 11., 59., 43., 11., 59., 27.,
       43., 11., 59., 27., 43., 11., 59., 27., 43., 11., 59., 27., 43.,
       11., 59., 27., 43., 11., 59., 27., 43., 11., 59., 27., 43., 11.,
       59., 27., 43., 11., 59., 27., 43., 11., 59., 27., 43., 11., 59.,
       27., 43., 11., 59., 27., 43., 11., 59., 27., 43., 11., 59., 27.,
       43., 11., 59., 27., 43., 11., 59., 27., 43., 11., 59., 27., 43.,
       11., 59., 27., 43., 11., 59., 27., 43., 11., 59., 27., 43., 11.,
       59., 27., 43., 11., 59., 27., 43., 11., 59., 27., 43., 11., 59.,
       27., 43., 11., 59., 27., 43., 11., 59., 27., 43., 11., 59., 27.,
       43., 11., 59., 27., 43., 11., 59., 27., 43., 11., 59., 27., 43.,
       11., 59., 27., 43., 11., 59., 27., 43., 11., 59., 27., 43., 11.,
       59., 27., 43., 11., 59., 27., 43., 11., 59., 27., 43., 11., 59.,
       27., 43., 11., 59., 27., 43., 11., 59., 27., 43., 11., 59., 27.,
       43., 11., 59., 27., 43., 11., 59., 27., 43., 11., 59., 27., 43.,
       11., 59., 27., 43., 11., 59., 27., 43., 11., 59., 27., 43., 11.,
       59., 27., 43., 11., 59., 27.], dtype=np.float32),
    'yc': np.array([  20.,   20.,   40.,   40.,   60.,   60.,   80.,   80.,  100.,
        100.,  120.,  120.,  140.,  140.,  160.,  160.,  180.,  180.,
        200.,  200.,  220.,  220.,  240.,  240.,  260.,  260.,  280.,
        280.,  300.,  300.,  320.,  320.,  340.,  340.,  360.,  360.,
        380.,  380.,  400.,  400.,  420.,  420.,  440.,  440.,  460.,
        460.,  480.,  480.,  500.,  500.,  520.,  520.,  540.,  540.,
        560.,  560.,  580.,  580.,  600.,  600.,  620.,  620.,  640.,
        640.,  660.,  660.,  680.,  680.,  700.,  700.,  720.,  720.,
        740.,  740.,  760.,  760.,  780.,  780.,  800.,  800.,  820.,
        820.,  840.,  840.,  860.,  860.,  880.,  880.,  900.,  900.,
        920.,  920.,  940.,  940.,  960.,  960.,  980.,  980., 1000.,
       1000., 1020., 1020., 1040., 1040., 1060., 1060., 1080., 1080.,
       1100., 1100., 1120., 1120., 1140., 1140., 1160., 1160., 1180.,
       1180., 1200., 1200., 1220., 1220., 1240., 1240., 1260., 1260.,
       1280., 1280., 1300., 1300., 1320., 1320., 1340., 1340., 1360.,
       1360., 1380., 1380., 1400., 1400., 1420., 1420., 1440., 1440.,
       1460., 1460., 1480., 1480., 1500., 1500., 1520., 1520., 1540.,
       1540., 1560., 1560., 1580., 1580., 1600., 1600., 1620., 1620.,
       1640., 1640., 1660., 1660., 1680., 1680., 1700., 1700., 1720.,
       1720., 1740., 1740., 1760., 1760., 1780., 1780., 1800., 1800.,
       1820., 1820., 1840., 1840., 1860., 1860., 1880., 1880., 1900.,
       1900., 1920., 1940., 1940., 1960., 1960., 1980., 1980., 2000.,
       2000., 2020., 2020., 2040., 2040., 2060., 2060., 2080., 2080.,
       2100., 2100., 2120., 2120., 2140., 2140., 2160., 2160., 2180.,
       2180., 2200., 2200., 2220., 2220., 2240., 2240., 2260., 2260.,
       2280., 2280., 2300., 2300., 2320., 2320., 2340., 2340., 2360.,
       2360., 2380., 2380., 2400., 2400., 2420., 2420., 2440., 2440.,
       2460., 2460., 2480., 2480., 2500., 2500., 2520., 2520., 2540.,
       2540., 2560., 2560., 2580., 2580., 2600., 2600., 2620., 2620.,
       2640., 2640., 2660., 2660., 2680., 2680., 2700., 2700., 2720.,
       2720., 2740., 2740., 2760., 2760., 2780., 2780., 2800., 2800.,
       2820., 2820., 2840., 2840., 2860., 2860., 2880., 2880., 2900.,
       2900., 2920., 2920., 2940., 2940., 2960., 2960., 2980., 2980.,
       3000., 3000., 3020., 3020., 3040., 3040., 3060., 3060., 3080.,
       3080., 3100., 3100., 3120., 3120., 3140., 3140., 3160., 3160.,
       3180., 3180., 3200., 3200., 3220., 3220., 3240., 3240., 3260.,
       3260., 3280., 3280., 3300., 3300., 3320., 3320., 3340., 3340.,
       3360., 3360., 3380., 3380., 3400., 3400., 3420., 3420., 3440.,
       3440., 3460., 3460., 3480., 3480., 3500., 3500., 3520., 3520.,
       3540., 3540., 3560., 3560., 3580., 3580., 3600., 3600., 3620.,
       3620., 3640., 3640., 3660., 3660., 3680., 3680., 3700., 3700.,
       3720., 3720., 3740., 3740., 3760., 3760., 3780., 3780., 3800.,
       3800., 3820., 3820., 3840., 3840.], dtype=np.float32),
    'kcoords': np.array([0., 0., 0., 0., 0., 0., 0., 0., 0., 0., 0., 0., 0., 0., 0., 0., 0.,
       0., 0., 0., 0., 0., 0., 0., 0., 0., 0., 0., 0., 0., 0., 0., 0., 0.,
       0., 0., 0., 0., 0., 0., 0., 0., 0., 0., 0., 0., 0., 0., 0., 0., 0.,
       0., 0., 0., 0., 0., 0., 0., 0., 0., 0., 0., 0., 0., 0., 0., 0., 0.,
       0., 0., 0., 0., 0., 0., 0., 0., 0., 0., 0., 0., 0., 0., 0., 0., 0.,
       0., 0., 0., 0., 0., 0., 0., 0., 0., 0., 0., 0., 0., 0., 0., 0., 0.,
       0., 0., 0., 0., 0., 0., 0., 0., 0., 0., 0., 0., 0., 0., 0., 0., 0.,
       0., 0., 0., 0., 0., 0., 0., 0., 0., 0., 0., 0., 0., 0., 0., 0., 0.,
       0., 0., 0., 0., 0., 0., 0., 0., 0., 0., 0., 0., 0., 0., 0., 0., 0.,
       0., 0., 0., 0., 0., 0., 0., 0., 0., 0., 0., 0., 0., 0., 0., 0., 0.,
       0., 0., 0., 0., 0., 0., 0., 0., 0., 0., 0., 0., 0., 0., 0., 0., 0.,
       0., 0., 0., 0., 0., 0., 0., 0., 0., 0., 0., 0., 0., 0., 0., 0., 0.,
       0., 0., 0., 0., 0., 0., 0., 0., 0., 0., 0., 0., 0., 0., 0., 0., 0.,
       0., 0., 0., 0., 0., 0., 0., 0., 0., 0., 0., 0., 0., 0., 0., 0., 0.,
       0., 0., 0., 0., 0., 0., 0., 0., 0., 0., 0., 0., 0., 0., 0., 0., 0.,
       0., 0., 0., 0., 0., 0., 0., 0., 0., 0., 0., 0., 0., 0., 0., 0., 0.,
       0., 0., 0., 0., 0., 0., 0., 0., 0., 0., 0., 0., 0., 0., 0., 0., 0.,
       0., 0., 0., 0., 0., 0., 0., 0., 0., 0., 0., 0., 0., 0., 0., 0., 0.,
       0., 0., 0., 0., 0., 0., 0., 0., 0., 0., 0., 0., 0., 0., 0., 0., 0.,
       0., 0., 0., 0., 0., 0., 0., 0., 0., 0., 0., 0., 0., 0., 0., 0., 0.,
       0., 0., 0., 0., 0., 0., 0., 0., 0., 0., 0., 0., 0., 0., 0., 0., 0.,
       0., 0., 0., 0., 0., 0., 0., 0., 0., 0., 0., 0., 0., 0., 0., 0., 0.,
       0., 0., 0., 0., 0., 0., 0., 0., 0.], dtype=np.float32),
    'chanMap': np.array([  0,   1,   2,   3,   4,   5,   6,   7,   8,   9,  10,  11,  12,
        13,  14,  15,  16,  17,  18,  19,  20,  21,  22,  23,  24,  25,
        26,  27,  28,  29,  30,  31,  32,  33,  34,  35,  36,  37,  38,
        39,  40,  41,  42,  43,  44,  45,  46,  47,  48,  49,  50,  51,
        52,  53,  54,  55,  56,  57,  58,  59,  60,  61,  62,  63,  64,
        65,  66,  67,  68,  69,  70,  71,  72,  73,  74,  75,  76,  77,
        78,  79,  80,  81,  82,  83,  84,  85,  86,  87,  88,  89,  90,
        91,  92,  93,  94,  95,  96,  97,  98,  99, 100, 101, 102, 103,
       104, 105, 106, 107, 108, 109, 110, 111, 112, 113, 114, 115, 116,
       117, 118, 119, 120, 121, 122, 123, 124, 125, 126, 127, 128, 129,
       130, 131, 132, 133, 134, 135, 136, 137, 138, 139, 140, 141, 142,
       143, 144, 145, 146, 147, 148, 149, 150, 151, 152, 153, 154, 155,
       156, 157, 158, 159, 160, 161, 162, 163, 164, 165, 166, 167, 168,
       169, 170, 171, 172, 173, 174, 175, 176, 177, 178, 179, 180, 181,
       182, 183, 184, 185, 186, 187, 188, 189, 190, 192, 193, 194, 195,
       196, 197, 198, 199, 200, 201, 202, 203, 204, 205, 206, 207, 208,
       209, 210, 211, 212, 213, 214, 215, 216, 217, 218, 219, 220, 221,
       222, 223, 224, 225, 226, 227, 228, 229, 230, 231, 232, 233, 234,
       235, 236, 237, 238, 239, 240, 241, 242, 243, 244, 245, 246, 247,
       248, 249, 250, 251, 252, 253, 254, 255, 256, 257, 258, 259, 260,
       261, 262, 263, 264, 265, 266, 267, 268, 269, 270, 271, 272, 273,
       274, 275, 276, 277, 278, 279, 280, 281, 282, 283, 284, 285, 286,
       287, 288, 289, 290, 291, 292, 293, 294, 295, 296, 297, 298, 299,
       300, 301, 302, 303, 304, 305, 306, 307, 308, 309, 310, 311, 312,
       313, 314, 315, 316, 317, 318, 319, 320, 321, 322, 323, 324, 325,
       326, 327, 328, 329, 330, 331, 332, 333, 334, 335, 336, 337, 338,
       339, 340, 341, 342, 343, 344, 345, 346, 347, 348, 349, 350, 351,
       352, 353, 354, 355, 356, 357, 358, 359, 360, 361, 362, 363, 364,
       365, 366, 367, 368, 369, 370, 371, 372, 373, 374, 375, 376, 377,
       378, 379, 380, 381, 382, 383], dtype=np.int32),
    'n_chan': 384
}

2026-07-18 15:07:41,927 kilosort.run_kilosort INFO      
2026-07-18 15:07:41,927 kilosort.run_kilosort INFO     Resource usage before sorting
2026-07-18 15:07:41,927 kilosort.run_kilosort INFO     ********************************************************
2026-07-18 15:07:41,927 kilosort.run_kilosort INFO     CPU usage:    11.90 %
2026-07-18 15:07:41,927 kilosort.run_kilosort INFO     Mem used:     43.10 %     |       6.74 GB
2026-07-18 15:07:41,927 kilosort.run_kilosort INFO     Mem avail:     8.91 / 15.65 GB
2026-07-18 15:07:41,927 kilosort.run_kilosort INFO     ------------------------------------------------------
2026-07-18 15:07:41,927 kilosort.run_kilosort INFO     GPU usage:    `conda install pynvml` for GPU usage
2026-07-18 15:07:41,927 kilosort.run_kilosort INFO     GPU memory:   19.43 %     |      0.78   /     4.00 GB
2026-07-18 15:07:41,927 kilosort.run_kilosort INFO     Allocated:     0.00 %     |      0.00   /     4.00 GB
2026-07-18 15:07:41,927 kilosort.run_kilosort INFO     Max alloc:     0.00 %     |      0.00   /     4.00 GB
2026-07-18 15:07:41,927 kilosort.run_kilosort INFO     ********************************************************
2026-07-18 15:07:41,927 kilosort.run_kilosort DEBUG    
2026-07-18 15:07:41,927 kilosort.run_kilosort DEBUG    --------------------
2026-07-18 15:07:41,927 kilosort.run_kilosort DEBUG    Process thread count: N/A (linux only)
2026-07-18 15:07:41,927 kilosort.run_kilosort DEBUG    num torch threads: 8
2026-07-18 15:07:41,927 kilosort.run_kilosort DEBUG    --------------------

2026-07-18 15:07:41,927 kilosort.run_kilosort INFO      
2026-07-18 15:07:41,927 kilosort.run_kilosort INFO     Computing preprocessing variables.
2026-07-18 15:07:41,927 kilosort.run_kilosort INFO     ----------------------------------------
2026-07-18 15:07:42,409 kilosort.run_kilosort INFO     N samples: 6420000
2026-07-18 15:07:42,409 kilosort.run_kilosort INFO     N seconds: 214.0
2026-07-18 15:07:42,409 kilosort.run_kilosort INFO     N batches: 107
2026-07-18 15:07:45,619 kilosort.run_kilosort INFO     Preprocessing filters computed in 3.69s; total 4.03s
2026-07-18 15:07:45,619 kilosort.run_kilosort DEBUG    hp_filter shape: torch.Size([30122])
2026-07-18 15:07:45,619 kilosort.run_kilosort DEBUG    whiten_mat shape: torch.Size([383, 383])
2026-07-18 15:07:45,898 kilosort.run_kilosort DEBUG    First batch min, max: (np.float32(-7016.5356), np.float32(3375.64))
2026-07-18 15:07:45,904 kilosort.run_kilosort INFO      
2026-07-18 15:07:45,904 kilosort.run_kilosort INFO     Resource usage after preprocessing
2026-07-18 15:07:45,904 kilosort.run_kilosort INFO     ********************************************************
2026-07-18 15:07:45,904 kilosort.run_kilosort INFO     CPU usage:    18.60 %
2026-07-18 15:07:45,904 kilosort.run_kilosort INFO     Mem used:     45.00 %     |       7.04 GB
2026-07-18 15:07:45,905 kilosort.run_kilosort INFO     Mem avail:     8.61 / 15.65 GB
2026-07-18 15:07:45,905 kilosort.run_kilosort INFO     ------------------------------------------------------
2026-07-18 15:07:45,905 kilosort.run_kilosort INFO     GPU usage:    `conda install pynvml` for GPU usage
2026-07-18 15:07:45,905 kilosort.run_kilosort INFO     GPU memory:   61.28 %     |      2.45   /     4.00 GB
2026-07-18 15:07:45,905 kilosort.run_kilosort INFO     Allocated:     0.21 %     |      0.01   /     4.00 GB
2026-07-18 15:07:45,905 kilosort.run_kilosort INFO     Max alloc:    32.60 %     |      1.30   /     4.00 GB
2026-07-18 15:07:45,905 kilosort.run_kilosort INFO     ********************************************************
2026-07-18 15:07:45,927 kilosort.run_kilosort INFO      
2026-07-18 15:07:45,927 kilosort.run_kilosort INFO     Computing drift correction.
2026-07-18 15:07:45,927 kilosort.run_kilosort INFO     ----------------------------------------
2026-07-18 15:07:45,927 kilosort.spikedetect INFO     Re-computing universal templates from data.
2026-07-18 15:07:48,487 kilosort.spikedetect INFO     Number of universal templates: 1532
2026-07-18 15:07:49,200 kilosort.spikedetect INFO     Detecting spikes...
2026-07-18 15:07:49,216 kilosort.spikedetect DEBUG     
2026-07-18 15:07:49,216 kilosort.spikedetect DEBUG    Batch 0 of 106 (0.0%)
2026-07-18 15:07:49,216 kilosort.spikedetect DEBUG    ********************************************************
2026-07-18 15:07:49,216 kilosort.spikedetect DEBUG    CPU usage:    17.20 %
2026-07-18 15:07:49,216 kilosort.spikedetect DEBUG    Mem used:     45.20 %     |       7.07 GB
2026-07-18 15:07:49,216 kilosort.spikedetect DEBUG    Mem avail:     8.58 / 15.65 GB
2026-07-18 15:07:49,216 kilosort.spikedetect DEBUG    ------------------------------------------------------
2026-07-18 15:07:49,216 kilosort.spikedetect DEBUG    GPU usage:    `conda install pynvml` for GPU usage
2026-07-18 15:07:49,216 kilosort.spikedetect DEBUG    GPU memory:   61.28 %     |      2.45   /     4.00 GB
2026-07-18 15:07:49,216 kilosort.spikedetect DEBUG    Allocated:     0.27 %     |      0.01   /     4.00 GB
2026-07-18 15:07:49,216 kilosort.spikedetect DEBUG    Max alloc:    32.61 %     |      1.30   /     4.00 GB
2026-07-18 15:07:49,216 kilosort.spikedetect DEBUG    ********************************************************
2026-07-18 15:29:05,406 kilosort.spikedetect DEBUG     
2026-07-18 15:29:05,406 kilosort.spikedetect DEBUG    Batch 106 of 106 (99.1%)
2026-07-18 15:29:05,406 kilosort.spikedetect DEBUG    ********************************************************
2026-07-18 15:29:05,406 kilosort.spikedetect DEBUG    CPU usage:    15.40 %
2026-07-18 15:29:05,406 kilosort.spikedetect DEBUG    Mem used:     51.00 %     |       7.98 GB
2026-07-18 15:29:05,406 kilosort.spikedetect DEBUG    Mem avail:     7.67 / 15.65 GB
2026-07-18 15:29:05,406 kilosort.spikedetect DEBUG    ------------------------------------------------------
2026-07-18 15:29:05,406 kilosort.spikedetect DEBUG    GPU usage:    `conda install pynvml` for GPU usage
2026-07-18 15:29:05,406 kilosort.spikedetect DEBUG    GPU memory:   24.46 %     |      0.98   /     4.00 GB
2026-07-18 15:29:05,406 kilosort.spikedetect DEBUG    Allocated:     2.94 %     |      0.12   /     4.00 GB
2026-07-18 15:29:05,406 kilosort.spikedetect DEBUG    Max alloc:    96.13 %     |      3.84   /     4.00 GB
2026-07-18 15:29:05,406 kilosort.spikedetect DEBUG    ********************************************************
2026-07-18 15:29:06,261 kilosort.run_kilosort INFO     drift computed in 1280.33s; total 1284.67s
2026-07-18 15:29:06,261 kilosort.run_kilosort DEBUG    st shape: (391681, 6)
2026-07-18 15:29:06,261 kilosort.run_kilosort DEBUG    yblk shape: (1,)
2026-07-18 15:29:06,261 kilosort.run_kilosort DEBUG    dshift shape: (107, 1)
2026-07-18 15:29:06,261 kilosort.run_kilosort DEBUG    iKxx shape: torch.Size([383, 383])
2026-07-18 15:29:06,270 kilosort.run_kilosort DEBUG    

|===========================================================================|
|                  PyTorch CUDA memory summary, device ID 0                 |
|---------------------------------------------------------------------------|
|            CUDA OOMs: 0            |        cudaMalloc retries: 0         |
|===========================================================================|
|        Metric         | Cur Usage  | Peak Usage | Tot Alloc  | Tot Freed  |
|---------------------------------------------------------------------------|
| Allocated memory      |  11832 KiB |   3936 MiB |  12567 GiB |  12567 GiB |
|---------------------------------------------------------------------------|
| Active memory         |  11832 KiB |   3936 MiB |  12567 GiB |  12567 GiB |
|---------------------------------------------------------------------------|
| Requested memory      |  11829 KiB |   3935 MiB |  12563 GiB |  12563 GiB |
|---------------------------------------------------------------------------|
| GPU reserved memory   | 145408 KiB |   4820 MiB | 484422 MiB | 484280 MiB |
|---------------------------------------------------------------------------|
| Non-releasable memory |  41415 KiB |   1521 MiB |   2929 GiB |   2929 GiB |
|---------------------------------------------------------------------------|
| Allocations           |       9    |      37    |   81616    |   81607    |
|---------------------------------------------------------------------------|
| Active allocs         |       9    |      37    |   81616    |   81607    |
|---------------------------------------------------------------------------|
| GPU reserved segments |       6    |      19    |    1346    |    1340    |
|---------------------------------------------------------------------------|
| Non-releasable allocs |      10    |      26    |   34111    |   34101    |
|---------------------------------------------------------------------------|
| Oversize allocations  |       0    |       0    |       0    |       0    |
|---------------------------------------------------------------------------|
| Oversize GPU segments |       0    |       0    |       0    |       0    |
|===========================================================================|


2026-07-18 15:29:06,270 kilosort.run_kilosort INFO      
2026-07-18 15:29:06,270 kilosort.run_kilosort INFO     Resource usage after drift correction
2026-07-18 15:29:06,270 kilosort.run_kilosort INFO     ********************************************************
2026-07-18 15:29:06,270 kilosort.run_kilosort INFO     CPU usage:     0.00 %
2026-07-18 15:29:06,270 kilosort.run_kilosort INFO     Mem used:     50.30 %     |       7.87 GB
2026-07-18 15:29:06,270 kilosort.run_kilosort INFO     Mem avail:     7.78 / 15.65 GB
2026-07-18 15:29:06,270 kilosort.run_kilosort INFO     ------------------------------------------------------
2026-07-18 15:29:06,270 kilosort.run_kilosort INFO     GPU usage:    `conda install pynvml` for GPU usage
2026-07-18 15:29:06,270 kilosort.run_kilosort INFO     GPU memory:   24.51 %     |      0.98   /     4.00 GB
2026-07-18 15:29:06,270 kilosort.run_kilosort INFO     Allocated:     0.28 %     |      0.01   /     4.00 GB
2026-07-18 15:29:06,270 kilosort.run_kilosort INFO     Max alloc:    96.13 %     |      3.84   /     4.00 GB
2026-07-18 15:29:06,270 kilosort.run_kilosort INFO     ********************************************************
2026-07-18 15:29:06,270 kilosort.run_kilosort DEBUG    
2026-07-18 15:29:06,270 kilosort.run_kilosort DEBUG    --------------------
2026-07-18 15:29:06,270 kilosort.run_kilosort DEBUG    Process thread count: N/A (linux only)
2026-07-18 15:29:06,270 kilosort.run_kilosort DEBUG    num torch threads: 8
2026-07-18 15:29:06,270 kilosort.run_kilosort DEBUG    --------------------

2026-07-18 15:29:06,270 kilosort.run_kilosort INFO     Generating drift plots ...
2026-07-18 15:29:32,438 kilosort.run_kilosort INFO      
2026-07-18 15:29:32,449 kilosort.run_kilosort INFO     Extracting spikes using templates
2026-07-18 15:29:32,449 kilosort.run_kilosort INFO     ----------------------------------------
2026-07-18 15:29:32,450 kilosort.spikedetect INFO     Re-computing universal templates from data.
2026-07-18 15:29:34,477 kilosort.spikedetect INFO     Number of universal templates: 1532
2026-07-18 15:29:35,083 kilosort.spikedetect INFO     Detecting spikes...
2026-07-18 15:29:35,083 kilosort.spikedetect DEBUG     
2026-07-18 15:29:35,083 kilosort.spikedetect DEBUG    Batch 0 of 106 (0.0%)
2026-07-18 15:29:35,083 kilosort.spikedetect DEBUG    ********************************************************
2026-07-18 15:29:35,083 kilosort.spikedetect DEBUG    CPU usage:    13.20 %
2026-07-18 15:29:35,083 kilosort.spikedetect DEBUG    Mem used:     50.40 %     |       7.88 GB
2026-07-18 15:29:35,083 kilosort.spikedetect DEBUG    Mem avail:     7.77 / 15.65 GB
2026-07-18 15:29:35,083 kilosort.spikedetect DEBUG    ------------------------------------------------------
2026-07-18 15:29:35,083 kilosort.spikedetect DEBUG    GPU usage:    `conda install pynvml` for GPU usage
2026-07-18 15:29:35,083 kilosort.spikedetect DEBUG    GPU memory:   61.43 %     |      2.46   /     4.00 GB
2026-07-18 15:29:35,083 kilosort.spikedetect DEBUG    Allocated:     0.34 %     |      0.01   /     4.00 GB
2026-07-18 15:29:35,097 kilosort.spikedetect DEBUG    Max alloc:    32.67 %     |      1.31   /     4.00 GB
2026-07-18 15:29:35,097 kilosort.spikedetect DEBUG    ********************************************************
2026-07-18 15:51:05,425 kilosort.spikedetect DEBUG     
2026-07-18 15:51:05,425 kilosort.spikedetect DEBUG    Batch 106 of 106 (99.1%)
2026-07-18 15:51:05,425 kilosort.spikedetect DEBUG    ********************************************************
2026-07-18 15:51:05,425 kilosort.spikedetect DEBUG    CPU usage:    15.30 %
2026-07-18 15:51:05,426 kilosort.spikedetect DEBUG    Mem used:     53.60 %     |       8.39 GB
2026-07-18 15:51:05,426 kilosort.spikedetect DEBUG    Mem avail:     7.26 / 15.65 GB
2026-07-18 15:51:05,426 kilosort.spikedetect DEBUG    ------------------------------------------------------
2026-07-18 15:51:05,426 kilosort.spikedetect DEBUG    GPU usage:    `conda install pynvml` for GPU usage
2026-07-18 15:51:05,426 kilosort.spikedetect DEBUG    GPU memory:   24.51 %     |      0.98   /     4.00 GB
2026-07-18 15:51:05,426 kilosort.spikedetect DEBUG    Allocated:     3.00 %     |      0.12   /     4.00 GB
2026-07-18 15:51:05,426 kilosort.spikedetect DEBUG    Max alloc:    96.18 %     |      3.85   /     4.00 GB
2026-07-18 15:51:05,426 kilosort.spikedetect DEBUG    ********************************************************
2026-07-18 15:51:05,426 kilosort.run_kilosort INFO     384162 spikes extracted in 1292.99s; total 2603.83s
2026-07-18 15:51:05,426 kilosort.run_kilosort DEBUG    st0 shape: (384162, 6)
2026-07-18 15:51:05,426 kilosort.run_kilosort DEBUG    tF shape: torch.Size([384162, 25, 3])
2026-07-18 15:51:05,426 kilosort.run_kilosort INFO      
2026-07-18 15:51:05,426 kilosort.run_kilosort INFO     Resource usage after spike detect (univ)
2026-07-18 15:51:05,426 kilosort.run_kilosort INFO     ********************************************************
2026-07-18 15:51:05,426 kilosort.run_kilosort INFO     CPU usage:     0.00 %
2026-07-18 15:51:05,426 kilosort.run_kilosort INFO     Mem used:     53.50 %     |       8.37 GB
2026-07-18 15:51:05,426 kilosort.run_kilosort INFO     Mem avail:     7.28 / 15.65 GB
2026-07-18 15:51:05,426 kilosort.run_kilosort INFO     ------------------------------------------------------
2026-07-18 15:51:05,434 kilosort.run_kilosort INFO     GPU usage:    `conda install pynvml` for GPU usage
2026-07-18 15:51:05,434 kilosort.run_kilosort INFO     GPU memory:   24.51 %     |      0.98   /     4.00 GB
2026-07-18 15:51:05,434 kilosort.run_kilosort INFO     Allocated:     0.28 %     |      0.01   /     4.00 GB
2026-07-18 15:51:05,434 kilosort.run_kilosort INFO     Max alloc:    96.18 %     |      3.85   /     4.00 GB
2026-07-18 15:51:05,434 kilosort.run_kilosort INFO     ********************************************************
2026-07-18 15:51:05,434 kilosort.run_kilosort DEBUG    
2026-07-18 15:51:05,436 kilosort.run_kilosort DEBUG    --------------------
2026-07-18 15:51:05,436 kilosort.run_kilosort DEBUG    Process thread count: N/A (linux only)
2026-07-18 15:51:05,436 kilosort.run_kilosort DEBUG    num torch threads: 8
2026-07-18 15:51:05,436 kilosort.run_kilosort DEBUG    --------------------

2026-07-18 15:51:05,436 kilosort.run_kilosort INFO      
2026-07-18 15:51:05,436 kilosort.run_kilosort INFO     First clustering
2026-07-18 15:51:05,437 kilosort.run_kilosort INFO     ----------------------------------------
2026-07-18 15:51:05,788 kilosort.clustering_qr DEBUG    Center 0 | Xd shape: torch.Size([10169, 78]) | ntemp: 16
2026-07-18 15:51:08,290 kilosort.clustering_qr DEBUG    Center 1 | Xd shape: torch.Size([7583, 78]) | ntemp: 16
2026-07-18 15:51:09,869 kilosort.clustering_qr DEBUG    Center 2 | Xd shape: torch.Size([9352, 78]) | ntemp: 16
2026-07-18 15:51:11,405 kilosort.clustering_qr DEBUG    Center 3 | Xd shape: torch.Size([6802, 90]) | ntemp: 16
2026-07-18 15:51:12,763 kilosort.clustering_qr DEBUG    Center 4 | Xd shape: torch.Size([11478, 90]) | ntemp: 16
2026-07-18 15:51:14,416 kilosort.clustering_qr DEBUG    Center 5 | Xd shape: torch.Size([4141, 90]) | ntemp: 16
2026-07-18 15:51:15,872 kilosort.clustering_qr DEBUG    Center 6 | Xd shape: torch.Size([4388, 90]) | ntemp: 16
2026-07-18 15:51:17,357 kilosort.clustering_qr DEBUG    Center 7 | Xd shape: torch.Size([6345, 90]) | ntemp: 16
2026-07-18 15:51:18,841 kilosort.clustering_qr DEBUG    Center 8 | Xd shape: torch.Size([8879, 90]) | ntemp: 16
2026-07-18 15:51:20,562 kilosort.clustering_qr DEBUG     
2026-07-18 15:51:20,562 kilosort.clustering_qr DEBUG    Cluster center: 9 (10/96)
2026-07-18 15:51:20,562 kilosort.clustering_qr DEBUG    ********************************************************
2026-07-18 15:51:20,562 kilosort.clustering_qr DEBUG    CPU usage:    19.70 %
2026-07-18 15:51:20,562 kilosort.clustering_qr DEBUG    Mem used:     52.10 %     |       8.15 GB
2026-07-18 15:51:20,562 kilosort.clustering_qr DEBUG    Mem avail:     7.50 / 15.65 GB
2026-07-18 15:51:20,562 kilosort.clustering_qr DEBUG    ------------------------------------------------------
2026-07-18 15:51:20,562 kilosort.clustering_qr DEBUG    GPU usage:    `conda install pynvml` for GPU usage
2026-07-18 15:51:20,562 kilosort.clustering_qr DEBUG    GPU memory:   22.31 %     |      0.89   /     4.00 GB
2026-07-18 15:51:20,562 kilosort.clustering_qr DEBUG    Allocated:     0.28 %     |      0.01   /     4.00 GB
2026-07-18 15:51:20,562 kilosort.clustering_qr DEBUG    Max alloc:     1.08 %     |      0.04   /     4.00 GB
2026-07-18 15:51:20,562 kilosort.clustering_qr DEBUG    ********************************************************
2026-07-18 15:51:20,603 kilosort.clustering_qr DEBUG    Center 9 | Xd shape: torch.Size([10908, 90]) | ntemp: 16
2026-07-18 15:51:22,191 kilosort.clustering_qr DEBUG    Center 10 | Xd shape: torch.Size([11437, 90]) | ntemp: 16
2026-07-18 15:51:23,828 kilosort.clustering_qr DEBUG    Center 11 | Xd shape: torch.Size([11888, 90]) | ntemp: 16
2026-07-18 15:51:25,449 kilosort.clustering_qr DEBUG    Center 12 | Xd shape: torch.Size([7519, 90]) | ntemp: 16
2026-07-18 15:51:26,886 kilosort.clustering_qr DEBUG    Center 13 | Xd shape: torch.Size([8466, 90]) | ntemp: 16
2026-07-18 15:51:28,434 kilosort.clustering_qr DEBUG    Center 14 | Xd shape: torch.Size([11208, 90]) | ntemp: 16
2026-07-18 15:51:30,038 kilosort.clustering_qr DEBUG    Center 15 | Xd shape: torch.Size([10424, 90]) | ntemp: 16
2026-07-18 15:51:31,755 kilosort.clustering_qr DEBUG    Center 16 | Xd shape: torch.Size([8025, 90]) | ntemp: 16
2026-07-18 15:51:33,274 kilosort.clustering_qr DEBUG    Center 17 | Xd shape: torch.Size([15498, 90]) | ntemp: 16
2026-07-18 15:51:35,037 kilosort.clustering_qr DEBUG    Center 18 | Xd shape: torch.Size([8706, 90]) | ntemp: 16
2026-07-18 15:51:36,483 kilosort.clustering_qr DEBUG     
2026-07-18 15:51:36,483 kilosort.clustering_qr DEBUG    Cluster center: 19 (20/96)
2026-07-18 15:51:36,493 kilosort.clustering_qr DEBUG    ********************************************************
2026-07-18 15:51:36,493 kilosort.clustering_qr DEBUG    CPU usage:    19.70 %
2026-07-18 15:51:36,493 kilosort.clustering_qr DEBUG    Mem used:     52.10 %     |       8.15 GB
2026-07-18 15:51:36,493 kilosort.clustering_qr DEBUG    Mem avail:     7.50 / 15.65 GB
2026-07-18 15:51:36,493 kilosort.clustering_qr DEBUG    ------------------------------------------------------
2026-07-18 15:51:36,493 kilosort.clustering_qr DEBUG    GPU usage:    `conda install pynvml` for GPU usage
2026-07-18 15:51:36,493 kilosort.clustering_qr DEBUG    GPU memory:   22.31 %     |      0.89   /     4.00 GB
2026-07-18 15:51:36,493 kilosort.clustering_qr DEBUG    Allocated:     0.28 %     |      0.01   /     4.00 GB
2026-07-18 15:51:36,493 kilosort.clustering_qr DEBUG    Max alloc:     1.38 %     |      0.06   /     4.00 GB
2026-07-18 15:51:36,493 kilosort.clustering_qr DEBUG    ********************************************************
2026-07-18 15:51:36,524 kilosort.clustering_qr DEBUG    Center 19 | Xd shape: torch.Size([15156, 90]) | ntemp: 16
2026-07-18 15:51:38,111 kilosort.clustering_qr DEBUG    Center 20 | Xd shape: torch.Size([9777, 90]) | ntemp: 16
2026-07-18 15:51:39,533 kilosort.clustering_qr DEBUG    Center 21 | Xd shape: torch.Size([3853, 90]) | ntemp: 16
2026-07-18 15:51:40,749 kilosort.clustering_qr DEBUG    Center 22 | Xd shape: torch.Size([879, 90]) | ntemp: 16
2026-07-18 15:51:40,769 kilosort.clustering_qr DEBUG    Center 23 | Xd shape: torch.Size([252, 90]) | ntemp: 16
2026-07-18 15:51:40,789 kilosort.clustering_qr DEBUG    Center 24 | Xd shape: torch.Size([597, 90]) | ntemp: 16
2026-07-18 15:51:40,810 kilosort.clustering_qr DEBUG    Center 25 | Xd shape: torch.Size([438, 90]) | ntemp: 16
2026-07-18 15:51:40,831 kilosort.clustering_qr DEBUG    Center 26 | Xd shape: torch.Size([476, 90]) | ntemp: 16
2026-07-18 15:51:40,851 kilosort.clustering_qr DEBUG    Center 27 | Xd shape: torch.Size([1018, 90]) | ntemp: 16
2026-07-18 15:51:42,274 kilosort.clustering_qr DEBUG    Center 28 | Xd shape: torch.Size([2248, 90]) | ntemp: 16
2026-07-18 15:51:43,628 kilosort.clustering_qr DEBUG     
2026-07-18 15:51:43,628 kilosort.clustering_qr DEBUG    Cluster center: 29 (30/96)
2026-07-18 15:51:43,628 kilosort.clustering_qr DEBUG    ********************************************************
2026-07-18 15:51:43,628 kilosort.clustering_qr DEBUG    CPU usage:    19.40 %
2026-07-18 15:51:43,628 kilosort.clustering_qr DEBUG    Mem used:     52.10 %     |       8.16 GB
2026-07-18 15:51:43,628 kilosort.clustering_qr DEBUG    Mem avail:     7.49 / 15.65 GB
2026-07-18 15:51:43,628 kilosort.clustering_qr DEBUG    ------------------------------------------------------
2026-07-18 15:51:43,628 kilosort.clustering_qr DEBUG    GPU usage:    `conda install pynvml` for GPU usage
2026-07-18 15:51:43,628 kilosort.clustering_qr DEBUG    GPU memory:   22.31 %     |      0.89   /     4.00 GB
2026-07-18 15:51:43,628 kilosort.clustering_qr DEBUG    Allocated:     0.28 %     |      0.01   /     4.00 GB
2026-07-18 15:51:43,628 kilosort.clustering_qr DEBUG    Max alloc:     1.38 %     |      0.06   /     4.00 GB
2026-07-18 15:51:43,628 kilosort.clustering_qr DEBUG    ********************************************************
2026-07-18 15:51:43,669 kilosort.clustering_qr DEBUG    Center 29 | Xd shape: torch.Size([1475, 90]) | ntemp: 16
2026-07-18 15:51:44,956 kilosort.clustering_qr DEBUG    Center 30 | Xd shape: torch.Size([2806, 90]) | ntemp: 16
2026-07-18 15:51:45,997 kilosort.clustering_qr DEBUG    Center 31 | Xd shape: torch.Size([6156, 90]) | ntemp: 16
2026-07-18 15:51:47,402 kilosort.clustering_qr DEBUG    Center 32 | Xd shape: torch.Size([3670, 90]) | ntemp: 16
2026-07-18 15:51:48,753 kilosort.clustering_qr DEBUG    Center 33 | Xd shape: torch.Size([3257, 90]) | ntemp: 16
2026-07-18 15:51:50,127 kilosort.clustering_qr DEBUG    Center 34 | Xd shape: torch.Size([2565, 90]) | ntemp: 16
2026-07-18 15:51:51,540 kilosort.clustering_qr DEBUG    Center 35 | Xd shape: torch.Size([8209, 90]) | ntemp: 16
2026-07-18 15:51:53,053 kilosort.clustering_qr DEBUG    Center 36 | Xd shape: torch.Size([7592, 90]) | ntemp: 16
2026-07-18 15:51:54,464 kilosort.clustering_qr DEBUG    Center 37 | Xd shape: torch.Size([3727, 90]) | ntemp: 16
2026-07-18 15:51:55,601 kilosort.clustering_qr DEBUG    Center 38 | Xd shape: torch.Size([2084, 90]) | ntemp: 16
2026-07-18 15:51:56,614 kilosort.clustering_qr DEBUG     
2026-07-18 15:51:56,614 kilosort.clustering_qr DEBUG    Cluster center: 39 (40/96)
2026-07-18 15:51:56,614 kilosort.clustering_qr DEBUG    ********************************************************
2026-07-18 15:51:56,614 kilosort.clustering_qr DEBUG    CPU usage:    19.10 %
2026-07-18 15:51:56,614 kilosort.clustering_qr DEBUG    Mem used:     52.10 %     |       8.15 GB
2026-07-18 15:51:56,616 kilosort.clustering_qr DEBUG    Mem avail:     7.50 / 15.65 GB
2026-07-18 15:51:56,616 kilosort.clustering_qr DEBUG    ------------------------------------------------------
2026-07-18 15:51:56,616 kilosort.clustering_qr DEBUG    GPU usage:    `conda install pynvml` for GPU usage
2026-07-18 15:51:56,616 kilosort.clustering_qr DEBUG    GPU memory:   22.31 %     |      0.89   /     4.00 GB
2026-07-18 15:51:56,616 kilosort.clustering_qr DEBUG    Allocated:     0.28 %     |      0.01   /     4.00 GB
2026-07-18 15:51:56,616 kilosort.clustering_qr DEBUG    Max alloc:     1.38 %     |      0.06   /     4.00 GB
2026-07-18 15:51:56,616 kilosort.clustering_qr DEBUG    ********************************************************
2026-07-18 15:51:56,646 kilosort.clustering_qr DEBUG    Center 39 | Xd shape: torch.Size([1980, 90]) | ntemp: 16
2026-07-18 15:51:57,827 kilosort.clustering_qr DEBUG    Center 40 | Xd shape: torch.Size([1529, 90]) | ntemp: 16
2026-07-18 15:51:59,200 kilosort.clustering_qr DEBUG    Center 41 | Xd shape: torch.Size([1711, 90]) | ntemp: 16
2026-07-18 15:52:00,540 kilosort.clustering_qr DEBUG    Center 42 | Xd shape: torch.Size([2463, 90]) | ntemp: 16
2026-07-18 15:52:01,984 kilosort.clustering_qr DEBUG    Center 43 | Xd shape: torch.Size([1882, 90]) | ntemp: 16
2026-07-18 15:52:03,437 kilosort.clustering_qr DEBUG    Center 44 | Xd shape: torch.Size([5097, 87]) | ntemp: 16
2026-07-18 15:52:04,772 kilosort.clustering_qr DEBUG    Center 45 | Xd shape: torch.Size([3617, 87]) | ntemp: 16
2026-07-18 15:52:06,015 kilosort.clustering_qr DEBUG    Center 46 | Xd shape: torch.Size([3375, 87]) | ntemp: 16
2026-07-18 15:52:07,398 kilosort.clustering_qr DEBUG    Center 47 | Xd shape: torch.Size([2643, 87]) | ntemp: 16
2026-07-18 15:52:08,677 kilosort.clustering_qr DEBUG    Center 48 | Xd shape: torch.Size([938, 87]) | ntemp: 16
2026-07-18 15:52:08,687 kilosort.clustering_qr DEBUG     
2026-07-18 15:52:08,687 kilosort.clustering_qr DEBUG    Cluster center: 49 (50/96)
2026-07-18 15:52:08,687 kilosort.clustering_qr DEBUG    ********************************************************
2026-07-18 15:52:08,687 kilosort.clustering_qr DEBUG    CPU usage:    18.70 %
2026-07-18 15:52:08,688 kilosort.clustering_qr DEBUG    Mem used:     52.00 %     |       8.14 GB
2026-07-18 15:52:08,688 kilosort.clustering_qr DEBUG    Mem avail:     7.51 / 15.65 GB
2026-07-18 15:52:08,688 kilosort.clustering_qr DEBUG    ------------------------------------------------------
2026-07-18 15:52:08,688 kilosort.clustering_qr DEBUG    GPU usage:    `conda install pynvml` for GPU usage
2026-07-18 15:52:08,688 kilosort.clustering_qr DEBUG    GPU memory:   22.31 %     |      0.89   /     4.00 GB
2026-07-18 15:52:08,688 kilosort.clustering_qr DEBUG    Allocated:     0.28 %     |      0.01   /     4.00 GB
2026-07-18 15:52:08,688 kilosort.clustering_qr DEBUG    Max alloc:     1.38 %     |      0.06   /     4.00 GB
2026-07-18 15:52:08,688 kilosort.clustering_qr DEBUG    ********************************************************
2026-07-18 15:52:08,704 kilosort.clustering_qr DEBUG    Center 49 | Xd shape: torch.Size([1541, 87]) | ntemp: 16
2026-07-18 15:52:10,073 kilosort.clustering_qr DEBUG    Center 50 | Xd shape: torch.Size([1300, 87]) | ntemp: 16
2026-07-18 15:52:11,367 kilosort.clustering_qr DEBUG    Center 51 | Xd shape: torch.Size([1584, 90]) | ntemp: 16
2026-07-18 15:52:12,755 kilosort.clustering_qr DEBUG    Center 52 | Xd shape: torch.Size([2377, 90]) | ntemp: 16
2026-07-18 15:52:14,194 kilosort.clustering_qr DEBUG    Center 53 | Xd shape: torch.Size([9743, 90]) | ntemp: 16
2026-07-18 15:52:15,661 kilosort.clustering_qr DEBUG    Center 54 | Xd shape: torch.Size([7247, 90]) | ntemp: 16
2026-07-18 15:52:17,218 kilosort.clustering_qr DEBUG    Center 55 | Xd shape: torch.Size([6184, 90]) | ntemp: 16
2026-07-18 15:52:18,574 kilosort.clustering_qr DEBUG    Center 56 | Xd shape: torch.Size([4988, 90]) | ntemp: 16
2026-07-18 15:52:19,934 kilosort.clustering_qr DEBUG    Center 57 | Xd shape: torch.Size([5523, 90]) | ntemp: 16
2026-07-18 15:52:21,323 kilosort.clustering_qr DEBUG    Center 58 | Xd shape: torch.Size([1347, 90]) | ntemp: 16
2026-07-18 15:52:22,598 kilosort.clustering_qr DEBUG     
2026-07-18 15:52:22,598 kilosort.clustering_qr DEBUG    Cluster center: 59 (60/96)
2026-07-18 15:52:22,598 kilosort.clustering_qr DEBUG    ********************************************************
2026-07-18 15:52:22,598 kilosort.clustering_qr DEBUG    CPU usage:    19.30 %
2026-07-18 15:52:22,598 kilosort.clustering_qr DEBUG    Mem used:     51.90 %     |       8.13 GB
2026-07-18 15:52:22,598 kilosort.clustering_qr DEBUG    Mem avail:     7.52 / 15.65 GB
2026-07-18 15:52:22,598 kilosort.clustering_qr DEBUG    ------------------------------------------------------
2026-07-18 15:52:22,598 kilosort.clustering_qr DEBUG    GPU usage:    `conda install pynvml` for GPU usage
2026-07-18 15:52:22,608 kilosort.clustering_qr DEBUG    GPU memory:   22.31 %     |      0.89   /     4.00 GB
2026-07-18 15:52:22,608 kilosort.clustering_qr DEBUG    Allocated:     0.28 %     |      0.01   /     4.00 GB
2026-07-18 15:52:22,608 kilosort.clustering_qr DEBUG    Max alloc:     1.38 %     |      0.06   /     4.00 GB
2026-07-18 15:52:22,608 kilosort.clustering_qr DEBUG    ********************************************************
2026-07-18 15:52:22,629 kilosort.clustering_qr DEBUG    Center 59 | Xd shape: torch.Size([509, 90]) | ntemp: 16
2026-07-18 15:52:22,659 kilosort.clustering_qr DEBUG    Center 60 | Xd shape: torch.Size([2517, 90]) | ntemp: 16
2026-07-18 15:52:23,964 kilosort.clustering_qr DEBUG    Center 61 | Xd shape: torch.Size([4112, 90]) | ntemp: 16
2026-07-18 15:52:25,338 kilosort.clustering_qr DEBUG    Center 62 | Xd shape: torch.Size([4372, 90]) | ntemp: 16
2026-07-18 15:52:26,655 kilosort.clustering_qr DEBUG    Center 63 | Xd shape: torch.Size([1409, 90]) | ntemp: 16
2026-07-18 15:52:27,914 kilosort.clustering_qr DEBUG    Center 64 | Xd shape: torch.Size([1609, 90]) | ntemp: 16
2026-07-18 15:52:29,245 kilosort.clustering_qr DEBUG    Center 65 | Xd shape: torch.Size([1692, 90]) | ntemp: 16
2026-07-18 15:52:30,483 kilosort.clustering_qr DEBUG    Center 66 | Xd shape: torch.Size([4665, 90]) | ntemp: 16
2026-07-18 15:52:31,905 kilosort.clustering_qr DEBUG    Center 67 | Xd shape: torch.Size([2249, 90]) | ntemp: 16
2026-07-18 15:52:33,178 kilosort.clustering_qr DEBUG    Center 68 | Xd shape: torch.Size([2635, 90]) | ntemp: 16
2026-07-18 15:52:34,457 kilosort.clustering_qr DEBUG     
2026-07-18 15:52:34,457 kilosort.clustering_qr DEBUG    Cluster center: 69 (70/96)
2026-07-18 15:52:34,468 kilosort.clustering_qr DEBUG    ********************************************************
2026-07-18 15:52:34,468 kilosort.clustering_qr DEBUG    CPU usage:    19.70 %
2026-07-18 15:52:34,468 kilosort.clustering_qr DEBUG    Mem used:     52.00 %     |       8.14 GB
2026-07-18 15:52:34,468 kilosort.clustering_qr DEBUG    Mem avail:     7.51 / 15.65 GB
2026-07-18 15:52:34,468 kilosort.clustering_qr DEBUG    ------------------------------------------------------
2026-07-18 15:52:34,468 kilosort.clustering_qr DEBUG    GPU usage:    `conda install pynvml` for GPU usage
2026-07-18 15:52:34,468 kilosort.clustering_qr DEBUG    GPU memory:   22.31 %     |      0.89   /     4.00 GB
2026-07-18 15:52:34,468 kilosort.clustering_qr DEBUG    Allocated:     0.28 %     |      0.01   /     4.00 GB
2026-07-18 15:52:34,468 kilosort.clustering_qr DEBUG    Max alloc:     1.38 %     |      0.06   /     4.00 GB
2026-07-18 15:52:34,468 kilosort.clustering_qr DEBUG    ********************************************************
2026-07-18 15:52:34,498 kilosort.clustering_qr DEBUG    Center 69 | Xd shape: torch.Size([4950, 90]) | ntemp: 16
2026-07-18 15:52:35,939 kilosort.clustering_qr DEBUG    Center 70 | Xd shape: torch.Size([3982, 90]) | ntemp: 16
2026-07-18 15:52:37,050 kilosort.clustering_qr DEBUG    Center 71 | Xd shape: torch.Size([5419, 90]) | ntemp: 16
2026-07-18 15:52:38,354 kilosort.clustering_qr DEBUG    Center 72 | Xd shape: torch.Size([2964, 90]) | ntemp: 16
2026-07-18 15:52:39,745 kilosort.clustering_qr DEBUG    Center 73 | Xd shape: torch.Size([1862, 90]) | ntemp: 16
2026-07-18 15:52:41,167 kilosort.clustering_qr DEBUG    Center 74 | Xd shape: torch.Size([1786, 90]) | ntemp: 16
2026-07-18 15:52:42,367 kilosort.clustering_qr DEBUG    Center 75 | Xd shape: torch.Size([2213, 90]) | ntemp: 16
2026-07-18 15:52:43,695 kilosort.clustering_qr DEBUG    Center 76 | Xd shape: torch.Size([896, 90]) | ntemp: 16
2026-07-18 15:52:43,716 kilosort.clustering_qr DEBUG    Center 77 | Xd shape: torch.Size([1736, 90]) | ntemp: 16
2026-07-18 15:52:44,931 kilosort.clustering_qr DEBUG    Center 78 | Xd shape: torch.Size([2407, 90]) | ntemp: 16
2026-07-18 15:52:46,296 kilosort.clustering_qr DEBUG     
2026-07-18 15:52:46,296 kilosort.clustering_qr DEBUG    Cluster center: 79 (80/96)
2026-07-18 15:52:46,296 kilosort.clustering_qr DEBUG    ********************************************************
2026-07-18 15:52:46,296 kilosort.clustering_qr DEBUG    CPU usage:    19.00 %
2026-07-18 15:52:46,296 kilosort.clustering_qr DEBUG    Mem used:     52.00 %     |       8.14 GB
2026-07-18 15:52:46,296 kilosort.clustering_qr DEBUG    Mem avail:     7.51 / 15.65 GB
2026-07-18 15:52:46,296 kilosort.clustering_qr DEBUG    ------------------------------------------------------
2026-07-18 15:52:46,296 kilosort.clustering_qr DEBUG    GPU usage:    `conda install pynvml` for GPU usage
2026-07-18 15:52:46,296 kilosort.clustering_qr DEBUG    GPU memory:   22.31 %     |      0.89   /     4.00 GB
2026-07-18 15:52:46,306 kilosort.clustering_qr DEBUG    Allocated:     0.28 %     |      0.01   /     4.00 GB
2026-07-18 15:52:46,306 kilosort.clustering_qr DEBUG    Max alloc:     1.38 %     |      0.06   /     4.00 GB
2026-07-18 15:52:46,306 kilosort.clustering_qr DEBUG    ********************************************************
2026-07-18 15:52:46,332 kilosort.clustering_qr DEBUG    Center 79 | Xd shape: torch.Size([808, 90]) | ntemp: 16
2026-07-18 15:52:46,352 kilosort.clustering_qr DEBUG    Center 80 | Xd shape: torch.Size([387, 90]) | ntemp: 16
2026-07-18 15:52:46,373 kilosort.clustering_qr DEBUG    Center 81 | Xd shape: torch.Size([427, 90]) | ntemp: 16
2026-07-18 15:52:46,383 kilosort.clustering_qr DEBUG    Center 82 | Xd shape: torch.Size([176, 90]) | ntemp: 16
2026-07-18 15:52:46,403 kilosort.clustering_qr DEBUG    Center 83 | Xd shape: torch.Size([548, 90]) | ntemp: 16
2026-07-18 15:52:46,428 kilosort.clustering_qr DEBUG    Center 84 | Xd shape: torch.Size([1259, 90]) | ntemp: 16
2026-07-18 15:52:47,714 kilosort.clustering_qr DEBUG    Center 85 | Xd shape: torch.Size([2382, 90]) | ntemp: 16
2026-07-18 15:52:49,194 kilosort.clustering_qr DEBUG    Center 86 | Xd shape: torch.Size([696, 90]) | ntemp: 16
2026-07-18 15:52:49,204 kilosort.clustering_qr DEBUG    Center 87 | Xd shape: torch.Size([555, 90]) | ntemp: 16
2026-07-18 15:52:49,214 kilosort.clustering_qr DEBUG    Center 88 | Xd shape: torch.Size([386, 90]) | ntemp: 16
2026-07-18 15:52:49,224 kilosort.clustering_qr DEBUG     
2026-07-18 15:52:49,224 kilosort.clustering_qr DEBUG    Cluster center: 89 (90/96)
2026-07-18 15:52:49,224 kilosort.clustering_qr DEBUG    ********************************************************
2026-07-18 15:52:49,224 kilosort.clustering_qr DEBUG    CPU usage:    19.20 %
2026-07-18 15:52:49,224 kilosort.clustering_qr DEBUG    Mem used:     52.00 %     |       8.14 GB
2026-07-18 15:52:49,224 kilosort.clustering_qr DEBUG    Mem avail:     7.51 / 15.65 GB
2026-07-18 15:52:49,224 kilosort.clustering_qr DEBUG    ------------------------------------------------------
2026-07-18 15:52:49,224 kilosort.clustering_qr DEBUG    GPU usage:    `conda install pynvml` for GPU usage
2026-07-18 15:52:49,224 kilosort.clustering_qr DEBUG    GPU memory:   22.31 %     |      0.89   /     4.00 GB
2026-07-18 15:52:49,224 kilosort.clustering_qr DEBUG    Allocated:     0.28 %     |      0.01   /     4.00 GB
2026-07-18 15:52:49,224 kilosort.clustering_qr DEBUG    Max alloc:     1.38 %     |      0.06   /     4.00 GB
2026-07-18 15:52:49,224 kilosort.clustering_qr DEBUG    ********************************************************
2026-07-18 15:52:49,254 kilosort.clustering_qr DEBUG    Center 89 | Xd shape: torch.Size([691, 90]) | ntemp: 16
2026-07-18 15:52:49,295 kilosort.clustering_qr DEBUG    Center 90 | Xd shape: torch.Size([1117, 90]) | ntemp: 16
2026-07-18 15:52:50,663 kilosort.clustering_qr DEBUG    Center 91 | Xd shape: torch.Size([1197, 90]) | ntemp: 16
2026-07-18 15:52:52,019 kilosort.clustering_qr DEBUG    Center 92 | Xd shape: torch.Size([699, 84]) | ntemp: 16
2026-07-18 15:52:52,039 kilosort.clustering_qr DEBUG    Center 93 | Xd shape: torch.Size([471, 78]) | ntemp: 16
2026-07-18 15:52:52,070 kilosort.clustering_qr DEBUG    Center 94 | Xd shape: torch.Size([1840, 78]) | ntemp: 16
2026-07-18 15:52:53,497 kilosort.clustering_qr DEBUG    Center 95 | Xd shape: torch.Size([19, 78]) | ntemp: 12
2026-07-18 15:52:54,668 kilosort.run_kilosort INFO     445 clusters found, in 109.23s; total 2713.07s
2026-07-18 15:52:54,668 kilosort.run_kilosort DEBUG    clu shape: (384162,)
2026-07-18 15:52:54,668 kilosort.run_kilosort DEBUG    Wall shape: torch.Size([445, 383, 3])
2026-07-18 15:52:54,668 kilosort.run_kilosort INFO      
2026-07-18 15:52:54,668 kilosort.run_kilosort INFO     Resource usage after first clustering
2026-07-18 15:52:54,668 kilosort.run_kilosort INFO     ********************************************************
2026-07-18 15:52:54,668 kilosort.run_kilosort INFO     CPU usage:    40.00 %
2026-07-18 15:52:54,668 kilosort.run_kilosort INFO     Mem used:     51.90 %     |       8.12 GB
2026-07-18 15:52:54,668 kilosort.run_kilosort INFO     Mem avail:     7.53 / 15.65 GB
2026-07-18 15:52:54,668 kilosort.run_kilosort INFO     ------------------------------------------------------
2026-07-18 15:52:54,668 kilosort.run_kilosort INFO     GPU usage:    `conda install pynvml` for GPU usage
2026-07-18 15:52:54,668 kilosort.run_kilosort INFO     GPU memory:   36.91 %     |      1.48   /     4.00 GB
2026-07-18 15:52:54,668 kilosort.run_kilosort INFO     Allocated:     0.32 %     |      0.01   /     4.00 GB
2026-07-18 15:52:54,668 kilosort.run_kilosort INFO     Max alloc:    12.93 %     |      0.52   /     4.00 GB
2026-07-18 15:52:54,668 kilosort.run_kilosort INFO     ********************************************************
2026-07-18 15:52:54,668 kilosort.run_kilosort DEBUG    
2026-07-18 15:52:54,668 kilosort.run_kilosort DEBUG    --------------------
2026-07-18 15:52:54,668 kilosort.run_kilosort DEBUG    Process thread count: N/A (linux only)
2026-07-18 15:52:54,668 kilosort.run_kilosort DEBUG    num torch threads: 8
2026-07-18 15:52:54,668 kilosort.run_kilosort DEBUG    --------------------

2026-07-18 15:52:54,678 kilosort.run_kilosort INFO      
2026-07-18 15:52:54,678 kilosort.run_kilosort INFO     Extracting spikes using cluster waveforms
2026-07-18 15:52:54,678 kilosort.run_kilosort INFO     ----------------------------------------
2026-07-18 15:52:54,751 kilosort.template_matching DEBUG     
2026-07-18 15:52:54,751 kilosort.template_matching DEBUG    Batch 0
2026-07-18 15:52:54,751 kilosort.template_matching DEBUG    ********************************************************
2026-07-18 15:52:54,751 kilosort.template_matching DEBUG    CPU usage:    16.70 %
2026-07-18 15:52:54,751 kilosort.template_matching DEBUG    Mem used:     53.70 %     |       8.40 GB
2026-07-18 15:52:54,751 kilosort.template_matching DEBUG    Mem avail:     7.25 / 15.65 GB
2026-07-18 15:52:54,751 kilosort.template_matching DEBUG    ------------------------------------------------------
2026-07-18 15:52:54,751 kilosort.template_matching DEBUG    GPU usage:    `conda install pynvml` for GPU usage
2026-07-18 15:52:54,751 kilosort.template_matching DEBUG    GPU memory:   36.91 %     |      1.48   /     4.00 GB
2026-07-18 15:52:54,751 kilosort.template_matching DEBUG    Allocated:     2.03 %     |      0.08   /     4.00 GB
2026-07-18 15:52:54,751 kilosort.template_matching DEBUG    Max alloc:     2.27 %     |      0.09   /     4.00 GB
2026-07-18 15:52:54,751 kilosort.template_matching DEBUG    ********************************************************
2026-07-18 15:54:39,072 kilosort.template_matching DEBUG     
2026-07-18 15:54:39,072 kilosort.template_matching DEBUG    Batch 100
2026-07-18 15:54:39,072 kilosort.template_matching DEBUG    ********************************************************
2026-07-18 15:54:39,082 kilosort.template_matching DEBUG    CPU usage:    19.50 %
2026-07-18 15:54:39,082 kilosort.template_matching DEBUG    Mem used:     53.70 %     |       8.40 GB
2026-07-18 15:54:39,082 kilosort.template_matching DEBUG    Mem avail:     7.25 / 15.65 GB
2026-07-18 15:54:39,082 kilosort.template_matching DEBUG    ------------------------------------------------------
2026-07-18 15:54:39,082 kilosort.template_matching DEBUG    GPU usage:    `conda install pynvml` for GPU usage
2026-07-18 15:54:39,082 kilosort.template_matching DEBUG    GPU memory:   69.53 %     |      2.78   /     4.00 GB
2026-07-18 15:54:39,082 kilosort.template_matching DEBUG    Allocated:     6.39 %     |      0.26   /     4.00 GB
2026-07-18 15:54:39,082 kilosort.template_matching DEBUG    Max alloc:    36.65 %     |      1.47   /     4.00 GB
2026-07-18 15:54:39,082 kilosort.template_matching DEBUG    ********************************************************
2026-07-18 15:54:45,508 kilosort.template_matching DEBUG     
2026-07-18 15:54:45,508 kilosort.template_matching DEBUG    Batch 106
2026-07-18 15:54:45,508 kilosort.template_matching DEBUG    ********************************************************
2026-07-18 15:54:45,508 kilosort.template_matching DEBUG    CPU usage:    16.70 %
2026-07-18 15:54:45,508 kilosort.template_matching DEBUG    Mem used:     53.70 %     |       8.40 GB
2026-07-18 15:54:45,508 kilosort.template_matching DEBUG    Mem avail:     7.24 / 15.65 GB
2026-07-18 15:54:45,508 kilosort.template_matching DEBUG    ------------------------------------------------------
2026-07-18 15:54:45,508 kilosort.template_matching DEBUG    GPU usage:    `conda install pynvml` for GPU usage
2026-07-18 15:54:45,508 kilosort.template_matching DEBUG    GPU memory:   69.53 %     |      2.78   /     4.00 GB
2026-07-18 15:54:45,508 kilosort.template_matching DEBUG    Allocated:     6.39 %     |      0.26   /     4.00 GB
2026-07-18 15:54:45,508 kilosort.template_matching DEBUG    Max alloc:    36.65 %     |      1.47   /     4.00 GB
2026-07-18 15:54:45,517 kilosort.template_matching DEBUG    ********************************************************
2026-07-18 15:54:45,829 kilosort.run_kilosort DEBUG    
2026-07-18 15:54:45,829 kilosort.run_kilosort DEBUG    --------------------
2026-07-18 15:54:45,829 kilosort.run_kilosort DEBUG    Process thread count: N/A (linux only)
2026-07-18 15:54:45,829 kilosort.run_kilosort DEBUG    num torch threads: 8
2026-07-18 15:54:45,829 kilosort.run_kilosort DEBUG    --------------------

2026-07-18 15:54:45,829 kilosort.run_kilosort INFO     699289 spikes extracted in 111.15s; total 2824.24s
2026-07-18 15:54:45,829 kilosort.run_kilosort DEBUG    st shape: (699289, 3)
2026-07-18 15:54:45,829 kilosort.run_kilosort DEBUG    tF shape: torch.Size([699289, 25, 3])
2026-07-18 15:54:45,829 kilosort.run_kilosort DEBUG    iCC shape: torch.Size([25, 383])
2026-07-18 15:54:45,829 kilosort.run_kilosort DEBUG    iU shape: torch.Size([385])
2026-07-18 15:54:45,838 kilosort.run_kilosort DEBUG    

|===========================================================================|
|                  PyTorch CUDA memory summary, device ID 0                 |
|---------------------------------------------------------------------------|
|            CUDA OOMs: 0            |        cudaMalloc retries: 0         |
|===========================================================================|
|        Metric         | Cur Usage  | Peak Usage | Tot Alloc  | Tot Freed  |
|---------------------------------------------------------------------------|
| Allocated memory      |  13648 KiB |   1501 MiB |  28002 GiB |  28002 GiB |
|---------------------------------------------------------------------------|
| Active memory         |  13648 KiB |   1501 MiB |  28002 GiB |  28002 GiB |
|---------------------------------------------------------------------------|
| Requested memory      |  13645 KiB |   1500 MiB |  27992 GiB |  27992 GiB |
|---------------------------------------------------------------------------|
| GPU reserved memory   |   1984 MiB |   1984 MiB |    947 GiB |    945 GiB |
|---------------------------------------------------------------------------|
| Non-releasable memory |  39599 KiB |   1110 MiB |   9431 GiB |   9431 GiB |
|---------------------------------------------------------------------------|
| Allocations           |      13    |      45    |    1364 K  |    1364 K  |
|---------------------------------------------------------------------------|
| Active allocs         |      13    |      45    |    1364 K  |    1364 K  |
|---------------------------------------------------------------------------|
| GPU reserved segments |      14    |      14    |    2772    |    2758    |
|---------------------------------------------------------------------------|
| Non-releasable allocs |      12    |      23    |  540692    |  540680    |
|---------------------------------------------------------------------------|
| Oversize allocations  |       0    |       0    |       0    |       0    |
|---------------------------------------------------------------------------|
| Oversize GPU segments |       0    |       0    |       0    |       0    |
|===========================================================================|


2026-07-18 15:54:45,838 kilosort.run_kilosort INFO      
2026-07-18 15:54:45,838 kilosort.run_kilosort INFO     Resource usage after spike detect (learned)
2026-07-18 15:54:45,838 kilosort.run_kilosort INFO     ********************************************************
2026-07-18 15:54:45,838 kilosort.run_kilosort INFO     CPU usage:     0.00 %
2026-07-18 15:54:45,838 kilosort.run_kilosort INFO     Mem used:     52.50 %     |       8.22 GB
2026-07-18 15:54:45,838 kilosort.run_kilosort INFO     Mem avail:     7.43 / 15.65 GB
2026-07-18 15:54:45,838 kilosort.run_kilosort INFO     ------------------------------------------------------
2026-07-18 15:54:45,838 kilosort.run_kilosort INFO     GPU usage:    `conda install pynvml` for GPU usage
2026-07-18 15:54:45,838 kilosort.run_kilosort INFO     GPU memory:   69.53 %     |      2.78   /     4.00 GB
2026-07-18 15:54:45,838 kilosort.run_kilosort INFO     Allocated:     0.33 %     |      0.01   /     4.00 GB
2026-07-18 15:54:45,838 kilosort.run_kilosort INFO     Max alloc:    36.65 %     |      1.47   /     4.00 GB
2026-07-18 15:54:45,838 kilosort.run_kilosort INFO     ********************************************************
2026-07-18 15:54:45,838 kilosort.run_kilosort DEBUG    
2026-07-18 15:54:45,838 kilosort.run_kilosort DEBUG    --------------------
2026-07-18 15:54:45,838 kilosort.run_kilosort DEBUG    Process thread count: N/A (linux only)
2026-07-18 15:54:45,838 kilosort.run_kilosort DEBUG    num torch threads: 8
2026-07-18 15:54:45,838 kilosort.run_kilosort DEBUG    --------------------

2026-07-18 15:54:45,838 kilosort.run_kilosort INFO     Generating diagnostic plots ...
2026-07-18 15:54:49,198 kilosort.run_kilosort INFO      
2026-07-18 15:54:49,198 kilosort.run_kilosort INFO     Final clustering
2026-07-18 15:54:49,198 kilosort.run_kilosort INFO     ----------------------------------------
2026-07-18 15:54:49,290 kilosort.clustering_qr DEBUG    Center 0 | Xd shape: torch.Size([20589, 78]) | ntemp: 8
2026-07-18 15:54:57,554 kilosort.clustering_qr DEBUG    Center 1 | Xd shape: torch.Size([11530, 78]) | ntemp: 6
2026-07-18 15:54:59,345 kilosort.clustering_qr DEBUG    Center 2 | Xd shape: torch.Size([15423, 78]) | ntemp: 8
2026-07-18 15:55:00,895 kilosort.clustering_qr DEBUG    Center 3 | Xd shape: torch.Size([16130, 84]) | ntemp: 11
2026-07-18 15:55:02,569 kilosort.clustering_qr DEBUG    Center 4 | Xd shape: torch.Size([21257, 84]) | ntemp: 10
2026-07-18 15:55:04,594 kilosort.clustering_qr DEBUG    Center 5 | Xd shape: torch.Size([8106, 84]) | ntemp: 10
2026-07-18 15:55:06,173 kilosort.clustering_qr DEBUG    Center 6 | Xd shape: torch.Size([10062, 84]) | ntemp: 8
2026-07-18 15:55:07,715 kilosort.clustering_qr DEBUG    Center 7 | Xd shape: torch.Size([13619, 81]) | ntemp: 11
2026-07-18 15:55:09,494 kilosort.clustering_qr DEBUG    Center 8 | Xd shape: torch.Size([16626, 84]) | ntemp: 8
2026-07-18 15:55:11,181 kilosort.clustering_qr DEBUG     
2026-07-18 15:55:11,181 kilosort.clustering_qr DEBUG    Cluster center: 9 (10/85)
2026-07-18 15:55:11,181 kilosort.clustering_qr DEBUG    ********************************************************
2026-07-18 15:55:11,181 kilosort.clustering_qr DEBUG    CPU usage:    17.80 %
2026-07-18 15:55:11,181 kilosort.clustering_qr DEBUG    Mem used:     52.80 %     |       8.26 GB
2026-07-18 15:55:11,181 kilosort.clustering_qr DEBUG    Mem avail:     7.39 / 15.65 GB
2026-07-18 15:55:11,181 kilosort.clustering_qr DEBUG    ------------------------------------------------------
2026-07-18 15:55:11,181 kilosort.clustering_qr DEBUG    GPU usage:    `conda install pynvml` for GPU usage
2026-07-18 15:55:11,181 kilosort.clustering_qr DEBUG    GPU memory:   22.36 %     |      0.89   /     4.00 GB
2026-07-18 15:55:11,181 kilosort.clustering_qr DEBUG    Allocated:     0.29 %     |      0.01   /     4.00 GB
2026-07-18 15:55:11,181 kilosort.clustering_qr DEBUG    Max alloc:     1.75 %     |      0.07   /     4.00 GB
2026-07-18 15:55:11,181 kilosort.clustering_qr DEBUG    ********************************************************
2026-07-18 15:55:11,222 kilosort.clustering_qr DEBUG    Center 9 | Xd shape: torch.Size([18653, 84]) | ntemp: 8
2026-07-18 15:55:13,064 kilosort.clustering_qr DEBUG    Center 10 | Xd shape: torch.Size([22489, 84]) | ntemp: 12
2026-07-18 15:55:15,012 kilosort.clustering_qr DEBUG    Center 11 | Xd shape: torch.Size([22955, 84]) | ntemp: 5
2026-07-18 15:55:16,853 kilosort.clustering_qr DEBUG    Center 12 | Xd shape: torch.Size([17995, 84]) | ntemp: 7
2026-07-18 15:55:18,625 kilosort.clustering_qr DEBUG    Center 13 | Xd shape: torch.Size([15936, 84]) | ntemp: 10
2026-07-18 15:55:20,349 kilosort.clustering_qr DEBUG    Center 14 | Xd shape: torch.Size([20364, 84]) | ntemp: 10
2026-07-18 15:55:22,262 kilosort.clustering_qr DEBUG    Center 15 | Xd shape: torch.Size([21844, 84]) | ntemp: 12
2026-07-18 15:55:24,393 kilosort.clustering_qr DEBUG    Center 16 | Xd shape: torch.Size([13080, 81]) | ntemp: 5
2026-07-18 15:55:25,854 kilosort.clustering_qr DEBUG    Center 17 | Xd shape: torch.Size([21252, 84]) | ntemp: 6
2026-07-18 15:55:27,657 kilosort.clustering_qr DEBUG    Center 18 | Xd shape: torch.Size([28382, 84]) | ntemp: 12
2026-07-18 15:55:29,737 kilosort.clustering_qr DEBUG     
2026-07-18 15:55:29,737 kilosort.clustering_qr DEBUG    Cluster center: 19 (20/85)
2026-07-18 15:55:29,737 kilosort.clustering_qr DEBUG    ********************************************************
2026-07-18 15:55:29,737 kilosort.clustering_qr DEBUG    CPU usage:    20.70 %
2026-07-18 15:55:29,737 kilosort.clustering_qr DEBUG    Mem used:     52.90 %     |       8.28 GB
2026-07-18 15:55:29,737 kilosort.clustering_qr DEBUG    Mem avail:     7.37 / 15.65 GB
2026-07-18 15:55:29,737 kilosort.clustering_qr DEBUG    ------------------------------------------------------
2026-07-18 15:55:29,737 kilosort.clustering_qr DEBUG    GPU usage:    `conda install pynvml` for GPU usage
2026-07-18 15:55:29,737 kilosort.clustering_qr DEBUG    GPU memory:   22.36 %     |      0.89   /     4.00 GB
2026-07-18 15:55:29,737 kilosort.clustering_qr DEBUG    Allocated:     0.29 %     |      0.01   /     4.00 GB
2026-07-18 15:55:29,737 kilosort.clustering_qr DEBUG    Max alloc:     2.27 %     |      0.09   /     4.00 GB
2026-07-18 15:55:29,737 kilosort.clustering_qr DEBUG    ********************************************************
2026-07-18 15:55:29,781 kilosort.clustering_qr DEBUG    Center 19 | Xd shape: torch.Size([30541, 81]) | ntemp: 8
2026-07-18 15:55:32,017 kilosort.clustering_qr DEBUG    Center 20 | Xd shape: torch.Size([13003, 81]) | ntemp: 7
2026-07-18 15:55:33,936 kilosort.clustering_qr DEBUG    Center 21 | Xd shape: torch.Size([6287, 81]) | ntemp: 7
2026-07-18 15:55:35,399 kilosort.clustering_qr DEBUG    Center 22 | Xd shape: torch.Size([1770, 75]) | ntemp: 2
2026-07-18 15:55:36,619 kilosort.clustering_qr DEBUG    Center 25 | Xd shape: torch.Size([2914, 78]) | ntemp: 2
2026-07-18 15:55:37,959 kilosort.clustering_qr DEBUG    Center 26 | Xd shape: torch.Size([40, 81]) | ntemp: 2
2026-07-18 15:55:38,000 kilosort.clustering_qr DEBUG    Center 28 | Xd shape: torch.Size([8809, 81]) | ntemp: 5
2026-07-18 15:55:39,430 kilosort.clustering_qr DEBUG    Center 29 | Xd shape: torch.Size([4200, 78]) | ntemp: 2
2026-07-18 15:55:40,781 kilosort.clustering_qr DEBUG    Center 30 | Xd shape: torch.Size([4581, 81]) | ntemp: 2
2026-07-18 15:55:42,188 kilosort.clustering_qr DEBUG    Center 31 | Xd shape: torch.Size([6379, 81]) | ntemp: 2
2026-07-18 15:55:43,579 kilosort.clustering_qr DEBUG     
2026-07-18 15:55:43,579 kilosort.clustering_qr DEBUG    Cluster center: 32 (30/85)
2026-07-18 15:55:43,579 kilosort.clustering_qr DEBUG    ********************************************************
2026-07-18 15:55:43,579 kilosort.clustering_qr DEBUG    CPU usage:    20.40 %
2026-07-18 15:55:43,579 kilosort.clustering_qr DEBUG    Mem used:     52.80 %     |       8.26 GB
2026-07-18 15:55:43,579 kilosort.clustering_qr DEBUG    Mem avail:     7.38 / 15.65 GB
2026-07-18 15:55:43,579 kilosort.clustering_qr DEBUG    ------------------------------------------------------
2026-07-18 15:55:43,579 kilosort.clustering_qr DEBUG    GPU usage:    `conda install pynvml` for GPU usage
2026-07-18 15:55:43,579 kilosort.clustering_qr DEBUG    GPU memory:   22.36 %     |      0.89   /     4.00 GB
2026-07-18 15:55:43,579 kilosort.clustering_qr DEBUG    Allocated:     0.29 %     |      0.01   /     4.00 GB
2026-07-18 15:55:43,579 kilosort.clustering_qr DEBUG    Max alloc:     2.43 %     |      0.10   /     4.00 GB
2026-07-18 15:55:43,579 kilosort.clustering_qr DEBUG    ********************************************************
2026-07-18 15:55:43,610 kilosort.clustering_qr DEBUG    Center 32 | Xd shape: torch.Size([8464, 84]) | ntemp: 5
2026-07-18 15:55:45,285 kilosort.clustering_qr DEBUG    Center 33 | Xd shape: torch.Size([10220, 78]) | ntemp: 6
2026-07-18 15:55:46,819 kilosort.clustering_qr DEBUG    Center 34 | Xd shape: torch.Size([3743, 81]) | ntemp: 5
2026-07-18 15:55:48,125 kilosort.clustering_qr DEBUG    Center 35 | Xd shape: torch.Size([9913, 78]) | ntemp: 6
2026-07-18 15:55:49,579 kilosort.clustering_qr DEBUG    Center 36 | Xd shape: torch.Size([13415, 84]) | ntemp: 7
2026-07-18 15:55:51,111 kilosort.clustering_qr DEBUG    Center 37 | Xd shape: torch.Size([10739, 84]) | ntemp: 5
2026-07-18 15:55:52,624 kilosort.clustering_qr DEBUG    Center 38 | Xd shape: torch.Size([5035, 75]) | ntemp: 2
2026-07-18 15:55:54,032 kilosort.clustering_qr DEBUG    Center 39 | Xd shape: torch.Size([5951, 75]) | ntemp: 2
2026-07-18 15:55:55,358 kilosort.clustering_qr DEBUG    Center 40 | Xd shape: torch.Size([451, 75]) | ntemp: 1
2026-07-18 15:55:55,389 kilosort.clustering_qr DEBUG    Center 41 | Xd shape: torch.Size([3717, 78]) | ntemp: 3
2026-07-18 15:55:56,278 kilosort.clustering_qr DEBUG     
2026-07-18 15:55:56,278 kilosort.clustering_qr DEBUG    Cluster center: 42 (40/85)
2026-07-18 15:55:56,278 kilosort.clustering_qr DEBUG    ********************************************************
2026-07-18 15:55:56,278 kilosort.clustering_qr DEBUG    CPU usage:    19.30 %
2026-07-18 15:55:56,278 kilosort.clustering_qr DEBUG    Mem used:     52.80 %     |       8.27 GB
2026-07-18 15:55:56,278 kilosort.clustering_qr DEBUG    Mem avail:     7.38 / 15.65 GB
2026-07-18 15:55:56,278 kilosort.clustering_qr DEBUG    ------------------------------------------------------
2026-07-18 15:55:56,278 kilosort.clustering_qr DEBUG    GPU usage:    `conda install pynvml` for GPU usage
2026-07-18 15:55:56,278 kilosort.clustering_qr DEBUG    GPU memory:   22.36 %     |      0.89   /     4.00 GB
2026-07-18 15:55:56,278 kilosort.clustering_qr DEBUG    Allocated:     0.29 %     |      0.01   /     4.00 GB
2026-07-18 15:55:56,278 kilosort.clustering_qr DEBUG    Max alloc:     2.43 %     |      0.10   /     4.00 GB
2026-07-18 15:55:56,278 kilosort.clustering_qr DEBUG    ********************************************************
2026-07-18 15:55:56,298 kilosort.clustering_qr DEBUG    Center 42 | Xd shape: torch.Size([1981, 75]) | ntemp: 1
2026-07-18 15:55:57,251 kilosort.clustering_qr DEBUG    Center 43 | Xd shape: torch.Size([2475, 75]) | ntemp: 1
2026-07-18 15:55:58,592 kilosort.clustering_qr DEBUG    Center 45 | Xd shape: torch.Size([9548, 75]) | ntemp: 2
2026-07-18 15:56:00,065 kilosort.clustering_qr DEBUG    Center 46 | Xd shape: torch.Size([3457, 75]) | ntemp: 1
2026-07-18 15:56:01,386 kilosort.clustering_qr DEBUG    Center 47 | Xd shape: torch.Size([8280, 75]) | ntemp: 4
2026-07-18 15:56:02,825 kilosort.clustering_qr DEBUG    Center 48 | Xd shape: torch.Size([575, 75]) | ntemp: 1
2026-07-18 15:56:02,842 kilosort.clustering_qr DEBUG    Center 49 | Xd shape: torch.Size([2732, 75]) | ntemp: 2
2026-07-18 15:56:04,200 kilosort.clustering_qr DEBUG    Center 50 | Xd shape: torch.Size([2980, 81]) | ntemp: 3
2026-07-18 15:56:05,565 kilosort.clustering_qr DEBUG    Center 51 | Xd shape: torch.Size([5294, 81]) | ntemp: 4
2026-07-18 15:56:06,903 kilosort.clustering_qr DEBUG    Center 52 | Xd shape: torch.Size([3397, 75]) | ntemp: 3
2026-07-18 15:56:08,133 kilosort.clustering_qr DEBUG     
2026-07-18 15:56:08,133 kilosort.clustering_qr DEBUG    Cluster center: 53 (50/85)
2026-07-18 15:56:08,133 kilosort.clustering_qr DEBUG    ********************************************************
2026-07-18 15:56:08,133 kilosort.clustering_qr DEBUG    CPU usage:    19.60 %
2026-07-18 15:56:08,133 kilosort.clustering_qr DEBUG    Mem used:     52.90 %     |       8.28 GB
2026-07-18 15:56:08,133 kilosort.clustering_qr DEBUG    Mem avail:     7.37 / 15.65 GB
2026-07-18 15:56:08,133 kilosort.clustering_qr DEBUG    ------------------------------------------------------
2026-07-18 15:56:08,133 kilosort.clustering_qr DEBUG    GPU usage:    `conda install pynvml` for GPU usage
2026-07-18 15:56:08,133 kilosort.clustering_qr DEBUG    GPU memory:   22.36 %     |      0.89   /     4.00 GB
2026-07-18 15:56:08,133 kilosort.clustering_qr DEBUG    Allocated:     0.29 %     |      0.01   /     4.00 GB
2026-07-18 15:56:08,133 kilosort.clustering_qr DEBUG    Max alloc:     2.43 %     |      0.10   /     4.00 GB
2026-07-18 15:56:08,133 kilosort.clustering_qr DEBUG    ********************************************************
2026-07-18 15:56:08,174 kilosort.clustering_qr DEBUG    Center 53 | Xd shape: torch.Size([13186, 84]) | ntemp: 3
2026-07-18 15:56:09,549 kilosort.clustering_qr DEBUG    Center 54 | Xd shape: torch.Size([13733, 84]) | ntemp: 8
2026-07-18 15:56:11,115 kilosort.clustering_qr DEBUG    Center 55 | Xd shape: torch.Size([14141, 81]) | ntemp: 7
2026-07-18 15:56:12,636 kilosort.clustering_qr DEBUG    Center 56 | Xd shape: torch.Size([10583, 81]) | ntemp: 7
2026-07-18 15:56:13,958 kilosort.clustering_qr DEBUG    Center 57 | Xd shape: torch.Size([5303, 75]) | ntemp: 2
2026-07-18 15:56:14,864 kilosort.clustering_qr DEBUG    Center 58 | Xd shape: torch.Size([3078, 75]) | ntemp: 3
2026-07-18 15:56:16,185 kilosort.clustering_qr DEBUG    Center 59 | Xd shape: torch.Size([288, 75]) | ntemp: 1
2026-07-18 15:56:16,214 kilosort.clustering_qr DEBUG    Center 61 | Xd shape: torch.Size([9217, 81]) | ntemp: 5
2026-07-18 15:56:17,710 kilosort.clustering_qr DEBUG    Center 62 | Xd shape: torch.Size([4898, 81]) | ntemp: 4
2026-07-18 15:56:18,988 kilosort.clustering_qr DEBUG    Center 63 | Xd shape: torch.Size([1380, 78]) | ntemp: 2
2026-07-18 15:56:20,363 kilosort.clustering_qr DEBUG     
2026-07-18 15:56:20,363 kilosort.clustering_qr DEBUG    Cluster center: 64 (60/85)
2026-07-18 15:56:20,363 kilosort.clustering_qr DEBUG    ********************************************************
2026-07-18 15:56:20,363 kilosort.clustering_qr DEBUG    CPU usage:    19.30 %
2026-07-18 15:56:20,363 kilosort.clustering_qr DEBUG    Mem used:     52.90 %     |       8.28 GB
2026-07-18 15:56:20,363 kilosort.clustering_qr DEBUG    Mem avail:     7.37 / 15.65 GB
2026-07-18 15:56:20,363 kilosort.clustering_qr DEBUG    ------------------------------------------------------
2026-07-18 15:56:20,373 kilosort.clustering_qr DEBUG    GPU usage:    `conda install pynvml` for GPU usage
2026-07-18 15:56:20,373 kilosort.clustering_qr DEBUG    GPU memory:   22.36 %     |      0.89   /     4.00 GB
2026-07-18 15:56:20,373 kilosort.clustering_qr DEBUG    Allocated:     0.29 %     |      0.01   /     4.00 GB
2026-07-18 15:56:20,373 kilosort.clustering_qr DEBUG    Max alloc:     2.43 %     |      0.10   /     4.00 GB
2026-07-18 15:56:20,373 kilosort.clustering_qr DEBUG    ********************************************************
2026-07-18 15:56:20,393 kilosort.clustering_qr DEBUG    Center 64 | Xd shape: torch.Size([1744, 84]) | ntemp: 2
2026-07-18 15:56:21,738 kilosort.clustering_qr DEBUG    Center 66 | Xd shape: torch.Size([11023, 81]) | ntemp: 6
2026-07-18 15:56:23,266 kilosort.clustering_qr DEBUG    Center 67 | Xd shape: torch.Size([2066, 75]) | ntemp: 3
2026-07-18 15:56:24,689 kilosort.clustering_qr DEBUG    Center 68 | Xd shape: torch.Size([6754, 81]) | ntemp: 4
2026-07-18 15:56:26,048 kilosort.clustering_qr DEBUG    Center 69 | Xd shape: torch.Size([3484, 84]) | ntemp: 4
2026-07-18 15:56:27,373 kilosort.clustering_qr DEBUG    Center 70 | Xd shape: torch.Size([8675, 84]) | ntemp: 8
2026-07-18 15:56:28,877 kilosort.clustering_qr DEBUG    Center 71 | Xd shape: torch.Size([5226, 84]) | ntemp: 6
2026-07-18 15:56:30,337 kilosort.clustering_qr DEBUG    Center 72 | Xd shape: torch.Size([6692, 84]) | ntemp: 6
2026-07-18 15:56:31,740 kilosort.clustering_qr DEBUG    Center 73 | Xd shape: torch.Size([1798, 75]) | ntemp: 2
2026-07-18 15:56:33,099 kilosort.clustering_qr DEBUG    Center 74 | Xd shape: torch.Size([2940, 78]) | ntemp: 2
2026-07-18 15:56:34,480 kilosort.clustering_qr DEBUG     
2026-07-18 15:56:34,480 kilosort.clustering_qr DEBUG    Cluster center: 75 (70/85)
2026-07-18 15:56:34,480 kilosort.clustering_qr DEBUG    ********************************************************
2026-07-18 15:56:34,480 kilosort.clustering_qr DEBUG    CPU usage:    19.00 %
2026-07-18 15:56:34,480 kilosort.clustering_qr DEBUG    Mem used:     52.90 %     |       8.28 GB
2026-07-18 15:56:34,480 kilosort.clustering_qr DEBUG    Mem avail:     7.37 / 15.65 GB
2026-07-18 15:56:34,480 kilosort.clustering_qr DEBUG    ------------------------------------------------------
2026-07-18 15:56:34,480 kilosort.clustering_qr DEBUG    GPU usage:    `conda install pynvml` for GPU usage
2026-07-18 15:56:34,480 kilosort.clustering_qr DEBUG    GPU memory:   22.36 %     |      0.89   /     4.00 GB
2026-07-18 15:56:34,480 kilosort.clustering_qr DEBUG    Allocated:     0.29 %     |      0.01   /     4.00 GB
2026-07-18 15:56:34,491 kilosort.clustering_qr DEBUG    Max alloc:     2.43 %     |      0.10   /     4.00 GB
2026-07-18 15:56:34,491 kilosort.clustering_qr DEBUG    ********************************************************
2026-07-18 15:56:34,522 kilosort.clustering_qr DEBUG    Center 75 | Xd shape: torch.Size([5158, 81]) | ntemp: 4
2026-07-18 15:56:36,034 kilosort.clustering_qr DEBUG    Center 76 | Xd shape: torch.Size([559, 75]) | ntemp: 1
2026-07-18 15:56:36,059 kilosort.clustering_qr DEBUG    Center 77 | Xd shape: torch.Size([2503, 81]) | ntemp: 2
2026-07-18 15:56:37,496 kilosort.clustering_qr DEBUG    Center 78 | Xd shape: torch.Size([4197, 81]) | ntemp: 4
2026-07-18 15:56:38,912 kilosort.clustering_qr DEBUG    Center 79 | Xd shape: torch.Size([698, 75]) | ntemp: 1
2026-07-18 15:56:38,933 kilosort.clustering_qr DEBUG    Center 80 | Xd shape: torch.Size([860, 75]) | ntemp: 1
2026-07-18 15:56:38,956 kilosort.clustering_qr DEBUG    Center 81 | Xd shape: torch.Size([690, 78]) | ntemp: 2
2026-07-18 15:56:38,963 kilosort.clustering_qr DEBUG    Center 82 | Xd shape: torch.Size([147, 75]) | ntemp: 1
2026-07-18 15:56:39,000 kilosort.clustering_qr DEBUG    Center 85 | Xd shape: torch.Size([14020, 75]) | ntemp: 4
2026-07-18 15:56:40,674 kilosort.clustering_qr DEBUG    Center 86 | Xd shape: torch.Size([19, 75]) | ntemp: 1
2026-07-18 15:56:40,674 kilosort.clustering_qr DEBUG     
2026-07-18 15:56:40,674 kilosort.clustering_qr DEBUG    Cluster center: 88 (80/85)
2026-07-18 15:56:40,674 kilosort.clustering_qr DEBUG    ********************************************************
2026-07-18 15:56:40,674 kilosort.clustering_qr DEBUG    CPU usage:    20.80 %
2026-07-18 15:56:40,674 kilosort.clustering_qr DEBUG    Mem used:     53.00 %     |       8.29 GB
2026-07-18 15:56:40,684 kilosort.clustering_qr DEBUG    Mem avail:     7.36 / 15.65 GB
2026-07-18 15:56:40,684 kilosort.clustering_qr DEBUG    ------------------------------------------------------
2026-07-18 15:56:40,684 kilosort.clustering_qr DEBUG    GPU usage:    `conda install pynvml` for GPU usage
2026-07-18 15:56:40,684 kilosort.clustering_qr DEBUG    GPU memory:   22.36 %     |      0.89   /     4.00 GB
2026-07-18 15:56:40,684 kilosort.clustering_qr DEBUG    Allocated:     0.29 %     |      0.01   /     4.00 GB
2026-07-18 15:56:40,684 kilosort.clustering_qr DEBUG    Max alloc:     2.43 %     |      0.10   /     4.00 GB
2026-07-18 15:56:40,684 kilosort.clustering_qr DEBUG    ********************************************************
2026-07-18 15:56:40,695 kilosort.clustering_qr DEBUG    Center 88 | Xd shape: torch.Size([5, 75]) | ntemp: 1
2026-07-18 15:56:40,705 kilosort.clustering_qr DEBUG    Center 90 | Xd shape: torch.Size([717, 75]) | ntemp: 1
2026-07-18 15:56:40,756 kilosort.clustering_qr DEBUG    Center 91 | Xd shape: torch.Size([11133, 84]) | ntemp: 3
2026-07-18 15:56:42,093 kilosort.clustering_qr DEBUG    Center 92 | Xd shape: torch.Size([59, 75]) | ntemp: 1
2026-07-18 15:56:42,123 kilosort.clustering_qr DEBUG    Center 94 | Xd shape: torch.Size([5082, 75]) | ntemp: 2
2026-07-18 15:56:43,436 kilosort.clustering_qr DEBUG    Center 95 | Xd shape: torch.Size([50, 75]) | ntemp: 1
2026-07-18 15:56:43,446 kilosort.run_kilosort INFO     422 clusters found, in 114.24s; total 2941.84s
2026-07-18 15:56:43,446 kilosort.run_kilosort DEBUG    clu shape: (699289,)
2026-07-18 15:56:43,446 kilosort.run_kilosort DEBUG    Wall shape: torch.Size([422, 383, 3])
2026-07-18 15:56:43,446 kilosort.run_kilosort DEBUG    
2026-07-18 15:56:43,446 kilosort.run_kilosort DEBUG    --------------------
2026-07-18 15:56:43,446 kilosort.run_kilosort DEBUG    Process thread count: N/A (linux only)
2026-07-18 15:56:43,446 kilosort.run_kilosort DEBUG    num torch threads: 8
2026-07-18 15:56:43,446 kilosort.run_kilosort DEBUG    --------------------

2026-07-18 15:56:43,446 kilosort.run_kilosort INFO      
2026-07-18 15:56:43,446 kilosort.run_kilosort INFO     Merging clusters
2026-07-18 15:56:43,446 kilosort.run_kilosort INFO     ----------------------------------------
2026-07-18 15:56:46,849 kilosort.run_kilosort INFO     409 units found, in 3.39s; total 2945.25s
2026-07-18 15:56:46,849 kilosort.run_kilosort DEBUG    clu shape: (699289,)
2026-07-18 15:56:46,849 kilosort.run_kilosort DEBUG    Wall shape: torch.Size([409, 383, 3])
2026-07-18 15:56:46,849 kilosort.run_kilosort DEBUG    

|===========================================================================|
|                  PyTorch CUDA memory summary, device ID 0                 |
|---------------------------------------------------------------------------|
|            CUDA OOMs: 0            |        cudaMalloc retries: 0         |
|===========================================================================|
|        Metric         | Cur Usage  | Peak Usage | Tot Alloc  | Tot Freed  |
|---------------------------------------------------------------------------|
| Allocated memory      |  11920 KiB | 102014 KiB |  28803 GiB |  28803 GiB |
|---------------------------------------------------------------------------|
| Active memory         |  11920 KiB | 102014 KiB |  28803 GiB |  28803 GiB |
|---------------------------------------------------------------------------|
| Requested memory      |  11917 KiB |  99856 KiB |  28790 GiB |  28790 GiB |
|---------------------------------------------------------------------------|
| GPU reserved memory   |  53248 KiB |   1984 MiB |    948 GiB |    948 GiB |
|---------------------------------------------------------------------------|
| Non-releasable memory |  41327 KiB |  63350 KiB |  10196 GiB |  10196 GiB |
|---------------------------------------------------------------------------|
| Allocations           |      12    |      44    |    2280 K  |    2280 K  |
|---------------------------------------------------------------------------|
| Active allocs         |      12    |      44    |    2280 K  |    2280 K  |
|---------------------------------------------------------------------------|
| GPU reserved segments |       4    |      14    |    2889    |    2885    |
|---------------------------------------------------------------------------|
| Non-releasable allocs |      11    |      20    |     916 K  |     916 K  |
|---------------------------------------------------------------------------|
| Oversize allocations  |       0    |       0    |       0    |       0    |
|---------------------------------------------------------------------------|
| Oversize GPU segments |       0    |       0    |       0    |       0    |
|===========================================================================|


2026-07-18 15:56:46,849 kilosort.run_kilosort INFO      
2026-07-18 15:56:46,849 kilosort.run_kilosort INFO     Resource usage after clustering
2026-07-18 15:56:46,849 kilosort.run_kilosort INFO     ********************************************************
2026-07-18 15:56:46,849 kilosort.run_kilosort INFO     CPU usage:     0.00 %
2026-07-18 15:56:46,849 kilosort.run_kilosort INFO     Mem used:     54.10 %     |       8.47 GB
2026-07-18 15:56:46,849 kilosort.run_kilosort INFO     Mem avail:     7.18 / 15.65 GB
2026-07-18 15:56:46,849 kilosort.run_kilosort INFO     ------------------------------------------------------
2026-07-18 15:56:46,849 kilosort.run_kilosort INFO     GPU usage:    `conda install pynvml` for GPU usage
2026-07-18 15:56:46,849 kilosort.run_kilosort INFO     GPU memory:   22.36 %     |      0.89   /     4.00 GB
2026-07-18 15:56:46,849 kilosort.run_kilosort INFO     Allocated:     0.28 %     |      0.01   /     4.00 GB
2026-07-18 15:56:46,849 kilosort.run_kilosort INFO     Max alloc:     2.43 %     |      0.10   /     4.00 GB
2026-07-18 15:56:46,849 kilosort.run_kilosort INFO     ********************************************************
2026-07-18 15:56:46,849 kilosort.run_kilosort DEBUG    
2026-07-18 15:56:46,849 kilosort.run_kilosort DEBUG    --------------------
2026-07-18 15:56:46,849 kilosort.run_kilosort DEBUG    Process thread count: N/A (linux only)
2026-07-18 15:56:46,849 kilosort.run_kilosort DEBUG    num torch threads: 8
2026-07-18 15:56:46,849 kilosort.run_kilosort DEBUG    --------------------

2026-07-18 15:56:46,849 kilosort.run_kilosort INFO      
2026-07-18 15:56:46,849 kilosort.run_kilosort INFO     Saving to phy and computing refractory periods
2026-07-18 15:56:46,849 kilosort.run_kilosort INFO     ----------------------------------------
2026-07-18 15:56:46,954 kilosort.io  DEBUG     
2026-07-18 15:56:46,954 kilosort.io  DEBUG    save_to_phy, whitening
2026-07-18 15:56:46,954 kilosort.io  DEBUG    ********************************************************
2026-07-18 15:56:46,954 kilosort.io  DEBUG    CPU usage:    28.60 %
2026-07-18 15:56:46,954 kilosort.io  DEBUG    Mem used:     54.00 %     |       8.45 GB
2026-07-18 15:56:46,954 kilosort.io  DEBUG    Mem avail:     7.20 / 15.65 GB
2026-07-18 15:56:46,954 kilosort.io  DEBUG    ------------------------------------------------------
2026-07-18 15:56:46,954 kilosort.io  DEBUG    GPU usage:    `conda install pynvml` for GPU usage
2026-07-18 15:56:46,954 kilosort.io  DEBUG    GPU memory:   22.36 %     |      0.89   /     4.00 GB
2026-07-18 15:56:46,954 kilosort.io  DEBUG    Allocated:     0.30 %     |      0.01   /     4.00 GB
2026-07-18 15:56:46,954 kilosort.io  DEBUG    Max alloc:     0.34 %     |      0.01   /     4.00 GB
2026-07-18 15:56:46,954 kilosort.io  DEBUG    ********************************************************
2026-07-18 15:56:47,773 kilosort.io  DEBUG     
2026-07-18 15:56:47,773 kilosort.io  DEBUG    save_to_phy, spike positions
2026-07-18 15:56:47,773 kilosort.io  DEBUG    ********************************************************
2026-07-18 15:56:47,773 kilosort.io  DEBUG    CPU usage:    28.80 %
2026-07-18 15:56:47,773 kilosort.io  DEBUG    Mem used:     55.40 %     |       8.67 GB
2026-07-18 15:56:47,773 kilosort.io  DEBUG    Mem avail:     6.98 / 15.65 GB
2026-07-18 15:56:47,773 kilosort.io  DEBUG    ------------------------------------------------------
2026-07-18 15:56:47,773 kilosort.io  DEBUG    GPU usage:    `conda install pynvml` for GPU usage
2026-07-18 15:56:47,773 kilosort.io  DEBUG    GPU memory:   22.36 %     |      0.89   /     4.00 GB
2026-07-18 15:56:47,773 kilosort.io  DEBUG    Allocated:     0.30 %     |      0.01   /     4.00 GB
2026-07-18 15:56:47,787 kilosort.io  DEBUG    Max alloc:     0.30 %     |      0.01   /     4.00 GB
2026-07-18 15:56:47,787 kilosort.io  DEBUG    ********************************************************
2026-07-18 15:56:48,526 kilosort.io  DEBUG     
2026-07-18 15:56:48,526 kilosort.io  DEBUG    save_to_phy, remove duplicates
2026-07-18 15:56:48,526 kilosort.io  DEBUG    ********************************************************
2026-07-18 15:56:48,526 kilosort.io  DEBUG    CPU usage:    17.80 %
2026-07-18 15:56:48,526 kilosort.io  DEBUG    Mem used:     55.50 %     |       8.68 GB
2026-07-18 15:56:48,526 kilosort.io  DEBUG    Mem avail:     6.97 / 15.65 GB
2026-07-18 15:56:48,526 kilosort.io  DEBUG    ------------------------------------------------------
2026-07-18 15:56:48,526 kilosort.io  DEBUG    GPU usage:    `conda install pynvml` for GPU usage
2026-07-18 15:56:48,526 kilosort.io  DEBUG    GPU memory:   22.36 %     |      0.89   /     4.00 GB
2026-07-18 15:56:48,526 kilosort.io  DEBUG    Allocated:     0.30 %     |      0.01   /     4.00 GB
2026-07-18 15:56:48,526 kilosort.io  DEBUG    Max alloc:     0.30 %     |      0.01   /     4.00 GB
2026-07-18 15:56:48,526 kilosort.io  DEBUG    ********************************************************
2026-07-18 15:56:50,549 kilosort.io  DEBUG     
2026-07-18 15:56:50,549 kilosort.io  DEBUG    save_to_phy, template props
2026-07-18 15:56:50,549 kilosort.io  DEBUG    ********************************************************
2026-07-18 15:56:50,549 kilosort.io  DEBUG    CPU usage:    20.00 %
2026-07-18 15:56:50,549 kilosort.io  DEBUG    Mem used:     53.10 %     |       8.31 GB
2026-07-18 15:56:50,549 kilosort.io  DEBUG    Mem avail:     7.33 / 15.65 GB
2026-07-18 15:56:50,549 kilosort.io  DEBUG    ------------------------------------------------------
2026-07-18 15:56:50,549 kilosort.io  DEBUG    GPU usage:    `conda install pynvml` for GPU usage
2026-07-18 15:56:50,549 kilosort.io  DEBUG    GPU memory:   22.36 %     |      0.89   /     4.00 GB
2026-07-18 15:56:50,549 kilosort.io  DEBUG    Allocated:     0.30 %     |      0.01   /     4.00 GB
2026-07-18 15:56:50,549 kilosort.io  DEBUG    Max alloc:     0.30 %     |      0.01   /     4.00 GB
2026-07-18 15:56:50,549 kilosort.io  DEBUG    ********************************************************
2026-07-18 15:57:13,528 kilosort.io  DEBUG     
2026-07-18 15:57:13,528 kilosort.io  DEBUG    save_to_phy, pc features
2026-07-18 15:57:13,528 kilosort.io  DEBUG    ********************************************************
2026-07-18 15:57:13,534 kilosort.io  DEBUG    CPU usage:    15.90 %
2026-07-18 15:57:13,534 kilosort.io  DEBUG    Mem used:     54.80 %     |       8.57 GB
2026-07-18 15:57:13,534 kilosort.io  DEBUG    Mem avail:     7.08 / 15.65 GB
2026-07-18 15:57:13,535 kilosort.io  DEBUG    ------------------------------------------------------
2026-07-18 15:57:13,535 kilosort.io  DEBUG    GPU usage:    `conda install pynvml` for GPU usage
2026-07-18 15:57:13,535 kilosort.io  DEBUG    GPU memory:   22.36 %     |      0.89   /     4.00 GB
2026-07-18 15:57:13,535 kilosort.io  DEBUG    Allocated:     0.30 %     |      0.01   /     4.00 GB
2026-07-18 15:57:13,535 kilosort.io  DEBUG    Max alloc:     0.36 %     |      0.01   /     4.00 GB
2026-07-18 15:57:13,535 kilosort.io  DEBUG    ********************************************************
2026-07-18 15:57:14,260 kilosort.io  DEBUG     
2026-07-18 15:57:14,260 kilosort.io  DEBUG    save_to_phy, est contam
2026-07-18 15:57:14,260 kilosort.io  DEBUG    ********************************************************
2026-07-18 15:57:14,260 kilosort.io  DEBUG    CPU usage:    22.40 %
2026-07-18 15:57:14,260 kilosort.io  DEBUG    Mem used:     54.80 %     |       8.57 GB
2026-07-18 15:57:14,260 kilosort.io  DEBUG    Mem avail:     7.08 / 15.65 GB
2026-07-18 15:57:14,260 kilosort.io  DEBUG    ------------------------------------------------------
2026-07-18 15:57:14,260 kilosort.io  DEBUG    GPU usage:    `conda install pynvml` for GPU usage
2026-07-18 15:57:14,260 kilosort.io  DEBUG    GPU memory:   22.36 %     |      0.89   /     4.00 GB
2026-07-18 15:57:14,260 kilosort.io  DEBUG    Allocated:     0.30 %     |      0.01   /     4.00 GB
2026-07-18 15:57:14,260 kilosort.io  DEBUG    Max alloc:     0.30 %     |      0.01   /     4.00 GB
2026-07-18 15:57:14,260 kilosort.io  DEBUG    ********************************************************
2026-07-18 15:57:14,390 kilosort.run_kilosort INFO     170 units found with good refractory periods
2026-07-18 15:57:14,442 kilosort.run_kilosort INFO     Exporting to Phy took: 27.59s
2026-07-18 15:57:14,442 kilosort.run_kilosort INFO     Total runtime: 2972.85s = 00:49:33 h:m:s
2026-07-18 15:57:14,526 kilosort.run_kilosort INFO     Sorting output saved in: G:\ACADEMIC\week8_partial_dct_kilosort_runs\dd4da095_probe00_partial_20260712_222836\ratio_1.00\kilosort4_dct.
2026-07-18 15:57:14,526 kilosort.run_kilosort DEBUG    

|===========================================================================|
|                  PyTorch CUDA memory summary, device ID 0                 |
|---------------------------------------------------------------------------|
|            CUDA OOMs: 0            |        cudaMalloc retries: 0         |
|===========================================================================|
|        Metric         | Cur Usage  | Peak Usage | Tot Alloc  | Tot Freed  |
|---------------------------------------------------------------------------|
| Allocated memory      |  11920 KiB |  12494 KiB |  28803 GiB |  28803 GiB |
|---------------------------------------------------------------------------|
| Active memory         |  11920 KiB |  12494 KiB |  28803 GiB |  28803 GiB |
|---------------------------------------------------------------------------|
| Requested memory      |  11917 KiB |  12490 KiB |  28790 GiB |  28790 GiB |
|---------------------------------------------------------------------------|
| GPU reserved memory   |  53248 KiB |  53248 KiB |    948 GiB |    948 GiB |
|---------------------------------------------------------------------------|
| Non-releasable memory |  41327 KiB |  41327 KiB |  10197 GiB |  10197 GiB |
|---------------------------------------------------------------------------|
| Allocations           |      12    |      13    |    2286 K  |    2286 K  |
|---------------------------------------------------------------------------|
| Active allocs         |      12    |      13    |    2286 K  |    2286 K  |
|---------------------------------------------------------------------------|
| GPU reserved segments |       4    |       4    |    2889    |    2885    |
|---------------------------------------------------------------------------|
| Non-releasable allocs |      11    |      11    |     919 K  |     919 K  |
|---------------------------------------------------------------------------|
| Oversize allocations  |       0    |       0    |       0    |       0    |
|---------------------------------------------------------------------------|
| Oversize GPU segments |       0    |       0    |       0    |       0    |
|===========================================================================|


2026-07-18 15:57:14,526 kilosort.run_kilosort INFO      
2026-07-18 15:57:14,526 kilosort.run_kilosort INFO     Resource usage after saving
2026-07-18 15:57:14,526 kilosort.run_kilosort INFO     ********************************************************
2026-07-18 15:57:14,526 kilosort.run_kilosort INFO     CPU usage:     8.80 %
2026-07-18 15:57:14,526 kilosort.run_kilosort INFO     Mem used:     54.70 %     |       8.56 GB
2026-07-18 15:57:14,526 kilosort.run_kilosort INFO     Mem avail:     7.09 / 15.65 GB
2026-07-18 15:57:14,526 kilosort.run_kilosort INFO     ------------------------------------------------------
2026-07-18 15:57:14,526 kilosort.run_kilosort INFO     GPU usage:    `conda install pynvml` for GPU usage
2026-07-18 15:57:14,526 kilosort.run_kilosort INFO     GPU memory:   22.36 %     |      0.89   /     4.00 GB
2026-07-18 15:57:14,526 kilosort.run_kilosort INFO     Allocated:     0.28 %     |      0.01   /     4.00 GB
2026-07-18 15:57:14,526 kilosort.run_kilosort INFO     Max alloc:     0.30 %     |      0.01   /     4.00 GB
2026-07-18 15:57:14,526 kilosort.run_kilosort INFO     ********************************************************
2026-07-18 15:57:14,526 kilosort.run_kilosort DEBUG    
2026-07-18 15:57:14,526 kilosort.run_kilosort DEBUG    --------------------
2026-07-18 15:57:14,526 kilosort.run_kilosort DEBUG    Process thread count: N/A (linux only)
2026-07-18 15:57:14,526 kilosort.run_kilosort DEBUG    num torch threads: 8
2026-07-18 15:57:14,526 kilosort.run_kilosort DEBUG    --------------------

2026-07-18 15:57:14,526 kilosort.run_kilosort INFO     Generating spike position plot ...
2026-07-18 15:57:51,651 kilosort.run_kilosort INFO     Sorting finished.
2026-07-18 15:57:51,651 kilosort.run_kilosort INFO      
2026-07-18 15:57:51,651 kilosort.run_kilosort INFO     ********************************************************
2026-07-18 15:57:51,651 kilosort.run_kilosort INFO     Sorting summary
2026-07-18 15:57:51,651 kilosort.run_kilosort INFO     --------------------------------------------------------
2026-07-18 15:57:51,651 kilosort.run_kilosort INFO     Total number of units:                              409
2026-07-18 15:57:51,651 kilosort.run_kilosort INFO     Number of good units:                               170
2026-07-18 15:57:51,651 kilosort.run_kilosort INFO     Number of spikes                                 698333
2026-07-18 15:57:51,651 kilosort.run_kilosort INFO     Mean abs. drift                                  0.3 um
2026-07-18 15:57:51,651 kilosort.run_kilosort INFO     Total runtime                                  2972.85s
2026-07-18 15:57:51,651 kilosort.run_kilosort INFO      
2026-07-18 15:57:51,651 kilosort.run_kilosort INFO     Runtime by step
2026-07-18 15:57:51,651 kilosort.run_kilosort INFO     --------------------------------------------------------
2026-07-18 15:57:51,651 kilosort.run_kilosort INFO     preprocessing:                          3.7s   (0.12) %
2026-07-18 15:57:51,651 kilosort.run_kilosort INFO     drift corr:                          1280.3s  (43.07) %
2026-07-18 15:57:51,651 kilosort.run_kilosort INFO     spike det. (univ):                   1293.0s  (43.49) %
2026-07-18 15:57:51,651 kilosort.run_kilosort INFO     cluster (temp):                       109.2s   (3.67) %
2026-07-18 15:57:51,651 kilosort.run_kilosort INFO     spike det. (learn):                   111.2s   (3.74) %
2026-07-18 15:57:51,651 kilosort.run_kilosort INFO     cluster (final):                      114.2s   (3.84) %
2026-07-18 15:57:51,651 kilosort.run_kilosort INFO     cluster merge:                          3.4s   (0.11) %
2026-07-18 15:57:51,651 kilosort.run_kilosort INFO     postprocessing:                        27.6s   (0.93) %
2026-07-18 15:57:51,651 kilosort.run_kilosort INFO      
2026-07-18 15:57:51,651 kilosort.run_kilosort INFO     Memory usage by step
2026-07-18 15:57:51,651 kilosort.run_kilosort INFO     --------------------------------------------------------
2026-07-18 15:57:51,651 kilosort.run_kilosort INFO     preprocessing:         sys     7.0 GB  |  gpu    1.3 GB
2026-07-18 15:57:51,651 kilosort.run_kilosort INFO     drift corr:            sys     7.9 GB  |  gpu    3.8 GB
2026-07-18 15:57:51,651 kilosort.run_kilosort INFO     spike det. (univ):     sys     8.4 GB  |  gpu    3.8 GB
2026-07-18 15:57:51,651 kilosort.run_kilosort INFO     cluster (temp):        sys     8.1 GB  |  gpu    0.5 GB
2026-07-18 15:57:51,651 kilosort.run_kilosort INFO     spike det. (learn):    sys     8.2 GB  |  gpu    1.5 GB
2026-07-18 15:57:51,651 kilosort.run_kilosort INFO     cluster (final):       sys     8.3 GB  |  gpu    0.1 GB
2026-07-18 15:57:51,651 kilosort.run_kilosort INFO     cluster merge:         sys     8.5 GB  |  gpu    0.1 GB
2026-07-18 15:57:51,651 kilosort.run_kilosort INFO     postprocessing:        sys     8.6 GB  |  gpu    0.0 GB
2026-07-18 15:57:51,651 kilosort.run_kilosort INFO     ********************************************************
