2026-07-18 04:10:28,761 kilosort.run_kilosort INFO     Kilosort version 4.1.7
2026-07-18 04:10:28,761 kilosort.run_kilosort INFO     Python version 3.11.15
2026-07-18 04:10:28,761 kilosort.run_kilosort INFO     ----------------------------------------
2026-07-18 04:10:28,761 kilosort.run_kilosort INFO     System information:
2026-07-18 04:10:28,810 kilosort.run_kilosort INFO     Windows-10-10.0.26200-SP0 AMD64
2026-07-18 04:10:28,810 kilosort.run_kilosort INFO     Intel64 Family 6 Model 186 Stepping 2, GenuineIntel
2026-07-18 04:10:29,154 kilosort.run_kilosort INFO     Using GPU for PyTorch computations. Specify `device` to change this.
2026-07-18 04:10:29,190 kilosort.run_kilosort INFO     Using CUDA device: NVIDIA GeForce RTX 2050 4.00GB
2026-07-18 04:10:29,190 kilosort.run_kilosort INFO     ----------------------------------------
2026-07-18 04:10:29,190 kilosort.run_kilosort INFO     Sorting [WindowsPath('G:/academic/week8_partial_dct_kilosort_runs/cde63527_probe01_partial_20260712_222836/ratio_0.50/cde63527_probe01_partial_20260712_222836_ratio_0.50_dctwin_600samp_preprocessed_int16.bin')]
2026-07-18 04:10:29,190 kilosort.run_kilosort INFO     Skipping common average reference.
2026-07-18 04:10:29,190 kilosort.run_kilosort INFO     clear_cache=True
2026-07-18 04:10:29,190 kilosort.run_kilosort DEBUG    Initial ops:

ops = {
    'n_chan_bin': 385,
    'fs': 30000.0,
    'batch_size': 60000,
    'nblocks': 1,
    'Th_universal': 9,
    'Th_learned': 8,
    'tmin': 0,
    'tmax': inf,
    'nt': 61,
    'shift': None,
    'scale': None,
    'batch_downsampling': 1,
    'artifact_threshold': inf,
    'nskip': 25,
    'whitening_range': 32,
    'highpass_cutoff': 300,
    'binning_depth': 5,
    'sig_interp': 20,
    'drift_smoothing': [0.5, 0.5, 0.5],
    'nt0min': 20,
    'dmin': None,
    'dminx': 32,
    'min_template_size': 10,
    'template_sizes': 5,
    'nearest_chans': 25,
    'nearest_templates': 100,
    'max_channel_distance': 32,
    'max_peels': 100,
    'templates_from_data': True,
    'n_templates': 6,
    'n_pcs': 3,
    'Th_single_ch': 6,
    'acg_threshold': 0.2,
    'ccg_threshold': 0.25,
    'cluster_neighbors': 10,
    'cluster_downsampling': 20,
    'max_cluster_subset': 25000,
    'x_centers': None,
    'cluster_init_seed': 5,
    'duplicate_spike_ms': 0.25,
    'position_limit': 100,
    'filename': [   WindowsPath('G:/academic/week8_partial_dct_kilosort_runs/cde63527_probe01_partial_20260712_222836/ratio_0.50/cde63527_probe01_partial_20260712_222836_ratio_0.50_dctwin_600samp_preprocessed_int16.bin')],
    'data_dir': WindowsPath('G:/academic/week8_partial_dct_kilosort_runs/cde63527_probe01_partial_20260712_222836/ratio_0.50'),
    'data_dtype': 'int16',
    'do_CAR': False,
    'invert_sign': False,
    'NTbuff': 60122,
    'Nchan': 383,
    'duplicate_spike_bins': 7,
    'torch_device': 'cuda',
    'save_preprocessed_copy': False
}

2026-07-18 04:10:29,219 kilosort.run_kilosort DEBUG    Probe dictionary:

probe = {
    'xc': np.array([43., 11., 59., 27., 43., 11., 59., 27., 43., 11., 59., 27., 43.,
       11., 59., 27., 43., 11., 59., 27., 43., 11., 59., 27., 43., 11.,
       59., 27., 43., 11., 59., 27., 43., 11., 59., 27., 43., 11., 59.,
       27., 43., 11., 59., 27., 43., 11., 59., 27., 43., 11., 59., 27.,
       43., 11., 59., 27., 43., 11., 59., 27., 43., 11., 59., 27., 43.,
       11., 59., 27., 43., 11., 59., 27., 43., 11., 59., 27., 43., 11.,
       59., 27., 43., 11., 59., 27., 43., 11., 59., 27., 43., 11., 59.,
       27., 43., 11., 59., 27., 43., 11., 59., 27., 43., 11., 59., 27.,
       43., 11., 59., 27., 43., 11., 59., 27., 43., 11., 59., 27., 43.,
       11., 59., 27., 43., 11., 59., 27., 43., 11., 59., 27., 43., 11.,
       59., 27., 43., 11., 59., 27., 43., 11., 59., 27., 43., 11., 59.,
       27., 43., 11., 59., 27., 43., 11., 59., 27., 43., 11., 59., 27.,
       43., 11., 59., 27., 43., 11., 59., 27., 43., 11., 59., 27., 43.,
       11., 59., 27., 43., 11., 59., 27., 43., 11., 59., 27., 43., 11.,
       59., 27., 43., 11., 59., 27., 43., 11., 59., 43., 11., 59., 27.,
       43., 11., 59., 27., 43., 11., 59., 27., 43., 11., 59., 27., 43.,
       11., 59., 27., 43., 11., 59., 27., 43., 11., 59., 27., 43., 11.,
       59., 27., 43., 11., 59., 27., 43., 11., 59., 27., 43., 11., 59.,
       27., 43., 11., 59., 27., 43., 11., 59., 27., 43., 11., 59., 27.,
       43., 11., 59., 27., 43., 11., 59., 27., 43., 11., 59., 27., 43.,
       11., 59., 27., 43., 11., 59., 27., 43., 11., 59., 27., 43., 11.,
       59., 27., 43., 11., 59., 27., 43., 11., 59., 27., 43., 11., 59.,
       27., 43., 11., 59., 27., 43., 11., 59., 27., 43., 11., 59., 27.,
       43., 11., 59., 27., 43., 11., 59., 27., 43., 11., 59., 27., 43.,
       11., 59., 27., 43., 11., 59., 27., 43., 11., 59., 27., 43., 11.,
       59., 27., 43., 11., 59., 27., 43., 11., 59., 27., 43., 11., 59.,
       27., 43., 11., 59., 27., 43., 11., 59., 27., 43., 11., 59., 27.,
       43., 11., 59., 27., 43., 11., 59., 27., 43., 11., 59., 27., 43.,
       11., 59., 27., 43., 11., 59., 27., 43., 11., 59., 27., 43., 11.,
       59., 27., 43., 11., 59., 27.], dtype=np.float32),
    'yc': np.array([  20.,   20.,   40.,   40.,   60.,   60.,   80.,   80.,  100.,
        100.,  120.,  120.,  140.,  140.,  160.,  160.,  180.,  180.,
        200.,  200.,  220.,  220.,  240.,  240.,  260.,  260.,  280.,
        280.,  300.,  300.,  320.,  320.,  340.,  340.,  360.,  360.,
        380.,  380.,  400.,  400.,  420.,  420.,  440.,  440.,  460.,
        460.,  480.,  480.,  500.,  500.,  520.,  520.,  540.,  540.,
        560.,  560.,  580.,  580.,  600.,  600.,  620.,  620.,  640.,
        640.,  660.,  660.,  680.,  680.,  700.,  700.,  720.,  720.,
        740.,  740.,  760.,  760.,  780.,  780.,  800.,  800.,  820.,
        820.,  840.,  840.,  860.,  860.,  880.,  880.,  900.,  900.,
        920.,  920.,  940.,  940.,  960.,  960.,  980.,  980., 1000.,
       1000., 1020., 1020., 1040., 1040., 1060., 1060., 1080., 1080.,
       1100., 1100., 1120., 1120., 1140., 1140., 1160., 1160., 1180.,
       1180., 1200., 1200., 1220., 1220., 1240., 1240., 1260., 1260.,
       1280., 1280., 1300., 1300., 1320., 1320., 1340., 1340., 1360.,
       1360., 1380., 1380., 1400., 1400., 1420., 1420., 1440., 1440.,
       1460., 1460., 1480., 1480., 1500., 1500., 1520., 1520., 1540.,
       1540., 1560., 1560., 1580., 1580., 1600., 1600., 1620., 1620.,
       1640., 1640., 1660., 1660., 1680., 1680., 1700., 1700., 1720.,
       1720., 1740., 1740., 1760., 1760., 1780., 1780., 1800., 1800.,
       1820., 1820., 1840., 1840., 1860., 1860., 1880., 1880., 1900.,
       1900., 1920., 1940., 1940., 1960., 1960., 1980., 1980., 2000.,
       2000., 2020., 2020., 2040., 2040., 2060., 2060., 2080., 2080.,
       2100., 2100., 2120., 2120., 2140., 2140., 2160., 2160., 2180.,
       2180., 2200., 2200., 2220., 2220., 2240., 2240., 2260., 2260.,
       2280., 2280., 2300., 2300., 2320., 2320., 2340., 2340., 2360.,
       2360., 2380., 2380., 2400., 2400., 2420., 2420., 2440., 2440.,
       2460., 2460., 2480., 2480., 2500., 2500., 2520., 2520., 2540.,
       2540., 2560., 2560., 2580., 2580., 2600., 2600., 2620., 2620.,
       2640., 2640., 2660., 2660., 2680., 2680., 2700., 2700., 2720.,
       2720., 2740., 2740., 2760., 2760., 2780., 2780., 2800., 2800.,
       2820., 2820., 2840., 2840., 2860., 2860., 2880., 2880., 2900.,
       2900., 2920., 2920., 2940., 2940., 2960., 2960., 2980., 2980.,
       3000., 3000., 3020., 3020., 3040., 3040., 3060., 3060., 3080.,
       3080., 3100., 3100., 3120., 3120., 3140., 3140., 3160., 3160.,
       3180., 3180., 3200., 3200., 3220., 3220., 3240., 3240., 3260.,
       3260., 3280., 3280., 3300., 3300., 3320., 3320., 3340., 3340.,
       3360., 3360., 3380., 3380., 3400., 3400., 3420., 3420., 3440.,
       3440., 3460., 3460., 3480., 3480., 3500., 3500., 3520., 3520.,
       3540., 3540., 3560., 3560., 3580., 3580., 3600., 3600., 3620.,
       3620., 3640., 3640., 3660., 3660., 3680., 3680., 3700., 3700.,
       3720., 3720., 3740., 3740., 3760., 3760., 3780., 3780., 3800.,
       3800., 3820., 3820., 3840., 3840.], dtype=np.float32),
    'kcoords': np.array([0., 0., 0., 0., 0., 0., 0., 0., 0., 0., 0., 0., 0., 0., 0., 0., 0.,
       0., 0., 0., 0., 0., 0., 0., 0., 0., 0., 0., 0., 0., 0., 0., 0., 0.,
       0., 0., 0., 0., 0., 0., 0., 0., 0., 0., 0., 0., 0., 0., 0., 0., 0.,
       0., 0., 0., 0., 0., 0., 0., 0., 0., 0., 0., 0., 0., 0., 0., 0., 0.,
       0., 0., 0., 0., 0., 0., 0., 0., 0., 0., 0., 0., 0., 0., 0., 0., 0.,
       0., 0., 0., 0., 0., 0., 0., 0., 0., 0., 0., 0., 0., 0., 0., 0., 0.,
       0., 0., 0., 0., 0., 0., 0., 0., 0., 0., 0., 0., 0., 0., 0., 0., 0.,
       0., 0., 0., 0., 0., 0., 0., 0., 0., 0., 0., 0., 0., 0., 0., 0., 0.,
       0., 0., 0., 0., 0., 0., 0., 0., 0., 0., 0., 0., 0., 0., 0., 0., 0.,
       0., 0., 0., 0., 0., 0., 0., 0., 0., 0., 0., 0., 0., 0., 0., 0., 0.,
       0., 0., 0., 0., 0., 0., 0., 0., 0., 0., 0., 0., 0., 0., 0., 0., 0.,
       0., 0., 0., 0., 0., 0., 0., 0., 0., 0., 0., 0., 0., 0., 0., 0., 0.,
       0., 0., 0., 0., 0., 0., 0., 0., 0., 0., 0., 0., 0., 0., 0., 0., 0.,
       0., 0., 0., 0., 0., 0., 0., 0., 0., 0., 0., 0., 0., 0., 0., 0., 0.,
       0., 0., 0., 0., 0., 0., 0., 0., 0., 0., 0., 0., 0., 0., 0., 0., 0.,
       0., 0., 0., 0., 0., 0., 0., 0., 0., 0., 0., 0., 0., 0., 0., 0., 0.,
       0., 0., 0., 0., 0., 0., 0., 0., 0., 0., 0., 0., 0., 0., 0., 0., 0.,
       0., 0., 0., 0., 0., 0., 0., 0., 0., 0., 0., 0., 0., 0., 0., 0., 0.,
       0., 0., 0., 0., 0., 0., 0., 0., 0., 0., 0., 0., 0., 0., 0., 0., 0.,
       0., 0., 0., 0., 0., 0., 0., 0., 0., 0., 0., 0., 0., 0., 0., 0., 0.,
       0., 0., 0., 0., 0., 0., 0., 0., 0., 0., 0., 0., 0., 0., 0., 0., 0.,
       0., 0., 0., 0., 0., 0., 0., 0., 0., 0., 0., 0., 0., 0., 0., 0., 0.,
       0., 0., 0., 0., 0., 0., 0., 0., 0.], dtype=np.float32),
    'chanMap': np.array([  0,   1,   2,   3,   4,   5,   6,   7,   8,   9,  10,  11,  12,
        13,  14,  15,  16,  17,  18,  19,  20,  21,  22,  23,  24,  25,
        26,  27,  28,  29,  30,  31,  32,  33,  34,  35,  36,  37,  38,
        39,  40,  41,  42,  43,  44,  45,  46,  47,  48,  49,  50,  51,
        52,  53,  54,  55,  56,  57,  58,  59,  60,  61,  62,  63,  64,
        65,  66,  67,  68,  69,  70,  71,  72,  73,  74,  75,  76,  77,
        78,  79,  80,  81,  82,  83,  84,  85,  86,  87,  88,  89,  90,
        91,  92,  93,  94,  95,  96,  97,  98,  99, 100, 101, 102, 103,
       104, 105, 106, 107, 108, 109, 110, 111, 112, 113, 114, 115, 116,
       117, 118, 119, 120, 121, 122, 123, 124, 125, 126, 127, 128, 129,
       130, 131, 132, 133, 134, 135, 136, 137, 138, 139, 140, 141, 142,
       143, 144, 145, 146, 147, 148, 149, 150, 151, 152, 153, 154, 155,
       156, 157, 158, 159, 160, 161, 162, 163, 164, 165, 166, 167, 168,
       169, 170, 171, 172, 173, 174, 175, 176, 177, 178, 179, 180, 181,
       182, 183, 184, 185, 186, 187, 188, 189, 190, 192, 193, 194, 195,
       196, 197, 198, 199, 200, 201, 202, 203, 204, 205, 206, 207, 208,
       209, 210, 211, 212, 213, 214, 215, 216, 217, 218, 219, 220, 221,
       222, 223, 224, 225, 226, 227, 228, 229, 230, 231, 232, 233, 234,
       235, 236, 237, 238, 239, 240, 241, 242, 243, 244, 245, 246, 247,
       248, 249, 250, 251, 252, 253, 254, 255, 256, 257, 258, 259, 260,
       261, 262, 263, 264, 265, 266, 267, 268, 269, 270, 271, 272, 273,
       274, 275, 276, 277, 278, 279, 280, 281, 282, 283, 284, 285, 286,
       287, 288, 289, 290, 291, 292, 293, 294, 295, 296, 297, 298, 299,
       300, 301, 302, 303, 304, 305, 306, 307, 308, 309, 310, 311, 312,
       313, 314, 315, 316, 317, 318, 319, 320, 321, 322, 323, 324, 325,
       326, 327, 328, 329, 330, 331, 332, 333, 334, 335, 336, 337, 338,
       339, 340, 341, 342, 343, 344, 345, 346, 347, 348, 349, 350, 351,
       352, 353, 354, 355, 356, 357, 358, 359, 360, 361, 362, 363, 364,
       365, 366, 367, 368, 369, 370, 371, 372, 373, 374, 375, 376, 377,
       378, 379, 380, 381, 382, 383], dtype=np.int32),
    'n_chan': 384
}

2026-07-18 04:10:29,562 kilosort.run_kilosort INFO      
2026-07-18 04:10:29,562 kilosort.run_kilosort INFO     Resource usage before sorting
2026-07-18 04:10:29,562 kilosort.run_kilosort INFO     ********************************************************
2026-07-18 04:10:29,562 kilosort.run_kilosort INFO     CPU usage:    13.70 %
2026-07-18 04:10:29,562 kilosort.run_kilosort INFO     Mem used:     44.30 %     |       6.93 GB
2026-07-18 04:10:29,562 kilosort.run_kilosort INFO     Mem avail:     8.72 / 15.65 GB
2026-07-18 04:10:29,562 kilosort.run_kilosort INFO     ------------------------------------------------------
2026-07-18 04:10:29,562 kilosort.run_kilosort INFO     GPU usage:    `conda install pynvml` for GPU usage
2026-07-18 04:10:29,562 kilosort.run_kilosort INFO     GPU memory:   19.43 %     |      0.78   /     4.00 GB
2026-07-18 04:10:29,564 kilosort.run_kilosort INFO     Allocated:     0.00 %     |      0.00   /     4.00 GB
2026-07-18 04:10:29,564 kilosort.run_kilosort INFO     Max alloc:     0.00 %     |      0.00   /     4.00 GB
2026-07-18 04:10:29,564 kilosort.run_kilosort INFO     ********************************************************
2026-07-18 04:10:29,564 kilosort.run_kilosort DEBUG    
2026-07-18 04:10:29,564 kilosort.run_kilosort DEBUG    --------------------
2026-07-18 04:10:29,564 kilosort.run_kilosort DEBUG    Process thread count: N/A (linux only)
2026-07-18 04:10:29,564 kilosort.run_kilosort DEBUG    num torch threads: 8
2026-07-18 04:10:29,564 kilosort.run_kilosort DEBUG    --------------------

2026-07-18 04:10:29,564 kilosort.run_kilosort INFO      
2026-07-18 04:10:29,564 kilosort.run_kilosort INFO     Computing preprocessing variables.
2026-07-18 04:10:29,566 kilosort.run_kilosort INFO     ----------------------------------------
2026-07-18 04:10:30,070 kilosort.run_kilosort INFO     N samples: 6300000
2026-07-18 04:10:30,070 kilosort.run_kilosort INFO     N seconds: 210.0
2026-07-18 04:10:30,070 kilosort.run_kilosort INFO     N batches: 105
2026-07-18 04:10:34,150 kilosort.run_kilosort INFO     Preprocessing filters computed in 4.59s; total 4.96s
2026-07-18 04:10:34,160 kilosort.run_kilosort DEBUG    hp_filter shape: torch.Size([30122])
2026-07-18 04:10:34,160 kilosort.run_kilosort DEBUG    whiten_mat shape: torch.Size([383, 383])
2026-07-18 04:10:34,441 kilosort.run_kilosort DEBUG    First batch min, max: (np.float32(-3251.4702), np.float32(2073.233))
2026-07-18 04:10:34,441 kilosort.run_kilosort INFO      
2026-07-18 04:10:34,451 kilosort.run_kilosort INFO     Resource usage after preprocessing
2026-07-18 04:10:34,451 kilosort.run_kilosort INFO     ********************************************************
2026-07-18 04:10:34,451 kilosort.run_kilosort INFO     CPU usage:    18.10 %
2026-07-18 04:10:34,451 kilosort.run_kilosort INFO     Mem used:     46.20 %     |       7.23 GB
2026-07-18 04:10:34,451 kilosort.run_kilosort INFO     Mem avail:     8.42 / 15.65 GB
2026-07-18 04:10:34,451 kilosort.run_kilosort INFO     ------------------------------------------------------
2026-07-18 04:10:34,451 kilosort.run_kilosort INFO     GPU usage:    `conda install pynvml` for GPU usage
2026-07-18 04:10:34,451 kilosort.run_kilosort INFO     GPU memory:   61.28 %     |      2.45   /     4.00 GB
2026-07-18 04:10:34,451 kilosort.run_kilosort INFO     Allocated:     0.21 %     |      0.01   /     4.00 GB
2026-07-18 04:10:34,451 kilosort.run_kilosort INFO     Max alloc:    32.60 %     |      1.30   /     4.00 GB
2026-07-18 04:10:34,451 kilosort.run_kilosort INFO     ********************************************************
2026-07-18 04:10:34,471 kilosort.run_kilosort INFO      
2026-07-18 04:10:34,471 kilosort.run_kilosort INFO     Computing drift correction.
2026-07-18 04:10:34,471 kilosort.run_kilosort INFO     ----------------------------------------
2026-07-18 04:10:34,471 kilosort.spikedetect INFO     Re-computing universal templates from data.
2026-07-18 04:10:37,021 kilosort.spikedetect INFO     Number of universal templates: 1532
2026-07-18 04:10:37,818 kilosort.spikedetect INFO     Detecting spikes...
2026-07-18 04:10:37,818 kilosort.spikedetect DEBUG     
2026-07-18 04:10:37,818 kilosort.spikedetect DEBUG    Batch 0 of 104 (0.0%)
2026-07-18 04:10:37,818 kilosort.spikedetect DEBUG    ********************************************************
2026-07-18 04:10:37,829 kilosort.spikedetect DEBUG    CPU usage:    18.40 %
2026-07-18 04:10:37,829 kilosort.spikedetect DEBUG    Mem used:     46.90 %     |       7.34 GB
2026-07-18 04:10:37,829 kilosort.spikedetect DEBUG    Mem avail:     8.31 / 15.65 GB
2026-07-18 04:10:37,829 kilosort.spikedetect DEBUG    ------------------------------------------------------
2026-07-18 04:10:37,829 kilosort.spikedetect DEBUG    GPU usage:    `conda install pynvml` for GPU usage
2026-07-18 04:10:37,829 kilosort.spikedetect DEBUG    GPU memory:   61.28 %     |      2.45   /     4.00 GB
2026-07-18 04:10:37,829 kilosort.spikedetect DEBUG    Allocated:     0.27 %     |      0.01   /     4.00 GB
2026-07-18 04:10:37,829 kilosort.spikedetect DEBUG    Max alloc:    32.60 %     |      1.30   /     4.00 GB
2026-07-18 04:10:37,829 kilosort.spikedetect DEBUG    ********************************************************
2026-07-18 04:32:55,337 kilosort.spikedetect DEBUG     
2026-07-18 04:32:55,337 kilosort.spikedetect DEBUG    Batch 104 of 104 (99.0%)
2026-07-18 04:32:55,337 kilosort.spikedetect DEBUG    ********************************************************
2026-07-18 04:32:55,337 kilosort.spikedetect DEBUG    CPU usage:    18.50 %
2026-07-18 04:32:55,337 kilosort.spikedetect DEBUG    Mem used:     50.80 %     |       7.95 GB
2026-07-18 04:32:55,337 kilosort.spikedetect DEBUG    Mem avail:     7.70 / 15.65 GB
2026-07-18 04:32:55,338 kilosort.spikedetect DEBUG    ------------------------------------------------------
2026-07-18 04:32:55,338 kilosort.spikedetect DEBUG    GPU usage:    `conda install pynvml` for GPU usage
2026-07-18 04:32:55,338 kilosort.spikedetect DEBUG    GPU memory:   24.41 %     |      0.98   /     4.00 GB
2026-07-18 04:32:55,338 kilosort.spikedetect DEBUG    Allocated:     2.56 %     |      0.10   /     4.00 GB
2026-07-18 04:32:55,338 kilosort.spikedetect DEBUG    Max alloc:    96.34 %     |      3.85   /     4.00 GB
2026-07-18 04:32:55,338 kilosort.spikedetect DEBUG    ********************************************************
2026-07-18 04:32:56,289 kilosort.run_kilosort INFO     drift computed in 1341.82s; total 1347.10s
2026-07-18 04:32:56,289 kilosort.run_kilosort DEBUG    st shape: (357875, 6)
2026-07-18 04:32:56,289 kilosort.run_kilosort DEBUG    yblk shape: (1,)
2026-07-18 04:32:56,289 kilosort.run_kilosort DEBUG    dshift shape: (105, 1)
2026-07-18 04:32:56,296 kilosort.run_kilosort DEBUG    iKxx shape: torch.Size([383, 383])
2026-07-18 04:32:56,297 kilosort.run_kilosort DEBUG    

|===========================================================================|
|                  PyTorch CUDA memory summary, device ID 0                 |
|---------------------------------------------------------------------------|
|            CUDA OOMs: 0            |        cudaMalloc retries: 0         |
|===========================================================================|
|        Metric         | Cur Usage  | Peak Usage | Tot Alloc  | Tot Freed  |
|---------------------------------------------------------------------------|
| Allocated memory      |  11832 KiB |   3945 MiB |  12331 GiB |  12331 GiB |
|---------------------------------------------------------------------------|
| Active memory         |  11832 KiB |   3945 MiB |  12331 GiB |  12331 GiB |
|---------------------------------------------------------------------------|
| Requested memory      |  11829 KiB |   3944 MiB |  12328 GiB |  12328 GiB |
|---------------------------------------------------------------------------|
| GPU reserved memory   | 145408 KiB |   4820 MiB | 475638 MiB | 475496 MiB |
|---------------------------------------------------------------------------|
| Non-releasable memory |  41415 KiB |   1522 MiB |   2917 GiB |   2917 GiB |
|---------------------------------------------------------------------------|
| Allocations           |       9    |      37    |   80298    |   80289    |
|---------------------------------------------------------------------------|
| Active allocs         |       9    |      37    |   80298    |   80289    |
|---------------------------------------------------------------------------|
| GPU reserved segments |       6    |      20    |    1304    |    1298    |
|---------------------------------------------------------------------------|
| Non-releasable allocs |      10    |      25    |   34210    |   34200    |
|---------------------------------------------------------------------------|
| Oversize allocations  |       0    |       0    |       0    |       0    |
|---------------------------------------------------------------------------|
| Oversize GPU segments |       0    |       0    |       0    |       0    |
|===========================================================================|


2026-07-18 04:32:56,297 kilosort.run_kilosort INFO      
2026-07-18 04:32:56,297 kilosort.run_kilosort INFO     Resource usage after drift correction
2026-07-18 04:32:56,297 kilosort.run_kilosort INFO     ********************************************************
2026-07-18 04:32:56,297 kilosort.run_kilosort INFO     CPU usage:    20.00 %
2026-07-18 04:32:56,297 kilosort.run_kilosort INFO     Mem used:     50.20 %     |       7.85 GB
2026-07-18 04:32:56,297 kilosort.run_kilosort INFO     Mem avail:     7.80 / 15.65 GB
2026-07-18 04:32:56,297 kilosort.run_kilosort INFO     ------------------------------------------------------
2026-07-18 04:32:56,297 kilosort.run_kilosort INFO     GPU usage:    `conda install pynvml` for GPU usage
2026-07-18 04:32:56,297 kilosort.run_kilosort INFO     GPU memory:   24.51 %     |      0.98   /     4.00 GB
2026-07-18 04:32:56,297 kilosort.run_kilosort INFO     Allocated:     0.28 %     |      0.01   /     4.00 GB
2026-07-18 04:32:56,297 kilosort.run_kilosort INFO     Max alloc:    96.34 %     |      3.85   /     4.00 GB
2026-07-18 04:32:56,297 kilosort.run_kilosort INFO     ********************************************************
2026-07-18 04:32:56,297 kilosort.run_kilosort DEBUG    
2026-07-18 04:32:56,297 kilosort.run_kilosort DEBUG    --------------------
2026-07-18 04:32:56,297 kilosort.run_kilosort DEBUG    Process thread count: N/A (linux only)
2026-07-18 04:32:56,297 kilosort.run_kilosort DEBUG    num torch threads: 8
2026-07-18 04:32:56,297 kilosort.run_kilosort DEBUG    --------------------

2026-07-18 04:32:56,297 kilosort.run_kilosort INFO     Generating drift plots ...
2026-07-18 04:33:23,694 kilosort.run_kilosort INFO      
2026-07-18 04:33:23,694 kilosort.run_kilosort INFO     Extracting spikes using templates
2026-07-18 04:33:23,694 kilosort.run_kilosort INFO     ----------------------------------------
2026-07-18 04:33:23,694 kilosort.spikedetect INFO     Re-computing universal templates from data.
2026-07-18 04:33:25,761 kilosort.spikedetect INFO     Number of universal templates: 1532
2026-07-18 04:33:26,453 kilosort.spikedetect INFO     Detecting spikes...
2026-07-18 04:33:26,453 kilosort.spikedetect DEBUG     
2026-07-18 04:33:26,453 kilosort.spikedetect DEBUG    Batch 0 of 104 (0.0%)
2026-07-18 04:33:26,453 kilosort.spikedetect DEBUG    ********************************************************
2026-07-18 04:33:26,453 kilosort.spikedetect DEBUG    CPU usage:    15.50 %
2026-07-18 04:33:26,453 kilosort.spikedetect DEBUG    Mem used:     50.80 %     |       7.96 GB
2026-07-18 04:33:26,453 kilosort.spikedetect DEBUG    Mem avail:     7.69 / 15.65 GB
2026-07-18 04:33:26,453 kilosort.spikedetect DEBUG    ------------------------------------------------------
2026-07-18 04:33:26,453 kilosort.spikedetect DEBUG    GPU usage:    `conda install pynvml` for GPU usage
2026-07-18 04:33:26,453 kilosort.spikedetect DEBUG    GPU memory:   61.43 %     |      2.46   /     4.00 GB
2026-07-18 04:33:26,453 kilosort.spikedetect DEBUG    Allocated:     0.34 %     |      0.01   /     4.00 GB
2026-07-18 04:33:26,453 kilosort.spikedetect DEBUG    Max alloc:    32.67 %     |      1.31   /     4.00 GB
2026-07-18 04:33:26,453 kilosort.spikedetect DEBUG    ********************************************************
2026-07-18 04:54:26,111 kilosort.spikedetect DEBUG     
2026-07-18 04:54:26,111 kilosort.spikedetect DEBUG    Batch 104 of 104 (99.0%)
2026-07-18 04:54:26,111 kilosort.spikedetect DEBUG    ********************************************************
2026-07-18 04:54:26,111 kilosort.spikedetect DEBUG    CPU usage:    18.10 %
2026-07-18 04:54:26,111 kilosort.spikedetect DEBUG    Mem used:     53.30 %     |       8.34 GB
2026-07-18 04:54:26,111 kilosort.spikedetect DEBUG    Mem avail:     7.31 / 15.65 GB
2026-07-18 04:54:26,111 kilosort.spikedetect DEBUG    ------------------------------------------------------
2026-07-18 04:54:26,111 kilosort.spikedetect DEBUG    GPU usage:    `conda install pynvml` for GPU usage
2026-07-18 04:54:26,111 kilosort.spikedetect DEBUG    GPU memory:   26.61 %     |      1.06   /     4.00 GB
2026-07-18 04:54:26,111 kilosort.spikedetect DEBUG    Allocated:     2.63 %     |      0.11   /     4.00 GB
2026-07-18 04:54:26,111 kilosort.spikedetect DEBUG    Max alloc:    96.42 %     |      3.86   /     4.00 GB
2026-07-18 04:54:26,111 kilosort.spikedetect DEBUG    ********************************************************
2026-07-18 04:54:26,121 kilosort.run_kilosort INFO     353967 spikes extracted in 1262.43s; total 2636.93s
2026-07-18 04:54:26,121 kilosort.run_kilosort DEBUG    st0 shape: (353967, 6)
2026-07-18 04:54:26,121 kilosort.run_kilosort DEBUG    tF shape: torch.Size([353967, 25, 3])
2026-07-18 04:54:26,121 kilosort.run_kilosort INFO      
2026-07-18 04:54:26,121 kilosort.run_kilosort INFO     Resource usage after spike detect (univ)
2026-07-18 04:54:26,121 kilosort.run_kilosort INFO     ********************************************************
2026-07-18 04:54:26,121 kilosort.run_kilosort INFO     CPU usage:     0.00 %
2026-07-18 04:54:26,121 kilosort.run_kilosort INFO     Mem used:     53.20 %     |       8.32 GB
2026-07-18 04:54:26,121 kilosort.run_kilosort INFO     Mem avail:     7.32 / 15.65 GB
2026-07-18 04:54:26,121 kilosort.run_kilosort INFO     ------------------------------------------------------
2026-07-18 04:54:26,121 kilosort.run_kilosort INFO     GPU usage:    `conda install pynvml` for GPU usage
2026-07-18 04:54:26,121 kilosort.run_kilosort INFO     GPU memory:   26.61 %     |      1.06   /     4.00 GB
2026-07-18 04:54:26,121 kilosort.run_kilosort INFO     Allocated:     0.28 %     |      0.01   /     4.00 GB
2026-07-18 04:54:26,121 kilosort.run_kilosort INFO     Max alloc:    96.42 %     |      3.86   /     4.00 GB
2026-07-18 04:54:26,121 kilosort.run_kilosort INFO     ********************************************************
2026-07-18 04:54:26,121 kilosort.run_kilosort DEBUG    
2026-07-18 04:54:26,121 kilosort.run_kilosort DEBUG    --------------------
2026-07-18 04:54:26,121 kilosort.run_kilosort DEBUG    Process thread count: N/A (linux only)
2026-07-18 04:54:26,121 kilosort.run_kilosort DEBUG    num torch threads: 8
2026-07-18 04:54:26,121 kilosort.run_kilosort DEBUG    --------------------

2026-07-18 04:54:26,121 kilosort.run_kilosort INFO      
2026-07-18 04:54:26,121 kilosort.run_kilosort INFO     First clustering
2026-07-18 04:54:26,121 kilosort.run_kilosort INFO     ----------------------------------------
2026-07-18 04:54:26,471 kilosort.clustering_qr DEBUG    Center 0 | Xd shape: torch.Size([2795, 78]) | ntemp: 16
2026-07-18 04:54:29,315 kilosort.clustering_qr DEBUG    Center 1 | Xd shape: torch.Size([1706, 78]) | ntemp: 16
2026-07-18 04:54:33,672 kilosort.clustering_qr DEBUG    Center 2 | Xd shape: torch.Size([1212, 78]) | ntemp: 16
2026-07-18 04:54:35,538 kilosort.clustering_qr DEBUG    Center 3 | Xd shape: torch.Size([695, 90]) | ntemp: 16
2026-07-18 04:54:35,579 kilosort.clustering_qr DEBUG    Center 4 | Xd shape: torch.Size([1211, 90]) | ntemp: 16
2026-07-18 04:54:37,195 kilosort.clustering_qr DEBUG    Center 5 | Xd shape: torch.Size([2761, 90]) | ntemp: 16
2026-07-18 04:54:39,238 kilosort.clustering_qr DEBUG    Center 6 | Xd shape: torch.Size([3561, 90]) | ntemp: 16
2026-07-18 04:54:41,001 kilosort.clustering_qr DEBUG    Center 7 | Xd shape: torch.Size([3242, 90]) | ntemp: 16
2026-07-18 04:54:42,465 kilosort.clustering_qr DEBUG    Center 8 | Xd shape: torch.Size([1814, 90]) | ntemp: 16
2026-07-18 04:54:43,503 kilosort.clustering_qr DEBUG     
2026-07-18 04:54:43,503 kilosort.clustering_qr DEBUG    Cluster center: 9 (10/96)
2026-07-18 04:54:43,503 kilosort.clustering_qr DEBUG    ********************************************************
2026-07-18 04:54:43,503 kilosort.clustering_qr DEBUG    CPU usage:    18.50 %
2026-07-18 04:54:43,503 kilosort.clustering_qr DEBUG    Mem used:     51.40 %     |       8.05 GB
2026-07-18 04:54:43,503 kilosort.clustering_qr DEBUG    Mem avail:     7.60 / 15.65 GB
2026-07-18 04:54:43,503 kilosort.clustering_qr DEBUG    ------------------------------------------------------
2026-07-18 04:54:43,503 kilosort.clustering_qr DEBUG    GPU usage:    `conda install pynvml` for GPU usage
2026-07-18 04:54:43,503 kilosort.clustering_qr DEBUG    GPU memory:   22.31 %     |      0.89   /     4.00 GB
2026-07-18 04:54:43,503 kilosort.clustering_qr DEBUG    Allocated:     0.28 %     |      0.01   /     4.00 GB
2026-07-18 04:54:43,503 kilosort.clustering_qr DEBUG    Max alloc:     0.53 %     |      0.02   /     4.00 GB
2026-07-18 04:54:43,503 kilosort.clustering_qr DEBUG    ********************************************************
2026-07-18 04:54:43,547 kilosort.clustering_qr DEBUG    Center 9 | Xd shape: torch.Size([1911, 90]) | ntemp: 16
2026-07-18 04:54:45,457 kilosort.clustering_qr DEBUG    Center 10 | Xd shape: torch.Size([2706, 90]) | ntemp: 16
2026-07-18 04:54:47,717 kilosort.clustering_qr DEBUG    Center 11 | Xd shape: torch.Size([3139, 90]) | ntemp: 16
2026-07-18 04:54:49,261 kilosort.clustering_qr DEBUG    Center 12 | Xd shape: torch.Size([3319, 90]) | ntemp: 16
2026-07-18 04:54:50,771 kilosort.clustering_qr DEBUG    Center 13 | Xd shape: torch.Size([3166, 90]) | ntemp: 16
2026-07-18 04:54:52,408 kilosort.clustering_qr DEBUG    Center 14 | Xd shape: torch.Size([2549, 90]) | ntemp: 16
2026-07-18 04:54:53,937 kilosort.clustering_qr DEBUG    Center 15 | Xd shape: torch.Size([3925, 90]) | ntemp: 16
2026-07-18 04:54:55,667 kilosort.clustering_qr DEBUG    Center 16 | Xd shape: torch.Size([4517, 90]) | ntemp: 16
2026-07-18 04:54:57,441 kilosort.clustering_qr DEBUG    Center 17 | Xd shape: torch.Size([2190, 90]) | ntemp: 16
2026-07-18 04:54:59,263 kilosort.clustering_qr DEBUG    Center 18 | Xd shape: torch.Size([3264, 90]) | ntemp: 16
2026-07-18 04:55:00,824 kilosort.clustering_qr DEBUG     
2026-07-18 04:55:00,824 kilosort.clustering_qr DEBUG    Cluster center: 19 (20/96)
2026-07-18 04:55:00,824 kilosort.clustering_qr DEBUG    ********************************************************
2026-07-18 04:55:00,824 kilosort.clustering_qr DEBUG    CPU usage:    22.00 %
2026-07-18 04:55:00,824 kilosort.clustering_qr DEBUG    Mem used:     51.60 %     |       8.07 GB
2026-07-18 04:55:00,824 kilosort.clustering_qr DEBUG    Mem avail:     7.58 / 15.65 GB
2026-07-18 04:55:00,824 kilosort.clustering_qr DEBUG    ------------------------------------------------------
2026-07-18 04:55:00,824 kilosort.clustering_qr DEBUG    GPU usage:    `conda install pynvml` for GPU usage
2026-07-18 04:55:00,824 kilosort.clustering_qr DEBUG    GPU memory:   22.31 %     |      0.89   /     4.00 GB
2026-07-18 04:55:00,824 kilosort.clustering_qr DEBUG    Allocated:     0.28 %     |      0.01   /     4.00 GB
2026-07-18 04:55:00,824 kilosort.clustering_qr DEBUG    Max alloc:     0.60 %     |      0.02   /     4.00 GB
2026-07-18 04:55:00,824 kilosort.clustering_qr DEBUG    ********************************************************
2026-07-18 04:55:00,876 kilosort.clustering_qr DEBUG    Center 19 | Xd shape: torch.Size([3980, 90]) | ntemp: 16
2026-07-18 04:55:02,303 kilosort.clustering_qr DEBUG    Center 20 | Xd shape: torch.Size([4782, 90]) | ntemp: 16
2026-07-18 04:55:04,012 kilosort.clustering_qr DEBUG    Center 21 | Xd shape: torch.Size([9397, 90]) | ntemp: 16
2026-07-18 04:55:05,950 kilosort.clustering_qr DEBUG    Center 22 | Xd shape: torch.Size([4554, 90]) | ntemp: 16
2026-07-18 04:55:07,873 kilosort.clustering_qr DEBUG    Center 23 | Xd shape: torch.Size([5498, 90]) | ntemp: 16
2026-07-18 04:55:09,657 kilosort.clustering_qr DEBUG    Center 24 | Xd shape: torch.Size([2792, 90]) | ntemp: 16
2026-07-18 04:55:11,202 kilosort.clustering_qr DEBUG    Center 25 | Xd shape: torch.Size([7420, 90]) | ntemp: 16
2026-07-18 04:55:13,249 kilosort.clustering_qr DEBUG    Center 26 | Xd shape: torch.Size([2738, 90]) | ntemp: 16
2026-07-18 04:55:14,907 kilosort.clustering_qr DEBUG    Center 27 | Xd shape: torch.Size([4695, 90]) | ntemp: 16
2026-07-18 04:55:16,723 kilosort.clustering_qr DEBUG    Center 28 | Xd shape: torch.Size([4422, 90]) | ntemp: 16
2026-07-18 04:55:18,618 kilosort.clustering_qr DEBUG     
2026-07-18 04:55:18,618 kilosort.clustering_qr DEBUG    Cluster center: 29 (30/96)
2026-07-18 04:55:18,618 kilosort.clustering_qr DEBUG    ********************************************************
2026-07-18 04:55:18,618 kilosort.clustering_qr DEBUG    CPU usage:    21.10 %
2026-07-18 04:55:18,618 kilosort.clustering_qr DEBUG    Mem used:     51.60 %     |       8.08 GB
2026-07-18 04:55:18,618 kilosort.clustering_qr DEBUG    Mem avail:     7.57 / 15.65 GB
2026-07-18 04:55:18,625 kilosort.clustering_qr DEBUG    ------------------------------------------------------
2026-07-18 04:55:18,625 kilosort.clustering_qr DEBUG    GPU usage:    `conda install pynvml` for GPU usage
2026-07-18 04:55:18,625 kilosort.clustering_qr DEBUG    GPU memory:   22.31 %     |      0.89   /     4.00 GB
2026-07-18 04:55:18,625 kilosort.clustering_qr DEBUG    Allocated:     0.28 %     |      0.01   /     4.00 GB
2026-07-18 04:55:18,625 kilosort.clustering_qr DEBUG    Max alloc:     0.93 %     |      0.04   /     4.00 GB
2026-07-18 04:55:18,625 kilosort.clustering_qr DEBUG    ********************************************************
2026-07-18 04:55:18,672 kilosort.clustering_qr DEBUG    Center 29 | Xd shape: torch.Size([4327, 90]) | ntemp: 16
2026-07-18 04:55:20,217 kilosort.clustering_qr DEBUG    Center 30 | Xd shape: torch.Size([5128, 90]) | ntemp: 16
2026-07-18 04:55:21,810 kilosort.clustering_qr DEBUG    Center 31 | Xd shape: torch.Size([1446, 90]) | ntemp: 16
2026-07-18 04:55:23,414 kilosort.clustering_qr DEBUG    Center 32 | Xd shape: torch.Size([1603, 90]) | ntemp: 16
2026-07-18 04:55:25,245 kilosort.clustering_qr DEBUG    Center 33 | Xd shape: torch.Size([2122, 90]) | ntemp: 16
2026-07-18 04:55:27,405 kilosort.clustering_qr DEBUG    Center 34 | Xd shape: torch.Size([3169, 90]) | ntemp: 16
2026-07-18 04:55:29,300 kilosort.clustering_qr DEBUG    Center 35 | Xd shape: torch.Size([2478, 90]) | ntemp: 16
2026-07-18 04:55:30,610 kilosort.clustering_qr DEBUG    Center 36 | Xd shape: torch.Size([2529, 90]) | ntemp: 16
2026-07-18 04:55:32,676 kilosort.clustering_qr DEBUG    Center 37 | Xd shape: torch.Size([2063, 90]) | ntemp: 16
2026-07-18 04:55:34,665 kilosort.clustering_qr DEBUG    Center 38 | Xd shape: torch.Size([1262, 90]) | ntemp: 16
2026-07-18 04:55:36,662 kilosort.clustering_qr DEBUG     
2026-07-18 04:55:36,662 kilosort.clustering_qr DEBUG    Cluster center: 39 (40/96)
2026-07-18 04:55:36,662 kilosort.clustering_qr DEBUG    ********************************************************
2026-07-18 04:55:36,662 kilosort.clustering_qr DEBUG    CPU usage:    20.10 %
2026-07-18 04:55:36,662 kilosort.clustering_qr DEBUG    Mem used:     51.60 %     |       8.08 GB
2026-07-18 04:55:36,662 kilosort.clustering_qr DEBUG    Mem avail:     7.57 / 15.65 GB
2026-07-18 04:55:36,662 kilosort.clustering_qr DEBUG    ------------------------------------------------------
2026-07-18 04:55:36,662 kilosort.clustering_qr DEBUG    GPU usage:    `conda install pynvml` for GPU usage
2026-07-18 04:55:36,662 kilosort.clustering_qr DEBUG    GPU memory:   22.31 %     |      0.89   /     4.00 GB
2026-07-18 04:55:36,662 kilosort.clustering_qr DEBUG    Allocated:     0.28 %     |      0.01   /     4.00 GB
2026-07-18 04:55:36,662 kilosort.clustering_qr DEBUG    Max alloc:     0.93 %     |      0.04   /     4.00 GB
2026-07-18 04:55:36,662 kilosort.clustering_qr DEBUG    ********************************************************
2026-07-18 04:55:36,704 kilosort.clustering_qr DEBUG    Center 39 | Xd shape: torch.Size([1702, 90]) | ntemp: 16
2026-07-18 04:55:38,509 kilosort.clustering_qr DEBUG    Center 40 | Xd shape: torch.Size([3385, 90]) | ntemp: 16
2026-07-18 04:55:40,737 kilosort.clustering_qr DEBUG    Center 41 | Xd shape: torch.Size([3588, 90]) | ntemp: 16
2026-07-18 04:55:42,369 kilosort.clustering_qr DEBUG    Center 42 | Xd shape: torch.Size([3830, 90]) | ntemp: 16
2026-07-18 04:55:43,903 kilosort.clustering_qr DEBUG    Center 43 | Xd shape: torch.Size([2303, 90]) | ntemp: 16
2026-07-18 04:55:45,721 kilosort.clustering_qr DEBUG    Center 44 | Xd shape: torch.Size([2738, 87]) | ntemp: 16
2026-07-18 04:55:47,211 kilosort.clustering_qr DEBUG    Center 45 | Xd shape: torch.Size([3151, 87]) | ntemp: 16
2026-07-18 04:55:48,751 kilosort.clustering_qr DEBUG    Center 46 | Xd shape: torch.Size([5633, 87]) | ntemp: 16
2026-07-18 04:55:50,306 kilosort.clustering_qr DEBUG    Center 47 | Xd shape: torch.Size([4068, 87]) | ntemp: 16
2026-07-18 04:55:51,933 kilosort.clustering_qr DEBUG    Center 48 | Xd shape: torch.Size([6784, 87]) | ntemp: 16
2026-07-18 04:55:53,534 kilosort.clustering_qr DEBUG     
2026-07-18 04:55:53,534 kilosort.clustering_qr DEBUG    Cluster center: 49 (50/96)
2026-07-18 04:55:53,534 kilosort.clustering_qr DEBUG    ********************************************************
2026-07-18 04:55:53,534 kilosort.clustering_qr DEBUG    CPU usage:    20.10 %
2026-07-18 04:55:53,534 kilosort.clustering_qr DEBUG    Mem used:     51.60 %     |       8.07 GB
2026-07-18 04:55:53,534 kilosort.clustering_qr DEBUG    Mem avail:     7.58 / 15.65 GB
2026-07-18 04:55:53,534 kilosort.clustering_qr DEBUG    ------------------------------------------------------
2026-07-18 04:55:53,534 kilosort.clustering_qr DEBUG    GPU usage:    `conda install pynvml` for GPU usage
2026-07-18 04:55:53,534 kilosort.clustering_qr DEBUG    GPU memory:   22.31 %     |      0.89   /     4.00 GB
2026-07-18 04:55:53,534 kilosort.clustering_qr DEBUG    Allocated:     0.28 %     |      0.01   /     4.00 GB
2026-07-18 04:55:53,534 kilosort.clustering_qr DEBUG    Max alloc:     0.93 %     |      0.04   /     4.00 GB
2026-07-18 04:55:53,534 kilosort.clustering_qr DEBUG    ********************************************************
2026-07-18 04:55:53,575 kilosort.clustering_qr DEBUG    Center 49 | Xd shape: torch.Size([6310, 87]) | ntemp: 16
2026-07-18 04:55:54,604 kilosort.clustering_qr DEBUG    Center 50 | Xd shape: torch.Size([14580, 87]) | ntemp: 16
2026-07-18 04:55:56,465 kilosort.clustering_qr DEBUG    Center 51 | Xd shape: torch.Size([3289, 90]) | ntemp: 16
2026-07-18 04:55:58,174 kilosort.clustering_qr DEBUG    Center 52 | Xd shape: torch.Size([7327, 90]) | ntemp: 16
2026-07-18 04:55:59,806 kilosort.clustering_qr DEBUG    Center 53 | Xd shape: torch.Size([12351, 90]) | ntemp: 16
2026-07-18 04:56:01,621 kilosort.clustering_qr DEBUG    Center 54 | Xd shape: torch.Size([20899, 90]) | ntemp: 16
2026-07-18 04:56:03,691 kilosort.clustering_qr DEBUG    Center 55 | Xd shape: torch.Size([4823, 90]) | ntemp: 16
2026-07-18 04:56:05,502 kilosort.clustering_qr DEBUG    Center 56 | Xd shape: torch.Size([5930, 90]) | ntemp: 16
2026-07-18 04:56:07,186 kilosort.clustering_qr DEBUG    Center 57 | Xd shape: torch.Size([8543, 90]) | ntemp: 16
2026-07-18 04:56:09,094 kilosort.clustering_qr DEBUG    Center 58 | Xd shape: torch.Size([9287, 90]) | ntemp: 16
2026-07-18 04:56:10,918 kilosort.clustering_qr DEBUG     
2026-07-18 04:56:10,918 kilosort.clustering_qr DEBUG    Cluster center: 59 (60/96)
2026-07-18 04:56:10,918 kilosort.clustering_qr DEBUG    ********************************************************
2026-07-18 04:56:10,918 kilosort.clustering_qr DEBUG    CPU usage:    21.20 %
2026-07-18 04:56:10,918 kilosort.clustering_qr DEBUG    Mem used:     51.60 %     |       8.08 GB
2026-07-18 04:56:10,918 kilosort.clustering_qr DEBUG    Mem avail:     7.57 / 15.65 GB
2026-07-18 04:56:10,918 kilosort.clustering_qr DEBUG    ------------------------------------------------------
2026-07-18 04:56:10,918 kilosort.clustering_qr DEBUG    GPU usage:    `conda install pynvml` for GPU usage
2026-07-18 04:56:10,918 kilosort.clustering_qr DEBUG    GPU memory:   22.31 %     |      0.89   /     4.00 GB
2026-07-18 04:56:10,918 kilosort.clustering_qr DEBUG    Allocated:     0.28 %     |      0.01   /     4.00 GB
2026-07-18 04:56:10,918 kilosort.clustering_qr DEBUG    Max alloc:     1.73 %     |      0.07   /     4.00 GB
2026-07-18 04:56:10,918 kilosort.clustering_qr DEBUG    ********************************************************
2026-07-18 04:56:10,958 kilosort.clustering_qr DEBUG    Center 59 | Xd shape: torch.Size([8551, 90]) | ntemp: 16
2026-07-18 04:56:12,589 kilosort.clustering_qr DEBUG    Center 60 | Xd shape: torch.Size([7714, 90]) | ntemp: 16
2026-07-18 04:56:14,561 kilosort.clustering_qr DEBUG    Center 61 | Xd shape: torch.Size([5428, 90]) | ntemp: 16
2026-07-18 04:56:16,434 kilosort.clustering_qr DEBUG    Center 62 | Xd shape: torch.Size([8848, 90]) | ntemp: 16
2026-07-18 04:56:17,869 kilosort.clustering_qr DEBUG    Center 63 | Xd shape: torch.Size([5425, 90]) | ntemp: 16
2026-07-18 04:56:19,478 kilosort.clustering_qr DEBUG    Center 64 | Xd shape: torch.Size([5826, 90]) | ntemp: 16
2026-07-18 04:56:21,420 kilosort.clustering_qr DEBUG    Center 65 | Xd shape: torch.Size([8555, 90]) | ntemp: 16
2026-07-18 04:56:23,257 kilosort.clustering_qr DEBUG    Center 66 | Xd shape: torch.Size([2687, 90]) | ntemp: 16
2026-07-18 04:56:25,199 kilosort.clustering_qr DEBUG    Center 67 | Xd shape: torch.Size([4281, 90]) | ntemp: 16
2026-07-18 04:56:26,872 kilosort.clustering_qr DEBUG    Center 68 | Xd shape: torch.Size([3001, 90]) | ntemp: 16
2026-07-18 04:56:28,537 kilosort.clustering_qr DEBUG     
2026-07-18 04:56:28,537 kilosort.clustering_qr DEBUG    Cluster center: 69 (70/96)
2026-07-18 04:56:28,537 kilosort.clustering_qr DEBUG    ********************************************************
2026-07-18 04:56:28,537 kilosort.clustering_qr DEBUG    CPU usage:    20.40 %
2026-07-18 04:56:28,537 kilosort.clustering_qr DEBUG    Mem used:     51.60 %     |       8.07 GB
2026-07-18 04:56:28,537 kilosort.clustering_qr DEBUG    Mem avail:     7.58 / 15.65 GB
2026-07-18 04:56:28,537 kilosort.clustering_qr DEBUG    ------------------------------------------------------
2026-07-18 04:56:28,537 kilosort.clustering_qr DEBUG    GPU usage:    `conda install pynvml` for GPU usage
2026-07-18 04:56:28,537 kilosort.clustering_qr DEBUG    GPU memory:   22.31 %     |      0.89   /     4.00 GB
2026-07-18 04:56:28,537 kilosort.clustering_qr DEBUG    Allocated:     0.28 %     |      0.01   /     4.00 GB
2026-07-18 04:56:28,537 kilosort.clustering_qr DEBUG    Max alloc:     1.73 %     |      0.07   /     4.00 GB
2026-07-18 04:56:28,537 kilosort.clustering_qr DEBUG    ********************************************************
2026-07-18 04:56:28,588 kilosort.clustering_qr DEBUG    Center 69 | Xd shape: torch.Size([2795, 90]) | ntemp: 16
2026-07-18 04:56:30,603 kilosort.clustering_qr DEBUG    Center 70 | Xd shape: torch.Size([1998, 90]) | ntemp: 16
2026-07-18 04:56:32,042 kilosort.clustering_qr DEBUG    Center 71 | Xd shape: torch.Size([2010, 90]) | ntemp: 16
2026-07-18 04:56:34,124 kilosort.clustering_qr DEBUG    Center 72 | Xd shape: torch.Size([1622, 90]) | ntemp: 16
2026-07-18 04:56:36,160 kilosort.clustering_qr DEBUG    Center 73 | Xd shape: torch.Size([2463, 90]) | ntemp: 16
2026-07-18 04:56:38,069 kilosort.clustering_qr DEBUG    Center 74 | Xd shape: torch.Size([1240, 90]) | ntemp: 16
2026-07-18 04:56:39,544 kilosort.clustering_qr DEBUG    Center 75 | Xd shape: torch.Size([1091, 90]) | ntemp: 16
2026-07-18 04:56:41,323 kilosort.clustering_qr DEBUG    Center 76 | Xd shape: torch.Size([1244, 90]) | ntemp: 16
2026-07-18 04:56:43,099 kilosort.clustering_qr DEBUG    Center 77 | Xd shape: torch.Size([1109, 90]) | ntemp: 16
2026-07-18 04:56:44,770 kilosort.clustering_qr DEBUG    Center 78 | Xd shape: torch.Size([1619, 90]) | ntemp: 16
2026-07-18 04:56:46,850 kilosort.clustering_qr DEBUG     
2026-07-18 04:56:46,850 kilosort.clustering_qr DEBUG    Cluster center: 79 (80/96)
2026-07-18 04:56:46,850 kilosort.clustering_qr DEBUG    ********************************************************
2026-07-18 04:56:46,850 kilosort.clustering_qr DEBUG    CPU usage:    19.00 %
2026-07-18 04:56:46,850 kilosort.clustering_qr DEBUG    Mem used:     51.50 %     |       8.06 GB
2026-07-18 04:56:46,850 kilosort.clustering_qr DEBUG    Mem avail:     7.59 / 15.65 GB
2026-07-18 04:56:46,850 kilosort.clustering_qr DEBUG    ------------------------------------------------------
2026-07-18 04:56:46,850 kilosort.clustering_qr DEBUG    GPU usage:    `conda install pynvml` for GPU usage
2026-07-18 04:56:46,850 kilosort.clustering_qr DEBUG    GPU memory:   22.31 %     |      0.89   /     4.00 GB
2026-07-18 04:56:46,850 kilosort.clustering_qr DEBUG    Allocated:     0.28 %     |      0.01   /     4.00 GB
2026-07-18 04:56:46,857 kilosort.clustering_qr DEBUG    Max alloc:     1.73 %     |      0.07   /     4.00 GB
2026-07-18 04:56:46,857 kilosort.clustering_qr DEBUG    ********************************************************
2026-07-18 04:56:46,909 kilosort.clustering_qr DEBUG    Center 79 | Xd shape: torch.Size([1550, 90]) | ntemp: 16
2026-07-18 04:56:48,874 kilosort.clustering_qr DEBUG    Center 80 | Xd shape: torch.Size([1068, 90]) | ntemp: 16
2026-07-18 04:56:50,894 kilosort.clustering_qr DEBUG    Center 81 | Xd shape: torch.Size([993, 90]) | ntemp: 16
2026-07-18 04:56:50,946 kilosort.clustering_qr DEBUG    Center 82 | Xd shape: torch.Size([941, 90]) | ntemp: 16
2026-07-18 04:56:51,007 kilosort.clustering_qr DEBUG    Center 83 | Xd shape: torch.Size([1148, 90]) | ntemp: 16
2026-07-18 04:56:52,699 kilosort.clustering_qr DEBUG    Center 84 | Xd shape: torch.Size([1763, 90]) | ntemp: 16
2026-07-18 04:56:54,614 kilosort.clustering_qr DEBUG    Center 85 | Xd shape: torch.Size([1487, 90]) | ntemp: 16
2026-07-18 04:56:56,352 kilosort.clustering_qr DEBUG    Center 86 | Xd shape: torch.Size([1016, 90]) | ntemp: 16
2026-07-18 04:56:57,940 kilosort.clustering_qr DEBUG    Center 87 | Xd shape: torch.Size([932, 90]) | ntemp: 16
2026-07-18 04:56:57,991 kilosort.clustering_qr DEBUG    Center 88 | Xd shape: torch.Size([1032, 90]) | ntemp: 16
2026-07-18 04:56:59,877 kilosort.clustering_qr DEBUG     
2026-07-18 04:56:59,877 kilosort.clustering_qr DEBUG    Cluster center: 89 (90/96)
2026-07-18 04:56:59,877 kilosort.clustering_qr DEBUG    ********************************************************
2026-07-18 04:56:59,877 kilosort.clustering_qr DEBUG    CPU usage:    19.80 %
2026-07-18 04:56:59,877 kilosort.clustering_qr DEBUG    Mem used:     51.50 %     |       8.07 GB
2026-07-18 04:56:59,877 kilosort.clustering_qr DEBUG    Mem avail:     7.58 / 15.65 GB
2026-07-18 04:56:59,877 kilosort.clustering_qr DEBUG    ------------------------------------------------------
2026-07-18 04:56:59,877 kilosort.clustering_qr DEBUG    GPU usage:    `conda install pynvml` for GPU usage
2026-07-18 04:56:59,877 kilosort.clustering_qr DEBUG    GPU memory:   22.31 %     |      0.89   /     4.00 GB
2026-07-18 04:56:59,877 kilosort.clustering_qr DEBUG    Allocated:     0.28 %     |      0.01   /     4.00 GB
2026-07-18 04:56:59,877 kilosort.clustering_qr DEBUG    Max alloc:     1.73 %     |      0.07   /     4.00 GB
2026-07-18 04:56:59,877 kilosort.clustering_qr DEBUG    ********************************************************
2026-07-18 04:56:59,929 kilosort.clustering_qr DEBUG    Center 89 | Xd shape: torch.Size([1258, 90]) | ntemp: 16
2026-07-18 04:57:01,471 kilosort.clustering_qr DEBUG    Center 90 | Xd shape: torch.Size([1801, 90]) | ntemp: 16
2026-07-18 04:57:03,364 kilosort.clustering_qr DEBUG    Center 91 | Xd shape: torch.Size([1541, 90]) | ntemp: 16
2026-07-18 04:57:04,782 kilosort.clustering_qr DEBUG    Center 92 | Xd shape: torch.Size([1108, 84]) | ntemp: 16
2026-07-18 04:57:06,579 kilosort.clustering_qr DEBUG    Center 93 | Xd shape: torch.Size([967, 78]) | ntemp: 16
2026-07-18 04:57:06,642 kilosort.clustering_qr DEBUG    Center 94 | Xd shape: torch.Size([991, 78]) | ntemp: 16
2026-07-18 04:57:06,682 kilosort.clustering_qr DEBUG    Center 95 | Xd shape: torch.Size([255, 78]) | ntemp: 12
2026-07-18 04:57:07,906 kilosort.run_kilosort INFO     211 clusters found, in 161.78s; total 2798.72s
2026-07-18 04:57:07,916 kilosort.run_kilosort DEBUG    clu shape: (353967,)
2026-07-18 04:57:07,916 kilosort.run_kilosort DEBUG    Wall shape: torch.Size([211, 383, 3])
2026-07-18 04:57:07,916 kilosort.run_kilosort INFO      
2026-07-18 04:57:07,916 kilosort.run_kilosort INFO     Resource usage after first clustering
2026-07-18 04:57:07,916 kilosort.run_kilosort INFO     ********************************************************
2026-07-18 04:57:07,916 kilosort.run_kilosort INFO     CPU usage:     0.00 %
2026-07-18 04:57:07,916 kilosort.run_kilosort INFO     Mem used:     51.50 %     |       8.05 GB
2026-07-18 04:57:07,916 kilosort.run_kilosort INFO     Mem avail:     7.60 / 15.65 GB
2026-07-18 04:57:07,916 kilosort.run_kilosort INFO     ------------------------------------------------------
2026-07-18 04:57:07,916 kilosort.run_kilosort INFO     GPU usage:    `conda install pynvml` for GPU usage
2026-07-18 04:57:07,916 kilosort.run_kilosort INFO     GPU memory:   28.95 %     |      1.16   /     4.00 GB
2026-07-18 04:57:07,916 kilosort.run_kilosort INFO     Allocated:     0.30 %     |      0.01   /     4.00 GB
2026-07-18 04:57:07,916 kilosort.run_kilosort INFO     Max alloc:     6.27 %     |      0.25   /     4.00 GB
2026-07-18 04:57:07,916 kilosort.run_kilosort INFO     ********************************************************
2026-07-18 04:57:07,916 kilosort.run_kilosort DEBUG    
2026-07-18 04:57:07,916 kilosort.run_kilosort DEBUG    --------------------
2026-07-18 04:57:07,916 kilosort.run_kilosort DEBUG    Process thread count: N/A (linux only)
2026-07-18 04:57:07,916 kilosort.run_kilosort DEBUG    num torch threads: 8
2026-07-18 04:57:07,916 kilosort.run_kilosort DEBUG    --------------------

2026-07-18 04:57:07,916 kilosort.run_kilosort INFO      
2026-07-18 04:57:07,916 kilosort.run_kilosort INFO     Extracting spikes using cluster waveforms
2026-07-18 04:57:07,916 kilosort.run_kilosort INFO     ----------------------------------------
2026-07-18 04:57:08,009 kilosort.template_matching DEBUG     
2026-07-18 04:57:08,009 kilosort.template_matching DEBUG    Batch 0
2026-07-18 04:57:08,009 kilosort.template_matching DEBUG    ********************************************************
2026-07-18 04:57:08,009 kilosort.template_matching DEBUG    CPU usage:    32.90 %
2026-07-18 04:57:08,009 kilosort.template_matching DEBUG    Mem used:     53.20 %     |       8.33 GB
2026-07-18 04:57:08,009 kilosort.template_matching DEBUG    Mem avail:     7.32 / 15.65 GB
2026-07-18 04:57:08,009 kilosort.template_matching DEBUG    ------------------------------------------------------
2026-07-18 04:57:08,009 kilosort.template_matching DEBUG    GPU usage:    `conda install pynvml` for GPU usage
2026-07-18 04:57:08,009 kilosort.template_matching DEBUG    GPU memory:   28.95 %     |      1.16   /     4.00 GB
2026-07-18 04:57:08,009 kilosort.template_matching DEBUG    Allocated:     0.70 %     |      0.03   /     4.00 GB
2026-07-18 04:57:08,009 kilosort.template_matching DEBUG    Max alloc:     0.76 %     |      0.03   /     4.00 GB
2026-07-18 04:57:08,009 kilosort.template_matching DEBUG    ********************************************************
2026-07-18 04:58:12,643 kilosort.template_matching DEBUG     
2026-07-18 04:58:12,643 kilosort.template_matching DEBUG    Batch 100
2026-07-18 04:58:12,643 kilosort.template_matching DEBUG    ********************************************************
2026-07-18 04:58:12,643 kilosort.template_matching DEBUG    CPU usage:    18.80 %
2026-07-18 04:58:12,643 kilosort.template_matching DEBUG    Mem used:     53.50 %     |       8.38 GB
2026-07-18 04:58:12,643 kilosort.template_matching DEBUG    Mem avail:     7.27 / 15.65 GB
2026-07-18 04:58:12,643 kilosort.template_matching DEBUG    ------------------------------------------------------
2026-07-18 04:58:12,643 kilosort.template_matching DEBUG    GPU usage:    `conda install pynvml` for GPU usage
2026-07-18 04:58:12,643 kilosort.template_matching DEBUG    GPU memory:   63.77 %     |      2.55   /     4.00 GB
2026-07-18 04:58:12,643 kilosort.template_matching DEBUG    Allocated:     5.05 %     |      0.20   /     4.00 GB
2026-07-18 04:58:12,643 kilosort.template_matching DEBUG    Max alloc:    35.32 %     |      1.41   /     4.00 GB
2026-07-18 04:58:12,643 kilosort.template_matching DEBUG    ********************************************************
2026-07-18 04:58:15,737 kilosort.template_matching DEBUG     
2026-07-18 04:58:17,937 kilosort.template_matching DEBUG    Batch 104
2026-07-18 04:58:17,937 kilosort.template_matching DEBUG    ********************************************************
2026-07-18 04:58:17,937 kilosort.template_matching DEBUG    CPU usage:    21.50 %
2026-07-18 04:58:17,937 kilosort.template_matching DEBUG    Mem used:     53.60 %     |       8.38 GB
2026-07-18 04:58:17,937 kilosort.template_matching DEBUG    Mem avail:     7.26 / 15.65 GB
2026-07-18 04:58:17,937 kilosort.template_matching DEBUG    ------------------------------------------------------
2026-07-18 04:58:17,937 kilosort.template_matching DEBUG    GPU usage:    `conda install pynvml` for GPU usage
2026-07-18 04:58:17,937 kilosort.template_matching DEBUG    GPU memory:   63.77 %     |      2.55   /     4.00 GB
2026-07-18 04:58:17,937 kilosort.template_matching DEBUG    Allocated:     5.02 %     |      0.20   /     4.00 GB
2026-07-18 04:58:17,937 kilosort.template_matching DEBUG    Max alloc:    35.32 %     |      1.41   /     4.00 GB
2026-07-18 04:58:17,937 kilosort.template_matching DEBUG    ********************************************************
2026-07-18 04:58:18,137 kilosort.run_kilosort DEBUG    
2026-07-18 04:58:18,137 kilosort.run_kilosort DEBUG    --------------------
2026-07-18 04:58:18,137 kilosort.run_kilosort DEBUG    Process thread count: N/A (linux only)
2026-07-18 04:58:18,137 kilosort.run_kilosort DEBUG    num torch threads: 8
2026-07-18 04:58:18,137 kilosort.run_kilosort DEBUG    --------------------

2026-07-18 04:58:18,137 kilosort.run_kilosort INFO     485906 spikes extracted in 70.22s; total 2868.95s
2026-07-18 04:58:18,142 kilosort.run_kilosort DEBUG    st shape: (485906, 3)
2026-07-18 04:58:18,142 kilosort.run_kilosort DEBUG    tF shape: torch.Size([485906, 25, 3])
2026-07-18 04:58:18,142 kilosort.run_kilosort DEBUG    iCC shape: torch.Size([25, 383])
2026-07-18 04:58:18,142 kilosort.run_kilosort DEBUG    iU shape: torch.Size([186])
2026-07-18 04:58:18,142 kilosort.run_kilosort DEBUG    

|===========================================================================|
|                  PyTorch CUDA memory summary, device ID 0                 |
|---------------------------------------------------------------------------|
|            CUDA OOMs: 0            |        cudaMalloc retries: 0         |
|===========================================================================|
|        Metric         | Cur Usage  | Peak Usage | Tot Alloc  | Tot Freed  |
|---------------------------------------------------------------------------|
| Allocated memory      |  12753 KiB |   1446 MiB |  26272 GiB |  26272 GiB |
|---------------------------------------------------------------------------|
| Active memory         |  12753 KiB |   1446 MiB |  26272 GiB |  26272 GiB |
|---------------------------------------------------------------------------|
| Requested memory      |  12750 KiB |   1446 MiB |  26261 GiB |  26261 GiB |
|---------------------------------------------------------------------------|
| GPU reserved memory   |   1748 MiB |   1748 MiB |    930 GiB |    929 GiB |
|---------------------------------------------------------------------------|
| Non-releasable memory |  42542 KiB |    875 MiB |   7524 GiB |   7524 GiB |
|---------------------------------------------------------------------------|
| Allocations           |      13    |      45    |    1482 K  |    1482 K  |
|---------------------------------------------------------------------------|
| Active allocs         |      13    |      45    |    1482 K  |    1482 K  |
|---------------------------------------------------------------------------|
| GPU reserved segments |      15    |      15    |    2711    |    2696    |
|---------------------------------------------------------------------------|
| Non-releasable allocs |      12    |      24    |  572913    |  572901    |
|---------------------------------------------------------------------------|
| Oversize allocations  |       0    |       0    |       0    |       0    |
|---------------------------------------------------------------------------|
| Oversize GPU segments |       0    |       0    |       0    |       0    |
|===========================================================================|


2026-07-18 04:58:18,142 kilosort.run_kilosort INFO      
2026-07-18 04:58:18,142 kilosort.run_kilosort INFO     Resource usage after spike detect (learned)
2026-07-18 04:58:18,142 kilosort.run_kilosort INFO     ********************************************************
2026-07-18 04:58:18,142 kilosort.run_kilosort INFO     CPU usage:    12.50 %
2026-07-18 04:58:18,142 kilosort.run_kilosort INFO     Mem used:     52.00 %     |       8.14 GB
2026-07-18 04:58:18,142 kilosort.run_kilosort INFO     Mem avail:     7.51 / 15.65 GB
2026-07-18 04:58:18,142 kilosort.run_kilosort INFO     ------------------------------------------------------
2026-07-18 04:58:18,142 kilosort.run_kilosort INFO     GPU usage:    `conda install pynvml` for GPU usage
2026-07-18 04:58:18,142 kilosort.run_kilosort INFO     GPU memory:   63.77 %     |      2.55   /     4.00 GB
2026-07-18 04:58:18,142 kilosort.run_kilosort INFO     Allocated:     0.30 %     |      0.01   /     4.00 GB
2026-07-18 04:58:18,142 kilosort.run_kilosort INFO     Max alloc:    35.32 %     |      1.41   /     4.00 GB
2026-07-18 04:58:18,142 kilosort.run_kilosort INFO     ********************************************************
2026-07-18 04:58:18,142 kilosort.run_kilosort DEBUG    
2026-07-18 04:58:18,142 kilosort.run_kilosort DEBUG    --------------------
2026-07-18 04:58:18,142 kilosort.run_kilosort DEBUG    Process thread count: N/A (linux only)
2026-07-18 04:58:18,142 kilosort.run_kilosort DEBUG    num torch threads: 8
2026-07-18 04:58:18,142 kilosort.run_kilosort DEBUG    --------------------

2026-07-18 04:58:18,142 kilosort.run_kilosort INFO     Generating diagnostic plots ...
2026-07-18 04:58:21,927 kilosort.run_kilosort INFO      
2026-07-18 04:58:21,927 kilosort.run_kilosort INFO     Final clustering
2026-07-18 04:58:21,927 kilosort.run_kilosort INFO     ----------------------------------------
2026-07-18 04:58:21,984 kilosort.clustering_qr DEBUG    Center 0 | Xd shape: torch.Size([8590, 75]) | ntemp: 1
2026-07-18 04:58:24,647 kilosort.clustering_qr DEBUG    Center 1 | Xd shape: torch.Size([2570, 75]) | ntemp: 1
2026-07-18 04:58:26,318 kilosort.clustering_qr DEBUG    Center 2 | Xd shape: torch.Size([1158, 75]) | ntemp: 1
2026-07-18 04:58:27,988 kilosort.clustering_qr DEBUG    Center 3 | Xd shape: torch.Size([966, 75]) | ntemp: 1
2026-07-18 04:58:28,029 kilosort.clustering_qr DEBUG    Center 5 | Xd shape: torch.Size([3156, 75]) | ntemp: 1
2026-07-18 04:58:29,772 kilosort.clustering_qr DEBUG    Center 7 | Xd shape: torch.Size([7791, 75]) | ntemp: 1
2026-07-18 04:58:31,549 kilosort.clustering_qr DEBUG    Center 8 | Xd shape: torch.Size([6598, 75]) | ntemp: 1
2026-07-18 04:58:40,129 kilosort.clustering_qr DEBUG    Center 10 | Xd shape: torch.Size([3175, 75]) | ntemp: 2
2026-07-18 04:58:42,157 kilosort.clustering_qr DEBUG    Center 11 | Xd shape: torch.Size([2159, 75]) | ntemp: 1
2026-07-18 04:58:43,998 kilosort.clustering_qr DEBUG     
2026-07-18 04:58:43,998 kilosort.clustering_qr DEBUG    Cluster center: 12 (10/84)
2026-07-18 04:58:43,998 kilosort.clustering_qr DEBUG    ********************************************************
2026-07-18 04:58:43,998 kilosort.clustering_qr DEBUG    CPU usage:    18.40 %
2026-07-18 04:58:43,998 kilosort.clustering_qr DEBUG    Mem used:     52.00 %     |       8.14 GB
2026-07-18 04:58:43,998 kilosort.clustering_qr DEBUG    Mem avail:     7.51 / 15.65 GB
2026-07-18 04:58:43,998 kilosort.clustering_qr DEBUG    ------------------------------------------------------
2026-07-18 04:58:43,998 kilosort.clustering_qr DEBUG    GPU usage:    `conda install pynvml` for GPU usage
2026-07-18 04:58:43,998 kilosort.clustering_qr DEBUG    GPU memory:   22.36 %     |      0.89   /     4.00 GB
2026-07-18 04:58:43,998 kilosort.clustering_qr DEBUG    Allocated:     0.29 %     |      0.01   /     4.00 GB
2026-07-18 04:58:43,998 kilosort.clustering_qr DEBUG    Max alloc:     0.87 %     |      0.03   /     4.00 GB
2026-07-18 04:58:43,998 kilosort.clustering_qr DEBUG    ********************************************************
2026-07-18 04:58:44,039 kilosort.clustering_qr DEBUG    Center 12 | Xd shape: torch.Size([8135, 75]) | ntemp: 1
2026-07-18 04:58:45,664 kilosort.clustering_qr DEBUG    Center 14 | Xd shape: torch.Size([8042, 75]) | ntemp: 2
2026-07-18 04:58:47,818 kilosort.clustering_qr DEBUG    Center 15 | Xd shape: torch.Size([3287, 75]) | ntemp: 1
2026-07-18 04:58:49,962 kilosort.clustering_qr DEBUG    Center 17 | Xd shape: torch.Size([8394, 75]) | ntemp: 2
2026-07-18 04:58:51,671 kilosort.clustering_qr DEBUG    Center 18 | Xd shape: torch.Size([4121, 81]) | ntemp: 2
2026-07-18 04:58:53,253 kilosort.clustering_qr DEBUG    Center 19 | Xd shape: torch.Size([8062, 75]) | ntemp: 1
2026-07-18 04:58:54,795 kilosort.clustering_qr DEBUG    Center 20 | Xd shape: torch.Size([6700, 81]) | ntemp: 4
2026-07-18 04:58:56,501 kilosort.clustering_qr DEBUG    Center 21 | Xd shape: torch.Size([8087, 84]) | ntemp: 5
2026-07-18 04:58:58,116 kilosort.clustering_qr DEBUG    Center 22 | Xd shape: torch.Size([9370, 81]) | ntemp: 4
2026-07-18 04:58:59,806 kilosort.clustering_qr DEBUG    Center 23 | Xd shape: torch.Size([7723, 81]) | ntemp: 3
2026-07-18 04:59:01,365 kilosort.clustering_qr DEBUG     
2026-07-18 04:59:01,365 kilosort.clustering_qr DEBUG    Cluster center: 24 (20/84)
2026-07-18 04:59:01,365 kilosort.clustering_qr DEBUG    ********************************************************
2026-07-18 04:59:01,365 kilosort.clustering_qr DEBUG    CPU usage:    21.50 %
2026-07-18 04:59:01,365 kilosort.clustering_qr DEBUG    Mem used:     52.00 %     |       8.14 GB
2026-07-18 04:59:01,365 kilosort.clustering_qr DEBUG    Mem avail:     7.51 / 15.65 GB
2026-07-18 04:59:01,367 kilosort.clustering_qr DEBUG    ------------------------------------------------------
2026-07-18 04:59:01,369 kilosort.clustering_qr DEBUG    GPU usage:    `conda install pynvml` for GPU usage
2026-07-18 04:59:01,369 kilosort.clustering_qr DEBUG    GPU memory:   22.36 %     |      0.89   /     4.00 GB
2026-07-18 04:59:01,370 kilosort.clustering_qr DEBUG    Allocated:     0.29 %     |      0.01   /     4.00 GB
2026-07-18 04:59:01,371 kilosort.clustering_qr DEBUG    Max alloc:     0.93 %     |      0.04   /     4.00 GB
2026-07-18 04:59:01,371 kilosort.clustering_qr DEBUG    ********************************************************
2026-07-18 04:59:01,398 kilosort.clustering_qr DEBUG    Center 24 | Xd shape: torch.Size([3542, 81]) | ntemp: 2
2026-07-18 04:59:03,354 kilosort.clustering_qr DEBUG    Center 25 | Xd shape: torch.Size([9705, 81]) | ntemp: 4
2026-07-18 04:59:05,387 kilosort.clustering_qr DEBUG    Center 26 | Xd shape: torch.Size([2518, 75]) | ntemp: 1
2026-07-18 04:59:07,043 kilosort.clustering_qr DEBUG    Center 27 | Xd shape: torch.Size([5850, 75]) | ntemp: 2
2026-07-18 04:59:08,897 kilosort.clustering_qr DEBUG    Center 28 | Xd shape: torch.Size([3875, 75]) | ntemp: 2
2026-07-18 04:59:10,546 kilosort.clustering_qr DEBUG    Center 30 | Xd shape: torch.Size([7039, 75]) | ntemp: 2
2026-07-18 04:59:12,183 kilosort.clustering_qr DEBUG    Center 31 | Xd shape: torch.Size([3315, 75]) | ntemp: 1
2026-07-18 04:59:14,142 kilosort.clustering_qr DEBUG    Center 32 | Xd shape: torch.Size([1887, 75]) | ntemp: 1
2026-07-18 04:59:16,327 kilosort.clustering_qr DEBUG    Center 33 | Xd shape: torch.Size([2445, 75]) | ntemp: 1
2026-07-18 04:59:18,020 kilosort.clustering_qr DEBUG    Center 34 | Xd shape: torch.Size([3025, 75]) | ntemp: 1
2026-07-18 04:59:19,342 kilosort.clustering_qr DEBUG     
2026-07-18 04:59:19,342 kilosort.clustering_qr DEBUG    Cluster center: 35 (30/84)
2026-07-18 04:59:19,342 kilosort.clustering_qr DEBUG    ********************************************************
2026-07-18 04:59:19,342 kilosort.clustering_qr DEBUG    CPU usage:    19.50 %
2026-07-18 04:59:19,342 kilosort.clustering_qr DEBUG    Mem used:     52.10 %     |       8.15 GB
2026-07-18 04:59:19,342 kilosort.clustering_qr DEBUG    Mem avail:     7.49 / 15.65 GB
2026-07-18 04:59:19,342 kilosort.clustering_qr DEBUG    ------------------------------------------------------
2026-07-18 04:59:19,342 kilosort.clustering_qr DEBUG    GPU usage:    `conda install pynvml` for GPU usage
2026-07-18 04:59:19,342 kilosort.clustering_qr DEBUG    GPU memory:   22.36 %     |      0.89   /     4.00 GB
2026-07-18 04:59:19,342 kilosort.clustering_qr DEBUG    Allocated:     0.29 %     |      0.01   /     4.00 GB
2026-07-18 04:59:19,353 kilosort.clustering_qr DEBUG    Max alloc:     0.95 %     |      0.04   /     4.00 GB
2026-07-18 04:59:19,353 kilosort.clustering_qr DEBUG    ********************************************************
2026-07-18 04:59:19,373 kilosort.clustering_qr DEBUG    Center 35 | Xd shape: torch.Size([3095, 75]) | ntemp: 1
2026-07-18 04:59:21,078 kilosort.clustering_qr DEBUG    Center 36 | Xd shape: torch.Size([1583, 75]) | ntemp: 1
2026-07-18 04:59:22,750 kilosort.clustering_qr DEBUG    Center 37 | Xd shape: torch.Size([1479, 75]) | ntemp: 1
2026-07-18 04:59:24,659 kilosort.clustering_qr DEBUG    Center 38 | Xd shape: torch.Size([1784, 75]) | ntemp: 1
2026-07-18 04:59:26,690 kilosort.clustering_qr DEBUG    Center 39 | Xd shape: torch.Size([1346, 75]) | ntemp: 1
2026-07-18 04:59:28,535 kilosort.clustering_qr DEBUG    Center 40 | Xd shape: torch.Size([2929, 78]) | ntemp: 2
2026-07-18 04:59:30,582 kilosort.clustering_qr DEBUG    Center 41 | Xd shape: torch.Size([3714, 81]) | ntemp: 2
2026-07-18 04:59:32,400 kilosort.clustering_qr DEBUG    Center 42 | Xd shape: torch.Size([3459, 75]) | ntemp: 1
2026-07-18 04:59:34,135 kilosort.clustering_qr DEBUG    Center 43 | Xd shape: torch.Size([2729, 75]) | ntemp: 1
2026-07-18 04:59:36,253 kilosort.clustering_qr DEBUG    Center 45 | Xd shape: torch.Size([6013, 81]) | ntemp: 4
2026-07-18 04:59:38,256 kilosort.clustering_qr DEBUG     
2026-07-18 04:59:38,256 kilosort.clustering_qr DEBUG    Cluster center: 46 (40/84)
2026-07-18 04:59:38,256 kilosort.clustering_qr DEBUG    ********************************************************
2026-07-18 04:59:38,256 kilosort.clustering_qr DEBUG    CPU usage:    19.90 %
2026-07-18 04:59:38,256 kilosort.clustering_qr DEBUG    Mem used:     52.00 %     |       8.14 GB
2026-07-18 04:59:38,256 kilosort.clustering_qr DEBUG    Mem avail:     7.51 / 15.65 GB
2026-07-18 04:59:38,256 kilosort.clustering_qr DEBUG    ------------------------------------------------------
2026-07-18 04:59:38,256 kilosort.clustering_qr DEBUG    GPU usage:    `conda install pynvml` for GPU usage
2026-07-18 04:59:38,256 kilosort.clustering_qr DEBUG    GPU memory:   22.36 %     |      0.89   /     4.00 GB
2026-07-18 04:59:38,256 kilosort.clustering_qr DEBUG    Allocated:     0.29 %     |      0.01   /     4.00 GB
2026-07-18 04:59:38,256 kilosort.clustering_qr DEBUG    Max alloc:     0.95 %     |      0.04   /     4.00 GB
2026-07-18 04:59:38,256 kilosort.clustering_qr DEBUG    ********************************************************
2026-07-18 04:59:38,277 kilosort.clustering_qr DEBUG    Center 46 | Xd shape: torch.Size([6932, 81]) | ntemp: 2
2026-07-18 04:59:40,344 kilosort.clustering_qr DEBUG    Center 47 | Xd shape: torch.Size([5402, 81]) | ntemp: 3
2026-07-18 04:59:42,232 kilosort.clustering_qr DEBUG    Center 48 | Xd shape: torch.Size([10067, 81]) | ntemp: 5
2026-07-18 04:59:44,265 kilosort.clustering_qr DEBUG    Center 49 | Xd shape: torch.Size([5058, 81]) | ntemp: 3
2026-07-18 04:59:46,274 kilosort.clustering_qr DEBUG    Center 50 | Xd shape: torch.Size([24467, 81]) | ntemp: 5
2026-07-18 04:59:48,522 kilosort.clustering_qr DEBUG    Center 51 | Xd shape: torch.Size([5089, 81]) | ntemp: 3
2026-07-18 04:59:50,096 kilosort.clustering_qr DEBUG    Center 52 | Xd shape: torch.Size([12190, 84]) | ntemp: 4
2026-07-18 04:59:52,043 kilosort.clustering_qr DEBUG    Center 53 | Xd shape: torch.Size([19615, 84]) | ntemp: 6
2026-07-18 04:59:53,928 kilosort.clustering_qr DEBUG    Center 54 | Xd shape: torch.Size([26631, 84]) | ntemp: 7
2026-07-18 04:59:56,176 kilosort.clustering_qr DEBUG    Center 55 | Xd shape: torch.Size([17044, 84]) | ntemp: 4
2026-07-18 04:59:58,064 kilosort.clustering_qr DEBUG     
2026-07-18 04:59:58,064 kilosort.clustering_qr DEBUG    Cluster center: 56 (50/84)
2026-07-18 04:59:58,074 kilosort.clustering_qr DEBUG    ********************************************************
2026-07-18 04:59:58,074 kilosort.clustering_qr DEBUG    CPU usage:    20.80 %
2026-07-18 04:59:58,074 kilosort.clustering_qr DEBUG    Mem used:     52.10 %     |       8.16 GB
2026-07-18 04:59:58,074 kilosort.clustering_qr DEBUG    Mem avail:     7.49 / 15.65 GB
2026-07-18 04:59:58,074 kilosort.clustering_qr DEBUG    ------------------------------------------------------
2026-07-18 04:59:58,074 kilosort.clustering_qr DEBUG    GPU usage:    `conda install pynvml` for GPU usage
2026-07-18 04:59:58,077 kilosort.clustering_qr DEBUG    GPU memory:   22.36 %     |      0.89   /     4.00 GB
2026-07-18 04:59:58,077 kilosort.clustering_qr DEBUG    Allocated:     0.29 %     |      0.01   /     4.00 GB
2026-07-18 04:59:58,077 kilosort.clustering_qr DEBUG    Max alloc:     2.12 %     |      0.08   /     4.00 GB
2026-07-18 04:59:58,077 kilosort.clustering_qr DEBUG    ********************************************************
2026-07-18 04:59:58,125 kilosort.clustering_qr DEBUG    Center 56 | Xd shape: torch.Size([10279, 81]) | ntemp: 3
2026-07-18 04:59:59,937 kilosort.clustering_qr DEBUG    Center 57 | Xd shape: torch.Size([12872, 81]) | ntemp: 4
2026-07-18 05:00:01,958 kilosort.clustering_qr DEBUG    Center 58 | Xd shape: torch.Size([11370, 81]) | ntemp: 6
2026-07-18 05:00:03,574 kilosort.clustering_qr DEBUG    Center 59 | Xd shape: torch.Size([11367, 84]) | ntemp: 8
2026-07-18 05:00:05,399 kilosort.clustering_qr DEBUG    Center 60 | Xd shape: torch.Size([13014, 84]) | ntemp: 7
2026-07-18 05:00:07,258 kilosort.clustering_qr DEBUG    Center 61 | Xd shape: torch.Size([6903, 78]) | ntemp: 3
2026-07-18 05:00:09,002 kilosort.clustering_qr DEBUG    Center 62 | Xd shape: torch.Size([8730, 81]) | ntemp: 5
2026-07-18 05:00:10,778 kilosort.clustering_qr DEBUG    Center 63 | Xd shape: torch.Size([11356, 84]) | ntemp: 5
2026-07-18 05:00:12,366 kilosort.clustering_qr DEBUG    Center 64 | Xd shape: torch.Size([7800, 84]) | ntemp: 4
2026-07-18 05:00:13,530 kilosort.clustering_qr DEBUG    Center 65 | Xd shape: torch.Size([11007, 81]) | ntemp: 3
2026-07-18 05:00:15,186 kilosort.clustering_qr DEBUG     
2026-07-18 05:00:15,186 kilosort.clustering_qr DEBUG    Cluster center: 66 (60/84)
2026-07-18 05:00:15,186 kilosort.clustering_qr DEBUG    ********************************************************
2026-07-18 05:00:15,186 kilosort.clustering_qr DEBUG    CPU usage:    22.70 %
2026-07-18 05:00:15,186 kilosort.clustering_qr DEBUG    Mem used:     51.70 %     |       8.10 GB
2026-07-18 05:00:15,186 kilosort.clustering_qr DEBUG    Mem avail:     7.55 / 15.65 GB
2026-07-18 05:00:15,186 kilosort.clustering_qr DEBUG    ------------------------------------------------------
2026-07-18 05:00:15,186 kilosort.clustering_qr DEBUG    GPU usage:    `conda install pynvml` for GPU usage
2026-07-18 05:00:15,197 kilosort.clustering_qr DEBUG    GPU memory:   22.36 %     |      0.89   /     4.00 GB
2026-07-18 05:00:15,197 kilosort.clustering_qr DEBUG    Allocated:     0.29 %     |      0.01   /     4.00 GB
2026-07-18 05:00:15,197 kilosort.clustering_qr DEBUG    Max alloc:     2.12 %     |      0.08   /     4.00 GB
2026-07-18 05:00:15,197 kilosort.clustering_qr DEBUG    ********************************************************
2026-07-18 05:00:15,218 kilosort.clustering_qr DEBUG    Center 66 | Xd shape: torch.Size([3681, 75]) | ntemp: 1
2026-07-18 05:00:16,797 kilosort.clustering_qr DEBUG    Center 67 | Xd shape: torch.Size([5889, 78]) | ntemp: 2
2026-07-18 05:00:18,304 kilosort.clustering_qr DEBUG    Center 68 | Xd shape: torch.Size([4642, 75]) | ntemp: 1
2026-07-18 05:00:19,786 kilosort.clustering_qr DEBUG    Center 69 | Xd shape: torch.Size([3852, 75]) | ntemp: 1
2026-07-18 05:00:21,493 kilosort.clustering_qr DEBUG    Center 70 | Xd shape: torch.Size([2562, 75]) | ntemp: 1
2026-07-18 05:00:23,600 kilosort.clustering_qr DEBUG    Center 71 | Xd shape: torch.Size([1468, 75]) | ntemp: 1
2026-07-18 05:00:25,075 kilosort.clustering_qr DEBUG    Center 73 | Xd shape: torch.Size([749, 75]) | ntemp: 1
2026-07-18 05:00:25,106 kilosort.clustering_qr DEBUG    Center 74 | Xd shape: torch.Size([5348, 78]) | ntemp: 2
2026-07-18 05:00:26,738 kilosort.clustering_qr DEBUG    Center 75 | Xd shape: torch.Size([1638, 75]) | ntemp: 1
2026-07-18 05:00:28,481 kilosort.clustering_qr DEBUG    Center 76 | Xd shape: torch.Size([1570, 75]) | ntemp: 1
2026-07-18 05:00:30,400 kilosort.clustering_qr DEBUG     
2026-07-18 05:00:30,400 kilosort.clustering_qr DEBUG    Cluster center: 77 (70/84)
2026-07-18 05:00:30,400 kilosort.clustering_qr DEBUG    ********************************************************
2026-07-18 05:00:30,411 kilosort.clustering_qr DEBUG    CPU usage:    20.20 %
2026-07-18 05:00:30,411 kilosort.clustering_qr DEBUG    Mem used:     51.80 %     |       8.11 GB
2026-07-18 05:00:30,411 kilosort.clustering_qr DEBUG    Mem avail:     7.54 / 15.65 GB
2026-07-18 05:00:30,411 kilosort.clustering_qr DEBUG    ------------------------------------------------------
2026-07-18 05:00:30,411 kilosort.clustering_qr DEBUG    GPU usage:    `conda install pynvml` for GPU usage
2026-07-18 05:00:30,411 kilosort.clustering_qr DEBUG    GPU memory:   22.36 %     |      0.89   /     4.00 GB
2026-07-18 05:00:30,411 kilosort.clustering_qr DEBUG    Allocated:     0.29 %     |      0.01   /     4.00 GB
2026-07-18 05:00:30,411 kilosort.clustering_qr DEBUG    Max alloc:     2.12 %     |      0.08   /     4.00 GB
2026-07-18 05:00:30,411 kilosort.clustering_qr DEBUG    ********************************************************
2026-07-18 05:00:30,468 kilosort.clustering_qr DEBUG    Center 77 | Xd shape: torch.Size([4952, 75]) | ntemp: 2
2026-07-18 05:00:32,281 kilosort.clustering_qr DEBUG    Center 78 | Xd shape: torch.Size([1946, 75]) | ntemp: 1
2026-07-18 05:00:34,165 kilosort.clustering_qr DEBUG    Center 79 | Xd shape: torch.Size([1381, 75]) | ntemp: 1
2026-07-18 05:00:35,586 kilosort.clustering_qr DEBUG    Center 80 | Xd shape: torch.Size([1488, 75]) | ntemp: 1
2026-07-18 05:00:37,414 kilosort.clustering_qr DEBUG    Center 81 | Xd shape: torch.Size([2113, 75]) | ntemp: 1
2026-07-18 05:00:39,090 kilosort.clustering_qr DEBUG    Center 82 | Xd shape: torch.Size([1834, 75]) | ntemp: 1
2026-07-18 05:00:40,754 kilosort.clustering_qr DEBUG    Center 83 | Xd shape: torch.Size([1529, 75]) | ntemp: 1
2026-07-18 05:00:42,488 kilosort.clustering_qr DEBUG    Center 84 | Xd shape: torch.Size([4626, 75]) | ntemp: 1
2026-07-18 05:00:44,132 kilosort.clustering_qr DEBUG    Center 86 | Xd shape: torch.Size([1762, 75]) | ntemp: 1
2026-07-18 05:00:45,777 kilosort.clustering_qr DEBUG    Center 87 | Xd shape: torch.Size([2350, 75]) | ntemp: 1
2026-07-18 05:00:47,876 kilosort.clustering_qr DEBUG     
2026-07-18 05:00:47,876 kilosort.clustering_qr DEBUG    Cluster center: 88 (80/84)
2026-07-18 05:00:47,876 kilosort.clustering_qr DEBUG    ********************************************************
2026-07-18 05:00:47,876 kilosort.clustering_qr DEBUG    CPU usage:    20.50 %
2026-07-18 05:00:47,876 kilosort.clustering_qr DEBUG    Mem used:     51.90 %     |       8.13 GB
2026-07-18 05:00:47,876 kilosort.clustering_qr DEBUG    Mem avail:     7.52 / 15.65 GB
2026-07-18 05:00:47,876 kilosort.clustering_qr DEBUG    ------------------------------------------------------
2026-07-18 05:00:47,876 kilosort.clustering_qr DEBUG    GPU usage:    `conda install pynvml` for GPU usage
2026-07-18 05:00:47,876 kilosort.clustering_qr DEBUG    GPU memory:   22.36 %     |      0.89   /     4.00 GB
2026-07-18 05:00:47,876 kilosort.clustering_qr DEBUG    Allocated:     0.29 %     |      0.01   /     4.00 GB
2026-07-18 05:00:47,876 kilosort.clustering_qr DEBUG    Max alloc:     2.12 %     |      0.08   /     4.00 GB
2026-07-18 05:00:47,876 kilosort.clustering_qr DEBUG    ********************************************************
2026-07-18 05:00:47,897 kilosort.clustering_qr DEBUG    Center 88 | Xd shape: torch.Size([1708, 75]) | ntemp: 1
2026-07-18 05:00:50,122 kilosort.clustering_qr DEBUG    Center 89 | Xd shape: torch.Size([1371, 75]) | ntemp: 1
2026-07-18 05:00:52,164 kilosort.clustering_qr DEBUG    Center 90 | Xd shape: torch.Size([3987, 75]) | ntemp: 2
2026-07-18 05:00:53,738 kilosort.clustering_qr DEBUG    Center 92 | Xd shape: torch.Size([4924, 75]) | ntemp: 1
2026-07-18 05:00:55,256 kilosort.clustering_qr DEBUG    Center 94 | Xd shape: torch.Size([1927, 75]) | ntemp: 1
2026-07-18 05:00:56,491 kilosort.run_kilosort INFO     183 clusters found, in 154.56s; total 3027.30s
2026-07-18 05:00:56,496 kilosort.run_kilosort DEBUG    clu shape: (485906,)
2026-07-18 05:00:56,496 kilosort.run_kilosort DEBUG    Wall shape: torch.Size([183, 383, 3])
2026-07-18 05:00:56,496 kilosort.run_kilosort DEBUG    
2026-07-18 05:00:56,496 kilosort.run_kilosort DEBUG    --------------------
2026-07-18 05:00:56,496 kilosort.run_kilosort DEBUG    Process thread count: N/A (linux only)
2026-07-18 05:00:56,496 kilosort.run_kilosort DEBUG    num torch threads: 8
2026-07-18 05:00:56,496 kilosort.run_kilosort DEBUG    --------------------

2026-07-18 05:00:56,496 kilosort.run_kilosort INFO      
2026-07-18 05:00:56,496 kilosort.run_kilosort INFO     Merging clusters
2026-07-18 05:00:56,496 kilosort.run_kilosort INFO     ----------------------------------------
2026-07-18 05:00:58,003 kilosort.run_kilosort INFO     177 units found, in 1.51s; total 3028.81s
2026-07-18 05:00:58,013 kilosort.run_kilosort DEBUG    clu shape: (485906,)
2026-07-18 05:00:58,013 kilosort.run_kilosort DEBUG    Wall shape: torch.Size([177, 383, 3])
2026-07-18 05:00:58,013 kilosort.run_kilosort DEBUG    

|===========================================================================|
|                  PyTorch CUDA memory summary, device ID 0                 |
|---------------------------------------------------------------------------|
|            CUDA OOMs: 0            |        cudaMalloc retries: 0         |
|===========================================================================|
|        Metric         | Cur Usage  | Peak Usage | Tot Alloc  | Tot Freed  |
|---------------------------------------------------------------------------|
| Allocated memory      |  11918 KiB |  89023 KiB |  26830 GiB |  26830 GiB |
|---------------------------------------------------------------------------|
| Active memory         |  11918 KiB |  89023 KiB |  26830 GiB |  26830 GiB |
|---------------------------------------------------------------------------|
| Requested memory      |  11915 KiB |  88859 KiB |  26818 GiB |  26818 GiB |
|---------------------------------------------------------------------------|
| GPU reserved memory   |  55296 KiB |   1748 MiB |    931 GiB |    931 GiB |
|---------------------------------------------------------------------------|
| Non-releasable memory |  41329 KiB |  64512 KiB |   8083 GiB |   8083 GiB |
|---------------------------------------------------------------------------|
| Allocations           |      12    |      44    |    2517 K  |    2517 K  |
|---------------------------------------------------------------------------|
| Active allocs         |      12    |      44    |    2517 K  |    2517 K  |
|---------------------------------------------------------------------------|
| GPU reserved segments |       5    |      15    |    2803    |    2798    |
|---------------------------------------------------------------------------|
| Non-releasable allocs |      11    |      20    |     981 K  |     981 K  |
|---------------------------------------------------------------------------|
| Oversize allocations  |       0    |       0    |       0    |       0    |
|---------------------------------------------------------------------------|
| Oversize GPU segments |       0    |       0    |       0    |       0    |
|===========================================================================|


2026-07-18 05:00:58,013 kilosort.run_kilosort INFO      
2026-07-18 05:00:58,013 kilosort.run_kilosort INFO     Resource usage after clustering
2026-07-18 05:00:58,013 kilosort.run_kilosort INFO     ********************************************************
2026-07-18 05:00:58,013 kilosort.run_kilosort INFO     CPU usage:    66.70 %
2026-07-18 05:00:58,013 kilosort.run_kilosort INFO     Mem used:     52.80 %     |       8.27 GB
2026-07-18 05:00:58,013 kilosort.run_kilosort INFO     Mem avail:     7.38 / 15.65 GB
2026-07-18 05:00:58,013 kilosort.run_kilosort INFO     ------------------------------------------------------
2026-07-18 05:00:58,013 kilosort.run_kilosort INFO     GPU usage:    `conda install pynvml` for GPU usage
2026-07-18 05:00:58,013 kilosort.run_kilosort INFO     GPU memory:   22.41 %     |      0.90   /     4.00 GB
2026-07-18 05:00:58,013 kilosort.run_kilosort INFO     Allocated:     0.28 %     |      0.01   /     4.00 GB
2026-07-18 05:00:58,013 kilosort.run_kilosort INFO     Max alloc:     2.12 %     |      0.08   /     4.00 GB
2026-07-18 05:00:58,013 kilosort.run_kilosort INFO     ********************************************************
2026-07-18 05:00:58,044 kilosort.run_kilosort DEBUG    
2026-07-18 05:00:58,044 kilosort.run_kilosort DEBUG    --------------------
2026-07-18 05:00:58,044 kilosort.run_kilosort DEBUG    Process thread count: N/A (linux only)
2026-07-18 05:00:58,044 kilosort.run_kilosort DEBUG    num torch threads: 8
2026-07-18 05:00:58,044 kilosort.run_kilosort DEBUG    --------------------

2026-07-18 05:00:58,044 kilosort.run_kilosort INFO      
2026-07-18 05:00:58,044 kilosort.run_kilosort INFO     Saving to phy and computing refractory periods
2026-07-18 05:00:58,044 kilosort.run_kilosort INFO     ----------------------------------------
2026-07-18 05:00:58,136 kilosort.io  DEBUG     
2026-07-18 05:00:58,136 kilosort.io  DEBUG    save_to_phy, whitening
2026-07-18 05:00:58,136 kilosort.io  DEBUG    ********************************************************
2026-07-18 05:00:58,136 kilosort.io  DEBUG    CPU usage:    12.90 %
2026-07-18 05:00:58,136 kilosort.io  DEBUG    Mem used:     51.90 %     |       8.12 GB
2026-07-18 05:00:58,136 kilosort.io  DEBUG    Mem avail:     7.53 / 15.65 GB
2026-07-18 05:00:58,136 kilosort.io  DEBUG    ------------------------------------------------------
2026-07-18 05:00:58,136 kilosort.io  DEBUG    GPU usage:    `conda install pynvml` for GPU usage
2026-07-18 05:00:58,136 kilosort.io  DEBUG    GPU memory:   22.41 %     |      0.90   /     4.00 GB
2026-07-18 05:00:58,136 kilosort.io  DEBUG    Allocated:     0.30 %     |      0.01   /     4.00 GB
2026-07-18 05:00:58,136 kilosort.io  DEBUG    Max alloc:     0.34 %     |      0.01   /     4.00 GB
2026-07-18 05:00:58,136 kilosort.io  DEBUG    ********************************************************
2026-07-18 05:00:58,654 kilosort.io  DEBUG     
2026-07-18 05:00:58,654 kilosort.io  DEBUG    save_to_phy, spike positions
2026-07-18 05:00:58,654 kilosort.io  DEBUG    ********************************************************
2026-07-18 05:00:58,654 kilosort.io  DEBUG    CPU usage:    27.40 %
2026-07-18 05:00:58,654 kilosort.io  DEBUG    Mem used:     53.80 %     |       8.42 GB
2026-07-18 05:00:58,654 kilosort.io  DEBUG    Mem avail:     7.23 / 15.65 GB
2026-07-18 05:00:58,654 kilosort.io  DEBUG    ------------------------------------------------------
2026-07-18 05:00:58,654 kilosort.io  DEBUG    GPU usage:    `conda install pynvml` for GPU usage
2026-07-18 05:00:58,654 kilosort.io  DEBUG    GPU memory:   22.41 %     |      0.90   /     4.00 GB
2026-07-18 05:00:58,654 kilosort.io  DEBUG    Allocated:     0.30 %     |      0.01   /     4.00 GB
2026-07-18 05:00:58,654 kilosort.io  DEBUG    Max alloc:     0.30 %     |      0.01   /     4.00 GB
2026-07-18 05:00:58,654 kilosort.io  DEBUG    ********************************************************
2026-07-18 05:00:58,995 kilosort.io  DEBUG     
2026-07-18 05:00:58,995 kilosort.io  DEBUG    save_to_phy, remove duplicates
2026-07-18 05:00:58,995 kilosort.io  DEBUG    ********************************************************
2026-07-18 05:00:58,995 kilosort.io  DEBUG    CPU usage:     8.80 %
2026-07-18 05:00:58,995 kilosort.io  DEBUG    Mem used:     53.70 %     |       8.41 GB
2026-07-18 05:00:58,995 kilosort.io  DEBUG    Mem avail:     7.24 / 15.65 GB
2026-07-18 05:00:58,995 kilosort.io  DEBUG    ------------------------------------------------------
2026-07-18 05:00:58,995 kilosort.io  DEBUG    GPU usage:    `conda install pynvml` for GPU usage
2026-07-18 05:00:58,995 kilosort.io  DEBUG    GPU memory:   22.41 %     |      0.90   /     4.00 GB
2026-07-18 05:00:58,995 kilosort.io  DEBUG    Allocated:     0.30 %     |      0.01   /     4.00 GB
2026-07-18 05:00:58,995 kilosort.io  DEBUG    Max alloc:     0.30 %     |      0.01   /     4.00 GB
2026-07-18 05:00:58,995 kilosort.io  DEBUG    ********************************************************
2026-07-18 05:01:00,197 kilosort.io  DEBUG     
2026-07-18 05:01:00,197 kilosort.io  DEBUG    save_to_phy, template props
2026-07-18 05:01:00,197 kilosort.io  DEBUG    ********************************************************
2026-07-18 05:01:00,197 kilosort.io  DEBUG    CPU usage:    15.30 %
2026-07-18 05:01:00,197 kilosort.io  DEBUG    Mem used:     52.40 %     |       8.19 GB
2026-07-18 05:01:00,197 kilosort.io  DEBUG    Mem avail:     7.46 / 15.65 GB
2026-07-18 05:01:00,197 kilosort.io  DEBUG    ------------------------------------------------------
2026-07-18 05:01:00,197 kilosort.io  DEBUG    GPU usage:    `conda install pynvml` for GPU usage
2026-07-18 05:01:00,197 kilosort.io  DEBUG    GPU memory:   22.41 %     |      0.90   /     4.00 GB
2026-07-18 05:01:00,197 kilosort.io  DEBUG    Allocated:     0.30 %     |      0.01   /     4.00 GB
2026-07-18 05:01:00,197 kilosort.io  DEBUG    Max alloc:     0.30 %     |      0.01   /     4.00 GB
2026-07-18 05:01:00,197 kilosort.io  DEBUG    ********************************************************
2026-07-18 05:01:12,737 kilosort.io  DEBUG     
2026-07-18 05:01:12,737 kilosort.io  DEBUG    save_to_phy, pc features
2026-07-18 05:01:12,737 kilosort.io  DEBUG    ********************************************************
2026-07-18 05:01:12,737 kilosort.io  DEBUG    CPU usage:    15.90 %
2026-07-18 05:01:12,737 kilosort.io  DEBUG    Mem used:     53.20 %     |       8.32 GB
2026-07-18 05:01:12,737 kilosort.io  DEBUG    Mem avail:     7.33 / 15.65 GB
2026-07-18 05:01:12,737 kilosort.io  DEBUG    ------------------------------------------------------
2026-07-18 05:01:12,737 kilosort.io  DEBUG    GPU usage:    `conda install pynvml` for GPU usage
2026-07-18 05:01:12,737 kilosort.io  DEBUG    GPU memory:   22.41 %     |      0.90   /     4.00 GB
2026-07-18 05:01:12,737 kilosort.io  DEBUG    Allocated:     0.30 %     |      0.01   /     4.00 GB
2026-07-18 05:01:12,753 kilosort.io  DEBUG    Max alloc:     0.34 %     |      0.01   /     4.00 GB
2026-07-18 05:01:12,753 kilosort.io  DEBUG    ********************************************************
2026-07-18 05:01:13,283 kilosort.io  DEBUG     
2026-07-18 05:01:13,283 kilosort.io  DEBUG    save_to_phy, est contam
2026-07-18 05:01:13,283 kilosort.io  DEBUG    ********************************************************
2026-07-18 05:01:13,283 kilosort.io  DEBUG    CPU usage:    10.20 %
2026-07-18 05:01:13,283 kilosort.io  DEBUG    Mem used:     53.20 %     |       8.32 GB
2026-07-18 05:01:13,283 kilosort.io  DEBUG    Mem avail:     7.33 / 15.65 GB
2026-07-18 05:01:13,283 kilosort.io  DEBUG    ------------------------------------------------------
2026-07-18 05:01:13,283 kilosort.io  DEBUG    GPU usage:    `conda install pynvml` for GPU usage
2026-07-18 05:01:13,283 kilosort.io  DEBUG    GPU memory:   22.41 %     |      0.90   /     4.00 GB
2026-07-18 05:01:13,283 kilosort.io  DEBUG    Allocated:     0.30 %     |      0.01   /     4.00 GB
2026-07-18 05:01:13,283 kilosort.io  DEBUG    Max alloc:     0.30 %     |      0.01   /     4.00 GB
2026-07-18 05:01:13,283 kilosort.io  DEBUG    ********************************************************
2026-07-18 05:01:13,381 kilosort.run_kilosort INFO     64 units found with good refractory periods
2026-07-18 05:01:13,422 kilosort.run_kilosort INFO     Exporting to Phy took: 15.38s
2026-07-18 05:01:13,422 kilosort.run_kilosort INFO     Total runtime: 3044.23s = 00:50:44 h:m:s
2026-07-18 05:01:13,509 kilosort.run_kilosort INFO     Sorting output saved in: G:\ACADEMIC\week8_partial_dct_kilosort_runs\cde63527_probe01_partial_20260712_222836\ratio_0.50\kilosort4_dct.
2026-07-18 05:01:13,509 kilosort.run_kilosort DEBUG    

|===========================================================================|
|                  PyTorch CUDA memory summary, device ID 0                 |
|---------------------------------------------------------------------------|
|            CUDA OOMs: 0            |        cudaMalloc retries: 0         |
|===========================================================================|
|        Metric         | Cur Usage  | Peak Usage | Tot Alloc  | Tot Freed  |
|---------------------------------------------------------------------------|
| Allocated memory      |  11918 KiB |  12492 KiB |  26830 GiB |  26830 GiB |
|---------------------------------------------------------------------------|
| Active memory         |  11918 KiB |  12492 KiB |  26830 GiB |  26830 GiB |
|---------------------------------------------------------------------------|
| Requested memory      |  11915 KiB |  12488 KiB |  26818 GiB |  26818 GiB |
|---------------------------------------------------------------------------|
| GPU reserved memory   |  55296 KiB |  55296 KiB |    931 GiB |    931 GiB |
|---------------------------------------------------------------------------|
| Non-releasable memory |  41329 KiB |  41329 KiB |   8083 GiB |   8083 GiB |
|---------------------------------------------------------------------------|
| Allocations           |      12    |      13    |    2519 K  |    2519 K  |
|---------------------------------------------------------------------------|
| Active allocs         |      12    |      13    |    2519 K  |    2519 K  |
|---------------------------------------------------------------------------|
| GPU reserved segments |       5    |       5    |    2803    |    2798    |
|---------------------------------------------------------------------------|
| Non-releasable allocs |      11    |      11    |     982 K  |     982 K  |
|---------------------------------------------------------------------------|
| Oversize allocations  |       0    |       0    |       0    |       0    |
|---------------------------------------------------------------------------|
| Oversize GPU segments |       0    |       0    |       0    |       0    |
|===========================================================================|


2026-07-18 05:01:13,509 kilosort.run_kilosort INFO      
2026-07-18 05:01:13,509 kilosort.run_kilosort INFO     Resource usage after saving
2026-07-18 05:01:13,509 kilosort.run_kilosort INFO     ********************************************************
2026-07-18 05:01:13,509 kilosort.run_kilosort INFO     CPU usage:     6.90 %
2026-07-18 05:01:13,509 kilosort.run_kilosort INFO     Mem used:     53.00 %     |       8.29 GB
2026-07-18 05:01:13,509 kilosort.run_kilosort INFO     Mem avail:     7.36 / 15.65 GB
2026-07-18 05:01:13,509 kilosort.run_kilosort INFO     ------------------------------------------------------
2026-07-18 05:01:13,509 kilosort.run_kilosort INFO     GPU usage:    `conda install pynvml` for GPU usage
2026-07-18 05:01:13,509 kilosort.run_kilosort INFO     GPU memory:   22.41 %     |      0.90   /     4.00 GB
2026-07-18 05:01:13,509 kilosort.run_kilosort INFO     Allocated:     0.28 %     |      0.01   /     4.00 GB
2026-07-18 05:01:13,509 kilosort.run_kilosort INFO     Max alloc:     0.30 %     |      0.01   /     4.00 GB
2026-07-18 05:01:13,509 kilosort.run_kilosort INFO     ********************************************************
2026-07-18 05:01:13,516 kilosort.run_kilosort DEBUG    
2026-07-18 05:01:13,516 kilosort.run_kilosort DEBUG    --------------------
2026-07-18 05:01:13,516 kilosort.run_kilosort DEBUG    Process thread count: N/A (linux only)
2026-07-18 05:01:13,516 kilosort.run_kilosort DEBUG    num torch threads: 8
2026-07-18 05:01:13,516 kilosort.run_kilosort DEBUG    --------------------

2026-07-18 05:01:13,517 kilosort.run_kilosort INFO     Generating spike position plot ...
2026-07-18 05:01:43,337 kilosort.run_kilosort INFO     Sorting finished.
2026-07-18 05:01:43,352 kilosort.run_kilosort INFO      
2026-07-18 05:01:43,352 kilosort.run_kilosort INFO     ********************************************************
2026-07-18 05:01:43,352 kilosort.run_kilosort INFO     Sorting summary
2026-07-18 05:01:43,352 kilosort.run_kilosort INFO     --------------------------------------------------------
2026-07-18 05:01:43,352 kilosort.run_kilosort INFO     Total number of units:                              177
2026-07-18 05:01:43,352 kilosort.run_kilosort INFO     Number of good units:                                64
2026-07-18 05:01:43,352 kilosort.run_kilosort INFO     Number of spikes                                 484953
2026-07-18 05:01:43,352 kilosort.run_kilosort INFO     Mean abs. drift                                  0.2 um
2026-07-18 05:01:43,352 kilosort.run_kilosort INFO     Total runtime                                  3044.23s
2026-07-18 05:01:43,352 kilosort.run_kilosort INFO      
2026-07-18 05:01:43,352 kilosort.run_kilosort INFO     Runtime by step
2026-07-18 05:01:43,352 kilosort.run_kilosort INFO     --------------------------------------------------------
2026-07-18 05:01:43,352 kilosort.run_kilosort INFO     preprocessing:                          4.6s   (0.15) %
2026-07-18 05:01:43,352 kilosort.run_kilosort INFO     drift corr:                          1341.8s  (44.08) %
2026-07-18 05:01:43,352 kilosort.run_kilosort INFO     spike det. (univ):                   1262.4s  (41.47) %
2026-07-18 05:01:43,352 kilosort.run_kilosort INFO     cluster (temp):                       161.8s   (5.31) %
2026-07-18 05:01:43,352 kilosort.run_kilosort INFO     spike det. (learn):                    70.2s   (2.31) %
2026-07-18 05:01:43,352 kilosort.run_kilosort INFO     cluster (final):                      154.6s   (5.08) %
2026-07-18 05:01:43,352 kilosort.run_kilosort INFO     cluster merge:                          1.5s   (0.05) %
2026-07-18 05:01:43,352 kilosort.run_kilosort INFO     postprocessing:                        15.4s   (0.51) %
2026-07-18 05:01:43,352 kilosort.run_kilosort INFO      
2026-07-18 05:01:43,352 kilosort.run_kilosort INFO     Memory usage by step
2026-07-18 05:01:43,352 kilosort.run_kilosort INFO     --------------------------------------------------------
2026-07-18 05:01:43,352 kilosort.run_kilosort INFO     preprocessing:         sys     7.1 GB  |  gpu    1.3 GB
2026-07-18 05:01:43,352 kilosort.run_kilosort INFO     drift corr:            sys     7.9 GB  |  gpu    3.9 GB
2026-07-18 05:01:43,352 kilosort.run_kilosort INFO     spike det. (univ):     sys     8.3 GB  |  gpu    3.9 GB
2026-07-18 05:01:43,352 kilosort.run_kilosort INFO     cluster (temp):        sys     8.1 GB  |  gpu    0.3 GB
2026-07-18 05:01:43,352 kilosort.run_kilosort INFO     spike det. (learn):    sys     8.1 GB  |  gpu    1.4 GB
2026-07-18 05:01:43,352 kilosort.run_kilosort INFO     cluster (final):       sys     8.1 GB  |  gpu    0.1 GB
2026-07-18 05:01:43,352 kilosort.run_kilosort INFO     cluster merge:         sys     8.3 GB  |  gpu    0.1 GB
2026-07-18 05:01:43,352 kilosort.run_kilosort INFO     postprocessing:        sys     8.3 GB  |  gpu    0.0 GB
2026-07-18 05:01:43,352 kilosort.run_kilosort INFO     ********************************************************
