2026-05-22 20:04:30,287 kilosort.run_kilosort INFO     Kilosort version 4.1.7
2026-05-22 20:04:30,287 kilosort.run_kilosort INFO     Python version 3.11.15
2026-05-22 20:04:30,290 kilosort.run_kilosort INFO     ----------------------------------------
2026-05-22 20:04:30,292 kilosort.run_kilosort INFO     System information:
2026-05-22 20:04:30,293 kilosort.run_kilosort INFO     Windows-10-10.0.26200-SP0 AMD64
2026-05-22 20:04:30,295 kilosort.run_kilosort INFO     Intel64 Family 6 Model 186 Stepping 2, GenuineIntel
2026-05-22 20:04:30,297 kilosort.run_kilosort INFO     Using GPU for PyTorch computations. Specify `device` to change this.
2026-05-22 20:04:30,299 kilosort.run_kilosort INFO     Using CUDA device: NVIDIA GeForce RTX 2050 4.00GB
2026-05-22 20:04:30,301 kilosort.run_kilosort INFO     ----------------------------------------
2026-05-22 20:04:30,302 kilosort.run_kilosort INFO     Sorting [WindowsPath('whitened_recon_ratio_0.10.bin')]
2026-05-22 20:04:30,303 kilosort.run_kilosort INFO     Skipping common average reference.
2026-05-22 20:04:30,307 kilosort.run_kilosort DEBUG    Initial ops:

ops = {
    'n_chan_bin': 383,
    'fs': 30000,
    'batch_size': 60000,
    'nblocks': 1,
    'Th_universal': 9.0,
    'Th_learned': 8.0,
    'tmin': 0,
    'tmax': inf,
    'nt': 61,
    'shift': None,
    'scale': None,
    'batch_downsampling': 1,
    'artifact_threshold': inf,
    'nskip': 25,
    'whitening_range': 32,
    'highpass_cutoff': 300,
    'binning_depth': 5,
    'sig_interp': 20,
    'drift_smoothing': [0.5, 0.5, 0.5],
    'nt0min': 20,
    'dmin': np.float32(20.0),
    'dminx': 32,
    'min_template_size': 10,
    'template_sizes': 5,
    'nearest_chans': 10,
    'nearest_templates': 100,
    'max_channel_distance': 32.0,
    'max_peels': 100,
    'templates_from_data': False,
    'n_templates': 6,
    'n_pcs': 6,
    'Th_single_ch': 6,
    'acg_threshold': 0.2,
    'ccg_threshold': 0.25,
    'cluster_neighbors': 10,
    'cluster_downsampling': 20,
    'max_cluster_subset': 25000,
    'x_centers': None,
    'cluster_init_seed': 5,
    'duplicate_spike_ms': 0.25,
    'position_limit': 100,
    'filename': [WindowsPath('whitened_recon_ratio_0.10.bin')],
    'data_dir': WindowsPath('.'),
    'data_dtype': 'float32',
    'do_CAR': False,
    'invert_sign': False,
    'NTbuff': 60122,
    'Nchan': 383,
    'duplicate_spike_bins': 7,
    'torch_device': 'cuda',
    'save_preprocessed_copy': False
}

2026-05-22 20:04:30,337 kilosort.run_kilosort DEBUG    Probe dictionary:

probe = {
    'chanMap': np.array([  0,   1,   2,   3,   4,   5,   6,   7,   8,   9,  10,  11,  12,
        13,  14,  15,  16,  17,  18,  19,  20,  21,  22,  23,  24,  25,
        26,  27,  28,  29,  30,  31,  32,  33,  34,  35,  36,  37,  38,
        39,  40,  41,  42,  43,  44,  45,  46,  47,  48,  49,  50,  51,
        52,  53,  54,  55,  56,  57,  58,  59,  60,  61,  62,  63,  64,
        65,  66,  67,  68,  69,  70,  71,  72,  73,  74,  75,  76,  77,
        78,  79,  80,  81,  82,  83,  84,  85,  86,  87,  88,  89,  90,
        91,  92,  93,  94,  95,  96,  97,  98,  99, 100, 101, 102, 103,
       104, 105, 106, 107, 108, 109, 110, 111, 112, 113, 114, 115, 116,
       117, 118, 119, 120, 121, 122, 123, 124, 125, 126, 127, 128, 129,
       130, 131, 132, 133, 134, 135, 136, 137, 138, 139, 140, 141, 142,
       143, 144, 145, 146, 147, 148, 149, 150, 151, 152, 153, 154, 155,
       156, 157, 158, 159, 160, 161, 162, 163, 164, 165, 166, 167, 168,
       169, 170, 171, 172, 173, 174, 175, 176, 177, 178, 179, 180, 181,
       182, 183, 184, 185, 186, 187, 188, 189, 190, 191, 192, 193, 194,
       195, 196, 197, 198, 199, 200, 201, 202, 203, 204, 205, 206, 207,
       208, 209, 210, 211, 212, 213, 214, 215, 216, 217, 218, 219, 220,
       221, 222, 223, 224, 225, 226, 227, 228, 229, 230, 231, 232, 233,
       234, 235, 236, 237, 238, 239, 240, 241, 242, 243, 244, 245, 246,
       247, 248, 249, 250, 251, 252, 253, 254, 255, 256, 257, 258, 259,
       260, 261, 262, 263, 264, 265, 266, 267, 268, 269, 270, 271, 272,
       273, 274, 275, 276, 277, 278, 279, 280, 281, 282, 283, 284, 285,
       286, 287, 288, 289, 290, 291, 292, 293, 294, 295, 296, 297, 298,
       299, 300, 301, 302, 303, 304, 305, 306, 307, 308, 309, 310, 311,
       312, 313, 314, 315, 316, 317, 318, 319, 320, 321, 322, 323, 324,
       325, 326, 327, 328, 329, 330, 331, 332, 333, 334, 335, 336, 337,
       338, 339, 340, 341, 342, 343, 344, 345, 346, 347, 348, 349, 350,
       351, 352, 353, 354, 355, 356, 357, 358, 359, 360, 361, 362, 363,
       364, 365, 366, 367, 368, 369, 370, 371, 372, 373, 374, 375, 376,
       377, 378, 379, 380, 381, 382], dtype=np.int32),
    'xc': np.array([43., 11., 59., 27., 43., 11., 59., 27., 43., 11., 59., 27., 43.,
       11., 59., 27., 43., 11., 59., 27., 43., 11., 59., 27., 43., 11.,
       59., 27., 43., 11., 59., 27., 43., 11., 59., 27., 43., 11., 59.,
       27., 43., 11., 59., 27., 43., 11., 59., 27., 43., 11., 59., 27.,
       43., 11., 59., 27., 43., 11., 59., 27., 43., 11., 59., 27., 43.,
       11., 59., 27., 43., 11., 59., 27., 43., 11., 59., 27., 43., 11.,
       59., 27., 43., 11., 59., 27., 43., 11., 59., 27., 43., 11., 59.,
       27., 43., 11., 59., 27., 43., 11., 59., 27., 43., 11., 59., 27.,
       43., 11., 59., 27., 43., 11., 59., 27., 43., 11., 59., 27., 43.,
       11., 59., 27., 43., 11., 59., 27., 43., 11., 59., 27., 43., 11.,
       59., 27., 43., 11., 59., 27., 43., 11., 59., 27., 43., 11., 59.,
       27., 43., 11., 59., 27., 43., 11., 59., 27., 43., 11., 59., 27.,
       43., 11., 59., 27., 43., 11., 59., 27., 43., 11., 59., 27., 43.,
       11., 59., 27., 43., 11., 59., 27., 43., 11., 59., 27., 43., 11.,
       59., 27., 43., 11., 59., 27., 43., 11., 59., 43., 11., 59., 27.,
       43., 11., 59., 27., 43., 11., 59., 27., 43., 11., 59., 27., 43.,
       11., 59., 27., 43., 11., 59., 27., 43., 11., 59., 27., 43., 11.,
       59., 27., 43., 11., 59., 27., 43., 11., 59., 27., 43., 11., 59.,
       27., 43., 11., 59., 27., 43., 11., 59., 27., 43., 11., 59., 27.,
       43., 11., 59., 27., 43., 11., 59., 27., 43., 11., 59., 27., 43.,
       11., 59., 27., 43., 11., 59., 27., 43., 11., 59., 27., 43., 11.,
       59., 27., 43., 11., 59., 27., 43., 11., 59., 27., 43., 11., 59.,
       27., 43., 11., 59., 27., 43., 11., 59., 27., 43., 11., 59., 27.,
       43., 11., 59., 27., 43., 11., 59., 27., 43., 11., 59., 27., 43.,
       11., 59., 27., 43., 11., 59., 27., 43., 11., 59., 27., 43., 11.,
       59., 27., 43., 11., 59., 27., 43., 11., 59., 27., 43., 11., 59.,
       27., 43., 11., 59., 27., 43., 11., 59., 27., 43., 11., 59., 27.,
       43., 11., 59., 27., 43., 11., 59., 27., 43., 11., 59., 27., 43.,
       11., 59., 27., 43., 11., 59., 27., 43., 11., 59., 27., 43., 11.,
       59., 27., 43., 11., 59., 27.], dtype=np.float32),
    'yc': np.array([  20.,   20.,   40.,   40.,   60.,   60.,   80.,   80.,  100.,
        100.,  120.,  120.,  140.,  140.,  160.,  160.,  180.,  180.,
        200.,  200.,  220.,  220.,  240.,  240.,  260.,  260.,  280.,
        280.,  300.,  300.,  320.,  320.,  340.,  340.,  360.,  360.,
        380.,  380.,  400.,  400.,  420.,  420.,  440.,  440.,  460.,
        460.,  480.,  480.,  500.,  500.,  520.,  520.,  540.,  540.,
        560.,  560.,  580.,  580.,  600.,  600.,  620.,  620.,  640.,
        640.,  660.,  660.,  680.,  680.,  700.,  700.,  720.,  720.,
        740.,  740.,  760.,  760.,  780.,  780.,  800.,  800.,  820.,
        820.,  840.,  840.,  860.,  860.,  880.,  880.,  900.,  900.,
        920.,  920.,  940.,  940.,  960.,  960.,  980.,  980., 1000.,
       1000., 1020., 1020., 1040., 1040., 1060., 1060., 1080., 1080.,
       1100., 1100., 1120., 1120., 1140., 1140., 1160., 1160., 1180.,
       1180., 1200., 1200., 1220., 1220., 1240., 1240., 1260., 1260.,
       1280., 1280., 1300., 1300., 1320., 1320., 1340., 1340., 1360.,
       1360., 1380., 1380., 1400., 1400., 1420., 1420., 1440., 1440.,
       1460., 1460., 1480., 1480., 1500., 1500., 1520., 1520., 1540.,
       1540., 1560., 1560., 1580., 1580., 1600., 1600., 1620., 1620.,
       1640., 1640., 1660., 1660., 1680., 1680., 1700., 1700., 1720.,
       1720., 1740., 1740., 1760., 1760., 1780., 1780., 1800., 1800.,
       1820., 1820., 1840., 1840., 1860., 1860., 1880., 1880., 1900.,
       1900., 1920., 1940., 1940., 1960., 1960., 1980., 1980., 2000.,
       2000., 2020., 2020., 2040., 2040., 2060., 2060., 2080., 2080.,
       2100., 2100., 2120., 2120., 2140., 2140., 2160., 2160., 2180.,
       2180., 2200., 2200., 2220., 2220., 2240., 2240., 2260., 2260.,
       2280., 2280., 2300., 2300., 2320., 2320., 2340., 2340., 2360.,
       2360., 2380., 2380., 2400., 2400., 2420., 2420., 2440., 2440.,
       2460., 2460., 2480., 2480., 2500., 2500., 2520., 2520., 2540.,
       2540., 2560., 2560., 2580., 2580., 2600., 2600., 2620., 2620.,
       2640., 2640., 2660., 2660., 2680., 2680., 2700., 2700., 2720.,
       2720., 2740., 2740., 2760., 2760., 2780., 2780., 2800., 2800.,
       2820., 2820., 2840., 2840., 2860., 2860., 2880., 2880., 2900.,
       2900., 2920., 2920., 2940., 2940., 2960., 2960., 2980., 2980.,
       3000., 3000., 3020., 3020., 3040., 3040., 3060., 3060., 3080.,
       3080., 3100., 3100., 3120., 3120., 3140., 3140., 3160., 3160.,
       3180., 3180., 3200., 3200., 3220., 3220., 3240., 3240., 3260.,
       3260., 3280., 3280., 3300., 3300., 3320., 3320., 3340., 3340.,
       3360., 3360., 3380., 3380., 3400., 3400., 3420., 3420., 3440.,
       3440., 3460., 3460., 3480., 3480., 3500., 3500., 3520., 3520.,
       3540., 3540., 3560., 3560., 3580., 3580., 3600., 3600., 3620.,
       3620., 3640., 3640., 3660., 3660., 3680., 3680., 3700., 3700.,
       3720., 3720., 3740., 3740., 3760., 3760., 3780., 3780., 3800.,
       3800., 3820., 3820., 3840., 3840.], dtype=np.float32),
    'kcoords': np.array([0, 0, 0, 0, 0, 0, 0, 0, 0, 0, 0, 0, 0, 0, 0, 0, 0, 0, 0, 0, 0, 0,
       0, 0, 0, 0, 0, 0, 0, 0, 0, 0, 0, 0, 0, 0, 0, 0, 0, 0, 0, 0, 0, 0,
       0, 0, 0, 0, 0, 0, 0, 0, 0, 0, 0, 0, 0, 0, 0, 0, 0, 0, 0, 0, 0, 0,
       0, 0, 0, 0, 0, 0, 0, 0, 0, 0, 0, 0, 0, 0, 0, 0, 0, 0, 0, 0, 0, 0,
       0, 0, 0, 0, 0, 0, 0, 0, 0, 0, 0, 0, 0, 0, 0, 0, 0, 0, 0, 0, 0, 0,
       0, 0, 0, 0, 0, 0, 0, 0, 0, 0, 0, 0, 0, 0, 0, 0, 0, 0, 0, 0, 0, 0,
       0, 0, 0, 0, 0, 0, 0, 0, 0, 0, 0, 0, 0, 0, 0, 0, 0, 0, 0, 0, 0, 0,
       0, 0, 0, 0, 0, 0, 0, 0, 0, 0, 0, 0, 0, 0, 0, 0, 0, 0, 0, 0, 0, 0,
       0, 0, 0, 0, 0, 0, 0, 0, 0, 0, 0, 0, 0, 0, 0, 0, 0, 0, 0, 0, 0, 0,
       0, 0, 0, 0, 0, 0, 0, 0, 0, 0, 0, 0, 0, 0, 0, 0, 0, 0, 0, 0, 0, 0,
       0, 0, 0, 0, 0, 0, 0, 0, 0, 0, 0, 0, 0, 0, 0, 0, 0, 0, 0, 0, 0, 0,
       0, 0, 0, 0, 0, 0, 0, 0, 0, 0, 0, 0, 0, 0, 0, 0, 0, 0, 0, 0, 0, 0,
       0, 0, 0, 0, 0, 0, 0, 0, 0, 0, 0, 0, 0, 0, 0, 0, 0, 0, 0, 0, 0, 0,
       0, 0, 0, 0, 0, 0, 0, 0, 0, 0, 0, 0, 0, 0, 0, 0, 0, 0, 0, 0, 0, 0,
       0, 0, 0, 0, 0, 0, 0, 0, 0, 0, 0, 0, 0, 0, 0, 0, 0, 0, 0, 0, 0, 0,
       0, 0, 0, 0, 0, 0, 0, 0, 0, 0, 0, 0, 0, 0, 0, 0, 0, 0, 0, 0, 0, 0,
       0, 0, 0, 0, 0, 0, 0, 0, 0, 0, 0, 0, 0, 0, 0, 0, 0, 0, 0, 0, 0, 0,
       0, 0, 0, 0, 0, 0, 0, 0, 0], dtype=np.int32)
}

2026-05-22 20:04:30,341 kilosort.run_kilosort INFO      
2026-05-22 20:04:30,341 kilosort.run_kilosort INFO     Resource usage before sorting
2026-05-22 20:04:30,345 kilosort.run_kilosort INFO     ********************************************************
2026-05-22 20:04:30,348 kilosort.run_kilosort INFO     CPU usage:    27.20 %
2026-05-22 20:04:30,350 kilosort.run_kilosort INFO     Mem used:     85.40 %     |      13.37 GB
2026-05-22 20:04:30,351 kilosort.run_kilosort INFO     Mem avail:     2.28 / 15.65 GB
2026-05-22 20:04:30,353 kilosort.run_kilosort INFO     ------------------------------------------------------
2026-05-22 20:04:30,353 kilosort.run_kilosort INFO     GPU usage:    `conda install pynvml` for GPU usage
2026-05-22 20:04:30,353 kilosort.run_kilosort INFO     GPU memory:   20.17 %     |      0.81   /     4.00 GB
2026-05-22 20:04:30,358 kilosort.run_kilosort INFO     Allocated:     0.38 %     |      0.02   /     4.00 GB
2026-05-22 20:04:30,360 kilosort.run_kilosort INFO     Max alloc:     0.40 %     |      0.02   /     4.00 GB
2026-05-22 20:04:30,362 kilosort.run_kilosort INFO     ********************************************************
2026-05-22 20:04:30,362 kilosort.run_kilosort DEBUG    
2026-05-22 20:04:30,362 kilosort.run_kilosort DEBUG    --------------------
2026-05-22 20:04:30,366 kilosort.run_kilosort DEBUG    Process thread count: N/A (linux only)
2026-05-22 20:04:30,366 kilosort.run_kilosort DEBUG    num torch threads: 8
2026-05-22 20:04:30,366 kilosort.run_kilosort DEBUG    --------------------

2026-05-22 20:04:30,366 kilosort.run_kilosort INFO      
2026-05-22 20:04:30,366 kilosort.run_kilosort INFO     Computing preprocessing variables.
2026-05-22 20:04:30,366 kilosort.run_kilosort INFO     ----------------------------------------
2026-05-22 20:04:30,781 kilosort.run_kilosort INFO     N samples: 1350000
2026-05-22 20:04:30,782 kilosort.run_kilosort INFO     N seconds: 45.0
2026-05-22 20:04:30,784 kilosort.run_kilosort INFO     N batches: 23
2026-05-22 20:04:33,726 kilosort.run_kilosort INFO     Preprocessing filters computed in 3.36s; total 3.42s
2026-05-22 20:04:33,739 kilosort.run_kilosort DEBUG    hp_filter shape: torch.Size([30122])
2026-05-22 20:04:33,739 kilosort.run_kilosort DEBUG    whiten_mat shape: torch.Size([383, 383])
2026-05-22 20:04:34,092 kilosort.run_kilosort DEBUG    First batch min, max: (np.float32(-15.698397), np.float32(12.757472))
2026-05-22 20:04:34,098 kilosort.run_kilosort INFO      
2026-05-22 20:04:34,100 kilosort.run_kilosort INFO     Resource usage after preprocessing
2026-05-22 20:04:34,101 kilosort.run_kilosort INFO     ********************************************************
2026-05-22 20:04:34,101 kilosort.run_kilosort INFO     CPU usage:    22.50 %
2026-05-22 20:04:34,105 kilosort.run_kilosort INFO     Mem used:     86.60 %     |      13.55 GB
2026-05-22 20:04:34,105 kilosort.run_kilosort INFO     Mem avail:     2.09 / 15.65 GB
2026-05-22 20:04:34,108 kilosort.run_kilosort INFO     ------------------------------------------------------
2026-05-22 20:04:34,109 kilosort.run_kilosort INFO     GPU usage:    `conda install pynvml` for GPU usage
2026-05-22 20:04:34,111 kilosort.run_kilosort INFO     GPU memory:   60.70 %     |      2.43   /     4.00 GB
2026-05-22 20:04:34,112 kilosort.run_kilosort INFO     Allocated:     0.60 %     |      0.02   /     4.00 GB
2026-05-22 20:04:34,113 kilosort.run_kilosort INFO     Max alloc:    30.83 %     |      1.23   /     4.00 GB
2026-05-22 20:04:34,117 kilosort.run_kilosort INFO     ********************************************************
2026-05-22 20:04:34,151 kilosort.run_kilosort INFO      
2026-05-22 20:04:34,152 kilosort.run_kilosort INFO     Computing drift correction.
2026-05-22 20:04:34,154 kilosort.run_kilosort INFO     ----------------------------------------
2026-05-22 20:04:34,154 kilosort.spikedetect INFO     Using built-in universal templates.
2026-05-22 20:04:34,174 kilosort.spikedetect INFO     Number of universal templates: 1532
2026-05-22 20:04:35,271 kilosort.spikedetect INFO     Detecting spikes...
2026-05-22 20:04:35,284 kilosort.spikedetect DEBUG     
2026-05-22 20:04:35,284 kilosort.spikedetect DEBUG    Batch 0 of 22 (0.0%)
2026-05-22 20:04:35,284 kilosort.spikedetect DEBUG    ********************************************************
2026-05-22 20:04:35,284 kilosort.spikedetect DEBUG    CPU usage:    23.00 %
2026-05-22 20:04:35,284 kilosort.spikedetect DEBUG    Mem used:     86.30 %     |      13.51 GB
2026-05-22 20:04:35,284 kilosort.spikedetect DEBUG    Mem avail:     2.14 / 15.65 GB
2026-05-22 20:04:35,284 kilosort.spikedetect DEBUG    ------------------------------------------------------
2026-05-22 20:04:35,284 kilosort.spikedetect DEBUG    GPU usage:    `conda install pynvml` for GPU usage
2026-05-22 20:04:35,284 kilosort.spikedetect DEBUG    GPU memory:   60.70 %     |      2.43   /     4.00 GB
2026-05-22 20:04:35,284 kilosort.spikedetect DEBUG    Allocated:     0.64 %     |      0.03   /     4.00 GB
2026-05-22 20:04:35,284 kilosort.spikedetect DEBUG    Max alloc:     0.64 %     |      0.03   /     4.00 GB
2026-05-22 20:04:35,284 kilosort.spikedetect DEBUG    ********************************************************
2026-05-22 20:09:40,839 kilosort.spikedetect DEBUG     
2026-05-22 20:09:40,839 kilosort.spikedetect DEBUG    Batch 22 of 22 (95.7%)
2026-05-22 20:09:40,839 kilosort.spikedetect DEBUG    ********************************************************
2026-05-22 20:09:40,839 kilosort.spikedetect DEBUG    CPU usage:    26.80 %
2026-05-22 20:09:40,839 kilosort.spikedetect DEBUG    Mem used:     89.50 %     |      14.01 GB
2026-05-22 20:09:40,839 kilosort.spikedetect DEBUG    Mem avail:     1.64 / 15.65 GB
2026-05-22 20:09:40,840 kilosort.spikedetect DEBUG    ------------------------------------------------------
2026-05-22 20:09:40,840 kilosort.spikedetect DEBUG    GPU usage:    `conda install pynvml` for GPU usage
2026-05-22 20:09:40,840 kilosort.spikedetect DEBUG    GPU memory:   100.00 %     |      4.00   /     4.00 GB
2026-05-22 20:09:40,840 kilosort.spikedetect DEBUG    Allocated:     3.21 %     |      0.13   /     4.00 GB
2026-05-22 20:09:40,840 kilosort.spikedetect DEBUG    Max alloc:    83.51 %     |      3.34   /     4.00 GB
2026-05-22 20:09:40,840 kilosort.spikedetect DEBUG    ********************************************************
2026-05-22 20:09:41,491 kilosort.run_kilosort INFO     drift computed in 307.34s; total 311.18s
2026-05-22 20:09:41,495 kilosort.run_kilosort DEBUG    st shape: (282999, 6)
2026-05-22 20:09:41,495 kilosort.run_kilosort DEBUG    yblk shape: (1,)
2026-05-22 20:09:41,495 kilosort.run_kilosort DEBUG    dshift shape: (23, 1)
2026-05-22 20:09:41,495 kilosort.run_kilosort DEBUG    iKxx shape: torch.Size([383, 383])
2026-05-22 20:09:41,495 kilosort.run_kilosort DEBUG    

|===========================================================================|
|                  PyTorch CUDA memory summary, device ID 0                 |
|---------------------------------------------------------------------------|
|            CUDA OOMs: 0            |        cudaMalloc retries: 0         |
|===========================================================================|
|        Metric         | Cur Usage  | Peak Usage | Tot Alloc  | Tot Freed  |
|---------------------------------------------------------------------------|
| Allocated memory      |  27191 KiB |   3420 MiB |   1988 GiB |   1988 GiB |
|---------------------------------------------------------------------------|
| Active memory         |  27191 KiB |   3420 MiB |   1988 GiB |   1988 GiB |
|---------------------------------------------------------------------------|
| Requested memory      |  27173 KiB |   3417 MiB |   1988 GiB |   1988 GiB |
|---------------------------------------------------------------------------|
| GPU reserved memory   |   5242 MiB |   5242 MiB |   5242 MiB |      0 B   |
|---------------------------------------------------------------------------|
| Non-releasable memory |   7624 KiB |   1694 MiB |    958 GiB |    958 GiB |
|---------------------------------------------------------------------------|
| Allocations           |      68    |      96    |   25821    |   25753    |
|---------------------------------------------------------------------------|
| Active allocs         |      68    |      96    |   25821    |   25753    |
|---------------------------------------------------------------------------|
| GPU reserved segments |      22    |      22    |      22    |       0    |
|---------------------------------------------------------------------------|
| Non-releasable allocs |      11    |      22    |   12470    |   12459    |
|---------------------------------------------------------------------------|
| Oversize allocations  |       0    |       0    |       0    |       0    |
|---------------------------------------------------------------------------|
| Oversize GPU segments |       0    |       0    |       0    |       0    |
|===========================================================================|


2026-05-22 20:09:41,498 kilosort.run_kilosort INFO      
2026-05-22 20:09:41,499 kilosort.run_kilosort INFO     Resource usage after drift correction
2026-05-22 20:09:41,501 kilosort.run_kilosort INFO     ********************************************************
2026-05-22 20:09:41,503 kilosort.run_kilosort INFO     CPU usage:     0.00 %
2026-05-22 20:09:41,503 kilosort.run_kilosort INFO     Mem used:     89.20 %     |      13.96 GB
2026-05-22 20:09:41,508 kilosort.run_kilosort INFO     Mem avail:     1.69 / 15.65 GB
2026-05-22 20:09:41,511 kilosort.run_kilosort INFO     ------------------------------------------------------
2026-05-22 20:09:41,512 kilosort.run_kilosort INFO     GPU usage:    `conda install pynvml` for GPU usage
2026-05-22 20:09:41,516 kilosort.run_kilosort INFO     GPU memory:   100.00 %     |      4.00   /     4.00 GB
2026-05-22 20:09:41,516 kilosort.run_kilosort INFO     Allocated:     0.65 %     |      0.03   /     4.00 GB
2026-05-22 20:09:41,516 kilosort.run_kilosort INFO     Max alloc:    83.51 %     |      3.34   /     4.00 GB
2026-05-22 20:09:41,516 kilosort.run_kilosort INFO     ********************************************************
2026-05-22 20:09:41,521 kilosort.run_kilosort DEBUG    
2026-05-22 20:09:41,521 kilosort.run_kilosort DEBUG    --------------------
2026-05-22 20:09:41,521 kilosort.run_kilosort DEBUG    Process thread count: N/A (linux only)
2026-05-22 20:09:41,521 kilosort.run_kilosort DEBUG    num torch threads: 8
2026-05-22 20:09:41,521 kilosort.run_kilosort DEBUG    --------------------

2026-05-22 20:09:41,521 kilosort.run_kilosort INFO     Generating drift plots ...
2026-05-22 20:10:01,662 kilosort.run_kilosort INFO      
2026-05-22 20:10:01,663 kilosort.run_kilosort INFO     Extracting spikes using templates
2026-05-22 20:10:01,663 kilosort.run_kilosort INFO     ----------------------------------------
2026-05-22 20:10:01,666 kilosort.spikedetect INFO     Using built-in universal templates.
2026-05-22 20:10:01,678 kilosort.spikedetect INFO     Number of universal templates: 1532
2026-05-22 20:10:02,321 kilosort.spikedetect INFO     Detecting spikes...
2026-05-22 20:10:02,324 kilosort.spikedetect DEBUG     
2026-05-22 20:10:02,328 kilosort.spikedetect DEBUG    Batch 0 of 22 (0.0%)
2026-05-22 20:10:02,328 kilosort.spikedetect DEBUG    ********************************************************
2026-05-22 20:10:02,328 kilosort.spikedetect DEBUG    CPU usage:    25.70 %
2026-05-22 20:10:02,328 kilosort.spikedetect DEBUG    Mem used:     91.00 %     |      14.24 GB
2026-05-22 20:10:02,328 kilosort.spikedetect DEBUG    Mem avail:     1.41 / 15.65 GB
2026-05-22 20:10:02,328 kilosort.spikedetect DEBUG    ------------------------------------------------------
2026-05-22 20:10:02,328 kilosort.spikedetect DEBUG    GPU usage:    `conda install pynvml` for GPU usage
2026-05-22 20:10:02,328 kilosort.spikedetect DEBUG    GPU memory:   100.00 %     |      4.00   /     4.00 GB
2026-05-22 20:10:02,328 kilosort.spikedetect DEBUG    Allocated:     0.69 %     |      0.03   /     4.00 GB
2026-05-22 20:10:02,328 kilosort.spikedetect DEBUG    Max alloc:     0.70 %     |      0.03   /     4.00 GB
2026-05-22 20:10:02,328 kilosort.spikedetect DEBUG    ********************************************************
2026-05-22 20:15:04,204 kilosort.spikedetect DEBUG     
2026-05-22 20:15:04,204 kilosort.spikedetect DEBUG    Batch 22 of 22 (95.7%)
2026-05-22 20:15:04,204 kilosort.spikedetect DEBUG    ********************************************************
2026-05-22 20:15:04,204 kilosort.spikedetect DEBUG    CPU usage:    25.00 %
2026-05-22 20:15:04,204 kilosort.spikedetect DEBUG    Mem used:     92.40 %     |      14.46 GB
2026-05-22 20:15:04,204 kilosort.spikedetect DEBUG    Mem avail:     1.19 / 15.65 GB
2026-05-22 20:15:04,204 kilosort.spikedetect DEBUG    ------------------------------------------------------
2026-05-22 20:15:04,204 kilosort.spikedetect DEBUG    GPU usage:    `conda install pynvml` for GPU usage
2026-05-22 20:15:04,204 kilosort.spikedetect DEBUG    GPU memory:   100.00 %     |      4.00   /     4.00 GB
2026-05-22 20:15:04,204 kilosort.spikedetect DEBUG    Allocated:     3.24 %     |      0.13   /     4.00 GB
2026-05-22 20:15:04,204 kilosort.spikedetect DEBUG    Max alloc:    83.58 %     |      3.34   /     4.00 GB
2026-05-22 20:15:04,204 kilosort.spikedetect DEBUG    ********************************************************
2026-05-22 20:15:04,206 kilosort.run_kilosort INFO     273522 spikes extracted in 302.54s; total 633.90s
2026-05-22 20:15:04,206 kilosort.run_kilosort DEBUG    st0 shape: (273522, 6)
2026-05-22 20:15:04,206 kilosort.run_kilosort DEBUG    tF shape: torch.Size([273522, 10, 6])
2026-05-22 20:15:04,206 kilosort.run_kilosort INFO      
2026-05-22 20:15:04,206 kilosort.run_kilosort INFO     Resource usage after spike detect (univ)
2026-05-22 20:15:04,206 kilosort.run_kilosort INFO     ********************************************************
2026-05-22 20:15:04,209 kilosort.run_kilosort INFO     CPU usage:     0.00 %
2026-05-22 20:15:04,210 kilosort.run_kilosort INFO     Mem used:     92.30 %     |      14.45 GB
2026-05-22 20:15:04,211 kilosort.run_kilosort INFO     Mem avail:     1.20 / 15.65 GB
2026-05-22 20:15:04,212 kilosort.run_kilosort INFO     ------------------------------------------------------
2026-05-22 20:15:04,212 kilosort.run_kilosort INFO     GPU usage:    `conda install pynvml` for GPU usage
2026-05-22 20:15:04,212 kilosort.run_kilosort INFO     GPU memory:   100.00 %     |      4.00   /     4.00 GB
2026-05-22 20:15:04,212 kilosort.run_kilosort INFO     Allocated:     0.65 %     |      0.03   /     4.00 GB
2026-05-22 20:15:04,214 kilosort.run_kilosort INFO     Max alloc:    83.58 %     |      3.34   /     4.00 GB
2026-05-22 20:15:04,214 kilosort.run_kilosort INFO     ********************************************************
2026-05-22 20:15:04,214 kilosort.run_kilosort DEBUG    
2026-05-22 20:15:04,214 kilosort.run_kilosort DEBUG    --------------------
2026-05-22 20:15:04,214 kilosort.run_kilosort DEBUG    Process thread count: N/A (linux only)
2026-05-22 20:15:04,214 kilosort.run_kilosort DEBUG    num torch threads: 8
2026-05-22 20:15:04,214 kilosort.run_kilosort DEBUG    --------------------

2026-05-22 20:15:04,214 kilosort.run_kilosort INFO      
2026-05-22 20:15:04,214 kilosort.run_kilosort INFO     First clustering
2026-05-22 20:15:04,214 kilosort.run_kilosort INFO     ----------------------------------------
2026-05-22 20:15:04,508 kilosort.clustering_qr DEBUG    Center 0 | Xd shape: torch.Size([4162, 60]) | ntemp: 16
2026-05-22 20:15:05,499 kilosort.clustering_qr DEBUG    Center 1 | Xd shape: torch.Size([2960, 84]) | ntemp: 16
2026-05-22 20:15:05,913 kilosort.clustering_qr DEBUG    Center 2 | Xd shape: torch.Size([2650, 90]) | ntemp: 16
2026-05-22 20:15:06,424 kilosort.clustering_qr DEBUG    Center 3 | Xd shape: torch.Size([2063, 90]) | ntemp: 16
2026-05-22 20:15:06,882 kilosort.clustering_qr DEBUG    Center 4 | Xd shape: torch.Size([3025, 90]) | ntemp: 16
2026-05-22 20:15:07,268 kilosort.clustering_qr DEBUG    Center 5 | Xd shape: torch.Size([3175, 90]) | ntemp: 16
2026-05-22 20:15:07,654 kilosort.clustering_qr DEBUG    Center 6 | Xd shape: torch.Size([3349, 90]) | ntemp: 16
2026-05-22 20:15:08,030 kilosort.clustering_qr DEBUG    Center 7 | Xd shape: torch.Size([2139, 90]) | ntemp: 16
2026-05-22 20:15:08,358 kilosort.clustering_qr DEBUG    Center 8 | Xd shape: torch.Size([2141, 90]) | ntemp: 16
2026-05-22 20:15:08,733 kilosort.clustering_qr DEBUG     
2026-05-22 20:15:08,733 kilosort.clustering_qr DEBUG    Cluster center: 9 (10/96)
2026-05-22 20:15:08,733 kilosort.clustering_qr DEBUG    ********************************************************
2026-05-22 20:15:08,733 kilosort.clustering_qr DEBUG    CPU usage:    42.80 %
2026-05-22 20:15:08,733 kilosort.clustering_qr DEBUG    Mem used:     93.60 %     |      14.65 GB
2026-05-22 20:15:08,733 kilosort.clustering_qr DEBUG    Mem avail:     1.00 / 15.65 GB
2026-05-22 20:15:08,733 kilosort.clustering_qr DEBUG    ------------------------------------------------------
2026-05-22 20:15:08,733 kilosort.clustering_qr DEBUG    GPU usage:    `conda install pynvml` for GPU usage
2026-05-22 20:15:08,733 kilosort.clustering_qr DEBUG    GPU memory:   100.00 %     |      4.00   /     4.00 GB
2026-05-22 20:15:08,733 kilosort.clustering_qr DEBUG    Allocated:     0.65 %     |      0.03   /     4.00 GB
2026-05-22 20:15:08,733 kilosort.clustering_qr DEBUG    Max alloc:     0.94 %     |      0.04   /     4.00 GB
2026-05-22 20:15:08,733 kilosort.clustering_qr DEBUG    ********************************************************
2026-05-22 20:15:08,742 kilosort.clustering_qr DEBUG    Center 9 | Xd shape: torch.Size([2642, 90]) | ntemp: 16
2026-05-22 20:15:09,124 kilosort.clustering_qr DEBUG    Center 10 | Xd shape: torch.Size([2035, 90]) | ntemp: 16
2026-05-22 20:15:09,612 kilosort.clustering_qr DEBUG    Center 11 | Xd shape: torch.Size([2425, 90]) | ntemp: 16
2026-05-22 20:15:10,005 kilosort.clustering_qr DEBUG    Center 12 | Xd shape: torch.Size([1662, 90]) | ntemp: 16
2026-05-22 20:15:10,464 kilosort.clustering_qr DEBUG    Center 13 | Xd shape: torch.Size([1566, 90]) | ntemp: 16
2026-05-22 20:15:10,808 kilosort.clustering_qr DEBUG    Center 14 | Xd shape: torch.Size([1859, 90]) | ntemp: 16
2026-05-22 20:15:11,164 kilosort.clustering_qr DEBUG    Center 15 | Xd shape: torch.Size([2633, 90]) | ntemp: 16
2026-05-22 20:15:11,492 kilosort.clustering_qr DEBUG    Center 16 | Xd shape: torch.Size([1964, 90]) | ntemp: 16
2026-05-22 20:15:11,794 kilosort.clustering_qr DEBUG    Center 17 | Xd shape: torch.Size([2317, 90]) | ntemp: 16
2026-05-22 20:15:12,101 kilosort.clustering_qr DEBUG    Center 18 | Xd shape: torch.Size([2307, 90]) | ntemp: 16
2026-05-22 20:15:12,394 kilosort.clustering_qr DEBUG     
2026-05-22 20:15:12,394 kilosort.clustering_qr DEBUG    Cluster center: 19 (20/96)
2026-05-22 20:15:12,394 kilosort.clustering_qr DEBUG    ********************************************************
2026-05-22 20:15:12,394 kilosort.clustering_qr DEBUG    CPU usage:    49.70 %
2026-05-22 20:15:12,394 kilosort.clustering_qr DEBUG    Mem used:     93.70 %     |      14.66 GB
2026-05-22 20:15:12,394 kilosort.clustering_qr DEBUG    Mem avail:     0.98 / 15.65 GB
2026-05-22 20:15:12,394 kilosort.clustering_qr DEBUG    ------------------------------------------------------
2026-05-22 20:15:12,394 kilosort.clustering_qr DEBUG    GPU usage:    `conda install pynvml` for GPU usage
2026-05-22 20:15:12,394 kilosort.clustering_qr DEBUG    GPU memory:   100.00 %     |      4.00   /     4.00 GB
2026-05-22 20:15:12,394 kilosort.clustering_qr DEBUG    Allocated:     0.65 %     |      0.03   /     4.00 GB
2026-05-22 20:15:12,394 kilosort.clustering_qr DEBUG    Max alloc:     0.94 %     |      0.04   /     4.00 GB
2026-05-22 20:15:12,394 kilosort.clustering_qr DEBUG    ********************************************************
2026-05-22 20:15:12,405 kilosort.clustering_qr DEBUG    Center 19 | Xd shape: torch.Size([1673, 90]) | ntemp: 16
2026-05-22 20:15:12,731 kilosort.clustering_qr DEBUG    Center 20 | Xd shape: torch.Size([2047, 90]) | ntemp: 16
2026-05-22 20:15:13,115 kilosort.clustering_qr DEBUG    Center 21 | Xd shape: torch.Size([2660, 90]) | ntemp: 16
2026-05-22 20:15:13,468 kilosort.clustering_qr DEBUG    Center 22 | Xd shape: torch.Size([3735, 90]) | ntemp: 16
2026-05-22 20:15:13,791 kilosort.clustering_qr DEBUG    Center 23 | Xd shape: torch.Size([2924, 90]) | ntemp: 16
2026-05-22 20:15:14,132 kilosort.clustering_qr DEBUG    Center 24 | Xd shape: torch.Size([2469, 90]) | ntemp: 16
2026-05-22 20:15:14,451 kilosort.clustering_qr DEBUG    Center 25 | Xd shape: torch.Size([2396, 90]) | ntemp: 16
2026-05-22 20:15:14,761 kilosort.clustering_qr DEBUG    Center 26 | Xd shape: torch.Size([2638, 90]) | ntemp: 16
2026-05-22 20:15:15,083 kilosort.clustering_qr DEBUG    Center 27 | Xd shape: torch.Size([2322, 90]) | ntemp: 16
2026-05-22 20:15:15,394 kilosort.clustering_qr DEBUG    Center 28 | Xd shape: torch.Size([2924, 90]) | ntemp: 16
2026-05-22 20:15:15,714 kilosort.clustering_qr DEBUG     
2026-05-22 20:15:15,714 kilosort.clustering_qr DEBUG    Cluster center: 29 (30/96)
2026-05-22 20:15:15,714 kilosort.clustering_qr DEBUG    ********************************************************
2026-05-22 20:15:15,714 kilosort.clustering_qr DEBUG    CPU usage:    48.80 %
2026-05-22 20:15:15,714 kilosort.clustering_qr DEBUG    Mem used:     93.60 %     |      14.65 GB
2026-05-22 20:15:15,714 kilosort.clustering_qr DEBUG    Mem avail:     1.00 / 15.65 GB
2026-05-22 20:15:15,714 kilosort.clustering_qr DEBUG    ------------------------------------------------------
2026-05-22 20:15:15,714 kilosort.clustering_qr DEBUG    GPU usage:    `conda install pynvml` for GPU usage
2026-05-22 20:15:15,714 kilosort.clustering_qr DEBUG    GPU memory:   100.00 %     |      4.00   /     4.00 GB
2026-05-22 20:15:15,714 kilosort.clustering_qr DEBUG    Allocated:     0.65 %     |      0.03   /     4.00 GB
2026-05-22 20:15:15,714 kilosort.clustering_qr DEBUG    Max alloc:     0.94 %     |      0.04   /     4.00 GB
2026-05-22 20:15:15,714 kilosort.clustering_qr DEBUG    ********************************************************
2026-05-22 20:15:15,723 kilosort.clustering_qr DEBUG    Center 29 | Xd shape: torch.Size([2597, 90]) | ntemp: 16
2026-05-22 20:15:16,185 kilosort.clustering_qr DEBUG    Center 30 | Xd shape: torch.Size([2246, 90]) | ntemp: 16
2026-05-22 20:15:16,482 kilosort.clustering_qr DEBUG    Center 31 | Xd shape: torch.Size([3157, 90]) | ntemp: 16
2026-05-22 20:15:16,795 kilosort.clustering_qr DEBUG    Center 32 | Xd shape: torch.Size([3277, 90]) | ntemp: 16
2026-05-22 20:15:17,122 kilosort.clustering_qr DEBUG    Center 33 | Xd shape: torch.Size([2065, 90]) | ntemp: 16
2026-05-22 20:15:17,458 kilosort.clustering_qr DEBUG    Center 34 | Xd shape: torch.Size([2576, 90]) | ntemp: 16
2026-05-22 20:15:17,798 kilosort.clustering_qr DEBUG    Center 35 | Xd shape: torch.Size([2821, 90]) | ntemp: 16
2026-05-22 20:15:18,130 kilosort.clustering_qr DEBUG    Center 36 | Xd shape: torch.Size([2434, 90]) | ntemp: 16
2026-05-22 20:15:18,445 kilosort.clustering_qr DEBUG    Center 37 | Xd shape: torch.Size([2801, 90]) | ntemp: 16
2026-05-22 20:15:18,821 kilosort.clustering_qr DEBUG    Center 38 | Xd shape: torch.Size([2081, 90]) | ntemp: 16
2026-05-22 20:15:19,164 kilosort.clustering_qr DEBUG     
2026-05-22 20:15:19,164 kilosort.clustering_qr DEBUG    Cluster center: 39 (40/96)
2026-05-22 20:15:19,164 kilosort.clustering_qr DEBUG    ********************************************************
2026-05-22 20:15:19,164 kilosort.clustering_qr DEBUG    CPU usage:    48.40 %
2026-05-22 20:15:19,164 kilosort.clustering_qr DEBUG    Mem used:     93.60 %     |      14.64 GB
2026-05-22 20:15:19,164 kilosort.clustering_qr DEBUG    Mem avail:     1.01 / 15.65 GB
2026-05-22 20:15:19,164 kilosort.clustering_qr DEBUG    ------------------------------------------------------
2026-05-22 20:15:19,164 kilosort.clustering_qr DEBUG    GPU usage:    `conda install pynvml` for GPU usage
2026-05-22 20:15:19,164 kilosort.clustering_qr DEBUG    GPU memory:   100.00 %     |      4.00   /     4.00 GB
2026-05-22 20:15:19,164 kilosort.clustering_qr DEBUG    Allocated:     0.65 %     |      0.03   /     4.00 GB
2026-05-22 20:15:19,164 kilosort.clustering_qr DEBUG    Max alloc:     0.94 %     |      0.04   /     4.00 GB
2026-05-22 20:15:19,164 kilosort.clustering_qr DEBUG    ********************************************************
2026-05-22 20:15:19,172 kilosort.clustering_qr DEBUG    Center 39 | Xd shape: torch.Size([2897, 90]) | ntemp: 16
2026-05-22 20:15:19,515 kilosort.clustering_qr DEBUG    Center 40 | Xd shape: torch.Size([2829, 90]) | ntemp: 16
2026-05-22 20:15:19,886 kilosort.clustering_qr DEBUG    Center 41 | Xd shape: torch.Size([3265, 90]) | ntemp: 16
2026-05-22 20:15:20,304 kilosort.clustering_qr DEBUG    Center 42 | Xd shape: torch.Size([3377, 90]) | ntemp: 16
2026-05-22 20:15:20,672 kilosort.clustering_qr DEBUG    Center 43 | Xd shape: torch.Size([3130, 90]) | ntemp: 16
2026-05-22 20:15:20,982 kilosort.clustering_qr DEBUG    Center 44 | Xd shape: torch.Size([3158, 90]) | ntemp: 16
2026-05-22 20:15:21,310 kilosort.clustering_qr DEBUG    Center 45 | Xd shape: torch.Size([2877, 90]) | ntemp: 16
2026-05-22 20:15:21,661 kilosort.clustering_qr DEBUG    Center 46 | Xd shape: torch.Size([3480, 84]) | ntemp: 16
2026-05-22 20:15:22,001 kilosort.clustering_qr DEBUG    Center 47 | Xd shape: torch.Size([3160, 90]) | ntemp: 16
2026-05-22 20:15:22,313 kilosort.clustering_qr DEBUG    Center 48 | Xd shape: torch.Size([3061, 84]) | ntemp: 16
2026-05-22 20:15:22,631 kilosort.clustering_qr DEBUG     
2026-05-22 20:15:22,631 kilosort.clustering_qr DEBUG    Cluster center: 49 (50/96)
2026-05-22 20:15:22,631 kilosort.clustering_qr DEBUG    ********************************************************
2026-05-22 20:15:22,631 kilosort.clustering_qr DEBUG    CPU usage:    50.80 %
2026-05-22 20:15:22,631 kilosort.clustering_qr DEBUG    Mem used:     93.40 %     |      14.61 GB
2026-05-22 20:15:22,631 kilosort.clustering_qr DEBUG    Mem avail:     1.04 / 15.65 GB
2026-05-22 20:15:22,631 kilosort.clustering_qr DEBUG    ------------------------------------------------------
2026-05-22 20:15:22,631 kilosort.clustering_qr DEBUG    GPU usage:    `conda install pynvml` for GPU usage
2026-05-22 20:15:22,631 kilosort.clustering_qr DEBUG    GPU memory:   100.00 %     |      4.00   /     4.00 GB
2026-05-22 20:15:22,631 kilosort.clustering_qr DEBUG    Allocated:     0.65 %     |      0.03   /     4.00 GB
2026-05-22 20:15:22,631 kilosort.clustering_qr DEBUG    Max alloc:     0.94 %     |      0.04   /     4.00 GB
2026-05-22 20:15:22,631 kilosort.clustering_qr DEBUG    ********************************************************
2026-05-22 20:15:22,635 kilosort.clustering_qr DEBUG    Center 49 | Xd shape: torch.Size([3284, 90]) | ntemp: 16
2026-05-22 20:15:23,030 kilosort.clustering_qr DEBUG    Center 50 | Xd shape: torch.Size([3732, 90]) | ntemp: 16
2026-05-22 20:15:23,508 kilosort.clustering_qr DEBUG    Center 51 | Xd shape: torch.Size([3747, 90]) | ntemp: 16
2026-05-22 20:15:23,862 kilosort.clustering_qr DEBUG    Center 52 | Xd shape: torch.Size([3240, 90]) | ntemp: 16
2026-05-22 20:15:24,203 kilosort.clustering_qr DEBUG    Center 53 | Xd shape: torch.Size([3715, 90]) | ntemp: 16
2026-05-22 20:15:24,538 kilosort.clustering_qr DEBUG    Center 54 | Xd shape: torch.Size([3572, 90]) | ntemp: 16
2026-05-22 20:15:24,897 kilosort.clustering_qr DEBUG    Center 55 | Xd shape: torch.Size([3193, 90]) | ntemp: 16
2026-05-22 20:15:25,232 kilosort.clustering_qr DEBUG    Center 56 | Xd shape: torch.Size([3207, 90]) | ntemp: 16
2026-05-22 20:15:25,578 kilosort.clustering_qr DEBUG    Center 57 | Xd shape: torch.Size([3193, 90]) | ntemp: 16
2026-05-22 20:15:25,908 kilosort.clustering_qr DEBUG    Center 58 | Xd shape: torch.Size([3359, 90]) | ntemp: 16
2026-05-22 20:15:26,267 kilosort.clustering_qr DEBUG     
2026-05-22 20:15:26,267 kilosort.clustering_qr DEBUG    Cluster center: 59 (60/96)
2026-05-22 20:15:26,267 kilosort.clustering_qr DEBUG    ********************************************************
2026-05-22 20:15:26,267 kilosort.clustering_qr DEBUG    CPU usage:    49.20 %
2026-05-22 20:15:26,267 kilosort.clustering_qr DEBUG    Mem used:     93.30 %     |      14.60 GB
2026-05-22 20:15:26,267 kilosort.clustering_qr DEBUG    Mem avail:     1.05 / 15.65 GB
2026-05-22 20:15:26,267 kilosort.clustering_qr DEBUG    ------------------------------------------------------
2026-05-22 20:15:26,267 kilosort.clustering_qr DEBUG    GPU usage:    `conda install pynvml` for GPU usage
2026-05-22 20:15:26,267 kilosort.clustering_qr DEBUG    GPU memory:   100.00 %     |      4.00   /     4.00 GB
2026-05-22 20:15:26,267 kilosort.clustering_qr DEBUG    Allocated:     0.65 %     |      0.03   /     4.00 GB
2026-05-22 20:15:26,267 kilosort.clustering_qr DEBUG    Max alloc:     0.94 %     |      0.04   /     4.00 GB
2026-05-22 20:15:26,267 kilosort.clustering_qr DEBUG    ********************************************************
2026-05-22 20:15:26,275 kilosort.clustering_qr DEBUG    Center 59 | Xd shape: torch.Size([3267, 90]) | ntemp: 16
2026-05-22 20:15:26,698 kilosort.clustering_qr DEBUG    Center 60 | Xd shape: torch.Size([3834, 90]) | ntemp: 16
2026-05-22 20:15:27,048 kilosort.clustering_qr DEBUG    Center 61 | Xd shape: torch.Size([3450, 90]) | ntemp: 16
2026-05-22 20:15:27,474 kilosort.clustering_qr DEBUG    Center 62 | Xd shape: torch.Size([3099, 90]) | ntemp: 16
2026-05-22 20:15:27,832 kilosort.clustering_qr DEBUG    Center 63 | Xd shape: torch.Size([2878, 90]) | ntemp: 16
2026-05-22 20:15:28,203 kilosort.clustering_qr DEBUG    Center 64 | Xd shape: torch.Size([2361, 90]) | ntemp: 16
2026-05-22 20:15:28,526 kilosort.clustering_qr DEBUG    Center 65 | Xd shape: torch.Size([2734, 90]) | ntemp: 16
2026-05-22 20:15:28,874 kilosort.clustering_qr DEBUG    Center 66 | Xd shape: torch.Size([3516, 90]) | ntemp: 16
2026-05-22 20:15:29,240 kilosort.clustering_qr DEBUG    Center 67 | Xd shape: torch.Size([3748, 90]) | ntemp: 16
2026-05-22 20:15:29,594 kilosort.clustering_qr DEBUG    Center 68 | Xd shape: torch.Size([2604, 90]) | ntemp: 16
2026-05-22 20:15:29,951 kilosort.clustering_qr DEBUG     
2026-05-22 20:15:29,951 kilosort.clustering_qr DEBUG    Cluster center: 69 (70/96)
2026-05-22 20:15:29,951 kilosort.clustering_qr DEBUG    ********************************************************
2026-05-22 20:15:29,951 kilosort.clustering_qr DEBUG    CPU usage:    50.30 %
2026-05-22 20:15:29,951 kilosort.clustering_qr DEBUG    Mem used:     93.50 %     |      14.63 GB
2026-05-22 20:15:29,951 kilosort.clustering_qr DEBUG    Mem avail:     1.02 / 15.65 GB
2026-05-22 20:15:29,951 kilosort.clustering_qr DEBUG    ------------------------------------------------------
2026-05-22 20:15:29,951 kilosort.clustering_qr DEBUG    GPU usage:    `conda install pynvml` for GPU usage
2026-05-22 20:15:29,951 kilosort.clustering_qr DEBUG    GPU memory:   100.00 %     |      4.00   /     4.00 GB
2026-05-22 20:15:29,951 kilosort.clustering_qr DEBUG    Allocated:     0.65 %     |      0.03   /     4.00 GB
2026-05-22 20:15:29,951 kilosort.clustering_qr DEBUG    Max alloc:     0.94 %     |      0.04   /     4.00 GB
2026-05-22 20:15:29,951 kilosort.clustering_qr DEBUG    ********************************************************
2026-05-22 20:15:29,958 kilosort.clustering_qr DEBUG    Center 69 | Xd shape: torch.Size([2984, 90]) | ntemp: 16
2026-05-22 20:15:30,301 kilosort.clustering_qr DEBUG    Center 70 | Xd shape: torch.Size([3169, 90]) | ntemp: 16
2026-05-22 20:15:30,653 kilosort.clustering_qr DEBUG    Center 71 | Xd shape: torch.Size([3472, 90]) | ntemp: 16
2026-05-22 20:15:31,007 kilosort.clustering_qr DEBUG    Center 72 | Xd shape: torch.Size([3445, 90]) | ntemp: 16
2026-05-22 20:15:31,361 kilosort.clustering_qr DEBUG    Center 73 | Xd shape: torch.Size([3944, 90]) | ntemp: 16
2026-05-22 20:15:31,718 kilosort.clustering_qr DEBUG    Center 74 | Xd shape: torch.Size([3838, 90]) | ntemp: 16
2026-05-22 20:15:32,110 kilosort.clustering_qr DEBUG    Center 75 | Xd shape: torch.Size([4166, 90]) | ntemp: 16
2026-05-22 20:15:32,473 kilosort.clustering_qr DEBUG    Center 76 | Xd shape: torch.Size([1982, 90]) | ntemp: 16
2026-05-22 20:15:32,843 kilosort.clustering_qr DEBUG    Center 77 | Xd shape: torch.Size([1722, 90]) | ntemp: 16
2026-05-22 20:15:33,252 kilosort.clustering_qr DEBUG    Center 78 | Xd shape: torch.Size([2404, 90]) | ntemp: 16
2026-05-22 20:15:33,591 kilosort.clustering_qr DEBUG     
2026-05-22 20:15:33,592 kilosort.clustering_qr DEBUG    Cluster center: 79 (80/96)
2026-05-22 20:15:33,592 kilosort.clustering_qr DEBUG    ********************************************************
2026-05-22 20:15:33,592 kilosort.clustering_qr DEBUG    CPU usage:    50.00 %
2026-05-22 20:15:33,592 kilosort.clustering_qr DEBUG    Mem used:     93.40 %     |      14.62 GB
2026-05-22 20:15:33,592 kilosort.clustering_qr DEBUG    Mem avail:     1.03 / 15.65 GB
2026-05-22 20:15:33,592 kilosort.clustering_qr DEBUG    ------------------------------------------------------
2026-05-22 20:15:33,592 kilosort.clustering_qr DEBUG    GPU usage:    `conda install pynvml` for GPU usage
2026-05-22 20:15:33,592 kilosort.clustering_qr DEBUG    GPU memory:   100.00 %     |      4.00   /     4.00 GB
2026-05-22 20:15:33,592 kilosort.clustering_qr DEBUG    Allocated:     0.65 %     |      0.03   /     4.00 GB
2026-05-22 20:15:33,592 kilosort.clustering_qr DEBUG    Max alloc:     0.94 %     |      0.04   /     4.00 GB
2026-05-22 20:15:33,592 kilosort.clustering_qr DEBUG    ********************************************************
2026-05-22 20:15:33,596 kilosort.clustering_qr DEBUG    Center 79 | Xd shape: torch.Size([2807, 90]) | ntemp: 16
2026-05-22 20:15:33,940 kilosort.clustering_qr DEBUG    Center 80 | Xd shape: torch.Size([3310, 90]) | ntemp: 16
2026-05-22 20:15:34,274 kilosort.clustering_qr DEBUG    Center 81 | Xd shape: torch.Size([3361, 90]) | ntemp: 16
2026-05-22 20:15:34,603 kilosort.clustering_qr DEBUG    Center 82 | Xd shape: torch.Size([3524, 90]) | ntemp: 16
2026-05-22 20:15:34,956 kilosort.clustering_qr DEBUG    Center 83 | Xd shape: torch.Size([1985, 90]) | ntemp: 16
2026-05-22 20:15:35,305 kilosort.clustering_qr DEBUG    Center 84 | Xd shape: torch.Size([1818, 90]) | ntemp: 16
2026-05-22 20:15:35,662 kilosort.clustering_qr DEBUG    Center 85 | Xd shape: torch.Size([2053, 90]) | ntemp: 16
2026-05-22 20:15:36,021 kilosort.clustering_qr DEBUG    Center 86 | Xd shape: torch.Size([1772, 90]) | ntemp: 16
2026-05-22 20:15:36,386 kilosort.clustering_qr DEBUG    Center 87 | Xd shape: torch.Size([2417, 90]) | ntemp: 16
2026-05-22 20:15:36,716 kilosort.clustering_qr DEBUG    Center 88 | Xd shape: torch.Size([2488, 90]) | ntemp: 16
2026-05-22 20:15:37,113 kilosort.clustering_qr DEBUG     
2026-05-22 20:15:37,113 kilosort.clustering_qr DEBUG    Cluster center: 89 (90/96)
2026-05-22 20:15:37,113 kilosort.clustering_qr DEBUG    ********************************************************
2026-05-22 20:15:37,113 kilosort.clustering_qr DEBUG    CPU usage:    49.50 %
2026-05-22 20:15:37,113 kilosort.clustering_qr DEBUG    Mem used:     93.20 %     |      14.59 GB
2026-05-22 20:15:37,113 kilosort.clustering_qr DEBUG    Mem avail:     1.06 / 15.65 GB
2026-05-22 20:15:37,113 kilosort.clustering_qr DEBUG    ------------------------------------------------------
2026-05-22 20:15:37,113 kilosort.clustering_qr DEBUG    GPU usage:    `conda install pynvml` for GPU usage
2026-05-22 20:15:37,113 kilosort.clustering_qr DEBUG    GPU memory:   100.00 %     |      4.00   /     4.00 GB
2026-05-22 20:15:37,113 kilosort.clustering_qr DEBUG    Allocated:     0.65 %     |      0.03   /     4.00 GB
2026-05-22 20:15:37,113 kilosort.clustering_qr DEBUG    Max alloc:     0.94 %     |      0.04   /     4.00 GB
2026-05-22 20:15:37,113 kilosort.clustering_qr DEBUG    ********************************************************
2026-05-22 20:15:37,123 kilosort.clustering_qr DEBUG    Center 89 | Xd shape: torch.Size([2202, 90]) | ntemp: 16
2026-05-22 20:15:37,514 kilosort.clustering_qr DEBUG    Center 90 | Xd shape: torch.Size([2630, 90]) | ntemp: 16
2026-05-22 20:15:38,020 kilosort.clustering_qr DEBUG    Center 91 | Xd shape: torch.Size([3513, 90]) | ntemp: 16
2026-05-22 20:15:38,435 kilosort.clustering_qr DEBUG    Center 92 | Xd shape: torch.Size([3295, 90]) | ntemp: 16
2026-05-22 20:15:38,836 kilosort.clustering_qr DEBUG    Center 93 | Xd shape: torch.Size([3372, 90]) | ntemp: 16
2026-05-22 20:15:39,303 kilosort.clustering_qr DEBUG    Center 94 | Xd shape: torch.Size([3269, 78]) | ntemp: 16
2026-05-22 20:15:39,664 kilosort.clustering_qr DEBUG    Center 95 | Xd shape: torch.Size([2696, 60]) | ntemp: 12
2026-05-22 20:15:40,364 kilosort.run_kilosort INFO     315 clusters found, in 36.15s; total 670.06s
2026-05-22 20:15:40,364 kilosort.run_kilosort DEBUG    clu shape: (273522,)
2026-05-22 20:15:40,364 kilosort.run_kilosort DEBUG    Wall shape: torch.Size([315, 383, 6])
2026-05-22 20:15:40,366 kilosort.run_kilosort INFO      
2026-05-22 20:15:40,366 kilosort.run_kilosort INFO     Resource usage after first clustering
2026-05-22 20:15:40,366 kilosort.run_kilosort INFO     ********************************************************
2026-05-22 20:15:40,366 kilosort.run_kilosort INFO     CPU usage:     0.00 %
2026-05-22 20:15:40,366 kilosort.run_kilosort INFO     Mem used:     93.20 %     |      14.59 GB
2026-05-22 20:15:40,366 kilosort.run_kilosort INFO     Mem avail:     1.06 / 15.65 GB
2026-05-22 20:15:40,370 kilosort.run_kilosort INFO     ------------------------------------------------------
2026-05-22 20:15:40,371 kilosort.run_kilosort INFO     GPU usage:    `conda install pynvml` for GPU usage
2026-05-22 20:15:40,371 kilosort.run_kilosort INFO     GPU memory:   100.00 %     |      4.00   /     4.00 GB
2026-05-22 20:15:40,371 kilosort.run_kilosort INFO     Allocated:     0.71 %     |      0.03   /     4.00 GB
2026-05-22 20:15:40,371 kilosort.run_kilosort INFO     Max alloc:     9.59 %     |      0.38   /     4.00 GB
2026-05-22 20:15:40,375 kilosort.run_kilosort INFO     ********************************************************
2026-05-22 20:15:40,375 kilosort.run_kilosort DEBUG    
2026-05-22 20:15:40,375 kilosort.run_kilosort DEBUG    --------------------
2026-05-22 20:15:40,375 kilosort.run_kilosort DEBUG    Process thread count: N/A (linux only)
2026-05-22 20:15:40,375 kilosort.run_kilosort DEBUG    num torch threads: 8
2026-05-22 20:15:40,375 kilosort.run_kilosort DEBUG    --------------------

2026-05-22 20:15:40,375 kilosort.run_kilosort INFO      
2026-05-22 20:15:40,375 kilosort.run_kilosort INFO     Extracting spikes using cluster waveforms
2026-05-22 20:15:40,375 kilosort.run_kilosort INFO     ----------------------------------------
2026-05-22 20:15:40,441 kilosort.template_matching DEBUG     
2026-05-22 20:15:40,441 kilosort.template_matching DEBUG    Batch 0
2026-05-22 20:15:40,441 kilosort.template_matching DEBUG    ********************************************************
2026-05-22 20:15:40,441 kilosort.template_matching DEBUG    CPU usage:    41.20 %
2026-05-22 20:15:40,441 kilosort.template_matching DEBUG    Mem used:     94.30 %     |      14.76 GB
2026-05-22 20:15:40,441 kilosort.template_matching DEBUG    Mem avail:     0.89 / 15.65 GB
2026-05-22 20:15:40,441 kilosort.template_matching DEBUG    ------------------------------------------------------
2026-05-22 20:15:40,441 kilosort.template_matching DEBUG    GPU usage:    `conda install pynvml` for GPU usage
2026-05-22 20:15:40,441 kilosort.template_matching DEBUG    GPU memory:   100.00 %     |      4.00   /     4.00 GB
2026-05-22 20:15:40,441 kilosort.template_matching DEBUG    Allocated:     1.75 %     |      0.07   /     4.00 GB
2026-05-22 20:15:40,441 kilosort.template_matching DEBUG    Max alloc:     2.36 %     |      0.09   /     4.00 GB
2026-05-22 20:15:40,441 kilosort.template_matching DEBUG    ********************************************************
2026-05-22 20:16:14,868 kilosort.template_matching DEBUG     
2026-05-22 20:16:14,868 kilosort.template_matching DEBUG    Batch 22
2026-05-22 20:16:14,868 kilosort.template_matching DEBUG    ********************************************************
2026-05-22 20:16:14,868 kilosort.template_matching DEBUG    CPU usage:    21.40 %
2026-05-22 20:16:14,868 kilosort.template_matching DEBUG    Mem used:     94.40 %     |      14.77 GB
2026-05-22 20:16:14,868 kilosort.template_matching DEBUG    Mem avail:     0.88 / 15.65 GB
2026-05-22 20:16:14,868 kilosort.template_matching DEBUG    ------------------------------------------------------
2026-05-22 20:16:14,868 kilosort.template_matching DEBUG    GPU usage:    `conda install pynvml` for GPU usage
2026-05-22 20:16:14,868 kilosort.template_matching DEBUG    GPU memory:   100.00 %     |      4.00   /     4.00 GB
2026-05-22 20:16:14,868 kilosort.template_matching DEBUG    Allocated:     6.14 %     |      0.25   /     4.00 GB
2026-05-22 20:16:14,868 kilosort.template_matching DEBUG    Max alloc:    36.52 %     |      1.46   /     4.00 GB
2026-05-22 20:16:14,868 kilosort.template_matching DEBUG    ********************************************************
2026-05-22 20:16:14,912 kilosort.run_kilosort DEBUG    
2026-05-22 20:16:14,912 kilosort.run_kilosort DEBUG    --------------------
2026-05-22 20:16:14,912 kilosort.run_kilosort DEBUG    Process thread count: N/A (linux only)
2026-05-22 20:16:14,912 kilosort.run_kilosort DEBUG    num torch threads: 8
2026-05-22 20:16:14,912 kilosort.run_kilosort DEBUG    --------------------

2026-05-22 20:16:14,914 kilosort.run_kilosort INFO     462488 spikes extracted in 34.54s; total 704.61s
2026-05-22 20:16:14,914 kilosort.run_kilosort DEBUG    st shape: (462488, 3)
2026-05-22 20:16:14,914 kilosort.run_kilosort DEBUG    tF shape: torch.Size([462488, 10, 6])
2026-05-22 20:16:14,914 kilosort.run_kilosort DEBUG    iCC shape: torch.Size([10, 383])
2026-05-22 20:16:14,914 kilosort.run_kilosort DEBUG    iU shape: torch.Size([301])
2026-05-22 20:16:14,914 kilosort.run_kilosort DEBUG    

|===========================================================================|
|                  PyTorch CUDA memory summary, device ID 0                 |
|---------------------------------------------------------------------------|
|            CUDA OOMs: 0            |        cudaMalloc retries: 0         |
|===========================================================================|
|        Metric         | Cur Usage  | Peak Usage | Tot Alloc  | Tot Freed  |
|---------------------------------------------------------------------------|
| Allocated memory      |  29930 KiB |   1495 MiB |   5130 GiB |   5130 GiB |
|---------------------------------------------------------------------------|
| Active memory         |  29930 KiB |   1495 MiB |   5130 GiB |   5130 GiB |
|---------------------------------------------------------------------------|
| Requested memory      |  29911 KiB |   1494 MiB |   5119 GiB |   5119 GiB |
|---------------------------------------------------------------------------|
| GPU reserved memory   |   5244 MiB |   5244 MiB |   5244 MiB |      0 B   |
|---------------------------------------------------------------------------|
| Non-releasable memory |  94998 KiB | 676826 KiB |   5664 GiB |   5664 GiB |
|---------------------------------------------------------------------------|
| Allocations           |      72    |     104    |    1344 K  |    1344 K  |
|---------------------------------------------------------------------------|
| Active allocs         |      72    |     104    |    1344 K  |    1344 K  |
|---------------------------------------------------------------------------|
| GPU reserved segments |      23    |      23    |      23    |       0    |
|---------------------------------------------------------------------------|
| Non-releasable allocs |      14    |      24    |  588573    |  588559    |
|---------------------------------------------------------------------------|
| Oversize allocations  |       0    |       0    |       0    |       0    |
|---------------------------------------------------------------------------|
| Oversize GPU segments |       0    |       0    |       0    |       0    |
|===========================================================================|


2026-05-22 20:16:14,914 kilosort.run_kilosort INFO      
2026-05-22 20:16:14,914 kilosort.run_kilosort INFO     Resource usage after spike detect (learned)
2026-05-22 20:16:14,918 kilosort.run_kilosort INFO     ********************************************************
2026-05-22 20:16:14,918 kilosort.run_kilosort INFO     CPU usage:     0.00 %
2026-05-22 20:16:14,920 kilosort.run_kilosort INFO     Mem used:     94.70 %     |      14.82 GB
2026-05-22 20:16:14,921 kilosort.run_kilosort INFO     Mem avail:     0.83 / 15.65 GB
2026-05-22 20:16:14,921 kilosort.run_kilosort INFO     ------------------------------------------------------
2026-05-22 20:16:14,921 kilosort.run_kilosort INFO     GPU usage:    `conda install pynvml` for GPU usage
2026-05-22 20:16:14,921 kilosort.run_kilosort INFO     GPU memory:   100.00 %     |      4.00   /     4.00 GB
2026-05-22 20:16:14,923 kilosort.run_kilosort INFO     Allocated:     0.71 %     |      0.03   /     4.00 GB
2026-05-22 20:16:14,923 kilosort.run_kilosort INFO     Max alloc:    36.52 %     |      1.46   /     4.00 GB
2026-05-22 20:16:14,925 kilosort.run_kilosort INFO     ********************************************************
2026-05-22 20:16:14,928 kilosort.run_kilosort DEBUG    
2026-05-22 20:16:14,928 kilosort.run_kilosort DEBUG    --------------------
2026-05-22 20:16:14,928 kilosort.run_kilosort DEBUG    Process thread count: N/A (linux only)
2026-05-22 20:16:14,928 kilosort.run_kilosort DEBUG    num torch threads: 8
2026-05-22 20:16:14,928 kilosort.run_kilosort DEBUG    --------------------

2026-05-22 20:16:14,928 kilosort.run_kilosort INFO     Generating diagnostic plots ...
2026-05-22 20:16:16,060 kilosort.run_kilosort INFO      
2026-05-22 20:16:16,061 kilosort.run_kilosort INFO     Final clustering
2026-05-22 20:16:16,062 kilosort.run_kilosort INFO     ----------------------------------------
2026-05-22 20:16:16,112 kilosort.clustering_qr DEBUG    Center 0 | Xd shape: torch.Size([5186, 60]) | ntemp: 2
2026-05-22 20:16:16,539 kilosort.clustering_qr DEBUG    Center 1 | Xd shape: torch.Size([6178, 72]) | ntemp: 3
2026-05-22 20:16:21,904 kilosort.clustering_qr DEBUG    Center 2 | Xd shape: torch.Size([4852, 72]) | ntemp: 3
2026-05-22 20:16:22,385 kilosort.clustering_qr DEBUG    Center 3 | Xd shape: torch.Size([4276, 72]) | ntemp: 3
2026-05-22 20:16:22,711 kilosort.clustering_qr DEBUG    Center 4 | Xd shape: torch.Size([4144, 60]) | ntemp: 2
2026-05-22 20:16:23,134 kilosort.clustering_qr DEBUG    Center 5 | Xd shape: torch.Size([6063, 60]) | ntemp: 3
2026-05-22 20:16:23,566 kilosort.clustering_qr DEBUG    Center 6 | Xd shape: torch.Size([701, 60]) | ntemp: 1
2026-05-22 20:16:23,574 kilosort.clustering_qr DEBUG    Center 7 | Xd shape: torch.Size([1772, 72]) | ntemp: 2
2026-05-22 20:16:24,002 kilosort.clustering_qr DEBUG    Center 8 | Xd shape: torch.Size([3033, 72]) | ntemp: 3
2026-05-22 20:16:24,462 kilosort.clustering_qr DEBUG     
2026-05-22 20:16:24,462 kilosort.clustering_qr DEBUG    Cluster center: 9 (10/96)
2026-05-22 20:16:24,462 kilosort.clustering_qr DEBUG    ********************************************************
2026-05-22 20:16:24,462 kilosort.clustering_qr DEBUG    CPU usage:    32.40 %
2026-05-22 20:16:24,462 kilosort.clustering_qr DEBUG    Mem used:     94.20 %     |      14.75 GB
2026-05-22 20:16:24,462 kilosort.clustering_qr DEBUG    Mem avail:     0.90 / 15.65 GB
2026-05-22 20:16:24,462 kilosort.clustering_qr DEBUG    ------------------------------------------------------
2026-05-22 20:16:24,462 kilosort.clustering_qr DEBUG    GPU usage:    `conda install pynvml` for GPU usage
2026-05-22 20:16:24,462 kilosort.clustering_qr DEBUG    GPU memory:   100.00 %     |      4.00   /     4.00 GB
2026-05-22 20:16:24,462 kilosort.clustering_qr DEBUG    Allocated:     0.65 %     |      0.03   /     4.00 GB
2026-05-22 20:16:24,462 kilosort.clustering_qr DEBUG    Max alloc:     1.07 %     |      0.04   /     4.00 GB
2026-05-22 20:16:24,462 kilosort.clustering_qr DEBUG    ********************************************************
2026-05-22 20:16:24,470 kilosort.clustering_qr DEBUG    Center 9 | Xd shape: torch.Size([5899, 72]) | ntemp: 4
2026-05-22 20:16:24,958 kilosort.clustering_qr DEBUG    Center 10 | Xd shape: torch.Size([4279, 72]) | ntemp: 3
2026-05-22 20:16:25,371 kilosort.clustering_qr DEBUG    Center 11 | Xd shape: torch.Size([5705, 72]) | ntemp: 4
2026-05-22 20:16:25,754 kilosort.clustering_qr DEBUG    Center 12 | Xd shape: torch.Size([7330, 72]) | ntemp: 8
2026-05-22 20:16:26,191 kilosort.clustering_qr DEBUG    Center 13 | Xd shape: torch.Size([2795, 72]) | ntemp: 5
2026-05-22 20:16:26,494 kilosort.clustering_qr DEBUG    Center 14 | Xd shape: torch.Size([6114, 72]) | ntemp: 7
2026-05-22 20:16:26,851 kilosort.clustering_qr DEBUG    Center 15 | Xd shape: torch.Size([5552, 72]) | ntemp: 6
2026-05-22 20:16:27,270 kilosort.clustering_qr DEBUG    Center 16 | Xd shape: torch.Size([3942, 72]) | ntemp: 5
2026-05-22 20:16:27,628 kilosort.clustering_qr DEBUG    Center 17 | Xd shape: torch.Size([1355, 60]) | ntemp: 1
2026-05-22 20:16:28,001 kilosort.clustering_qr DEBUG    Center 18 | Xd shape: torch.Size([3906, 72]) | ntemp: 3
2026-05-22 20:16:28,333 kilosort.clustering_qr DEBUG     
2026-05-22 20:16:28,337 kilosort.clustering_qr DEBUG    Cluster center: 19 (20/96)
2026-05-22 20:16:28,337 kilosort.clustering_qr DEBUG    ********************************************************
2026-05-22 20:16:28,337 kilosort.clustering_qr DEBUG    CPU usage:    49.90 %
2026-05-22 20:16:28,337 kilosort.clustering_qr DEBUG    Mem used:     93.40 %     |      14.62 GB
2026-05-22 20:16:28,337 kilosort.clustering_qr DEBUG    Mem avail:     1.03 / 15.65 GB
2026-05-22 20:16:28,337 kilosort.clustering_qr DEBUG    ------------------------------------------------------
2026-05-22 20:16:28,337 kilosort.clustering_qr DEBUG    GPU usage:    `conda install pynvml` for GPU usage
2026-05-22 20:16:28,337 kilosort.clustering_qr DEBUG    GPU memory:   100.00 %     |      4.00   /     4.00 GB
2026-05-22 20:16:28,337 kilosort.clustering_qr DEBUG    Allocated:     0.65 %     |      0.03   /     4.00 GB
2026-05-22 20:16:28,337 kilosort.clustering_qr DEBUG    Max alloc:     1.15 %     |      0.05   /     4.00 GB
2026-05-22 20:16:28,337 kilosort.clustering_qr DEBUG    ********************************************************
2026-05-22 20:16:28,340 kilosort.clustering_qr DEBUG    Center 19 | Xd shape: torch.Size([973, 60]) | ntemp: 2
2026-05-22 20:16:28,341 kilosort.clustering_qr DEBUG    Center 20 | Xd shape: torch.Size([2560, 60]) | ntemp: 2
2026-05-22 20:16:28,668 kilosort.clustering_qr DEBUG    Center 21 | Xd shape: torch.Size([7245, 72]) | ntemp: 4
2026-05-22 20:16:29,050 kilosort.clustering_qr DEBUG    Center 22 | Xd shape: torch.Size([4493, 72]) | ntemp: 4
2026-05-22 20:16:29,392 kilosort.clustering_qr DEBUG    Center 23 | Xd shape: torch.Size([8434, 72]) | ntemp: 5
2026-05-22 20:16:29,814 kilosort.clustering_qr DEBUG    Center 24 | Xd shape: torch.Size([3472, 60]) | ntemp: 2
2026-05-22 20:16:30,154 kilosort.clustering_qr DEBUG    Center 25 | Xd shape: torch.Size([4731, 60]) | ntemp: 3
2026-05-22 20:16:30,493 kilosort.clustering_qr DEBUG    Center 26 | Xd shape: torch.Size([4352, 72]) | ntemp: 2
2026-05-22 20:16:30,860 kilosort.clustering_qr DEBUG    Center 27 | Xd shape: torch.Size([7252, 72]) | ntemp: 6
2026-05-22 20:16:31,351 kilosort.clustering_qr DEBUG    Center 28 | Xd shape: torch.Size([2791, 60]) | ntemp: 1
2026-05-22 20:16:31,753 kilosort.clustering_qr DEBUG     
2026-05-22 20:16:31,753 kilosort.clustering_qr DEBUG    Cluster center: 29 (30/96)
2026-05-22 20:16:31,753 kilosort.clustering_qr DEBUG    ********************************************************
2026-05-22 20:16:31,753 kilosort.clustering_qr DEBUG    CPU usage:    47.50 %
2026-05-22 20:16:31,753 kilosort.clustering_qr DEBUG    Mem used:     93.40 %     |      14.62 GB
2026-05-22 20:16:31,753 kilosort.clustering_qr DEBUG    Mem avail:     1.03 / 15.65 GB
2026-05-22 20:16:31,753 kilosort.clustering_qr DEBUG    ------------------------------------------------------
2026-05-22 20:16:31,753 kilosort.clustering_qr DEBUG    GPU usage:    `conda install pynvml` for GPU usage
2026-05-22 20:16:31,753 kilosort.clustering_qr DEBUG    GPU memory:   100.00 %     |      4.00   /     4.00 GB
2026-05-22 20:16:31,753 kilosort.clustering_qr DEBUG    Allocated:     0.65 %     |      0.03   /     4.00 GB
2026-05-22 20:16:31,753 kilosort.clustering_qr DEBUG    Max alloc:     1.22 %     |      0.05   /     4.00 GB
2026-05-22 20:16:31,753 kilosort.clustering_qr DEBUG    ********************************************************
2026-05-22 20:16:31,760 kilosort.clustering_qr DEBUG    Center 29 | Xd shape: torch.Size([6504, 72]) | ntemp: 3
2026-05-22 20:16:32,155 kilosort.clustering_qr DEBUG    Center 30 | Xd shape: torch.Size([4944, 72]) | ntemp: 5
2026-05-22 20:16:32,521 kilosort.clustering_qr DEBUG    Center 31 | Xd shape: torch.Size([3983, 60]) | ntemp: 2
2026-05-22 20:16:32,931 kilosort.clustering_qr DEBUG    Center 32 | Xd shape: torch.Size([8397, 72]) | ntemp: 5
2026-05-22 20:16:33,356 kilosort.clustering_qr DEBUG    Center 33 | Xd shape: torch.Size([4595, 60]) | ntemp: 4
2026-05-22 20:16:33,768 kilosort.clustering_qr DEBUG    Center 34 | Xd shape: torch.Size([4375, 72]) | ntemp: 4
2026-05-22 20:16:34,176 kilosort.clustering_qr DEBUG    Center 35 | Xd shape: torch.Size([6272, 72]) | ntemp: 3
2026-05-22 20:16:34,648 kilosort.clustering_qr DEBUG    Center 36 | Xd shape: torch.Size([4419, 72]) | ntemp: 3
2026-05-22 20:16:35,028 kilosort.clustering_qr DEBUG    Center 37 | Xd shape: torch.Size([5794, 72]) | ntemp: 6
2026-05-22 20:16:35,441 kilosort.clustering_qr DEBUG    Center 38 | Xd shape: torch.Size([2704, 60]) | ntemp: 2
2026-05-22 20:16:35,788 kilosort.clustering_qr DEBUG     
2026-05-22 20:16:35,788 kilosort.clustering_qr DEBUG    Cluster center: 39 (40/96)
2026-05-22 20:16:35,788 kilosort.clustering_qr DEBUG    ********************************************************
2026-05-22 20:16:35,788 kilosort.clustering_qr DEBUG    CPU usage:    47.70 %
2026-05-22 20:16:35,788 kilosort.clustering_qr DEBUG    Mem used:     93.40 %     |      14.61 GB
2026-05-22 20:16:35,788 kilosort.clustering_qr DEBUG    Mem avail:     1.04 / 15.65 GB
2026-05-22 20:16:35,788 kilosort.clustering_qr DEBUG    ------------------------------------------------------
2026-05-22 20:16:35,788 kilosort.clustering_qr DEBUG    GPU usage:    `conda install pynvml` for GPU usage
2026-05-22 20:16:35,788 kilosort.clustering_qr DEBUG    GPU memory:   100.00 %     |      4.00   /     4.00 GB
2026-05-22 20:16:35,788 kilosort.clustering_qr DEBUG    Allocated:     0.65 %     |      0.03   /     4.00 GB
2026-05-22 20:16:35,788 kilosort.clustering_qr DEBUG    Max alloc:     1.22 %     |      0.05   /     4.00 GB
2026-05-22 20:16:35,788 kilosort.clustering_qr DEBUG    ********************************************************
2026-05-22 20:16:35,791 kilosort.clustering_qr DEBUG    Center 39 | Xd shape: torch.Size([5439, 72]) | ntemp: 6
2026-05-22 20:16:36,204 kilosort.clustering_qr DEBUG    Center 40 | Xd shape: torch.Size([4412, 60]) | ntemp: 2
2026-05-22 20:16:36,601 kilosort.clustering_qr DEBUG    Center 41 | Xd shape: torch.Size([5416, 72]) | ntemp: 3
2026-05-22 20:16:36,966 kilosort.clustering_qr DEBUG    Center 42 | Xd shape: torch.Size([5459, 72]) | ntemp: 3
2026-05-22 20:16:37,321 kilosort.clustering_qr DEBUG    Center 43 | Xd shape: torch.Size([5183, 72]) | ntemp: 3
2026-05-22 20:16:37,708 kilosort.clustering_qr DEBUG    Center 44 | Xd shape: torch.Size([6139, 72]) | ntemp: 4
2026-05-22 20:16:38,140 kilosort.clustering_qr DEBUG    Center 45 | Xd shape: torch.Size([3167, 72]) | ntemp: 2
2026-05-22 20:16:38,565 kilosort.clustering_qr DEBUG    Center 46 | Xd shape: torch.Size([3711, 60]) | ntemp: 2
2026-05-22 20:16:38,938 kilosort.clustering_qr DEBUG    Center 47 | Xd shape: torch.Size([3494, 60]) | ntemp: 2
2026-05-22 20:16:39,272 kilosort.clustering_qr DEBUG    Center 48 | Xd shape: torch.Size([3704, 60]) | ntemp: 2
2026-05-22 20:16:39,673 kilosort.clustering_qr DEBUG     
2026-05-22 20:16:39,673 kilosort.clustering_qr DEBUG    Cluster center: 49 (50/96)
2026-05-22 20:16:39,673 kilosort.clustering_qr DEBUG    ********************************************************
2026-05-22 20:16:39,673 kilosort.clustering_qr DEBUG    CPU usage:    49.80 %
2026-05-22 20:16:39,673 kilosort.clustering_qr DEBUG    Mem used:     93.40 %     |      14.62 GB
2026-05-22 20:16:39,673 kilosort.clustering_qr DEBUG    Mem avail:     1.03 / 15.65 GB
2026-05-22 20:16:39,673 kilosort.clustering_qr DEBUG    ------------------------------------------------------
2026-05-22 20:16:39,673 kilosort.clustering_qr DEBUG    GPU usage:    `conda install pynvml` for GPU usage
2026-05-22 20:16:39,673 kilosort.clustering_qr DEBUG    GPU memory:   100.00 %     |      4.00   /     4.00 GB
2026-05-22 20:16:39,673 kilosort.clustering_qr DEBUG    Allocated:     0.65 %     |      0.03   /     4.00 GB
2026-05-22 20:16:39,673 kilosort.clustering_qr DEBUG    Max alloc:     1.22 %     |      0.05   /     4.00 GB
2026-05-22 20:16:39,673 kilosort.clustering_qr DEBUG    ********************************************************
2026-05-22 20:16:39,677 kilosort.clustering_qr DEBUG    Center 49 | Xd shape: torch.Size([3752, 60]) | ntemp: 2
2026-05-22 20:16:40,032 kilosort.clustering_qr DEBUG    Center 50 | Xd shape: torch.Size([4168, 60]) | ntemp: 2
2026-05-22 20:16:40,424 kilosort.clustering_qr DEBUG    Center 51 | Xd shape: torch.Size([3940, 60]) | ntemp: 2
2026-05-22 20:16:40,831 kilosort.clustering_qr DEBUG    Center 52 | Xd shape: torch.Size([5992, 60]) | ntemp: 3
2026-05-22 20:16:41,221 kilosort.clustering_qr DEBUG    Center 53 | Xd shape: torch.Size([4342, 60]) | ntemp: 2
2026-05-22 20:16:41,573 kilosort.clustering_qr DEBUG    Center 54 | Xd shape: torch.Size([4307, 72]) | ntemp: 2
2026-05-22 20:16:41,938 kilosort.clustering_qr DEBUG    Center 55 | Xd shape: torch.Size([3657, 72]) | ntemp: 2
2026-05-22 20:16:42,318 kilosort.clustering_qr DEBUG    Center 56 | Xd shape: torch.Size([5007, 72]) | ntemp: 3
2026-05-22 20:16:42,686 kilosort.clustering_qr DEBUG    Center 57 | Xd shape: torch.Size([4718, 72]) | ntemp: 3
2026-05-22 20:16:43,110 kilosort.clustering_qr DEBUG    Center 58 | Xd shape: torch.Size([5826, 72]) | ntemp: 3
2026-05-22 20:16:43,542 kilosort.clustering_qr DEBUG     
2026-05-22 20:16:43,542 kilosort.clustering_qr DEBUG    Cluster center: 59 (60/96)
2026-05-22 20:16:43,542 kilosort.clustering_qr DEBUG    ********************************************************
2026-05-22 20:16:43,542 kilosort.clustering_qr DEBUG    CPU usage:    48.20 %
2026-05-22 20:16:43,542 kilosort.clustering_qr DEBUG    Mem used:     92.60 %     |      14.49 GB
2026-05-22 20:16:43,542 kilosort.clustering_qr DEBUG    Mem avail:     1.16 / 15.65 GB
2026-05-22 20:16:43,542 kilosort.clustering_qr DEBUG    ------------------------------------------------------
2026-05-22 20:16:43,542 kilosort.clustering_qr DEBUG    GPU usage:    `conda install pynvml` for GPU usage
2026-05-22 20:16:43,542 kilosort.clustering_qr DEBUG    GPU memory:   100.00 %     |      4.00   /     4.00 GB
2026-05-22 20:16:43,542 kilosort.clustering_qr DEBUG    Allocated:     0.65 %     |      0.03   /     4.00 GB
2026-05-22 20:16:43,542 kilosort.clustering_qr DEBUG    Max alloc:     1.22 %     |      0.05   /     4.00 GB
2026-05-22 20:16:43,542 kilosort.clustering_qr DEBUG    ********************************************************
2026-05-22 20:16:43,548 kilosort.clustering_qr DEBUG    Center 59 | Xd shape: torch.Size([7615, 72]) | ntemp: 4
2026-05-22 20:16:43,993 kilosort.clustering_qr DEBUG    Center 60 | Xd shape: torch.Size([5879, 60]) | ntemp: 3
2026-05-22 20:16:44,325 kilosort.clustering_qr DEBUG    Center 61 | Xd shape: torch.Size([8534, 72]) | ntemp: 4
2026-05-22 20:16:44,773 kilosort.clustering_qr DEBUG    Center 62 | Xd shape: torch.Size([6540, 72]) | ntemp: 3
2026-05-22 20:16:45,134 kilosort.clustering_qr DEBUG    Center 63 | Xd shape: torch.Size([721, 60]) | ntemp: 1
2026-05-22 20:16:45,141 kilosort.clustering_qr DEBUG    Center 64 | Xd shape: torch.Size([4711, 72]) | ntemp: 3
2026-05-22 20:16:45,461 kilosort.clustering_qr DEBUG    Center 65 | Xd shape: torch.Size([7048, 72]) | ntemp: 4
2026-05-22 20:16:45,863 kilosort.clustering_qr DEBUG    Center 66 | Xd shape: torch.Size([3127, 60]) | ntemp: 1
2026-05-22 20:16:46,168 kilosort.clustering_qr DEBUG    Center 67 | Xd shape: torch.Size([4985, 60]) | ntemp: 2
2026-05-22 20:16:46,494 kilosort.clustering_qr DEBUG    Center 68 | Xd shape: torch.Size([1998, 60]) | ntemp: 2
2026-05-22 20:16:46,791 kilosort.clustering_qr DEBUG     
2026-05-22 20:16:46,791 kilosort.clustering_qr DEBUG    Cluster center: 69 (70/96)
2026-05-22 20:16:46,791 kilosort.clustering_qr DEBUG    ********************************************************
2026-05-22 20:16:46,791 kilosort.clustering_qr DEBUG    CPU usage:    48.20 %
2026-05-22 20:16:46,791 kilosort.clustering_qr DEBUG    Mem used:     92.60 %     |      14.49 GB
2026-05-22 20:16:46,791 kilosort.clustering_qr DEBUG    Mem avail:     1.15 / 15.65 GB
2026-05-22 20:16:46,791 kilosort.clustering_qr DEBUG    ------------------------------------------------------
2026-05-22 20:16:46,791 kilosort.clustering_qr DEBUG    GPU usage:    `conda install pynvml` for GPU usage
2026-05-22 20:16:46,791 kilosort.clustering_qr DEBUG    GPU memory:   100.00 %     |      4.00   /     4.00 GB
2026-05-22 20:16:46,791 kilosort.clustering_qr DEBUG    Allocated:     0.65 %     |      0.03   /     4.00 GB
2026-05-22 20:16:46,791 kilosort.clustering_qr DEBUG    Max alloc:     1.23 %     |      0.05   /     4.00 GB
2026-05-22 20:16:46,791 kilosort.clustering_qr DEBUG    ********************************************************
2026-05-22 20:16:46,796 kilosort.clustering_qr DEBUG    Center 69 | Xd shape: torch.Size([4086, 60]) | ntemp: 2
2026-05-22 20:16:47,100 kilosort.clustering_qr DEBUG    Center 70 | Xd shape: torch.Size([5010, 72]) | ntemp: 3
2026-05-22 20:16:47,458 kilosort.clustering_qr DEBUG    Center 71 | Xd shape: torch.Size([4371, 60]) | ntemp: 2
2026-05-22 20:16:47,763 kilosort.clustering_qr DEBUG    Center 72 | Xd shape: torch.Size([4700, 72]) | ntemp: 2
2026-05-22 20:16:48,091 kilosort.clustering_qr DEBUG    Center 73 | Xd shape: torch.Size([4902, 60]) | ntemp: 2
2026-05-22 20:16:48,431 kilosort.clustering_qr DEBUG    Center 74 | Xd shape: torch.Size([4016, 60]) | ntemp: 2
2026-05-22 20:16:48,743 kilosort.clustering_qr DEBUG    Center 75 | Xd shape: torch.Size([5275, 60]) | ntemp: 2
2026-05-22 20:16:49,130 kilosort.clustering_qr DEBUG    Center 76 | Xd shape: torch.Size([4465, 60]) | ntemp: 2
2026-05-22 20:16:49,484 kilosort.clustering_qr DEBUG    Center 77 | Xd shape: torch.Size([5177, 72]) | ntemp: 4
2026-05-22 20:16:49,828 kilosort.clustering_qr DEBUG    Center 78 | Xd shape: torch.Size([3812, 72]) | ntemp: 4
2026-05-22 20:16:50,172 kilosort.clustering_qr DEBUG     
2026-05-22 20:16:50,172 kilosort.clustering_qr DEBUG    Cluster center: 79 (80/96)
2026-05-22 20:16:50,172 kilosort.clustering_qr DEBUG    ********************************************************
2026-05-22 20:16:50,172 kilosort.clustering_qr DEBUG    CPU usage:    49.60 %
2026-05-22 20:16:50,172 kilosort.clustering_qr DEBUG    Mem used:     92.70 %     |      14.51 GB
2026-05-22 20:16:50,172 kilosort.clustering_qr DEBUG    Mem avail:     1.14 / 15.65 GB
2026-05-22 20:16:50,172 kilosort.clustering_qr DEBUG    ------------------------------------------------------
2026-05-22 20:16:50,172 kilosort.clustering_qr DEBUG    GPU usage:    `conda install pynvml` for GPU usage
2026-05-22 20:16:50,172 kilosort.clustering_qr DEBUG    GPU memory:   100.00 %     |      4.00   /     4.00 GB
2026-05-22 20:16:50,172 kilosort.clustering_qr DEBUG    Allocated:     0.65 %     |      0.03   /     4.00 GB
2026-05-22 20:16:50,172 kilosort.clustering_qr DEBUG    Max alloc:     1.23 %     |      0.05   /     4.00 GB
2026-05-22 20:16:50,172 kilosort.clustering_qr DEBUG    ********************************************************
2026-05-22 20:16:50,180 kilosort.clustering_qr DEBUG    Center 79 | Xd shape: torch.Size([5071, 60]) | ntemp: 4
2026-05-22 20:16:50,634 kilosort.clustering_qr DEBUG    Center 80 | Xd shape: torch.Size([11678, 72]) | ntemp: 6
2026-05-22 20:16:51,160 kilosort.clustering_qr DEBUG    Center 81 | Xd shape: torch.Size([4714, 60]) | ntemp: 2
2026-05-22 20:16:51,546 kilosort.clustering_qr DEBUG    Center 82 | Xd shape: torch.Size([10318, 72]) | ntemp: 5
2026-05-22 20:16:52,032 kilosort.clustering_qr DEBUG    Center 83 | Xd shape: torch.Size([5730, 60]) | ntemp: 3
2026-05-22 20:16:52,411 kilosort.clustering_qr DEBUG    Center 84 | Xd shape: torch.Size([2814, 72]) | ntemp: 3
2026-05-22 20:16:52,821 kilosort.clustering_qr DEBUG    Center 85 | Xd shape: torch.Size([2331, 72]) | ntemp: 2
2026-05-22 20:16:53,178 kilosort.clustering_qr DEBUG    Center 86 | Xd shape: torch.Size([7757, 72]) | ntemp: 7
2026-05-22 20:16:53,581 kilosort.clustering_qr DEBUG    Center 87 | Xd shape: torch.Size([2742, 72]) | ntemp: 3
2026-05-22 20:16:53,908 kilosort.clustering_qr DEBUG    Center 88 | Xd shape: torch.Size([2495, 60]) | ntemp: 1
2026-05-22 20:16:54,212 kilosort.clustering_qr DEBUG     
2026-05-22 20:16:54,212 kilosort.clustering_qr DEBUG    Cluster center: 89 (90/96)
2026-05-22 20:16:54,212 kilosort.clustering_qr DEBUG    ********************************************************
2026-05-22 20:16:54,212 kilosort.clustering_qr DEBUG    CPU usage:    46.30 %
2026-05-22 20:16:54,212 kilosort.clustering_qr DEBUG    Mem used:     92.90 %     |      14.53 GB
2026-05-22 20:16:54,212 kilosort.clustering_qr DEBUG    Mem avail:     1.12 / 15.65 GB
2026-05-22 20:16:54,212 kilosort.clustering_qr DEBUG    ------------------------------------------------------
2026-05-22 20:16:54,212 kilosort.clustering_qr DEBUG    GPU usage:    `conda install pynvml` for GPU usage
2026-05-22 20:16:54,212 kilosort.clustering_qr DEBUG    GPU memory:   100.00 %     |      4.00   /     4.00 GB
2026-05-22 20:16:54,212 kilosort.clustering_qr DEBUG    Allocated:     0.65 %     |      0.03   /     4.00 GB
2026-05-22 20:16:54,212 kilosort.clustering_qr DEBUG    Max alloc:     1.45 %     |      0.06   /     4.00 GB
2026-05-22 20:16:54,212 kilosort.clustering_qr DEBUG    ********************************************************
2026-05-22 20:16:54,218 kilosort.clustering_qr DEBUG    Center 89 | Xd shape: torch.Size([7427, 72]) | ntemp: 7
2026-05-22 20:16:54,635 kilosort.clustering_qr DEBUG    Center 90 | Xd shape: torch.Size([7521, 72]) | ntemp: 6
2026-05-22 20:16:55,053 kilosort.clustering_qr DEBUG    Center 91 | Xd shape: torch.Size([4082, 60]) | ntemp: 2
2026-05-22 20:16:55,382 kilosort.clustering_qr DEBUG    Center 92 | Xd shape: torch.Size([4234, 60]) | ntemp: 2
2026-05-22 20:16:55,706 kilosort.clustering_qr DEBUG    Center 93 | Xd shape: torch.Size([4033, 72]) | ntemp: 2
2026-05-22 20:16:56,011 kilosort.clustering_qr DEBUG    Center 94 | Xd shape: torch.Size([3789, 60]) | ntemp: 2
2026-05-22 20:16:56,358 kilosort.clustering_qr DEBUG    Center 95 | Xd shape: torch.Size([5575, 60]) | ntemp: 3
2026-05-22 20:16:56,734 kilosort.run_kilosort INFO     354 clusters found, in 40.67s; total 746.43s
2026-05-22 20:16:56,734 kilosort.run_kilosort DEBUG    clu shape: (462488,)
2026-05-22 20:16:56,734 kilosort.run_kilosort DEBUG    Wall shape: torch.Size([354, 383, 6])
2026-05-22 20:16:56,734 kilosort.run_kilosort DEBUG    
2026-05-22 20:16:56,734 kilosort.run_kilosort DEBUG    --------------------
2026-05-22 20:16:56,734 kilosort.run_kilosort DEBUG    Process thread count: N/A (linux only)
2026-05-22 20:16:56,734 kilosort.run_kilosort DEBUG    num torch threads: 8
2026-05-22 20:16:56,734 kilosort.run_kilosort DEBUG    --------------------

2026-05-22 20:16:56,734 kilosort.run_kilosort INFO      
2026-05-22 20:16:56,734 kilosort.run_kilosort INFO     Merging clusters
2026-05-22 20:16:56,734 kilosort.run_kilosort INFO     ----------------------------------------
2026-05-22 20:16:57,118 kilosort.run_kilosort INFO     353 units found, in 0.38s; total 746.81s
2026-05-22 20:16:57,118 kilosort.run_kilosort DEBUG    clu shape: (462488,)
2026-05-22 20:16:57,118 kilosort.run_kilosort DEBUG    Wall shape: torch.Size([353, 383, 6])
2026-05-22 20:16:57,119 kilosort.run_kilosort DEBUG    

|===========================================================================|
|                  PyTorch CUDA memory summary, device ID 0                 |
|---------------------------------------------------------------------------|
|            CUDA OOMs: 0            |        cudaMalloc retries: 0         |
|===========================================================================|
|        Metric         | Cur Usage  | Peak Usage | Tot Alloc  | Tot Freed  |
|---------------------------------------------------------------------------|
| Allocated memory      |  27228 KiB |  60916 KiB |   5673 GiB |   5673 GiB |
|---------------------------------------------------------------------------|
| Active memory         |  27228 KiB |  60916 KiB |   5673 GiB |   5673 GiB |
|---------------------------------------------------------------------------|
| Requested memory      |  27209 KiB |  60396 KiB |   5647 GiB |   5647 GiB |
|---------------------------------------------------------------------------|
| GPU reserved memory   |   5244 MiB |   5244 MiB |   5244 MiB |      0 B   |
|---------------------------------------------------------------------------|
| Non-releasable memory |   7588 KiB |  96319 KiB |   9436 GiB |   9436 GiB |
|---------------------------------------------------------------------------|
| Allocations           |      71    |      96    |    2521 K  |    2521 K  |
|---------------------------------------------------------------------------|
| Active allocs         |      71    |      96    |    2521 K  |    2521 K  |
|---------------------------------------------------------------------------|
| GPU reserved segments |      23    |      23    |      23    |       0    |
|---------------------------------------------------------------------------|
| Non-releasable allocs |      13    |      21    |    1172 K  |    1172 K  |
|---------------------------------------------------------------------------|
| Oversize allocations  |       0    |       0    |       0    |       0    |
|---------------------------------------------------------------------------|
| Oversize GPU segments |       0    |       0    |       0    |       0    |
|===========================================================================|


2026-05-22 20:16:57,120 kilosort.run_kilosort INFO      
2026-05-22 20:16:57,121 kilosort.run_kilosort INFO     Resource usage after clustering
2026-05-22 20:16:57,121 kilosort.run_kilosort INFO     ********************************************************
2026-05-22 20:16:57,122 kilosort.run_kilosort INFO     CPU usage:     0.00 %
2026-05-22 20:16:57,122 kilosort.run_kilosort INFO     Mem used:     93.30 %     |      14.60 GB
2026-05-22 20:16:57,122 kilosort.run_kilosort INFO     Mem avail:     1.04 / 15.65 GB
2026-05-22 20:16:57,122 kilosort.run_kilosort INFO     ------------------------------------------------------
2026-05-22 20:16:57,122 kilosort.run_kilosort INFO     GPU usage:    `conda install pynvml` for GPU usage
2026-05-22 20:16:57,122 kilosort.run_kilosort INFO     GPU memory:   100.00 %     |      4.00   /     4.00 GB
2026-05-22 20:16:57,126 kilosort.run_kilosort INFO     Allocated:     0.65 %     |      0.03   /     4.00 GB
2026-05-22 20:16:57,126 kilosort.run_kilosort INFO     Max alloc:     1.45 %     |      0.06   /     4.00 GB
2026-05-22 20:16:57,126 kilosort.run_kilosort INFO     ********************************************************
2026-05-22 20:16:57,128 kilosort.run_kilosort DEBUG    
2026-05-22 20:16:57,128 kilosort.run_kilosort DEBUG    --------------------
2026-05-22 20:16:57,128 kilosort.run_kilosort DEBUG    Process thread count: N/A (linux only)
2026-05-22 20:16:57,128 kilosort.run_kilosort DEBUG    num torch threads: 8
2026-05-22 20:16:57,128 kilosort.run_kilosort DEBUG    --------------------

2026-05-22 20:16:57,128 kilosort.run_kilosort INFO      
2026-05-22 20:16:57,128 kilosort.run_kilosort INFO     Saving to phy and computing refractory periods
2026-05-22 20:16:57,130 kilosort.run_kilosort INFO     ----------------------------------------
2026-05-22 20:16:57,148 kilosort.io  DEBUG     
2026-05-22 20:16:57,148 kilosort.io  DEBUG    save_to_phy, whitening
2026-05-22 20:16:57,148 kilosort.io  DEBUG    ********************************************************
2026-05-22 20:16:57,148 kilosort.io  DEBUG    CPU usage:    20.00 %
2026-05-22 20:16:57,148 kilosort.io  DEBUG    Mem used:     93.30 %     |      14.60 GB
2026-05-22 20:16:57,148 kilosort.io  DEBUG    Mem avail:     1.05 / 15.65 GB
2026-05-22 20:16:57,148 kilosort.io  DEBUG    ------------------------------------------------------
2026-05-22 20:16:57,148 kilosort.io  DEBUG    GPU usage:    `conda install pynvml` for GPU usage
2026-05-22 20:16:57,148 kilosort.io  DEBUG    GPU memory:   100.00 %     |      4.00   /     4.00 GB
2026-05-22 20:16:57,148 kilosort.io  DEBUG    Allocated:     0.66 %     |      0.03   /     4.00 GB
2026-05-22 20:16:57,148 kilosort.io  DEBUG    Max alloc:     0.70 %     |      0.03   /     4.00 GB
2026-05-22 20:16:57,148 kilosort.io  DEBUG    ********************************************************
2026-05-22 20:16:57,228 kilosort.io  DEBUG     
2026-05-22 20:16:57,228 kilosort.io  DEBUG    save_to_phy, spike positions
2026-05-22 20:16:57,228 kilosort.io  DEBUG    ********************************************************
2026-05-22 20:16:57,228 kilosort.io  DEBUG    CPU usage:    45.70 %
2026-05-22 20:16:57,228 kilosort.io  DEBUG    Mem used:     93.40 %     |      14.61 GB
2026-05-22 20:16:57,228 kilosort.io  DEBUG    Mem avail:     1.03 / 15.65 GB
2026-05-22 20:16:57,228 kilosort.io  DEBUG    ------------------------------------------------------
2026-05-22 20:16:57,228 kilosort.io  DEBUG    GPU usage:    `conda install pynvml` for GPU usage
2026-05-22 20:16:57,228 kilosort.io  DEBUG    GPU memory:   100.00 %     |      4.00   /     4.00 GB
2026-05-22 20:16:57,228 kilosort.io  DEBUG    Allocated:     0.66 %     |      0.03   /     4.00 GB
2026-05-22 20:16:57,228 kilosort.io  DEBUG    Max alloc:     0.66 %     |      0.03   /     4.00 GB
2026-05-22 20:16:57,228 kilosort.io  DEBUG    ********************************************************
2026-05-22 20:16:57,281 kilosort.io  DEBUG     
2026-05-22 20:16:57,281 kilosort.io  DEBUG    save_to_phy, remove duplicates
2026-05-22 20:16:57,281 kilosort.io  DEBUG    ********************************************************
2026-05-22 20:16:57,281 kilosort.io  DEBUG    CPU usage:    16.20 %
2026-05-22 20:16:57,281 kilosort.io  DEBUG    Mem used:     93.50 %     |      14.64 GB
2026-05-22 20:16:57,281 kilosort.io  DEBUG    Mem avail:     1.01 / 15.65 GB
2026-05-22 20:16:57,281 kilosort.io  DEBUG    ------------------------------------------------------
2026-05-22 20:16:57,281 kilosort.io  DEBUG    GPU usage:    `conda install pynvml` for GPU usage
2026-05-22 20:16:57,281 kilosort.io  DEBUG    GPU memory:   100.00 %     |      4.00   /     4.00 GB
2026-05-22 20:16:57,281 kilosort.io  DEBUG    Allocated:     0.66 %     |      0.03   /     4.00 GB
2026-05-22 20:16:57,281 kilosort.io  DEBUG    Max alloc:     0.66 %     |      0.03   /     4.00 GB
2026-05-22 20:16:57,281 kilosort.io  DEBUG    ********************************************************
2026-05-22 20:16:57,761 kilosort.io  DEBUG     
2026-05-22 20:16:57,761 kilosort.io  DEBUG    save_to_phy, template props
2026-05-22 20:16:57,761 kilosort.io  DEBUG    ********************************************************
2026-05-22 20:16:57,761 kilosort.io  DEBUG    CPU usage:    35.30 %
2026-05-22 20:16:57,761 kilosort.io  DEBUG    Mem used:     94.40 %     |      14.77 GB
2026-05-22 20:16:57,761 kilosort.io  DEBUG    Mem avail:     0.88 / 15.65 GB
2026-05-22 20:16:57,761 kilosort.io  DEBUG    ------------------------------------------------------
2026-05-22 20:16:57,761 kilosort.io  DEBUG    GPU usage:    `conda install pynvml` for GPU usage
2026-05-22 20:16:57,761 kilosort.io  DEBUG    GPU memory:   100.00 %     |      4.00   /     4.00 GB
2026-05-22 20:16:57,761 kilosort.io  DEBUG    Allocated:     0.66 %     |      0.03   /     4.00 GB
2026-05-22 20:16:57,761 kilosort.io  DEBUG    Max alloc:     0.66 %     |      0.03   /     4.00 GB
2026-05-22 20:16:57,761 kilosort.io  DEBUG    ********************************************************
2026-05-22 20:17:00,220 kilosort.io  DEBUG     
2026-05-22 20:17:00,220 kilosort.io  DEBUG    save_to_phy, pc features
2026-05-22 20:17:00,220 kilosort.io  DEBUG    ********************************************************
2026-05-22 20:17:00,220 kilosort.io  DEBUG    CPU usage:    25.60 %
2026-05-22 20:17:00,220 kilosort.io  DEBUG    Mem used:     94.50 %     |      14.79 GB
2026-05-22 20:17:00,220 kilosort.io  DEBUG    Mem avail:     0.86 / 15.65 GB
2026-05-22 20:17:00,221 kilosort.io  DEBUG    ------------------------------------------------------
2026-05-22 20:17:00,221 kilosort.io  DEBUG    GPU usage:    `conda install pynvml` for GPU usage
2026-05-22 20:17:00,221 kilosort.io  DEBUG    GPU memory:   100.00 %     |      4.00   /     4.00 GB
2026-05-22 20:17:00,221 kilosort.io  DEBUG    Allocated:     0.66 %     |      0.03   /     4.00 GB
2026-05-22 20:17:00,221 kilosort.io  DEBUG    Max alloc:     0.67 %     |      0.03   /     4.00 GB
2026-05-22 20:17:00,221 kilosort.io  DEBUG    ********************************************************
2026-05-22 20:17:00,380 kilosort.io  DEBUG     
2026-05-22 20:17:00,380 kilosort.io  DEBUG    save_to_phy, est contam
2026-05-22 20:17:00,380 kilosort.io  DEBUG    ********************************************************
2026-05-22 20:17:00,380 kilosort.io  DEBUG    CPU usage:    15.10 %
2026-05-22 20:17:00,380 kilosort.io  DEBUG    Mem used:     94.50 %     |      14.79 GB
2026-05-22 20:17:00,381 kilosort.io  DEBUG    Mem avail:     0.86 / 15.65 GB
2026-05-22 20:17:00,381 kilosort.io  DEBUG    ------------------------------------------------------
2026-05-22 20:17:00,381 kilosort.io  DEBUG    GPU usage:    `conda install pynvml` for GPU usage
2026-05-22 20:17:00,381 kilosort.io  DEBUG    GPU memory:   100.00 %     |      4.00   /     4.00 GB
2026-05-22 20:17:00,381 kilosort.io  DEBUG    Allocated:     0.66 %     |      0.03   /     4.00 GB
2026-05-22 20:17:00,381 kilosort.io  DEBUG    Max alloc:     0.66 %     |      0.03   /     4.00 GB
2026-05-22 20:17:00,381 kilosort.io  DEBUG    ********************************************************
2026-05-22 20:17:00,408 kilosort.run_kilosort INFO     96 units found with good refractory periods
2026-05-22 20:17:00,419 kilosort.run_kilosort INFO     Exporting to Phy took: 3.29s
2026-05-22 20:17:00,421 kilosort.run_kilosort INFO     Total runtime: 750.11s = 00:12:30 h:m:s
2026-05-22 20:17:00,428 kilosort.run_kilosort INFO     Sorting output saved in: F:\ACADEMIC\ks_fixed_template_ratio_0.10.
2026-05-22 20:17:00,429 kilosort.run_kilosort DEBUG    

|===========================================================================|
|                  PyTorch CUDA memory summary, device ID 0                 |
|---------------------------------------------------------------------------|
|            CUDA OOMs: 0            |        cudaMalloc retries: 0         |
|===========================================================================|
|        Metric         | Cur Usage  | Peak Usage | Tot Alloc  | Tot Freed  |
|---------------------------------------------------------------------------|
| Allocated memory      |  27228 KiB |  27801 KiB |   5673 GiB |   5673 GiB |
|---------------------------------------------------------------------------|
| Active memory         |  27228 KiB |  27801 KiB |   5673 GiB |   5673 GiB |
|---------------------------------------------------------------------------|
| Requested memory      |  27209 KiB |  27782 KiB |   5647 GiB |   5647 GiB |
|---------------------------------------------------------------------------|
| GPU reserved memory   |   5244 MiB |   5244 MiB |   5244 MiB |      0 B   |
|---------------------------------------------------------------------------|
| Non-releasable memory |   7588 KiB |   7588 KiB |   9437 GiB |   9436 GiB |
|---------------------------------------------------------------------------|
| Allocations           |      71    |      72    |    2527 K  |    2527 K  |
|---------------------------------------------------------------------------|
| Active allocs         |      71    |      72    |    2527 K  |    2527 K  |
|---------------------------------------------------------------------------|
| GPU reserved segments |      23    |      23    |      23    |       0    |
|---------------------------------------------------------------------------|
| Non-releasable allocs |      13    |      13    |    1175 K  |    1175 K  |
|---------------------------------------------------------------------------|
| Oversize allocations  |       0    |       0    |       0    |       0    |
|---------------------------------------------------------------------------|
| Oversize GPU segments |       0    |       0    |       0    |       0    |
|===========================================================================|


2026-05-22 20:17:00,429 kilosort.run_kilosort INFO      
2026-05-22 20:17:00,430 kilosort.run_kilosort INFO     Resource usage after saving
2026-05-22 20:17:00,430 kilosort.run_kilosort INFO     ********************************************************
2026-05-22 20:17:00,431 kilosort.run_kilosort INFO     CPU usage:    33.30 %
2026-05-22 20:17:00,431 kilosort.run_kilosort INFO     Mem used:     94.40 %     |      14.78 GB
2026-05-22 20:17:00,431 kilosort.run_kilosort INFO     Mem avail:     0.87 / 15.65 GB
2026-05-22 20:17:00,433 kilosort.run_kilosort INFO     ------------------------------------------------------
2026-05-22 20:17:00,433 kilosort.run_kilosort INFO     GPU usage:    `conda install pynvml` for GPU usage
2026-05-22 20:17:00,433 kilosort.run_kilosort INFO     GPU memory:   100.00 %     |      4.00   /     4.00 GB
2026-05-22 20:17:00,433 kilosort.run_kilosort INFO     Allocated:     0.65 %     |      0.03   /     4.00 GB
2026-05-22 20:17:00,433 kilosort.run_kilosort INFO     Max alloc:     0.66 %     |      0.03   /     4.00 GB
2026-05-22 20:17:00,433 kilosort.run_kilosort INFO     ********************************************************
2026-05-22 20:17:00,433 kilosort.run_kilosort DEBUG    
2026-05-22 20:17:00,433 kilosort.run_kilosort DEBUG    --------------------
2026-05-22 20:17:00,433 kilosort.run_kilosort DEBUG    Process thread count: N/A (linux only)
2026-05-22 20:17:00,433 kilosort.run_kilosort DEBUG    num torch threads: 8
2026-05-22 20:17:00,433 kilosort.run_kilosort DEBUG    --------------------

2026-05-22 20:17:00,433 kilosort.run_kilosort INFO     Generating spike position plot ...
2026-05-22 20:17:09,508 kilosort.run_kilosort INFO     Sorting finished.
2026-05-22 20:17:09,508 kilosort.run_kilosort INFO      
2026-05-22 20:17:09,508 kilosort.run_kilosort INFO     ********************************************************
2026-05-22 20:17:09,510 kilosort.run_kilosort INFO     Sorting summary
2026-05-22 20:17:09,511 kilosort.run_kilosort INFO     --------------------------------------------------------
2026-05-22 20:17:09,511 kilosort.run_kilosort INFO     Total number of units:                              353
2026-05-22 20:17:09,511 kilosort.run_kilosort INFO     Number of good units:                                96
2026-05-22 20:17:09,511 kilosort.run_kilosort INFO     Number of spikes                                 461595
2026-05-22 20:17:09,513 kilosort.run_kilosort INFO     Mean abs. drift                                  0.1 um
2026-05-22 20:17:09,513 kilosort.run_kilosort INFO     Total runtime                                   750.11s
2026-05-22 20:17:09,513 kilosort.run_kilosort INFO      
2026-05-22 20:17:09,515 kilosort.run_kilosort INFO     Runtime by step
2026-05-22 20:17:09,515 kilosort.run_kilosort INFO     --------------------------------------------------------
2026-05-22 20:17:09,515 kilosort.run_kilosort INFO     preprocessing:                          3.4s   (0.45) %
2026-05-22 20:17:09,515 kilosort.run_kilosort INFO     drift corr:                           307.3s  (40.97) %
2026-05-22 20:17:09,515 kilosort.run_kilosort INFO     spike det. (univ):                    302.5s  (40.33) %
2026-05-22 20:17:09,515 kilosort.run_kilosort INFO     cluster (temp):                        36.1s   (4.82) %
2026-05-22 20:17:09,515 kilosort.run_kilosort INFO     spike det. (learn):                    34.5s   (4.60) %
2026-05-22 20:17:09,515 kilosort.run_kilosort INFO     cluster (final):                       40.7s   (5.42) %
2026-05-22 20:17:09,515 kilosort.run_kilosort INFO     cluster merge:                          0.4s   (0.05) %
2026-05-22 20:17:09,515 kilosort.run_kilosort INFO     postprocessing:                         3.3s   (0.44) %
2026-05-22 20:17:09,515 kilosort.run_kilosort INFO      
2026-05-22 20:17:09,521 kilosort.run_kilosort INFO     Memory usage by step
2026-05-22 20:17:09,521 kilosort.run_kilosort INFO     --------------------------------------------------------
2026-05-22 20:17:09,521 kilosort.run_kilosort INFO     preprocessing:         sys    13.5 GB  |  gpu    1.2 GB
2026-05-22 20:17:09,521 kilosort.run_kilosort INFO     drift corr:            sys    14.0 GB  |  gpu    3.3 GB
2026-05-22 20:17:09,521 kilosort.run_kilosort INFO     spike det. (univ):     sys    14.4 GB  |  gpu    3.3 GB
2026-05-22 20:17:09,521 kilosort.run_kilosort INFO     cluster (temp):        sys    14.6 GB  |  gpu    0.4 GB
2026-05-22 20:17:09,521 kilosort.run_kilosort INFO     spike det. (learn):    sys    14.8 GB  |  gpu    1.5 GB
2026-05-22 20:17:09,521 kilosort.run_kilosort INFO     cluster (final):       sys    14.5 GB  |  gpu    0.1 GB
2026-05-22 20:17:09,525 kilosort.run_kilosort INFO     cluster merge:         sys    14.6 GB  |  gpu    0.1 GB
2026-05-22 20:17:09,525 kilosort.run_kilosort INFO     postprocessing:        sys    14.8 GB  |  gpu    0.0 GB
2026-05-22 20:17:09,525 kilosort.run_kilosort INFO     ********************************************************
