2026-07-19 08:50:52,654 kilosort.run_kilosort INFO     Kilosort version 4.1.7
2026-07-19 08:50:52,654 kilosort.run_kilosort INFO     Python version 3.11.15
2026-07-19 08:50:52,654 kilosort.run_kilosort INFO     ----------------------------------------
2026-07-19 08:50:52,654 kilosort.run_kilosort INFO     System information:
2026-07-19 08:50:52,692 kilosort.run_kilosort INFO     Windows-10-10.0.26200-SP0 AMD64
2026-07-19 08:50:52,692 kilosort.run_kilosort INFO     Intel64 Family 6 Model 186 Stepping 2, GenuineIntel
2026-07-19 08:50:52,955 kilosort.run_kilosort INFO     Using GPU for PyTorch computations. Specify `device` to change this.
2026-07-19 08:50:52,992 kilosort.run_kilosort INFO     Using CUDA device: NVIDIA GeForce RTX 2050 4.00GB
2026-07-19 08:50:52,992 kilosort.run_kilosort INFO     ----------------------------------------
2026-07-19 08:50:52,992 kilosort.run_kilosort INFO     Sorting [WindowsPath('G:/academic/week8_partial_dct_kilosort_runs/8ca740c5_probe00_partial_20260712_222836/ratio_1.00/8ca740c5_probe00_partial_20260712_222836_ratio_1.00_dctwin_600samp_preprocessed_int16.bin')]
2026-07-19 08:50:52,992 kilosort.run_kilosort INFO     Skipping common average reference.
2026-07-19 08:50:52,992 kilosort.run_kilosort INFO     clear_cache=True
2026-07-19 08:50:52,992 kilosort.run_kilosort DEBUG    Initial ops:

ops = {
    'n_chan_bin': 385,
    'fs': 30000.0,
    'batch_size': 60000,
    'nblocks': 1,
    'Th_universal': 9,
    'Th_learned': 8,
    'tmin': 0,
    'tmax': inf,
    'nt': 61,
    'shift': None,
    'scale': None,
    'batch_downsampling': 1,
    'artifact_threshold': inf,
    'nskip': 25,
    'whitening_range': 32,
    'highpass_cutoff': 300,
    'binning_depth': 5,
    'sig_interp': 20,
    'drift_smoothing': [0.5, 0.5, 0.5],
    'nt0min': 20,
    'dmin': None,
    'dminx': 32,
    'min_template_size': 10,
    'template_sizes': 5,
    'nearest_chans': 25,
    'nearest_templates': 100,
    'max_channel_distance': 32,
    'max_peels': 100,
    'templates_from_data': True,
    'n_templates': 6,
    'n_pcs': 3,
    'Th_single_ch': 6,
    'acg_threshold': 0.2,
    'ccg_threshold': 0.25,
    'cluster_neighbors': 10,
    'cluster_downsampling': 20,
    'max_cluster_subset': 25000,
    'x_centers': None,
    'cluster_init_seed': 5,
    'duplicate_spike_ms': 0.25,
    'position_limit': 100,
    'filename': [   WindowsPath('G:/academic/week8_partial_dct_kilosort_runs/8ca740c5_probe00_partial_20260712_222836/ratio_1.00/8ca740c5_probe00_partial_20260712_222836_ratio_1.00_dctwin_600samp_preprocessed_int16.bin')],
    'data_dir': WindowsPath('G:/academic/week8_partial_dct_kilosort_runs/8ca740c5_probe00_partial_20260712_222836/ratio_1.00'),
    'data_dtype': 'int16',
    'do_CAR': False,
    'invert_sign': False,
    'NTbuff': 60122,
    'Nchan': 383,
    'duplicate_spike_bins': 7,
    'torch_device': 'cuda',
    'save_preprocessed_copy': False
}

2026-07-19 08:50:53,066 kilosort.run_kilosort DEBUG    Probe dictionary:

probe = {
    'xc': np.array([43., 11., 59., 27., 43., 11., 59., 27., 43., 11., 59., 27., 43.,
       11., 59., 27., 43., 11., 59., 27., 43., 11., 59., 27., 43., 11.,
       59., 27., 43., 11., 59., 27., 43., 11., 59., 27., 43., 11., 59.,
       27., 43., 11., 59., 27., 43., 11., 59., 27., 43., 11., 59., 27.,
       43., 11., 59., 27., 43., 11., 59., 27., 43., 11., 59., 27., 43.,
       11., 59., 27., 43., 11., 59., 27., 43., 11., 59., 27., 43., 11.,
       59., 27., 43., 11., 59., 27., 43., 11., 59., 27., 43., 11., 59.,
       27., 43., 11., 59., 27., 43., 11., 59., 27., 43., 11., 59., 27.,
       43., 11., 59., 27., 43., 11., 59., 27., 43., 11., 59., 27., 43.,
       11., 59., 27., 43., 11., 59., 27., 43., 11., 59., 27., 43., 11.,
       59., 27., 43., 11., 59., 27., 43., 11., 59., 27., 43., 11., 59.,
       27., 43., 11., 59., 27., 43., 11., 59., 27., 43., 11., 59., 27.,
       43., 11., 59., 27., 43., 11., 59., 27., 43., 11., 59., 27., 43.,
       11., 59., 27., 43., 11., 59., 27., 43., 11., 59., 27., 43., 11.,
       59., 27., 43., 11., 59., 27., 43., 11., 59., 43., 11., 59., 27.,
       43., 11., 59., 27., 43., 11., 59., 27., 43., 11., 59., 27., 43.,
       11., 59., 27., 43., 11., 59., 27., 43., 11., 59., 27., 43., 11.,
       59., 27., 43., 11., 59., 27., 43., 11., 59., 27., 43., 11., 59.,
       27., 43., 11., 59., 27., 43., 11., 59., 27., 43., 11., 59., 27.,
       43., 11., 59., 27., 43., 11., 59., 27., 43., 11., 59., 27., 43.,
       11., 59., 27., 43., 11., 59., 27., 43., 11., 59., 27., 43., 11.,
       59., 27., 43., 11., 59., 27., 43., 11., 59., 27., 43., 11., 59.,
       27., 43., 11., 59., 27., 43., 11., 59., 27., 43., 11., 59., 27.,
       43., 11., 59., 27., 43., 11., 59., 27., 43., 11., 59., 27., 43.,
       11., 59., 27., 43., 11., 59., 27., 43., 11., 59., 27., 43., 11.,
       59., 27., 43., 11., 59., 27., 43., 11., 59., 27., 43., 11., 59.,
       27., 43., 11., 59., 27., 43., 11., 59., 27., 43., 11., 59., 27.,
       43., 11., 59., 27., 43., 11., 59., 27., 43., 11., 59., 27., 43.,
       11., 59., 27., 43., 11., 59., 27., 43., 11., 59., 27., 43., 11.,
       59., 27., 43., 11., 59., 27.], dtype=np.float32),
    'yc': np.array([  20.,   20.,   40.,   40.,   60.,   60.,   80.,   80.,  100.,
        100.,  120.,  120.,  140.,  140.,  160.,  160.,  180.,  180.,
        200.,  200.,  220.,  220.,  240.,  240.,  260.,  260.,  280.,
        280.,  300.,  300.,  320.,  320.,  340.,  340.,  360.,  360.,
        380.,  380.,  400.,  400.,  420.,  420.,  440.,  440.,  460.,
        460.,  480.,  480.,  500.,  500.,  520.,  520.,  540.,  540.,
        560.,  560.,  580.,  580.,  600.,  600.,  620.,  620.,  640.,
        640.,  660.,  660.,  680.,  680.,  700.,  700.,  720.,  720.,
        740.,  740.,  760.,  760.,  780.,  780.,  800.,  800.,  820.,
        820.,  840.,  840.,  860.,  860.,  880.,  880.,  900.,  900.,
        920.,  920.,  940.,  940.,  960.,  960.,  980.,  980., 1000.,
       1000., 1020., 1020., 1040., 1040., 1060., 1060., 1080., 1080.,
       1100., 1100., 1120., 1120., 1140., 1140., 1160., 1160., 1180.,
       1180., 1200., 1200., 1220., 1220., 1240., 1240., 1260., 1260.,
       1280., 1280., 1300., 1300., 1320., 1320., 1340., 1340., 1360.,
       1360., 1380., 1380., 1400., 1400., 1420., 1420., 1440., 1440.,
       1460., 1460., 1480., 1480., 1500., 1500., 1520., 1520., 1540.,
       1540., 1560., 1560., 1580., 1580., 1600., 1600., 1620., 1620.,
       1640., 1640., 1660., 1660., 1680., 1680., 1700., 1700., 1720.,
       1720., 1740., 1740., 1760., 1760., 1780., 1780., 1800., 1800.,
       1820., 1820., 1840., 1840., 1860., 1860., 1880., 1880., 1900.,
       1900., 1920., 1940., 1940., 1960., 1960., 1980., 1980., 2000.,
       2000., 2020., 2020., 2040., 2040., 2060., 2060., 2080., 2080.,
       2100., 2100., 2120., 2120., 2140., 2140., 2160., 2160., 2180.,
       2180., 2200., 2200., 2220., 2220., 2240., 2240., 2260., 2260.,
       2280., 2280., 2300., 2300., 2320., 2320., 2340., 2340., 2360.,
       2360., 2380., 2380., 2400., 2400., 2420., 2420., 2440., 2440.,
       2460., 2460., 2480., 2480., 2500., 2500., 2520., 2520., 2540.,
       2540., 2560., 2560., 2580., 2580., 2600., 2600., 2620., 2620.,
       2640., 2640., 2660., 2660., 2680., 2680., 2700., 2700., 2720.,
       2720., 2740., 2740., 2760., 2760., 2780., 2780., 2800., 2800.,
       2820., 2820., 2840., 2840., 2860., 2860., 2880., 2880., 2900.,
       2900., 2920., 2920., 2940., 2940., 2960., 2960., 2980., 2980.,
       3000., 3000., 3020., 3020., 3040., 3040., 3060., 3060., 3080.,
       3080., 3100., 3100., 3120., 3120., 3140., 3140., 3160., 3160.,
       3180., 3180., 3200., 3200., 3220., 3220., 3240., 3240., 3260.,
       3260., 3280., 3280., 3300., 3300., 3320., 3320., 3340., 3340.,
       3360., 3360., 3380., 3380., 3400., 3400., 3420., 3420., 3440.,
       3440., 3460., 3460., 3480., 3480., 3500., 3500., 3520., 3520.,
       3540., 3540., 3560., 3560., 3580., 3580., 3600., 3600., 3620.,
       3620., 3640., 3640., 3660., 3660., 3680., 3680., 3700., 3700.,
       3720., 3720., 3740., 3740., 3760., 3760., 3780., 3780., 3800.,
       3800., 3820., 3820., 3840., 3840.], dtype=np.float32),
    'kcoords': np.array([0., 0., 0., 0., 0., 0., 0., 0., 0., 0., 0., 0., 0., 0., 0., 0., 0.,
       0., 0., 0., 0., 0., 0., 0., 0., 0., 0., 0., 0., 0., 0., 0., 0., 0.,
       0., 0., 0., 0., 0., 0., 0., 0., 0., 0., 0., 0., 0., 0., 0., 0., 0.,
       0., 0., 0., 0., 0., 0., 0., 0., 0., 0., 0., 0., 0., 0., 0., 0., 0.,
       0., 0., 0., 0., 0., 0., 0., 0., 0., 0., 0., 0., 0., 0., 0., 0., 0.,
       0., 0., 0., 0., 0., 0., 0., 0., 0., 0., 0., 0., 0., 0., 0., 0., 0.,
       0., 0., 0., 0., 0., 0., 0., 0., 0., 0., 0., 0., 0., 0., 0., 0., 0.,
       0., 0., 0., 0., 0., 0., 0., 0., 0., 0., 0., 0., 0., 0., 0., 0., 0.,
       0., 0., 0., 0., 0., 0., 0., 0., 0., 0., 0., 0., 0., 0., 0., 0., 0.,
       0., 0., 0., 0., 0., 0., 0., 0., 0., 0., 0., 0., 0., 0., 0., 0., 0.,
       0., 0., 0., 0., 0., 0., 0., 0., 0., 0., 0., 0., 0., 0., 0., 0., 0.,
       0., 0., 0., 0., 0., 0., 0., 0., 0., 0., 0., 0., 0., 0., 0., 0., 0.,
       0., 0., 0., 0., 0., 0., 0., 0., 0., 0., 0., 0., 0., 0., 0., 0., 0.,
       0., 0., 0., 0., 0., 0., 0., 0., 0., 0., 0., 0., 0., 0., 0., 0., 0.,
       0., 0., 0., 0., 0., 0., 0., 0., 0., 0., 0., 0., 0., 0., 0., 0., 0.,
       0., 0., 0., 0., 0., 0., 0., 0., 0., 0., 0., 0., 0., 0., 0., 0., 0.,
       0., 0., 0., 0., 0., 0., 0., 0., 0., 0., 0., 0., 0., 0., 0., 0., 0.,
       0., 0., 0., 0., 0., 0., 0., 0., 0., 0., 0., 0., 0., 0., 0., 0., 0.,
       0., 0., 0., 0., 0., 0., 0., 0., 0., 0., 0., 0., 0., 0., 0., 0., 0.,
       0., 0., 0., 0., 0., 0., 0., 0., 0., 0., 0., 0., 0., 0., 0., 0., 0.,
       0., 0., 0., 0., 0., 0., 0., 0., 0., 0., 0., 0., 0., 0., 0., 0., 0.,
       0., 0., 0., 0., 0., 0., 0., 0., 0., 0., 0., 0., 0., 0., 0., 0., 0.,
       0., 0., 0., 0., 0., 0., 0., 0., 0.], dtype=np.float32),
    'chanMap': np.array([  0,   1,   2,   3,   4,   5,   6,   7,   8,   9,  10,  11,  12,
        13,  14,  15,  16,  17,  18,  19,  20,  21,  22,  23,  24,  25,
        26,  27,  28,  29,  30,  31,  32,  33,  34,  35,  36,  37,  38,
        39,  40,  41,  42,  43,  44,  45,  46,  47,  48,  49,  50,  51,
        52,  53,  54,  55,  56,  57,  58,  59,  60,  61,  62,  63,  64,
        65,  66,  67,  68,  69,  70,  71,  72,  73,  74,  75,  76,  77,
        78,  79,  80,  81,  82,  83,  84,  85,  86,  87,  88,  89,  90,
        91,  92,  93,  94,  95,  96,  97,  98,  99, 100, 101, 102, 103,
       104, 105, 106, 107, 108, 109, 110, 111, 112, 113, 114, 115, 116,
       117, 118, 119, 120, 121, 122, 123, 124, 125, 126, 127, 128, 129,
       130, 131, 132, 133, 134, 135, 136, 137, 138, 139, 140, 141, 142,
       143, 144, 145, 146, 147, 148, 149, 150, 151, 152, 153, 154, 155,
       156, 157, 158, 159, 160, 161, 162, 163, 164, 165, 166, 167, 168,
       169, 170, 171, 172, 173, 174, 175, 176, 177, 178, 179, 180, 181,
       182, 183, 184, 185, 186, 187, 188, 189, 190, 192, 193, 194, 195,
       196, 197, 198, 199, 200, 201, 202, 203, 204, 205, 206, 207, 208,
       209, 210, 211, 212, 213, 214, 215, 216, 217, 218, 219, 220, 221,
       222, 223, 224, 225, 226, 227, 228, 229, 230, 231, 232, 233, 234,
       235, 236, 237, 238, 239, 240, 241, 242, 243, 244, 245, 246, 247,
       248, 249, 250, 251, 252, 253, 254, 255, 256, 257, 258, 259, 260,
       261, 262, 263, 264, 265, 266, 267, 268, 269, 270, 271, 272, 273,
       274, 275, 276, 277, 278, 279, 280, 281, 282, 283, 284, 285, 286,
       287, 288, 289, 290, 291, 292, 293, 294, 295, 296, 297, 298, 299,
       300, 301, 302, 303, 304, 305, 306, 307, 308, 309, 310, 311, 312,
       313, 314, 315, 316, 317, 318, 319, 320, 321, 322, 323, 324, 325,
       326, 327, 328, 329, 330, 331, 332, 333, 334, 335, 336, 337, 338,
       339, 340, 341, 342, 343, 344, 345, 346, 347, 348, 349, 350, 351,
       352, 353, 354, 355, 356, 357, 358, 359, 360, 361, 362, 363, 364,
       365, 366, 367, 368, 369, 370, 371, 372, 373, 374, 375, 376, 377,
       378, 379, 380, 381, 382, 383], dtype=np.int32),
    'n_chan': 384
}

2026-07-19 08:50:53,367 kilosort.run_kilosort INFO      
2026-07-19 08:50:53,367 kilosort.run_kilosort INFO     Resource usage before sorting
2026-07-19 08:50:53,367 kilosort.run_kilosort INFO     ********************************************************
2026-07-19 08:50:53,367 kilosort.run_kilosort INFO     CPU usage:    11.80 %
2026-07-19 08:50:53,367 kilosort.run_kilosort INFO     Mem used:     41.60 %     |       6.51 GB
2026-07-19 08:50:53,367 kilosort.run_kilosort INFO     Mem avail:     9.14 / 15.65 GB
2026-07-19 08:50:53,367 kilosort.run_kilosort INFO     ------------------------------------------------------
2026-07-19 08:50:53,367 kilosort.run_kilosort INFO     GPU usage:    `conda install pynvml` for GPU usage
2026-07-19 08:50:53,367 kilosort.run_kilosort INFO     GPU memory:   19.43 %     |      0.78   /     4.00 GB
2026-07-19 08:50:53,367 kilosort.run_kilosort INFO     Allocated:     0.00 %     |      0.00   /     4.00 GB
2026-07-19 08:50:53,367 kilosort.run_kilosort INFO     Max alloc:     0.00 %     |      0.00   /     4.00 GB
2026-07-19 08:50:53,367 kilosort.run_kilosort INFO     ********************************************************
2026-07-19 08:50:53,367 kilosort.run_kilosort DEBUG    
2026-07-19 08:50:53,367 kilosort.run_kilosort DEBUG    --------------------
2026-07-19 08:50:53,367 kilosort.run_kilosort DEBUG    Process thread count: N/A (linux only)
2026-07-19 08:50:53,367 kilosort.run_kilosort DEBUG    num torch threads: 8
2026-07-19 08:50:53,367 kilosort.run_kilosort DEBUG    --------------------

2026-07-19 08:50:53,367 kilosort.run_kilosort INFO      
2026-07-19 08:50:53,367 kilosort.run_kilosort INFO     Computing preprocessing variables.
2026-07-19 08:50:53,367 kilosort.run_kilosort INFO     ----------------------------------------
2026-07-19 08:50:53,859 kilosort.run_kilosort INFO     N samples: 6600000
2026-07-19 08:50:53,859 kilosort.run_kilosort INFO     N seconds: 220.0
2026-07-19 08:50:53,859 kilosort.run_kilosort INFO     N batches: 110
2026-07-19 08:50:57,311 kilosort.run_kilosort INFO     Preprocessing filters computed in 3.94s; total 4.32s
2026-07-19 08:50:57,318 kilosort.run_kilosort DEBUG    hp_filter shape: torch.Size([30122])
2026-07-19 08:50:57,318 kilosort.run_kilosort DEBUG    whiten_mat shape: torch.Size([383, 383])
2026-07-19 08:50:57,578 kilosort.run_kilosort DEBUG    First batch min, max: (np.float32(-3589.853), np.float32(1434.0482))
2026-07-19 08:50:57,578 kilosort.run_kilosort INFO      
2026-07-19 08:50:57,578 kilosort.run_kilosort INFO     Resource usage after preprocessing
2026-07-19 08:50:57,578 kilosort.run_kilosort INFO     ********************************************************
2026-07-19 08:50:57,578 kilosort.run_kilosort INFO     CPU usage:    13.80 %
2026-07-19 08:50:57,578 kilosort.run_kilosort INFO     Mem used:     43.60 %     |       6.82 GB
2026-07-19 08:50:57,578 kilosort.run_kilosort INFO     Mem avail:     8.83 / 15.65 GB
2026-07-19 08:50:57,578 kilosort.run_kilosort INFO     ------------------------------------------------------
2026-07-19 08:50:57,578 kilosort.run_kilosort INFO     GPU usage:    `conda install pynvml` for GPU usage
2026-07-19 08:50:57,578 kilosort.run_kilosort INFO     GPU memory:   61.28 %     |      2.45   /     4.00 GB
2026-07-19 08:50:57,578 kilosort.run_kilosort INFO     Allocated:     0.21 %     |      0.01   /     4.00 GB
2026-07-19 08:50:57,578 kilosort.run_kilosort INFO     Max alloc:    32.60 %     |      1.30   /     4.00 GB
2026-07-19 08:50:57,578 kilosort.run_kilosort INFO     ********************************************************
2026-07-19 08:50:57,588 kilosort.run_kilosort INFO      
2026-07-19 08:50:57,588 kilosort.run_kilosort INFO     Computing drift correction.
2026-07-19 08:50:57,588 kilosort.run_kilosort INFO     ----------------------------------------
2026-07-19 08:50:57,588 kilosort.spikedetect INFO     Re-computing universal templates from data.
2026-07-19 08:50:59,955 kilosort.spikedetect INFO     Number of universal templates: 1532
2026-07-19 08:51:00,646 kilosort.spikedetect INFO     Detecting spikes...
2026-07-19 08:51:00,651 kilosort.spikedetect DEBUG     
2026-07-19 08:51:00,651 kilosort.spikedetect DEBUG    Batch 0 of 109 (0.0%)
2026-07-19 08:51:00,651 kilosort.spikedetect DEBUG    ********************************************************
2026-07-19 08:51:00,651 kilosort.spikedetect DEBUG    CPU usage:    16.30 %
2026-07-19 08:51:00,651 kilosort.spikedetect DEBUG    Mem used:     44.30 %     |       6.93 GB
2026-07-19 08:51:00,651 kilosort.spikedetect DEBUG    Mem avail:     8.72 / 15.65 GB
2026-07-19 08:51:00,651 kilosort.spikedetect DEBUG    ------------------------------------------------------
2026-07-19 08:51:00,651 kilosort.spikedetect DEBUG    GPU usage:    `conda install pynvml` for GPU usage
2026-07-19 08:51:00,651 kilosort.spikedetect DEBUG    GPU memory:   61.28 %     |      2.45   /     4.00 GB
2026-07-19 08:51:00,651 kilosort.spikedetect DEBUG    Allocated:     0.27 %     |      0.01   /     4.00 GB
2026-07-19 08:51:00,651 kilosort.spikedetect DEBUG    Max alloc:    32.60 %     |      1.30   /     4.00 GB
2026-07-19 08:51:00,651 kilosort.spikedetect DEBUG    ********************************************************
2026-07-19 09:15:22,898 kilosort.spikedetect DEBUG     
2026-07-19 09:15:22,898 kilosort.spikedetect DEBUG    Batch 109 of 109 (99.1%)
2026-07-19 09:15:22,898 kilosort.spikedetect DEBUG    ********************************************************
2026-07-19 09:15:22,898 kilosort.spikedetect DEBUG    CPU usage:    15.50 %
2026-07-19 09:15:22,898 kilosort.spikedetect DEBUG    Mem used:     58.30 %     |       9.13 GB
2026-07-19 09:15:22,898 kilosort.spikedetect DEBUG    Mem avail:     6.52 / 15.65 GB
2026-07-19 09:15:22,898 kilosort.spikedetect DEBUG    ------------------------------------------------------
2026-07-19 09:15:22,898 kilosort.spikedetect DEBUG    GPU usage:    `conda install pynvml` for GPU usage
2026-07-19 09:15:22,898 kilosort.spikedetect DEBUG    GPU memory:   26.71 %     |      1.07   /     4.00 GB
2026-07-19 09:15:22,898 kilosort.spikedetect DEBUG    Allocated:     3.48 %     |      0.14   /     4.00 GB
2026-07-19 09:15:22,898 kilosort.spikedetect DEBUG    Max alloc:    96.67 %     |      3.87   /     4.00 GB
2026-07-19 09:15:22,898 kilosort.spikedetect DEBUG    ********************************************************
2026-07-19 09:15:23,770 kilosort.run_kilosort INFO     drift computed in 1466.18s; total 1470.78s
2026-07-19 09:15:23,770 kilosort.run_kilosort DEBUG    st shape: (586821, 6)
2026-07-19 09:15:23,770 kilosort.run_kilosort DEBUG    yblk shape: (1,)
2026-07-19 09:15:23,770 kilosort.run_kilosort DEBUG    dshift shape: (110, 1)
2026-07-19 09:15:23,770 kilosort.run_kilosort DEBUG    iKxx shape: torch.Size([383, 383])
2026-07-19 09:15:23,770 kilosort.run_kilosort DEBUG    

|===========================================================================|
|                  PyTorch CUDA memory summary, device ID 0                 |
|---------------------------------------------------------------------------|
|            CUDA OOMs: 0            |        cudaMalloc retries: 0         |
|===========================================================================|
|        Metric         | Cur Usage  | Peak Usage | Tot Alloc  | Tot Freed  |
|---------------------------------------------------------------------------|
| Allocated memory      |  11832 KiB |   3958 MiB |  12924 GiB |  12924 GiB |
|---------------------------------------------------------------------------|
| Active memory         |  11832 KiB |   3958 MiB |  12924 GiB |  12924 GiB |
|---------------------------------------------------------------------------|
| Requested memory      |  11829 KiB |   3957 MiB |  12920 GiB |  12920 GiB |
|---------------------------------------------------------------------------|
| GPU reserved memory   | 239616 KiB |   4826 MiB | 497660 MiB | 497426 MiB |
|---------------------------------------------------------------------------|
| Non-releasable memory |  41415 KiB |   1522 MiB |   3105 GiB |   3105 GiB |
|---------------------------------------------------------------------------|
| Allocations           |       9    |      37    |   83603    |   83594    |
|---------------------------------------------------------------------------|
| Active allocs         |       9    |      37    |   83603    |   83594    |
|---------------------------------------------------------------------------|
| GPU reserved segments |       8    |      20    |    1396    |    1388    |
|---------------------------------------------------------------------------|
| Non-releasable allocs |      10    |      24    |   38147    |   38137    |
|---------------------------------------------------------------------------|
| Oversize allocations  |       0    |       0    |       0    |       0    |
|---------------------------------------------------------------------------|
| Oversize GPU segments |       0    |       0    |       0    |       0    |
|===========================================================================|


2026-07-19 09:15:23,770 kilosort.run_kilosort INFO      
2026-07-19 09:15:23,770 kilosort.run_kilosort INFO     Resource usage after drift correction
2026-07-19 09:15:23,770 kilosort.run_kilosort INFO     ********************************************************
2026-07-19 09:15:23,770 kilosort.run_kilosort INFO     CPU usage:     0.00 %
2026-07-19 09:15:23,770 kilosort.run_kilosort INFO     Mem used:     57.40 %     |       8.98 GB
2026-07-19 09:15:23,770 kilosort.run_kilosort INFO     Mem avail:     6.67 / 15.65 GB
2026-07-19 09:15:23,770 kilosort.run_kilosort INFO     ------------------------------------------------------
2026-07-19 09:15:23,770 kilosort.run_kilosort INFO     GPU usage:    `conda install pynvml` for GPU usage
2026-07-19 09:15:23,770 kilosort.run_kilosort INFO     GPU memory:   26.76 %     |      1.07   /     4.00 GB
2026-07-19 09:15:23,770 kilosort.run_kilosort INFO     Allocated:     0.28 %     |      0.01   /     4.00 GB
2026-07-19 09:15:23,770 kilosort.run_kilosort INFO     Max alloc:    96.67 %     |      3.87   /     4.00 GB
2026-07-19 09:15:23,770 kilosort.run_kilosort INFO     ********************************************************
2026-07-19 09:15:23,770 kilosort.run_kilosort DEBUG    
2026-07-19 09:15:23,770 kilosort.run_kilosort DEBUG    --------------------
2026-07-19 09:15:23,770 kilosort.run_kilosort DEBUG    Process thread count: N/A (linux only)
2026-07-19 09:15:23,770 kilosort.run_kilosort DEBUG    num torch threads: 8
2026-07-19 09:15:23,770 kilosort.run_kilosort DEBUG    --------------------

2026-07-19 09:15:23,770 kilosort.run_kilosort INFO     Generating drift plots ...
2026-07-19 09:15:57,335 kilosort.run_kilosort INFO      
2026-07-19 09:15:57,335 kilosort.run_kilosort INFO     Extracting spikes using templates
2026-07-19 09:15:57,335 kilosort.run_kilosort INFO     ----------------------------------------
2026-07-19 09:15:57,335 kilosort.spikedetect INFO     Re-computing universal templates from data.
2026-07-19 09:16:00,246 kilosort.spikedetect INFO     Number of universal templates: 1532
2026-07-19 09:16:00,900 kilosort.spikedetect INFO     Detecting spikes...
2026-07-19 09:16:00,900 kilosort.spikedetect DEBUG     
2026-07-19 09:16:00,900 kilosort.spikedetect DEBUG    Batch 0 of 109 (0.0%)
2026-07-19 09:16:00,900 kilosort.spikedetect DEBUG    ********************************************************
2026-07-19 09:16:00,900 kilosort.spikedetect DEBUG    CPU usage:    16.10 %
2026-07-19 09:16:00,900 kilosort.spikedetect DEBUG    Mem used:     56.70 %     |       8.87 GB
2026-07-19 09:16:00,900 kilosort.spikedetect DEBUG    Mem avail:     6.78 / 15.65 GB
2026-07-19 09:16:00,900 kilosort.spikedetect DEBUG    ------------------------------------------------------
2026-07-19 09:16:00,900 kilosort.spikedetect DEBUG    GPU usage:    `conda install pynvml` for GPU usage
2026-07-19 09:16:00,900 kilosort.spikedetect DEBUG    GPU memory:   63.67 %     |      2.55   /     4.00 GB
2026-07-19 09:16:00,905 kilosort.spikedetect DEBUG    Allocated:     0.34 %     |      0.01   /     4.00 GB
2026-07-19 09:16:00,905 kilosort.spikedetect DEBUG    Max alloc:    32.67 %     |      1.31   /     4.00 GB
2026-07-19 09:16:00,905 kilosort.spikedetect DEBUG    ********************************************************
2026-07-19 09:40:43,684 kilosort.spikedetect DEBUG     
2026-07-19 09:40:43,684 kilosort.spikedetect DEBUG    Batch 109 of 109 (99.1%)
2026-07-19 09:40:43,684 kilosort.spikedetect DEBUG    ********************************************************
2026-07-19 09:40:43,684 kilosort.spikedetect DEBUG    CPU usage:    16.70 %
2026-07-19 09:40:43,684 kilosort.spikedetect DEBUG    Mem used:     59.80 %     |       9.36 GB
2026-07-19 09:40:43,684 kilosort.spikedetect DEBUG    Mem avail:     6.29 / 15.65 GB
2026-07-19 09:40:43,684 kilosort.spikedetect DEBUG    ------------------------------------------------------
2026-07-19 09:40:43,684 kilosort.spikedetect DEBUG    GPU usage:    `conda install pynvml` for GPU usage
2026-07-19 09:40:43,684 kilosort.spikedetect DEBUG    GPU memory:   25.63 %     |      1.03   /     4.00 GB
2026-07-19 09:40:43,684 kilosort.spikedetect DEBUG    Allocated:     3.51 %     |      0.14   /     4.00 GB
2026-07-19 09:40:43,684 kilosort.spikedetect DEBUG    Max alloc:    96.72 %     |      3.87   /     4.00 GB
2026-07-19 09:40:43,684 kilosort.spikedetect DEBUG    ********************************************************
2026-07-19 09:40:43,684 kilosort.run_kilosort INFO     558235 spikes extracted in 1486.35s; total 2990.69s
2026-07-19 09:40:43,684 kilosort.run_kilosort DEBUG    st0 shape: (558235, 6)
2026-07-19 09:40:43,684 kilosort.run_kilosort DEBUG    tF shape: torch.Size([558235, 25, 3])
2026-07-19 09:40:43,684 kilosort.run_kilosort INFO      
2026-07-19 09:40:43,684 kilosort.run_kilosort INFO     Resource usage after spike detect (univ)
2026-07-19 09:40:43,684 kilosort.run_kilosort INFO     ********************************************************
2026-07-19 09:40:43,684 kilosort.run_kilosort INFO     CPU usage:     0.00 %
2026-07-19 09:40:43,684 kilosort.run_kilosort INFO     Mem used:     59.70 %     |       9.34 GB
2026-07-19 09:40:43,684 kilosort.run_kilosort INFO     Mem avail:     6.31 / 15.65 GB
2026-07-19 09:40:43,684 kilosort.run_kilosort INFO     ------------------------------------------------------
2026-07-19 09:40:43,684 kilosort.run_kilosort INFO     GPU usage:    `conda install pynvml` for GPU usage
2026-07-19 09:40:43,684 kilosort.run_kilosort INFO     GPU memory:   25.63 %     |      1.03   /     4.00 GB
2026-07-19 09:40:43,684 kilosort.run_kilosort INFO     Allocated:     0.28 %     |      0.01   /     4.00 GB
2026-07-19 09:40:43,684 kilosort.run_kilosort INFO     Max alloc:    96.72 %     |      3.87   /     4.00 GB
2026-07-19 09:40:43,684 kilosort.run_kilosort INFO     ********************************************************
2026-07-19 09:40:43,684 kilosort.run_kilosort DEBUG    
2026-07-19 09:40:43,684 kilosort.run_kilosort DEBUG    --------------------
2026-07-19 09:40:43,684 kilosort.run_kilosort DEBUG    Process thread count: N/A (linux only)
2026-07-19 09:40:43,684 kilosort.run_kilosort DEBUG    num torch threads: 8
2026-07-19 09:40:43,694 kilosort.run_kilosort DEBUG    --------------------

2026-07-19 09:40:43,694 kilosort.run_kilosort INFO      
2026-07-19 09:40:43,694 kilosort.run_kilosort INFO     First clustering
2026-07-19 09:40:43,694 kilosort.run_kilosort INFO     ----------------------------------------
2026-07-19 09:40:44,000 kilosort.clustering_qr DEBUG    Center 0 | Xd shape: torch.Size([390, 78]) | ntemp: 16
2026-07-19 09:40:44,063 kilosort.clustering_qr DEBUG    Center 1 | Xd shape: torch.Size([1456, 78]) | ntemp: 16
2026-07-19 09:40:46,217 kilosort.clustering_qr DEBUG    Center 2 | Xd shape: torch.Size([688, 78]) | ntemp: 16
2026-07-19 09:40:46,248 kilosort.clustering_qr DEBUG    Center 3 | Xd shape: torch.Size([680, 90]) | ntemp: 16
2026-07-19 09:40:46,287 kilosort.clustering_qr DEBUG    Center 4 | Xd shape: torch.Size([3852, 90]) | ntemp: 16
2026-07-19 09:40:47,689 kilosort.clustering_qr DEBUG    Center 5 | Xd shape: torch.Size([5827, 90]) | ntemp: 16
2026-07-19 09:40:49,088 kilosort.clustering_qr DEBUG    Center 6 | Xd shape: torch.Size([2548, 90]) | ntemp: 16
2026-07-19 09:40:50,569 kilosort.clustering_qr DEBUG    Center 7 | Xd shape: torch.Size([6200, 90]) | ntemp: 16
2026-07-19 09:40:52,117 kilosort.clustering_qr DEBUG    Center 8 | Xd shape: torch.Size([6814, 90]) | ntemp: 16
2026-07-19 09:40:53,494 kilosort.clustering_qr DEBUG     
2026-07-19 09:40:53,494 kilosort.clustering_qr DEBUG    Cluster center: 9 (10/96)
2026-07-19 09:40:53,494 kilosort.clustering_qr DEBUG    ********************************************************
2026-07-19 09:40:53,494 kilosort.clustering_qr DEBUG    CPU usage:    17.90 %
2026-07-19 09:40:53,494 kilosort.clustering_qr DEBUG    Mem used:     58.10 %     |       9.08 GB
2026-07-19 09:40:53,494 kilosort.clustering_qr DEBUG    Mem avail:     6.56 / 15.65 GB
2026-07-19 09:40:53,494 kilosort.clustering_qr DEBUG    ------------------------------------------------------
2026-07-19 09:40:53,494 kilosort.clustering_qr DEBUG    GPU usage:    `conda install pynvml` for GPU usage
2026-07-19 09:40:53,494 kilosort.clustering_qr DEBUG    GPU memory:   22.31 %     |      0.89   /     4.00 GB
2026-07-19 09:40:53,494 kilosort.clustering_qr DEBUG    Allocated:     0.28 %     |      0.01   /     4.00 GB
2026-07-19 09:40:53,494 kilosort.clustering_qr DEBUG    Max alloc:     0.76 %     |      0.03   /     4.00 GB
2026-07-19 09:40:53,494 kilosort.clustering_qr DEBUG    ********************************************************
2026-07-19 09:40:53,534 kilosort.clustering_qr DEBUG    Center 9 | Xd shape: torch.Size([12372, 90]) | ntemp: 16
2026-07-19 09:40:55,120 kilosort.clustering_qr DEBUG    Center 10 | Xd shape: torch.Size([10199, 90]) | ntemp: 16
2026-07-19 09:40:56,406 kilosort.clustering_qr DEBUG    Center 11 | Xd shape: torch.Size([3505, 90]) | ntemp: 16
2026-07-19 09:40:57,652 kilosort.clustering_qr DEBUG    Center 12 | Xd shape: torch.Size([6572, 90]) | ntemp: 16
2026-07-19 09:40:59,099 kilosort.clustering_qr DEBUG    Center 13 | Xd shape: torch.Size([3088, 90]) | ntemp: 16
2026-07-19 09:41:00,577 kilosort.clustering_qr DEBUG    Center 14 | Xd shape: torch.Size([3614, 90]) | ntemp: 16
2026-07-19 09:41:01,719 kilosort.clustering_qr DEBUG    Center 15 | Xd shape: torch.Size([4897, 90]) | ntemp: 16
2026-07-19 09:41:03,141 kilosort.clustering_qr DEBUG    Center 16 | Xd shape: torch.Size([5476, 90]) | ntemp: 16
2026-07-19 09:41:04,581 kilosort.clustering_qr DEBUG    Center 17 | Xd shape: torch.Size([3798, 90]) | ntemp: 16
2026-07-19 09:41:06,165 kilosort.clustering_qr DEBUG    Center 18 | Xd shape: torch.Size([6263, 90]) | ntemp: 16
2026-07-19 09:41:07,728 kilosort.clustering_qr DEBUG     
2026-07-19 09:41:07,728 kilosort.clustering_qr DEBUG    Cluster center: 19 (20/96)
2026-07-19 09:41:07,728 kilosort.clustering_qr DEBUG    ********************************************************
2026-07-19 09:41:07,728 kilosort.clustering_qr DEBUG    CPU usage:    20.10 %
2026-07-19 09:41:07,728 kilosort.clustering_qr DEBUG    Mem used:     57.70 %     |       9.02 GB
2026-07-19 09:41:07,728 kilosort.clustering_qr DEBUG    Mem avail:     6.62 / 15.65 GB
2026-07-19 09:41:07,728 kilosort.clustering_qr DEBUG    ------------------------------------------------------
2026-07-19 09:41:07,728 kilosort.clustering_qr DEBUG    GPU usage:    `conda install pynvml` for GPU usage
2026-07-19 09:41:07,728 kilosort.clustering_qr DEBUG    GPU memory:   22.31 %     |      0.89   /     4.00 GB
2026-07-19 09:41:07,728 kilosort.clustering_qr DEBUG    Allocated:     0.28 %     |      0.01   /     4.00 GB
2026-07-19 09:41:07,728 kilosort.clustering_qr DEBUG    Max alloc:     1.14 %     |      0.05   /     4.00 GB
2026-07-19 09:41:07,728 kilosort.clustering_qr DEBUG    ********************************************************
2026-07-19 09:41:07,769 kilosort.clustering_qr DEBUG    Center 19 | Xd shape: torch.Size([5642, 90]) | ntemp: 16
2026-07-19 09:41:09,239 kilosort.clustering_qr DEBUG    Center 20 | Xd shape: torch.Size([6658, 90]) | ntemp: 16
2026-07-19 09:41:10,798 kilosort.clustering_qr DEBUG    Center 21 | Xd shape: torch.Size([3478, 90]) | ntemp: 16
2026-07-19 09:41:12,188 kilosort.clustering_qr DEBUG    Center 22 | Xd shape: torch.Size([5321, 90]) | ntemp: 16
2026-07-19 09:41:13,132 kilosort.clustering_qr DEBUG    Center 23 | Xd shape: torch.Size([5521, 90]) | ntemp: 16
2026-07-19 09:41:14,700 kilosort.clustering_qr DEBUG    Center 24 | Xd shape: torch.Size([1869, 90]) | ntemp: 16
2026-07-19 09:41:16,190 kilosort.clustering_qr DEBUG    Center 25 | Xd shape: torch.Size([4968, 90]) | ntemp: 16
2026-07-19 09:41:17,588 kilosort.clustering_qr DEBUG    Center 26 | Xd shape: torch.Size([3423, 90]) | ntemp: 16
2026-07-19 09:41:18,682 kilosort.clustering_qr DEBUG    Center 27 | Xd shape: torch.Size([4613, 90]) | ntemp: 16
2026-07-19 09:41:20,126 kilosort.clustering_qr DEBUG    Center 28 | Xd shape: torch.Size([4148, 90]) | ntemp: 16
2026-07-19 09:41:21,606 kilosort.clustering_qr DEBUG     
2026-07-19 09:41:21,606 kilosort.clustering_qr DEBUG    Cluster center: 29 (30/96)
2026-07-19 09:41:21,606 kilosort.clustering_qr DEBUG    ********************************************************
2026-07-19 09:41:21,606 kilosort.clustering_qr DEBUG    CPU usage:    19.80 %
2026-07-19 09:41:21,606 kilosort.clustering_qr DEBUG    Mem used:     57.80 %     |       9.05 GB
2026-07-19 09:41:21,606 kilosort.clustering_qr DEBUG    Mem avail:     6.60 / 15.65 GB
2026-07-19 09:41:21,606 kilosort.clustering_qr DEBUG    ------------------------------------------------------
2026-07-19 09:41:21,606 kilosort.clustering_qr DEBUG    GPU usage:    `conda install pynvml` for GPU usage
2026-07-19 09:41:21,606 kilosort.clustering_qr DEBUG    GPU memory:   22.31 %     |      0.89   /     4.00 GB
2026-07-19 09:41:21,606 kilosort.clustering_qr DEBUG    Allocated:     0.28 %     |      0.01   /     4.00 GB
2026-07-19 09:41:21,606 kilosort.clustering_qr DEBUG    Max alloc:     1.14 %     |      0.05   /     4.00 GB
2026-07-19 09:41:21,606 kilosort.clustering_qr DEBUG    ********************************************************
2026-07-19 09:41:21,647 kilosort.clustering_qr DEBUG    Center 29 | Xd shape: torch.Size([3268, 90]) | ntemp: 16
2026-07-19 09:41:23,018 kilosort.clustering_qr DEBUG    Center 30 | Xd shape: torch.Size([3459, 90]) | ntemp: 16
2026-07-19 09:41:24,388 kilosort.clustering_qr DEBUG    Center 31 | Xd shape: torch.Size([2262, 90]) | ntemp: 16
2026-07-19 09:41:25,763 kilosort.clustering_qr DEBUG    Center 32 | Xd shape: torch.Size([1719, 90]) | ntemp: 16
2026-07-19 09:41:27,094 kilosort.clustering_qr DEBUG    Center 33 | Xd shape: torch.Size([7796, 90]) | ntemp: 16
2026-07-19 09:41:28,586 kilosort.clustering_qr DEBUG    Center 34 | Xd shape: torch.Size([6030, 90]) | ntemp: 16
2026-07-19 09:41:29,791 kilosort.clustering_qr DEBUG    Center 35 | Xd shape: torch.Size([6435, 90]) | ntemp: 16
2026-07-19 09:41:31,182 kilosort.clustering_qr DEBUG    Center 36 | Xd shape: torch.Size([5326, 90]) | ntemp: 16
2026-07-19 09:41:32,763 kilosort.clustering_qr DEBUG    Center 37 | Xd shape: torch.Size([3558, 90]) | ntemp: 16
2026-07-19 09:41:33,904 kilosort.clustering_qr DEBUG    Center 38 | Xd shape: torch.Size([6648, 90]) | ntemp: 16
2026-07-19 09:41:35,335 kilosort.clustering_qr DEBUG     
2026-07-19 09:41:35,335 kilosort.clustering_qr DEBUG    Cluster center: 39 (40/96)
2026-07-19 09:41:35,335 kilosort.clustering_qr DEBUG    ********************************************************
2026-07-19 09:41:35,335 kilosort.clustering_qr DEBUG    CPU usage:    19.40 %
2026-07-19 09:41:35,335 kilosort.clustering_qr DEBUG    Mem used:     57.80 %     |       9.05 GB
2026-07-19 09:41:35,335 kilosort.clustering_qr DEBUG    Mem avail:     6.60 / 15.65 GB
2026-07-19 09:41:35,335 kilosort.clustering_qr DEBUG    ------------------------------------------------------
2026-07-19 09:41:35,335 kilosort.clustering_qr DEBUG    GPU usage:    `conda install pynvml` for GPU usage
2026-07-19 09:41:35,335 kilosort.clustering_qr DEBUG    GPU memory:   22.31 %     |      0.89   /     4.00 GB
2026-07-19 09:41:35,335 kilosort.clustering_qr DEBUG    Allocated:     0.28 %     |      0.01   /     4.00 GB
2026-07-19 09:41:35,335 kilosort.clustering_qr DEBUG    Max alloc:     1.14 %     |      0.05   /     4.00 GB
2026-07-19 09:41:35,335 kilosort.clustering_qr DEBUG    ********************************************************
2026-07-19 09:41:35,386 kilosort.clustering_qr DEBUG    Center 39 | Xd shape: torch.Size([6058, 90]) | ntemp: 16
2026-07-19 09:41:36,977 kilosort.clustering_qr DEBUG    Center 40 | Xd shape: torch.Size([6832, 90]) | ntemp: 16
2026-07-19 09:41:38,528 kilosort.clustering_qr DEBUG    Center 41 | Xd shape: torch.Size([7550, 90]) | ntemp: 16
2026-07-19 09:41:40,029 kilosort.clustering_qr DEBUG    Center 42 | Xd shape: torch.Size([6702, 90]) | ntemp: 16
2026-07-19 09:41:41,715 kilosort.clustering_qr DEBUG    Center 43 | Xd shape: torch.Size([5460, 90]) | ntemp: 16
2026-07-19 09:41:43,367 kilosort.clustering_qr DEBUG    Center 44 | Xd shape: torch.Size([5242, 87]) | ntemp: 16
2026-07-19 09:41:44,866 kilosort.clustering_qr DEBUG    Center 45 | Xd shape: torch.Size([6600, 87]) | ntemp: 16
2026-07-19 09:41:46,390 kilosort.clustering_qr DEBUG    Center 46 | Xd shape: torch.Size([9677, 87]) | ntemp: 16
2026-07-19 09:41:47,971 kilosort.clustering_qr DEBUG    Center 47 | Xd shape: torch.Size([6537, 87]) | ntemp: 16
2026-07-19 09:41:49,594 kilosort.clustering_qr DEBUG    Center 48 | Xd shape: torch.Size([8335, 87]) | ntemp: 16
2026-07-19 09:41:51,161 kilosort.clustering_qr DEBUG     
2026-07-19 09:41:51,161 kilosort.clustering_qr DEBUG    Cluster center: 49 (50/96)
2026-07-19 09:41:51,161 kilosort.clustering_qr DEBUG    ********************************************************
2026-07-19 09:41:51,161 kilosort.clustering_qr DEBUG    CPU usage:    28.90 %
2026-07-19 09:41:51,161 kilosort.clustering_qr DEBUG    Mem used:     58.80 %     |       9.21 GB
2026-07-19 09:41:51,161 kilosort.clustering_qr DEBUG    Mem avail:     6.44 / 15.65 GB
2026-07-19 09:41:51,161 kilosort.clustering_qr DEBUG    ------------------------------------------------------
2026-07-19 09:41:51,161 kilosort.clustering_qr DEBUG    GPU usage:    `conda install pynvml` for GPU usage
2026-07-19 09:41:51,161 kilosort.clustering_qr DEBUG    GPU memory:   22.31 %     |      0.89   /     4.00 GB
2026-07-19 09:41:51,161 kilosort.clustering_qr DEBUG    Allocated:     0.28 %     |      0.01   /     4.00 GB
2026-07-19 09:41:51,161 kilosort.clustering_qr DEBUG    Max alloc:     1.14 %     |      0.05   /     4.00 GB
2026-07-19 09:41:51,161 kilosort.clustering_qr DEBUG    ********************************************************
2026-07-19 09:41:51,213 kilosort.clustering_qr DEBUG    Center 49 | Xd shape: torch.Size([7536, 87]) | ntemp: 16
2026-07-19 09:41:52,680 kilosort.clustering_qr DEBUG    Center 50 | Xd shape: torch.Size([6796, 87]) | ntemp: 16
2026-07-19 09:41:54,258 kilosort.clustering_qr DEBUG    Center 51 | Xd shape: torch.Size([7904, 90]) | ntemp: 16
2026-07-19 09:41:55,862 kilosort.clustering_qr DEBUG    Center 52 | Xd shape: torch.Size([5540, 90]) | ntemp: 16
2026-07-19 09:41:57,324 kilosort.clustering_qr DEBUG    Center 53 | Xd shape: torch.Size([4423, 90]) | ntemp: 16
2026-07-19 09:41:58,789 kilosort.clustering_qr DEBUG    Center 54 | Xd shape: torch.Size([3239, 90]) | ntemp: 16
2026-07-19 09:41:59,808 kilosort.clustering_qr DEBUG    Center 55 | Xd shape: torch.Size([1656, 90]) | ntemp: 16
2026-07-19 09:42:01,277 kilosort.clustering_qr DEBUG    Center 56 | Xd shape: torch.Size([429, 90]) | ntemp: 16
2026-07-19 09:42:01,297 kilosort.clustering_qr DEBUG    Center 57 | Xd shape: torch.Size([383, 90]) | ntemp: 16
2026-07-19 09:42:01,338 kilosort.clustering_qr DEBUG    Center 58 | Xd shape: torch.Size([787, 90]) | ntemp: 16
2026-07-19 09:42:01,338 kilosort.clustering_qr DEBUG     
2026-07-19 09:42:01,338 kilosort.clustering_qr DEBUG    Cluster center: 59 (60/96)
2026-07-19 09:42:01,338 kilosort.clustering_qr DEBUG    ********************************************************
2026-07-19 09:42:01,338 kilosort.clustering_qr DEBUG    CPU usage:    24.90 %
2026-07-19 09:42:01,338 kilosort.clustering_qr DEBUG    Mem used:     58.90 %     |       9.21 GB
2026-07-19 09:42:01,338 kilosort.clustering_qr DEBUG    Mem avail:     6.44 / 15.65 GB
2026-07-19 09:42:01,338 kilosort.clustering_qr DEBUG    ------------------------------------------------------
2026-07-19 09:42:01,338 kilosort.clustering_qr DEBUG    GPU usage:    `conda install pynvml` for GPU usage
2026-07-19 09:42:01,338 kilosort.clustering_qr DEBUG    GPU memory:   22.31 %     |      0.89   /     4.00 GB
2026-07-19 09:42:01,338 kilosort.clustering_qr DEBUG    Allocated:     0.28 %     |      0.01   /     4.00 GB
2026-07-19 09:42:01,338 kilosort.clustering_qr DEBUG    Max alloc:     1.14 %     |      0.05   /     4.00 GB
2026-07-19 09:42:01,338 kilosort.clustering_qr DEBUG    ********************************************************
2026-07-19 09:42:01,359 kilosort.clustering_qr DEBUG    Center 59 | Xd shape: torch.Size([444, 90]) | ntemp: 16
2026-07-19 09:42:01,394 kilosort.clustering_qr DEBUG    Center 60 | Xd shape: torch.Size([4108, 90]) | ntemp: 16
2026-07-19 09:42:02,748 kilosort.clustering_qr DEBUG    Center 61 | Xd shape: torch.Size([2084, 90]) | ntemp: 16
2026-07-19 09:42:04,167 kilosort.clustering_qr DEBUG    Center 62 | Xd shape: torch.Size([6402, 90]) | ntemp: 16
2026-07-19 09:42:05,620 kilosort.clustering_qr DEBUG    Center 63 | Xd shape: torch.Size([5490, 90]) | ntemp: 16
2026-07-19 09:42:07,056 kilosort.clustering_qr DEBUG    Center 64 | Xd shape: torch.Size([1165, 90]) | ntemp: 16
2026-07-19 09:42:08,645 kilosort.clustering_qr DEBUG    Center 65 | Xd shape: torch.Size([1199, 90]) | ntemp: 16
2026-07-19 09:42:10,116 kilosort.clustering_qr DEBUG    Center 66 | Xd shape: torch.Size([4697, 90]) | ntemp: 16
2026-07-19 09:42:11,713 kilosort.clustering_qr DEBUG    Center 67 | Xd shape: torch.Size([5280, 90]) | ntemp: 16
2026-07-19 09:42:13,279 kilosort.clustering_qr DEBUG    Center 68 | Xd shape: torch.Size([9195, 90]) | ntemp: 16
2026-07-19 09:42:14,868 kilosort.clustering_qr DEBUG     
2026-07-19 09:42:14,868 kilosort.clustering_qr DEBUG    Cluster center: 69 (70/96)
2026-07-19 09:42:14,868 kilosort.clustering_qr DEBUG    ********************************************************
2026-07-19 09:42:14,868 kilosort.clustering_qr DEBUG    CPU usage:    29.90 %
2026-07-19 09:42:14,868 kilosort.clustering_qr DEBUG    Mem used:     58.90 %     |       9.22 GB
2026-07-19 09:42:14,868 kilosort.clustering_qr DEBUG    Mem avail:     6.43 / 15.65 GB
2026-07-19 09:42:14,868 kilosort.clustering_qr DEBUG    ------------------------------------------------------
2026-07-19 09:42:14,868 kilosort.clustering_qr DEBUG    GPU usage:    `conda install pynvml` for GPU usage
2026-07-19 09:42:14,868 kilosort.clustering_qr DEBUG    GPU memory:   22.31 %     |      0.89   /     4.00 GB
2026-07-19 09:42:14,868 kilosort.clustering_qr DEBUG    Allocated:     0.28 %     |      0.01   /     4.00 GB
2026-07-19 09:42:14,868 kilosort.clustering_qr DEBUG    Max alloc:     1.14 %     |      0.05   /     4.00 GB
2026-07-19 09:42:14,868 kilosort.clustering_qr DEBUG    ********************************************************
2026-07-19 09:42:14,889 kilosort.clustering_qr DEBUG    Center 69 | Xd shape: torch.Size([8815, 90]) | ntemp: 16
2026-07-19 09:42:16,392 kilosort.clustering_qr DEBUG    Center 70 | Xd shape: torch.Size([7796, 90]) | ntemp: 16
2026-07-19 09:42:17,810 kilosort.clustering_qr DEBUG    Center 71 | Xd shape: torch.Size([8639, 90]) | ntemp: 16
2026-07-19 09:42:19,303 kilosort.clustering_qr DEBUG    Center 72 | Xd shape: torch.Size([8374, 90]) | ntemp: 16
2026-07-19 09:42:20,712 kilosort.clustering_qr DEBUG    Center 73 | Xd shape: torch.Size([7954, 90]) | ntemp: 16
2026-07-19 09:42:22,134 kilosort.clustering_qr DEBUG    Center 74 | Xd shape: torch.Size([8725, 90]) | ntemp: 16
2026-07-19 09:42:23,655 kilosort.clustering_qr DEBUG    Center 75 | Xd shape: torch.Size([9311, 90]) | ntemp: 16
2026-07-19 09:42:25,238 kilosort.clustering_qr DEBUG    Center 76 | Xd shape: torch.Size([9405, 90]) | ntemp: 16
2026-07-19 09:42:26,750 kilosort.clustering_qr DEBUG    Center 77 | Xd shape: torch.Size([9171, 90]) | ntemp: 16
2026-07-19 09:42:28,315 kilosort.clustering_qr DEBUG    Center 78 | Xd shape: torch.Size([8650, 90]) | ntemp: 16
2026-07-19 09:42:29,870 kilosort.clustering_qr DEBUG     
2026-07-19 09:42:29,870 kilosort.clustering_qr DEBUG    Cluster center: 79 (80/96)
2026-07-19 09:42:29,870 kilosort.clustering_qr DEBUG    ********************************************************
2026-07-19 09:42:29,880 kilosort.clustering_qr DEBUG    CPU usage:    33.30 %
2026-07-19 09:42:29,880 kilosort.clustering_qr DEBUG    Mem used:     59.20 %     |       9.26 GB
2026-07-19 09:42:29,880 kilosort.clustering_qr DEBUG    Mem avail:     6.39 / 15.65 GB
2026-07-19 09:42:29,880 kilosort.clustering_qr DEBUG    ------------------------------------------------------
2026-07-19 09:42:29,880 kilosort.clustering_qr DEBUG    GPU usage:    `conda install pynvml` for GPU usage
2026-07-19 09:42:29,880 kilosort.clustering_qr DEBUG    GPU memory:   22.31 %     |      0.89   /     4.00 GB
2026-07-19 09:42:29,880 kilosort.clustering_qr DEBUG    Allocated:     0.28 %     |      0.01   /     4.00 GB
2026-07-19 09:42:29,880 kilosort.clustering_qr DEBUG    Max alloc:     1.14 %     |      0.05   /     4.00 GB
2026-07-19 09:42:29,880 kilosort.clustering_qr DEBUG    ********************************************************
2026-07-19 09:42:29,921 kilosort.clustering_qr DEBUG    Center 79 | Xd shape: torch.Size([8917, 90]) | ntemp: 16
2026-07-19 09:42:31,447 kilosort.clustering_qr DEBUG    Center 80 | Xd shape: torch.Size([8389, 90]) | ntemp: 16
2026-07-19 09:42:32,883 kilosort.clustering_qr DEBUG    Center 81 | Xd shape: torch.Size([8493, 90]) | ntemp: 16
2026-07-19 09:42:34,374 kilosort.clustering_qr DEBUG    Center 82 | Xd shape: torch.Size([8700, 90]) | ntemp: 16
2026-07-19 09:42:36,030 kilosort.clustering_qr DEBUG    Center 83 | Xd shape: torch.Size([8709, 90]) | ntemp: 16
2026-07-19 09:42:37,529 kilosort.clustering_qr DEBUG    Center 84 | Xd shape: torch.Size([8900, 90]) | ntemp: 16
2026-07-19 09:42:39,019 kilosort.clustering_qr DEBUG    Center 85 | Xd shape: torch.Size([8673, 90]) | ntemp: 16
2026-07-19 09:42:40,516 kilosort.clustering_qr DEBUG    Center 86 | Xd shape: torch.Size([9039, 90]) | ntemp: 16
2026-07-19 09:42:41,994 kilosort.clustering_qr DEBUG    Center 87 | Xd shape: torch.Size([9603, 90]) | ntemp: 16
2026-07-19 09:42:43,437 kilosort.clustering_qr DEBUG    Center 88 | Xd shape: torch.Size([7964, 90]) | ntemp: 16
2026-07-19 09:42:44,854 kilosort.clustering_qr DEBUG     
2026-07-19 09:42:44,854 kilosort.clustering_qr DEBUG    Cluster center: 89 (90/96)
2026-07-19 09:42:44,854 kilosort.clustering_qr DEBUG    ********************************************************
2026-07-19 09:42:44,854 kilosort.clustering_qr DEBUG    CPU usage:    27.80 %
2026-07-19 09:42:44,854 kilosort.clustering_qr DEBUG    Mem used:     58.40 %     |       9.14 GB
2026-07-19 09:42:44,854 kilosort.clustering_qr DEBUG    Mem avail:     6.51 / 15.65 GB
2026-07-19 09:42:44,854 kilosort.clustering_qr DEBUG    ------------------------------------------------------
2026-07-19 09:42:44,854 kilosort.clustering_qr DEBUG    GPU usage:    `conda install pynvml` for GPU usage
2026-07-19 09:42:44,854 kilosort.clustering_qr DEBUG    GPU memory:   22.31 %     |      0.89   /     4.00 GB
2026-07-19 09:42:44,854 kilosort.clustering_qr DEBUG    Allocated:     0.28 %     |      0.01   /     4.00 GB
2026-07-19 09:42:44,854 kilosort.clustering_qr DEBUG    Max alloc:     1.14 %     |      0.05   /     4.00 GB
2026-07-19 09:42:44,854 kilosort.clustering_qr DEBUG    ********************************************************
2026-07-19 09:42:44,906 kilosort.clustering_qr DEBUG    Center 89 | Xd shape: torch.Size([9626, 90]) | ntemp: 16
2026-07-19 09:42:46,454 kilosort.clustering_qr DEBUG    Center 90 | Xd shape: torch.Size([8918, 90]) | ntemp: 16
2026-07-19 09:42:47,860 kilosort.clustering_qr DEBUG    Center 91 | Xd shape: torch.Size([6534, 90]) | ntemp: 16
2026-07-19 09:42:49,241 kilosort.clustering_qr DEBUG    Center 92 | Xd shape: torch.Size([9221, 84]) | ntemp: 16
2026-07-19 09:42:50,756 kilosort.clustering_qr DEBUG    Center 93 | Xd shape: torch.Size([8509, 78]) | ntemp: 16
2026-07-19 09:42:52,170 kilosort.clustering_qr DEBUG    Center 94 | Xd shape: torch.Size([7412, 78]) | ntemp: 16
2026-07-19 09:42:53,586 kilosort.clustering_qr DEBUG    Center 95 | Xd shape: torch.Size([5657, 78]) | ntemp: 12
2026-07-19 09:42:55,400 kilosort.run_kilosort INFO     247 clusters found, in 131.70s; total 3122.40s
2026-07-19 09:42:55,400 kilosort.run_kilosort DEBUG    clu shape: (558235,)
2026-07-19 09:42:55,400 kilosort.run_kilosort DEBUG    Wall shape: torch.Size([247, 383, 3])
2026-07-19 09:42:55,400 kilosort.run_kilosort INFO      
2026-07-19 09:42:55,400 kilosort.run_kilosort INFO     Resource usage after first clustering
2026-07-19 09:42:55,400 kilosort.run_kilosort INFO     ********************************************************
2026-07-19 09:42:55,400 kilosort.run_kilosort INFO     CPU usage:     0.00 %
2026-07-19 09:42:55,400 kilosort.run_kilosort INFO     Mem used:     58.40 %     |       9.13 GB
2026-07-19 09:42:55,400 kilosort.run_kilosort INFO     Mem avail:     6.51 / 15.65 GB
2026-07-19 09:42:55,400 kilosort.run_kilosort INFO     ------------------------------------------------------
2026-07-19 09:42:55,400 kilosort.run_kilosort INFO     GPU usage:    `conda install pynvml` for GPU usage
2026-07-19 09:42:55,400 kilosort.run_kilosort INFO     GPU memory:   30.08 %     |      1.20   /     4.00 GB
2026-07-19 09:42:55,400 kilosort.run_kilosort INFO     Allocated:     0.31 %     |      0.01   /     4.00 GB
2026-07-19 09:42:55,400 kilosort.run_kilosort INFO     Max alloc:     7.29 %     |      0.29   /     4.00 GB
2026-07-19 09:42:55,400 kilosort.run_kilosort INFO     ********************************************************
2026-07-19 09:42:55,400 kilosort.run_kilosort DEBUG    
2026-07-19 09:42:55,400 kilosort.run_kilosort DEBUG    --------------------
2026-07-19 09:42:55,400 kilosort.run_kilosort DEBUG    Process thread count: N/A (linux only)
2026-07-19 09:42:55,400 kilosort.run_kilosort DEBUG    num torch threads: 8
2026-07-19 09:42:55,400 kilosort.run_kilosort DEBUG    --------------------

2026-07-19 09:42:55,400 kilosort.run_kilosort INFO      
2026-07-19 09:42:55,400 kilosort.run_kilosort INFO     Extracting spikes using cluster waveforms
2026-07-19 09:42:55,400 kilosort.run_kilosort INFO     ----------------------------------------
2026-07-19 09:42:55,524 kilosort.template_matching DEBUG     
2026-07-19 09:42:55,524 kilosort.template_matching DEBUG    Batch 0
2026-07-19 09:42:55,524 kilosort.template_matching DEBUG    ********************************************************
2026-07-19 09:42:55,524 kilosort.template_matching DEBUG    CPU usage:    25.00 %
2026-07-19 09:42:55,524 kilosort.template_matching DEBUG    Mem used:     60.10 %     |       9.40 GB
2026-07-19 09:42:55,524 kilosort.template_matching DEBUG    Mem avail:     6.25 / 15.65 GB
2026-07-19 09:42:55,524 kilosort.template_matching DEBUG    ------------------------------------------------------
2026-07-19 09:42:55,524 kilosort.template_matching DEBUG    GPU usage:    `conda install pynvml` for GPU usage
2026-07-19 09:42:55,524 kilosort.template_matching DEBUG    GPU memory:   30.08 %     |      1.20   /     4.00 GB
2026-07-19 09:42:55,524 kilosort.template_matching DEBUG    Allocated:     0.93 %     |      0.04   /     4.00 GB
2026-07-19 09:42:55,524 kilosort.template_matching DEBUG    Max alloc:     1.02 %     |      0.04   /     4.00 GB
2026-07-19 09:42:55,524 kilosort.template_matching DEBUG    ********************************************************
2026-07-19 09:45:19,618 kilosort.template_matching DEBUG     
2026-07-19 09:45:19,618 kilosort.template_matching DEBUG    Batch 100
2026-07-19 09:45:19,618 kilosort.template_matching DEBUG    ********************************************************
2026-07-19 09:45:19,618 kilosort.template_matching DEBUG    CPU usage:    13.60 %
2026-07-19 09:45:19,618 kilosort.template_matching DEBUG    Mem used:     60.30 %     |       9.43 GB
2026-07-19 09:45:19,618 kilosort.template_matching DEBUG    Mem avail:     6.22 / 15.65 GB
2026-07-19 09:45:19,618 kilosort.template_matching DEBUG    ------------------------------------------------------
2026-07-19 09:45:19,618 kilosort.template_matching DEBUG    GPU usage:    `conda install pynvml` for GPU usage
2026-07-19 09:45:19,618 kilosort.template_matching DEBUG    GPU memory:   64.90 %     |      2.60   /     4.00 GB
2026-07-19 09:45:19,618 kilosort.template_matching DEBUG    Allocated:     5.29 %     |      0.21   /     4.00 GB
2026-07-19 09:45:19,618 kilosort.template_matching DEBUG    Max alloc:    35.60 %     |      1.42   /     4.00 GB
2026-07-19 09:45:19,618 kilosort.template_matching DEBUG    ********************************************************
2026-07-19 09:45:28,630 kilosort.template_matching DEBUG     
2026-07-19 09:45:28,630 kilosort.template_matching DEBUG    Batch 109
2026-07-19 09:45:28,636 kilosort.template_matching DEBUG    ********************************************************
2026-07-19 09:45:28,636 kilosort.template_matching DEBUG    CPU usage:    14.80 %
2026-07-19 09:45:28,636 kilosort.template_matching DEBUG    Mem used:     60.30 %     |       9.43 GB
2026-07-19 09:45:28,636 kilosort.template_matching DEBUG    Mem avail:     6.22 / 15.65 GB
2026-07-19 09:45:28,636 kilosort.template_matching DEBUG    ------------------------------------------------------
2026-07-19 09:45:28,636 kilosort.template_matching DEBUG    GPU usage:    `conda install pynvml` for GPU usage
2026-07-19 09:45:28,636 kilosort.template_matching DEBUG    GPU memory:   64.90 %     |      2.60   /     4.00 GB
2026-07-19 09:45:28,636 kilosort.template_matching DEBUG    Allocated:     5.32 %     |      0.21   /     4.00 GB
2026-07-19 09:45:28,636 kilosort.template_matching DEBUG    Max alloc:    35.60 %     |      1.42   /     4.00 GB
2026-07-19 09:45:28,636 kilosort.template_matching DEBUG    ********************************************************
2026-07-19 09:45:28,874 kilosort.run_kilosort DEBUG    
2026-07-19 09:45:28,874 kilosort.run_kilosort DEBUG    --------------------
2026-07-19 09:45:28,874 kilosort.run_kilosort DEBUG    Process thread count: N/A (linux only)
2026-07-19 09:45:28,874 kilosort.run_kilosort DEBUG    num torch threads: 8
2026-07-19 09:45:28,874 kilosort.run_kilosort DEBUG    --------------------

2026-07-19 09:45:28,884 kilosort.run_kilosort INFO     727438 spikes extracted in 153.47s; total 3275.88s
2026-07-19 09:45:28,884 kilosort.run_kilosort DEBUG    st shape: (727438, 3)
2026-07-19 09:45:28,884 kilosort.run_kilosort DEBUG    tF shape: torch.Size([727438, 25, 3])
2026-07-19 09:45:28,884 kilosort.run_kilosort DEBUG    iCC shape: torch.Size([25, 383])
2026-07-19 09:45:28,884 kilosort.run_kilosort DEBUG    iU shape: torch.Size([233])
2026-07-19 09:45:28,884 kilosort.run_kilosort DEBUG    

|===========================================================================|
|                  PyTorch CUDA memory summary, device ID 0                 |
|---------------------------------------------------------------------------|
|            CUDA OOMs: 0            |        cudaMalloc retries: 0         |
|===========================================================================|
|        Metric         | Cur Usage  | Peak Usage | Tot Alloc  | Tot Freed  |
|---------------------------------------------------------------------------|
| Allocated memory      |  12965 KiB |   1457 MiB |  28403 GiB |  28403 GiB |
|---------------------------------------------------------------------------|
| Active memory         |  12965 KiB |   1457 MiB |  28403 GiB |  28403 GiB |
|---------------------------------------------------------------------------|
| Requested memory      |  12961 KiB |   1457 MiB |  28391 GiB |  28391 GiB |
|---------------------------------------------------------------------------|
| GPU reserved memory   |   1794 MiB |   1794 MiB |    973 GiB |    971 GiB |
|---------------------------------------------------------------------------|
| Non-releasable memory |  64859 KiB |    885 MiB |  10938 GiB |  10938 GiB |
|---------------------------------------------------------------------------|
| Allocations           |      13    |      45    |    1590 K  |    1590 K  |
|---------------------------------------------------------------------------|
| Active allocs         |      13    |      45    |    1590 K  |    1590 K  |
|---------------------------------------------------------------------------|
| GPU reserved segments |      15    |      15    |    2872    |    2857    |
|---------------------------------------------------------------------------|
| Non-releasable allocs |      12    |      23    |  625222    |  625210    |
|---------------------------------------------------------------------------|
| Oversize allocations  |       0    |       0    |       0    |       0    |
|---------------------------------------------------------------------------|
| Oversize GPU segments |       0    |       0    |       0    |       0    |
|===========================================================================|


2026-07-19 09:45:28,884 kilosort.run_kilosort INFO      
2026-07-19 09:45:28,884 kilosort.run_kilosort INFO     Resource usage after spike detect (learned)
2026-07-19 09:45:28,884 kilosort.run_kilosort INFO     ********************************************************
2026-07-19 09:45:28,884 kilosort.run_kilosort INFO     CPU usage:     0.00 %
2026-07-19 09:45:28,884 kilosort.run_kilosort INFO     Mem used:     60.60 %     |       9.48 GB
2026-07-19 09:45:28,884 kilosort.run_kilosort INFO     Mem avail:     6.17 / 15.65 GB
2026-07-19 09:45:28,884 kilosort.run_kilosort INFO     ------------------------------------------------------
2026-07-19 09:45:28,884 kilosort.run_kilosort INFO     GPU usage:    `conda install pynvml` for GPU usage
2026-07-19 09:45:28,884 kilosort.run_kilosort INFO     GPU memory:   64.90 %     |      2.60   /     4.00 GB
2026-07-19 09:45:28,884 kilosort.run_kilosort INFO     Allocated:     0.31 %     |      0.01   /     4.00 GB
2026-07-19 09:45:28,884 kilosort.run_kilosort INFO     Max alloc:    35.60 %     |      1.42   /     4.00 GB
2026-07-19 09:45:28,884 kilosort.run_kilosort INFO     ********************************************************
2026-07-19 09:45:28,894 kilosort.run_kilosort DEBUG    
2026-07-19 09:45:28,894 kilosort.run_kilosort DEBUG    --------------------
2026-07-19 09:45:28,894 kilosort.run_kilosort DEBUG    Process thread count: N/A (linux only)
2026-07-19 09:45:28,894 kilosort.run_kilosort DEBUG    num torch threads: 8
2026-07-19 09:45:28,894 kilosort.run_kilosort DEBUG    --------------------

2026-07-19 09:45:28,894 kilosort.run_kilosort INFO     Generating diagnostic plots ...
2026-07-19 09:45:31,968 kilosort.run_kilosort INFO      
2026-07-19 09:45:31,968 kilosort.run_kilosort INFO     Final clustering
2026-07-19 09:45:31,968 kilosort.run_kilosort INFO     ----------------------------------------
2026-07-19 09:45:32,080 kilosort.clustering_qr DEBUG    Center 2 | Xd shape: torch.Size([9327, 78]) | ntemp: 3
2026-07-19 09:45:39,702 kilosort.clustering_qr DEBUG    Center 3 | Xd shape: torch.Size([3688, 75]) | ntemp: 1
2026-07-19 09:45:41,241 kilosort.clustering_qr DEBUG    Center 4 | Xd shape: torch.Size([1007, 75]) | ntemp: 1
2026-07-19 09:45:42,345 kilosort.clustering_qr DEBUG    Center 5 | Xd shape: torch.Size([10647, 84]) | ntemp: 5
2026-07-19 09:45:43,904 kilosort.clustering_qr DEBUG    Center 6 | Xd shape: torch.Size([3115, 75]) | ntemp: 1
2026-07-19 09:45:45,295 kilosort.clustering_qr DEBUG    Center 7 | Xd shape: torch.Size([7157, 75]) | ntemp: 1
2026-07-19 09:45:46,865 kilosort.clustering_qr DEBUG    Center 8 | Xd shape: torch.Size([6871, 75]) | ntemp: 2
2026-07-19 09:45:48,227 kilosort.clustering_qr DEBUG    Center 9 | Xd shape: torch.Size([5383, 75]) | ntemp: 1
2026-07-19 09:45:49,677 kilosort.clustering_qr DEBUG    Center 10 | Xd shape: torch.Size([37398, 81]) | ntemp: 3
2026-07-19 09:45:51,984 kilosort.clustering_qr DEBUG     
2026-07-19 09:45:51,984 kilosort.clustering_qr DEBUG    Cluster center: 11 (10/87)
2026-07-19 09:45:51,984 kilosort.clustering_qr DEBUG    ********************************************************
2026-07-19 09:45:51,984 kilosort.clustering_qr DEBUG    CPU usage:    16.50 %
2026-07-19 09:45:51,984 kilosort.clustering_qr DEBUG    Mem used:     59.20 %     |       9.26 GB
2026-07-19 09:45:51,984 kilosort.clustering_qr DEBUG    Mem avail:     6.39 / 15.65 GB
2026-07-19 09:45:51,984 kilosort.clustering_qr DEBUG    ------------------------------------------------------
2026-07-19 09:45:51,984 kilosort.clustering_qr DEBUG    GPU usage:    `conda install pynvml` for GPU usage
2026-07-19 09:45:51,984 kilosort.clustering_qr DEBUG    GPU memory:   22.36 %     |      0.89   /     4.00 GB
2026-07-19 09:45:51,984 kilosort.clustering_qr DEBUG    Allocated:     0.29 %     |      0.01   /     4.00 GB
2026-07-19 09:45:51,984 kilosort.clustering_qr DEBUG    Max alloc:     2.85 %     |      0.11   /     4.00 GB
2026-07-19 09:45:51,984 kilosort.clustering_qr DEBUG    ********************************************************
2026-07-19 09:45:52,015 kilosort.clustering_qr DEBUG    Center 11 | Xd shape: torch.Size([4246, 75]) | ntemp: 1
2026-07-19 09:45:53,399 kilosort.clustering_qr DEBUG    Center 12 | Xd shape: torch.Size([10934, 84]) | ntemp: 3
2026-07-19 09:45:54,923 kilosort.clustering_qr DEBUG    Center 13 | Xd shape: torch.Size([2566, 75]) | ntemp: 1
2026-07-19 09:45:56,499 kilosort.clustering_qr DEBUG    Center 14 | Xd shape: torch.Size([6845, 84]) | ntemp: 4
2026-07-19 09:45:57,917 kilosort.clustering_qr DEBUG    Center 15 | Xd shape: torch.Size([6629, 81]) | ntemp: 3
2026-07-19 09:45:59,517 kilosort.clustering_qr DEBUG    Center 16 | Xd shape: torch.Size([11740, 84]) | ntemp: 6
2026-07-19 09:46:01,273 kilosort.clustering_qr DEBUG    Center 17 | Xd shape: torch.Size([9816, 78]) | ntemp: 5
2026-07-19 09:46:02,741 kilosort.clustering_qr DEBUG    Center 18 | Xd shape: torch.Size([10829, 81]) | ntemp: 9
2026-07-19 09:46:04,227 kilosort.clustering_qr DEBUG    Center 19 | Xd shape: torch.Size([6938, 78]) | ntemp: 8
2026-07-19 09:46:05,723 kilosort.clustering_qr DEBUG    Center 20 | Xd shape: torch.Size([10493, 78]) | ntemp: 5
2026-07-19 09:46:07,350 kilosort.clustering_qr DEBUG     
2026-07-19 09:46:07,350 kilosort.clustering_qr DEBUG    Cluster center: 21 (20/87)
2026-07-19 09:46:07,350 kilosort.clustering_qr DEBUG    ********************************************************
2026-07-19 09:46:07,350 kilosort.clustering_qr DEBUG    CPU usage:    20.20 %
2026-07-19 09:46:07,350 kilosort.clustering_qr DEBUG    Mem used:     59.00 %     |       9.24 GB
2026-07-19 09:46:07,350 kilosort.clustering_qr DEBUG    Mem avail:     6.41 / 15.65 GB
2026-07-19 09:46:07,350 kilosort.clustering_qr DEBUG    ------------------------------------------------------
2026-07-19 09:46:07,350 kilosort.clustering_qr DEBUG    GPU usage:    `conda install pynvml` for GPU usage
2026-07-19 09:46:07,350 kilosort.clustering_qr DEBUG    GPU memory:   22.36 %     |      0.89   /     4.00 GB
2026-07-19 09:46:07,350 kilosort.clustering_qr DEBUG    Allocated:     0.29 %     |      0.01   /     4.00 GB
2026-07-19 09:46:07,350 kilosort.clustering_qr DEBUG    Max alloc:     2.85 %     |      0.11   /     4.00 GB
2026-07-19 09:46:07,350 kilosort.clustering_qr DEBUG    ********************************************************
2026-07-19 09:46:07,381 kilosort.clustering_qr DEBUG    Center 21 | Xd shape: torch.Size([4908, 81]) | ntemp: 3
2026-07-19 09:46:08,758 kilosort.clustering_qr DEBUG    Center 22 | Xd shape: torch.Size([14715, 81]) | ntemp: 4
2026-07-19 09:46:10,356 kilosort.clustering_qr DEBUG    Center 23 | Xd shape: torch.Size([10750, 81]) | ntemp: 5
2026-07-19 09:46:11,857 kilosort.clustering_qr DEBUG    Center 24 | Xd shape: torch.Size([4113, 81]) | ntemp: 3
2026-07-19 09:46:13,148 kilosort.clustering_qr DEBUG    Center 25 | Xd shape: torch.Size([5858, 81]) | ntemp: 2
2026-07-19 09:46:14,509 kilosort.clustering_qr DEBUG    Center 26 | Xd shape: torch.Size([4249, 78]) | ntemp: 2
2026-07-19 09:46:15,905 kilosort.clustering_qr DEBUG    Center 27 | Xd shape: torch.Size([5160, 81]) | ntemp: 2
2026-07-19 09:46:17,356 kilosort.clustering_qr DEBUG    Center 28 | Xd shape: torch.Size([9726, 75]) | ntemp: 2
2026-07-19 09:46:18,936 kilosort.clustering_qr DEBUG    Center 29 | Xd shape: torch.Size([12041, 84]) | ntemp: 4
2026-07-19 09:46:20,606 kilosort.clustering_qr DEBUG    Center 30 | Xd shape: torch.Size([5592, 81]) | ntemp: 4
2026-07-19 09:46:21,873 kilosort.clustering_qr DEBUG     
2026-07-19 09:46:21,873 kilosort.clustering_qr DEBUG    Cluster center: 31 (30/87)
2026-07-19 09:46:21,873 kilosort.clustering_qr DEBUG    ********************************************************
2026-07-19 09:46:21,873 kilosort.clustering_qr DEBUG    CPU usage:    19.10 %
2026-07-19 09:46:21,873 kilosort.clustering_qr DEBUG    Mem used:     58.90 %     |       9.22 GB
2026-07-19 09:46:21,873 kilosort.clustering_qr DEBUG    Mem avail:     6.43 / 15.65 GB
2026-07-19 09:46:21,883 kilosort.clustering_qr DEBUG    ------------------------------------------------------
2026-07-19 09:46:21,883 kilosort.clustering_qr DEBUG    GPU usage:    `conda install pynvml` for GPU usage
2026-07-19 09:46:21,883 kilosort.clustering_qr DEBUG    GPU memory:   22.36 %     |      0.89   /     4.00 GB
2026-07-19 09:46:21,883 kilosort.clustering_qr DEBUG    Allocated:     0.29 %     |      0.01   /     4.00 GB
2026-07-19 09:46:21,883 kilosort.clustering_qr DEBUG    Max alloc:     2.85 %     |      0.11   /     4.00 GB
2026-07-19 09:46:21,883 kilosort.clustering_qr DEBUG    ********************************************************
2026-07-19 09:46:21,893 kilosort.clustering_qr DEBUG    Center 31 | Xd shape: torch.Size([1591, 75]) | ntemp: 2
2026-07-19 09:46:23,357 kilosort.clustering_qr DEBUG    Center 32 | Xd shape: torch.Size([1625, 75]) | ntemp: 1
2026-07-19 09:46:24,755 kilosort.clustering_qr DEBUG    Center 33 | Xd shape: torch.Size([9026, 81]) | ntemp: 4
2026-07-19 09:46:26,320 kilosort.clustering_qr DEBUG    Center 34 | Xd shape: torch.Size([10656, 81]) | ntemp: 3
2026-07-19 09:46:27,782 kilosort.clustering_qr DEBUG    Center 35 | Xd shape: torch.Size([19942, 81]) | ntemp: 4
2026-07-19 09:46:29,504 kilosort.clustering_qr DEBUG    Center 36 | Xd shape: torch.Size([8654, 78]) | ntemp: 6
2026-07-19 09:46:31,022 kilosort.clustering_qr DEBUG    Center 37 | Xd shape: torch.Size([5116, 75]) | ntemp: 2
2026-07-19 09:46:32,401 kilosort.clustering_qr DEBUG    Center 38 | Xd shape: torch.Size([10804, 78]) | ntemp: 2
2026-07-19 09:46:34,060 kilosort.clustering_qr DEBUG    Center 39 | Xd shape: torch.Size([8016, 81]) | ntemp: 3
2026-07-19 09:46:35,552 kilosort.clustering_qr DEBUG    Center 40 | Xd shape: torch.Size([17836, 78]) | ntemp: 5
2026-07-19 09:46:37,499 kilosort.clustering_qr DEBUG     
2026-07-19 09:46:37,499 kilosort.clustering_qr DEBUG    Cluster center: 41 (40/87)
2026-07-19 09:46:37,499 kilosort.clustering_qr DEBUG    ********************************************************
2026-07-19 09:46:37,499 kilosort.clustering_qr DEBUG    CPU usage:    19.60 %
2026-07-19 09:46:37,499 kilosort.clustering_qr DEBUG    Mem used:     59.20 %     |       9.26 GB
2026-07-19 09:46:37,499 kilosort.clustering_qr DEBUG    Mem avail:     6.39 / 15.65 GB
2026-07-19 09:46:37,499 kilosort.clustering_qr DEBUG    ------------------------------------------------------
2026-07-19 09:46:37,499 kilosort.clustering_qr DEBUG    GPU usage:    `conda install pynvml` for GPU usage
2026-07-19 09:46:37,499 kilosort.clustering_qr DEBUG    GPU memory:   22.36 %     |      0.89   /     4.00 GB
2026-07-19 09:46:37,499 kilosort.clustering_qr DEBUG    Allocated:     0.29 %     |      0.01   /     4.00 GB
2026-07-19 09:46:37,499 kilosort.clustering_qr DEBUG    Max alloc:     2.85 %     |      0.11   /     4.00 GB
2026-07-19 09:46:37,499 kilosort.clustering_qr DEBUG    ********************************************************
2026-07-19 09:46:37,541 kilosort.clustering_qr DEBUG    Center 41 | Xd shape: torch.Size([8077, 81]) | ntemp: 3
2026-07-19 09:46:39,088 kilosort.clustering_qr DEBUG    Center 42 | Xd shape: torch.Size([12706, 84]) | ntemp: 5
2026-07-19 09:46:40,769 kilosort.clustering_qr DEBUG    Center 43 | Xd shape: torch.Size([10833, 78]) | ntemp: 4
2026-07-19 09:46:42,167 kilosort.clustering_qr DEBUG    Center 44 | Xd shape: torch.Size([10506, 78]) | ntemp: 4
2026-07-19 09:46:43,629 kilosort.clustering_qr DEBUG    Center 45 | Xd shape: torch.Size([6311, 81]) | ntemp: 4
2026-07-19 09:46:45,103 kilosort.clustering_qr DEBUG    Center 46 | Xd shape: torch.Size([18845, 81]) | ntemp: 6
2026-07-19 09:46:46,820 kilosort.clustering_qr DEBUG    Center 47 | Xd shape: torch.Size([10278, 75]) | ntemp: 4
2026-07-19 09:46:48,299 kilosort.clustering_qr DEBUG    Center 48 | Xd shape: torch.Size([17017, 81]) | ntemp: 7
2026-07-19 09:46:50,120 kilosort.clustering_qr DEBUG    Center 49 | Xd shape: torch.Size([11596, 81]) | ntemp: 4
2026-07-19 09:46:51,636 kilosort.clustering_qr DEBUG    Center 50 | Xd shape: torch.Size([6118, 81]) | ntemp: 2
2026-07-19 09:46:53,069 kilosort.clustering_qr DEBUG     
2026-07-19 09:46:53,069 kilosort.clustering_qr DEBUG    Cluster center: 51 (50/87)
2026-07-19 09:46:53,069 kilosort.clustering_qr DEBUG    ********************************************************
2026-07-19 09:46:53,069 kilosort.clustering_qr DEBUG    CPU usage:    19.80 %
2026-07-19 09:46:53,069 kilosort.clustering_qr DEBUG    Mem used:     59.10 %     |       9.25 GB
2026-07-19 09:46:53,069 kilosort.clustering_qr DEBUG    Mem avail:     6.40 / 15.65 GB
2026-07-19 09:46:53,069 kilosort.clustering_qr DEBUG    ------------------------------------------------------
2026-07-19 09:46:53,069 kilosort.clustering_qr DEBUG    GPU usage:    `conda install pynvml` for GPU usage
2026-07-19 09:46:53,069 kilosort.clustering_qr DEBUG    GPU memory:   22.36 %     |      0.89   /     4.00 GB
2026-07-19 09:46:53,069 kilosort.clustering_qr DEBUG    Allocated:     0.29 %     |      0.01   /     4.00 GB
2026-07-19 09:46:53,069 kilosort.clustering_qr DEBUG    Max alloc:     2.85 %     |      0.11   /     4.00 GB
2026-07-19 09:46:53,069 kilosort.clustering_qr DEBUG    ********************************************************
2026-07-19 09:46:53,131 kilosort.clustering_qr DEBUG    Center 51 | Xd shape: torch.Size([15175, 84]) | ntemp: 8
2026-07-19 09:46:54,816 kilosort.clustering_qr DEBUG    Center 52 | Xd shape: torch.Size([7108, 78]) | ntemp: 3
2026-07-19 09:46:56,297 kilosort.clustering_qr DEBUG    Center 53 | Xd shape: torch.Size([13862, 78]) | ntemp: 3
2026-07-19 09:46:57,862 kilosort.clustering_qr DEBUG    Center 54 | Xd shape: torch.Size([8698, 81]) | ntemp: 3
2026-07-19 09:46:59,054 kilosort.clustering_qr DEBUG    Center 55 | Xd shape: torch.Size([4341, 75]) | ntemp: 2
2026-07-19 09:47:00,496 kilosort.clustering_qr DEBUG    Center 56 | Xd shape: torch.Size([742, 75]) | ntemp: 1
2026-07-19 09:47:00,517 kilosort.clustering_qr DEBUG    Center 57 | Xd shape: torch.Size([1133, 75]) | ntemp: 1
2026-07-19 09:47:01,730 kilosort.clustering_qr DEBUG    Center 58 | Xd shape: torch.Size([1897, 75]) | ntemp: 1
2026-07-19 09:47:03,181 kilosort.clustering_qr DEBUG    Center 60 | Xd shape: torch.Size([12416, 75]) | ntemp: 3
2026-07-19 09:47:04,811 kilosort.clustering_qr DEBUG    Center 61 | Xd shape: torch.Size([5729, 75]) | ntemp: 2
2026-07-19 09:47:06,209 kilosort.clustering_qr DEBUG     
2026-07-19 09:47:06,209 kilosort.clustering_qr DEBUG    Cluster center: 63 (60/87)
2026-07-19 09:47:06,209 kilosort.clustering_qr DEBUG    ********************************************************
2026-07-19 09:47:06,209 kilosort.clustering_qr DEBUG    CPU usage:    18.90 %
2026-07-19 09:47:06,209 kilosort.clustering_qr DEBUG    Mem used:     59.10 %     |       9.24 GB
2026-07-19 09:47:06,209 kilosort.clustering_qr DEBUG    Mem avail:     6.40 / 15.65 GB
2026-07-19 09:47:06,209 kilosort.clustering_qr DEBUG    ------------------------------------------------------
2026-07-19 09:47:06,209 kilosort.clustering_qr DEBUG    GPU usage:    `conda install pynvml` for GPU usage
2026-07-19 09:47:06,209 kilosort.clustering_qr DEBUG    GPU memory:   22.36 %     |      0.89   /     4.00 GB
2026-07-19 09:47:06,209 kilosort.clustering_qr DEBUG    Allocated:     0.29 %     |      0.01   /     4.00 GB
2026-07-19 09:47:06,209 kilosort.clustering_qr DEBUG    Max alloc:     2.85 %     |      0.11   /     4.00 GB
2026-07-19 09:47:06,209 kilosort.clustering_qr DEBUG    ********************************************************
2026-07-19 09:47:06,271 kilosort.clustering_qr DEBUG    Center 63 | Xd shape: torch.Size([28213, 75]) | ntemp: 5
2026-07-19 09:47:08,167 kilosort.clustering_qr DEBUG    Center 65 | Xd shape: torch.Size([6907, 75]) | ntemp: 1
2026-07-19 09:47:09,606 kilosort.clustering_qr DEBUG    Center 66 | Xd shape: torch.Size([13536, 75]) | ntemp: 2
2026-07-19 09:47:11,265 kilosort.clustering_qr DEBUG    Center 68 | Xd shape: torch.Size([8764, 75]) | ntemp: 2
2026-07-19 09:47:12,747 kilosort.clustering_qr DEBUG    Center 70 | Xd shape: torch.Size([14870, 75]) | ntemp: 2
2026-07-19 09:47:14,318 kilosort.clustering_qr DEBUG    Center 72 | Xd shape: torch.Size([10757, 81]) | ntemp: 2
2026-07-19 09:47:15,770 kilosort.clustering_qr DEBUG    Center 73 | Xd shape: torch.Size([5483, 75]) | ntemp: 1
2026-07-19 09:47:17,192 kilosort.clustering_qr DEBUG    Center 74 | Xd shape: torch.Size([5659, 75]) | ntemp: 1
2026-07-19 09:47:18,524 kilosort.clustering_qr DEBUG    Center 75 | Xd shape: torch.Size([6151, 75]) | ntemp: 1
2026-07-19 09:47:19,920 kilosort.clustering_qr DEBUG    Center 76 | Xd shape: torch.Size([7308, 75]) | ntemp: 1
2026-07-19 09:47:21,384 kilosort.clustering_qr DEBUG     
2026-07-19 09:47:21,384 kilosort.clustering_qr DEBUG    Cluster center: 77 (70/87)
2026-07-19 09:47:21,384 kilosort.clustering_qr DEBUG    ********************************************************
2026-07-19 09:47:21,384 kilosort.clustering_qr DEBUG    CPU usage:    19.80 %
2026-07-19 09:47:21,384 kilosort.clustering_qr DEBUG    Mem used:     59.00 %     |       9.24 GB
2026-07-19 09:47:21,384 kilosort.clustering_qr DEBUG    Mem avail:     6.41 / 15.65 GB
2026-07-19 09:47:21,384 kilosort.clustering_qr DEBUG    ------------------------------------------------------
2026-07-19 09:47:21,384 kilosort.clustering_qr DEBUG    GPU usage:    `conda install pynvml` for GPU usage
2026-07-19 09:47:21,384 kilosort.clustering_qr DEBUG    GPU memory:   22.36 %     |      0.89   /     4.00 GB
2026-07-19 09:47:21,395 kilosort.clustering_qr DEBUG    Allocated:     0.29 %     |      0.01   /     4.00 GB
2026-07-19 09:47:21,395 kilosort.clustering_qr DEBUG    Max alloc:     2.85 %     |      0.11   /     4.00 GB
2026-07-19 09:47:21,395 kilosort.clustering_qr DEBUG    ********************************************************
2026-07-19 09:47:21,418 kilosort.clustering_qr DEBUG    Center 77 | Xd shape: torch.Size([6045, 75]) | ntemp: 1
2026-07-19 09:47:22,844 kilosort.clustering_qr DEBUG    Center 78 | Xd shape: torch.Size([4975, 75]) | ntemp: 1
2026-07-19 09:47:24,218 kilosort.clustering_qr DEBUG    Center 79 | Xd shape: torch.Size([10711, 78]) | ntemp: 2
2026-07-19 09:47:25,521 kilosort.clustering_qr DEBUG    Center 81 | Xd shape: torch.Size([7092, 75]) | ntemp: 1
2026-07-19 09:47:27,009 kilosort.clustering_qr DEBUG    Center 82 | Xd shape: torch.Size([4459, 75]) | ntemp: 1
2026-07-19 09:47:28,432 kilosort.clustering_qr DEBUG    Center 83 | Xd shape: torch.Size([5489, 75]) | ntemp: 1
2026-07-19 09:47:29,851 kilosort.clustering_qr DEBUG    Center 84 | Xd shape: torch.Size([5955, 75]) | ntemp: 1
2026-07-19 09:47:31,351 kilosort.clustering_qr DEBUG    Center 85 | Xd shape: torch.Size([6120, 75]) | ntemp: 1
2026-07-19 09:47:32,776 kilosort.clustering_qr DEBUG    Center 86 | Xd shape: torch.Size([5281, 75]) | ntemp: 1
2026-07-19 09:47:34,175 kilosort.clustering_qr DEBUG    Center 87 | Xd shape: torch.Size([3726, 75]) | ntemp: 1
2026-07-19 09:47:35,616 kilosort.clustering_qr DEBUG     
2026-07-19 09:47:35,616 kilosort.clustering_qr DEBUG    Cluster center: 88 (80/87)
2026-07-19 09:47:35,616 kilosort.clustering_qr DEBUG    ********************************************************
2026-07-19 09:47:35,616 kilosort.clustering_qr DEBUG    CPU usage:    19.00 %
2026-07-19 09:47:35,616 kilosort.clustering_qr DEBUG    Mem used:     59.10 %     |       9.25 GB
2026-07-19 09:47:35,616 kilosort.clustering_qr DEBUG    Mem avail:     6.40 / 15.65 GB
2026-07-19 09:47:35,616 kilosort.clustering_qr DEBUG    ------------------------------------------------------
2026-07-19 09:47:35,616 kilosort.clustering_qr DEBUG    GPU usage:    `conda install pynvml` for GPU usage
2026-07-19 09:47:35,616 kilosort.clustering_qr DEBUG    GPU memory:   22.36 %     |      0.89   /     4.00 GB
2026-07-19 09:47:35,616 kilosort.clustering_qr DEBUG    Allocated:     0.29 %     |      0.01   /     4.00 GB
2026-07-19 09:47:35,616 kilosort.clustering_qr DEBUG    Max alloc:     2.85 %     |      0.11   /     4.00 GB
2026-07-19 09:47:35,616 kilosort.clustering_qr DEBUG    ********************************************************
2026-07-19 09:47:35,626 kilosort.clustering_qr DEBUG    Center 88 | Xd shape: torch.Size([5827, 75]) | ntemp: 1
2026-07-19 09:47:37,075 kilosort.clustering_qr DEBUG    Center 89 | Xd shape: torch.Size([6429, 75]) | ntemp: 1
2026-07-19 09:47:38,458 kilosort.clustering_qr DEBUG    Center 90 | Xd shape: torch.Size([4955, 75]) | ntemp: 1
2026-07-19 09:47:39,853 kilosort.clustering_qr DEBUG    Center 91 | Xd shape: torch.Size([5328, 75]) | ntemp: 1
2026-07-19 09:47:41,189 kilosort.clustering_qr DEBUG    Center 92 | Xd shape: torch.Size([6276, 75]) | ntemp: 1
2026-07-19 09:47:42,711 kilosort.clustering_qr DEBUG    Center 93 | Xd shape: torch.Size([4916, 75]) | ntemp: 1
2026-07-19 09:47:44,069 kilosort.clustering_qr DEBUG    Center 94 | Xd shape: torch.Size([4165, 75]) | ntemp: 1
2026-07-19 09:47:45,416 kilosort.clustering_qr DEBUG    Center 95 | Xd shape: torch.Size([2646, 75]) | ntemp: 1
2026-07-19 09:47:46,767 kilosort.run_kilosort INFO     243 clusters found, in 134.80s; total 3413.78s
2026-07-19 09:47:46,767 kilosort.run_kilosort DEBUG    clu shape: (727438,)
2026-07-19 09:47:46,767 kilosort.run_kilosort DEBUG    Wall shape: torch.Size([243, 383, 3])
2026-07-19 09:47:46,767 kilosort.run_kilosort DEBUG    
2026-07-19 09:47:46,767 kilosort.run_kilosort DEBUG    --------------------
2026-07-19 09:47:46,767 kilosort.run_kilosort DEBUG    Process thread count: N/A (linux only)
2026-07-19 09:47:46,767 kilosort.run_kilosort DEBUG    num torch threads: 8
2026-07-19 09:47:46,767 kilosort.run_kilosort DEBUG    --------------------

2026-07-19 09:47:46,767 kilosort.run_kilosort INFO      
2026-07-19 09:47:46,767 kilosort.run_kilosort INFO     Merging clusters
2026-07-19 09:47:46,767 kilosort.run_kilosort INFO     ----------------------------------------
2026-07-19 09:47:48,440 kilosort.run_kilosort INFO     239 units found, in 1.67s; total 3415.45s
2026-07-19 09:47:48,440 kilosort.run_kilosort DEBUG    clu shape: (727438,)
2026-07-19 09:47:48,440 kilosort.run_kilosort DEBUG    Wall shape: torch.Size([239, 383, 3])
2026-07-19 09:47:48,440 kilosort.run_kilosort DEBUG    

|===========================================================================|
|                  PyTorch CUDA memory summary, device ID 0                 |
|---------------------------------------------------------------------------|
|            CUDA OOMs: 0            |        cudaMalloc retries: 0         |
|===========================================================================|
|        Metric         | Cur Usage  | Peak Usage | Tot Alloc  | Tot Freed  |
|---------------------------------------------------------------------------|
| Allocated memory      |  11919 KiB | 119445 KiB |  29241 GiB |  29241 GiB |
|---------------------------------------------------------------------------|
| Active memory         |  11919 KiB | 119445 KiB |  29241 GiB |  29241 GiB |
|---------------------------------------------------------------------------|
| Requested memory      |  11915 KiB | 119436 KiB |  29227 GiB |  29227 GiB |
|---------------------------------------------------------------------------|
| GPU reserved memory   |  53248 KiB |   1794 MiB |    974 GiB |    974 GiB |
|---------------------------------------------------------------------------|
| Non-releasable memory |  41329 KiB |  71064 KiB |  11744 GiB |  11744 GiB |
|---------------------------------------------------------------------------|
| Allocations           |      12    |      44    |    2680 K  |    2680 K  |
|---------------------------------------------------------------------------|
| Active allocs         |      12    |      44    |    2680 K  |    2680 K  |
|---------------------------------------------------------------------------|
| GPU reserved segments |       4    |      15    |    2979    |    2975    |
|---------------------------------------------------------------------------|
| Non-releasable allocs |      11    |      20    |    1048 K  |    1048 K  |
|---------------------------------------------------------------------------|
| Oversize allocations  |       0    |       0    |       0    |       0    |
|---------------------------------------------------------------------------|
| Oversize GPU segments |       0    |       0    |       0    |       0    |
|===========================================================================|


2026-07-19 09:47:48,440 kilosort.run_kilosort INFO      
2026-07-19 09:47:48,440 kilosort.run_kilosort INFO     Resource usage after clustering
2026-07-19 09:47:48,440 kilosort.run_kilosort INFO     ********************************************************
2026-07-19 09:47:48,440 kilosort.run_kilosort INFO     CPU usage:     0.00 %
2026-07-19 09:47:48,440 kilosort.run_kilosort INFO     Mem used:     60.30 %     |       9.43 GB
2026-07-19 09:47:48,440 kilosort.run_kilosort INFO     Mem avail:     6.22 / 15.65 GB
2026-07-19 09:47:48,440 kilosort.run_kilosort INFO     ------------------------------------------------------
2026-07-19 09:47:48,440 kilosort.run_kilosort INFO     GPU usage:    `conda install pynvml` for GPU usage
2026-07-19 09:47:48,440 kilosort.run_kilosort INFO     GPU memory:   22.36 %     |      0.89   /     4.00 GB
2026-07-19 09:47:48,440 kilosort.run_kilosort INFO     Allocated:     0.28 %     |      0.01   /     4.00 GB
2026-07-19 09:47:48,440 kilosort.run_kilosort INFO     Max alloc:     2.85 %     |      0.11   /     4.00 GB
2026-07-19 09:47:48,440 kilosort.run_kilosort INFO     ********************************************************
2026-07-19 09:47:48,481 kilosort.run_kilosort DEBUG    
2026-07-19 09:47:48,481 kilosort.run_kilosort DEBUG    --------------------
2026-07-19 09:47:48,481 kilosort.run_kilosort DEBUG    Process thread count: N/A (linux only)
2026-07-19 09:47:48,481 kilosort.run_kilosort DEBUG    num torch threads: 8
2026-07-19 09:47:48,481 kilosort.run_kilosort DEBUG    --------------------

2026-07-19 09:47:48,481 kilosort.run_kilosort INFO      
2026-07-19 09:47:48,481 kilosort.run_kilosort INFO     Saving to phy and computing refractory periods
2026-07-19 09:47:48,481 kilosort.run_kilosort INFO     ----------------------------------------
2026-07-19 09:47:48,625 kilosort.io  DEBUG     
2026-07-19 09:47:48,625 kilosort.io  DEBUG    save_to_phy, whitening
2026-07-19 09:47:48,625 kilosort.io  DEBUG    ********************************************************
2026-07-19 09:47:48,625 kilosort.io  DEBUG    CPU usage:    34.80 %
2026-07-19 09:47:48,625 kilosort.io  DEBUG    Mem used:     58.90 %     |       9.21 GB
2026-07-19 09:47:48,625 kilosort.io  DEBUG    Mem avail:     6.44 / 15.65 GB
2026-07-19 09:47:48,625 kilosort.io  DEBUG    ------------------------------------------------------
2026-07-19 09:47:48,625 kilosort.io  DEBUG    GPU usage:    `conda install pynvml` for GPU usage
2026-07-19 09:47:48,625 kilosort.io  DEBUG    GPU memory:   22.41 %     |      0.90   /     4.00 GB
2026-07-19 09:47:48,625 kilosort.io  DEBUG    Allocated:     0.30 %     |      0.01   /     4.00 GB
2026-07-19 09:47:48,625 kilosort.io  DEBUG    Max alloc:     0.34 %     |      0.01   /     4.00 GB
2026-07-19 09:47:48,625 kilosort.io  DEBUG    ********************************************************
2026-07-19 09:47:49,389 kilosort.io  DEBUG     
2026-07-19 09:47:49,389 kilosort.io  DEBUG    save_to_phy, spike positions
2026-07-19 09:47:49,399 kilosort.io  DEBUG    ********************************************************
2026-07-19 09:47:49,399 kilosort.io  DEBUG    CPU usage:    28.00 %
2026-07-19 09:47:49,400 kilosort.io  DEBUG    Mem used:     61.50 %     |       9.63 GB
2026-07-19 09:47:49,400 kilosort.io  DEBUG    Mem avail:     6.02 / 15.65 GB
2026-07-19 09:47:49,400 kilosort.io  DEBUG    ------------------------------------------------------
2026-07-19 09:47:49,400 kilosort.io  DEBUG    GPU usage:    `conda install pynvml` for GPU usage
2026-07-19 09:47:49,400 kilosort.io  DEBUG    GPU memory:   22.41 %     |      0.90   /     4.00 GB
2026-07-19 09:47:49,400 kilosort.io  DEBUG    Allocated:     0.30 %     |      0.01   /     4.00 GB
2026-07-19 09:47:49,400 kilosort.io  DEBUG    Max alloc:     0.30 %     |      0.01   /     4.00 GB
2026-07-19 09:47:49,400 kilosort.io  DEBUG    ********************************************************
2026-07-19 09:47:50,154 kilosort.io  DEBUG     
2026-07-19 09:47:50,154 kilosort.io  DEBUG    save_to_phy, remove duplicates
2026-07-19 09:47:50,154 kilosort.io  DEBUG    ********************************************************
2026-07-19 09:47:50,154 kilosort.io  DEBUG    CPU usage:    10.70 %
2026-07-19 09:47:50,154 kilosort.io  DEBUG    Mem used:     61.50 %     |       9.63 GB
2026-07-19 09:47:50,154 kilosort.io  DEBUG    Mem avail:     6.02 / 15.65 GB
2026-07-19 09:47:50,154 kilosort.io  DEBUG    ------------------------------------------------------
2026-07-19 09:47:50,154 kilosort.io  DEBUG    GPU usage:    `conda install pynvml` for GPU usage
2026-07-19 09:47:50,154 kilosort.io  DEBUG    GPU memory:   22.41 %     |      0.90   /     4.00 GB
2026-07-19 09:47:50,154 kilosort.io  DEBUG    Allocated:     0.30 %     |      0.01   /     4.00 GB
2026-07-19 09:47:50,154 kilosort.io  DEBUG    Max alloc:     0.30 %     |      0.01   /     4.00 GB
2026-07-19 09:47:50,154 kilosort.io  DEBUG    ********************************************************
2026-07-19 09:47:51,492 kilosort.io  DEBUG     
2026-07-19 09:47:51,492 kilosort.io  DEBUG    save_to_phy, template props
2026-07-19 09:47:51,508 kilosort.io  DEBUG    ********************************************************
2026-07-19 09:47:51,510 kilosort.io  DEBUG    CPU usage:    26.70 %
2026-07-19 09:47:51,510 kilosort.io  DEBUG    Mem used:     59.20 %     |       9.26 GB
2026-07-19 09:47:51,510 kilosort.io  DEBUG    Mem avail:     6.39 / 15.65 GB
2026-07-19 09:47:51,510 kilosort.io  DEBUG    ------------------------------------------------------
2026-07-19 09:47:51,510 kilosort.io  DEBUG    GPU usage:    `conda install pynvml` for GPU usage
2026-07-19 09:47:51,510 kilosort.io  DEBUG    GPU memory:   22.41 %     |      0.90   /     4.00 GB
2026-07-19 09:47:51,510 kilosort.io  DEBUG    Allocated:     0.30 %     |      0.01   /     4.00 GB
2026-07-19 09:47:51,510 kilosort.io  DEBUG    Max alloc:     0.30 %     |      0.01   /     4.00 GB
2026-07-19 09:47:51,510 kilosort.io  DEBUG    ********************************************************
2026-07-19 09:48:06,490 kilosort.io  DEBUG     
2026-07-19 09:48:06,490 kilosort.io  DEBUG    save_to_phy, pc features
2026-07-19 09:48:06,490 kilosort.io  DEBUG    ********************************************************
2026-07-19 09:48:06,490 kilosort.io  DEBUG    CPU usage:    14.90 %
2026-07-19 09:48:06,490 kilosort.io  DEBUG    Mem used:     61.10 %     |       9.56 GB
2026-07-19 09:48:06,490 kilosort.io  DEBUG    Mem avail:     6.08 / 15.65 GB
2026-07-19 09:48:06,490 kilosort.io  DEBUG    ------------------------------------------------------
2026-07-19 09:48:06,490 kilosort.io  DEBUG    GPU usage:    `conda install pynvml` for GPU usage
2026-07-19 09:48:06,506 kilosort.io  DEBUG    GPU memory:   22.41 %     |      0.90   /     4.00 GB
2026-07-19 09:48:06,506 kilosort.io  DEBUG    Allocated:     0.30 %     |      0.01   /     4.00 GB
2026-07-19 09:48:06,506 kilosort.io  DEBUG    Max alloc:     0.41 %     |      0.02   /     4.00 GB
2026-07-19 09:48:06,506 kilosort.io  DEBUG    ********************************************************
2026-07-19 09:48:06,998 kilosort.io  DEBUG     
2026-07-19 09:48:06,998 kilosort.io  DEBUG    save_to_phy, est contam
2026-07-19 09:48:06,998 kilosort.io  DEBUG    ********************************************************
2026-07-19 09:48:06,998 kilosort.io  DEBUG    CPU usage:    10.70 %
2026-07-19 09:48:06,998 kilosort.io  DEBUG    Mem used:     61.10 %     |       9.56 GB
2026-07-19 09:48:06,998 kilosort.io  DEBUG    Mem avail:     6.08 / 15.65 GB
2026-07-19 09:48:06,998 kilosort.io  DEBUG    ------------------------------------------------------
2026-07-19 09:48:06,998 kilosort.io  DEBUG    GPU usage:    `conda install pynvml` for GPU usage
2026-07-19 09:48:06,998 kilosort.io  DEBUG    GPU memory:   22.41 %     |      0.90   /     4.00 GB
2026-07-19 09:48:06,998 kilosort.io  DEBUG    Allocated:     0.30 %     |      0.01   /     4.00 GB
2026-07-19 09:48:06,998 kilosort.io  DEBUG    Max alloc:     0.30 %     |      0.01   /     4.00 GB
2026-07-19 09:48:06,998 kilosort.io  DEBUG    ********************************************************
2026-07-19 09:48:07,157 kilosort.run_kilosort INFO     61 units found with good refractory periods
2026-07-19 09:48:07,188 kilosort.run_kilosort INFO     Exporting to Phy took: 18.71s
2026-07-19 09:48:07,188 kilosort.run_kilosort INFO     Total runtime: 3434.20s = 00:57:14 h:m:s
2026-07-19 09:48:07,237 kilosort.run_kilosort INFO     Sorting output saved in: G:\ACADEMIC\week8_partial_dct_kilosort_runs\8ca740c5_probe00_partial_20260712_222836\ratio_1.00\kilosort4_dct.
2026-07-19 09:48:07,237 kilosort.run_kilosort DEBUG    

|===========================================================================|
|                  PyTorch CUDA memory summary, device ID 0                 |
|---------------------------------------------------------------------------|
|            CUDA OOMs: 0            |        cudaMalloc retries: 0         |
|===========================================================================|
|        Metric         | Cur Usage  | Peak Usage | Tot Alloc  | Tot Freed  |
|---------------------------------------------------------------------------|
| Allocated memory      |  11919 KiB |  12492 KiB |  29241 GiB |  29241 GiB |
|---------------------------------------------------------------------------|
| Active memory         |  11919 KiB |  12492 KiB |  29241 GiB |  29241 GiB |
|---------------------------------------------------------------------------|
| Requested memory      |  11915 KiB |  12488 KiB |  29227 GiB |  29227 GiB |
|---------------------------------------------------------------------------|
| GPU reserved memory   |  55296 KiB |  55296 KiB |    974 GiB |    974 GiB |
|---------------------------------------------------------------------------|
| Non-releasable memory |  41329 KiB |  41329 KiB |  11744 GiB |  11744 GiB |
|---------------------------------------------------------------------------|
| Allocations           |      12    |      13    |    2684 K  |    2684 K  |
|---------------------------------------------------------------------------|
| Active allocs         |      12    |      13    |    2684 K  |    2684 K  |
|---------------------------------------------------------------------------|
| GPU reserved segments |       5    |       5    |    2980    |    2975    |
|---------------------------------------------------------------------------|
| Non-releasable allocs |      11    |      11    |    1050 K  |    1050 K  |
|---------------------------------------------------------------------------|
| Oversize allocations  |       0    |       0    |       0    |       0    |
|---------------------------------------------------------------------------|
| Oversize GPU segments |       0    |       0    |       0    |       0    |
|===========================================================================|


2026-07-19 09:48:07,244 kilosort.run_kilosort INFO      
2026-07-19 09:48:07,244 kilosort.run_kilosort INFO     Resource usage after saving
2026-07-19 09:48:07,244 kilosort.run_kilosort INFO     ********************************************************
2026-07-19 09:48:07,244 kilosort.run_kilosort INFO     CPU usage:     8.10 %
2026-07-19 09:48:07,244 kilosort.run_kilosort INFO     Mem used:     60.70 %     |       9.49 GB
2026-07-19 09:48:07,244 kilosort.run_kilosort INFO     Mem avail:     6.15 / 15.65 GB
2026-07-19 09:48:07,244 kilosort.run_kilosort INFO     ------------------------------------------------------
2026-07-19 09:48:07,244 kilosort.run_kilosort INFO     GPU usage:    `conda install pynvml` for GPU usage
2026-07-19 09:48:07,244 kilosort.run_kilosort INFO     GPU memory:   22.41 %     |      0.90   /     4.00 GB
2026-07-19 09:48:07,244 kilosort.run_kilosort INFO     Allocated:     0.28 %     |      0.01   /     4.00 GB
2026-07-19 09:48:07,244 kilosort.run_kilosort INFO     Max alloc:     0.30 %     |      0.01   /     4.00 GB
2026-07-19 09:48:07,244 kilosort.run_kilosort INFO     ********************************************************
2026-07-19 09:48:07,244 kilosort.run_kilosort DEBUG    
2026-07-19 09:48:07,251 kilosort.run_kilosort DEBUG    --------------------
2026-07-19 09:48:07,251 kilosort.run_kilosort DEBUG    Process thread count: N/A (linux only)
2026-07-19 09:48:07,251 kilosort.run_kilosort DEBUG    num torch threads: 8
2026-07-19 09:48:07,251 kilosort.run_kilosort DEBUG    --------------------

2026-07-19 09:48:07,251 kilosort.run_kilosort INFO     Generating spike position plot ...
2026-07-19 09:48:43,590 kilosort.run_kilosort INFO     Sorting finished.
2026-07-19 09:48:43,590 kilosort.run_kilosort INFO      
2026-07-19 09:48:43,590 kilosort.run_kilosort INFO     ********************************************************
2026-07-19 09:48:43,590 kilosort.run_kilosort INFO     Sorting summary
2026-07-19 09:48:43,590 kilosort.run_kilosort INFO     --------------------------------------------------------
2026-07-19 09:48:43,590 kilosort.run_kilosort INFO     Total number of units:                              239
2026-07-19 09:48:43,590 kilosort.run_kilosort INFO     Number of good units:                                61
2026-07-19 09:48:43,590 kilosort.run_kilosort INFO     Number of spikes                                 726574
2026-07-19 09:48:43,590 kilosort.run_kilosort INFO     Mean abs. drift                                  0.3 um
2026-07-19 09:48:43,590 kilosort.run_kilosort INFO     Total runtime                                  3434.20s
2026-07-19 09:48:43,590 kilosort.run_kilosort INFO      
2026-07-19 09:48:43,590 kilosort.run_kilosort INFO     Runtime by step
2026-07-19 09:48:43,590 kilosort.run_kilosort INFO     --------------------------------------------------------
2026-07-19 09:48:43,590 kilosort.run_kilosort INFO     preprocessing:                          3.9s   (0.11) %
2026-07-19 09:48:43,590 kilosort.run_kilosort INFO     drift corr:                          1466.2s  (42.69) %
2026-07-19 09:48:43,590 kilosort.run_kilosort INFO     spike det. (univ):                   1486.3s  (43.28) %
2026-07-19 09:48:43,590 kilosort.run_kilosort INFO     cluster (temp):                       131.7s   (3.83) %
2026-07-19 09:48:43,590 kilosort.run_kilosort INFO     spike det. (learn):                   153.5s   (4.47) %
2026-07-19 09:48:43,590 kilosort.run_kilosort INFO     cluster (final):                      134.8s   (3.93) %
2026-07-19 09:48:43,590 kilosort.run_kilosort INFO     cluster merge:                          1.7s   (0.05) %
2026-07-19 09:48:43,590 kilosort.run_kilosort INFO     postprocessing:                        18.7s   (0.54) %
2026-07-19 09:48:43,590 kilosort.run_kilosort INFO      
2026-07-19 09:48:43,590 kilosort.run_kilosort INFO     Memory usage by step
2026-07-19 09:48:43,590 kilosort.run_kilosort INFO     --------------------------------------------------------
2026-07-19 09:48:43,590 kilosort.run_kilosort INFO     preprocessing:         sys     6.7 GB  |  gpu    1.3 GB
2026-07-19 09:48:43,590 kilosort.run_kilosort INFO     drift corr:            sys     9.0 GB  |  gpu    3.9 GB
2026-07-19 09:48:43,590 kilosort.run_kilosort INFO     spike det. (univ):     sys     9.3 GB  |  gpu    3.9 GB
2026-07-19 09:48:43,590 kilosort.run_kilosort INFO     cluster (temp):        sys     9.1 GB  |  gpu    0.3 GB
2026-07-19 09:48:43,590 kilosort.run_kilosort INFO     spike det. (learn):    sys     9.5 GB  |  gpu    1.4 GB
2026-07-19 09:48:43,590 kilosort.run_kilosort INFO     cluster (final):       sys     9.2 GB  |  gpu    0.1 GB
2026-07-19 09:48:43,590 kilosort.run_kilosort INFO     cluster merge:         sys     9.4 GB  |  gpu    0.1 GB
2026-07-19 09:48:43,590 kilosort.run_kilosort INFO     postprocessing:        sys     9.5 GB  |  gpu    0.0 GB
2026-07-19 09:48:43,590 kilosort.run_kilosort INFO     ********************************************************
