2026-07-18 08:38:39,718 kilosort.run_kilosort INFO     Kilosort version 4.1.7
2026-07-18 08:38:39,718 kilosort.run_kilosort INFO     Python version 3.11.15
2026-07-18 08:38:39,718 kilosort.run_kilosort INFO     ----------------------------------------
2026-07-18 08:38:39,718 kilosort.run_kilosort INFO     System information:
2026-07-18 08:38:39,748 kilosort.run_kilosort INFO     Windows-10-10.0.26200-SP0 AMD64
2026-07-18 08:38:39,748 kilosort.run_kilosort INFO     Intel64 Family 6 Model 186 Stepping 2, GenuineIntel
2026-07-18 08:38:40,051 kilosort.run_kilosort INFO     Using GPU for PyTorch computations. Specify `device` to change this.
2026-07-18 08:38:40,082 kilosort.run_kilosort INFO     Using CUDA device: NVIDIA GeForce RTX 2050 4.00GB
2026-07-18 08:38:40,082 kilosort.run_kilosort INFO     ----------------------------------------
2026-07-18 08:38:40,082 kilosort.run_kilosort INFO     Sorting [WindowsPath('G:/academic/week8_partial_dct_kilosort_runs/dd4da095_probe00_partial_20260712_222836/ratio_0.10/dd4da095_probe00_partial_20260712_222836_ratio_0.10_dctwin_600samp_preprocessed_int16.bin')]
2026-07-18 08:38:40,082 kilosort.run_kilosort INFO     Skipping common average reference.
2026-07-18 08:38:40,082 kilosort.run_kilosort INFO     clear_cache=True
2026-07-18 08:38:40,082 kilosort.run_kilosort DEBUG    Initial ops:

ops = {
    'n_chan_bin': 385,
    'fs': 30000.0,
    'batch_size': 60000,
    'nblocks': 1,
    'Th_universal': 9,
    'Th_learned': 8,
    'tmin': 0,
    'tmax': inf,
    'nt': 61,
    'shift': None,
    'scale': None,
    'batch_downsampling': 1,
    'artifact_threshold': inf,
    'nskip': 25,
    'whitening_range': 32,
    'highpass_cutoff': 300,
    'binning_depth': 5,
    'sig_interp': 20,
    'drift_smoothing': [0.5, 0.5, 0.5],
    'nt0min': 20,
    'dmin': None,
    'dminx': 32,
    'min_template_size': 10,
    'template_sizes': 5,
    'nearest_chans': 25,
    'nearest_templates': 100,
    'max_channel_distance': 32,
    'max_peels': 100,
    'templates_from_data': True,
    'n_templates': 6,
    'n_pcs': 3,
    'Th_single_ch': 6,
    'acg_threshold': 0.2,
    'ccg_threshold': 0.25,
    'cluster_neighbors': 10,
    'cluster_downsampling': 20,
    'max_cluster_subset': 25000,
    'x_centers': None,
    'cluster_init_seed': 5,
    'duplicate_spike_ms': 0.25,
    'position_limit': 100,
    'filename': [   WindowsPath('G:/academic/week8_partial_dct_kilosort_runs/dd4da095_probe00_partial_20260712_222836/ratio_0.10/dd4da095_probe00_partial_20260712_222836_ratio_0.10_dctwin_600samp_preprocessed_int16.bin')],
    'data_dir': WindowsPath('G:/academic/week8_partial_dct_kilosort_runs/dd4da095_probe00_partial_20260712_222836/ratio_0.10'),
    'data_dtype': 'int16',
    'do_CAR': False,
    'invert_sign': False,
    'NTbuff': 60122,
    'Nchan': 383,
    'duplicate_spike_bins': 7,
    'torch_device': 'cuda',
    'save_preprocessed_copy': False
}

2026-07-18 08:38:40,114 kilosort.run_kilosort DEBUG    Probe dictionary:

probe = {
    'xc': np.array([43., 11., 59., 27., 43., 11., 59., 27., 43., 11., 59., 27., 43.,
       11., 59., 27., 43., 11., 59., 27., 43., 11., 59., 27., 43., 11.,
       59., 27., 43., 11., 59., 27., 43., 11., 59., 27., 43., 11., 59.,
       27., 43., 11., 59., 27., 43., 11., 59., 27., 43., 11., 59., 27.,
       43., 11., 59., 27., 43., 11., 59., 27., 43., 11., 59., 27., 43.,
       11., 59., 27., 43., 11., 59., 27., 43., 11., 59., 27., 43., 11.,
       59., 27., 43., 11., 59., 27., 43., 11., 59., 27., 43., 11., 59.,
       27., 43., 11., 59., 27., 43., 11., 59., 27., 43., 11., 59., 27.,
       43., 11., 59., 27., 43., 11., 59., 27., 43., 11., 59., 27., 43.,
       11., 59., 27., 43., 11., 59., 27., 43., 11., 59., 27., 43., 11.,
       59., 27., 43., 11., 59., 27., 43., 11., 59., 27., 43., 11., 59.,
       27., 43., 11., 59., 27., 43., 11., 59., 27., 43., 11., 59., 27.,
       43., 11., 59., 27., 43., 11., 59., 27., 43., 11., 59., 27., 43.,
       11., 59., 27., 43., 11., 59., 27., 43., 11., 59., 27., 43., 11.,
       59., 27., 43., 11., 59., 27., 43., 11., 59., 43., 11., 59., 27.,
       43., 11., 59., 27., 43., 11., 59., 27., 43., 11., 59., 27., 43.,
       11., 59., 27., 43., 11., 59., 27., 43., 11., 59., 27., 43., 11.,
       59., 27., 43., 11., 59., 27., 43., 11., 59., 27., 43., 11., 59.,
       27., 43., 11., 59., 27., 43., 11., 59., 27., 43., 11., 59., 27.,
       43., 11., 59., 27., 43., 11., 59., 27., 43., 11., 59., 27., 43.,
       11., 59., 27., 43., 11., 59., 27., 43., 11., 59., 27., 43., 11.,
       59., 27., 43., 11., 59., 27., 43., 11., 59., 27., 43., 11., 59.,
       27., 43., 11., 59., 27., 43., 11., 59., 27., 43., 11., 59., 27.,
       43., 11., 59., 27., 43., 11., 59., 27., 43., 11., 59., 27., 43.,
       11., 59., 27., 43., 11., 59., 27., 43., 11., 59., 27., 43., 11.,
       59., 27., 43., 11., 59., 27., 43., 11., 59., 27., 43., 11., 59.,
       27., 43., 11., 59., 27., 43., 11., 59., 27., 43., 11., 59., 27.,
       43., 11., 59., 27., 43., 11., 59., 27., 43., 11., 59., 27., 43.,
       11., 59., 27., 43., 11., 59., 27., 43., 11., 59., 27., 43., 11.,
       59., 27., 43., 11., 59., 27.], dtype=np.float32),
    'yc': np.array([  20.,   20.,   40.,   40.,   60.,   60.,   80.,   80.,  100.,
        100.,  120.,  120.,  140.,  140.,  160.,  160.,  180.,  180.,
        200.,  200.,  220.,  220.,  240.,  240.,  260.,  260.,  280.,
        280.,  300.,  300.,  320.,  320.,  340.,  340.,  360.,  360.,
        380.,  380.,  400.,  400.,  420.,  420.,  440.,  440.,  460.,
        460.,  480.,  480.,  500.,  500.,  520.,  520.,  540.,  540.,
        560.,  560.,  580.,  580.,  600.,  600.,  620.,  620.,  640.,
        640.,  660.,  660.,  680.,  680.,  700.,  700.,  720.,  720.,
        740.,  740.,  760.,  760.,  780.,  780.,  800.,  800.,  820.,
        820.,  840.,  840.,  860.,  860.,  880.,  880.,  900.,  900.,
        920.,  920.,  940.,  940.,  960.,  960.,  980.,  980., 1000.,
       1000., 1020., 1020., 1040., 1040., 1060., 1060., 1080., 1080.,
       1100., 1100., 1120., 1120., 1140., 1140., 1160., 1160., 1180.,
       1180., 1200., 1200., 1220., 1220., 1240., 1240., 1260., 1260.,
       1280., 1280., 1300., 1300., 1320., 1320., 1340., 1340., 1360.,
       1360., 1380., 1380., 1400., 1400., 1420., 1420., 1440., 1440.,
       1460., 1460., 1480., 1480., 1500., 1500., 1520., 1520., 1540.,
       1540., 1560., 1560., 1580., 1580., 1600., 1600., 1620., 1620.,
       1640., 1640., 1660., 1660., 1680., 1680., 1700., 1700., 1720.,
       1720., 1740., 1740., 1760., 1760., 1780., 1780., 1800., 1800.,
       1820., 1820., 1840., 1840., 1860., 1860., 1880., 1880., 1900.,
       1900., 1920., 1940., 1940., 1960., 1960., 1980., 1980., 2000.,
       2000., 2020., 2020., 2040., 2040., 2060., 2060., 2080., 2080.,
       2100., 2100., 2120., 2120., 2140., 2140., 2160., 2160., 2180.,
       2180., 2200., 2200., 2220., 2220., 2240., 2240., 2260., 2260.,
       2280., 2280., 2300., 2300., 2320., 2320., 2340., 2340., 2360.,
       2360., 2380., 2380., 2400., 2400., 2420., 2420., 2440., 2440.,
       2460., 2460., 2480., 2480., 2500., 2500., 2520., 2520., 2540.,
       2540., 2560., 2560., 2580., 2580., 2600., 2600., 2620., 2620.,
       2640., 2640., 2660., 2660., 2680., 2680., 2700., 2700., 2720.,
       2720., 2740., 2740., 2760., 2760., 2780., 2780., 2800., 2800.,
       2820., 2820., 2840., 2840., 2860., 2860., 2880., 2880., 2900.,
       2900., 2920., 2920., 2940., 2940., 2960., 2960., 2980., 2980.,
       3000., 3000., 3020., 3020., 3040., 3040., 3060., 3060., 3080.,
       3080., 3100., 3100., 3120., 3120., 3140., 3140., 3160., 3160.,
       3180., 3180., 3200., 3200., 3220., 3220., 3240., 3240., 3260.,
       3260., 3280., 3280., 3300., 3300., 3320., 3320., 3340., 3340.,
       3360., 3360., 3380., 3380., 3400., 3400., 3420., 3420., 3440.,
       3440., 3460., 3460., 3480., 3480., 3500., 3500., 3520., 3520.,
       3540., 3540., 3560., 3560., 3580., 3580., 3600., 3600., 3620.,
       3620., 3640., 3640., 3660., 3660., 3680., 3680., 3700., 3700.,
       3720., 3720., 3740., 3740., 3760., 3760., 3780., 3780., 3800.,
       3800., 3820., 3820., 3840., 3840.], dtype=np.float32),
    'kcoords': np.array([0., 0., 0., 0., 0., 0., 0., 0., 0., 0., 0., 0., 0., 0., 0., 0., 0.,
       0., 0., 0., 0., 0., 0., 0., 0., 0., 0., 0., 0., 0., 0., 0., 0., 0.,
       0., 0., 0., 0., 0., 0., 0., 0., 0., 0., 0., 0., 0., 0., 0., 0., 0.,
       0., 0., 0., 0., 0., 0., 0., 0., 0., 0., 0., 0., 0., 0., 0., 0., 0.,
       0., 0., 0., 0., 0., 0., 0., 0., 0., 0., 0., 0., 0., 0., 0., 0., 0.,
       0., 0., 0., 0., 0., 0., 0., 0., 0., 0., 0., 0., 0., 0., 0., 0., 0.,
       0., 0., 0., 0., 0., 0., 0., 0., 0., 0., 0., 0., 0., 0., 0., 0., 0.,
       0., 0., 0., 0., 0., 0., 0., 0., 0., 0., 0., 0., 0., 0., 0., 0., 0.,
       0., 0., 0., 0., 0., 0., 0., 0., 0., 0., 0., 0., 0., 0., 0., 0., 0.,
       0., 0., 0., 0., 0., 0., 0., 0., 0., 0., 0., 0., 0., 0., 0., 0., 0.,
       0., 0., 0., 0., 0., 0., 0., 0., 0., 0., 0., 0., 0., 0., 0., 0., 0.,
       0., 0., 0., 0., 0., 0., 0., 0., 0., 0., 0., 0., 0., 0., 0., 0., 0.,
       0., 0., 0., 0., 0., 0., 0., 0., 0., 0., 0., 0., 0., 0., 0., 0., 0.,
       0., 0., 0., 0., 0., 0., 0., 0., 0., 0., 0., 0., 0., 0., 0., 0., 0.,
       0., 0., 0., 0., 0., 0., 0., 0., 0., 0., 0., 0., 0., 0., 0., 0., 0.,
       0., 0., 0., 0., 0., 0., 0., 0., 0., 0., 0., 0., 0., 0., 0., 0., 0.,
       0., 0., 0., 0., 0., 0., 0., 0., 0., 0., 0., 0., 0., 0., 0., 0., 0.,
       0., 0., 0., 0., 0., 0., 0., 0., 0., 0., 0., 0., 0., 0., 0., 0., 0.,
       0., 0., 0., 0., 0., 0., 0., 0., 0., 0., 0., 0., 0., 0., 0., 0., 0.,
       0., 0., 0., 0., 0., 0., 0., 0., 0., 0., 0., 0., 0., 0., 0., 0., 0.,
       0., 0., 0., 0., 0., 0., 0., 0., 0., 0., 0., 0., 0., 0., 0., 0., 0.,
       0., 0., 0., 0., 0., 0., 0., 0., 0., 0., 0., 0., 0., 0., 0., 0., 0.,
       0., 0., 0., 0., 0., 0., 0., 0., 0.], dtype=np.float32),
    'chanMap': np.array([  0,   1,   2,   3,   4,   5,   6,   7,   8,   9,  10,  11,  12,
        13,  14,  15,  16,  17,  18,  19,  20,  21,  22,  23,  24,  25,
        26,  27,  28,  29,  30,  31,  32,  33,  34,  35,  36,  37,  38,
        39,  40,  41,  42,  43,  44,  45,  46,  47,  48,  49,  50,  51,
        52,  53,  54,  55,  56,  57,  58,  59,  60,  61,  62,  63,  64,
        65,  66,  67,  68,  69,  70,  71,  72,  73,  74,  75,  76,  77,
        78,  79,  80,  81,  82,  83,  84,  85,  86,  87,  88,  89,  90,
        91,  92,  93,  94,  95,  96,  97,  98,  99, 100, 101, 102, 103,
       104, 105, 106, 107, 108, 109, 110, 111, 112, 113, 114, 115, 116,
       117, 118, 119, 120, 121, 122, 123, 124, 125, 126, 127, 128, 129,
       130, 131, 132, 133, 134, 135, 136, 137, 138, 139, 140, 141, 142,
       143, 144, 145, 146, 147, 148, 149, 150, 151, 152, 153, 154, 155,
       156, 157, 158, 159, 160, 161, 162, 163, 164, 165, 166, 167, 168,
       169, 170, 171, 172, 173, 174, 175, 176, 177, 178, 179, 180, 181,
       182, 183, 184, 185, 186, 187, 188, 189, 190, 192, 193, 194, 195,
       196, 197, 198, 199, 200, 201, 202, 203, 204, 205, 206, 207, 208,
       209, 210, 211, 212, 213, 214, 215, 216, 217, 218, 219, 220, 221,
       222, 223, 224, 225, 226, 227, 228, 229, 230, 231, 232, 233, 234,
       235, 236, 237, 238, 239, 240, 241, 242, 243, 244, 245, 246, 247,
       248, 249, 250, 251, 252, 253, 254, 255, 256, 257, 258, 259, 260,
       261, 262, 263, 264, 265, 266, 267, 268, 269, 270, 271, 272, 273,
       274, 275, 276, 277, 278, 279, 280, 281, 282, 283, 284, 285, 286,
       287, 288, 289, 290, 291, 292, 293, 294, 295, 296, 297, 298, 299,
       300, 301, 302, 303, 304, 305, 306, 307, 308, 309, 310, 311, 312,
       313, 314, 315, 316, 317, 318, 319, 320, 321, 322, 323, 324, 325,
       326, 327, 328, 329, 330, 331, 332, 333, 334, 335, 336, 337, 338,
       339, 340, 341, 342, 343, 344, 345, 346, 347, 348, 349, 350, 351,
       352, 353, 354, 355, 356, 357, 358, 359, 360, 361, 362, 363, 364,
       365, 366, 367, 368, 369, 370, 371, 372, 373, 374, 375, 376, 377,
       378, 379, 380, 381, 382, 383], dtype=np.int32),
    'n_chan': 384
}

2026-07-18 08:38:40,384 kilosort.run_kilosort INFO      
2026-07-18 08:38:40,384 kilosort.run_kilosort INFO     Resource usage before sorting
2026-07-18 08:38:40,384 kilosort.run_kilosort INFO     ********************************************************
2026-07-18 08:38:40,384 kilosort.run_kilosort INFO     CPU usage:    14.90 %
2026-07-18 08:38:40,384 kilosort.run_kilosort INFO     Mem used:     42.90 %     |       6.71 GB
2026-07-18 08:38:40,384 kilosort.run_kilosort INFO     Mem avail:     8.94 / 15.65 GB
2026-07-18 08:38:40,384 kilosort.run_kilosort INFO     ------------------------------------------------------
2026-07-18 08:38:40,384 kilosort.run_kilosort INFO     GPU usage:    `conda install pynvml` for GPU usage
2026-07-18 08:38:40,384 kilosort.run_kilosort INFO     GPU memory:   19.43 %     |      0.78   /     4.00 GB
2026-07-18 08:38:40,384 kilosort.run_kilosort INFO     Allocated:     0.00 %     |      0.00   /     4.00 GB
2026-07-18 08:38:40,384 kilosort.run_kilosort INFO     Max alloc:     0.00 %     |      0.00   /     4.00 GB
2026-07-18 08:38:40,384 kilosort.run_kilosort INFO     ********************************************************
2026-07-18 08:38:40,384 kilosort.run_kilosort DEBUG    
2026-07-18 08:38:40,384 kilosort.run_kilosort DEBUG    --------------------
2026-07-18 08:38:40,384 kilosort.run_kilosort DEBUG    Process thread count: N/A (linux only)
2026-07-18 08:38:40,384 kilosort.run_kilosort DEBUG    num torch threads: 8
2026-07-18 08:38:40,384 kilosort.run_kilosort DEBUG    --------------------

2026-07-18 08:38:40,384 kilosort.run_kilosort INFO      
2026-07-18 08:38:40,384 kilosort.run_kilosort INFO     Computing preprocessing variables.
2026-07-18 08:38:40,384 kilosort.run_kilosort INFO     ----------------------------------------
2026-07-18 08:38:40,861 kilosort.run_kilosort INFO     N samples: 6420000
2026-07-18 08:38:40,861 kilosort.run_kilosort INFO     N seconds: 214.0
2026-07-18 08:38:40,861 kilosort.run_kilosort INFO     N batches: 107
2026-07-18 08:38:44,186 kilosort.run_kilosort INFO     Preprocessing filters computed in 3.80s; total 4.10s
2026-07-18 08:38:44,197 kilosort.run_kilosort DEBUG    hp_filter shape: torch.Size([30122])
2026-07-18 08:38:44,197 kilosort.run_kilosort DEBUG    whiten_mat shape: torch.Size([383, 383])
2026-07-18 08:38:44,469 kilosort.run_kilosort DEBUG    First batch min, max: (np.float32(-3129.5557), np.float32(2753.8835))
2026-07-18 08:38:44,469 kilosort.run_kilosort INFO      
2026-07-18 08:38:44,469 kilosort.run_kilosort INFO     Resource usage after preprocessing
2026-07-18 08:38:44,469 kilosort.run_kilosort INFO     ********************************************************
2026-07-18 08:38:44,469 kilosort.run_kilosort INFO     CPU usage:    11.80 %
2026-07-18 08:38:44,469 kilosort.run_kilosort INFO     Mem used:     44.70 %     |       7.00 GB
2026-07-18 08:38:44,469 kilosort.run_kilosort INFO     Mem avail:     8.65 / 15.65 GB
2026-07-18 08:38:44,469 kilosort.run_kilosort INFO     ------------------------------------------------------
2026-07-18 08:38:44,469 kilosort.run_kilosort INFO     GPU usage:    `conda install pynvml` for GPU usage
2026-07-18 08:38:44,469 kilosort.run_kilosort INFO     GPU memory:   61.28 %     |      2.45   /     4.00 GB
2026-07-18 08:38:44,469 kilosort.run_kilosort INFO     Allocated:     0.21 %     |      0.01   /     4.00 GB
2026-07-18 08:38:44,469 kilosort.run_kilosort INFO     Max alloc:    32.60 %     |      1.30   /     4.00 GB
2026-07-18 08:38:44,469 kilosort.run_kilosort INFO     ********************************************************
2026-07-18 08:38:44,490 kilosort.run_kilosort INFO      
2026-07-18 08:38:44,490 kilosort.run_kilosort INFO     Computing drift correction.
2026-07-18 08:38:44,490 kilosort.run_kilosort INFO     ----------------------------------------
2026-07-18 08:38:44,490 kilosort.spikedetect INFO     Re-computing universal templates from data.
2026-07-18 08:38:46,926 kilosort.spikedetect INFO     Number of universal templates: 1532
2026-07-18 08:38:47,663 kilosort.spikedetect INFO     Detecting spikes...
2026-07-18 08:38:47,679 kilosort.spikedetect DEBUG     
2026-07-18 08:38:47,679 kilosort.spikedetect DEBUG    Batch 0 of 106 (0.0%)
2026-07-18 08:38:47,679 kilosort.spikedetect DEBUG    ********************************************************
2026-07-18 08:38:47,679 kilosort.spikedetect DEBUG    CPU usage:    20.40 %
2026-07-18 08:38:47,679 kilosort.spikedetect DEBUG    Mem used:     45.60 %     |       7.13 GB
2026-07-18 08:38:47,679 kilosort.spikedetect DEBUG    Mem avail:     8.52 / 15.65 GB
2026-07-18 08:38:47,679 kilosort.spikedetect DEBUG    ------------------------------------------------------
2026-07-18 08:38:47,679 kilosort.spikedetect DEBUG    GPU usage:    `conda install pynvml` for GPU usage
2026-07-18 08:38:47,679 kilosort.spikedetect DEBUG    GPU memory:   61.28 %     |      2.45   /     4.00 GB
2026-07-18 08:38:47,679 kilosort.spikedetect DEBUG    Allocated:     0.27 %     |      0.01   /     4.00 GB
2026-07-18 08:38:47,679 kilosort.spikedetect DEBUG    Max alloc:    32.60 %     |      1.30   /     4.00 GB
2026-07-18 08:38:47,679 kilosort.spikedetect DEBUG    ********************************************************
2026-07-18 09:02:47,625 kilosort.spikedetect DEBUG     
2026-07-18 09:02:47,625 kilosort.spikedetect DEBUG    Batch 106 of 106 (99.1%)
2026-07-18 09:02:47,625 kilosort.spikedetect DEBUG    ********************************************************
2026-07-18 09:02:47,625 kilosort.spikedetect DEBUG    CPU usage:    16.60 %
2026-07-18 09:02:47,625 kilosort.spikedetect DEBUG    Mem used:     52.60 %     |       8.23 GB
2026-07-18 09:02:47,625 kilosort.spikedetect DEBUG    Mem avail:     7.42 / 15.65 GB
2026-07-18 09:02:47,626 kilosort.spikedetect DEBUG    ------------------------------------------------------
2026-07-18 09:02:47,626 kilosort.spikedetect DEBUG    GPU usage:    `conda install pynvml` for GPU usage
2026-07-18 09:02:47,626 kilosort.spikedetect DEBUG    GPU memory:   26.56 %     |      1.06   /     4.00 GB
2026-07-18 09:02:47,626 kilosort.spikedetect DEBUG    Allocated:     4.48 %     |      0.18   /     4.00 GB
2026-07-18 09:02:47,626 kilosort.spikedetect DEBUG    Max alloc:    97.50 %     |      3.90   /     4.00 GB
2026-07-18 09:02:47,626 kilosort.spikedetect DEBUG    ********************************************************
2026-07-18 09:02:50,255 kilosort.run_kilosort INFO     drift computed in 1445.76s; total 1450.17s
2026-07-18 09:02:50,258 kilosort.run_kilosort DEBUG    st shape: (1460135, 6)
2026-07-18 09:02:50,258 kilosort.run_kilosort DEBUG    yblk shape: (1,)
2026-07-18 09:02:50,258 kilosort.run_kilosort DEBUG    dshift shape: (107, 1)
2026-07-18 09:02:50,258 kilosort.run_kilosort DEBUG    iKxx shape: torch.Size([383, 383])
2026-07-18 09:02:50,258 kilosort.run_kilosort DEBUG    

|===========================================================================|
|                  PyTorch CUDA memory summary, device ID 0                 |
|---------------------------------------------------------------------------|
|            CUDA OOMs: 0            |        cudaMalloc retries: 0         |
|===========================================================================|
|        Metric         | Cur Usage  | Peak Usage | Tot Alloc  | Tot Freed  |
|---------------------------------------------------------------------------|
| Allocated memory      |  11832 KiB |   3993 MiB |  12599 GiB |  12599 GiB |
|---------------------------------------------------------------------------|
| Active memory         |  11832 KiB |   3993 MiB |  12599 GiB |  12599 GiB |
|---------------------------------------------------------------------------|
| Requested memory      |  11829 KiB |   3991 MiB |  12596 GiB |  12596 GiB |
|---------------------------------------------------------------------------|
| GPU reserved memory   | 235520 KiB |   4904 MiB | 479508 MiB | 479278 MiB |
|---------------------------------------------------------------------------|
| Non-releasable memory |  41415 KiB |   1728 MiB |   2940 GiB |   2940 GiB |
|---------------------------------------------------------------------------|
| Allocations           |       9    |      37    |   81624    |   81615    |
|---------------------------------------------------------------------------|
| Active allocs         |       9    |      37    |   81624    |   81615    |
|---------------------------------------------------------------------------|
| GPU reserved segments |       7    |      18    |    1265    |    1258    |
|---------------------------------------------------------------------------|
| Non-releasable allocs |      10    |      25    |   34283    |   34273    |
|---------------------------------------------------------------------------|
| Oversize allocations  |       0    |       0    |       0    |       0    |
|---------------------------------------------------------------------------|
| Oversize GPU segments |       0    |       0    |       0    |       0    |
|===========================================================================|


2026-07-18 09:02:50,258 kilosort.run_kilosort INFO      
2026-07-18 09:02:50,258 kilosort.run_kilosort INFO     Resource usage after drift correction
2026-07-18 09:02:50,258 kilosort.run_kilosort INFO     ********************************************************
2026-07-18 09:02:50,258 kilosort.run_kilosort INFO     CPU usage:     0.00 %
2026-07-18 09:02:50,258 kilosort.run_kilosort INFO     Mem used:     50.00 %     |       7.83 GB
2026-07-18 09:02:50,258 kilosort.run_kilosort INFO     Mem avail:     7.82 / 15.65 GB
2026-07-18 09:02:50,258 kilosort.run_kilosort INFO     ------------------------------------------------------
2026-07-18 09:02:50,258 kilosort.run_kilosort INFO     GPU usage:    `conda install pynvml` for GPU usage
2026-07-18 09:02:50,258 kilosort.run_kilosort INFO     GPU memory:   26.66 %     |      1.07   /     4.00 GB
2026-07-18 09:02:50,258 kilosort.run_kilosort INFO     Allocated:     0.28 %     |      0.01   /     4.00 GB
2026-07-18 09:02:50,262 kilosort.run_kilosort INFO     Max alloc:    97.50 %     |      3.90   /     4.00 GB
2026-07-18 09:02:50,262 kilosort.run_kilosort INFO     ********************************************************
2026-07-18 09:02:50,262 kilosort.run_kilosort DEBUG    
2026-07-18 09:02:50,262 kilosort.run_kilosort DEBUG    --------------------
2026-07-18 09:02:50,262 kilosort.run_kilosort DEBUG    Process thread count: N/A (linux only)
2026-07-18 09:02:50,262 kilosort.run_kilosort DEBUG    num torch threads: 8
2026-07-18 09:02:50,262 kilosort.run_kilosort DEBUG    --------------------

2026-07-18 09:02:50,262 kilosort.run_kilosort INFO     Generating drift plots ...
2026-07-18 09:04:17,331 kilosort.run_kilosort INFO      
2026-07-18 09:04:17,331 kilosort.run_kilosort INFO     Extracting spikes using templates
2026-07-18 09:04:17,331 kilosort.run_kilosort INFO     ----------------------------------------
2026-07-18 09:04:17,331 kilosort.spikedetect INFO     Re-computing universal templates from data.
2026-07-18 09:04:19,176 kilosort.spikedetect INFO     Number of universal templates: 1532
2026-07-18 09:04:19,813 kilosort.spikedetect INFO     Detecting spikes...
2026-07-18 09:04:19,813 kilosort.spikedetect DEBUG     
2026-07-18 09:04:19,813 kilosort.spikedetect DEBUG    Batch 0 of 106 (0.0%)
2026-07-18 09:04:19,817 kilosort.spikedetect DEBUG    ********************************************************
2026-07-18 09:04:19,817 kilosort.spikedetect DEBUG    CPU usage:    15.20 %
2026-07-18 09:04:19,817 kilosort.spikedetect DEBUG    Mem used:     50.80 %     |       7.95 GB
2026-07-18 09:04:19,817 kilosort.spikedetect DEBUG    Mem avail:     7.69 / 15.65 GB
2026-07-18 09:04:19,817 kilosort.spikedetect DEBUG    ------------------------------------------------------
2026-07-18 09:04:19,817 kilosort.spikedetect DEBUG    GPU usage:    `conda install pynvml` for GPU usage
2026-07-18 09:04:19,817 kilosort.spikedetect DEBUG    GPU memory:   63.58 %     |      2.54   /     4.00 GB
2026-07-18 09:04:19,817 kilosort.spikedetect DEBUG    Allocated:     0.34 %     |      0.01   /     4.00 GB
2026-07-18 09:04:19,817 kilosort.spikedetect DEBUG    Max alloc:    32.67 %     |      1.31   /     4.00 GB
2026-07-18 09:04:19,817 kilosort.spikedetect DEBUG    ********************************************************
2026-07-18 09:26:13,737 kilosort.spikedetect DEBUG     
2026-07-18 09:26:13,737 kilosort.spikedetect DEBUG    Batch 106 of 106 (99.1%)
2026-07-18 09:26:13,737 kilosort.spikedetect DEBUG    ********************************************************
2026-07-18 09:26:13,737 kilosort.spikedetect DEBUG    CPU usage:    16.80 %
2026-07-18 09:26:13,737 kilosort.spikedetect DEBUG    Mem used:     58.80 %     |       9.20 GB
2026-07-18 09:26:13,737 kilosort.spikedetect DEBUG    Mem avail:     6.45 / 15.65 GB
2026-07-18 09:26:13,737 kilosort.spikedetect DEBUG    ------------------------------------------------------
2026-07-18 09:26:13,737 kilosort.spikedetect DEBUG    GPU usage:    `conda install pynvml` for GPU usage
2026-07-18 09:26:13,737 kilosort.spikedetect DEBUG    GPU memory:   33.06 %     |      1.32   /     4.00 GB
2026-07-18 09:26:13,737 kilosort.spikedetect DEBUG    Allocated:     4.50 %     |      0.18   /     4.00 GB
2026-07-18 09:26:13,737 kilosort.spikedetect DEBUG    Max alloc:    97.54 %     |      3.90   /     4.00 GB
2026-07-18 09:26:13,737 kilosort.spikedetect DEBUG    ********************************************************
2026-07-18 09:26:13,749 kilosort.run_kilosort INFO     1436574 spikes extracted in 1316.42s; total 2853.66s
2026-07-18 09:26:13,749 kilosort.run_kilosort DEBUG    st0 shape: (1436574, 6)
2026-07-18 09:26:13,750 kilosort.run_kilosort DEBUG    tF shape: torch.Size([1436574, 25, 3])
2026-07-18 09:26:13,750 kilosort.run_kilosort INFO      
2026-07-18 09:26:13,750 kilosort.run_kilosort INFO     Resource usage after spike detect (univ)
2026-07-18 09:26:13,750 kilosort.run_kilosort INFO     ********************************************************
2026-07-18 09:26:13,750 kilosort.run_kilosort INFO     CPU usage:    50.00 %
2026-07-18 09:26:13,750 kilosort.run_kilosort INFO     Mem used:     58.70 %     |       9.19 GB
2026-07-18 09:26:13,750 kilosort.run_kilosort INFO     Mem avail:     6.46 / 15.65 GB
2026-07-18 09:26:13,750 kilosort.run_kilosort INFO     ------------------------------------------------------
2026-07-18 09:26:13,750 kilosort.run_kilosort INFO     GPU usage:    `conda install pynvml` for GPU usage
2026-07-18 09:26:13,750 kilosort.run_kilosort INFO     GPU memory:   33.06 %     |      1.32   /     4.00 GB
2026-07-18 09:26:13,750 kilosort.run_kilosort INFO     Allocated:     0.28 %     |      0.01   /     4.00 GB
2026-07-18 09:26:13,750 kilosort.run_kilosort INFO     Max alloc:    97.54 %     |      3.90   /     4.00 GB
2026-07-18 09:26:13,750 kilosort.run_kilosort INFO     ********************************************************
2026-07-18 09:26:13,750 kilosort.run_kilosort DEBUG    
2026-07-18 09:26:13,750 kilosort.run_kilosort DEBUG    --------------------
2026-07-18 09:26:13,750 kilosort.run_kilosort DEBUG    Process thread count: N/A (linux only)
2026-07-18 09:26:13,750 kilosort.run_kilosort DEBUG    num torch threads: 8
2026-07-18 09:26:13,750 kilosort.run_kilosort DEBUG    --------------------

2026-07-18 09:26:13,750 kilosort.run_kilosort INFO      
2026-07-18 09:26:13,750 kilosort.run_kilosort INFO     First clustering
2026-07-18 09:26:13,750 kilosort.run_kilosort INFO     ----------------------------------------
2026-07-18 09:26:14,184 kilosort.clustering_qr DEBUG    Center 0 | Xd shape: torch.Size([16631, 78]) | ntemp: 16
2026-07-18 09:26:16,857 kilosort.clustering_qr DEBUG    Center 1 | Xd shape: torch.Size([18317, 78]) | ntemp: 16
2026-07-18 09:26:21,481 kilosort.clustering_qr DEBUG    Center 2 | Xd shape: torch.Size([11206, 78]) | ntemp: 16
2026-07-18 09:26:23,137 kilosort.clustering_qr DEBUG    Center 3 | Xd shape: torch.Size([10007, 90]) | ntemp: 16
2026-07-18 09:26:24,755 kilosort.clustering_qr DEBUG    Center 4 | Xd shape: torch.Size([8787, 90]) | ntemp: 16
2026-07-18 09:26:26,348 kilosort.clustering_qr DEBUG    Center 5 | Xd shape: torch.Size([5902, 90]) | ntemp: 16
2026-07-18 09:26:27,688 kilosort.clustering_qr DEBUG    Center 6 | Xd shape: torch.Size([10615, 90]) | ntemp: 16
2026-07-18 09:26:29,694 kilosort.clustering_qr DEBUG    Center 7 | Xd shape: torch.Size([11640, 90]) | ntemp: 16
2026-07-18 09:26:31,489 kilosort.clustering_qr DEBUG    Center 8 | Xd shape: torch.Size([13854, 90]) | ntemp: 16
2026-07-18 09:26:33,267 kilosort.clustering_qr DEBUG     
2026-07-18 09:26:33,267 kilosort.clustering_qr DEBUG    Cluster center: 9 (10/96)
2026-07-18 09:26:33,267 kilosort.clustering_qr DEBUG    ********************************************************
2026-07-18 09:26:33,270 kilosort.clustering_qr DEBUG    CPU usage:    21.00 %
2026-07-18 09:26:33,270 kilosort.clustering_qr DEBUG    Mem used:     55.70 %     |       8.71 GB
2026-07-18 09:26:33,276 kilosort.clustering_qr DEBUG    Mem avail:     6.94 / 15.65 GB
2026-07-18 09:26:33,276 kilosort.clustering_qr DEBUG    ------------------------------------------------------
2026-07-18 09:26:33,278 kilosort.clustering_qr DEBUG    GPU usage:    `conda install pynvml` for GPU usage
2026-07-18 09:26:33,278 kilosort.clustering_qr DEBUG    GPU memory:   22.31 %     |      0.89   /     4.00 GB
2026-07-18 09:26:33,279 kilosort.clustering_qr DEBUG    Allocated:     0.28 %     |      0.01   /     4.00 GB
2026-07-18 09:26:33,279 kilosort.clustering_qr DEBUG    Max alloc:     1.53 %     |      0.06   /     4.00 GB
2026-07-18 09:26:33,279 kilosort.clustering_qr DEBUG    ********************************************************
2026-07-18 09:26:33,362 kilosort.clustering_qr DEBUG    Center 9 | Xd shape: torch.Size([12676, 90]) | ntemp: 16
2026-07-18 09:26:35,189 kilosort.clustering_qr DEBUG    Center 10 | Xd shape: torch.Size([13386, 90]) | ntemp: 16
2026-07-18 09:26:37,663 kilosort.clustering_qr DEBUG    Center 11 | Xd shape: torch.Size([13614, 90]) | ntemp: 16
2026-07-18 09:26:39,579 kilosort.clustering_qr DEBUG    Center 12 | Xd shape: torch.Size([9508, 90]) | ntemp: 16
2026-07-18 09:26:41,261 kilosort.clustering_qr DEBUG    Center 13 | Xd shape: torch.Size([9349, 90]) | ntemp: 16
2026-07-18 09:26:43,206 kilosort.clustering_qr DEBUG    Center 14 | Xd shape: torch.Size([12639, 90]) | ntemp: 16
2026-07-18 09:26:45,436 kilosort.clustering_qr DEBUG    Center 15 | Xd shape: torch.Size([11322, 90]) | ntemp: 16
2026-07-18 09:26:47,477 kilosort.clustering_qr DEBUG    Center 16 | Xd shape: torch.Size([10677, 90]) | ntemp: 16
2026-07-18 09:26:49,930 kilosort.clustering_qr DEBUG    Center 17 | Xd shape: torch.Size([14903, 90]) | ntemp: 16
2026-07-18 09:26:51,808 kilosort.clustering_qr DEBUG    Center 18 | Xd shape: torch.Size([12266, 90]) | ntemp: 16
2026-07-18 09:26:53,858 kilosort.clustering_qr DEBUG     
2026-07-18 09:26:53,858 kilosort.clustering_qr DEBUG    Cluster center: 19 (20/96)
2026-07-18 09:26:53,858 kilosort.clustering_qr DEBUG    ********************************************************
2026-07-18 09:26:53,858 kilosort.clustering_qr DEBUG    CPU usage:    20.80 %
2026-07-18 09:26:53,858 kilosort.clustering_qr DEBUG    Mem used:     55.50 %     |       8.69 GB
2026-07-18 09:26:53,858 kilosort.clustering_qr DEBUG    Mem avail:     6.96 / 15.65 GB
2026-07-18 09:26:53,858 kilosort.clustering_qr DEBUG    ------------------------------------------------------
2026-07-18 09:26:53,858 kilosort.clustering_qr DEBUG    GPU usage:    `conda install pynvml` for GPU usage
2026-07-18 09:26:53,858 kilosort.clustering_qr DEBUG    GPU memory:   22.31 %     |      0.89   /     4.00 GB
2026-07-18 09:26:53,858 kilosort.clustering_qr DEBUG    Allocated:     0.28 %     |      0.01   /     4.00 GB
2026-07-18 09:26:53,858 kilosort.clustering_qr DEBUG    Max alloc:     1.53 %     |      0.06   /     4.00 GB
2026-07-18 09:26:53,858 kilosort.clustering_qr DEBUG    ********************************************************
2026-07-18 09:26:53,941 kilosort.clustering_qr DEBUG    Center 19 | Xd shape: torch.Size([15435, 90]) | ntemp: 16
2026-07-18 09:26:55,788 kilosort.clustering_qr DEBUG    Center 20 | Xd shape: torch.Size([11694, 90]) | ntemp: 16
2026-07-18 09:26:57,720 kilosort.clustering_qr DEBUG    Center 21 | Xd shape: torch.Size([12217, 90]) | ntemp: 16
2026-07-18 09:27:00,094 kilosort.clustering_qr DEBUG    Center 22 | Xd shape: torch.Size([15783, 90]) | ntemp: 16
2026-07-18 09:27:01,835 kilosort.clustering_qr DEBUG    Center 23 | Xd shape: torch.Size([16448, 90]) | ntemp: 16
2026-07-18 09:27:03,972 kilosort.clustering_qr DEBUG    Center 24 | Xd shape: torch.Size([16943, 90]) | ntemp: 16
2026-07-18 09:27:05,690 kilosort.clustering_qr DEBUG    Center 25 | Xd shape: torch.Size([17285, 90]) | ntemp: 16
2026-07-18 09:27:07,682 kilosort.clustering_qr DEBUG    Center 26 | Xd shape: torch.Size([17586, 90]) | ntemp: 16
2026-07-18 09:27:09,385 kilosort.clustering_qr DEBUG    Center 27 | Xd shape: torch.Size([15990, 90]) | ntemp: 16
2026-07-18 09:27:11,067 kilosort.clustering_qr DEBUG    Center 28 | Xd shape: torch.Size([18063, 90]) | ntemp: 16
2026-07-18 09:27:13,150 kilosort.clustering_qr DEBUG     
2026-07-18 09:27:13,150 kilosort.clustering_qr DEBUG    Cluster center: 29 (30/96)
2026-07-18 09:27:13,150 kilosort.clustering_qr DEBUG    ********************************************************
2026-07-18 09:27:13,150 kilosort.clustering_qr DEBUG    CPU usage:    21.30 %
2026-07-18 09:27:13,150 kilosort.clustering_qr DEBUG    Mem used:     55.60 %     |       8.71 GB
2026-07-18 09:27:13,150 kilosort.clustering_qr DEBUG    Mem avail:     6.94 / 15.65 GB
2026-07-18 09:27:13,150 kilosort.clustering_qr DEBUG    ------------------------------------------------------
2026-07-18 09:27:13,150 kilosort.clustering_qr DEBUG    GPU usage:    `conda install pynvml` for GPU usage
2026-07-18 09:27:13,150 kilosort.clustering_qr DEBUG    GPU memory:   22.31 %     |      0.89   /     4.00 GB
2026-07-18 09:27:13,150 kilosort.clustering_qr DEBUG    Allocated:     0.28 %     |      0.01   /     4.00 GB
2026-07-18 09:27:13,150 kilosort.clustering_qr DEBUG    Max alloc:     1.54 %     |      0.06   /     4.00 GB
2026-07-18 09:27:13,150 kilosort.clustering_qr DEBUG    ********************************************************
2026-07-18 09:27:13,243 kilosort.clustering_qr DEBUG    Center 29 | Xd shape: torch.Size([16104, 90]) | ntemp: 16
2026-07-18 09:27:15,099 kilosort.clustering_qr DEBUG    Center 30 | Xd shape: torch.Size([14083, 90]) | ntemp: 16
2026-07-18 09:27:16,831 kilosort.clustering_qr DEBUG    Center 31 | Xd shape: torch.Size([9946, 90]) | ntemp: 16
2026-07-18 09:27:18,577 kilosort.clustering_qr DEBUG    Center 32 | Xd shape: torch.Size([17309, 90]) | ntemp: 16
2026-07-18 09:27:20,695 kilosort.clustering_qr DEBUG    Center 33 | Xd shape: torch.Size([12309, 90]) | ntemp: 16
2026-07-18 09:27:22,376 kilosort.clustering_qr DEBUG    Center 34 | Xd shape: torch.Size([4584, 90]) | ntemp: 16
2026-07-18 09:27:23,929 kilosort.clustering_qr DEBUG    Center 35 | Xd shape: torch.Size([13529, 90]) | ntemp: 16
2026-07-18 09:27:26,085 kilosort.clustering_qr DEBUG    Center 36 | Xd shape: torch.Size([11016, 90]) | ntemp: 16
2026-07-18 09:27:27,882 kilosort.clustering_qr DEBUG    Center 37 | Xd shape: torch.Size([16932, 90]) | ntemp: 16
2026-07-18 09:27:30,047 kilosort.clustering_qr DEBUG    Center 38 | Xd shape: torch.Size([16350, 90]) | ntemp: 16
2026-07-18 09:27:31,652 kilosort.clustering_qr DEBUG     
2026-07-18 09:27:31,652 kilosort.clustering_qr DEBUG    Cluster center: 39 (40/96)
2026-07-18 09:27:31,652 kilosort.clustering_qr DEBUG    ********************************************************
2026-07-18 09:27:31,652 kilosort.clustering_qr DEBUG    CPU usage:    21.20 %
2026-07-18 09:27:31,652 kilosort.clustering_qr DEBUG    Mem used:     55.60 %     |       8.70 GB
2026-07-18 09:27:31,652 kilosort.clustering_qr DEBUG    Mem avail:     6.94 / 15.65 GB
2026-07-18 09:27:31,662 kilosort.clustering_qr DEBUG    ------------------------------------------------------
2026-07-18 09:27:31,662 kilosort.clustering_qr DEBUG    GPU usage:    `conda install pynvml` for GPU usage
2026-07-18 09:27:31,662 kilosort.clustering_qr DEBUG    GPU memory:   22.31 %     |      0.89   /     4.00 GB
2026-07-18 09:27:31,662 kilosort.clustering_qr DEBUG    Allocated:     0.28 %     |      0.01   /     4.00 GB
2026-07-18 09:27:31,662 kilosort.clustering_qr DEBUG    Max alloc:     1.54 %     |      0.06   /     4.00 GB
2026-07-18 09:27:31,662 kilosort.clustering_qr DEBUG    ********************************************************
2026-07-18 09:27:31,714 kilosort.clustering_qr DEBUG    Center 39 | Xd shape: torch.Size([15894, 90]) | ntemp: 16
2026-07-18 09:27:33,413 kilosort.clustering_qr DEBUG    Center 40 | Xd shape: torch.Size([16359, 90]) | ntemp: 16
2026-07-18 09:27:35,224 kilosort.clustering_qr DEBUG    Center 41 | Xd shape: torch.Size([16789, 90]) | ntemp: 16
2026-07-18 09:27:36,947 kilosort.clustering_qr DEBUG    Center 42 | Xd shape: torch.Size([15654, 90]) | ntemp: 16
2026-07-18 09:27:38,611 kilosort.clustering_qr DEBUG    Center 43 | Xd shape: torch.Size([15515, 90]) | ntemp: 16
2026-07-18 09:27:40,482 kilosort.clustering_qr DEBUG    Center 44 | Xd shape: torch.Size([16975, 87]) | ntemp: 16
2026-07-18 09:27:42,040 kilosort.clustering_qr DEBUG    Center 45 | Xd shape: torch.Size([17335, 87]) | ntemp: 16
2026-07-18 09:27:43,723 kilosort.clustering_qr DEBUG    Center 46 | Xd shape: torch.Size([17393, 87]) | ntemp: 16
2026-07-18 09:27:45,864 kilosort.clustering_qr DEBUG    Center 47 | Xd shape: torch.Size([16780, 87]) | ntemp: 16
2026-07-18 09:27:47,726 kilosort.clustering_qr DEBUG    Center 48 | Xd shape: torch.Size([14739, 87]) | ntemp: 16
2026-07-18 09:27:49,632 kilosort.clustering_qr DEBUG     
2026-07-18 09:27:49,642 kilosort.clustering_qr DEBUG    Cluster center: 49 (50/96)
2026-07-18 09:27:49,642 kilosort.clustering_qr DEBUG    ********************************************************
2026-07-18 09:27:49,642 kilosort.clustering_qr DEBUG    CPU usage:    21.90 %
2026-07-18 09:27:49,642 kilosort.clustering_qr DEBUG    Mem used:     55.60 %     |       8.69 GB
2026-07-18 09:27:49,642 kilosort.clustering_qr DEBUG    Mem avail:     6.96 / 15.65 GB
2026-07-18 09:27:49,642 kilosort.clustering_qr DEBUG    ------------------------------------------------------
2026-07-18 09:27:49,642 kilosort.clustering_qr DEBUG    GPU usage:    `conda install pynvml` for GPU usage
2026-07-18 09:27:49,642 kilosort.clustering_qr DEBUG    GPU memory:   22.31 %     |      0.89   /     4.00 GB
2026-07-18 09:27:49,642 kilosort.clustering_qr DEBUG    Allocated:     0.28 %     |      0.01   /     4.00 GB
2026-07-18 09:27:49,642 kilosort.clustering_qr DEBUG    Max alloc:     1.54 %     |      0.06   /     4.00 GB
2026-07-18 09:27:49,642 kilosort.clustering_qr DEBUG    ********************************************************
2026-07-18 09:27:49,693 kilosort.clustering_qr DEBUG    Center 49 | Xd shape: torch.Size([17107, 87]) | ntemp: 16
2026-07-18 09:27:51,401 kilosort.clustering_qr DEBUG    Center 50 | Xd shape: torch.Size([14825, 87]) | ntemp: 16
2026-07-18 09:27:53,120 kilosort.clustering_qr DEBUG    Center 51 | Xd shape: torch.Size([14948, 90]) | ntemp: 16
2026-07-18 09:27:55,033 kilosort.clustering_qr DEBUG    Center 52 | Xd shape: torch.Size([14800, 90]) | ntemp: 16
2026-07-18 09:27:56,706 kilosort.clustering_qr DEBUG    Center 53 | Xd shape: torch.Size([15052, 90]) | ntemp: 16
2026-07-18 09:27:58,576 kilosort.clustering_qr DEBUG    Center 54 | Xd shape: torch.Size([13819, 90]) | ntemp: 16
2026-07-18 09:28:00,260 kilosort.clustering_qr DEBUG    Center 55 | Xd shape: torch.Size([12553, 90]) | ntemp: 16
2026-07-18 09:28:01,779 kilosort.clustering_qr DEBUG    Center 56 | Xd shape: torch.Size([13689, 90]) | ntemp: 16
2026-07-18 09:28:03,398 kilosort.clustering_qr DEBUG    Center 57 | Xd shape: torch.Size([11309, 90]) | ntemp: 16
2026-07-18 09:28:05,172 kilosort.clustering_qr DEBUG    Center 58 | Xd shape: torch.Size([17023, 90]) | ntemp: 16
2026-07-18 09:28:06,809 kilosort.clustering_qr DEBUG     
2026-07-18 09:28:06,809 kilosort.clustering_qr DEBUG    Cluster center: 59 (60/96)
2026-07-18 09:28:06,809 kilosort.clustering_qr DEBUG    ********************************************************
2026-07-18 09:28:06,809 kilosort.clustering_qr DEBUG    CPU usage:    24.10 %
2026-07-18 09:28:06,809 kilosort.clustering_qr DEBUG    Mem used:     56.70 %     |       8.87 GB
2026-07-18 09:28:06,809 kilosort.clustering_qr DEBUG    Mem avail:     6.78 / 15.65 GB
2026-07-18 09:28:06,809 kilosort.clustering_qr DEBUG    ------------------------------------------------------
2026-07-18 09:28:06,809 kilosort.clustering_qr DEBUG    GPU usage:    `conda install pynvml` for GPU usage
2026-07-18 09:28:06,809 kilosort.clustering_qr DEBUG    GPU memory:   22.31 %     |      0.89   /     4.00 GB
2026-07-18 09:28:06,809 kilosort.clustering_qr DEBUG    Allocated:     0.28 %     |      0.01   /     4.00 GB
2026-07-18 09:28:06,809 kilosort.clustering_qr DEBUG    Max alloc:     1.54 %     |      0.06   /     4.00 GB
2026-07-18 09:28:06,809 kilosort.clustering_qr DEBUG    ********************************************************
2026-07-18 09:28:06,886 kilosort.clustering_qr DEBUG    Center 59 | Xd shape: torch.Size([16422, 90]) | ntemp: 16
2026-07-18 09:28:08,576 kilosort.clustering_qr DEBUG    Center 60 | Xd shape: torch.Size([17390, 90]) | ntemp: 16
2026-07-18 09:28:10,295 kilosort.clustering_qr DEBUG    Center 61 | Xd shape: torch.Size([17860, 90]) | ntemp: 16
2026-07-18 09:28:12,030 kilosort.clustering_qr DEBUG    Center 62 | Xd shape: torch.Size([16740, 90]) | ntemp: 16
2026-07-18 09:28:13,681 kilosort.clustering_qr DEBUG    Center 63 | Xd shape: torch.Size([15425, 90]) | ntemp: 16
2026-07-18 09:28:15,730 kilosort.clustering_qr DEBUG    Center 64 | Xd shape: torch.Size([15952, 90]) | ntemp: 16
2026-07-18 09:28:17,414 kilosort.clustering_qr DEBUG    Center 65 | Xd shape: torch.Size([15883, 90]) | ntemp: 16
2026-07-18 09:28:19,537 kilosort.clustering_qr DEBUG    Center 66 | Xd shape: torch.Size([17878, 90]) | ntemp: 16
2026-07-18 09:28:21,247 kilosort.clustering_qr DEBUG    Center 67 | Xd shape: torch.Size([18038, 90]) | ntemp: 16
2026-07-18 09:28:23,466 kilosort.clustering_qr DEBUG    Center 68 | Xd shape: torch.Size([11377, 90]) | ntemp: 16
2026-07-18 09:28:25,568 kilosort.clustering_qr DEBUG     
2026-07-18 09:28:25,568 kilosort.clustering_qr DEBUG    Cluster center: 69 (70/96)
2026-07-18 09:28:25,568 kilosort.clustering_qr DEBUG    ********************************************************
2026-07-18 09:28:25,568 kilosort.clustering_qr DEBUG    CPU usage:    21.50 %
2026-07-18 09:28:25,568 kilosort.clustering_qr DEBUG    Mem used:     56.30 %     |       8.81 GB
2026-07-18 09:28:25,568 kilosort.clustering_qr DEBUG    Mem avail:     6.84 / 15.65 GB
2026-07-18 09:28:25,568 kilosort.clustering_qr DEBUG    ------------------------------------------------------
2026-07-18 09:28:25,568 kilosort.clustering_qr DEBUG    GPU usage:    `conda install pynvml` for GPU usage
2026-07-18 09:28:25,568 kilosort.clustering_qr DEBUG    GPU memory:   22.31 %     |      0.89   /     4.00 GB
2026-07-18 09:28:25,568 kilosort.clustering_qr DEBUG    Allocated:     0.28 %     |      0.01   /     4.00 GB
2026-07-18 09:28:25,568 kilosort.clustering_qr DEBUG    Max alloc:     1.54 %     |      0.06   /     4.00 GB
2026-07-18 09:28:25,568 kilosort.clustering_qr DEBUG    ********************************************************
2026-07-18 09:28:25,630 kilosort.clustering_qr DEBUG    Center 69 | Xd shape: torch.Size([10010, 90]) | ntemp: 16
2026-07-18 09:28:27,314 kilosort.clustering_qr DEBUG    Center 70 | Xd shape: torch.Size([12853, 90]) | ntemp: 16
2026-07-18 09:28:29,427 kilosort.clustering_qr DEBUG    Center 71 | Xd shape: torch.Size([15147, 90]) | ntemp: 16
2026-07-18 09:28:31,204 kilosort.clustering_qr DEBUG    Center 72 | Xd shape: torch.Size([14524, 90]) | ntemp: 16
2026-07-18 09:28:32,928 kilosort.clustering_qr DEBUG    Center 73 | Xd shape: torch.Size([17199, 90]) | ntemp: 16
2026-07-18 09:28:34,619 kilosort.clustering_qr DEBUG    Center 74 | Xd shape: torch.Size([17550, 90]) | ntemp: 16
2026-07-18 09:28:36,359 kilosort.clustering_qr DEBUG    Center 75 | Xd shape: torch.Size([17703, 90]) | ntemp: 16
2026-07-18 09:28:38,405 kilosort.clustering_qr DEBUG    Center 76 | Xd shape: torch.Size([16146, 90]) | ntemp: 16
2026-07-18 09:28:40,472 kilosort.clustering_qr DEBUG    Center 77 | Xd shape: torch.Size([15114, 90]) | ntemp: 16
2026-07-18 09:28:42,237 kilosort.clustering_qr DEBUG    Center 78 | Xd shape: torch.Size([16547, 90]) | ntemp: 16
2026-07-18 09:28:44,178 kilosort.clustering_qr DEBUG     
2026-07-18 09:28:44,178 kilosort.clustering_qr DEBUG    Cluster center: 79 (80/96)
2026-07-18 09:28:44,178 kilosort.clustering_qr DEBUG    ********************************************************
2026-07-18 09:28:44,178 kilosort.clustering_qr DEBUG    CPU usage:    21.20 %
2026-07-18 09:28:44,178 kilosort.clustering_qr DEBUG    Mem used:     56.10 %     |       8.78 GB
2026-07-18 09:28:44,178 kilosort.clustering_qr DEBUG    Mem avail:     6.86 / 15.65 GB
2026-07-18 09:28:44,178 kilosort.clustering_qr DEBUG    ------------------------------------------------------
2026-07-18 09:28:44,178 kilosort.clustering_qr DEBUG    GPU usage:    `conda install pynvml` for GPU usage
2026-07-18 09:28:44,178 kilosort.clustering_qr DEBUG    GPU memory:   22.31 %     |      0.89   /     4.00 GB
2026-07-18 09:28:44,178 kilosort.clustering_qr DEBUG    Allocated:     0.28 %     |      0.01   /     4.00 GB
2026-07-18 09:28:44,178 kilosort.clustering_qr DEBUG    Max alloc:     1.54 %     |      0.06   /     4.00 GB
2026-07-18 09:28:44,178 kilosort.clustering_qr DEBUG    ********************************************************
2026-07-18 09:28:44,270 kilosort.clustering_qr DEBUG    Center 79 | Xd shape: torch.Size([16319, 90]) | ntemp: 16
2026-07-18 09:28:45,950 kilosort.clustering_qr DEBUG    Center 80 | Xd shape: torch.Size([16921, 90]) | ntemp: 16
2026-07-18 09:28:47,699 kilosort.clustering_qr DEBUG    Center 81 | Xd shape: torch.Size([20603, 90]) | ntemp: 16
2026-07-18 09:28:49,592 kilosort.clustering_qr DEBUG    Center 82 | Xd shape: torch.Size([16451, 90]) | ntemp: 16
2026-07-18 09:28:51,277 kilosort.clustering_qr DEBUG    Center 83 | Xd shape: torch.Size([17050, 90]) | ntemp: 16
2026-07-18 09:28:53,327 kilosort.clustering_qr DEBUG    Center 84 | Xd shape: torch.Size([17373, 90]) | ntemp: 16
2026-07-18 09:28:55,048 kilosort.clustering_qr DEBUG    Center 85 | Xd shape: torch.Size([17160, 90]) | ntemp: 16
2026-07-18 09:28:56,728 kilosort.clustering_qr DEBUG    Center 86 | Xd shape: torch.Size([18163, 90]) | ntemp: 16
2026-07-18 09:28:58,602 kilosort.clustering_qr DEBUG    Center 87 | Xd shape: torch.Size([17400, 90]) | ntemp: 16
2026-07-18 09:29:00,300 kilosort.clustering_qr DEBUG    Center 88 | Xd shape: torch.Size([17183, 90]) | ntemp: 16
2026-07-18 09:29:01,966 kilosort.clustering_qr DEBUG     
2026-07-18 09:29:01,966 kilosort.clustering_qr DEBUG    Cluster center: 89 (90/96)
2026-07-18 09:29:01,966 kilosort.clustering_qr DEBUG    ********************************************************
2026-07-18 09:29:01,966 kilosort.clustering_qr DEBUG    CPU usage:    22.30 %
2026-07-18 09:29:01,966 kilosort.clustering_qr DEBUG    Mem used:     56.00 %     |       8.77 GB
2026-07-18 09:29:01,966 kilosort.clustering_qr DEBUG    Mem avail:     6.88 / 15.65 GB
2026-07-18 09:29:01,976 kilosort.clustering_qr DEBUG    ------------------------------------------------------
2026-07-18 09:29:01,976 kilosort.clustering_qr DEBUG    GPU usage:    `conda install pynvml` for GPU usage
2026-07-18 09:29:01,976 kilosort.clustering_qr DEBUG    GPU memory:   22.31 %     |      0.89   /     4.00 GB
2026-07-18 09:29:01,976 kilosort.clustering_qr DEBUG    Allocated:     0.28 %     |      0.01   /     4.00 GB
2026-07-18 09:29:01,976 kilosort.clustering_qr DEBUG    Max alloc:     1.72 %     |      0.07   /     4.00 GB
2026-07-18 09:29:01,976 kilosort.clustering_qr DEBUG    ********************************************************
2026-07-18 09:29:02,056 kilosort.clustering_qr DEBUG    Center 89 | Xd shape: torch.Size([16744, 90]) | ntemp: 16
2026-07-18 09:29:04,076 kilosort.clustering_qr DEBUG    Center 90 | Xd shape: torch.Size([18246, 90]) | ntemp: 16
2026-07-18 09:29:06,236 kilosort.clustering_qr DEBUG    Center 91 | Xd shape: torch.Size([17768, 90]) | ntemp: 16
2026-07-18 09:29:07,989 kilosort.clustering_qr DEBUG    Center 92 | Xd shape: torch.Size([17915, 84]) | ntemp: 16
2026-07-18 09:29:09,785 kilosort.clustering_qr DEBUG    Center 93 | Xd shape: torch.Size([17676, 78]) | ntemp: 16
2026-07-18 09:29:11,497 kilosort.clustering_qr DEBUG    Center 94 | Xd shape: torch.Size([17668, 78]) | ntemp: 16
2026-07-18 09:29:13,213 kilosort.clustering_qr DEBUG    Center 95 | Xd shape: torch.Size([14713, 78]) | ntemp: 12
2026-07-18 09:29:16,451 kilosort.run_kilosort INFO     286 clusters found, in 182.69s; total 3036.35s
2026-07-18 09:29:16,451 kilosort.run_kilosort DEBUG    clu shape: (1436574,)
2026-07-18 09:29:16,451 kilosort.run_kilosort DEBUG    Wall shape: torch.Size([286, 383, 3])
2026-07-18 09:29:16,451 kilosort.run_kilosort INFO      
2026-07-18 09:29:16,451 kilosort.run_kilosort INFO     Resource usage after first clustering
2026-07-18 09:29:16,451 kilosort.run_kilosort INFO     ********************************************************
2026-07-18 09:29:16,451 kilosort.run_kilosort INFO     CPU usage:    66.70 %
2026-07-18 09:29:16,451 kilosort.run_kilosort INFO     Mem used:     58.40 %     |       9.14 GB
2026-07-18 09:29:16,451 kilosort.run_kilosort INFO     Mem avail:     6.51 / 15.65 GB
2026-07-18 09:29:16,451 kilosort.run_kilosort INFO     ------------------------------------------------------
2026-07-18 09:29:16,451 kilosort.run_kilosort INFO     GPU usage:    `conda install pynvml` for GPU usage
2026-07-18 09:29:16,451 kilosort.run_kilosort INFO     GPU memory:   31.20 %     |      1.25   /     4.00 GB
2026-07-18 09:29:16,451 kilosort.run_kilosort INFO     Allocated:     0.31 %     |      0.01   /     4.00 GB
2026-07-18 09:29:16,451 kilosort.run_kilosort INFO     Max alloc:     8.40 %     |      0.34   /     4.00 GB
2026-07-18 09:29:16,451 kilosort.run_kilosort INFO     ********************************************************
2026-07-18 09:29:16,451 kilosort.run_kilosort DEBUG    
2026-07-18 09:29:16,451 kilosort.run_kilosort DEBUG    --------------------
2026-07-18 09:29:16,451 kilosort.run_kilosort DEBUG    Process thread count: N/A (linux only)
2026-07-18 09:29:16,451 kilosort.run_kilosort DEBUG    num torch threads: 8
2026-07-18 09:29:16,451 kilosort.run_kilosort DEBUG    --------------------

2026-07-18 09:29:16,451 kilosort.run_kilosort INFO      
2026-07-18 09:29:16,451 kilosort.run_kilosort INFO     Extracting spikes using cluster waveforms
2026-07-18 09:29:16,451 kilosort.run_kilosort INFO     ----------------------------------------
2026-07-18 09:29:16,515 kilosort.template_matching DEBUG     
2026-07-18 09:29:16,515 kilosort.template_matching DEBUG    Batch 0
2026-07-18 09:29:16,515 kilosort.template_matching DEBUG    ********************************************************
2026-07-18 09:29:16,515 kilosort.template_matching DEBUG    CPU usage:    31.40 %
2026-07-18 09:29:16,515 kilosort.template_matching DEBUG    Mem used:     58.70 %     |       9.18 GB
2026-07-18 09:29:16,515 kilosort.template_matching DEBUG    Mem avail:     6.47 / 15.65 GB
2026-07-18 09:29:16,515 kilosort.template_matching DEBUG    ------------------------------------------------------
2026-07-18 09:29:16,515 kilosort.template_matching DEBUG    GPU usage:    `conda install pynvml` for GPU usage
2026-07-18 09:29:16,515 kilosort.template_matching DEBUG    GPU memory:   31.20 %     |      1.25   /     4.00 GB
2026-07-18 09:29:16,515 kilosort.template_matching DEBUG    Allocated:     1.08 %     |      0.04   /     4.00 GB
2026-07-18 09:29:16,515 kilosort.template_matching DEBUG    Max alloc:     1.19 %     |      0.05   /     4.00 GB
2026-07-18 09:29:16,515 kilosort.template_matching DEBUG    ********************************************************
2026-07-18 09:31:27,646 kilosort.template_matching DEBUG     
2026-07-18 09:31:27,646 kilosort.template_matching DEBUG    Batch 100
2026-07-18 09:31:27,646 kilosort.template_matching DEBUG    ********************************************************
2026-07-18 09:31:27,646 kilosort.template_matching DEBUG    CPU usage:    19.10 %
2026-07-18 09:31:27,646 kilosort.template_matching DEBUG    Mem used:     57.10 %     |       8.94 GB
2026-07-18 09:31:27,646 kilosort.template_matching DEBUG    Mem avail:     6.71 / 15.65 GB
2026-07-18 09:31:27,646 kilosort.template_matching DEBUG    ------------------------------------------------------
2026-07-18 09:31:27,646 kilosort.template_matching DEBUG    GPU usage:    `conda install pynvml` for GPU usage
2026-07-18 09:31:27,646 kilosort.template_matching DEBUG    GPU memory:   65.92 %     |      2.64   /     4.00 GB
2026-07-18 09:31:27,656 kilosort.template_matching DEBUG    Allocated:     5.51 %     |      0.22   /     4.00 GB
2026-07-18 09:31:27,656 kilosort.template_matching DEBUG    Max alloc:    35.78 %     |      1.43   /     4.00 GB
2026-07-18 09:31:27,656 kilosort.template_matching DEBUG    ********************************************************
2026-07-18 09:31:36,933 kilosort.template_matching DEBUG     
2026-07-18 09:31:36,943 kilosort.template_matching DEBUG    Batch 106
2026-07-18 09:31:36,943 kilosort.template_matching DEBUG    ********************************************************
2026-07-18 09:31:36,943 kilosort.template_matching DEBUG    CPU usage:    18.60 %
2026-07-18 09:31:36,943 kilosort.template_matching DEBUG    Mem used:     57.40 %     |       8.98 GB
2026-07-18 09:31:36,943 kilosort.template_matching DEBUG    Mem avail:     6.67 / 15.65 GB
2026-07-18 09:31:36,943 kilosort.template_matching DEBUG    ------------------------------------------------------
2026-07-18 09:31:36,943 kilosort.template_matching DEBUG    GPU usage:    `conda install pynvml` for GPU usage
2026-07-18 09:31:36,943 kilosort.template_matching DEBUG    GPU memory:   65.92 %     |      2.64   /     4.00 GB
2026-07-18 09:31:36,943 kilosort.template_matching DEBUG    Allocated:     5.50 %     |      0.22   /     4.00 GB
2026-07-18 09:31:36,943 kilosort.template_matching DEBUG    Max alloc:    35.78 %     |      1.43   /     4.00 GB
2026-07-18 09:31:36,943 kilosort.template_matching DEBUG    ********************************************************
2026-07-18 09:31:37,469 kilosort.run_kilosort DEBUG    
2026-07-18 09:31:37,469 kilosort.run_kilosort DEBUG    --------------------
2026-07-18 09:31:37,469 kilosort.run_kilosort DEBUG    Process thread count: N/A (linux only)
2026-07-18 09:31:37,469 kilosort.run_kilosort DEBUG    num torch threads: 8
2026-07-18 09:31:37,469 kilosort.run_kilosort DEBUG    --------------------

2026-07-18 09:31:37,469 kilosort.run_kilosort INFO     1715129 spikes extracted in 141.02s; total 3177.39s
2026-07-18 09:31:37,469 kilosort.run_kilosort DEBUG    st shape: (1715129, 3)
2026-07-18 09:31:37,469 kilosort.run_kilosort DEBUG    tF shape: torch.Size([1715129, 25, 3])
2026-07-18 09:31:37,469 kilosort.run_kilosort DEBUG    iCC shape: torch.Size([25, 383])
2026-07-18 09:31:37,480 kilosort.run_kilosort DEBUG    iU shape: torch.Size([258])
2026-07-18 09:31:37,480 kilosort.run_kilosort DEBUG    

|===========================================================================|
|                  PyTorch CUDA memory summary, device ID 0                 |
|---------------------------------------------------------------------------|
|            CUDA OOMs: 0            |        cudaMalloc retries: 0         |
|===========================================================================|
|        Metric         | Cur Usage  | Peak Usage | Tot Alloc  | Tot Freed  |
|---------------------------------------------------------------------------|
| Allocated memory      |  13116 KiB |   1465 MiB |  29952 GiB |  29952 GiB |
|---------------------------------------------------------------------------|
| Active memory         |  13116 KiB |   1465 MiB |  29952 GiB |  29952 GiB |
|---------------------------------------------------------------------------|
| Requested memory      |  13074 KiB |   1464 MiB |  29927 GiB |  29927 GiB |
|---------------------------------------------------------------------------|
| GPU reserved memory   |   1836 MiB |   1836 MiB |    937 GiB |    935 GiB |
|---------------------------------------------------------------------------|
| Non-releasable memory |  40131 KiB |    982 MiB |  11030 GiB |  11030 GiB |
|---------------------------------------------------------------------------|
| Allocations           |      13    |      45    |    1775 K  |    1774 K  |
|---------------------------------------------------------------------------|
| Active allocs         |      13    |      45    |    1775 K  |    1774 K  |
|---------------------------------------------------------------------------|
| GPU reserved segments |      14    |      14    |    2754    |    2740    |
|---------------------------------------------------------------------------|
| Non-releasable allocs |      10    |      22    |  732076    |  732066    |
|---------------------------------------------------------------------------|
| Oversize allocations  |       0    |       0    |       0    |       0    |
|---------------------------------------------------------------------------|
| Oversize GPU segments |       0    |       0    |       0    |       0    |
|===========================================================================|


2026-07-18 09:31:37,480 kilosort.run_kilosort INFO      
2026-07-18 09:31:37,480 kilosort.run_kilosort INFO     Resource usage after spike detect (learned)
2026-07-18 09:31:37,480 kilosort.run_kilosort INFO     ********************************************************
2026-07-18 09:31:37,480 kilosort.run_kilosort INFO     CPU usage:     0.00 %
2026-07-18 09:31:37,480 kilosort.run_kilosort INFO     Mem used:     57.90 %     |       9.06 GB
2026-07-18 09:31:37,480 kilosort.run_kilosort INFO     Mem avail:     6.59 / 15.65 GB
2026-07-18 09:31:37,480 kilosort.run_kilosort INFO     ------------------------------------------------------
2026-07-18 09:31:37,480 kilosort.run_kilosort INFO     GPU usage:    `conda install pynvml` for GPU usage
2026-07-18 09:31:37,480 kilosort.run_kilosort INFO     GPU memory:   65.92 %     |      2.64   /     4.00 GB
2026-07-18 09:31:37,480 kilosort.run_kilosort INFO     Allocated:     0.31 %     |      0.01   /     4.00 GB
2026-07-18 09:31:37,480 kilosort.run_kilosort INFO     Max alloc:    35.78 %     |      1.43   /     4.00 GB
2026-07-18 09:31:37,480 kilosort.run_kilosort INFO     ********************************************************
2026-07-18 09:31:37,492 kilosort.run_kilosort DEBUG    
2026-07-18 09:31:37,492 kilosort.run_kilosort DEBUG    --------------------
2026-07-18 09:31:37,492 kilosort.run_kilosort DEBUG    Process thread count: N/A (linux only)
2026-07-18 09:31:37,492 kilosort.run_kilosort DEBUG    num torch threads: 8
2026-07-18 09:31:37,498 kilosort.run_kilosort DEBUG    --------------------

2026-07-18 09:31:37,498 kilosort.run_kilosort INFO     Generating diagnostic plots ...
2026-07-18 09:31:42,030 kilosort.run_kilosort INFO      
2026-07-18 09:31:42,030 kilosort.run_kilosort INFO     Final clustering
2026-07-18 09:31:42,030 kilosort.run_kilosort INFO     ----------------------------------------
2026-07-18 09:31:42,112 kilosort.clustering_qr DEBUG    Center 0 | Xd shape: torch.Size([26564, 78]) | ntemp: 5
2026-07-18 09:31:44,676 kilosort.clustering_qr DEBUG    Center 1 | Xd shape: torch.Size([32085, 78]) | ntemp: 4
2026-07-18 09:31:54,223 kilosort.clustering_qr DEBUG    Center 2 | Xd shape: torch.Size([33453, 78]) | ntemp: 7
2026-07-18 09:31:56,996 kilosort.clustering_qr DEBUG    Center 3 | Xd shape: torch.Size([26712, 84]) | ntemp: 7
2026-07-18 09:31:59,332 kilosort.clustering_qr DEBUG    Center 4 | Xd shape: torch.Size([25535, 84]) | ntemp: 6
2026-07-18 09:32:01,556 kilosort.clustering_qr DEBUG    Center 5 | Xd shape: torch.Size([14838, 84]) | ntemp: 8
2026-07-18 09:32:03,902 kilosort.clustering_qr DEBUG    Center 6 | Xd shape: torch.Size([20944, 84]) | ntemp: 5
2026-07-18 09:32:06,256 kilosort.clustering_qr DEBUG    Center 7 | Xd shape: torch.Size([26045, 81]) | ntemp: 7
2026-07-18 09:32:09,087 kilosort.clustering_qr DEBUG    Center 8 | Xd shape: torch.Size([31397, 81]) | ntemp: 7
2026-07-18 09:32:11,670 kilosort.clustering_qr DEBUG     
2026-07-18 09:32:11,670 kilosort.clustering_qr DEBUG    Cluster center: 9 (10/88)
2026-07-18 09:32:11,670 kilosort.clustering_qr DEBUG    ********************************************************
2026-07-18 09:32:11,670 kilosort.clustering_qr DEBUG    CPU usage:    20.10 %
2026-07-18 09:32:11,670 kilosort.clustering_qr DEBUG    Mem used:     54.90 %     |       8.59 GB
2026-07-18 09:32:11,670 kilosort.clustering_qr DEBUG    Mem avail:     7.06 / 15.65 GB
2026-07-18 09:32:11,670 kilosort.clustering_qr DEBUG    ------------------------------------------------------
2026-07-18 09:32:11,670 kilosort.clustering_qr DEBUG    GPU usage:    `conda install pynvml` for GPU usage
2026-07-18 09:32:11,670 kilosort.clustering_qr DEBUG    GPU memory:   22.36 %     |      0.89   /     4.00 GB
2026-07-18 09:32:11,670 kilosort.clustering_qr DEBUG    Allocated:     0.29 %     |      0.01   /     4.00 GB
2026-07-18 09:32:11,670 kilosort.clustering_qr DEBUG    Max alloc:     2.61 %     |      0.10   /     4.00 GB
2026-07-18 09:32:11,670 kilosort.clustering_qr DEBUG    ********************************************************
2026-07-18 09:32:11,729 kilosort.clustering_qr DEBUG    Center 9 | Xd shape: torch.Size([19234, 81]) | ntemp: 6
2026-07-18 09:32:13,672 kilosort.clustering_qr DEBUG    Center 10 | Xd shape: torch.Size([40487, 84]) | ntemp: 10
2026-07-18 09:32:16,256 kilosort.clustering_qr DEBUG    Center 11 | Xd shape: torch.Size([47334, 84]) | ntemp: 7
2026-07-18 09:32:19,129 kilosort.clustering_qr DEBUG    Center 12 | Xd shape: torch.Size([17406, 81]) | ntemp: 3
2026-07-18 09:32:21,119 kilosort.clustering_qr DEBUG    Center 13 | Xd shape: torch.Size([32249, 84]) | ntemp: 9
2026-07-18 09:32:23,461 kilosort.clustering_qr DEBUG    Center 14 | Xd shape: torch.Size([32792, 84]) | ntemp: 7
2026-07-18 09:32:25,816 kilosort.clustering_qr DEBUG    Center 15 | Xd shape: torch.Size([34825, 84]) | ntemp: 6
2026-07-18 09:32:28,327 kilosort.clustering_qr DEBUG    Center 16 | Xd shape: torch.Size([17783, 81]) | ntemp: 3
2026-07-18 09:32:30,298 kilosort.clustering_qr DEBUG    Center 17 | Xd shape: torch.Size([26868, 81]) | ntemp: 4
2026-07-18 09:32:33,346 kilosort.clustering_qr DEBUG    Center 18 | Xd shape: torch.Size([44546, 84]) | ntemp: 6
2026-07-18 09:32:36,893 kilosort.clustering_qr DEBUG     
2026-07-18 09:32:36,893 kilosort.clustering_qr DEBUG    Cluster center: 19 (20/88)
2026-07-18 09:32:36,893 kilosort.clustering_qr DEBUG    ********************************************************
2026-07-18 09:32:36,893 kilosort.clustering_qr DEBUG    CPU usage:    23.30 %
2026-07-18 09:32:36,893 kilosort.clustering_qr DEBUG    Mem used:     55.00 %     |       8.60 GB
2026-07-18 09:32:36,893 kilosort.clustering_qr DEBUG    Mem avail:     7.05 / 15.65 GB
2026-07-18 09:32:36,893 kilosort.clustering_qr DEBUG    ------------------------------------------------------
2026-07-18 09:32:36,893 kilosort.clustering_qr DEBUG    GPU usage:    `conda install pynvml` for GPU usage
2026-07-18 09:32:36,893 kilosort.clustering_qr DEBUG    GPU memory:   22.36 %     |      0.89   /     4.00 GB
2026-07-18 09:32:36,893 kilosort.clustering_qr DEBUG    Allocated:     0.29 %     |      0.01   /     4.00 GB
2026-07-18 09:32:36,893 kilosort.clustering_qr DEBUG    Max alloc:     3.55 %     |      0.14   /     4.00 GB
2026-07-18 09:32:36,893 kilosort.clustering_qr DEBUG    ********************************************************
2026-07-18 09:32:36,968 kilosort.clustering_qr DEBUG    Center 19 | Xd shape: torch.Size([35570, 84]) | ntemp: 9
2026-07-18 09:32:39,268 kilosort.clustering_qr DEBUG    Center 20 | Xd shape: torch.Size([29105, 81]) | ntemp: 5
2026-07-18 09:32:42,044 kilosort.clustering_qr DEBUG    Center 21 | Xd shape: torch.Size([10987, 81]) | ntemp: 2
2026-07-18 09:32:43,634 kilosort.clustering_qr DEBUG    Center 22 | Xd shape: torch.Size([11818, 75]) | ntemp: 1
2026-07-18 09:32:45,316 kilosort.clustering_qr DEBUG    Center 25 | Xd shape: torch.Size([35551, 78]) | ntemp: 3
2026-07-18 09:32:47,931 kilosort.clustering_qr DEBUG    Center 26 | Xd shape: torch.Size([15675, 75]) | ntemp: 1
2026-07-18 09:32:49,593 kilosort.clustering_qr DEBUG    Center 28 | Xd shape: torch.Size([20389, 75]) | ntemp: 2
2026-07-18 09:32:51,419 kilosort.clustering_qr DEBUG    Center 29 | Xd shape: torch.Size([10198, 75]) | ntemp: 1
2026-07-18 09:32:53,489 kilosort.clustering_qr DEBUG    Center 30 | Xd shape: torch.Size([8538, 75]) | ntemp: 1
2026-07-18 09:32:55,065 kilosort.clustering_qr DEBUG    Center 31 | Xd shape: torch.Size([18368, 84]) | ntemp: 3
2026-07-18 09:32:56,808 kilosort.clustering_qr DEBUG     
2026-07-18 09:32:56,808 kilosort.clustering_qr DEBUG    Cluster center: 32 (30/88)
2026-07-18 09:32:56,818 kilosort.clustering_qr DEBUG    ********************************************************
2026-07-18 09:32:56,818 kilosort.clustering_qr DEBUG    CPU usage:    21.30 %
2026-07-18 09:32:56,818 kilosort.clustering_qr DEBUG    Mem used:     54.80 %     |       8.58 GB
2026-07-18 09:32:56,818 kilosort.clustering_qr DEBUG    Mem avail:     7.07 / 15.65 GB
2026-07-18 09:32:56,818 kilosort.clustering_qr DEBUG    ------------------------------------------------------
2026-07-18 09:32:56,818 kilosort.clustering_qr DEBUG    GPU usage:    `conda install pynvml` for GPU usage
2026-07-18 09:32:56,818 kilosort.clustering_qr DEBUG    GPU memory:   22.36 %     |      0.89   /     4.00 GB
2026-07-18 09:32:56,818 kilosort.clustering_qr DEBUG    Allocated:     0.29 %     |      0.01   /     4.00 GB
2026-07-18 09:32:56,818 kilosort.clustering_qr DEBUG    Max alloc:     3.55 %     |      0.14   /     4.00 GB
2026-07-18 09:32:56,818 kilosort.clustering_qr DEBUG    ********************************************************
2026-07-18 09:32:56,850 kilosort.clustering_qr DEBUG    Center 32 | Xd shape: torch.Size([10638, 75]) | ntemp: 1
2026-07-18 09:32:58,511 kilosort.clustering_qr DEBUG    Center 33 | Xd shape: torch.Size([17465, 78]) | ntemp: 3
2026-07-18 09:33:00,266 kilosort.clustering_qr DEBUG    Center 34 | Xd shape: torch.Size([8413, 81]) | ntemp: 4
2026-07-18 09:33:02,083 kilosort.clustering_qr DEBUG    Center 35 | Xd shape: torch.Size([24824, 78]) | ntemp: 5
2026-07-18 09:33:04,235 kilosort.clustering_qr DEBUG    Center 36 | Xd shape: torch.Size([28288, 84]) | ntemp: 6
2026-07-18 09:33:06,242 kilosort.clustering_qr DEBUG    Center 37 | Xd shape: torch.Size([4773, 75]) | ntemp: 1
2026-07-18 09:33:07,898 kilosort.clustering_qr DEBUG    Center 38 | Xd shape: torch.Size([15086, 75]) | ntemp: 1
2026-07-18 09:33:09,842 kilosort.clustering_qr DEBUG    Center 39 | Xd shape: torch.Size([10869, 75]) | ntemp: 1
2026-07-18 09:33:11,751 kilosort.clustering_qr DEBUG    Center 40 | Xd shape: torch.Size([13422, 75]) | ntemp: 1
2026-07-18 09:33:13,736 kilosort.clustering_qr DEBUG    Center 41 | Xd shape: torch.Size([20686, 78]) | ntemp: 2
2026-07-18 09:33:15,719 kilosort.clustering_qr DEBUG     
2026-07-18 09:33:15,719 kilosort.clustering_qr DEBUG    Cluster center: 42 (40/88)
2026-07-18 09:33:15,719 kilosort.clustering_qr DEBUG    ********************************************************
2026-07-18 09:33:15,719 kilosort.clustering_qr DEBUG    CPU usage:    22.00 %
2026-07-18 09:33:15,719 kilosort.clustering_qr DEBUG    Mem used:     55.10 %     |       8.62 GB
2026-07-18 09:33:15,730 kilosort.clustering_qr DEBUG    Mem avail:     7.03 / 15.65 GB
2026-07-18 09:33:15,730 kilosort.clustering_qr DEBUG    ------------------------------------------------------
2026-07-18 09:33:15,730 kilosort.clustering_qr DEBUG    GPU usage:    `conda install pynvml` for GPU usage
2026-07-18 09:33:15,730 kilosort.clustering_qr DEBUG    GPU memory:   22.36 %     |      0.89   /     4.00 GB
2026-07-18 09:33:15,730 kilosort.clustering_qr DEBUG    Allocated:     0.29 %     |      0.01   /     4.00 GB
2026-07-18 09:33:15,730 kilosort.clustering_qr DEBUG    Max alloc:     3.55 %     |      0.14   /     4.00 GB
2026-07-18 09:33:15,730 kilosort.clustering_qr DEBUG    ********************************************************
2026-07-18 09:33:15,761 kilosort.clustering_qr DEBUG    Center 42 | Xd shape: torch.Size([6450, 75]) | ntemp: 1
2026-07-18 09:33:17,326 kilosort.clustering_qr DEBUG    Center 43 | Xd shape: torch.Size([19664, 81]) | ntemp: 2
2026-07-18 09:33:19,178 kilosort.clustering_qr DEBUG    Center 44 | Xd shape: torch.Size([10085, 75]) | ntemp: 1
2026-07-18 09:33:20,790 kilosort.clustering_qr DEBUG    Center 46 | Xd shape: torch.Size([30427, 75]) | ntemp: 2
2026-07-18 09:33:23,421 kilosort.clustering_qr DEBUG    Center 47 | Xd shape: torch.Size([16439, 75]) | ntemp: 1
2026-07-18 09:33:25,073 kilosort.clustering_qr DEBUG    Center 48 | Xd shape: torch.Size([8329, 75]) | ntemp: 1
2026-07-18 09:33:26,637 kilosort.clustering_qr DEBUG    Center 49 | Xd shape: torch.Size([8943, 75]) | ntemp: 1
2026-07-18 09:33:28,322 kilosort.clustering_qr DEBUG    Center 50 | Xd shape: torch.Size([23079, 81]) | ntemp: 3
2026-07-18 09:33:30,491 kilosort.clustering_qr DEBUG    Center 51 | Xd shape: torch.Size([14992, 81]) | ntemp: 2
2026-07-18 09:33:32,383 kilosort.clustering_qr DEBUG    Center 52 | Xd shape: torch.Size([20820, 75]) | ntemp: 3
2026-07-18 09:33:34,445 kilosort.clustering_qr DEBUG     
2026-07-18 09:33:34,445 kilosort.clustering_qr DEBUG    Cluster center: 53 (50/88)
2026-07-18 09:33:34,445 kilosort.clustering_qr DEBUG    ********************************************************
2026-07-18 09:33:34,445 kilosort.clustering_qr DEBUG    CPU usage:    22.00 %
2026-07-18 09:33:34,445 kilosort.clustering_qr DEBUG    Mem used:     55.10 %     |       8.63 GB
2026-07-18 09:33:34,445 kilosort.clustering_qr DEBUG    Mem avail:     7.02 / 15.65 GB
2026-07-18 09:33:34,445 kilosort.clustering_qr DEBUG    ------------------------------------------------------
2026-07-18 09:33:34,445 kilosort.clustering_qr DEBUG    GPU usage:    `conda install pynvml` for GPU usage
2026-07-18 09:33:34,445 kilosort.clustering_qr DEBUG    GPU memory:   22.36 %     |      0.89   /     4.00 GB
2026-07-18 09:33:34,445 kilosort.clustering_qr DEBUG    Allocated:     0.29 %     |      0.01   /     4.00 GB
2026-07-18 09:33:34,445 kilosort.clustering_qr DEBUG    Max alloc:     3.55 %     |      0.14   /     4.00 GB
2026-07-18 09:33:34,445 kilosort.clustering_qr DEBUG    ********************************************************
2026-07-18 09:33:34,478 kilosort.clustering_qr DEBUG    Center 53 | Xd shape: torch.Size([19707, 84]) | ntemp: 2
2026-07-18 09:33:36,412 kilosort.clustering_qr DEBUG    Center 54 | Xd shape: torch.Size([25786, 81]) | ntemp: 3
2026-07-18 09:33:38,856 kilosort.clustering_qr DEBUG    Center 55 | Xd shape: torch.Size([12427, 75]) | ntemp: 1
2026-07-18 09:33:40,625 kilosort.clustering_qr DEBUG    Center 56 | Xd shape: torch.Size([23232, 78]) | ntemp: 3
2026-07-18 09:33:42,552 kilosort.clustering_qr DEBUG    Center 57 | Xd shape: torch.Size([17256, 78]) | ntemp: 3
2026-07-18 09:33:44,253 kilosort.clustering_qr DEBUG    Center 58 | Xd shape: torch.Size([9553, 75]) | ntemp: 1
2026-07-18 09:33:45,953 kilosort.clustering_qr DEBUG    Center 59 | Xd shape: torch.Size([10505, 75]) | ntemp: 1
2026-07-18 09:33:48,104 kilosort.clustering_qr DEBUG    Center 61 | Xd shape: torch.Size([21699, 75]) | ntemp: 2
2026-07-18 09:33:50,246 kilosort.clustering_qr DEBUG    Center 62 | Xd shape: torch.Size([34056, 81]) | ntemp: 4
2026-07-18 09:33:52,678 kilosort.clustering_qr DEBUG    Center 63 | Xd shape: torch.Size([12503, 75]) | ntemp: 1
2026-07-18 09:33:54,508 kilosort.clustering_qr DEBUG     
2026-07-18 09:33:54,508 kilosort.clustering_qr DEBUG    Cluster center: 64 (60/88)
2026-07-18 09:33:54,508 kilosort.clustering_qr DEBUG    ********************************************************
2026-07-18 09:33:54,508 kilosort.clustering_qr DEBUG    CPU usage:    21.70 %
2026-07-18 09:33:54,508 kilosort.clustering_qr DEBUG    Mem used:     55.10 %     |       8.62 GB
2026-07-18 09:33:54,508 kilosort.clustering_qr DEBUG    Mem avail:     7.03 / 15.65 GB
2026-07-18 09:33:54,508 kilosort.clustering_qr DEBUG    ------------------------------------------------------
2026-07-18 09:33:54,508 kilosort.clustering_qr DEBUG    GPU usage:    `conda install pynvml` for GPU usage
2026-07-18 09:33:54,508 kilosort.clustering_qr DEBUG    GPU memory:   22.36 %     |      0.89   /     4.00 GB
2026-07-18 09:33:54,508 kilosort.clustering_qr DEBUG    Allocated:     0.29 %     |      0.01   /     4.00 GB
2026-07-18 09:33:54,508 kilosort.clustering_qr DEBUG    Max alloc:     3.55 %     |      0.14   /     4.00 GB
2026-07-18 09:33:54,516 kilosort.clustering_qr DEBUG    ********************************************************
2026-07-18 09:33:54,539 kilosort.clustering_qr DEBUG    Center 64 | Xd shape: torch.Size([9603, 75]) | ntemp: 1
2026-07-18 09:33:56,097 kilosort.clustering_qr DEBUG    Center 65 | Xd shape: torch.Size([6479, 75]) | ntemp: 1
2026-07-18 09:33:57,902 kilosort.clustering_qr DEBUG    Center 66 | Xd shape: torch.Size([29720, 78]) | ntemp: 2
2026-07-18 09:34:00,049 kilosort.clustering_qr DEBUG    Center 67 | Xd shape: torch.Size([14942, 75]) | ntemp: 2
2026-07-18 09:34:01,772 kilosort.clustering_qr DEBUG    Center 68 | Xd shape: torch.Size([6851, 75]) | ntemp: 2
2026-07-18 09:34:03,398 kilosort.clustering_qr DEBUG    Center 69 | Xd shape: torch.Size([26596, 84]) | ntemp: 5
2026-07-18 09:34:05,813 kilosort.clustering_qr DEBUG    Center 70 | Xd shape: torch.Size([24690, 84]) | ntemp: 5
2026-07-18 09:34:08,223 kilosort.clustering_qr DEBUG    Center 71 | Xd shape: torch.Size([25699, 84]) | ntemp: 5
2026-07-18 09:34:10,479 kilosort.clustering_qr DEBUG    Center 72 | Xd shape: torch.Size([12732, 81]) | ntemp: 2
2026-07-18 09:34:12,107 kilosort.clustering_qr DEBUG    Center 73 | Xd shape: torch.Size([15291, 75]) | ntemp: 1
2026-07-18 09:34:13,941 kilosort.clustering_qr DEBUG     
2026-07-18 09:34:13,941 kilosort.clustering_qr DEBUG    Cluster center: 74 (70/88)
2026-07-18 09:34:13,941 kilosort.clustering_qr DEBUG    ********************************************************
2026-07-18 09:34:13,941 kilosort.clustering_qr DEBUG    CPU usage:    21.90 %
2026-07-18 09:34:13,941 kilosort.clustering_qr DEBUG    Mem used:     55.00 %     |       8.60 GB
2026-07-18 09:34:13,941 kilosort.clustering_qr DEBUG    Mem avail:     7.05 / 15.65 GB
2026-07-18 09:34:13,941 kilosort.clustering_qr DEBUG    ------------------------------------------------------
2026-07-18 09:34:13,941 kilosort.clustering_qr DEBUG    GPU usage:    `conda install pynvml` for GPU usage
2026-07-18 09:34:13,941 kilosort.clustering_qr DEBUG    GPU memory:   22.36 %     |      0.89   /     4.00 GB
2026-07-18 09:34:13,941 kilosort.clustering_qr DEBUG    Allocated:     0.29 %     |      0.01   /     4.00 GB
2026-07-18 09:34:13,941 kilosort.clustering_qr DEBUG    Max alloc:     3.55 %     |      0.14   /     4.00 GB
2026-07-18 09:34:13,941 kilosort.clustering_qr DEBUG    ********************************************************
2026-07-18 09:34:13,982 kilosort.clustering_qr DEBUG    Center 74 | Xd shape: torch.Size([14814, 75]) | ntemp: 1
2026-07-18 09:34:15,625 kilosort.clustering_qr DEBUG    Center 75 | Xd shape: torch.Size([17591, 75]) | ntemp: 1
2026-07-18 09:34:17,315 kilosort.clustering_qr DEBUG    Center 76 | Xd shape: torch.Size([7991, 75]) | ntemp: 1
2026-07-18 09:34:19,280 kilosort.clustering_qr DEBUG    Center 77 | Xd shape: torch.Size([19045, 75]) | ntemp: 2
2026-07-18 09:34:21,320 kilosort.clustering_qr DEBUG    Center 78 | Xd shape: torch.Size([19940, 81]) | ntemp: 2
2026-07-18 09:34:23,259 kilosort.clustering_qr DEBUG    Center 79 | Xd shape: torch.Size([13168, 75]) | ntemp: 1
2026-07-18 09:34:25,196 kilosort.clustering_qr DEBUG    Center 80 | Xd shape: torch.Size([10277, 75]) | ntemp: 1
2026-07-18 09:34:26,822 kilosort.clustering_qr DEBUG    Center 81 | Xd shape: torch.Size([28475, 78]) | ntemp: 2
2026-07-18 09:34:29,326 kilosort.clustering_qr DEBUG    Center 84 | Xd shape: torch.Size([9433, 75]) | ntemp: 1
2026-07-18 09:34:31,200 kilosort.clustering_qr DEBUG    Center 85 | Xd shape: torch.Size([24169, 75]) | ntemp: 2
2026-07-18 09:34:33,141 kilosort.clustering_qr DEBUG     
2026-07-18 09:34:33,141 kilosort.clustering_qr DEBUG    Cluster center: 86 (80/88)
2026-07-18 09:34:33,141 kilosort.clustering_qr DEBUG    ********************************************************
2026-07-18 09:34:33,141 kilosort.clustering_qr DEBUG    CPU usage:    21.00 %
2026-07-18 09:34:33,141 kilosort.clustering_qr DEBUG    Mem used:     54.90 %     |       8.59 GB
2026-07-18 09:34:33,141 kilosort.clustering_qr DEBUG    Mem avail:     7.06 / 15.65 GB
2026-07-18 09:34:33,141 kilosort.clustering_qr DEBUG    ------------------------------------------------------
2026-07-18 09:34:33,141 kilosort.clustering_qr DEBUG    GPU usage:    `conda install pynvml` for GPU usage
2026-07-18 09:34:33,141 kilosort.clustering_qr DEBUG    GPU memory:   22.36 %     |      0.89   /     4.00 GB
2026-07-18 09:34:33,141 kilosort.clustering_qr DEBUG    Allocated:     0.29 %     |      0.01   /     4.00 GB
2026-07-18 09:34:33,141 kilosort.clustering_qr DEBUG    Max alloc:     3.55 %     |      0.14   /     4.00 GB
2026-07-18 09:34:33,152 kilosort.clustering_qr DEBUG    ********************************************************
2026-07-18 09:34:33,182 kilosort.clustering_qr DEBUG    Center 86 | Xd shape: torch.Size([14276, 75]) | ntemp: 1
2026-07-18 09:34:34,864 kilosort.clustering_qr DEBUG    Center 87 | Xd shape: torch.Size([14425, 75]) | ntemp: 1
2026-07-18 09:34:36,493 kilosort.clustering_qr DEBUG    Center 88 | Xd shape: torch.Size([13291, 75]) | ntemp: 1
2026-07-18 09:34:38,089 kilosort.clustering_qr DEBUG    Center 89 | Xd shape: torch.Size([12141, 75]) | ntemp: 1
2026-07-18 09:34:39,688 kilosort.clustering_qr DEBUG    Center 90 | Xd shape: torch.Size([12664, 75]) | ntemp: 1
2026-07-18 09:34:41,535 kilosort.clustering_qr DEBUG    Center 91 | Xd shape: torch.Size([13914, 75]) | ntemp: 1
2026-07-18 09:34:43,229 kilosort.clustering_qr DEBUG    Center 93 | Xd shape: torch.Size([21094, 78]) | ntemp: 2
2026-07-18 09:34:45,397 kilosort.clustering_qr DEBUG    Center 94 | Xd shape: torch.Size([17528, 75]) | ntemp: 1
2026-07-18 09:34:47,122 kilosort.clustering_qr DEBUG    Center 95 | Xd shape: torch.Size([10578, 75]) | ntemp: 1
2026-07-18 09:34:48,969 kilosort.run_kilosort INFO     228 clusters found, in 186.93s; total 3368.88s
2026-07-18 09:34:48,969 kilosort.run_kilosort DEBUG    clu shape: (1715129,)
2026-07-18 09:34:48,969 kilosort.run_kilosort DEBUG    Wall shape: torch.Size([228, 383, 3])
2026-07-18 09:34:48,969 kilosort.run_kilosort DEBUG    
2026-07-18 09:34:48,969 kilosort.run_kilosort DEBUG    --------------------
2026-07-18 09:34:48,969 kilosort.run_kilosort DEBUG    Process thread count: N/A (linux only)
2026-07-18 09:34:48,969 kilosort.run_kilosort DEBUG    num torch threads: 8
2026-07-18 09:34:48,969 kilosort.run_kilosort DEBUG    --------------------

2026-07-18 09:34:48,969 kilosort.run_kilosort INFO      
2026-07-18 09:34:48,969 kilosort.run_kilosort INFO     Merging clusters
2026-07-18 09:34:48,969 kilosort.run_kilosort INFO     ----------------------------------------
2026-07-18 09:34:54,570 kilosort.run_kilosort INFO     216 units found, in 5.60s; total 3374.49s
2026-07-18 09:34:54,570 kilosort.run_kilosort DEBUG    clu shape: (1715129,)
2026-07-18 09:34:54,570 kilosort.run_kilosort DEBUG    Wall shape: torch.Size([216, 383, 3])
2026-07-18 09:34:54,575 kilosort.run_kilosort DEBUG    

|===========================================================================|
|                  PyTorch CUDA memory summary, device ID 0                 |
|---------------------------------------------------------------------------|
|            CUDA OOMs: 0            |        cudaMalloc retries: 0         |
|===========================================================================|
|        Metric         | Cur Usage  | Peak Usage | Tot Alloc  | Tot Freed  |
|---------------------------------------------------------------------------|
| Allocated memory      |  11919 KiB | 148689 KiB |  31919 GiB |  31919 GiB |
|---------------------------------------------------------------------------|
| Active memory         |  11919 KiB | 148689 KiB |  31919 GiB |  31919 GiB |
|---------------------------------------------------------------------------|
| Requested memory      |  11916 KiB | 148682 KiB |  31879 GiB |  31879 GiB |
|---------------------------------------------------------------------------|
| GPU reserved memory   |  55296 KiB |   1836 MiB |    940 GiB |    940 GiB |
|---------------------------------------------------------------------------|
| Non-releasable memory |  41328 KiB | 129317 KiB |  12449 GiB |  12449 GiB |
|---------------------------------------------------------------------------|
| Allocations           |      12    |      44    |    2954 K  |    2954 K  |
|---------------------------------------------------------------------------|
| Active allocs         |      12    |      44    |    2954 K  |    2954 K  |
|---------------------------------------------------------------------------|
| GPU reserved segments |       5    |      14    |    3022    |    3017    |
|---------------------------------------------------------------------------|
| Non-releasable allocs |      11    |      19    |    1253 K  |    1253 K  |
|---------------------------------------------------------------------------|
| Oversize allocations  |       0    |       0    |       0    |       0    |
|---------------------------------------------------------------------------|
| Oversize GPU segments |       0    |       0    |       0    |       0    |
|===========================================================================|


2026-07-18 09:34:54,578 kilosort.run_kilosort INFO      
2026-07-18 09:34:54,578 kilosort.run_kilosort INFO     Resource usage after clustering
2026-07-18 09:34:54,578 kilosort.run_kilosort INFO     ********************************************************
2026-07-18 09:34:54,578 kilosort.run_kilosort INFO     CPU usage:     0.00 %
2026-07-18 09:34:54,578 kilosort.run_kilosort INFO     Mem used:     58.20 %     |       9.11 GB
2026-07-18 09:34:54,578 kilosort.run_kilosort INFO     Mem avail:     6.54 / 15.65 GB
2026-07-18 09:34:54,578 kilosort.run_kilosort INFO     ------------------------------------------------------
2026-07-18 09:34:54,578 kilosort.run_kilosort INFO     GPU usage:    `conda install pynvml` for GPU usage
2026-07-18 09:34:54,578 kilosort.run_kilosort INFO     GPU memory:   22.41 %     |      0.90   /     4.00 GB
2026-07-18 09:34:54,578 kilosort.run_kilosort INFO     Allocated:     0.28 %     |      0.01   /     4.00 GB
2026-07-18 09:34:54,578 kilosort.run_kilosort INFO     Max alloc:     3.55 %     |      0.14   /     4.00 GB
2026-07-18 09:34:54,578 kilosort.run_kilosort INFO     ********************************************************
2026-07-18 09:34:54,670 kilosort.run_kilosort DEBUG    
2026-07-18 09:34:54,670 kilosort.run_kilosort DEBUG    --------------------
2026-07-18 09:34:54,670 kilosort.run_kilosort DEBUG    Process thread count: N/A (linux only)
2026-07-18 09:34:54,670 kilosort.run_kilosort DEBUG    num torch threads: 8
2026-07-18 09:34:54,670 kilosort.run_kilosort DEBUG    --------------------

2026-07-18 09:34:54,670 kilosort.run_kilosort INFO      
2026-07-18 09:34:54,670 kilosort.run_kilosort INFO     Saving to phy and computing refractory periods
2026-07-18 09:34:54,670 kilosort.run_kilosort INFO     ----------------------------------------
2026-07-18 09:34:54,770 kilosort.io  DEBUG     
2026-07-18 09:34:54,770 kilosort.io  DEBUG    save_to_phy, whitening
2026-07-18 09:34:54,770 kilosort.io  DEBUG    ********************************************************
2026-07-18 09:34:54,770 kilosort.io  DEBUG    CPU usage:    26.10 %
2026-07-18 09:34:54,770 kilosort.io  DEBUG    Mem used:     54.90 %     |       8.59 GB
2026-07-18 09:34:54,770 kilosort.io  DEBUG    Mem avail:     7.06 / 15.65 GB
2026-07-18 09:34:54,770 kilosort.io  DEBUG    ------------------------------------------------------
2026-07-18 09:34:54,770 kilosort.io  DEBUG    GPU usage:    `conda install pynvml` for GPU usage
2026-07-18 09:34:54,770 kilosort.io  DEBUG    GPU memory:   22.41 %     |      0.90   /     4.00 GB
2026-07-18 09:34:54,770 kilosort.io  DEBUG    Allocated:     0.30 %     |      0.01   /     4.00 GB
2026-07-18 09:34:54,770 kilosort.io  DEBUG    Max alloc:     0.34 %     |      0.01   /     4.00 GB
2026-07-18 09:34:54,770 kilosort.io  DEBUG    ********************************************************
2026-07-18 09:34:56,696 kilosort.io  DEBUG     
2026-07-18 09:34:56,696 kilosort.io  DEBUG    save_to_phy, spike positions
2026-07-18 09:34:56,696 kilosort.io  DEBUG    ********************************************************
2026-07-18 09:34:56,696 kilosort.io  DEBUG    CPU usage:    37.00 %
2026-07-18 09:34:56,696 kilosort.io  DEBUG    Mem used:     60.70 %     |       9.50 GB
2026-07-18 09:34:56,696 kilosort.io  DEBUG    Mem avail:     6.15 / 15.65 GB
2026-07-18 09:34:56,696 kilosort.io  DEBUG    ------------------------------------------------------
2026-07-18 09:34:56,696 kilosort.io  DEBUG    GPU usage:    `conda install pynvml` for GPU usage
2026-07-18 09:34:56,696 kilosort.io  DEBUG    GPU memory:   22.41 %     |      0.90   /     4.00 GB
2026-07-18 09:34:56,696 kilosort.io  DEBUG    Allocated:     0.30 %     |      0.01   /     4.00 GB
2026-07-18 09:34:56,696 kilosort.io  DEBUG    Max alloc:     0.30 %     |      0.01   /     4.00 GB
2026-07-18 09:34:56,696 kilosort.io  DEBUG    ********************************************************
2026-07-18 09:34:58,145 kilosort.io  DEBUG     
2026-07-18 09:34:58,145 kilosort.io  DEBUG    save_to_phy, remove duplicates
2026-07-18 09:34:58,145 kilosort.io  DEBUG    ********************************************************
2026-07-18 09:34:58,145 kilosort.io  DEBUG    CPU usage:    16.90 %
2026-07-18 09:34:58,145 kilosort.io  DEBUG    Mem used:     60.70 %     |       9.49 GB
2026-07-18 09:34:58,145 kilosort.io  DEBUG    Mem avail:     6.16 / 15.65 GB
2026-07-18 09:34:58,145 kilosort.io  DEBUG    ------------------------------------------------------
2026-07-18 09:34:58,145 kilosort.io  DEBUG    GPU usage:    `conda install pynvml` for GPU usage
2026-07-18 09:34:58,145 kilosort.io  DEBUG    GPU memory:   22.41 %     |      0.90   /     4.00 GB
2026-07-18 09:34:58,145 kilosort.io  DEBUG    Allocated:     0.30 %     |      0.01   /     4.00 GB
2026-07-18 09:34:58,145 kilosort.io  DEBUG    Max alloc:     0.30 %     |      0.01   /     4.00 GB
2026-07-18 09:34:58,145 kilosort.io  DEBUG    ********************************************************
2026-07-18 09:34:59,481 kilosort.io  DEBUG     
2026-07-18 09:34:59,481 kilosort.io  DEBUG    save_to_phy, template props
2026-07-18 09:34:59,497 kilosort.io  DEBUG    ********************************************************
2026-07-18 09:34:59,497 kilosort.io  DEBUG    CPU usage:    24.30 %
2026-07-18 09:34:59,497 kilosort.io  DEBUG    Mem used:     55.80 %     |       8.73 GB
2026-07-18 09:34:59,497 kilosort.io  DEBUG    Mem avail:     6.92 / 15.65 GB
2026-07-18 09:34:59,497 kilosort.io  DEBUG    ------------------------------------------------------
2026-07-18 09:34:59,497 kilosort.io  DEBUG    GPU usage:    `conda install pynvml` for GPU usage
2026-07-18 09:34:59,497 kilosort.io  DEBUG    GPU memory:   22.41 %     |      0.90   /     4.00 GB
2026-07-18 09:34:59,497 kilosort.io  DEBUG    Allocated:     0.30 %     |      0.01   /     4.00 GB
2026-07-18 09:34:59,497 kilosort.io  DEBUG    Max alloc:     0.30 %     |      0.01   /     4.00 GB
2026-07-18 09:34:59,497 kilosort.io  DEBUG    ********************************************************
2026-07-18 09:35:27,779 kilosort.io  DEBUG     
2026-07-18 09:35:27,779 kilosort.io  DEBUG    save_to_phy, pc features
2026-07-18 09:35:27,779 kilosort.io  DEBUG    ********************************************************
2026-07-18 09:35:27,779 kilosort.io  DEBUG    CPU usage:    18.20 %
2026-07-18 09:35:27,779 kilosort.io  DEBUG    Mem used:     59.20 %     |       9.27 GB
2026-07-18 09:35:27,779 kilosort.io  DEBUG    Mem avail:     6.38 / 15.65 GB
2026-07-18 09:35:27,779 kilosort.io  DEBUG    ------------------------------------------------------
2026-07-18 09:35:27,779 kilosort.io  DEBUG    GPU usage:    `conda install pynvml` for GPU usage
2026-07-18 09:35:27,779 kilosort.io  DEBUG    GPU memory:   22.41 %     |      0.90   /     4.00 GB
2026-07-18 09:35:27,779 kilosort.io  DEBUG    Allocated:     0.30 %     |      0.01   /     4.00 GB
2026-07-18 09:35:27,779 kilosort.io  DEBUG    Max alloc:     0.38 %     |      0.02   /     4.00 GB
2026-07-18 09:35:27,779 kilosort.io  DEBUG    ********************************************************
2026-07-18 09:35:30,254 kilosort.io  DEBUG     
2026-07-18 09:35:30,254 kilosort.io  DEBUG    save_to_phy, est contam
2026-07-18 09:35:30,254 kilosort.io  DEBUG    ********************************************************
2026-07-18 09:35:30,254 kilosort.io  DEBUG    CPU usage:    15.20 %
2026-07-18 09:35:30,254 kilosort.io  DEBUG    Mem used:     59.30 %     |       9.29 GB
2026-07-18 09:35:30,254 kilosort.io  DEBUG    Mem avail:     6.36 / 15.65 GB
2026-07-18 09:35:30,254 kilosort.io  DEBUG    ------------------------------------------------------
2026-07-18 09:35:30,254 kilosort.io  DEBUG    GPU usage:    `conda install pynvml` for GPU usage
2026-07-18 09:35:30,254 kilosort.io  DEBUG    GPU memory:   22.41 %     |      0.90   /     4.00 GB
2026-07-18 09:35:30,270 kilosort.io  DEBUG    Allocated:     0.30 %     |      0.01   /     4.00 GB
2026-07-18 09:35:30,270 kilosort.io  DEBUG    Max alloc:     0.30 %     |      0.01   /     4.00 GB
2026-07-18 09:35:30,270 kilosort.io  DEBUG    ********************************************************
2026-07-18 09:35:30,373 kilosort.run_kilosort INFO     100 units found with good refractory periods
2026-07-18 09:35:30,548 kilosort.run_kilosort INFO     Exporting to Phy took: 35.88s
2026-07-18 09:35:30,548 kilosort.run_kilosort INFO     Total runtime: 3410.47s = 00:56:50 h:m:s
2026-07-18 09:35:30,716 kilosort.run_kilosort INFO     Sorting output saved in: G:\ACADEMIC\week8_partial_dct_kilosort_runs\dd4da095_probe00_partial_20260712_222836\ratio_0.10\kilosort4_dct.
2026-07-18 09:35:30,716 kilosort.run_kilosort DEBUG    

|===========================================================================|
|                  PyTorch CUDA memory summary, device ID 0                 |
|---------------------------------------------------------------------------|
|            CUDA OOMs: 0            |        cudaMalloc retries: 0         |
|===========================================================================|
|        Metric         | Cur Usage  | Peak Usage | Tot Alloc  | Tot Freed  |
|---------------------------------------------------------------------------|
| Allocated memory      |  11919 KiB |  12493 KiB |  31919 GiB |  31919 GiB |
|---------------------------------------------------------------------------|
| Active memory         |  11919 KiB |  12493 KiB |  31919 GiB |  31919 GiB |
|---------------------------------------------------------------------------|
| Requested memory      |  11916 KiB |  12489 KiB |  31879 GiB |  31879 GiB |
|---------------------------------------------------------------------------|
| GPU reserved memory   |  55296 KiB |  55296 KiB |    940 GiB |    940 GiB |
|---------------------------------------------------------------------------|
| Non-releasable memory |  41328 KiB |  41328 KiB |  12450 GiB |  12450 GiB |
|---------------------------------------------------------------------------|
| Allocations           |      12    |      13    |    2958 K  |    2958 K  |
|---------------------------------------------------------------------------|
| Active allocs         |      12    |      13    |    2958 K  |    2958 K  |
|---------------------------------------------------------------------------|
| GPU reserved segments |       5    |       5    |    3022    |    3017    |
|---------------------------------------------------------------------------|
| Non-releasable allocs |      11    |      11    |    1254 K  |    1254 K  |
|---------------------------------------------------------------------------|
| Oversize allocations  |       0    |       0    |       0    |       0    |
|---------------------------------------------------------------------------|
| Oversize GPU segments |       0    |       0    |       0    |       0    |
|===========================================================================|


2026-07-18 09:35:30,716 kilosort.run_kilosort INFO      
2026-07-18 09:35:30,716 kilosort.run_kilosort INFO     Resource usage after saving
2026-07-18 09:35:30,716 kilosort.run_kilosort INFO     ********************************************************
2026-07-18 09:35:30,716 kilosort.run_kilosort INFO     CPU usage:    21.70 %
2026-07-18 09:35:30,716 kilosort.run_kilosort INFO     Mem used:     55.30 %     |       8.66 GB
2026-07-18 09:35:30,716 kilosort.run_kilosort INFO     Mem avail:     6.99 / 15.65 GB
2026-07-18 09:35:30,716 kilosort.run_kilosort INFO     ------------------------------------------------------
2026-07-18 09:35:30,716 kilosort.run_kilosort INFO     GPU usage:    `conda install pynvml` for GPU usage
2026-07-18 09:35:30,716 kilosort.run_kilosort INFO     GPU memory:   22.41 %     |      0.90   /     4.00 GB
2026-07-18 09:35:30,716 kilosort.run_kilosort INFO     Allocated:     0.28 %     |      0.01   /     4.00 GB
2026-07-18 09:35:30,716 kilosort.run_kilosort INFO     Max alloc:     0.30 %     |      0.01   /     4.00 GB
2026-07-18 09:35:30,716 kilosort.run_kilosort INFO     ********************************************************
2026-07-18 09:35:30,716 kilosort.run_kilosort DEBUG    
2026-07-18 09:35:30,716 kilosort.run_kilosort DEBUG    --------------------
2026-07-18 09:35:30,716 kilosort.run_kilosort DEBUG    Process thread count: N/A (linux only)
2026-07-18 09:35:30,716 kilosort.run_kilosort DEBUG    num torch threads: 8
2026-07-18 09:35:30,716 kilosort.run_kilosort DEBUG    --------------------

2026-07-18 09:35:30,716 kilosort.run_kilosort INFO     Generating spike position plot ...
2026-07-18 09:37:03,558 kilosort.run_kilosort INFO     Sorting finished.
2026-07-18 09:37:03,558 kilosort.run_kilosort INFO      
2026-07-18 09:37:03,558 kilosort.run_kilosort INFO     ********************************************************
2026-07-18 09:37:03,558 kilosort.run_kilosort INFO     Sorting summary
2026-07-18 09:37:03,558 kilosort.run_kilosort INFO     --------------------------------------------------------
2026-07-18 09:37:03,558 kilosort.run_kilosort INFO     Total number of units:                              216
2026-07-18 09:37:03,558 kilosort.run_kilosort INFO     Number of good units:                               100
2026-07-18 09:37:03,558 kilosort.run_kilosort INFO     Number of spikes                                1683125
2026-07-18 09:37:03,558 kilosort.run_kilosort INFO     Mean abs. drift                                  0.6 um
2026-07-18 09:37:03,558 kilosort.run_kilosort INFO     Total runtime                                  3410.47s
2026-07-18 09:37:03,558 kilosort.run_kilosort INFO      
2026-07-18 09:37:03,558 kilosort.run_kilosort INFO     Runtime by step
2026-07-18 09:37:03,558 kilosort.run_kilosort INFO     --------------------------------------------------------
2026-07-18 09:37:03,558 kilosort.run_kilosort INFO     preprocessing:                          3.8s   (0.11) %
2026-07-18 09:37:03,558 kilosort.run_kilosort INFO     drift corr:                          1445.8s  (42.39) %
2026-07-18 09:37:03,558 kilosort.run_kilosort INFO     spike det. (univ):                   1316.4s  (38.60) %
2026-07-18 09:37:03,558 kilosort.run_kilosort INFO     cluster (temp):                       182.7s   (5.36) %
2026-07-18 09:37:03,558 kilosort.run_kilosort INFO     spike det. (learn):                   141.0s   (4.13) %
2026-07-18 09:37:03,558 kilosort.run_kilosort INFO     cluster (final):                      186.9s   (5.48) %
2026-07-18 09:37:03,558 kilosort.run_kilosort INFO     cluster merge:                          5.6s   (0.16) %
2026-07-18 09:37:03,558 kilosort.run_kilosort INFO     postprocessing:                        35.9s   (1.05) %
2026-07-18 09:37:03,558 kilosort.run_kilosort INFO      
2026-07-18 09:37:03,558 kilosort.run_kilosort INFO     Memory usage by step
2026-07-18 09:37:03,558 kilosort.run_kilosort INFO     --------------------------------------------------------
2026-07-18 09:37:03,558 kilosort.run_kilosort INFO     preprocessing:         sys     6.9 GB  |  gpu    1.3 GB
2026-07-18 09:37:03,564 kilosort.run_kilosort INFO     drift corr:            sys     7.8 GB  |  gpu    3.9 GB
2026-07-18 09:37:03,564 kilosort.run_kilosort INFO     spike det. (univ):     sys     9.2 GB  |  gpu    3.9 GB
2026-07-18 09:37:03,564 kilosort.run_kilosort INFO     cluster (temp):        sys     9.1 GB  |  gpu    0.3 GB
2026-07-18 09:37:03,564 kilosort.run_kilosort INFO     spike det. (learn):    sys     9.1 GB  |  gpu    1.4 GB
2026-07-18 09:37:03,564 kilosort.run_kilosort INFO     cluster (final):       sys     8.6 GB  |  gpu    0.1 GB
2026-07-18 09:37:03,564 kilosort.run_kilosort INFO     cluster merge:         sys     9.1 GB  |  gpu    0.1 GB
2026-07-18 09:37:03,564 kilosort.run_kilosort INFO     postprocessing:        sys     9.2 GB  |  gpu    0.0 GB
2026-07-18 09:37:03,564 kilosort.run_kilosort INFO     ********************************************************
