2026-07-18 13:37:38,350 kilosort.run_kilosort INFO     Kilosort version 4.1.7
2026-07-18 13:37:38,350 kilosort.run_kilosort INFO     Python version 3.11.15
2026-07-18 13:37:38,350 kilosort.run_kilosort INFO     ----------------------------------------
2026-07-18 13:37:38,350 kilosort.run_kilosort INFO     System information:
2026-07-18 13:37:38,402 kilosort.run_kilosort INFO     Windows-10-10.0.26200-SP0 AMD64
2026-07-18 13:37:38,402 kilosort.run_kilosort INFO     Intel64 Family 6 Model 186 Stepping 2, GenuineIntel
2026-07-18 13:37:38,666 kilosort.run_kilosort INFO     Using GPU for PyTorch computations. Specify `device` to change this.
2026-07-18 13:37:38,682 kilosort.run_kilosort INFO     Using CUDA device: NVIDIA GeForce RTX 2050 4.00GB
2026-07-18 13:37:38,682 kilosort.run_kilosort INFO     ----------------------------------------
2026-07-18 13:37:38,682 kilosort.run_kilosort INFO     Sorting [WindowsPath('G:/academic/week8_partial_dct_kilosort_runs/dd4da095_probe00_partial_20260712_222836/ratio_0.70/dd4da095_probe00_partial_20260712_222836_ratio_0.70_dctwin_600samp_preprocessed_int16.bin')]
2026-07-18 13:37:38,682 kilosort.run_kilosort INFO     Skipping common average reference.
2026-07-18 13:37:38,682 kilosort.run_kilosort INFO     clear_cache=True
2026-07-18 13:37:38,682 kilosort.run_kilosort DEBUG    Initial ops:

ops = {
    'n_chan_bin': 385,
    'fs': 30000.0,
    'batch_size': 60000,
    'nblocks': 1,
    'Th_universal': 9,
    'Th_learned': 8,
    'tmin': 0,
    'tmax': inf,
    'nt': 61,
    'shift': None,
    'scale': None,
    'batch_downsampling': 1,
    'artifact_threshold': inf,
    'nskip': 25,
    'whitening_range': 32,
    'highpass_cutoff': 300,
    'binning_depth': 5,
    'sig_interp': 20,
    'drift_smoothing': [0.5, 0.5, 0.5],
    'nt0min': 20,
    'dmin': None,
    'dminx': 32,
    'min_template_size': 10,
    'template_sizes': 5,
    'nearest_chans': 25,
    'nearest_templates': 100,
    'max_channel_distance': 32,
    'max_peels': 100,
    'templates_from_data': True,
    'n_templates': 6,
    'n_pcs': 3,
    'Th_single_ch': 6,
    'acg_threshold': 0.2,
    'ccg_threshold': 0.25,
    'cluster_neighbors': 10,
    'cluster_downsampling': 20,
    'max_cluster_subset': 25000,
    'x_centers': None,
    'cluster_init_seed': 5,
    'duplicate_spike_ms': 0.25,
    'position_limit': 100,
    'filename': [   WindowsPath('G:/academic/week8_partial_dct_kilosort_runs/dd4da095_probe00_partial_20260712_222836/ratio_0.70/dd4da095_probe00_partial_20260712_222836_ratio_0.70_dctwin_600samp_preprocessed_int16.bin')],
    'data_dir': WindowsPath('G:/academic/week8_partial_dct_kilosort_runs/dd4da095_probe00_partial_20260712_222836/ratio_0.70'),
    'data_dtype': 'int16',
    'do_CAR': False,
    'invert_sign': False,
    'NTbuff': 60122,
    'Nchan': 383,
    'duplicate_spike_bins': 7,
    'torch_device': 'cuda',
    'save_preprocessed_copy': False
}

2026-07-18 13:37:38,724 kilosort.run_kilosort DEBUG    Probe dictionary:

probe = {
    'xc': np.array([43., 11., 59., 27., 43., 11., 59., 27., 43., 11., 59., 27., 43.,
       11., 59., 27., 43., 11., 59., 27., 43., 11., 59., 27., 43., 11.,
       59., 27., 43., 11., 59., 27., 43., 11., 59., 27., 43., 11., 59.,
       27., 43., 11., 59., 27., 43., 11., 59., 27., 43., 11., 59., 27.,
       43., 11., 59., 27., 43., 11., 59., 27., 43., 11., 59., 27., 43.,
       11., 59., 27., 43., 11., 59., 27., 43., 11., 59., 27., 43., 11.,
       59., 27., 43., 11., 59., 27., 43., 11., 59., 27., 43., 11., 59.,
       27., 43., 11., 59., 27., 43., 11., 59., 27., 43., 11., 59., 27.,
       43., 11., 59., 27., 43., 11., 59., 27., 43., 11., 59., 27., 43.,
       11., 59., 27., 43., 11., 59., 27., 43., 11., 59., 27., 43., 11.,
       59., 27., 43., 11., 59., 27., 43., 11., 59., 27., 43., 11., 59.,
       27., 43., 11., 59., 27., 43., 11., 59., 27., 43., 11., 59., 27.,
       43., 11., 59., 27., 43., 11., 59., 27., 43., 11., 59., 27., 43.,
       11., 59., 27., 43., 11., 59., 27., 43., 11., 59., 27., 43., 11.,
       59., 27., 43., 11., 59., 27., 43., 11., 59., 43., 11., 59., 27.,
       43., 11., 59., 27., 43., 11., 59., 27., 43., 11., 59., 27., 43.,
       11., 59., 27., 43., 11., 59., 27., 43., 11., 59., 27., 43., 11.,
       59., 27., 43., 11., 59., 27., 43., 11., 59., 27., 43., 11., 59.,
       27., 43., 11., 59., 27., 43., 11., 59., 27., 43., 11., 59., 27.,
       43., 11., 59., 27., 43., 11., 59., 27., 43., 11., 59., 27., 43.,
       11., 59., 27., 43., 11., 59., 27., 43., 11., 59., 27., 43., 11.,
       59., 27., 43., 11., 59., 27., 43., 11., 59., 27., 43., 11., 59.,
       27., 43., 11., 59., 27., 43., 11., 59., 27., 43., 11., 59., 27.,
       43., 11., 59., 27., 43., 11., 59., 27., 43., 11., 59., 27., 43.,
       11., 59., 27., 43., 11., 59., 27., 43., 11., 59., 27., 43., 11.,
       59., 27., 43., 11., 59., 27., 43., 11., 59., 27., 43., 11., 59.,
       27., 43., 11., 59., 27., 43., 11., 59., 27., 43., 11., 59., 27.,
       43., 11., 59., 27., 43., 11., 59., 27., 43., 11., 59., 27., 43.,
       11., 59., 27., 43., 11., 59., 27., 43., 11., 59., 27., 43., 11.,
       59., 27., 43., 11., 59., 27.], dtype=np.float32),
    'yc': np.array([  20.,   20.,   40.,   40.,   60.,   60.,   80.,   80.,  100.,
        100.,  120.,  120.,  140.,  140.,  160.,  160.,  180.,  180.,
        200.,  200.,  220.,  220.,  240.,  240.,  260.,  260.,  280.,
        280.,  300.,  300.,  320.,  320.,  340.,  340.,  360.,  360.,
        380.,  380.,  400.,  400.,  420.,  420.,  440.,  440.,  460.,
        460.,  480.,  480.,  500.,  500.,  520.,  520.,  540.,  540.,
        560.,  560.,  580.,  580.,  600.,  600.,  620.,  620.,  640.,
        640.,  660.,  660.,  680.,  680.,  700.,  700.,  720.,  720.,
        740.,  740.,  760.,  760.,  780.,  780.,  800.,  800.,  820.,
        820.,  840.,  840.,  860.,  860.,  880.,  880.,  900.,  900.,
        920.,  920.,  940.,  940.,  960.,  960.,  980.,  980., 1000.,
       1000., 1020., 1020., 1040., 1040., 1060., 1060., 1080., 1080.,
       1100., 1100., 1120., 1120., 1140., 1140., 1160., 1160., 1180.,
       1180., 1200., 1200., 1220., 1220., 1240., 1240., 1260., 1260.,
       1280., 1280., 1300., 1300., 1320., 1320., 1340., 1340., 1360.,
       1360., 1380., 1380., 1400., 1400., 1420., 1420., 1440., 1440.,
       1460., 1460., 1480., 1480., 1500., 1500., 1520., 1520., 1540.,
       1540., 1560., 1560., 1580., 1580., 1600., 1600., 1620., 1620.,
       1640., 1640., 1660., 1660., 1680., 1680., 1700., 1700., 1720.,
       1720., 1740., 1740., 1760., 1760., 1780., 1780., 1800., 1800.,
       1820., 1820., 1840., 1840., 1860., 1860., 1880., 1880., 1900.,
       1900., 1920., 1940., 1940., 1960., 1960., 1980., 1980., 2000.,
       2000., 2020., 2020., 2040., 2040., 2060., 2060., 2080., 2080.,
       2100., 2100., 2120., 2120., 2140., 2140., 2160., 2160., 2180.,
       2180., 2200., 2200., 2220., 2220., 2240., 2240., 2260., 2260.,
       2280., 2280., 2300., 2300., 2320., 2320., 2340., 2340., 2360.,
       2360., 2380., 2380., 2400., 2400., 2420., 2420., 2440., 2440.,
       2460., 2460., 2480., 2480., 2500., 2500., 2520., 2520., 2540.,
       2540., 2560., 2560., 2580., 2580., 2600., 2600., 2620., 2620.,
       2640., 2640., 2660., 2660., 2680., 2680., 2700., 2700., 2720.,
       2720., 2740., 2740., 2760., 2760., 2780., 2780., 2800., 2800.,
       2820., 2820., 2840., 2840., 2860., 2860., 2880., 2880., 2900.,
       2900., 2920., 2920., 2940., 2940., 2960., 2960., 2980., 2980.,
       3000., 3000., 3020., 3020., 3040., 3040., 3060., 3060., 3080.,
       3080., 3100., 3100., 3120., 3120., 3140., 3140., 3160., 3160.,
       3180., 3180., 3200., 3200., 3220., 3220., 3240., 3240., 3260.,
       3260., 3280., 3280., 3300., 3300., 3320., 3320., 3340., 3340.,
       3360., 3360., 3380., 3380., 3400., 3400., 3420., 3420., 3440.,
       3440., 3460., 3460., 3480., 3480., 3500., 3500., 3520., 3520.,
       3540., 3540., 3560., 3560., 3580., 3580., 3600., 3600., 3620.,
       3620., 3640., 3640., 3660., 3660., 3680., 3680., 3700., 3700.,
       3720., 3720., 3740., 3740., 3760., 3760., 3780., 3780., 3800.,
       3800., 3820., 3820., 3840., 3840.], dtype=np.float32),
    'kcoords': np.array([0., 0., 0., 0., 0., 0., 0., 0., 0., 0., 0., 0., 0., 0., 0., 0., 0.,
       0., 0., 0., 0., 0., 0., 0., 0., 0., 0., 0., 0., 0., 0., 0., 0., 0.,
       0., 0., 0., 0., 0., 0., 0., 0., 0., 0., 0., 0., 0., 0., 0., 0., 0.,
       0., 0., 0., 0., 0., 0., 0., 0., 0., 0., 0., 0., 0., 0., 0., 0., 0.,
       0., 0., 0., 0., 0., 0., 0., 0., 0., 0., 0., 0., 0., 0., 0., 0., 0.,
       0., 0., 0., 0., 0., 0., 0., 0., 0., 0., 0., 0., 0., 0., 0., 0., 0.,
       0., 0., 0., 0., 0., 0., 0., 0., 0., 0., 0., 0., 0., 0., 0., 0., 0.,
       0., 0., 0., 0., 0., 0., 0., 0., 0., 0., 0., 0., 0., 0., 0., 0., 0.,
       0., 0., 0., 0., 0., 0., 0., 0., 0., 0., 0., 0., 0., 0., 0., 0., 0.,
       0., 0., 0., 0., 0., 0., 0., 0., 0., 0., 0., 0., 0., 0., 0., 0., 0.,
       0., 0., 0., 0., 0., 0., 0., 0., 0., 0., 0., 0., 0., 0., 0., 0., 0.,
       0., 0., 0., 0., 0., 0., 0., 0., 0., 0., 0., 0., 0., 0., 0., 0., 0.,
       0., 0., 0., 0., 0., 0., 0., 0., 0., 0., 0., 0., 0., 0., 0., 0., 0.,
       0., 0., 0., 0., 0., 0., 0., 0., 0., 0., 0., 0., 0., 0., 0., 0., 0.,
       0., 0., 0., 0., 0., 0., 0., 0., 0., 0., 0., 0., 0., 0., 0., 0., 0.,
       0., 0., 0., 0., 0., 0., 0., 0., 0., 0., 0., 0., 0., 0., 0., 0., 0.,
       0., 0., 0., 0., 0., 0., 0., 0., 0., 0., 0., 0., 0., 0., 0., 0., 0.,
       0., 0., 0., 0., 0., 0., 0., 0., 0., 0., 0., 0., 0., 0., 0., 0., 0.,
       0., 0., 0., 0., 0., 0., 0., 0., 0., 0., 0., 0., 0., 0., 0., 0., 0.,
       0., 0., 0., 0., 0., 0., 0., 0., 0., 0., 0., 0., 0., 0., 0., 0., 0.,
       0., 0., 0., 0., 0., 0., 0., 0., 0., 0., 0., 0., 0., 0., 0., 0., 0.,
       0., 0., 0., 0., 0., 0., 0., 0., 0., 0., 0., 0., 0., 0., 0., 0., 0.,
       0., 0., 0., 0., 0., 0., 0., 0., 0.], dtype=np.float32),
    'chanMap': np.array([  0,   1,   2,   3,   4,   5,   6,   7,   8,   9,  10,  11,  12,
        13,  14,  15,  16,  17,  18,  19,  20,  21,  22,  23,  24,  25,
        26,  27,  28,  29,  30,  31,  32,  33,  34,  35,  36,  37,  38,
        39,  40,  41,  42,  43,  44,  45,  46,  47,  48,  49,  50,  51,
        52,  53,  54,  55,  56,  57,  58,  59,  60,  61,  62,  63,  64,
        65,  66,  67,  68,  69,  70,  71,  72,  73,  74,  75,  76,  77,
        78,  79,  80,  81,  82,  83,  84,  85,  86,  87,  88,  89,  90,
        91,  92,  93,  94,  95,  96,  97,  98,  99, 100, 101, 102, 103,
       104, 105, 106, 107, 108, 109, 110, 111, 112, 113, 114, 115, 116,
       117, 118, 119, 120, 121, 122, 123, 124, 125, 126, 127, 128, 129,
       130, 131, 132, 133, 134, 135, 136, 137, 138, 139, 140, 141, 142,
       143, 144, 145, 146, 147, 148, 149, 150, 151, 152, 153, 154, 155,
       156, 157, 158, 159, 160, 161, 162, 163, 164, 165, 166, 167, 168,
       169, 170, 171, 172, 173, 174, 175, 176, 177, 178, 179, 180, 181,
       182, 183, 184, 185, 186, 187, 188, 189, 190, 192, 193, 194, 195,
       196, 197, 198, 199, 200, 201, 202, 203, 204, 205, 206, 207, 208,
       209, 210, 211, 212, 213, 214, 215, 216, 217, 218, 219, 220, 221,
       222, 223, 224, 225, 226, 227, 228, 229, 230, 231, 232, 233, 234,
       235, 236, 237, 238, 239, 240, 241, 242, 243, 244, 245, 246, 247,
       248, 249, 250, 251, 252, 253, 254, 255, 256, 257, 258, 259, 260,
       261, 262, 263, 264, 265, 266, 267, 268, 269, 270, 271, 272, 273,
       274, 275, 276, 277, 278, 279, 280, 281, 282, 283, 284, 285, 286,
       287, 288, 289, 290, 291, 292, 293, 294, 295, 296, 297, 298, 299,
       300, 301, 302, 303, 304, 305, 306, 307, 308, 309, 310, 311, 312,
       313, 314, 315, 316, 317, 318, 319, 320, 321, 322, 323, 324, 325,
       326, 327, 328, 329, 330, 331, 332, 333, 334, 335, 336, 337, 338,
       339, 340, 341, 342, 343, 344, 345, 346, 347, 348, 349, 350, 351,
       352, 353, 354, 355, 356, 357, 358, 359, 360, 361, 362, 363, 364,
       365, 366, 367, 368, 369, 370, 371, 372, 373, 374, 375, 376, 377,
       378, 379, 380, 381, 382, 383], dtype=np.int32),
    'n_chan': 384
}

2026-07-18 13:37:38,960 kilosort.run_kilosort INFO      
2026-07-18 13:37:38,960 kilosort.run_kilosort INFO     Resource usage before sorting
2026-07-18 13:37:38,960 kilosort.run_kilosort INFO     ********************************************************
2026-07-18 13:37:38,960 kilosort.run_kilosort INFO     CPU usage:    12.80 %
2026-07-18 13:37:38,960 kilosort.run_kilosort INFO     Mem used:     42.10 %     |       6.59 GB
2026-07-18 13:37:38,960 kilosort.run_kilosort INFO     Mem avail:     9.06 / 15.65 GB
2026-07-18 13:37:38,960 kilosort.run_kilosort INFO     ------------------------------------------------------
2026-07-18 13:37:38,960 kilosort.run_kilosort INFO     GPU usage:    `conda install pynvml` for GPU usage
2026-07-18 13:37:38,960 kilosort.run_kilosort INFO     GPU memory:   19.43 %     |      0.78   /     4.00 GB
2026-07-18 13:37:38,960 kilosort.run_kilosort INFO     Allocated:     0.00 %     |      0.00   /     4.00 GB
2026-07-18 13:37:38,960 kilosort.run_kilosort INFO     Max alloc:     0.00 %     |      0.00   /     4.00 GB
2026-07-18 13:37:38,960 kilosort.run_kilosort INFO     ********************************************************
2026-07-18 13:37:38,960 kilosort.run_kilosort DEBUG    
2026-07-18 13:37:38,960 kilosort.run_kilosort DEBUG    --------------------
2026-07-18 13:37:38,960 kilosort.run_kilosort DEBUG    Process thread count: N/A (linux only)
2026-07-18 13:37:38,960 kilosort.run_kilosort DEBUG    num torch threads: 8
2026-07-18 13:37:38,960 kilosort.run_kilosort DEBUG    --------------------

2026-07-18 13:37:38,960 kilosort.run_kilosort INFO      
2026-07-18 13:37:38,960 kilosort.run_kilosort INFO     Computing preprocessing variables.
2026-07-18 13:37:38,960 kilosort.run_kilosort INFO     ----------------------------------------
2026-07-18 13:37:39,427 kilosort.run_kilosort INFO     N samples: 6420000
2026-07-18 13:37:39,427 kilosort.run_kilosort INFO     N seconds: 214.0
2026-07-18 13:37:39,427 kilosort.run_kilosort INFO     N batches: 107
2026-07-18 13:37:42,719 kilosort.run_kilosort INFO     Preprocessing filters computed in 3.76s; total 4.04s
2026-07-18 13:37:42,733 kilosort.run_kilosort DEBUG    hp_filter shape: torch.Size([30122])
2026-07-18 13:37:42,733 kilosort.run_kilosort DEBUG    whiten_mat shape: torch.Size([383, 383])
2026-07-18 13:37:42,974 kilosort.run_kilosort DEBUG    First batch min, max: (np.float32(-7294.47), np.float32(3053.366))
2026-07-18 13:37:42,974 kilosort.run_kilosort INFO      
2026-07-18 13:37:42,974 kilosort.run_kilosort INFO     Resource usage after preprocessing
2026-07-18 13:37:42,974 kilosort.run_kilosort INFO     ********************************************************
2026-07-18 13:37:42,974 kilosort.run_kilosort INFO     CPU usage:    16.70 %
2026-07-18 13:37:42,974 kilosort.run_kilosort INFO     Mem used:     44.00 %     |       6.88 GB
2026-07-18 13:37:42,974 kilosort.run_kilosort INFO     Mem avail:     8.77 / 15.65 GB
2026-07-18 13:37:42,974 kilosort.run_kilosort INFO     ------------------------------------------------------
2026-07-18 13:37:42,974 kilosort.run_kilosort INFO     GPU usage:    `conda install pynvml` for GPU usage
2026-07-18 13:37:42,974 kilosort.run_kilosort INFO     GPU memory:   61.28 %     |      2.45   /     4.00 GB
2026-07-18 13:37:42,974 kilosort.run_kilosort INFO     Allocated:     0.21 %     |      0.01   /     4.00 GB
2026-07-18 13:37:42,974 kilosort.run_kilosort INFO     Max alloc:    32.60 %     |      1.30   /     4.00 GB
2026-07-18 13:37:42,974 kilosort.run_kilosort INFO     ********************************************************
2026-07-18 13:37:42,994 kilosort.run_kilosort INFO      
2026-07-18 13:37:42,994 kilosort.run_kilosort INFO     Computing drift correction.
2026-07-18 13:37:42,994 kilosort.run_kilosort INFO     ----------------------------------------
2026-07-18 13:37:42,994 kilosort.spikedetect INFO     Re-computing universal templates from data.
2026-07-18 13:37:48,763 kilosort.spikedetect INFO     Number of universal templates: 1532
2026-07-18 13:37:49,905 kilosort.spikedetect INFO     Detecting spikes...
2026-07-18 13:37:49,948 kilosort.spikedetect DEBUG     
2026-07-18 13:37:49,948 kilosort.spikedetect DEBUG    Batch 0 of 106 (0.0%)
2026-07-18 13:37:49,948 kilosort.spikedetect DEBUG    ********************************************************
2026-07-18 13:37:49,948 kilosort.spikedetect DEBUG    CPU usage:    13.70 %
2026-07-18 13:37:49,948 kilosort.spikedetect DEBUG    Mem used:     44.70 %     |       6.99 GB
2026-07-18 13:37:49,948 kilosort.spikedetect DEBUG    Mem avail:     8.65 / 15.65 GB
2026-07-18 13:37:49,948 kilosort.spikedetect DEBUG    ------------------------------------------------------
2026-07-18 13:37:49,948 kilosort.spikedetect DEBUG    GPU usage:    `conda install pynvml` for GPU usage
2026-07-18 13:37:49,948 kilosort.spikedetect DEBUG    GPU memory:   61.28 %     |      2.45   /     4.00 GB
2026-07-18 13:37:49,948 kilosort.spikedetect DEBUG    Allocated:     0.27 %     |      0.01   /     4.00 GB
2026-07-18 13:37:49,948 kilosort.spikedetect DEBUG    Max alloc:    32.61 %     |      1.30   /     4.00 GB
2026-07-18 13:37:49,948 kilosort.spikedetect DEBUG    ********************************************************
2026-07-18 13:59:23,643 kilosort.spikedetect DEBUG     
2026-07-18 13:59:23,643 kilosort.spikedetect DEBUG    Batch 106 of 106 (99.1%)
2026-07-18 13:59:23,643 kilosort.spikedetect DEBUG    ********************************************************
2026-07-18 13:59:23,643 kilosort.spikedetect DEBUG    CPU usage:    16.00 %
2026-07-18 13:59:23,643 kilosort.spikedetect DEBUG    Mem used:     50.50 %     |       7.90 GB
2026-07-18 13:59:23,643 kilosort.spikedetect DEBUG    Mem avail:     7.75 / 15.65 GB
2026-07-18 13:59:23,643 kilosort.spikedetect DEBUG    ------------------------------------------------------
2026-07-18 13:59:23,643 kilosort.spikedetect DEBUG    GPU usage:    `conda install pynvml` for GPU usage
2026-07-18 13:59:23,643 kilosort.spikedetect DEBUG    GPU memory:   24.46 %     |      0.98   /     4.00 GB
2026-07-18 13:59:23,643 kilosort.spikedetect DEBUG    Allocated:     2.99 %     |      0.12   /     4.00 GB
2026-07-18 13:59:23,643 kilosort.spikedetect DEBUG    Max alloc:    96.19 %     |      3.85   /     4.00 GB
2026-07-18 13:59:23,643 kilosort.spikedetect DEBUG    ********************************************************
2026-07-18 13:59:24,546 kilosort.run_kilosort INFO     drift computed in 1301.55s; total 1305.86s
2026-07-18 13:59:24,546 kilosort.run_kilosort DEBUG    st shape: (427252, 6)
2026-07-18 13:59:24,546 kilosort.run_kilosort DEBUG    yblk shape: (1,)
2026-07-18 13:59:24,546 kilosort.run_kilosort DEBUG    dshift shape: (107, 1)
2026-07-18 13:59:24,546 kilosort.run_kilosort DEBUG    iKxx shape: torch.Size([383, 383])
2026-07-18 13:59:24,546 kilosort.run_kilosort DEBUG    

|===========================================================================|
|                  PyTorch CUDA memory summary, device ID 0                 |
|---------------------------------------------------------------------------|
|            CUDA OOMs: 0            |        cudaMalloc retries: 0         |
|===========================================================================|
|        Metric         | Cur Usage  | Peak Usage | Tot Alloc  | Tot Freed  |
|---------------------------------------------------------------------------|
| Allocated memory      |  11832 KiB |   3939 MiB |  12568 GiB |  12568 GiB |
|---------------------------------------------------------------------------|
| Active memory         |  11832 KiB |   3939 MiB |  12568 GiB |  12568 GiB |
|---------------------------------------------------------------------------|
| Requested memory      |  11829 KiB |   3938 MiB |  12564 GiB |  12564 GiB |
|---------------------------------------------------------------------------|
| GPU reserved memory   | 145408 KiB |   4822 MiB | 484076 MiB | 483934 MiB |
|---------------------------------------------------------------------------|
| Non-releasable memory |  41415 KiB |   1528 MiB |   2971 GiB |   2971 GiB |
|---------------------------------------------------------------------------|
| Allocations           |       9    |      37    |   81616    |   81607    |
|---------------------------------------------------------------------------|
| Active allocs         |       9    |      37    |   81616    |   81607    |
|---------------------------------------------------------------------------|
| GPU reserved segments |       6    |      20    |    1371    |    1365    |
|---------------------------------------------------------------------------|
| Non-releasable allocs |      10    |      25    |   35094    |   35084    |
|---------------------------------------------------------------------------|
| Oversize allocations  |       0    |       0    |       0    |       0    |
|---------------------------------------------------------------------------|
| Oversize GPU segments |       0    |       0    |       0    |       0    |
|===========================================================================|


2026-07-18 13:59:24,546 kilosort.run_kilosort INFO      
2026-07-18 13:59:24,546 kilosort.run_kilosort INFO     Resource usage after drift correction
2026-07-18 13:59:24,551 kilosort.run_kilosort INFO     ********************************************************
2026-07-18 13:59:24,551 kilosort.run_kilosort INFO     CPU usage:     0.00 %
2026-07-18 13:59:24,551 kilosort.run_kilosort INFO     Mem used:     49.70 %     |       7.78 GB
2026-07-18 13:59:24,551 kilosort.run_kilosort INFO     Mem avail:     7.87 / 15.65 GB
2026-07-18 13:59:24,551 kilosort.run_kilosort INFO     ------------------------------------------------------
2026-07-18 13:59:24,551 kilosort.run_kilosort INFO     GPU usage:    `conda install pynvml` for GPU usage
2026-07-18 13:59:24,551 kilosort.run_kilosort INFO     GPU memory:   24.51 %     |      0.98   /     4.00 GB
2026-07-18 13:59:24,551 kilosort.run_kilosort INFO     Allocated:     0.28 %     |      0.01   /     4.00 GB
2026-07-18 13:59:24,551 kilosort.run_kilosort INFO     Max alloc:    96.19 %     |      3.85   /     4.00 GB
2026-07-18 13:59:24,551 kilosort.run_kilosort INFO     ********************************************************
2026-07-18 13:59:24,551 kilosort.run_kilosort DEBUG    
2026-07-18 13:59:24,551 kilosort.run_kilosort DEBUG    --------------------
2026-07-18 13:59:24,551 kilosort.run_kilosort DEBUG    Process thread count: N/A (linux only)
2026-07-18 13:59:24,551 kilosort.run_kilosort DEBUG    num torch threads: 8
2026-07-18 13:59:24,551 kilosort.run_kilosort DEBUG    --------------------

2026-07-18 13:59:24,551 kilosort.run_kilosort INFO     Generating drift plots ...
2026-07-18 13:59:52,181 kilosort.run_kilosort INFO      
2026-07-18 13:59:52,181 kilosort.run_kilosort INFO     Extracting spikes using templates
2026-07-18 13:59:52,181 kilosort.run_kilosort INFO     ----------------------------------------
2026-07-18 13:59:52,181 kilosort.spikedetect INFO     Re-computing universal templates from data.
2026-07-18 13:59:54,168 kilosort.spikedetect INFO     Number of universal templates: 1532
2026-07-18 13:59:54,764 kilosort.spikedetect INFO     Detecting spikes...
2026-07-18 13:59:54,764 kilosort.spikedetect DEBUG     
2026-07-18 13:59:54,764 kilosort.spikedetect DEBUG    Batch 0 of 106 (0.0%)
2026-07-18 13:59:54,764 kilosort.spikedetect DEBUG    ********************************************************
2026-07-18 13:59:54,764 kilosort.spikedetect DEBUG    CPU usage:    12.70 %
2026-07-18 13:59:54,764 kilosort.spikedetect DEBUG    Mem used:     48.80 %     |       7.64 GB
2026-07-18 13:59:54,764 kilosort.spikedetect DEBUG    Mem avail:     8.01 / 15.65 GB
2026-07-18 13:59:54,764 kilosort.spikedetect DEBUG    ------------------------------------------------------
2026-07-18 13:59:54,764 kilosort.spikedetect DEBUG    GPU usage:    `conda install pynvml` for GPU usage
2026-07-18 13:59:54,764 kilosort.spikedetect DEBUG    GPU memory:   61.43 %     |      2.46   /     4.00 GB
2026-07-18 13:59:54,764 kilosort.spikedetect DEBUG    Allocated:     0.34 %     |      0.01   /     4.00 GB
2026-07-18 13:59:54,764 kilosort.spikedetect DEBUG    Max alloc:    32.68 %     |      1.31   /     4.00 GB
2026-07-18 13:59:54,764 kilosort.spikedetect DEBUG    ********************************************************
2026-07-18 14:19:46,031 kilosort.spikedetect DEBUG     
2026-07-18 14:19:46,031 kilosort.spikedetect DEBUG    Batch 106 of 106 (99.1%)
2026-07-18 14:19:46,031 kilosort.spikedetect DEBUG    ********************************************************
2026-07-18 14:19:46,042 kilosort.spikedetect DEBUG    CPU usage:    15.20 %
2026-07-18 14:19:46,042 kilosort.spikedetect DEBUG    Mem used:     53.50 %     |       8.37 GB
2026-07-18 14:19:46,042 kilosort.spikedetect DEBUG    Mem avail:     7.28 / 15.65 GB
2026-07-18 14:19:46,042 kilosort.spikedetect DEBUG    ------------------------------------------------------
2026-07-18 14:19:46,042 kilosort.spikedetect DEBUG    GPU usage:    `conda install pynvml` for GPU usage
2026-07-18 14:19:46,042 kilosort.spikedetect DEBUG    GPU memory:   24.46 %     |      0.98   /     4.00 GB
2026-07-18 14:19:46,042 kilosort.spikedetect DEBUG    Allocated:     3.05 %     |      0.12   /     4.00 GB
2026-07-18 14:19:46,042 kilosort.spikedetect DEBUG    Max alloc:    96.24 %     |      3.85   /     4.00 GB
2026-07-18 14:19:46,042 kilosort.spikedetect DEBUG    ********************************************************
2026-07-18 14:19:46,042 kilosort.run_kilosort INFO     417341 spikes extracted in 1193.86s; total 2527.36s
2026-07-18 14:19:46,042 kilosort.run_kilosort DEBUG    st0 shape: (417341, 6)
2026-07-18 14:19:46,042 kilosort.run_kilosort DEBUG    tF shape: torch.Size([417341, 25, 3])
2026-07-18 14:19:46,042 kilosort.run_kilosort INFO      
2026-07-18 14:19:46,042 kilosort.run_kilosort INFO     Resource usage after spike detect (univ)
2026-07-18 14:19:46,042 kilosort.run_kilosort INFO     ********************************************************
2026-07-18 14:19:46,042 kilosort.run_kilosort INFO     CPU usage:     0.00 %
2026-07-18 14:19:46,042 kilosort.run_kilosort INFO     Mem used:     53.40 %     |       8.35 GB
2026-07-18 14:19:46,042 kilosort.run_kilosort INFO     Mem avail:     7.30 / 15.65 GB
2026-07-18 14:19:46,042 kilosort.run_kilosort INFO     ------------------------------------------------------
2026-07-18 14:19:46,042 kilosort.run_kilosort INFO     GPU usage:    `conda install pynvml` for GPU usage
2026-07-18 14:19:46,042 kilosort.run_kilosort INFO     GPU memory:   24.46 %     |      0.98   /     4.00 GB
2026-07-18 14:19:46,042 kilosort.run_kilosort INFO     Allocated:     0.28 %     |      0.01   /     4.00 GB
2026-07-18 14:19:46,042 kilosort.run_kilosort INFO     Max alloc:    96.24 %     |      3.85   /     4.00 GB
2026-07-18 14:19:46,042 kilosort.run_kilosort INFO     ********************************************************
2026-07-18 14:19:46,042 kilosort.run_kilosort DEBUG    
2026-07-18 14:19:46,042 kilosort.run_kilosort DEBUG    --------------------
2026-07-18 14:19:46,042 kilosort.run_kilosort DEBUG    Process thread count: N/A (linux only)
2026-07-18 14:19:46,042 kilosort.run_kilosort DEBUG    num torch threads: 8
2026-07-18 14:19:46,042 kilosort.run_kilosort DEBUG    --------------------

2026-07-18 14:19:46,042 kilosort.run_kilosort INFO      
2026-07-18 14:19:46,042 kilosort.run_kilosort INFO     First clustering
2026-07-18 14:19:46,042 kilosort.run_kilosort INFO     ----------------------------------------
2026-07-18 14:19:46,417 kilosort.clustering_qr DEBUG    Center 0 | Xd shape: torch.Size([10618, 78]) | ntemp: 16
2026-07-18 14:19:48,745 kilosort.clustering_qr DEBUG    Center 1 | Xd shape: torch.Size([8001, 78]) | ntemp: 16
2026-07-18 14:19:50,175 kilosort.clustering_qr DEBUG    Center 2 | Xd shape: torch.Size([9512, 78]) | ntemp: 16
2026-07-18 14:19:52,935 kilosort.clustering_qr DEBUG    Center 3 | Xd shape: torch.Size([7069, 90]) | ntemp: 16
2026-07-18 14:19:54,378 kilosort.clustering_qr DEBUG    Center 4 | Xd shape: torch.Size([11625, 90]) | ntemp: 16
2026-07-18 14:19:55,877 kilosort.clustering_qr DEBUG    Center 5 | Xd shape: torch.Size([4127, 90]) | ntemp: 16
2026-07-18 14:19:57,297 kilosort.clustering_qr DEBUG    Center 6 | Xd shape: torch.Size([4680, 90]) | ntemp: 16
2026-07-18 14:19:58,679 kilosort.clustering_qr DEBUG    Center 7 | Xd shape: torch.Size([6578, 90]) | ntemp: 16
2026-07-18 14:20:00,217 kilosort.clustering_qr DEBUG    Center 8 | Xd shape: torch.Size([9333, 90]) | ntemp: 16
2026-07-18 14:20:01,817 kilosort.clustering_qr DEBUG     
2026-07-18 14:20:01,817 kilosort.clustering_qr DEBUG    Cluster center: 9 (10/96)
2026-07-18 14:20:01,828 kilosort.clustering_qr DEBUG    ********************************************************
2026-07-18 14:20:01,828 kilosort.clustering_qr DEBUG    CPU usage:    18.00 %
2026-07-18 14:20:01,828 kilosort.clustering_qr DEBUG    Mem used:     51.70 %     |       8.09 GB
2026-07-18 14:20:01,828 kilosort.clustering_qr DEBUG    Mem avail:     7.56 / 15.65 GB
2026-07-18 14:20:01,828 kilosort.clustering_qr DEBUG    ------------------------------------------------------
2026-07-18 14:20:01,828 kilosort.clustering_qr DEBUG    GPU usage:    `conda install pynvml` for GPU usage
2026-07-18 14:20:01,828 kilosort.clustering_qr DEBUG    GPU memory:   22.31 %     |      0.89   /     4.00 GB
2026-07-18 14:20:01,828 kilosort.clustering_qr DEBUG    Allocated:     0.28 %     |      0.01   /     4.00 GB
2026-07-18 14:20:01,828 kilosort.clustering_qr DEBUG    Max alloc:     1.09 %     |      0.04   /     4.00 GB
2026-07-18 14:20:01,828 kilosort.clustering_qr DEBUG    ********************************************************
2026-07-18 14:20:01,874 kilosort.clustering_qr DEBUG    Center 9 | Xd shape: torch.Size([11244, 90]) | ntemp: 16
2026-07-18 14:20:03,549 kilosort.clustering_qr DEBUG    Center 10 | Xd shape: torch.Size([11549, 90]) | ntemp: 16
2026-07-18 14:20:05,139 kilosort.clustering_qr DEBUG    Center 11 | Xd shape: torch.Size([12171, 90]) | ntemp: 16
2026-07-18 14:20:06,702 kilosort.clustering_qr DEBUG    Center 12 | Xd shape: torch.Size([7763, 90]) | ntemp: 16
2026-07-18 14:20:08,113 kilosort.clustering_qr DEBUG    Center 13 | Xd shape: torch.Size([8556, 90]) | ntemp: 16
2026-07-18 14:20:09,545 kilosort.clustering_qr DEBUG    Center 14 | Xd shape: torch.Size([11293, 90]) | ntemp: 16
2026-07-18 14:20:11,241 kilosort.clustering_qr DEBUG    Center 15 | Xd shape: torch.Size([10719, 90]) | ntemp: 16
2026-07-18 14:20:12,741 kilosort.clustering_qr DEBUG    Center 16 | Xd shape: torch.Size([8235, 90]) | ntemp: 16
2026-07-18 14:20:14,308 kilosort.clustering_qr DEBUG    Center 17 | Xd shape: torch.Size([15499, 90]) | ntemp: 16
2026-07-18 14:20:16,165 kilosort.clustering_qr DEBUG    Center 18 | Xd shape: torch.Size([9217, 90]) | ntemp: 16
2026-07-18 14:20:17,625 kilosort.clustering_qr DEBUG     
2026-07-18 14:20:17,625 kilosort.clustering_qr DEBUG    Cluster center: 19 (20/96)
2026-07-18 14:20:17,633 kilosort.clustering_qr DEBUG    ********************************************************
2026-07-18 14:20:17,633 kilosort.clustering_qr DEBUG    CPU usage:    20.00 %
2026-07-18 14:20:17,633 kilosort.clustering_qr DEBUG    Mem used:     51.80 %     |       8.10 GB
2026-07-18 14:20:17,633 kilosort.clustering_qr DEBUG    Mem avail:     7.55 / 15.65 GB
2026-07-18 14:20:17,633 kilosort.clustering_qr DEBUG    ------------------------------------------------------
2026-07-18 14:20:17,633 kilosort.clustering_qr DEBUG    GPU usage:    `conda install pynvml` for GPU usage
2026-07-18 14:20:17,633 kilosort.clustering_qr DEBUG    GPU memory:   22.31 %     |      0.89   /     4.00 GB
2026-07-18 14:20:17,633 kilosort.clustering_qr DEBUG    Allocated:     0.28 %     |      0.01   /     4.00 GB
2026-07-18 14:20:17,633 kilosort.clustering_qr DEBUG    Max alloc:     1.38 %     |      0.06   /     4.00 GB
2026-07-18 14:20:17,633 kilosort.clustering_qr DEBUG    ********************************************************
2026-07-18 14:20:17,663 kilosort.clustering_qr DEBUG    Center 19 | Xd shape: torch.Size([15427, 90]) | ntemp: 16
2026-07-18 14:20:19,311 kilosort.clustering_qr DEBUG    Center 20 | Xd shape: torch.Size([9916, 90]) | ntemp: 16
2026-07-18 14:20:20,515 kilosort.clustering_qr DEBUG    Center 21 | Xd shape: torch.Size([4216, 90]) | ntemp: 16
2026-07-18 14:20:21,995 kilosort.clustering_qr DEBUG    Center 22 | Xd shape: torch.Size([1136, 90]) | ntemp: 16
2026-07-18 14:20:23,423 kilosort.clustering_qr DEBUG    Center 23 | Xd shape: torch.Size([375, 90]) | ntemp: 16
2026-07-18 14:20:23,477 kilosort.clustering_qr DEBUG    Center 24 | Xd shape: torch.Size([817, 90]) | ntemp: 16
2026-07-18 14:20:23,496 kilosort.clustering_qr DEBUG    Center 25 | Xd shape: torch.Size([705, 90]) | ntemp: 16
2026-07-18 14:20:23,516 kilosort.clustering_qr DEBUG    Center 26 | Xd shape: torch.Size([762, 90]) | ntemp: 16
2026-07-18 14:20:23,537 kilosort.clustering_qr DEBUG    Center 27 | Xd shape: torch.Size([1428, 90]) | ntemp: 16
2026-07-18 14:20:24,903 kilosort.clustering_qr DEBUG    Center 28 | Xd shape: torch.Size([2992, 90]) | ntemp: 16
2026-07-18 14:20:26,191 kilosort.clustering_qr DEBUG     
2026-07-18 14:20:26,191 kilosort.clustering_qr DEBUG    Cluster center: 29 (30/96)
2026-07-18 14:20:26,191 kilosort.clustering_qr DEBUG    ********************************************************
2026-07-18 14:20:26,191 kilosort.clustering_qr DEBUG    CPU usage:    19.50 %
2026-07-18 14:20:26,191 kilosort.clustering_qr DEBUG    Mem used:     51.70 %     |       8.10 GB
2026-07-18 14:20:26,191 kilosort.clustering_qr DEBUG    Mem avail:     7.55 / 15.65 GB
2026-07-18 14:20:26,191 kilosort.clustering_qr DEBUG    ------------------------------------------------------
2026-07-18 14:20:26,191 kilosort.clustering_qr DEBUG    GPU usage:    `conda install pynvml` for GPU usage
2026-07-18 14:20:26,191 kilosort.clustering_qr DEBUG    GPU memory:   22.31 %     |      0.89   /     4.00 GB
2026-07-18 14:20:26,191 kilosort.clustering_qr DEBUG    Allocated:     0.28 %     |      0.01   /     4.00 GB
2026-07-18 14:20:26,191 kilosort.clustering_qr DEBUG    Max alloc:     1.38 %     |      0.06   /     4.00 GB
2026-07-18 14:20:26,191 kilosort.clustering_qr DEBUG    ********************************************************
2026-07-18 14:20:26,234 kilosort.clustering_qr DEBUG    Center 29 | Xd shape: torch.Size([1736, 90]) | ntemp: 16
2026-07-18 14:20:27,531 kilosort.clustering_qr DEBUG    Center 30 | Xd shape: torch.Size([3185, 90]) | ntemp: 16
2026-07-18 14:20:28,984 kilosort.clustering_qr DEBUG    Center 31 | Xd shape: torch.Size([6222, 90]) | ntemp: 16
2026-07-18 14:20:30,441 kilosort.clustering_qr DEBUG    Center 32 | Xd shape: torch.Size([4058, 90]) | ntemp: 16
2026-07-18 14:20:31,852 kilosort.clustering_qr DEBUG    Center 33 | Xd shape: torch.Size([3484, 90]) | ntemp: 16
2026-07-18 14:20:33,305 kilosort.clustering_qr DEBUG    Center 34 | Xd shape: torch.Size([2559, 90]) | ntemp: 16
2026-07-18 14:20:34,668 kilosort.clustering_qr DEBUG    Center 35 | Xd shape: torch.Size([8339, 90]) | ntemp: 16
2026-07-18 14:20:36,123 kilosort.clustering_qr DEBUG    Center 36 | Xd shape: torch.Size([7693, 90]) | ntemp: 16
2026-07-18 14:20:37,645 kilosort.clustering_qr DEBUG    Center 37 | Xd shape: torch.Size([4378, 90]) | ntemp: 16
2026-07-18 14:20:38,866 kilosort.clustering_qr DEBUG    Center 38 | Xd shape: torch.Size([2362, 90]) | ntemp: 16
2026-07-18 14:20:39,863 kilosort.clustering_qr DEBUG     
2026-07-18 14:20:39,863 kilosort.clustering_qr DEBUG    Cluster center: 39 (40/96)
2026-07-18 14:20:39,870 kilosort.clustering_qr DEBUG    ********************************************************
2026-07-18 14:20:39,870 kilosort.clustering_qr DEBUG    CPU usage:    19.80 %
2026-07-18 14:20:39,870 kilosort.clustering_qr DEBUG    Mem used:     52.00 %     |       8.13 GB
2026-07-18 14:20:39,870 kilosort.clustering_qr DEBUG    Mem avail:     7.52 / 15.65 GB
2026-07-18 14:20:39,870 kilosort.clustering_qr DEBUG    ------------------------------------------------------
2026-07-18 14:20:39,870 kilosort.clustering_qr DEBUG    GPU usage:    `conda install pynvml` for GPU usage
2026-07-18 14:20:39,870 kilosort.clustering_qr DEBUG    GPU memory:   22.31 %     |      0.89   /     4.00 GB
2026-07-18 14:20:39,870 kilosort.clustering_qr DEBUG    Allocated:     0.28 %     |      0.01   /     4.00 GB
2026-07-18 14:20:39,870 kilosort.clustering_qr DEBUG    Max alloc:     1.38 %     |      0.06   /     4.00 GB
2026-07-18 14:20:39,870 kilosort.clustering_qr DEBUG    ********************************************************
2026-07-18 14:20:39,908 kilosort.clustering_qr DEBUG    Center 39 | Xd shape: torch.Size([2266, 90]) | ntemp: 16
2026-07-18 14:20:41,234 kilosort.clustering_qr DEBUG    Center 40 | Xd shape: torch.Size([1945, 90]) | ntemp: 16
2026-07-18 14:20:42,641 kilosort.clustering_qr DEBUG    Center 41 | Xd shape: torch.Size([2105, 90]) | ntemp: 16
2026-07-18 14:20:43,873 kilosort.clustering_qr DEBUG    Center 42 | Xd shape: torch.Size([2805, 90]) | ntemp: 16
2026-07-18 14:20:45,225 kilosort.clustering_qr DEBUG    Center 43 | Xd shape: torch.Size([2270, 90]) | ntemp: 16
2026-07-18 14:20:46,505 kilosort.clustering_qr DEBUG    Center 44 | Xd shape: torch.Size([5604, 87]) | ntemp: 16
2026-07-18 14:20:47,642 kilosort.clustering_qr DEBUG    Center 45 | Xd shape: torch.Size([4054, 87]) | ntemp: 16
2026-07-18 14:20:49,103 kilosort.clustering_qr DEBUG    Center 46 | Xd shape: torch.Size([4195, 87]) | ntemp: 16
2026-07-18 14:20:50,430 kilosort.clustering_qr DEBUG    Center 47 | Xd shape: torch.Size([3592, 87]) | ntemp: 16
2026-07-18 14:20:51,909 kilosort.clustering_qr DEBUG    Center 48 | Xd shape: torch.Size([1216, 87]) | ntemp: 16
2026-07-18 14:20:52,944 kilosort.clustering_qr DEBUG     
2026-07-18 14:20:52,944 kilosort.clustering_qr DEBUG    Cluster center: 49 (50/96)
2026-07-18 14:20:52,944 kilosort.clustering_qr DEBUG    ********************************************************
2026-07-18 14:20:52,944 kilosort.clustering_qr DEBUG    CPU usage:    19.40 %
2026-07-18 14:20:52,944 kilosort.clustering_qr DEBUG    Mem used:     51.90 %     |       8.12 GB
2026-07-18 14:20:52,944 kilosort.clustering_qr DEBUG    Mem avail:     7.53 / 15.65 GB
2026-07-18 14:20:52,944 kilosort.clustering_qr DEBUG    ------------------------------------------------------
2026-07-18 14:20:52,944 kilosort.clustering_qr DEBUG    GPU usage:    `conda install pynvml` for GPU usage
2026-07-18 14:20:52,954 kilosort.clustering_qr DEBUG    GPU memory:   22.31 %     |      0.89   /     4.00 GB
2026-07-18 14:20:52,954 kilosort.clustering_qr DEBUG    Allocated:     0.28 %     |      0.01   /     4.00 GB
2026-07-18 14:20:52,954 kilosort.clustering_qr DEBUG    Max alloc:     1.38 %     |      0.06   /     4.00 GB
2026-07-18 14:20:52,954 kilosort.clustering_qr DEBUG    ********************************************************
2026-07-18 14:20:52,987 kilosort.clustering_qr DEBUG    Center 49 | Xd shape: torch.Size([2010, 87]) | ntemp: 16
2026-07-18 14:20:54,415 kilosort.clustering_qr DEBUG    Center 50 | Xd shape: torch.Size([1565, 87]) | ntemp: 16
2026-07-18 14:20:55,852 kilosort.clustering_qr DEBUG    Center 51 | Xd shape: torch.Size([1790, 90]) | ntemp: 16
2026-07-18 14:20:57,324 kilosort.clustering_qr DEBUG    Center 52 | Xd shape: torch.Size([2623, 90]) | ntemp: 16
2026-07-18 14:20:58,650 kilosort.clustering_qr DEBUG    Center 53 | Xd shape: torch.Size([9862, 90]) | ntemp: 16
2026-07-18 14:21:00,199 kilosort.clustering_qr DEBUG    Center 54 | Xd shape: torch.Size([7433, 90]) | ntemp: 16
2026-07-18 14:21:01,684 kilosort.clustering_qr DEBUG    Center 55 | Xd shape: torch.Size([6391, 90]) | ntemp: 16
2026-07-18 14:21:03,211 kilosort.clustering_qr DEBUG    Center 56 | Xd shape: torch.Size([5710, 90]) | ntemp: 16
2026-07-18 14:21:04,748 kilosort.clustering_qr DEBUG    Center 57 | Xd shape: torch.Size([5700, 90]) | ntemp: 16
2026-07-18 14:21:06,139 kilosort.clustering_qr DEBUG    Center 58 | Xd shape: torch.Size([1833, 90]) | ntemp: 16
2026-07-18 14:21:07,563 kilosort.clustering_qr DEBUG     
2026-07-18 14:21:07,563 kilosort.clustering_qr DEBUG    Cluster center: 59 (60/96)
2026-07-18 14:21:07,563 kilosort.clustering_qr DEBUG    ********************************************************
2026-07-18 14:21:07,563 kilosort.clustering_qr DEBUG    CPU usage:    19.80 %
2026-07-18 14:21:07,563 kilosort.clustering_qr DEBUG    Mem used:     52.00 %     |       8.14 GB
2026-07-18 14:21:07,563 kilosort.clustering_qr DEBUG    Mem avail:     7.51 / 15.65 GB
2026-07-18 14:21:07,563 kilosort.clustering_qr DEBUG    ------------------------------------------------------
2026-07-18 14:21:07,563 kilosort.clustering_qr DEBUG    GPU usage:    `conda install pynvml` for GPU usage
2026-07-18 14:21:07,563 kilosort.clustering_qr DEBUG    GPU memory:   22.31 %     |      0.89   /     4.00 GB
2026-07-18 14:21:07,563 kilosort.clustering_qr DEBUG    Allocated:     0.28 %     |      0.01   /     4.00 GB
2026-07-18 14:21:07,563 kilosort.clustering_qr DEBUG    Max alloc:     1.38 %     |      0.06   /     4.00 GB
2026-07-18 14:21:07,563 kilosort.clustering_qr DEBUG    ********************************************************
2026-07-18 14:21:07,584 kilosort.clustering_qr DEBUG    Center 59 | Xd shape: torch.Size([794, 90]) | ntemp: 16
2026-07-18 14:21:07,625 kilosort.clustering_qr DEBUG    Center 60 | Xd shape: torch.Size([3118, 90]) | ntemp: 16
2026-07-18 14:21:08,986 kilosort.clustering_qr DEBUG    Center 61 | Xd shape: torch.Size([5132, 90]) | ntemp: 16
2026-07-18 14:21:10,406 kilosort.clustering_qr DEBUG    Center 62 | Xd shape: torch.Size([4942, 90]) | ntemp: 16
2026-07-18 14:21:11,836 kilosort.clustering_qr DEBUG    Center 63 | Xd shape: torch.Size([1686, 90]) | ntemp: 16
2026-07-18 14:21:13,105 kilosort.clustering_qr DEBUG    Center 64 | Xd shape: torch.Size([1994, 90]) | ntemp: 16
2026-07-18 14:21:14,573 kilosort.clustering_qr DEBUG    Center 65 | Xd shape: torch.Size([2091, 90]) | ntemp: 16
2026-07-18 14:21:15,780 kilosort.clustering_qr DEBUG    Center 66 | Xd shape: torch.Size([5644, 90]) | ntemp: 16
2026-07-18 14:21:17,233 kilosort.clustering_qr DEBUG    Center 67 | Xd shape: torch.Size([2614, 90]) | ntemp: 16
2026-07-18 14:21:18,575 kilosort.clustering_qr DEBUG    Center 68 | Xd shape: torch.Size([2893, 90]) | ntemp: 16
2026-07-18 14:21:19,722 kilosort.clustering_qr DEBUG     
2026-07-18 14:21:19,722 kilosort.clustering_qr DEBUG    Cluster center: 69 (70/96)
2026-07-18 14:21:19,722 kilosort.clustering_qr DEBUG    ********************************************************
2026-07-18 14:21:19,722 kilosort.clustering_qr DEBUG    CPU usage:    20.90 %
2026-07-18 14:21:19,722 kilosort.clustering_qr DEBUG    Mem used:     52.20 %     |       8.16 GB
2026-07-18 14:21:19,732 kilosort.clustering_qr DEBUG    Mem avail:     7.49 / 15.65 GB
2026-07-18 14:21:19,732 kilosort.clustering_qr DEBUG    ------------------------------------------------------
2026-07-18 14:21:19,732 kilosort.clustering_qr DEBUG    GPU usage:    `conda install pynvml` for GPU usage
2026-07-18 14:21:19,732 kilosort.clustering_qr DEBUG    GPU memory:   22.31 %     |      0.89   /     4.00 GB
2026-07-18 14:21:19,732 kilosort.clustering_qr DEBUG    Allocated:     0.28 %     |      0.01   /     4.00 GB
2026-07-18 14:21:19,732 kilosort.clustering_qr DEBUG    Max alloc:     1.38 %     |      0.06   /     4.00 GB
2026-07-18 14:21:19,732 kilosort.clustering_qr DEBUG    ********************************************************
2026-07-18 14:21:19,769 kilosort.clustering_qr DEBUG    Center 69 | Xd shape: torch.Size([5074, 90]) | ntemp: 16
2026-07-18 14:21:21,248 kilosort.clustering_qr DEBUG    Center 70 | Xd shape: torch.Size([4378, 90]) | ntemp: 16
2026-07-18 14:21:22,734 kilosort.clustering_qr DEBUG    Center 71 | Xd shape: torch.Size([5693, 90]) | ntemp: 16
2026-07-18 14:21:24,181 kilosort.clustering_qr DEBUG    Center 72 | Xd shape: torch.Size([3354, 90]) | ntemp: 16
2026-07-18 14:21:25,628 kilosort.clustering_qr DEBUG    Center 73 | Xd shape: torch.Size([2321, 90]) | ntemp: 16
2026-07-18 14:21:26,999 kilosort.clustering_qr DEBUG    Center 74 | Xd shape: torch.Size([2421, 90]) | ntemp: 16
2026-07-18 14:21:28,256 kilosort.clustering_qr DEBUG    Center 75 | Xd shape: torch.Size([3051, 90]) | ntemp: 16
2026-07-18 14:21:29,663 kilosort.clustering_qr DEBUG    Center 76 | Xd shape: torch.Size([1340, 90]) | ntemp: 16
2026-07-18 14:21:31,019 kilosort.clustering_qr DEBUG    Center 77 | Xd shape: torch.Size([2173, 90]) | ntemp: 16
2026-07-18 14:21:32,560 kilosort.clustering_qr DEBUG    Center 78 | Xd shape: torch.Size([3021, 90]) | ntemp: 16
2026-07-18 14:21:33,943 kilosort.clustering_qr DEBUG     
2026-07-18 14:21:33,943 kilosort.clustering_qr DEBUG    Cluster center: 79 (80/96)
2026-07-18 14:21:33,943 kilosort.clustering_qr DEBUG    ********************************************************
2026-07-18 14:21:33,943 kilosort.clustering_qr DEBUG    CPU usage:    18.90 %
2026-07-18 14:21:33,943 kilosort.clustering_qr DEBUG    Mem used:     52.10 %     |       8.16 GB
2026-07-18 14:21:33,943 kilosort.clustering_qr DEBUG    Mem avail:     7.49 / 15.65 GB
2026-07-18 14:21:33,952 kilosort.clustering_qr DEBUG    ------------------------------------------------------
2026-07-18 14:21:33,952 kilosort.clustering_qr DEBUG    GPU usage:    `conda install pynvml` for GPU usage
2026-07-18 14:21:33,952 kilosort.clustering_qr DEBUG    GPU memory:   22.31 %     |      0.89   /     4.00 GB
2026-07-18 14:21:33,952 kilosort.clustering_qr DEBUG    Allocated:     0.28 %     |      0.01   /     4.00 GB
2026-07-18 14:21:33,952 kilosort.clustering_qr DEBUG    Max alloc:     1.38 %     |      0.06   /     4.00 GB
2026-07-18 14:21:33,952 kilosort.clustering_qr DEBUG    ********************************************************
2026-07-18 14:21:33,973 kilosort.clustering_qr DEBUG    Center 79 | Xd shape: torch.Size([1311, 90]) | ntemp: 16
2026-07-18 14:21:35,366 kilosort.clustering_qr DEBUG    Center 80 | Xd shape: torch.Size([684, 90]) | ntemp: 16
2026-07-18 14:21:35,381 kilosort.clustering_qr DEBUG    Center 81 | Xd shape: torch.Size([1029, 90]) | ntemp: 16
2026-07-18 14:21:36,776 kilosort.clustering_qr DEBUG    Center 82 | Xd shape: torch.Size([276, 90]) | ntemp: 16
2026-07-18 14:21:36,804 kilosort.clustering_qr DEBUG    Center 83 | Xd shape: torch.Size([736, 90]) | ntemp: 16
2026-07-18 14:21:36,845 kilosort.clustering_qr DEBUG    Center 84 | Xd shape: torch.Size([1689, 90]) | ntemp: 16
2026-07-18 14:21:38,380 kilosort.clustering_qr DEBUG    Center 85 | Xd shape: torch.Size([3080, 90]) | ntemp: 16
2026-07-18 14:21:39,582 kilosort.clustering_qr DEBUG    Center 86 | Xd shape: torch.Size([915, 90]) | ntemp: 16
2026-07-18 14:21:39,603 kilosort.clustering_qr DEBUG    Center 87 | Xd shape: torch.Size([740, 90]) | ntemp: 16
2026-07-18 14:21:39,623 kilosort.clustering_qr DEBUG    Center 88 | Xd shape: torch.Size([577, 90]) | ntemp: 16
2026-07-18 14:21:39,633 kilosort.clustering_qr DEBUG     
2026-07-18 14:21:39,633 kilosort.clustering_qr DEBUG    Cluster center: 89 (90/96)
2026-07-18 14:21:39,633 kilosort.clustering_qr DEBUG    ********************************************************
2026-07-18 14:21:39,633 kilosort.clustering_qr DEBUG    CPU usage:    20.30 %
2026-07-18 14:21:39,633 kilosort.clustering_qr DEBUG    Mem used:     52.30 %     |       8.18 GB
2026-07-18 14:21:39,633 kilosort.clustering_qr DEBUG    Mem avail:     7.47 / 15.65 GB
2026-07-18 14:21:39,633 kilosort.clustering_qr DEBUG    ------------------------------------------------------
2026-07-18 14:21:39,633 kilosort.clustering_qr DEBUG    GPU usage:    `conda install pynvml` for GPU usage
2026-07-18 14:21:39,633 kilosort.clustering_qr DEBUG    GPU memory:   22.31 %     |      0.89   /     4.00 GB
2026-07-18 14:21:39,633 kilosort.clustering_qr DEBUG    Allocated:     0.28 %     |      0.01   /     4.00 GB
2026-07-18 14:21:39,633 kilosort.clustering_qr DEBUG    Max alloc:     1.38 %     |      0.06   /     4.00 GB
2026-07-18 14:21:39,633 kilosort.clustering_qr DEBUG    ********************************************************
2026-07-18 14:21:39,664 kilosort.clustering_qr DEBUG    Center 89 | Xd shape: torch.Size([860, 90]) | ntemp: 16
2026-07-18 14:21:39,695 kilosort.clustering_qr DEBUG    Center 90 | Xd shape: torch.Size([1353, 90]) | ntemp: 16
2026-07-18 14:21:41,082 kilosort.clustering_qr DEBUG    Center 91 | Xd shape: torch.Size([1504, 90]) | ntemp: 16
2026-07-18 14:21:42,493 kilosort.clustering_qr DEBUG    Center 92 | Xd shape: torch.Size([963, 84]) | ntemp: 16
2026-07-18 14:21:42,514 kilosort.clustering_qr DEBUG    Center 93 | Xd shape: torch.Size([686, 78]) | ntemp: 16
2026-07-18 14:21:42,547 kilosort.clustering_qr DEBUG    Center 94 | Xd shape: torch.Size([2599, 78]) | ntemp: 16
2026-07-18 14:21:44,048 kilosort.clustering_qr DEBUG    Center 95 | Xd shape: torch.Size([57, 78]) | ntemp: 12
2026-07-18 14:21:45,249 kilosort.run_kilosort INFO     423 clusters found, in 119.21s; total 2646.57s
2026-07-18 14:21:45,249 kilosort.run_kilosort DEBUG    clu shape: (417341,)
2026-07-18 14:21:45,249 kilosort.run_kilosort DEBUG    Wall shape: torch.Size([423, 383, 3])
2026-07-18 14:21:45,259 kilosort.run_kilosort INFO      
2026-07-18 14:21:45,259 kilosort.run_kilosort INFO     Resource usage after first clustering
2026-07-18 14:21:45,259 kilosort.run_kilosort INFO     ********************************************************
2026-07-18 14:21:45,259 kilosort.run_kilosort INFO     CPU usage:     0.00 %
2026-07-18 14:21:45,259 kilosort.run_kilosort INFO     Mem used:     52.10 %     |       8.16 GB
2026-07-18 14:21:45,259 kilosort.run_kilosort INFO     Mem avail:     7.49 / 15.65 GB
2026-07-18 14:21:45,259 kilosort.run_kilosort INFO     ------------------------------------------------------
2026-07-18 14:21:45,259 kilosort.run_kilosort INFO     GPU usage:    `conda install pynvml` for GPU usage
2026-07-18 14:21:45,259 kilosort.run_kilosort INFO     GPU memory:   36.28 %     |      1.45   /     4.00 GB
2026-07-18 14:21:45,259 kilosort.run_kilosort INFO     Allocated:     0.32 %     |      0.01   /     4.00 GB
2026-07-18 14:21:45,259 kilosort.run_kilosort INFO     Max alloc:    12.31 %     |      0.49   /     4.00 GB
2026-07-18 14:21:45,259 kilosort.run_kilosort INFO     ********************************************************
2026-07-18 14:21:45,259 kilosort.run_kilosort DEBUG    
2026-07-18 14:21:45,259 kilosort.run_kilosort DEBUG    --------------------
2026-07-18 14:21:45,259 kilosort.run_kilosort DEBUG    Process thread count: N/A (linux only)
2026-07-18 14:21:45,259 kilosort.run_kilosort DEBUG    num torch threads: 8
2026-07-18 14:21:45,259 kilosort.run_kilosort DEBUG    --------------------

2026-07-18 14:21:45,259 kilosort.run_kilosort INFO      
2026-07-18 14:21:45,259 kilosort.run_kilosort INFO     Extracting spikes using cluster waveforms
2026-07-18 14:21:45,259 kilosort.run_kilosort INFO     ----------------------------------------
2026-07-18 14:21:45,331 kilosort.template_matching DEBUG     
2026-07-18 14:21:45,331 kilosort.template_matching DEBUG    Batch 0
2026-07-18 14:21:45,331 kilosort.template_matching DEBUG    ********************************************************
2026-07-18 14:21:45,331 kilosort.template_matching DEBUG    CPU usage:    17.80 %
2026-07-18 14:21:45,331 kilosort.template_matching DEBUG    Mem used:     53.90 %     |       8.43 GB
2026-07-18 14:21:45,331 kilosort.template_matching DEBUG    Mem avail:     7.22 / 15.65 GB
2026-07-18 14:21:45,331 kilosort.template_matching DEBUG    ------------------------------------------------------
2026-07-18 14:21:45,331 kilosort.template_matching DEBUG    GPU usage:    `conda install pynvml` for GPU usage
2026-07-18 14:21:45,331 kilosort.template_matching DEBUG    GPU memory:   36.28 %     |      1.45   /     4.00 GB
2026-07-18 14:21:45,331 kilosort.template_matching DEBUG    Allocated:     1.94 %     |      0.08   /     4.00 GB
2026-07-18 14:21:45,331 kilosort.template_matching DEBUG    Max alloc:     2.17 %     |      0.09   /     4.00 GB
2026-07-18 14:21:45,341 kilosort.template_matching DEBUG    ********************************************************
2026-07-18 14:23:22,649 kilosort.template_matching DEBUG     
2026-07-18 14:23:22,649 kilosort.template_matching DEBUG    Batch 100
2026-07-18 14:23:22,649 kilosort.template_matching DEBUG    ********************************************************
2026-07-18 14:23:22,649 kilosort.template_matching DEBUG    CPU usage:    16.00 %
2026-07-18 14:23:22,649 kilosort.template_matching DEBUG    Mem used:     54.10 %     |       8.46 GB
2026-07-18 14:23:22,649 kilosort.template_matching DEBUG    Mem avail:     7.19 / 15.65 GB
2026-07-18 14:23:22,649 kilosort.template_matching DEBUG    ------------------------------------------------------
2026-07-18 14:23:22,649 kilosort.template_matching DEBUG    GPU usage:    `conda install pynvml` for GPU usage
2026-07-18 14:23:22,649 kilosort.template_matching DEBUG    GPU memory:   68.90 %     |      2.76   /     4.00 GB
2026-07-18 14:23:22,649 kilosort.template_matching DEBUG    Allocated:     6.30 %     |      0.25   /     4.00 GB
2026-07-18 14:23:22,649 kilosort.template_matching DEBUG    Max alloc:    36.56 %     |      1.46   /     4.00 GB
2026-07-18 14:23:22,649 kilosort.template_matching DEBUG    ********************************************************
2026-07-18 14:23:29,026 kilosort.template_matching DEBUG     
2026-07-18 14:23:29,026 kilosort.template_matching DEBUG    Batch 106
2026-07-18 14:23:29,026 kilosort.template_matching DEBUG    ********************************************************
2026-07-18 14:23:29,026 kilosort.template_matching DEBUG    CPU usage:    15.00 %
2026-07-18 14:23:29,026 kilosort.template_matching DEBUG    Mem used:     54.10 %     |       8.47 GB
2026-07-18 14:23:29,026 kilosort.template_matching DEBUG    Mem avail:     7.18 / 15.65 GB
2026-07-18 14:23:29,026 kilosort.template_matching DEBUG    ------------------------------------------------------
2026-07-18 14:23:29,026 kilosort.template_matching DEBUG    GPU usage:    `conda install pynvml` for GPU usage
2026-07-18 14:23:29,026 kilosort.template_matching DEBUG    GPU memory:   68.90 %     |      2.76   /     4.00 GB
2026-07-18 14:23:29,026 kilosort.template_matching DEBUG    Allocated:     6.30 %     |      0.25   /     4.00 GB
2026-07-18 14:23:29,026 kilosort.template_matching DEBUG    Max alloc:    36.56 %     |      1.46   /     4.00 GB
2026-07-18 14:23:29,026 kilosort.template_matching DEBUG    ********************************************************
2026-07-18 14:23:29,235 kilosort.run_kilosort DEBUG    
2026-07-18 14:23:29,235 kilosort.run_kilosort DEBUG    --------------------
2026-07-18 14:23:29,235 kilosort.run_kilosort DEBUG    Process thread count: N/A (linux only)
2026-07-18 14:23:29,235 kilosort.run_kilosort DEBUG    num torch threads: 8
2026-07-18 14:23:29,235 kilosort.run_kilosort DEBUG    --------------------

2026-07-18 14:23:29,235 kilosort.run_kilosort INFO     727251 spikes extracted in 103.98s; total 2750.55s
2026-07-18 14:23:29,235 kilosort.run_kilosort DEBUG    st shape: (727251, 3)
2026-07-18 14:23:29,235 kilosort.run_kilosort DEBUG    tF shape: torch.Size([727251, 25, 3])
2026-07-18 14:23:29,235 kilosort.run_kilosort DEBUG    iCC shape: torch.Size([25, 383])
2026-07-18 14:23:29,245 kilosort.run_kilosort DEBUG    iU shape: torch.Size([375])
2026-07-18 14:23:29,245 kilosort.run_kilosort DEBUG    

|===========================================================================|
|                  PyTorch CUDA memory summary, device ID 0                 |
|---------------------------------------------------------------------------|
|            CUDA OOMs: 0            |        cudaMalloc retries: 0         |
|===========================================================================|
|        Metric         | Cur Usage  | Peak Usage | Tot Alloc  | Tot Freed  |
|---------------------------------------------------------------------------|
| Allocated memory      |  13603 KiB |   1497 MiB |  28041 GiB |  28041 GiB |
|---------------------------------------------------------------------------|
| Active memory         |  13603 KiB |   1497 MiB |  28041 GiB |  28041 GiB |
|---------------------------------------------------------------------------|
| Requested memory      |  13600 KiB |   1496 MiB |  28031 GiB |  28031 GiB |
|---------------------------------------------------------------------------|
| GPU reserved memory   |   1958 MiB |   1958 MiB |    947 GiB |    945 GiB |
|---------------------------------------------------------------------------|
| Non-releasable memory |  39644 KiB |   1091 MiB |   9598 GiB |   9598 GiB |
|---------------------------------------------------------------------------|
| Allocations           |      13    |      45    |    1432 K  |    1432 K  |
|---------------------------------------------------------------------------|
| Active allocs         |      13    |      45    |    1432 K  |    1432 K  |
|---------------------------------------------------------------------------|
| GPU reserved segments |      14    |      14    |    2831    |    2817    |
|---------------------------------------------------------------------------|
| Non-releasable allocs |      12    |      23    |  539944    |  539932    |
|---------------------------------------------------------------------------|
| Oversize allocations  |       0    |       0    |       0    |       0    |
|---------------------------------------------------------------------------|
| Oversize GPU segments |       0    |       0    |       0    |       0    |
|===========================================================================|


2026-07-18 14:23:29,245 kilosort.run_kilosort INFO      
2026-07-18 14:23:29,245 kilosort.run_kilosort INFO     Resource usage after spike detect (learned)
2026-07-18 14:23:29,245 kilosort.run_kilosort INFO     ********************************************************
2026-07-18 14:23:29,245 kilosort.run_kilosort INFO     CPU usage:     0.00 %
2026-07-18 14:23:29,245 kilosort.run_kilosort INFO     Mem used:     54.60 %     |       8.54 GB
2026-07-18 14:23:29,245 kilosort.run_kilosort INFO     Mem avail:     7.10 / 15.65 GB
2026-07-18 14:23:29,245 kilosort.run_kilosort INFO     ------------------------------------------------------
2026-07-18 14:23:29,245 kilosort.run_kilosort INFO     GPU usage:    `conda install pynvml` for GPU usage
2026-07-18 14:23:29,245 kilosort.run_kilosort INFO     GPU memory:   68.90 %     |      2.76   /     4.00 GB
2026-07-18 14:23:29,245 kilosort.run_kilosort INFO     Allocated:     0.32 %     |      0.01   /     4.00 GB
2026-07-18 14:23:29,245 kilosort.run_kilosort INFO     Max alloc:    36.56 %     |      1.46   /     4.00 GB
2026-07-18 14:23:29,245 kilosort.run_kilosort INFO     ********************************************************
2026-07-18 14:23:29,245 kilosort.run_kilosort DEBUG    
2026-07-18 14:23:29,245 kilosort.run_kilosort DEBUG    --------------------
2026-07-18 14:23:29,245 kilosort.run_kilosort DEBUG    Process thread count: N/A (linux only)
2026-07-18 14:23:29,245 kilosort.run_kilosort DEBUG    num torch threads: 8
2026-07-18 14:23:29,245 kilosort.run_kilosort DEBUG    --------------------

2026-07-18 14:23:29,245 kilosort.run_kilosort INFO     Generating diagnostic plots ...
2026-07-18 14:23:32,484 kilosort.run_kilosort INFO      
2026-07-18 14:23:32,484 kilosort.run_kilosort INFO     Final clustering
2026-07-18 14:23:32,484 kilosort.run_kilosort INFO     ----------------------------------------
2026-07-18 14:23:32,631 kilosort.clustering_qr DEBUG    Center 0 | Xd shape: torch.Size([20066, 78]) | ntemp: 9
2026-07-18 14:23:40,712 kilosort.clustering_qr DEBUG    Center 1 | Xd shape: torch.Size([13363, 78]) | ntemp: 6
2026-07-18 14:23:42,388 kilosort.clustering_qr DEBUG    Center 2 | Xd shape: torch.Size([16819, 78]) | ntemp: 10
2026-07-18 14:23:43,935 kilosort.clustering_qr DEBUG    Center 3 | Xd shape: torch.Size([17032, 84]) | ntemp: 11
2026-07-18 14:23:45,647 kilosort.clustering_qr DEBUG    Center 4 | Xd shape: torch.Size([21189, 84]) | ntemp: 10
2026-07-18 14:23:47,636 kilosort.clustering_qr DEBUG    Center 5 | Xd shape: torch.Size([9384, 84]) | ntemp: 10
2026-07-18 14:23:49,120 kilosort.clustering_qr DEBUG    Center 6 | Xd shape: torch.Size([9397, 84]) | ntemp: 7
2026-07-18 14:23:50,566 kilosort.clustering_qr DEBUG    Center 7 | Xd shape: torch.Size([15506, 81]) | ntemp: 10
2026-07-18 14:23:52,382 kilosort.clustering_qr DEBUG    Center 8 | Xd shape: torch.Size([18419, 84]) | ntemp: 10
2026-07-18 14:23:54,091 kilosort.clustering_qr DEBUG     
2026-07-18 14:23:54,091 kilosort.clustering_qr DEBUG    Cluster center: 9 (10/85)
2026-07-18 14:23:54,091 kilosort.clustering_qr DEBUG    ********************************************************
2026-07-18 14:23:54,091 kilosort.clustering_qr DEBUG    CPU usage:    17.20 %
2026-07-18 14:23:54,091 kilosort.clustering_qr DEBUG    Mem used:     52.90 %     |       8.28 GB
2026-07-18 14:23:54,091 kilosort.clustering_qr DEBUG    Mem avail:     7.37 / 15.65 GB
2026-07-18 14:23:54,091 kilosort.clustering_qr DEBUG    ------------------------------------------------------
2026-07-18 14:23:54,091 kilosort.clustering_qr DEBUG    GPU usage:    `conda install pynvml` for GPU usage
2026-07-18 14:23:54,091 kilosort.clustering_qr DEBUG    GPU memory:   22.36 %     |      0.89   /     4.00 GB
2026-07-18 14:23:54,091 kilosort.clustering_qr DEBUG    Allocated:     0.29 %     |      0.01   /     4.00 GB
2026-07-18 14:23:54,091 kilosort.clustering_qr DEBUG    Max alloc:     1.75 %     |      0.07   /     4.00 GB
2026-07-18 14:23:54,091 kilosort.clustering_qr DEBUG    ********************************************************
2026-07-18 14:23:54,153 kilosort.clustering_qr DEBUG    Center 9 | Xd shape: torch.Size([19680, 84]) | ntemp: 8
2026-07-18 14:23:55,987 kilosort.clustering_qr DEBUG    Center 10 | Xd shape: torch.Size([21739, 84]) | ntemp: 12
2026-07-18 14:23:57,885 kilosort.clustering_qr DEBUG    Center 11 | Xd shape: torch.Size([24056, 84]) | ntemp: 5
2026-07-18 14:23:59,736 kilosort.clustering_qr DEBUG    Center 12 | Xd shape: torch.Size([20289, 84]) | ntemp: 7
2026-07-18 14:24:01,591 kilosort.clustering_qr DEBUG    Center 13 | Xd shape: torch.Size([13926, 84]) | ntemp: 9
2026-07-18 14:24:03,113 kilosort.clustering_qr DEBUG    Center 14 | Xd shape: torch.Size([22003, 84]) | ntemp: 12
2026-07-18 14:24:04,920 kilosort.clustering_qr DEBUG    Center 15 | Xd shape: torch.Size([21946, 84]) | ntemp: 9
2026-07-18 14:24:06,911 kilosort.clustering_qr DEBUG    Center 16 | Xd shape: torch.Size([13992, 81]) | ntemp: 6
2026-07-18 14:24:08,521 kilosort.clustering_qr DEBUG    Center 17 | Xd shape: torch.Size([22002, 84]) | ntemp: 8
2026-07-18 14:24:10,557 kilosort.clustering_qr DEBUG    Center 18 | Xd shape: torch.Size([28739, 84]) | ntemp: 11
2026-07-18 14:24:12,683 kilosort.clustering_qr DEBUG     
2026-07-18 14:24:12,683 kilosort.clustering_qr DEBUG    Cluster center: 19 (20/85)
2026-07-18 14:24:12,683 kilosort.clustering_qr DEBUG    ********************************************************
2026-07-18 14:24:12,683 kilosort.clustering_qr DEBUG    CPU usage:    20.80 %
2026-07-18 14:24:12,683 kilosort.clustering_qr DEBUG    Mem used:     53.00 %     |       8.29 GB
2026-07-18 14:24:12,683 kilosort.clustering_qr DEBUG    Mem avail:     7.36 / 15.65 GB
2026-07-18 14:24:12,683 kilosort.clustering_qr DEBUG    ------------------------------------------------------
2026-07-18 14:24:12,683 kilosort.clustering_qr DEBUG    GPU usage:    `conda install pynvml` for GPU usage
2026-07-18 14:24:12,683 kilosort.clustering_qr DEBUG    GPU memory:   22.36 %     |      0.89   /     4.00 GB
2026-07-18 14:24:12,683 kilosort.clustering_qr DEBUG    Allocated:     0.29 %     |      0.01   /     4.00 GB
2026-07-18 14:24:12,683 kilosort.clustering_qr DEBUG    Max alloc:     2.27 %     |      0.09   /     4.00 GB
2026-07-18 14:24:12,683 kilosort.clustering_qr DEBUG    ********************************************************
2026-07-18 14:24:12,765 kilosort.clustering_qr DEBUG    Center 19 | Xd shape: torch.Size([31255, 81]) | ntemp: 8
2026-07-18 14:24:14,897 kilosort.clustering_qr DEBUG    Center 20 | Xd shape: torch.Size([14550, 81]) | ntemp: 9
2026-07-18 14:24:16,665 kilosort.clustering_qr DEBUG    Center 21 | Xd shape: torch.Size([6580, 81]) | ntemp: 6
2026-07-18 14:24:18,074 kilosort.clustering_qr DEBUG    Center 22 | Xd shape: torch.Size([2047, 75]) | ntemp: 2
2026-07-18 14:24:19,301 kilosort.clustering_qr DEBUG    Center 24 | Xd shape: torch.Size([24, 75]) | ntemp: 1
2026-07-18 14:24:19,323 kilosort.clustering_qr DEBUG    Center 25 | Xd shape: torch.Size([3566, 75]) | ntemp: 2
2026-07-18 14:24:20,563 kilosort.clustering_qr DEBUG    Center 26 | Xd shape: torch.Size([349, 75]) | ntemp: 1
2026-07-18 14:24:20,602 kilosort.clustering_qr DEBUG    Center 28 | Xd shape: torch.Size([6407, 75]) | ntemp: 3
2026-07-18 14:24:21,687 kilosort.clustering_qr DEBUG    Center 29 | Xd shape: torch.Size([4185, 75]) | ntemp: 1
2026-07-18 14:24:22,963 kilosort.clustering_qr DEBUG    Center 30 | Xd shape: torch.Size([5412, 81]) | ntemp: 2
2026-07-18 14:24:24,383 kilosort.clustering_qr DEBUG     
2026-07-18 14:24:24,383 kilosort.clustering_qr DEBUG    Cluster center: 31 (30/85)
2026-07-18 14:24:24,383 kilosort.clustering_qr DEBUG    ********************************************************
2026-07-18 14:24:24,383 kilosort.clustering_qr DEBUG    CPU usage:    19.60 %
2026-07-18 14:24:24,383 kilosort.clustering_qr DEBUG    Mem used:     52.90 %     |       8.28 GB
2026-07-18 14:24:24,383 kilosort.clustering_qr DEBUG    Mem avail:     7.37 / 15.65 GB
2026-07-18 14:24:24,383 kilosort.clustering_qr DEBUG    ------------------------------------------------------
2026-07-18 14:24:24,383 kilosort.clustering_qr DEBUG    GPU usage:    `conda install pynvml` for GPU usage
2026-07-18 14:24:24,383 kilosort.clustering_qr DEBUG    GPU memory:   22.36 %     |      0.89   /     4.00 GB
2026-07-18 14:24:24,383 kilosort.clustering_qr DEBUG    Allocated:     0.29 %     |      0.01   /     4.00 GB
2026-07-18 14:24:24,385 kilosort.clustering_qr DEBUG    Max alloc:     2.44 %     |      0.10   /     4.00 GB
2026-07-18 14:24:24,385 kilosort.clustering_qr DEBUG    ********************************************************
2026-07-18 14:24:24,408 kilosort.clustering_qr DEBUG    Center 31 | Xd shape: torch.Size([6492, 81]) | ntemp: 2
2026-07-18 14:24:25,705 kilosort.clustering_qr DEBUG    Center 32 | Xd shape: torch.Size([8849, 84]) | ntemp: 5
2026-07-18 14:24:27,374 kilosort.clustering_qr DEBUG    Center 33 | Xd shape: torch.Size([11583, 78]) | ntemp: 7
2026-07-18 14:24:28,937 kilosort.clustering_qr DEBUG    Center 34 | Xd shape: torch.Size([3574, 81]) | ntemp: 5
2026-07-18 14:24:30,058 kilosort.clustering_qr DEBUG    Center 35 | Xd shape: torch.Size([10226, 78]) | ntemp: 6
2026-07-18 14:24:31,478 kilosort.clustering_qr DEBUG    Center 36 | Xd shape: torch.Size([14468, 84]) | ntemp: 8
2026-07-18 14:24:33,086 kilosort.clustering_qr DEBUG    Center 37 | Xd shape: torch.Size([12486, 84]) | ntemp: 6
2026-07-18 14:24:34,588 kilosort.clustering_qr DEBUG    Center 38 | Xd shape: torch.Size([5505, 75]) | ntemp: 1
2026-07-18 14:24:35,977 kilosort.clustering_qr DEBUG    Center 39 | Xd shape: torch.Size([2979, 75]) | ntemp: 2
2026-07-18 14:24:37,582 kilosort.clustering_qr DEBUG    Center 40 | Xd shape: torch.Size([329, 75]) | ntemp: 1
2026-07-18 14:24:37,586 kilosort.clustering_qr DEBUG     
2026-07-18 14:24:37,586 kilosort.clustering_qr DEBUG    Cluster center: 41 (40/85)
2026-07-18 14:24:37,586 kilosort.clustering_qr DEBUG    ********************************************************
2026-07-18 14:24:37,586 kilosort.clustering_qr DEBUG    CPU usage:    19.00 %
2026-07-18 14:24:37,586 kilosort.clustering_qr DEBUG    Mem used:     52.90 %     |       8.27 GB
2026-07-18 14:24:37,586 kilosort.clustering_qr DEBUG    Mem avail:     7.38 / 15.65 GB
2026-07-18 14:24:37,586 kilosort.clustering_qr DEBUG    ------------------------------------------------------
2026-07-18 14:24:37,587 kilosort.clustering_qr DEBUG    GPU usage:    `conda install pynvml` for GPU usage
2026-07-18 14:24:37,587 kilosort.clustering_qr DEBUG    GPU memory:   22.36 %     |      0.89   /     4.00 GB
2026-07-18 14:24:37,587 kilosort.clustering_qr DEBUG    Allocated:     0.29 %     |      0.01   /     4.00 GB
2026-07-18 14:24:37,587 kilosort.clustering_qr DEBUG    Max alloc:     2.44 %     |      0.10   /     4.00 GB
2026-07-18 14:24:37,588 kilosort.clustering_qr DEBUG    ********************************************************
2026-07-18 14:24:37,607 kilosort.clustering_qr DEBUG    Center 41 | Xd shape: torch.Size([2329, 75]) | ntemp: 2
2026-07-18 14:24:39,042 kilosort.clustering_qr DEBUG    Center 42 | Xd shape: torch.Size([4176, 81]) | ntemp: 2
2026-07-18 14:24:40,395 kilosort.clustering_qr DEBUG    Center 43 | Xd shape: torch.Size([2778, 75]) | ntemp: 1
2026-07-18 14:24:41,764 kilosort.clustering_qr DEBUG    Center 45 | Xd shape: torch.Size([10408, 75]) | ntemp: 2
2026-07-18 14:24:43,295 kilosort.clustering_qr DEBUG    Center 46 | Xd shape: torch.Size([4231, 75]) | ntemp: 1
2026-07-18 14:24:44,661 kilosort.clustering_qr DEBUG    Center 47 | Xd shape: torch.Size([6056, 75]) | ntemp: 2
2026-07-18 14:24:46,026 kilosort.clustering_qr DEBUG    Center 48 | Xd shape: torch.Size([3143, 81]) | ntemp: 2
2026-07-18 14:24:46,980 kilosort.clustering_qr DEBUG    Center 49 | Xd shape: torch.Size([1096, 75]) | ntemp: 1
2026-07-18 14:24:48,464 kilosort.clustering_qr DEBUG    Center 50 | Xd shape: torch.Size([319, 75]) | ntemp: 1
2026-07-18 14:24:48,506 kilosort.clustering_qr DEBUG    Center 51 | Xd shape: torch.Size([6871, 81]) | ntemp: 5
2026-07-18 14:24:49,952 kilosort.clustering_qr DEBUG     
2026-07-18 14:24:49,952 kilosort.clustering_qr DEBUG    Cluster center: 52 (50/85)
2026-07-18 14:24:49,952 kilosort.clustering_qr DEBUG    ********************************************************
2026-07-18 14:24:49,952 kilosort.clustering_qr DEBUG    CPU usage:    20.20 %
2026-07-18 14:24:49,952 kilosort.clustering_qr DEBUG    Mem used:     52.90 %     |       8.27 GB
2026-07-18 14:24:49,952 kilosort.clustering_qr DEBUG    Mem avail:     7.37 / 15.65 GB
2026-07-18 14:24:49,952 kilosort.clustering_qr DEBUG    ------------------------------------------------------
2026-07-18 14:24:49,952 kilosort.clustering_qr DEBUG    GPU usage:    `conda install pynvml` for GPU usage
2026-07-18 14:24:49,952 kilosort.clustering_qr DEBUG    GPU memory:   22.36 %     |      0.89   /     4.00 GB
2026-07-18 14:24:49,952 kilosort.clustering_qr DEBUG    Allocated:     0.29 %     |      0.01   /     4.00 GB
2026-07-18 14:24:49,952 kilosort.clustering_qr DEBUG    Max alloc:     2.44 %     |      0.10   /     4.00 GB
2026-07-18 14:24:49,952 kilosort.clustering_qr DEBUG    ********************************************************
2026-07-18 14:24:49,985 kilosort.clustering_qr DEBUG    Center 52 | Xd shape: torch.Size([4222, 75]) | ntemp: 3
2026-07-18 14:24:51,430 kilosort.clustering_qr DEBUG    Center 53 | Xd shape: torch.Size([14003, 84]) | ntemp: 4
2026-07-18 14:24:53,064 kilosort.clustering_qr DEBUG    Center 54 | Xd shape: torch.Size([12498, 81]) | ntemp: 6
2026-07-18 14:24:54,579 kilosort.clustering_qr DEBUG    Center 55 | Xd shape: torch.Size([10576, 81]) | ntemp: 5
2026-07-18 14:24:56,045 kilosort.clustering_qr DEBUG    Center 56 | Xd shape: torch.Size([16521, 81]) | ntemp: 8
2026-07-18 14:24:57,619 kilosort.clustering_qr DEBUG    Center 57 | Xd shape: torch.Size([5345, 81]) | ntemp: 3
2026-07-18 14:24:59,083 kilosort.clustering_qr DEBUG    Center 58 | Xd shape: torch.Size([3773, 75]) | ntemp: 3
2026-07-18 14:25:00,390 kilosort.clustering_qr DEBUG    Center 59 | Xd shape: torch.Size([395, 75]) | ntemp: 1
2026-07-18 14:25:00,419 kilosort.clustering_qr DEBUG    Center 61 | Xd shape: torch.Size([7046, 75]) | ntemp: 1
2026-07-18 14:25:01,956 kilosort.clustering_qr DEBUG    Center 62 | Xd shape: torch.Size([4561, 81]) | ntemp: 3
2026-07-18 14:25:03,296 kilosort.clustering_qr DEBUG     
2026-07-18 14:25:03,296 kilosort.clustering_qr DEBUG    Cluster center: 63 (60/85)
2026-07-18 14:25:03,296 kilosort.clustering_qr DEBUG    ********************************************************
2026-07-18 14:25:03,296 kilosort.clustering_qr DEBUG    CPU usage:    20.40 %
2026-07-18 14:25:03,296 kilosort.clustering_qr DEBUG    Mem used:     53.00 %     |       8.29 GB
2026-07-18 14:25:03,296 kilosort.clustering_qr DEBUG    Mem avail:     7.36 / 15.65 GB
2026-07-18 14:25:03,307 kilosort.clustering_qr DEBUG    ------------------------------------------------------
2026-07-18 14:25:03,307 kilosort.clustering_qr DEBUG    GPU usage:    `conda install pynvml` for GPU usage
2026-07-18 14:25:03,307 kilosort.clustering_qr DEBUG    GPU memory:   22.36 %     |      0.89   /     4.00 GB
2026-07-18 14:25:03,307 kilosort.clustering_qr DEBUG    Allocated:     0.29 %     |      0.01   /     4.00 GB
2026-07-18 14:25:03,307 kilosort.clustering_qr DEBUG    Max alloc:     2.44 %     |      0.10   /     4.00 GB
2026-07-18 14:25:03,307 kilosort.clustering_qr DEBUG    ********************************************************
2026-07-18 14:25:03,319 kilosort.clustering_qr DEBUG    Center 63 | Xd shape: torch.Size([1760, 75]) | ntemp: 2
2026-07-18 14:25:04,792 kilosort.clustering_qr DEBUG    Center 64 | Xd shape: torch.Size([2178, 84]) | ntemp: 2
2026-07-18 14:25:06,145 kilosort.clustering_qr DEBUG    Center 65 | Xd shape: torch.Size([501, 75]) | ntemp: 1
2026-07-18 14:25:06,197 kilosort.clustering_qr DEBUG    Center 66 | Xd shape: torch.Size([11349, 81]) | ntemp: 5
2026-07-18 14:25:07,891 kilosort.clustering_qr DEBUG    Center 67 | Xd shape: torch.Size([1867, 75]) | ntemp: 1
2026-07-18 14:25:09,339 kilosort.clustering_qr DEBUG    Center 68 | Xd shape: torch.Size([6671, 81]) | ntemp: 4
2026-07-18 14:25:10,761 kilosort.clustering_qr DEBUG    Center 69 | Xd shape: torch.Size([3743, 84]) | ntemp: 4
2026-07-18 14:25:12,209 kilosort.clustering_qr DEBUG    Center 70 | Xd shape: torch.Size([9385, 84]) | ntemp: 8
2026-07-18 14:25:13,807 kilosort.clustering_qr DEBUG    Center 71 | Xd shape: torch.Size([6107, 84]) | ntemp: 6
2026-07-18 14:25:15,221 kilosort.clustering_qr DEBUG    Center 72 | Xd shape: torch.Size([5330, 84]) | ntemp: 4
2026-07-18 14:25:16,582 kilosort.clustering_qr DEBUG     
2026-07-18 14:25:16,582 kilosort.clustering_qr DEBUG    Cluster center: 73 (70/85)
2026-07-18 14:25:16,582 kilosort.clustering_qr DEBUG    ********************************************************
2026-07-18 14:25:16,582 kilosort.clustering_qr DEBUG    CPU usage:    18.80 %
2026-07-18 14:25:16,582 kilosort.clustering_qr DEBUG    Mem used:     52.90 %     |       8.27 GB
2026-07-18 14:25:16,582 kilosort.clustering_qr DEBUG    Mem avail:     7.38 / 15.65 GB
2026-07-18 14:25:16,582 kilosort.clustering_qr DEBUG    ------------------------------------------------------
2026-07-18 14:25:16,582 kilosort.clustering_qr DEBUG    GPU usage:    `conda install pynvml` for GPU usage
2026-07-18 14:25:16,582 kilosort.clustering_qr DEBUG    GPU memory:   22.36 %     |      0.89   /     4.00 GB
2026-07-18 14:25:16,582 kilosort.clustering_qr DEBUG    Allocated:     0.29 %     |      0.01   /     4.00 GB
2026-07-18 14:25:16,582 kilosort.clustering_qr DEBUG    Max alloc:     2.44 %     |      0.10   /     4.00 GB
2026-07-18 14:25:16,582 kilosort.clustering_qr DEBUG    ********************************************************
2026-07-18 14:25:16,613 kilosort.clustering_qr DEBUG    Center 73 | Xd shape: torch.Size([3896, 78]) | ntemp: 3
2026-07-18 14:25:18,014 kilosort.clustering_qr DEBUG    Center 74 | Xd shape: torch.Size([2064, 75]) | ntemp: 1
2026-07-18 14:25:19,396 kilosort.clustering_qr DEBUG    Center 75 | Xd shape: torch.Size([4842, 78]) | ntemp: 2
2026-07-18 14:25:20,682 kilosort.clustering_qr DEBUG    Center 76 | Xd shape: torch.Size([1142, 81]) | ntemp: 2
2026-07-18 14:25:21,717 kilosort.clustering_qr DEBUG    Center 77 | Xd shape: torch.Size([3317, 81]) | ntemp: 2
2026-07-18 14:25:23,241 kilosort.clustering_qr DEBUG    Center 78 | Xd shape: torch.Size([3733, 81]) | ntemp: 3
2026-07-18 14:25:24,613 kilosort.clustering_qr DEBUG    Center 79 | Xd shape: torch.Size([1111, 75]) | ntemp: 1
2026-07-18 14:25:25,617 kilosort.clustering_qr DEBUG    Center 80 | Xd shape: torch.Size([883, 75]) | ntemp: 1
2026-07-18 14:25:25,638 kilosort.clustering_qr DEBUG    Center 81 | Xd shape: torch.Size([2187, 75]) | ntemp: 2
2026-07-18 14:25:26,808 kilosort.clustering_qr DEBUG    Center 82 | Xd shape: torch.Size([699, 75]) | ntemp: 2
2026-07-18 14:25:26,818 kilosort.clustering_qr DEBUG     
2026-07-18 14:25:26,818 kilosort.clustering_qr DEBUG    Cluster center: 85 (80/85)
2026-07-18 14:25:26,818 kilosort.clustering_qr DEBUG    ********************************************************
2026-07-18 14:25:26,818 kilosort.clustering_qr DEBUG    CPU usage:    18.60 %
2026-07-18 14:25:26,818 kilosort.clustering_qr DEBUG    Mem used:     52.90 %     |       8.28 GB
2026-07-18 14:25:26,818 kilosort.clustering_qr DEBUG    Mem avail:     7.37 / 15.65 GB
2026-07-18 14:25:26,818 kilosort.clustering_qr DEBUG    ------------------------------------------------------
2026-07-18 14:25:26,818 kilosort.clustering_qr DEBUG    GPU usage:    `conda install pynvml` for GPU usage
2026-07-18 14:25:26,818 kilosort.clustering_qr DEBUG    GPU memory:   22.36 %     |      0.89   /     4.00 GB
2026-07-18 14:25:26,818 kilosort.clustering_qr DEBUG    Allocated:     0.29 %     |      0.01   /     4.00 GB
2026-07-18 14:25:26,818 kilosort.clustering_qr DEBUG    Max alloc:     2.44 %     |      0.10   /     4.00 GB
2026-07-18 14:25:26,818 kilosort.clustering_qr DEBUG    ********************************************************
2026-07-18 14:25:26,859 kilosort.clustering_qr DEBUG    Center 85 | Xd shape: torch.Size([14473, 75]) | ntemp: 4
2026-07-18 14:25:28,615 kilosort.clustering_qr DEBUG    Center 86 | Xd shape: torch.Size([445, 75]) | ntemp: 2
2026-07-18 14:25:28,636 kilosort.clustering_qr DEBUG    Center 90 | Xd shape: torch.Size([3652, 81]) | ntemp: 2
2026-07-18 14:25:29,978 kilosort.clustering_qr DEBUG    Center 91 | Xd shape: torch.Size([9187, 84]) | ntemp: 4
2026-07-18 14:25:31,366 kilosort.clustering_qr DEBUG    Center 94 | Xd shape: torch.Size([5954, 75]) | ntemp: 2
2026-07-18 14:25:32,751 kilosort.clustering_qr DEBUG    Center 95 | Xd shape: torch.Size([15, 75]) | ntemp: 1
2026-07-18 14:25:32,757 kilosort.run_kilosort INFO     397 clusters found, in 120.27s; total 2874.08s
2026-07-18 14:25:32,757 kilosort.run_kilosort DEBUG    clu shape: (727251,)
2026-07-18 14:25:32,757 kilosort.run_kilosort DEBUG    Wall shape: torch.Size([397, 383, 3])
2026-07-18 14:25:32,757 kilosort.run_kilosort DEBUG    
2026-07-18 14:25:32,757 kilosort.run_kilosort DEBUG    --------------------
2026-07-18 14:25:32,757 kilosort.run_kilosort DEBUG    Process thread count: N/A (linux only)
2026-07-18 14:25:32,757 kilosort.run_kilosort DEBUG    num torch threads: 8
2026-07-18 14:25:32,757 kilosort.run_kilosort DEBUG    --------------------

2026-07-18 14:25:32,757 kilosort.run_kilosort INFO      
2026-07-18 14:25:32,757 kilosort.run_kilosort INFO     Merging clusters
2026-07-18 14:25:32,757 kilosort.run_kilosort INFO     ----------------------------------------
2026-07-18 14:25:36,379 kilosort.run_kilosort INFO     381 units found, in 3.62s; total 2877.70s
2026-07-18 14:25:36,379 kilosort.run_kilosort DEBUG    clu shape: (727251,)
2026-07-18 14:25:36,389 kilosort.run_kilosort DEBUG    Wall shape: torch.Size([381, 383, 3])
2026-07-18 14:25:36,389 kilosort.run_kilosort DEBUG    

|===========================================================================|
|                  PyTorch CUDA memory summary, device ID 0                 |
|---------------------------------------------------------------------------|
|            CUDA OOMs: 0            |        cudaMalloc retries: 0         |
|===========================================================================|
|        Metric         | Cur Usage  | Peak Usage | Tot Alloc  | Tot Freed  |
|---------------------------------------------------------------------------|
| Allocated memory      |  11920 KiB | 102389 KiB |  28875 GiB |  28875 GiB |
|---------------------------------------------------------------------------|
| Active memory         |  11920 KiB | 102389 KiB |  28875 GiB |  28875 GiB |
|---------------------------------------------------------------------------|
| Requested memory      |  11917 KiB | 101907 KiB |  28861 GiB |  28861 GiB |
|---------------------------------------------------------------------------|
| GPU reserved memory   |  53248 KiB |   1958 MiB |    948 GiB |    948 GiB |
|---------------------------------------------------------------------------|
| Non-releasable memory |  41328 KiB |  61782 KiB |  10376 GiB |  10376 GiB |
|---------------------------------------------------------------------------|
| Allocations           |      12    |      44    |    2400 K  |    2400 K  |
|---------------------------------------------------------------------------|
| Active allocs         |      12    |      44    |    2400 K  |    2400 K  |
|---------------------------------------------------------------------------|
| GPU reserved segments |       4    |      14    |    2944    |    2940    |
|---------------------------------------------------------------------------|
| Non-releasable allocs |      11    |      19    |     939 K  |     939 K  |
|---------------------------------------------------------------------------|
| Oversize allocations  |       0    |       0    |       0    |       0    |
|---------------------------------------------------------------------------|
| Oversize GPU segments |       0    |       0    |       0    |       0    |
|===========================================================================|


2026-07-18 14:25:36,389 kilosort.run_kilosort INFO      
2026-07-18 14:25:36,389 kilosort.run_kilosort INFO     Resource usage after clustering
2026-07-18 14:25:36,389 kilosort.run_kilosort INFO     ********************************************************
2026-07-18 14:25:36,389 kilosort.run_kilosort INFO     CPU usage:    42.90 %
2026-07-18 14:25:36,389 kilosort.run_kilosort INFO     Mem used:     54.20 %     |       8.48 GB
2026-07-18 14:25:36,389 kilosort.run_kilosort INFO     Mem avail:     7.17 / 15.65 GB
2026-07-18 14:25:36,389 kilosort.run_kilosort INFO     ------------------------------------------------------
2026-07-18 14:25:36,389 kilosort.run_kilosort INFO     GPU usage:    `conda install pynvml` for GPU usage
2026-07-18 14:25:36,389 kilosort.run_kilosort INFO     GPU memory:   22.36 %     |      0.89   /     4.00 GB
2026-07-18 14:25:36,389 kilosort.run_kilosort INFO     Allocated:     0.28 %     |      0.01   /     4.00 GB
2026-07-18 14:25:36,389 kilosort.run_kilosort INFO     Max alloc:     2.44 %     |      0.10   /     4.00 GB
2026-07-18 14:25:36,389 kilosort.run_kilosort INFO     ********************************************************
2026-07-18 14:25:36,389 kilosort.run_kilosort DEBUG    
2026-07-18 14:25:36,389 kilosort.run_kilosort DEBUG    --------------------
2026-07-18 14:25:36,389 kilosort.run_kilosort DEBUG    Process thread count: N/A (linux only)
2026-07-18 14:25:36,389 kilosort.run_kilosort DEBUG    num torch threads: 8
2026-07-18 14:25:36,389 kilosort.run_kilosort DEBUG    --------------------

2026-07-18 14:25:36,389 kilosort.run_kilosort INFO      
2026-07-18 14:25:36,389 kilosort.run_kilosort INFO     Saving to phy and computing refractory periods
2026-07-18 14:25:36,389 kilosort.run_kilosort INFO     ----------------------------------------
2026-07-18 14:25:36,490 kilosort.io  DEBUG     
2026-07-18 14:25:36,490 kilosort.io  DEBUG    save_to_phy, whitening
2026-07-18 14:25:36,490 kilosort.io  DEBUG    ********************************************************
2026-07-18 14:25:36,490 kilosort.io  DEBUG    CPU usage:    100.00 %
2026-07-18 14:25:36,490 kilosort.io  DEBUG    Mem used:     54.10 %     |       8.47 GB
2026-07-18 14:25:36,490 kilosort.io  DEBUG    Mem avail:     7.18 / 15.65 GB
2026-07-18 14:25:36,490 kilosort.io  DEBUG    ------------------------------------------------------
2026-07-18 14:25:36,490 kilosort.io  DEBUG    GPU usage:    `conda install pynvml` for GPU usage
2026-07-18 14:25:36,490 kilosort.io  DEBUG    GPU memory:   22.41 %     |      0.90   /     4.00 GB
2026-07-18 14:25:36,490 kilosort.io  DEBUG    Allocated:     0.30 %     |      0.01   /     4.00 GB
2026-07-18 14:25:36,490 kilosort.io  DEBUG    Max alloc:     0.34 %     |      0.01   /     4.00 GB
2026-07-18 14:25:36,490 kilosort.io  DEBUG    ********************************************************
2026-07-18 14:25:37,270 kilosort.io  DEBUG     
2026-07-18 14:25:37,270 kilosort.io  DEBUG    save_to_phy, spike positions
2026-07-18 14:25:37,270 kilosort.io  DEBUG    ********************************************************
2026-07-18 14:25:37,270 kilosort.io  DEBUG    CPU usage:    30.70 %
2026-07-18 14:25:37,270 kilosort.io  DEBUG    Mem used:     55.70 %     |       8.72 GB
2026-07-18 14:25:37,270 kilosort.io  DEBUG    Mem avail:     6.93 / 15.65 GB
2026-07-18 14:25:37,270 kilosort.io  DEBUG    ------------------------------------------------------
2026-07-18 14:25:37,270 kilosort.io  DEBUG    GPU usage:    `conda install pynvml` for GPU usage
2026-07-18 14:25:37,270 kilosort.io  DEBUG    GPU memory:   22.41 %     |      0.90   /     4.00 GB
2026-07-18 14:25:37,270 kilosort.io  DEBUG    Allocated:     0.30 %     |      0.01   /     4.00 GB
2026-07-18 14:25:37,270 kilosort.io  DEBUG    Max alloc:     0.30 %     |      0.01   /     4.00 GB
2026-07-18 14:25:37,270 kilosort.io  DEBUG    ********************************************************
2026-07-18 14:25:37,920 kilosort.io  DEBUG     
2026-07-18 14:25:37,920 kilosort.io  DEBUG    save_to_phy, remove duplicates
2026-07-18 14:25:37,920 kilosort.io  DEBUG    ********************************************************
2026-07-18 14:25:37,920 kilosort.io  DEBUG    CPU usage:     8.60 %
2026-07-18 14:25:37,920 kilosort.io  DEBUG    Mem used:     55.60 %     |       8.70 GB
2026-07-18 14:25:37,920 kilosort.io  DEBUG    Mem avail:     6.95 / 15.65 GB
2026-07-18 14:25:37,920 kilosort.io  DEBUG    ------------------------------------------------------
2026-07-18 14:25:37,920 kilosort.io  DEBUG    GPU usage:    `conda install pynvml` for GPU usage
2026-07-18 14:25:37,920 kilosort.io  DEBUG    GPU memory:   22.41 %     |      0.90   /     4.00 GB
2026-07-18 14:25:37,920 kilosort.io  DEBUG    Allocated:     0.30 %     |      0.01   /     4.00 GB
2026-07-18 14:25:37,920 kilosort.io  DEBUG    Max alloc:     0.30 %     |      0.01   /     4.00 GB
2026-07-18 14:25:37,920 kilosort.io  DEBUG    ********************************************************
2026-07-18 14:25:39,763 kilosort.io  DEBUG     
2026-07-18 14:25:39,763 kilosort.io  DEBUG    save_to_phy, template props
2026-07-18 14:25:39,763 kilosort.io  DEBUG    ********************************************************
2026-07-18 14:25:39,763 kilosort.io  DEBUG    CPU usage:    13.20 %
2026-07-18 14:25:39,763 kilosort.io  DEBUG    Mem used:     53.10 %     |       8.31 GB
2026-07-18 14:25:39,763 kilosort.io  DEBUG    Mem avail:     7.34 / 15.65 GB
2026-07-18 14:25:39,763 kilosort.io  DEBUG    ------------------------------------------------------
2026-07-18 14:25:39,763 kilosort.io  DEBUG    GPU usage:    `conda install pynvml` for GPU usage
2026-07-18 14:25:39,763 kilosort.io  DEBUG    GPU memory:   22.41 %     |      0.90   /     4.00 GB
2026-07-18 14:25:39,763 kilosort.io  DEBUG    Allocated:     0.30 %     |      0.01   /     4.00 GB
2026-07-18 14:25:39,763 kilosort.io  DEBUG    Max alloc:     0.30 %     |      0.01   /     4.00 GB
2026-07-18 14:25:39,763 kilosort.io  DEBUG    ********************************************************
2026-07-18 14:26:01,571 kilosort.io  DEBUG     
2026-07-18 14:26:01,571 kilosort.io  DEBUG    save_to_phy, pc features
2026-07-18 14:26:01,571 kilosort.io  DEBUG    ********************************************************
2026-07-18 14:26:01,571 kilosort.io  DEBUG    CPU usage:    13.40 %
2026-07-18 14:26:01,571 kilosort.io  DEBUG    Mem used:     54.90 %     |       8.58 GB
2026-07-18 14:26:01,571 kilosort.io  DEBUG    Mem avail:     7.06 / 15.65 GB
2026-07-18 14:26:01,571 kilosort.io  DEBUG    ------------------------------------------------------
2026-07-18 14:26:01,571 kilosort.io  DEBUG    GPU usage:    `conda install pynvml` for GPU usage
2026-07-18 14:26:01,571 kilosort.io  DEBUG    GPU memory:   22.41 %     |      0.90   /     4.00 GB
2026-07-18 14:26:01,571 kilosort.io  DEBUG    Allocated:     0.30 %     |      0.01   /     4.00 GB
2026-07-18 14:26:01,571 kilosort.io  DEBUG    Max alloc:     0.36 %     |      0.01   /     4.00 GB
2026-07-18 14:26:01,571 kilosort.io  DEBUG    ********************************************************
2026-07-18 14:26:02,234 kilosort.io  DEBUG     
2026-07-18 14:26:02,234 kilosort.io  DEBUG    save_to_phy, est contam
2026-07-18 14:26:02,234 kilosort.io  DEBUG    ********************************************************
2026-07-18 14:26:02,234 kilosort.io  DEBUG    CPU usage:    13.90 %
2026-07-18 14:26:02,234 kilosort.io  DEBUG    Mem used:     54.90 %     |       8.59 GB
2026-07-18 14:26:02,234 kilosort.io  DEBUG    Mem avail:     7.06 / 15.65 GB
2026-07-18 14:26:02,234 kilosort.io  DEBUG    ------------------------------------------------------
2026-07-18 14:26:02,234 kilosort.io  DEBUG    GPU usage:    `conda install pynvml` for GPU usage
2026-07-18 14:26:02,249 kilosort.io  DEBUG    GPU memory:   22.41 %     |      0.90   /     4.00 GB
2026-07-18 14:26:02,249 kilosort.io  DEBUG    Allocated:     0.30 %     |      0.01   /     4.00 GB
2026-07-18 14:26:02,249 kilosort.io  DEBUG    Max alloc:     0.30 %     |      0.01   /     4.00 GB
2026-07-18 14:26:02,249 kilosort.io  DEBUG    ********************************************************
2026-07-18 14:26:02,344 kilosort.run_kilosort INFO     168 units found with good refractory periods
2026-07-18 14:26:02,392 kilosort.run_kilosort INFO     Exporting to Phy took: 26.00s
2026-07-18 14:26:02,392 kilosort.run_kilosort INFO     Total runtime: 2903.71s = 00:48:24 h:m:s
2026-07-18 14:26:02,464 kilosort.run_kilosort INFO     Sorting output saved in: G:\ACADEMIC\week8_partial_dct_kilosort_runs\dd4da095_probe00_partial_20260712_222836\ratio_0.70\kilosort4_dct.
2026-07-18 14:26:02,464 kilosort.run_kilosort DEBUG    

|===========================================================================|
|                  PyTorch CUDA memory summary, device ID 0                 |
|---------------------------------------------------------------------------|
|            CUDA OOMs: 0            |        cudaMalloc retries: 0         |
|===========================================================================|
|        Metric         | Cur Usage  | Peak Usage | Tot Alloc  | Tot Freed  |
|---------------------------------------------------------------------------|
| Allocated memory      |  11920 KiB |  12493 KiB |  28875 GiB |  28875 GiB |
|---------------------------------------------------------------------------|
| Active memory         |  11920 KiB |  12493 KiB |  28875 GiB |  28875 GiB |
|---------------------------------------------------------------------------|
| Requested memory      |  11917 KiB |  12490 KiB |  28862 GiB |  28862 GiB |
|---------------------------------------------------------------------------|
| GPU reserved memory   |  55296 KiB |  55296 KiB |    948 GiB |    948 GiB |
|---------------------------------------------------------------------------|
| Non-releasable memory |  41328 KiB |  41328 KiB |  10376 GiB |  10376 GiB |
|---------------------------------------------------------------------------|
| Allocations           |      12    |      13    |    2407 K  |    2407 K  |
|---------------------------------------------------------------------------|
| Active allocs         |      12    |      13    |    2407 K  |    2407 K  |
|---------------------------------------------------------------------------|
| GPU reserved segments |       5    |       5    |    2945    |    2940    |
|---------------------------------------------------------------------------|
| Non-releasable allocs |      11    |      11    |     942 K  |     942 K  |
|---------------------------------------------------------------------------|
| Oversize allocations  |       0    |       0    |       0    |       0    |
|---------------------------------------------------------------------------|
| Oversize GPU segments |       0    |       0    |       0    |       0    |
|===========================================================================|


2026-07-18 14:26:02,464 kilosort.run_kilosort INFO      
2026-07-18 14:26:02,464 kilosort.run_kilosort INFO     Resource usage after saving
2026-07-18 14:26:02,480 kilosort.run_kilosort INFO     ********************************************************
2026-07-18 14:26:02,480 kilosort.run_kilosort INFO     CPU usage:    16.90 %
2026-07-18 14:26:02,480 kilosort.run_kilosort INFO     Mem used:     54.70 %     |       8.57 GB
2026-07-18 14:26:02,480 kilosort.run_kilosort INFO     Mem avail:     7.08 / 15.65 GB
2026-07-18 14:26:02,480 kilosort.run_kilosort INFO     ------------------------------------------------------
2026-07-18 14:26:02,480 kilosort.run_kilosort INFO     GPU usage:    `conda install pynvml` for GPU usage
2026-07-18 14:26:02,480 kilosort.run_kilosort INFO     GPU memory:   22.41 %     |      0.90   /     4.00 GB
2026-07-18 14:26:02,480 kilosort.run_kilosort INFO     Allocated:     0.28 %     |      0.01   /     4.00 GB
2026-07-18 14:26:02,480 kilosort.run_kilosort INFO     Max alloc:     0.30 %     |      0.01   /     4.00 GB
2026-07-18 14:26:02,480 kilosort.run_kilosort INFO     ********************************************************
2026-07-18 14:26:02,480 kilosort.run_kilosort DEBUG    
2026-07-18 14:26:02,480 kilosort.run_kilosort DEBUG    --------------------
2026-07-18 14:26:02,480 kilosort.run_kilosort DEBUG    Process thread count: N/A (linux only)
2026-07-18 14:26:02,480 kilosort.run_kilosort DEBUG    num torch threads: 8
2026-07-18 14:26:02,480 kilosort.run_kilosort DEBUG    --------------------

2026-07-18 14:26:02,480 kilosort.run_kilosort INFO     Generating spike position plot ...
2026-07-18 14:26:40,097 kilosort.run_kilosort INFO     Sorting finished.
2026-07-18 14:26:40,097 kilosort.run_kilosort INFO      
2026-07-18 14:26:40,097 kilosort.run_kilosort INFO     ********************************************************
2026-07-18 14:26:40,112 kilosort.run_kilosort INFO     Sorting summary
2026-07-18 14:26:40,112 kilosort.run_kilosort INFO     --------------------------------------------------------
2026-07-18 14:26:40,112 kilosort.run_kilosort INFO     Total number of units:                              381
2026-07-18 14:26:40,112 kilosort.run_kilosort INFO     Number of good units:                               168
2026-07-18 14:26:40,112 kilosort.run_kilosort INFO     Number of spikes                                 725760
2026-07-18 14:26:40,112 kilosort.run_kilosort INFO     Mean abs. drift                                  0.3 um
2026-07-18 14:26:40,112 kilosort.run_kilosort INFO     Total runtime                                  2903.71s
2026-07-18 14:26:40,112 kilosort.run_kilosort INFO      
2026-07-18 14:26:40,112 kilosort.run_kilosort INFO     Runtime by step
2026-07-18 14:26:40,114 kilosort.run_kilosort INFO     --------------------------------------------------------
2026-07-18 14:26:40,114 kilosort.run_kilosort INFO     preprocessing:                          3.8s   (0.13) %
2026-07-18 14:26:40,114 kilosort.run_kilosort INFO     drift corr:                          1301.6s  (44.82) %
2026-07-18 14:26:40,114 kilosort.run_kilosort INFO     spike det. (univ):                   1193.9s  (41.11) %
2026-07-18 14:26:40,114 kilosort.run_kilosort INFO     cluster (temp):                       119.2s   (4.11) %
2026-07-18 14:26:40,114 kilosort.run_kilosort INFO     spike det. (learn):                   104.0s   (3.58) %
2026-07-18 14:26:40,114 kilosort.run_kilosort INFO     cluster (final):                      120.3s   (4.14) %
2026-07-18 14:26:40,114 kilosort.run_kilosort INFO     cluster merge:                          3.6s   (0.12) %
2026-07-18 14:26:40,114 kilosort.run_kilosort INFO     postprocessing:                        26.0s   (0.90) %
2026-07-18 14:26:40,114 kilosort.run_kilosort INFO      
2026-07-18 14:26:40,114 kilosort.run_kilosort INFO     Memory usage by step
2026-07-18 14:26:40,114 kilosort.run_kilosort INFO     --------------------------------------------------------
2026-07-18 14:26:40,114 kilosort.run_kilosort INFO     preprocessing:         sys     6.8 GB  |  gpu    1.3 GB
2026-07-18 14:26:40,114 kilosort.run_kilosort INFO     drift corr:            sys     7.8 GB  |  gpu    3.8 GB
2026-07-18 14:26:40,114 kilosort.run_kilosort INFO     spike det. (univ):     sys     8.4 GB  |  gpu    3.8 GB
2026-07-18 14:26:40,114 kilosort.run_kilosort INFO     cluster (temp):        sys     8.2 GB  |  gpu    0.5 GB
2026-07-18 14:26:40,114 kilosort.run_kilosort INFO     spike det. (learn):    sys     8.5 GB  |  gpu    1.5 GB
2026-07-18 14:26:40,114 kilosort.run_kilosort INFO     cluster (final):       sys     8.3 GB  |  gpu    0.1 GB
2026-07-18 14:26:40,114 kilosort.run_kilosort INFO     cluster merge:         sys     8.5 GB  |  gpu    0.1 GB
2026-07-18 14:26:40,114 kilosort.run_kilosort INFO     postprocessing:        sys     8.6 GB  |  gpu    0.0 GB
2026-07-18 14:26:40,114 kilosort.run_kilosort INFO     ********************************************************
