2026-07-18 20:24:44,385 kilosort.run_kilosort INFO     Kilosort version 4.1.7
2026-07-18 20:24:44,385 kilosort.run_kilosort INFO     Python version 3.11.15
2026-07-18 20:24:44,385 kilosort.run_kilosort INFO     ----------------------------------------
2026-07-18 20:24:44,385 kilosort.run_kilosort INFO     System information:
2026-07-18 20:24:44,430 kilosort.run_kilosort INFO     Windows-10-10.0.26200-SP0 AMD64
2026-07-18 20:24:44,431 kilosort.run_kilosort INFO     Intel64 Family 6 Model 186 Stepping 2, GenuineIntel
2026-07-18 20:24:44,731 kilosort.run_kilosort INFO     Using GPU for PyTorch computations. Specify `device` to change this.
2026-07-18 20:24:44,753 kilosort.run_kilosort INFO     Using CUDA device: NVIDIA GeForce RTX 2050 4.00GB
2026-07-18 20:24:44,753 kilosort.run_kilosort INFO     ----------------------------------------
2026-07-18 20:24:44,753 kilosort.run_kilosort INFO     Sorting [WindowsPath('G:/academic/week8_partial_dct_kilosort_runs/8ca740c5_probe00_partial_20260712_222836/ratio_0.10/8ca740c5_probe00_partial_20260712_222836_ratio_0.10_dctwin_600samp_preprocessed_int16.bin')]
2026-07-18 20:24:44,753 kilosort.run_kilosort INFO     Skipping common average reference.
2026-07-18 20:24:44,753 kilosort.run_kilosort INFO     clear_cache=True
2026-07-18 20:24:44,753 kilosort.run_kilosort DEBUG    Initial ops:

ops = {
    'n_chan_bin': 385,
    'fs': 30000.0,
    'batch_size': 60000,
    'nblocks': 1,
    'Th_universal': 9,
    'Th_learned': 8,
    'tmin': 0,
    'tmax': inf,
    'nt': 61,
    'shift': None,
    'scale': None,
    'batch_downsampling': 1,
    'artifact_threshold': inf,
    'nskip': 25,
    'whitening_range': 32,
    'highpass_cutoff': 300,
    'binning_depth': 5,
    'sig_interp': 20,
    'drift_smoothing': [0.5, 0.5, 0.5],
    'nt0min': 20,
    'dmin': None,
    'dminx': 32,
    'min_template_size': 10,
    'template_sizes': 5,
    'nearest_chans': 25,
    'nearest_templates': 100,
    'max_channel_distance': 32,
    'max_peels': 100,
    'templates_from_data': True,
    'n_templates': 6,
    'n_pcs': 3,
    'Th_single_ch': 6,
    'acg_threshold': 0.2,
    'ccg_threshold': 0.25,
    'cluster_neighbors': 10,
    'cluster_downsampling': 20,
    'max_cluster_subset': 25000,
    'x_centers': None,
    'cluster_init_seed': 5,
    'duplicate_spike_ms': 0.25,
    'position_limit': 100,
    'filename': [   WindowsPath('G:/academic/week8_partial_dct_kilosort_runs/8ca740c5_probe00_partial_20260712_222836/ratio_0.10/8ca740c5_probe00_partial_20260712_222836_ratio_0.10_dctwin_600samp_preprocessed_int16.bin')],
    'data_dir': WindowsPath('G:/academic/week8_partial_dct_kilosort_runs/8ca740c5_probe00_partial_20260712_222836/ratio_0.10'),
    'data_dtype': 'int16',
    'do_CAR': False,
    'invert_sign': False,
    'NTbuff': 60122,
    'Nchan': 383,
    'duplicate_spike_bins': 7,
    'torch_device': 'cuda',
    'save_preprocessed_copy': False
}

2026-07-18 20:24:44,794 kilosort.run_kilosort DEBUG    Probe dictionary:

probe = {
    'xc': np.array([43., 11., 59., 27., 43., 11., 59., 27., 43., 11., 59., 27., 43.,
       11., 59., 27., 43., 11., 59., 27., 43., 11., 59., 27., 43., 11.,
       59., 27., 43., 11., 59., 27., 43., 11., 59., 27., 43., 11., 59.,
       27., 43., 11., 59., 27., 43., 11., 59., 27., 43., 11., 59., 27.,
       43., 11., 59., 27., 43., 11., 59., 27., 43., 11., 59., 27., 43.,
       11., 59., 27., 43., 11., 59., 27., 43., 11., 59., 27., 43., 11.,
       59., 27., 43., 11., 59., 27., 43., 11., 59., 27., 43., 11., 59.,
       27., 43., 11., 59., 27., 43., 11., 59., 27., 43., 11., 59., 27.,
       43., 11., 59., 27., 43., 11., 59., 27., 43., 11., 59., 27., 43.,
       11., 59., 27., 43., 11., 59., 27., 43., 11., 59., 27., 43., 11.,
       59., 27., 43., 11., 59., 27., 43., 11., 59., 27., 43., 11., 59.,
       27., 43., 11., 59., 27., 43., 11., 59., 27., 43., 11., 59., 27.,
       43., 11., 59., 27., 43., 11., 59., 27., 43., 11., 59., 27., 43.,
       11., 59., 27., 43., 11., 59., 27., 43., 11., 59., 27., 43., 11.,
       59., 27., 43., 11., 59., 27., 43., 11., 59., 43., 11., 59., 27.,
       43., 11., 59., 27., 43., 11., 59., 27., 43., 11., 59., 27., 43.,
       11., 59., 27., 43., 11., 59., 27., 43., 11., 59., 27., 43., 11.,
       59., 27., 43., 11., 59., 27., 43., 11., 59., 27., 43., 11., 59.,
       27., 43., 11., 59., 27., 43., 11., 59., 27., 43., 11., 59., 27.,
       43., 11., 59., 27., 43., 11., 59., 27., 43., 11., 59., 27., 43.,
       11., 59., 27., 43., 11., 59., 27., 43., 11., 59., 27., 43., 11.,
       59., 27., 43., 11., 59., 27., 43., 11., 59., 27., 43., 11., 59.,
       27., 43., 11., 59., 27., 43., 11., 59., 27., 43., 11., 59., 27.,
       43., 11., 59., 27., 43., 11., 59., 27., 43., 11., 59., 27., 43.,
       11., 59., 27., 43., 11., 59., 27., 43., 11., 59., 27., 43., 11.,
       59., 27., 43., 11., 59., 27., 43., 11., 59., 27., 43., 11., 59.,
       27., 43., 11., 59., 27., 43., 11., 59., 27., 43., 11., 59., 27.,
       43., 11., 59., 27., 43., 11., 59., 27., 43., 11., 59., 27., 43.,
       11., 59., 27., 43., 11., 59., 27., 43., 11., 59., 27., 43., 11.,
       59., 27., 43., 11., 59., 27.], dtype=np.float32),
    'yc': np.array([  20.,   20.,   40.,   40.,   60.,   60.,   80.,   80.,  100.,
        100.,  120.,  120.,  140.,  140.,  160.,  160.,  180.,  180.,
        200.,  200.,  220.,  220.,  240.,  240.,  260.,  260.,  280.,
        280.,  300.,  300.,  320.,  320.,  340.,  340.,  360.,  360.,
        380.,  380.,  400.,  400.,  420.,  420.,  440.,  440.,  460.,
        460.,  480.,  480.,  500.,  500.,  520.,  520.,  540.,  540.,
        560.,  560.,  580.,  580.,  600.,  600.,  620.,  620.,  640.,
        640.,  660.,  660.,  680.,  680.,  700.,  700.,  720.,  720.,
        740.,  740.,  760.,  760.,  780.,  780.,  800.,  800.,  820.,
        820.,  840.,  840.,  860.,  860.,  880.,  880.,  900.,  900.,
        920.,  920.,  940.,  940.,  960.,  960.,  980.,  980., 1000.,
       1000., 1020., 1020., 1040., 1040., 1060., 1060., 1080., 1080.,
       1100., 1100., 1120., 1120., 1140., 1140., 1160., 1160., 1180.,
       1180., 1200., 1200., 1220., 1220., 1240., 1240., 1260., 1260.,
       1280., 1280., 1300., 1300., 1320., 1320., 1340., 1340., 1360.,
       1360., 1380., 1380., 1400., 1400., 1420., 1420., 1440., 1440.,
       1460., 1460., 1480., 1480., 1500., 1500., 1520., 1520., 1540.,
       1540., 1560., 1560., 1580., 1580., 1600., 1600., 1620., 1620.,
       1640., 1640., 1660., 1660., 1680., 1680., 1700., 1700., 1720.,
       1720., 1740., 1740., 1760., 1760., 1780., 1780., 1800., 1800.,
       1820., 1820., 1840., 1840., 1860., 1860., 1880., 1880., 1900.,
       1900., 1920., 1940., 1940., 1960., 1960., 1980., 1980., 2000.,
       2000., 2020., 2020., 2040., 2040., 2060., 2060., 2080., 2080.,
       2100., 2100., 2120., 2120., 2140., 2140., 2160., 2160., 2180.,
       2180., 2200., 2200., 2220., 2220., 2240., 2240., 2260., 2260.,
       2280., 2280., 2300., 2300., 2320., 2320., 2340., 2340., 2360.,
       2360., 2380., 2380., 2400., 2400., 2420., 2420., 2440., 2440.,
       2460., 2460., 2480., 2480., 2500., 2500., 2520., 2520., 2540.,
       2540., 2560., 2560., 2580., 2580., 2600., 2600., 2620., 2620.,
       2640., 2640., 2660., 2660., 2680., 2680., 2700., 2700., 2720.,
       2720., 2740., 2740., 2760., 2760., 2780., 2780., 2800., 2800.,
       2820., 2820., 2840., 2840., 2860., 2860., 2880., 2880., 2900.,
       2900., 2920., 2920., 2940., 2940., 2960., 2960., 2980., 2980.,
       3000., 3000., 3020., 3020., 3040., 3040., 3060., 3060., 3080.,
       3080., 3100., 3100., 3120., 3120., 3140., 3140., 3160., 3160.,
       3180., 3180., 3200., 3200., 3220., 3220., 3240., 3240., 3260.,
       3260., 3280., 3280., 3300., 3300., 3320., 3320., 3340., 3340.,
       3360., 3360., 3380., 3380., 3400., 3400., 3420., 3420., 3440.,
       3440., 3460., 3460., 3480., 3480., 3500., 3500., 3520., 3520.,
       3540., 3540., 3560., 3560., 3580., 3580., 3600., 3600., 3620.,
       3620., 3640., 3640., 3660., 3660., 3680., 3680., 3700., 3700.,
       3720., 3720., 3740., 3740., 3760., 3760., 3780., 3780., 3800.,
       3800., 3820., 3820., 3840., 3840.], dtype=np.float32),
    'kcoords': np.array([0., 0., 0., 0., 0., 0., 0., 0., 0., 0., 0., 0., 0., 0., 0., 0., 0.,
       0., 0., 0., 0., 0., 0., 0., 0., 0., 0., 0., 0., 0., 0., 0., 0., 0.,
       0., 0., 0., 0., 0., 0., 0., 0., 0., 0., 0., 0., 0., 0., 0., 0., 0.,
       0., 0., 0., 0., 0., 0., 0., 0., 0., 0., 0., 0., 0., 0., 0., 0., 0.,
       0., 0., 0., 0., 0., 0., 0., 0., 0., 0., 0., 0., 0., 0., 0., 0., 0.,
       0., 0., 0., 0., 0., 0., 0., 0., 0., 0., 0., 0., 0., 0., 0., 0., 0.,
       0., 0., 0., 0., 0., 0., 0., 0., 0., 0., 0., 0., 0., 0., 0., 0., 0.,
       0., 0., 0., 0., 0., 0., 0., 0., 0., 0., 0., 0., 0., 0., 0., 0., 0.,
       0., 0., 0., 0., 0., 0., 0., 0., 0., 0., 0., 0., 0., 0., 0., 0., 0.,
       0., 0., 0., 0., 0., 0., 0., 0., 0., 0., 0., 0., 0., 0., 0., 0., 0.,
       0., 0., 0., 0., 0., 0., 0., 0., 0., 0., 0., 0., 0., 0., 0., 0., 0.,
       0., 0., 0., 0., 0., 0., 0., 0., 0., 0., 0., 0., 0., 0., 0., 0., 0.,
       0., 0., 0., 0., 0., 0., 0., 0., 0., 0., 0., 0., 0., 0., 0., 0., 0.,
       0., 0., 0., 0., 0., 0., 0., 0., 0., 0., 0., 0., 0., 0., 0., 0., 0.,
       0., 0., 0., 0., 0., 0., 0., 0., 0., 0., 0., 0., 0., 0., 0., 0., 0.,
       0., 0., 0., 0., 0., 0., 0., 0., 0., 0., 0., 0., 0., 0., 0., 0., 0.,
       0., 0., 0., 0., 0., 0., 0., 0., 0., 0., 0., 0., 0., 0., 0., 0., 0.,
       0., 0., 0., 0., 0., 0., 0., 0., 0., 0., 0., 0., 0., 0., 0., 0., 0.,
       0., 0., 0., 0., 0., 0., 0., 0., 0., 0., 0., 0., 0., 0., 0., 0., 0.,
       0., 0., 0., 0., 0., 0., 0., 0., 0., 0., 0., 0., 0., 0., 0., 0., 0.,
       0., 0., 0., 0., 0., 0., 0., 0., 0., 0., 0., 0., 0., 0., 0., 0., 0.,
       0., 0., 0., 0., 0., 0., 0., 0., 0., 0., 0., 0., 0., 0., 0., 0., 0.,
       0., 0., 0., 0., 0., 0., 0., 0., 0.], dtype=np.float32),
    'chanMap': np.array([  0,   1,   2,   3,   4,   5,   6,   7,   8,   9,  10,  11,  12,
        13,  14,  15,  16,  17,  18,  19,  20,  21,  22,  23,  24,  25,
        26,  27,  28,  29,  30,  31,  32,  33,  34,  35,  36,  37,  38,
        39,  40,  41,  42,  43,  44,  45,  46,  47,  48,  49,  50,  51,
        52,  53,  54,  55,  56,  57,  58,  59,  60,  61,  62,  63,  64,
        65,  66,  67,  68,  69,  70,  71,  72,  73,  74,  75,  76,  77,
        78,  79,  80,  81,  82,  83,  84,  85,  86,  87,  88,  89,  90,
        91,  92,  93,  94,  95,  96,  97,  98,  99, 100, 101, 102, 103,
       104, 105, 106, 107, 108, 109, 110, 111, 112, 113, 114, 115, 116,
       117, 118, 119, 120, 121, 122, 123, 124, 125, 126, 127, 128, 129,
       130, 131, 132, 133, 134, 135, 136, 137, 138, 139, 140, 141, 142,
       143, 144, 145, 146, 147, 148, 149, 150, 151, 152, 153, 154, 155,
       156, 157, 158, 159, 160, 161, 162, 163, 164, 165, 166, 167, 168,
       169, 170, 171, 172, 173, 174, 175, 176, 177, 178, 179, 180, 181,
       182, 183, 184, 185, 186, 187, 188, 189, 190, 192, 193, 194, 195,
       196, 197, 198, 199, 200, 201, 202, 203, 204, 205, 206, 207, 208,
       209, 210, 211, 212, 213, 214, 215, 216, 217, 218, 219, 220, 221,
       222, 223, 224, 225, 226, 227, 228, 229, 230, 231, 232, 233, 234,
       235, 236, 237, 238, 239, 240, 241, 242, 243, 244, 245, 246, 247,
       248, 249, 250, 251, 252, 253, 254, 255, 256, 257, 258, 259, 260,
       261, 262, 263, 264, 265, 266, 267, 268, 269, 270, 271, 272, 273,
       274, 275, 276, 277, 278, 279, 280, 281, 282, 283, 284, 285, 286,
       287, 288, 289, 290, 291, 292, 293, 294, 295, 296, 297, 298, 299,
       300, 301, 302, 303, 304, 305, 306, 307, 308, 309, 310, 311, 312,
       313, 314, 315, 316, 317, 318, 319, 320, 321, 322, 323, 324, 325,
       326, 327, 328, 329, 330, 331, 332, 333, 334, 335, 336, 337, 338,
       339, 340, 341, 342, 343, 344, 345, 346, 347, 348, 349, 350, 351,
       352, 353, 354, 355, 356, 357, 358, 359, 360, 361, 362, 363, 364,
       365, 366, 367, 368, 369, 370, 371, 372, 373, 374, 375, 376, 377,
       378, 379, 380, 381, 382, 383], dtype=np.int32),
    'n_chan': 384
}

2026-07-18 20:24:45,048 kilosort.run_kilosort INFO      
2026-07-18 20:24:45,048 kilosort.run_kilosort INFO     Resource usage before sorting
2026-07-18 20:24:45,048 kilosort.run_kilosort INFO     ********************************************************
2026-07-18 20:24:45,048 kilosort.run_kilosort INFO     CPU usage:    10.80 %
2026-07-18 20:24:45,048 kilosort.run_kilosort INFO     Mem used:     42.30 %     |       6.62 GB
2026-07-18 20:24:45,048 kilosort.run_kilosort INFO     Mem avail:     9.02 / 15.65 GB
2026-07-18 20:24:45,048 kilosort.run_kilosort INFO     ------------------------------------------------------
2026-07-18 20:24:45,048 kilosort.run_kilosort INFO     GPU usage:    `conda install pynvml` for GPU usage
2026-07-18 20:24:45,048 kilosort.run_kilosort INFO     GPU memory:   19.43 %     |      0.78   /     4.00 GB
2026-07-18 20:24:45,048 kilosort.run_kilosort INFO     Allocated:     0.00 %     |      0.00   /     4.00 GB
2026-07-18 20:24:45,048 kilosort.run_kilosort INFO     Max alloc:     0.00 %     |      0.00   /     4.00 GB
2026-07-18 20:24:45,048 kilosort.run_kilosort INFO     ********************************************************
2026-07-18 20:24:45,048 kilosort.run_kilosort DEBUG    
2026-07-18 20:24:45,048 kilosort.run_kilosort DEBUG    --------------------
2026-07-18 20:24:45,048 kilosort.run_kilosort DEBUG    Process thread count: N/A (linux only)
2026-07-18 20:24:45,048 kilosort.run_kilosort DEBUG    num torch threads: 8
2026-07-18 20:24:45,048 kilosort.run_kilosort DEBUG    --------------------

2026-07-18 20:24:45,048 kilosort.run_kilosort INFO      
2026-07-18 20:24:45,048 kilosort.run_kilosort INFO     Computing preprocessing variables.
2026-07-18 20:24:45,064 kilosort.run_kilosort INFO     ----------------------------------------
2026-07-18 20:24:45,532 kilosort.run_kilosort INFO     N samples: 6600000
2026-07-18 20:24:45,532 kilosort.run_kilosort INFO     N seconds: 220.0
2026-07-18 20:24:45,532 kilosort.run_kilosort INFO     N batches: 110
2026-07-18 20:24:48,758 kilosort.run_kilosort INFO     Preprocessing filters computed in 3.71s; total 4.00s
2026-07-18 20:24:48,768 kilosort.run_kilosort DEBUG    hp_filter shape: torch.Size([30122])
2026-07-18 20:24:48,768 kilosort.run_kilosort DEBUG    whiten_mat shape: torch.Size([383, 383])
2026-07-18 20:24:49,036 kilosort.run_kilosort DEBUG    First batch min, max: (np.float32(-1712.8499), np.float32(1426.1207))
2026-07-18 20:24:49,036 kilosort.run_kilosort INFO      
2026-07-18 20:24:49,045 kilosort.run_kilosort INFO     Resource usage after preprocessing
2026-07-18 20:24:49,045 kilosort.run_kilosort INFO     ********************************************************
2026-07-18 20:24:49,045 kilosort.run_kilosort INFO     CPU usage:    11.40 %
2026-07-18 20:24:49,045 kilosort.run_kilosort INFO     Mem used:     44.20 %     |       6.91 GB
2026-07-18 20:24:49,045 kilosort.run_kilosort INFO     Mem avail:     8.74 / 15.65 GB
2026-07-18 20:24:49,046 kilosort.run_kilosort INFO     ------------------------------------------------------
2026-07-18 20:24:49,046 kilosort.run_kilosort INFO     GPU usage:    `conda install pynvml` for GPU usage
2026-07-18 20:24:49,046 kilosort.run_kilosort INFO     GPU memory:   61.28 %     |      2.45   /     4.00 GB
2026-07-18 20:24:49,046 kilosort.run_kilosort INFO     Allocated:     0.21 %     |      0.01   /     4.00 GB
2026-07-18 20:24:49,046 kilosort.run_kilosort INFO     Max alloc:    32.60 %     |      1.30   /     4.00 GB
2026-07-18 20:24:49,046 kilosort.run_kilosort INFO     ********************************************************
2026-07-18 20:24:49,196 kilosort.run_kilosort INFO      
2026-07-18 20:24:49,206 kilosort.run_kilosort INFO     Computing drift correction.
2026-07-18 20:24:49,206 kilosort.run_kilosort INFO     ----------------------------------------
2026-07-18 20:24:49,206 kilosort.spikedetect INFO     Re-computing universal templates from data.
2026-07-18 20:24:51,707 kilosort.spikedetect INFO     Number of universal templates: 1532
2026-07-18 20:24:52,485 kilosort.spikedetect INFO     Detecting spikes...
2026-07-18 20:24:52,500 kilosort.spikedetect DEBUG     
2026-07-18 20:24:52,500 kilosort.spikedetect DEBUG    Batch 0 of 109 (0.0%)
2026-07-18 20:24:52,500 kilosort.spikedetect DEBUG    ********************************************************
2026-07-18 20:24:52,500 kilosort.spikedetect DEBUG    CPU usage:    15.00 %
2026-07-18 20:24:52,500 kilosort.spikedetect DEBUG    Mem used:     44.80 %     |       7.02 GB
2026-07-18 20:24:52,508 kilosort.spikedetect DEBUG    Mem avail:     8.63 / 15.65 GB
2026-07-18 20:24:52,508 kilosort.spikedetect DEBUG    ------------------------------------------------------
2026-07-18 20:24:52,508 kilosort.spikedetect DEBUG    GPU usage:    `conda install pynvml` for GPU usage
2026-07-18 20:24:52,508 kilosort.spikedetect DEBUG    GPU memory:   61.28 %     |      2.45   /     4.00 GB
2026-07-18 20:24:52,508 kilosort.spikedetect DEBUG    Allocated:     0.27 %     |      0.01   /     4.00 GB
2026-07-18 20:24:52,508 kilosort.spikedetect DEBUG    Max alloc:    32.60 %     |      1.30   /     4.00 GB
2026-07-18 20:24:52,508 kilosort.spikedetect DEBUG    ********************************************************
2026-07-18 20:50:57,367 kilosort.spikedetect DEBUG     
2026-07-18 20:50:57,367 kilosort.spikedetect DEBUG    Batch 109 of 109 (99.1%)
2026-07-18 20:50:57,367 kilosort.spikedetect DEBUG    ********************************************************
2026-07-18 20:50:57,367 kilosort.spikedetect DEBUG    CPU usage:    17.40 %
2026-07-18 20:50:57,367 kilosort.spikedetect DEBUG    Mem used:     62.30 %     |       9.75 GB
2026-07-18 20:50:57,367 kilosort.spikedetect DEBUG    Mem avail:     5.90 / 15.65 GB
2026-07-18 20:50:57,367 kilosort.spikedetect DEBUG    ------------------------------------------------------
2026-07-18 20:50:57,367 kilosort.spikedetect DEBUG    GPU usage:    `conda install pynvml` for GPU usage
2026-07-18 20:50:57,367 kilosort.spikedetect DEBUG    GPU memory:   28.71 %     |      1.15   /     4.00 GB
2026-07-18 20:50:57,367 kilosort.spikedetect DEBUG    Allocated:     4.62 %     |      0.18   /     4.00 GB
2026-07-18 20:50:57,367 kilosort.spikedetect DEBUG    Max alloc:    97.70 %     |      3.91   /     4.00 GB
2026-07-18 20:50:57,367 kilosort.spikedetect DEBUG    ********************************************************
2026-07-18 20:50:58,921 kilosort.run_kilosort INFO     drift computed in 1569.72s; total 1574.16s
2026-07-18 20:50:58,921 kilosort.run_kilosort DEBUG    st shape: (1620707, 6)
2026-07-18 20:50:58,921 kilosort.run_kilosort DEBUG    yblk shape: (1,)
2026-07-18 20:50:58,921 kilosort.run_kilosort DEBUG    dshift shape: (110, 1)
2026-07-18 20:50:58,921 kilosort.run_kilosort DEBUG    iKxx shape: torch.Size([383, 383])
2026-07-18 20:50:58,921 kilosort.run_kilosort DEBUG    

|===========================================================================|
|                  PyTorch CUDA memory summary, device ID 0                 |
|---------------------------------------------------------------------------|
|            CUDA OOMs: 0            |        cudaMalloc retries: 0         |
|===========================================================================|
|        Metric         | Cur Usage  | Peak Usage | Tot Alloc  | Tot Freed  |
|---------------------------------------------------------------------------|
| Allocated memory      |  11832 KiB |   4001 MiB |  12955 GiB |  12955 GiB |
|---------------------------------------------------------------------------|
| Active memory         |  11832 KiB |   4001 MiB |  12955 GiB |  12955 GiB |
|---------------------------------------------------------------------------|
| Requested memory      |  11829 KiB |   3998 MiB |  12952 GiB |  12952 GiB |
|---------------------------------------------------------------------------|
| GPU reserved memory   | 325632 KiB |   4906 MiB | 492226 MiB | 491908 MiB |
|---------------------------------------------------------------------------|
| Non-releasable memory |  41415 KiB |   1704 MiB |   3078 GiB |   3078 GiB |
|---------------------------------------------------------------------------|
| Allocations           |       9    |      37    |   83615    |   83606    |
|---------------------------------------------------------------------------|
| Active allocs         |       9    |      37    |   83615    |   83606    |
|---------------------------------------------------------------------------|
| GPU reserved segments |       8    |      19    |    1293    |    1285    |
|---------------------------------------------------------------------------|
| Non-releasable allocs |       9    |      24    |   36826    |   36817    |
|---------------------------------------------------------------------------|
| Oversize allocations  |       0    |       0    |       0    |       0    |
|---------------------------------------------------------------------------|
| Oversize GPU segments |       0    |       0    |       0    |       0    |
|===========================================================================|


2026-07-18 20:50:58,921 kilosort.run_kilosort INFO      
2026-07-18 20:50:58,921 kilosort.run_kilosort INFO     Resource usage after drift correction
2026-07-18 20:50:58,921 kilosort.run_kilosort INFO     ********************************************************
2026-07-18 20:50:58,921 kilosort.run_kilosort INFO     CPU usage:    13.30 %
2026-07-18 20:50:58,921 kilosort.run_kilosort INFO     Mem used:     59.40 %     |       9.29 GB
2026-07-18 20:50:58,921 kilosort.run_kilosort INFO     Mem avail:     6.36 / 15.65 GB
2026-07-18 20:50:58,921 kilosort.run_kilosort INFO     ------------------------------------------------------
2026-07-18 20:50:58,921 kilosort.run_kilosort INFO     GPU usage:    `conda install pynvml` for GPU usage
2026-07-18 20:50:58,921 kilosort.run_kilosort INFO     GPU memory:   28.81 %     |      1.15   /     4.00 GB
2026-07-18 20:50:58,921 kilosort.run_kilosort INFO     Allocated:     0.28 %     |      0.01   /     4.00 GB
2026-07-18 20:50:58,921 kilosort.run_kilosort INFO     Max alloc:    97.70 %     |      3.91   /     4.00 GB
2026-07-18 20:50:58,921 kilosort.run_kilosort INFO     ********************************************************
2026-07-18 20:50:58,921 kilosort.run_kilosort DEBUG    
2026-07-18 20:50:58,921 kilosort.run_kilosort DEBUG    --------------------
2026-07-18 20:50:58,921 kilosort.run_kilosort DEBUG    Process thread count: N/A (linux only)
2026-07-18 20:50:58,921 kilosort.run_kilosort DEBUG    num torch threads: 8
2026-07-18 20:50:58,921 kilosort.run_kilosort DEBUG    --------------------

2026-07-18 20:50:58,932 kilosort.run_kilosort INFO     Generating drift plots ...
2026-07-18 20:52:20,900 kilosort.run_kilosort INFO      
2026-07-18 20:52:20,900 kilosort.run_kilosort INFO     Extracting spikes using templates
2026-07-18 20:52:20,900 kilosort.run_kilosort INFO     ----------------------------------------
2026-07-18 20:52:20,900 kilosort.spikedetect INFO     Re-computing universal templates from data.
2026-07-18 20:52:24,144 kilosort.spikedetect INFO     Number of universal templates: 1532
2026-07-18 20:52:24,894 kilosort.spikedetect INFO     Detecting spikes...
2026-07-18 20:52:24,894 kilosort.spikedetect DEBUG     
2026-07-18 20:52:24,894 kilosort.spikedetect DEBUG    Batch 0 of 109 (0.0%)
2026-07-18 20:52:24,894 kilosort.spikedetect DEBUG    ********************************************************
2026-07-18 20:52:24,894 kilosort.spikedetect DEBUG    CPU usage:    14.10 %
2026-07-18 20:52:24,894 kilosort.spikedetect DEBUG    Mem used:     60.50 %     |       9.47 GB
2026-07-18 20:52:24,894 kilosort.spikedetect DEBUG    Mem avail:     6.18 / 15.65 GB
2026-07-18 20:52:24,894 kilosort.spikedetect DEBUG    ------------------------------------------------------
2026-07-18 20:52:24,907 kilosort.spikedetect DEBUG    GPU usage:    `conda install pynvml` for GPU usage
2026-07-18 20:52:24,907 kilosort.spikedetect DEBUG    GPU memory:   65.73 %     |      2.63   /     4.00 GB
2026-07-18 20:52:24,907 kilosort.spikedetect DEBUG    Allocated:     0.34 %     |      0.01   /     4.00 GB
2026-07-18 20:52:24,910 kilosort.spikedetect DEBUG    Max alloc:    32.67 %     |      1.31   /     4.00 GB
2026-07-18 20:52:24,910 kilosort.spikedetect DEBUG    ********************************************************
2026-07-18 21:18:43,725 kilosort.spikedetect DEBUG     
2026-07-18 21:18:43,725 kilosort.spikedetect DEBUG    Batch 109 of 109 (99.1%)
2026-07-18 21:18:43,725 kilosort.spikedetect DEBUG    ********************************************************
2026-07-18 21:18:43,725 kilosort.spikedetect DEBUG    CPU usage:    16.90 %
2026-07-18 21:18:43,725 kilosort.spikedetect DEBUG    Mem used:     66.40 %     |      10.40 GB
2026-07-18 21:18:43,725 kilosort.spikedetect DEBUG    Mem avail:     5.25 / 15.65 GB
2026-07-18 21:18:43,726 kilosort.spikedetect DEBUG    ------------------------------------------------------
2026-07-18 21:18:43,726 kilosort.spikedetect DEBUG    GPU usage:    `conda install pynvml` for GPU usage
2026-07-18 21:18:43,726 kilosort.spikedetect DEBUG    GPU memory:   26.61 %     |      1.06   /     4.00 GB
2026-07-18 21:18:43,726 kilosort.spikedetect DEBUG    Allocated:     4.69 %     |      0.19   /     4.00 GB
2026-07-18 21:18:43,726 kilosort.spikedetect DEBUG    Max alloc:    97.74 %     |      3.91   /     4.00 GB
2026-07-18 21:18:43,726 kilosort.spikedetect DEBUG    ********************************************************
2026-07-18 21:18:43,729 kilosort.run_kilosort INFO     1604426 spikes extracted in 1582.83s; total 3238.97s
2026-07-18 21:18:43,729 kilosort.run_kilosort DEBUG    st0 shape: (1604426, 6)
2026-07-18 21:18:43,729 kilosort.run_kilosort DEBUG    tF shape: torch.Size([1604426, 25, 3])
2026-07-18 21:18:43,731 kilosort.run_kilosort INFO      
2026-07-18 21:18:43,731 kilosort.run_kilosort INFO     Resource usage after spike detect (univ)
2026-07-18 21:18:43,731 kilosort.run_kilosort INFO     ********************************************************
2026-07-18 21:18:43,731 kilosort.run_kilosort INFO     CPU usage:     0.00 %
2026-07-18 21:18:43,732 kilosort.run_kilosort INFO     Mem used:     66.40 %     |      10.39 GB
2026-07-18 21:18:43,732 kilosort.run_kilosort INFO     Mem avail:     5.26 / 15.65 GB
2026-07-18 21:18:43,732 kilosort.run_kilosort INFO     ------------------------------------------------------
2026-07-18 21:18:43,732 kilosort.run_kilosort INFO     GPU usage:    `conda install pynvml` for GPU usage
2026-07-18 21:18:43,732 kilosort.run_kilosort INFO     GPU memory:   26.61 %     |      1.06   /     4.00 GB
2026-07-18 21:18:43,732 kilosort.run_kilosort INFO     Allocated:     0.28 %     |      0.01   /     4.00 GB
2026-07-18 21:18:43,732 kilosort.run_kilosort INFO     Max alloc:    97.74 %     |      3.91   /     4.00 GB
2026-07-18 21:18:43,733 kilosort.run_kilosort INFO     ********************************************************
2026-07-18 21:18:43,733 kilosort.run_kilosort DEBUG    
2026-07-18 21:18:43,733 kilosort.run_kilosort DEBUG    --------------------
2026-07-18 21:18:43,733 kilosort.run_kilosort DEBUG    Process thread count: N/A (linux only)
2026-07-18 21:18:43,733 kilosort.run_kilosort DEBUG    num torch threads: 8
2026-07-18 21:18:43,733 kilosort.run_kilosort DEBUG    --------------------

2026-07-18 21:18:43,733 kilosort.run_kilosort INFO      
2026-07-18 21:18:43,734 kilosort.run_kilosort INFO     First clustering
2026-07-18 21:18:43,734 kilosort.run_kilosort INFO     ----------------------------------------
2026-07-18 21:18:44,139 kilosort.clustering_qr DEBUG    Center 0 | Xd shape: torch.Size([20338, 78]) | ntemp: 16
2026-07-18 21:18:46,707 kilosort.clustering_qr DEBUG    Center 1 | Xd shape: torch.Size([20194, 78]) | ntemp: 16
2026-07-18 21:18:48,378 kilosort.clustering_qr DEBUG    Center 2 | Xd shape: torch.Size([19501, 78]) | ntemp: 16
2026-07-18 21:18:50,001 kilosort.clustering_qr DEBUG    Center 3 | Xd shape: torch.Size([18254, 90]) | ntemp: 16
2026-07-18 21:18:51,680 kilosort.clustering_qr DEBUG    Center 4 | Xd shape: torch.Size([15438, 90]) | ntemp: 16
2026-07-18 21:18:53,260 kilosort.clustering_qr DEBUG    Center 5 | Xd shape: torch.Size([13732, 90]) | ntemp: 16
2026-07-18 21:18:54,843 kilosort.clustering_qr DEBUG    Center 6 | Xd shape: torch.Size([13796, 90]) | ntemp: 16
2026-07-18 21:18:56,381 kilosort.clustering_qr DEBUG    Center 7 | Xd shape: torch.Size([17235, 90]) | ntemp: 16
2026-07-18 21:18:57,923 kilosort.clustering_qr DEBUG    Center 8 | Xd shape: torch.Size([17975, 90]) | ntemp: 16
2026-07-18 21:18:59,421 kilosort.clustering_qr DEBUG     
2026-07-18 21:18:59,422 kilosort.clustering_qr DEBUG    Cluster center: 9 (10/96)
2026-07-18 21:18:59,422 kilosort.clustering_qr DEBUG    ********************************************************
2026-07-18 21:18:59,422 kilosort.clustering_qr DEBUG    CPU usage:    23.40 %
2026-07-18 21:18:59,422 kilosort.clustering_qr DEBUG    Mem used:     65.60 %     |      10.27 GB
2026-07-18 21:18:59,422 kilosort.clustering_qr DEBUG    Mem avail:     5.38 / 15.65 GB
2026-07-18 21:18:59,422 kilosort.clustering_qr DEBUG    ------------------------------------------------------
2026-07-18 21:18:59,422 kilosort.clustering_qr DEBUG    GPU usage:    `conda install pynvml` for GPU usage
2026-07-18 21:18:59,422 kilosort.clustering_qr DEBUG    GPU memory:   22.31 %     |      0.89   /     4.00 GB
2026-07-18 21:18:59,423 kilosort.clustering_qr DEBUG    Allocated:     0.28 %     |      0.01   /     4.00 GB
2026-07-18 21:18:59,423 kilosort.clustering_qr DEBUG    Max alloc:     1.68 %     |      0.07   /     4.00 GB
2026-07-18 21:18:59,423 kilosort.clustering_qr DEBUG    ********************************************************
2026-07-18 21:18:59,461 kilosort.clustering_qr DEBUG    Center 9 | Xd shape: torch.Size([20038, 90]) | ntemp: 16
2026-07-18 21:19:01,494 kilosort.clustering_qr DEBUG    Center 10 | Xd shape: torch.Size([17096, 90]) | ntemp: 16
2026-07-18 21:19:03,076 kilosort.clustering_qr DEBUG    Center 11 | Xd shape: torch.Size([13473, 90]) | ntemp: 16
2026-07-18 21:19:04,593 kilosort.clustering_qr DEBUG    Center 12 | Xd shape: torch.Size([14483, 90]) | ntemp: 16
2026-07-18 21:19:06,270 kilosort.clustering_qr DEBUG    Center 13 | Xd shape: torch.Size([17135, 90]) | ntemp: 16
2026-07-18 21:19:07,839 kilosort.clustering_qr DEBUG    Center 14 | Xd shape: torch.Size([16371, 90]) | ntemp: 16
2026-07-18 21:19:09,389 kilosort.clustering_qr DEBUG    Center 15 | Xd shape: torch.Size([13271, 90]) | ntemp: 16
2026-07-18 21:19:10,987 kilosort.clustering_qr DEBUG    Center 16 | Xd shape: torch.Size([15693, 90]) | ntemp: 16
2026-07-18 21:19:12,610 kilosort.clustering_qr DEBUG    Center 17 | Xd shape: torch.Size([16326, 90]) | ntemp: 16
2026-07-18 21:19:14,299 kilosort.clustering_qr DEBUG    Center 18 | Xd shape: torch.Size([14806, 90]) | ntemp: 16
2026-07-18 21:19:15,784 kilosort.clustering_qr DEBUG     
2026-07-18 21:19:15,784 kilosort.clustering_qr DEBUG    Cluster center: 19 (20/96)
2026-07-18 21:19:15,784 kilosort.clustering_qr DEBUG    ********************************************************
2026-07-18 21:19:15,784 kilosort.clustering_qr DEBUG    CPU usage:    20.90 %
2026-07-18 21:19:15,784 kilosort.clustering_qr DEBUG    Mem used:     65.50 %     |      10.25 GB
2026-07-18 21:19:15,784 kilosort.clustering_qr DEBUG    Mem avail:     5.40 / 15.65 GB
2026-07-18 21:19:15,784 kilosort.clustering_qr DEBUG    ------------------------------------------------------
2026-07-18 21:19:15,784 kilosort.clustering_qr DEBUG    GPU usage:    `conda install pynvml` for GPU usage
2026-07-18 21:19:15,784 kilosort.clustering_qr DEBUG    GPU memory:   22.31 %     |      0.89   /     4.00 GB
2026-07-18 21:19:15,784 kilosort.clustering_qr DEBUG    Allocated:     0.28 %     |      0.01   /     4.00 GB
2026-07-18 21:19:15,784 kilosort.clustering_qr DEBUG    Max alloc:     1.69 %     |      0.07   /     4.00 GB
2026-07-18 21:19:15,784 kilosort.clustering_qr DEBUG    ********************************************************
2026-07-18 21:19:15,841 kilosort.clustering_qr DEBUG    Center 19 | Xd shape: torch.Size([13956, 90]) | ntemp: 16
2026-07-18 21:19:17,355 kilosort.clustering_qr DEBUG    Center 20 | Xd shape: torch.Size([17127, 90]) | ntemp: 16
2026-07-18 21:19:18,914 kilosort.clustering_qr DEBUG    Center 21 | Xd shape: torch.Size([14049, 90]) | ntemp: 16
2026-07-18 21:19:20,655 kilosort.clustering_qr DEBUG    Center 22 | Xd shape: torch.Size([16177, 90]) | ntemp: 16
2026-07-18 21:19:22,403 kilosort.clustering_qr DEBUG    Center 23 | Xd shape: torch.Size([18761, 90]) | ntemp: 16
2026-07-18 21:19:24,041 kilosort.clustering_qr DEBUG    Center 24 | Xd shape: torch.Size([17127, 90]) | ntemp: 16
2026-07-18 21:19:25,614 kilosort.clustering_qr DEBUG    Center 25 | Xd shape: torch.Size([14601, 90]) | ntemp: 16
2026-07-18 21:19:27,006 kilosort.clustering_qr DEBUG    Center 26 | Xd shape: torch.Size([14584, 90]) | ntemp: 16
2026-07-18 21:19:28,529 kilosort.clustering_qr DEBUG    Center 27 | Xd shape: torch.Size([17305, 90]) | ntemp: 16
2026-07-18 21:19:30,207 kilosort.clustering_qr DEBUG    Center 28 | Xd shape: torch.Size([17560, 90]) | ntemp: 16
2026-07-18 21:19:31,633 kilosort.clustering_qr DEBUG     
2026-07-18 21:19:31,633 kilosort.clustering_qr DEBUG    Cluster center: 29 (30/96)
2026-07-18 21:19:31,633 kilosort.clustering_qr DEBUG    ********************************************************
2026-07-18 21:19:31,633 kilosort.clustering_qr DEBUG    CPU usage:    21.10 %
2026-07-18 21:19:31,633 kilosort.clustering_qr DEBUG    Mem used:     65.40 %     |      10.23 GB
2026-07-18 21:19:31,633 kilosort.clustering_qr DEBUG    Mem avail:     5.42 / 15.65 GB
2026-07-18 21:19:31,633 kilosort.clustering_qr DEBUG    ------------------------------------------------------
2026-07-18 21:19:31,633 kilosort.clustering_qr DEBUG    GPU usage:    `conda install pynvml` for GPU usage
2026-07-18 21:19:31,633 kilosort.clustering_qr DEBUG    GPU memory:   22.31 %     |      0.89   /     4.00 GB
2026-07-18 21:19:31,633 kilosort.clustering_qr DEBUG    Allocated:     0.28 %     |      0.01   /     4.00 GB
2026-07-18 21:19:31,633 kilosort.clustering_qr DEBUG    Max alloc:     1.69 %     |      0.07   /     4.00 GB
2026-07-18 21:19:31,633 kilosort.clustering_qr DEBUG    ********************************************************
2026-07-18 21:19:31,695 kilosort.clustering_qr DEBUG    Center 29 | Xd shape: torch.Size([18314, 90]) | ntemp: 16
2026-07-18 21:19:33,329 kilosort.clustering_qr DEBUG    Center 30 | Xd shape: torch.Size([12582, 90]) | ntemp: 16
2026-07-18 21:19:34,902 kilosort.clustering_qr DEBUG    Center 31 | Xd shape: torch.Size([16294, 90]) | ntemp: 16
2026-07-18 21:19:36,586 kilosort.clustering_qr DEBUG    Center 32 | Xd shape: torch.Size([15988, 90]) | ntemp: 16
2026-07-18 21:19:38,155 kilosort.clustering_qr DEBUG    Center 33 | Xd shape: torch.Size([18624, 90]) | ntemp: 16
2026-07-18 21:19:39,761 kilosort.clustering_qr DEBUG    Center 34 | Xd shape: torch.Size([16168, 90]) | ntemp: 16
2026-07-18 21:19:41,267 kilosort.clustering_qr DEBUG    Center 35 | Xd shape: torch.Size([16004, 90]) | ntemp: 16
2026-07-18 21:19:42,798 kilosort.clustering_qr DEBUG    Center 36 | Xd shape: torch.Size([16309, 90]) | ntemp: 16
2026-07-18 21:19:44,318 kilosort.clustering_qr DEBUG    Center 37 | Xd shape: torch.Size([15139, 90]) | ntemp: 16
2026-07-18 21:19:45,855 kilosort.clustering_qr DEBUG    Center 38 | Xd shape: torch.Size([16436, 90]) | ntemp: 16
2026-07-18 21:19:47,643 kilosort.clustering_qr DEBUG     
2026-07-18 21:19:47,644 kilosort.clustering_qr DEBUG    Cluster center: 39 (40/96)
2026-07-18 21:19:47,644 kilosort.clustering_qr DEBUG    ********************************************************
2026-07-18 21:19:47,644 kilosort.clustering_qr DEBUG    CPU usage:    19.90 %
2026-07-18 21:19:47,644 kilosort.clustering_qr DEBUG    Mem used:     65.30 %     |      10.22 GB
2026-07-18 21:19:47,644 kilosort.clustering_qr DEBUG    Mem avail:     5.42 / 15.65 GB
2026-07-18 21:19:47,644 kilosort.clustering_qr DEBUG    ------------------------------------------------------
2026-07-18 21:19:47,644 kilosort.clustering_qr DEBUG    GPU usage:    `conda install pynvml` for GPU usage
2026-07-18 21:19:47,644 kilosort.clustering_qr DEBUG    GPU memory:   22.31 %     |      0.89   /     4.00 GB
2026-07-18 21:19:47,644 kilosort.clustering_qr DEBUG    Allocated:     0.28 %     |      0.01   /     4.00 GB
2026-07-18 21:19:47,644 kilosort.clustering_qr DEBUG    Max alloc:     1.69 %     |      0.07   /     4.00 GB
2026-07-18 21:19:47,644 kilosort.clustering_qr DEBUG    ********************************************************
2026-07-18 21:19:47,687 kilosort.clustering_qr DEBUG    Center 39 | Xd shape: torch.Size([14715, 90]) | ntemp: 16
2026-07-18 21:19:49,196 kilosort.clustering_qr DEBUG    Center 40 | Xd shape: torch.Size([15753, 90]) | ntemp: 16
2026-07-18 21:19:50,724 kilosort.clustering_qr DEBUG    Center 41 | Xd shape: torch.Size([13456, 90]) | ntemp: 16
2026-07-18 21:19:52,159 kilosort.clustering_qr DEBUG    Center 42 | Xd shape: torch.Size([14322, 90]) | ntemp: 16
2026-07-18 21:19:53,751 kilosort.clustering_qr DEBUG    Center 43 | Xd shape: torch.Size([16547, 90]) | ntemp: 16
2026-07-18 21:19:55,296 kilosort.clustering_qr DEBUG    Center 44 | Xd shape: torch.Size([13545, 87]) | ntemp: 16
2026-07-18 21:19:56,821 kilosort.clustering_qr DEBUG    Center 45 | Xd shape: torch.Size([15304, 87]) | ntemp: 16
2026-07-18 21:19:58,395 kilosort.clustering_qr DEBUG    Center 46 | Xd shape: torch.Size([15201, 87]) | ntemp: 16
2026-07-18 21:20:00,005 kilosort.clustering_qr DEBUG    Center 47 | Xd shape: torch.Size([13909, 87]) | ntemp: 16
2026-07-18 21:20:01,490 kilosort.clustering_qr DEBUG    Center 48 | Xd shape: torch.Size([14144, 87]) | ntemp: 16
2026-07-18 21:20:03,012 kilosort.clustering_qr DEBUG     
2026-07-18 21:20:03,012 kilosort.clustering_qr DEBUG    Cluster center: 49 (50/96)
2026-07-18 21:20:03,012 kilosort.clustering_qr DEBUG    ********************************************************
2026-07-18 21:20:03,012 kilosort.clustering_qr DEBUG    CPU usage:    19.20 %
2026-07-18 21:20:03,012 kilosort.clustering_qr DEBUG    Mem used:     65.40 %     |      10.23 GB
2026-07-18 21:20:03,012 kilosort.clustering_qr DEBUG    Mem avail:     5.41 / 15.65 GB
2026-07-18 21:20:03,012 kilosort.clustering_qr DEBUG    ------------------------------------------------------
2026-07-18 21:20:03,012 kilosort.clustering_qr DEBUG    GPU usage:    `conda install pynvml` for GPU usage
2026-07-18 21:20:03,012 kilosort.clustering_qr DEBUG    GPU memory:   22.31 %     |      0.89   /     4.00 GB
2026-07-18 21:20:03,012 kilosort.clustering_qr DEBUG    Allocated:     0.28 %     |      0.01   /     4.00 GB
2026-07-18 21:20:03,012 kilosort.clustering_qr DEBUG    Max alloc:     1.69 %     |      0.07   /     4.00 GB
2026-07-18 21:20:03,012 kilosort.clustering_qr DEBUG    ********************************************************
2026-07-18 21:20:03,054 kilosort.clustering_qr DEBUG    Center 49 | Xd shape: torch.Size([15684, 87]) | ntemp: 16
2026-07-18 21:20:04,556 kilosort.clustering_qr DEBUG    Center 50 | Xd shape: torch.Size([14886, 87]) | ntemp: 16
2026-07-18 21:20:06,082 kilosort.clustering_qr DEBUG    Center 51 | Xd shape: torch.Size([14503, 90]) | ntemp: 16
2026-07-18 21:20:07,573 kilosort.clustering_qr DEBUG    Center 52 | Xd shape: torch.Size([16193, 90]) | ntemp: 16
2026-07-18 21:20:09,200 kilosort.clustering_qr DEBUG    Center 53 | Xd shape: torch.Size([17173, 90]) | ntemp: 16
2026-07-18 21:20:10,754 kilosort.clustering_qr DEBUG    Center 54 | Xd shape: torch.Size([17456, 90]) | ntemp: 16
2026-07-18 21:20:12,305 kilosort.clustering_qr DEBUG    Center 55 | Xd shape: torch.Size([17021, 90]) | ntemp: 16
2026-07-18 21:20:13,854 kilosort.clustering_qr DEBUG    Center 56 | Xd shape: torch.Size([16417, 90]) | ntemp: 16
2026-07-18 21:20:15,356 kilosort.clustering_qr DEBUG    Center 57 | Xd shape: torch.Size([16657, 90]) | ntemp: 16
2026-07-18 21:20:16,941 kilosort.clustering_qr DEBUG    Center 58 | Xd shape: torch.Size([17914, 90]) | ntemp: 16
2026-07-18 21:20:18,421 kilosort.clustering_qr DEBUG     
2026-07-18 21:20:18,421 kilosort.clustering_qr DEBUG    Cluster center: 59 (60/96)
2026-07-18 21:20:18,422 kilosort.clustering_qr DEBUG    ********************************************************
2026-07-18 21:20:18,422 kilosort.clustering_qr DEBUG    CPU usage:    19.90 %
2026-07-18 21:20:18,422 kilosort.clustering_qr DEBUG    Mem used:     65.30 %     |      10.22 GB
2026-07-18 21:20:18,423 kilosort.clustering_qr DEBUG    Mem avail:     5.42 / 15.65 GB
2026-07-18 21:20:18,423 kilosort.clustering_qr DEBUG    ------------------------------------------------------
2026-07-18 21:20:18,423 kilosort.clustering_qr DEBUG    GPU usage:    `conda install pynvml` for GPU usage
2026-07-18 21:20:18,423 kilosort.clustering_qr DEBUG    GPU memory:   22.31 %     |      0.89   /     4.00 GB
2026-07-18 21:20:18,424 kilosort.clustering_qr DEBUG    Allocated:     0.28 %     |      0.01   /     4.00 GB
2026-07-18 21:20:18,424 kilosort.clustering_qr DEBUG    Max alloc:     1.69 %     |      0.07   /     4.00 GB
2026-07-18 21:20:18,424 kilosort.clustering_qr DEBUG    ********************************************************
2026-07-18 21:20:18,483 kilosort.clustering_qr DEBUG    Center 59 | Xd shape: torch.Size([17075, 90]) | ntemp: 16
2026-07-18 21:20:20,060 kilosort.clustering_qr DEBUG    Center 60 | Xd shape: torch.Size([17670, 90]) | ntemp: 16
2026-07-18 21:20:21,669 kilosort.clustering_qr DEBUG    Center 61 | Xd shape: torch.Size([15519, 90]) | ntemp: 16
2026-07-18 21:20:23,030 kilosort.clustering_qr DEBUG    Center 62 | Xd shape: torch.Size([18080, 90]) | ntemp: 16
2026-07-18 21:20:24,699 kilosort.clustering_qr DEBUG    Center 63 | Xd shape: torch.Size([18409, 90]) | ntemp: 16
2026-07-18 21:20:26,253 kilosort.clustering_qr DEBUG    Center 64 | Xd shape: torch.Size([16811, 90]) | ntemp: 16
2026-07-18 21:20:27,801 kilosort.clustering_qr DEBUG    Center 65 | Xd shape: torch.Size([16490, 90]) | ntemp: 16
2026-07-18 21:20:29,378 kilosort.clustering_qr DEBUG    Center 66 | Xd shape: torch.Size([17822, 90]) | ntemp: 16
2026-07-18 21:20:30,897 kilosort.clustering_qr DEBUG    Center 67 | Xd shape: torch.Size([18165, 90]) | ntemp: 16
2026-07-18 21:20:32,472 kilosort.clustering_qr DEBUG    Center 68 | Xd shape: torch.Size([17935, 90]) | ntemp: 16
2026-07-18 21:20:33,971 kilosort.clustering_qr DEBUG     
2026-07-18 21:20:33,971 kilosort.clustering_qr DEBUG    Cluster center: 69 (70/96)
2026-07-18 21:20:33,971 kilosort.clustering_qr DEBUG    ********************************************************
2026-07-18 21:20:33,971 kilosort.clustering_qr DEBUG    CPU usage:    19.90 %
2026-07-18 21:20:33,971 kilosort.clustering_qr DEBUG    Mem used:     65.40 %     |      10.24 GB
2026-07-18 21:20:33,971 kilosort.clustering_qr DEBUG    Mem avail:     5.41 / 15.65 GB
2026-07-18 21:20:33,971 kilosort.clustering_qr DEBUG    ------------------------------------------------------
2026-07-18 21:20:33,971 kilosort.clustering_qr DEBUG    GPU usage:    `conda install pynvml` for GPU usage
2026-07-18 21:20:33,971 kilosort.clustering_qr DEBUG    GPU memory:   22.31 %     |      0.89   /     4.00 GB
2026-07-18 21:20:33,971 kilosort.clustering_qr DEBUG    Allocated:     0.28 %     |      0.01   /     4.00 GB
2026-07-18 21:20:33,971 kilosort.clustering_qr DEBUG    Max alloc:     1.69 %     |      0.07   /     4.00 GB
2026-07-18 21:20:33,971 kilosort.clustering_qr DEBUG    ********************************************************
2026-07-18 21:20:34,043 kilosort.clustering_qr DEBUG    Center 69 | Xd shape: torch.Size([17695, 90]) | ntemp: 16
2026-07-18 21:20:35,602 kilosort.clustering_qr DEBUG    Center 70 | Xd shape: torch.Size([17715, 90]) | ntemp: 16
2026-07-18 21:20:37,237 kilosort.clustering_qr DEBUG    Center 71 | Xd shape: torch.Size([18431, 90]) | ntemp: 16
2026-07-18 21:20:38,867 kilosort.clustering_qr DEBUG    Center 72 | Xd shape: torch.Size([17530, 90]) | ntemp: 16
2026-07-18 21:20:40,435 kilosort.clustering_qr DEBUG    Center 73 | Xd shape: torch.Size([17575, 90]) | ntemp: 16
2026-07-18 21:20:42,024 kilosort.clustering_qr DEBUG    Center 74 | Xd shape: torch.Size([18061, 90]) | ntemp: 16
2026-07-18 21:20:43,686 kilosort.clustering_qr DEBUG    Center 75 | Xd shape: torch.Size([18446, 90]) | ntemp: 16
2026-07-18 21:20:45,372 kilosort.clustering_qr DEBUG    Center 76 | Xd shape: torch.Size([18256, 90]) | ntemp: 16
2026-07-18 21:20:47,012 kilosort.clustering_qr DEBUG    Center 77 | Xd shape: torch.Size([18066, 90]) | ntemp: 16
2026-07-18 21:20:48,624 kilosort.clustering_qr DEBUG    Center 78 | Xd shape: torch.Size([17758, 90]) | ntemp: 16
2026-07-18 21:20:50,184 kilosort.clustering_qr DEBUG     
2026-07-18 21:20:50,184 kilosort.clustering_qr DEBUG    Cluster center: 79 (80/96)
2026-07-18 21:20:50,184 kilosort.clustering_qr DEBUG    ********************************************************
2026-07-18 21:20:50,184 kilosort.clustering_qr DEBUG    CPU usage:    21.90 %
2026-07-18 21:20:50,184 kilosort.clustering_qr DEBUG    Mem used:     64.00 %     |      10.02 GB
2026-07-18 21:20:50,184 kilosort.clustering_qr DEBUG    Mem avail:     5.63 / 15.65 GB
2026-07-18 21:20:50,184 kilosort.clustering_qr DEBUG    ------------------------------------------------------
2026-07-18 21:20:50,184 kilosort.clustering_qr DEBUG    GPU usage:    `conda install pynvml` for GPU usage
2026-07-18 21:20:50,184 kilosort.clustering_qr DEBUG    GPU memory:   22.31 %     |      0.89   /     4.00 GB
2026-07-18 21:20:50,184 kilosort.clustering_qr DEBUG    Allocated:     0.28 %     |      0.01   /     4.00 GB
2026-07-18 21:20:50,184 kilosort.clustering_qr DEBUG    Max alloc:     1.69 %     |      0.07   /     4.00 GB
2026-07-18 21:20:50,184 kilosort.clustering_qr DEBUG    ********************************************************
2026-07-18 21:20:50,245 kilosort.clustering_qr DEBUG    Center 79 | Xd shape: torch.Size([17642, 90]) | ntemp: 16
2026-07-18 21:20:51,883 kilosort.clustering_qr DEBUG    Center 80 | Xd shape: torch.Size([17138, 90]) | ntemp: 16
2026-07-18 21:20:53,484 kilosort.clustering_qr DEBUG    Center 81 | Xd shape: torch.Size([17992, 90]) | ntemp: 16
2026-07-18 21:20:55,038 kilosort.clustering_qr DEBUG    Center 82 | Xd shape: torch.Size([18158, 90]) | ntemp: 16
2026-07-18 21:20:56,685 kilosort.clustering_qr DEBUG    Center 83 | Xd shape: torch.Size([18301, 90]) | ntemp: 16
2026-07-18 21:20:58,301 kilosort.clustering_qr DEBUG    Center 84 | Xd shape: torch.Size([18213, 90]) | ntemp: 16
2026-07-18 21:20:59,940 kilosort.clustering_qr DEBUG    Center 85 | Xd shape: torch.Size([17394, 90]) | ntemp: 16
2026-07-18 21:21:01,598 kilosort.clustering_qr DEBUG    Center 86 | Xd shape: torch.Size([18396, 90]) | ntemp: 16
2026-07-18 21:21:03,169 kilosort.clustering_qr DEBUG    Center 87 | Xd shape: torch.Size([17948, 90]) | ntemp: 16
2026-07-18 21:21:04,791 kilosort.clustering_qr DEBUG    Center 88 | Xd shape: torch.Size([18023, 90]) | ntemp: 16
2026-07-18 21:21:06,357 kilosort.clustering_qr DEBUG     
2026-07-18 21:21:06,357 kilosort.clustering_qr DEBUG    Cluster center: 89 (90/96)
2026-07-18 21:21:06,357 kilosort.clustering_qr DEBUG    ********************************************************
2026-07-18 21:21:06,357 kilosort.clustering_qr DEBUG    CPU usage:    21.70 %
2026-07-18 21:21:06,357 kilosort.clustering_qr DEBUG    Mem used:     64.10 %     |      10.03 GB
2026-07-18 21:21:06,357 kilosort.clustering_qr DEBUG    Mem avail:     5.62 / 15.65 GB
2026-07-18 21:21:06,357 kilosort.clustering_qr DEBUG    ------------------------------------------------------
2026-07-18 21:21:06,357 kilosort.clustering_qr DEBUG    GPU usage:    `conda install pynvml` for GPU usage
2026-07-18 21:21:06,357 kilosort.clustering_qr DEBUG    GPU memory:   22.31 %     |      0.89   /     4.00 GB
2026-07-18 21:21:06,357 kilosort.clustering_qr DEBUG    Allocated:     0.28 %     |      0.01   /     4.00 GB
2026-07-18 21:21:06,357 kilosort.clustering_qr DEBUG    Max alloc:     1.69 %     |      0.07   /     4.00 GB
2026-07-18 21:21:06,357 kilosort.clustering_qr DEBUG    ********************************************************
2026-07-18 21:21:06,398 kilosort.clustering_qr DEBUG    Center 89 | Xd shape: torch.Size([18631, 90]) | ntemp: 16
2026-07-18 21:21:08,010 kilosort.clustering_qr DEBUG    Center 90 | Xd shape: torch.Size([17958, 90]) | ntemp: 16
2026-07-18 21:21:09,571 kilosort.clustering_qr DEBUG    Center 91 | Xd shape: torch.Size([17456, 90]) | ntemp: 16
2026-07-18 21:21:11,171 kilosort.clustering_qr DEBUG    Center 92 | Xd shape: torch.Size([18462, 84]) | ntemp: 16
2026-07-18 21:21:12,767 kilosort.clustering_qr DEBUG    Center 93 | Xd shape: torch.Size([18139, 78]) | ntemp: 16
2026-07-18 21:21:14,246 kilosort.clustering_qr DEBUG    Center 94 | Xd shape: torch.Size([17503, 78]) | ntemp: 16
2026-07-18 21:21:15,821 kilosort.clustering_qr DEBUG    Center 95 | Xd shape: torch.Size([14503, 78]) | ntemp: 12
2026-07-18 21:21:18,364 kilosort.run_kilosort INFO     137 clusters found, in 154.62s; total 3393.60s
2026-07-18 21:21:18,364 kilosort.run_kilosort DEBUG    clu shape: (1604426,)
2026-07-18 21:21:18,364 kilosort.run_kilosort DEBUG    Wall shape: torch.Size([137, 383, 3])
2026-07-18 21:21:18,364 kilosort.run_kilosort INFO      
2026-07-18 21:21:18,364 kilosort.run_kilosort INFO     Resource usage after first clustering
2026-07-18 21:21:18,364 kilosort.run_kilosort INFO     ********************************************************
2026-07-18 21:21:18,364 kilosort.run_kilosort INFO     CPU usage:     0.00 %
2026-07-18 21:21:18,364 kilosort.run_kilosort INFO     Mem used:     64.10 %     |      10.03 GB
2026-07-18 21:21:18,364 kilosort.run_kilosort INFO     Mem avail:     5.62 / 15.65 GB
2026-07-18 21:21:18,364 kilosort.run_kilosort INFO     ------------------------------------------------------
2026-07-18 21:21:18,364 kilosort.run_kilosort INFO     GPU usage:    `conda install pynvml` for GPU usage
2026-07-18 21:21:18,364 kilosort.run_kilosort INFO     GPU memory:   26.37 %     |      1.05   /     4.00 GB
2026-07-18 21:21:18,364 kilosort.run_kilosort INFO     Allocated:     0.30 %     |      0.01   /     4.00 GB
2026-07-18 21:21:18,364 kilosort.run_kilosort INFO     Max alloc:     4.21 %     |      0.17   /     4.00 GB
2026-07-18 21:21:18,364 kilosort.run_kilosort INFO     ********************************************************
2026-07-18 21:21:18,364 kilosort.run_kilosort DEBUG    
2026-07-18 21:21:18,364 kilosort.run_kilosort DEBUG    --------------------
2026-07-18 21:21:18,364 kilosort.run_kilosort DEBUG    Process thread count: N/A (linux only)
2026-07-18 21:21:18,364 kilosort.run_kilosort DEBUG    num torch threads: 8
2026-07-18 21:21:18,364 kilosort.run_kilosort DEBUG    --------------------

2026-07-18 21:21:18,364 kilosort.run_kilosort INFO      
2026-07-18 21:21:18,364 kilosort.run_kilosort INFO     Extracting spikes using cluster waveforms
2026-07-18 21:21:18,364 kilosort.run_kilosort INFO     ----------------------------------------
2026-07-18 21:21:18,429 kilosort.template_matching DEBUG     
2026-07-18 21:21:18,429 kilosort.template_matching DEBUG    Batch 0
2026-07-18 21:21:18,429 kilosort.template_matching DEBUG    ********************************************************
2026-07-18 21:21:18,429 kilosort.template_matching DEBUG    CPU usage:    34.10 %
2026-07-18 21:21:18,429 kilosort.template_matching DEBUG    Mem used:     65.80 %     |      10.30 GB
2026-07-18 21:21:18,429 kilosort.template_matching DEBUG    Mem avail:     5.35 / 15.65 GB
2026-07-18 21:21:18,429 kilosort.template_matching DEBUG    ------------------------------------------------------
2026-07-18 21:21:18,429 kilosort.template_matching DEBUG    GPU usage:    `conda install pynvml` for GPU usage
2026-07-18 21:21:18,429 kilosort.template_matching DEBUG    GPU memory:   26.37 %     |      1.05   /     4.00 GB
2026-07-18 21:21:18,429 kilosort.template_matching DEBUG    Allocated:     0.51 %     |      0.02   /     4.00 GB
2026-07-18 21:21:18,429 kilosort.template_matching DEBUG    Max alloc:     0.54 %     |      0.02   /     4.00 GB
2026-07-18 21:21:18,429 kilosort.template_matching DEBUG    ********************************************************
2026-07-18 21:23:35,753 kilosort.template_matching DEBUG     
2026-07-18 21:23:35,753 kilosort.template_matching DEBUG    Batch 100
2026-07-18 21:23:35,753 kilosort.template_matching DEBUG    ********************************************************
2026-07-18 21:23:35,753 kilosort.template_matching DEBUG    CPU usage:    14.70 %
2026-07-18 21:23:35,753 kilosort.template_matching DEBUG    Mem used:     68.10 %     |      10.66 GB
2026-07-18 21:23:35,753 kilosort.template_matching DEBUG    Mem avail:     4.99 / 15.65 GB
2026-07-18 21:23:35,753 kilosort.template_matching DEBUG    ------------------------------------------------------
2026-07-18 21:23:35,753 kilosort.template_matching DEBUG    GPU usage:    `conda install pynvml` for GPU usage
2026-07-18 21:23:35,753 kilosort.template_matching DEBUG    GPU memory:   82.92 %     |      3.32   /     4.00 GB
2026-07-18 21:23:35,753 kilosort.template_matching DEBUG    Allocated:     4.90 %     |      0.20   /     4.00 GB
2026-07-18 21:23:35,753 kilosort.template_matching DEBUG    Max alloc:    35.23 %     |      1.41   /     4.00 GB
2026-07-18 21:23:35,753 kilosort.template_matching DEBUG    ********************************************************
2026-07-18 21:23:45,206 kilosort.template_matching DEBUG     
2026-07-18 21:23:45,206 kilosort.template_matching DEBUG    Batch 109
2026-07-18 21:23:45,206 kilosort.template_matching DEBUG    ********************************************************
2026-07-18 21:23:45,217 kilosort.template_matching DEBUG    CPU usage:    14.40 %
2026-07-18 21:23:45,217 kilosort.template_matching DEBUG    Mem used:     67.90 %     |      10.63 GB
2026-07-18 21:23:45,217 kilosort.template_matching DEBUG    Mem avail:     5.02 / 15.65 GB
2026-07-18 21:23:45,217 kilosort.template_matching DEBUG    ------------------------------------------------------
2026-07-18 21:23:45,217 kilosort.template_matching DEBUG    GPU usage:    `conda install pynvml` for GPU usage
2026-07-18 21:23:45,217 kilosort.template_matching DEBUG    GPU memory:   82.92 %     |      3.32   /     4.00 GB
2026-07-18 21:23:45,217 kilosort.template_matching DEBUG    Allocated:     4.96 %     |      0.20   /     4.00 GB
2026-07-18 21:23:45,217 kilosort.template_matching DEBUG    Max alloc:    35.23 %     |      1.41   /     4.00 GB
2026-07-18 21:23:45,217 kilosort.template_matching DEBUG    ********************************************************
2026-07-18 21:23:45,772 kilosort.run_kilosort DEBUG    
2026-07-18 21:23:45,772 kilosort.run_kilosort DEBUG    --------------------
2026-07-18 21:23:45,772 kilosort.run_kilosort DEBUG    Process thread count: N/A (linux only)
2026-07-18 21:23:45,772 kilosort.run_kilosort DEBUG    num torch threads: 8
2026-07-18 21:23:45,772 kilosort.run_kilosort DEBUG    --------------------

2026-07-18 21:23:45,783 kilosort.run_kilosort INFO     1494529 spikes extracted in 147.41s; total 3541.02s
2026-07-18 21:23:45,784 kilosort.run_kilosort DEBUG    st shape: (1494529, 3)
2026-07-18 21:23:45,784 kilosort.run_kilosort DEBUG    tF shape: torch.Size([1494529, 25, 3])
2026-07-18 21:23:45,784 kilosort.run_kilosort DEBUG    iCC shape: torch.Size([25, 383])
2026-07-18 21:23:45,784 kilosort.run_kilosort DEBUG    iU shape: torch.Size([135])
2026-07-18 21:23:45,785 kilosort.run_kilosort DEBUG    

|===========================================================================|
|                  PyTorch CUDA memory summary, device ID 0                 |
|---------------------------------------------------------------------------|
|            CUDA OOMs: 0            |        cudaMalloc retries: 0         |
|===========================================================================|
|        Metric         | Cur Usage  | Peak Usage | Tot Alloc  | Tot Freed  |
|---------------------------------------------------------------------------|
| Allocated memory      |  12524 KiB |   1442 MiB |  29695 GiB |  29695 GiB |
|---------------------------------------------------------------------------|
| Active memory         |  12524 KiB |   1442 MiB |  29695 GiB |  29695 GiB |
|---------------------------------------------------------------------------|
| Requested memory      |  12521 KiB |   1442 MiB |  29667 GiB |  29667 GiB |
|---------------------------------------------------------------------------|
| GPU reserved memory   |   2532 MiB |   2532 MiB |    965 GiB |    963 GiB |
|---------------------------------------------------------------------------|
| Non-releasable memory |  40723 KiB |   1149 MiB |  10070 GiB |  10070 GiB |
|---------------------------------------------------------------------------|
| Allocations           |      13    |      45    |    1783 K  |    1783 K  |
|---------------------------------------------------------------------------|
| Active allocs         |      13    |      45    |    1783 K  |    1783 K  |
|---------------------------------------------------------------------------|
| GPU reserved segments |      17    |      17    |    2892    |    2875    |
|---------------------------------------------------------------------------|
| Non-releasable allocs |      12    |      24    |     801 K  |     801 K  |
|---------------------------------------------------------------------------|
| Oversize allocations  |       0    |       0    |       0    |       0    |
|---------------------------------------------------------------------------|
| Oversize GPU segments |       0    |       0    |       0    |       0    |
|===========================================================================|


2026-07-18 21:23:45,785 kilosort.run_kilosort INFO      
2026-07-18 21:23:45,785 kilosort.run_kilosort INFO     Resource usage after spike detect (learned)
2026-07-18 21:23:45,785 kilosort.run_kilosort INFO     ********************************************************
2026-07-18 21:23:45,785 kilosort.run_kilosort INFO     CPU usage:     0.00 %
2026-07-18 21:23:45,785 kilosort.run_kilosort INFO     Mem used:     67.70 %     |      10.60 GB
2026-07-18 21:23:45,785 kilosort.run_kilosort INFO     Mem avail:     5.05 / 15.65 GB
2026-07-18 21:23:45,785 kilosort.run_kilosort INFO     ------------------------------------------------------
2026-07-18 21:23:45,785 kilosort.run_kilosort INFO     GPU usage:    `conda install pynvml` for GPU usage
2026-07-18 21:23:45,785 kilosort.run_kilosort INFO     GPU memory:   82.92 %     |      3.32   /     4.00 GB
2026-07-18 21:23:45,785 kilosort.run_kilosort INFO     Allocated:     0.30 %     |      0.01   /     4.00 GB
2026-07-18 21:23:45,785 kilosort.run_kilosort INFO     Max alloc:    35.23 %     |      1.41   /     4.00 GB
2026-07-18 21:23:45,785 kilosort.run_kilosort INFO     ********************************************************
2026-07-18 21:23:45,797 kilosort.run_kilosort DEBUG    
2026-07-18 21:23:45,797 kilosort.run_kilosort DEBUG    --------------------
2026-07-18 21:23:45,797 kilosort.run_kilosort DEBUG    Process thread count: N/A (linux only)
2026-07-18 21:23:45,797 kilosort.run_kilosort DEBUG    num torch threads: 8
2026-07-18 21:23:45,797 kilosort.run_kilosort DEBUG    --------------------

2026-07-18 21:23:45,797 kilosort.run_kilosort INFO     Generating diagnostic plots ...
2026-07-18 21:23:49,437 kilosort.run_kilosort INFO      
2026-07-18 21:23:49,437 kilosort.run_kilosort INFO     Final clustering
2026-07-18 21:23:49,437 kilosort.run_kilosort INFO     ----------------------------------------
2026-07-18 21:23:49,595 kilosort.clustering_qr DEBUG    Center 0 | Xd shape: torch.Size([14921, 75]) | ntemp: 1
2026-07-18 21:23:51,590 kilosort.clustering_qr DEBUG    Center 1 | Xd shape: torch.Size([18916, 75]) | ntemp: 1
2026-07-18 21:23:53,137 kilosort.clustering_qr DEBUG    Center 2 | Xd shape: torch.Size([16691, 75]) | ntemp: 1
2026-07-18 21:23:54,659 kilosort.clustering_qr DEBUG    Center 3 | Xd shape: torch.Size([17494, 75]) | ntemp: 1
2026-07-18 21:23:56,174 kilosort.clustering_qr DEBUG    Center 5 | Xd shape: torch.Size([24316, 81]) | ntemp: 3
2026-07-18 21:23:58,036 kilosort.clustering_qr DEBUG    Center 6 | Xd shape: torch.Size([9474, 75]) | ntemp: 1
2026-07-18 21:23:59,442 kilosort.clustering_qr DEBUG    Center 7 | Xd shape: torch.Size([15104, 75]) | ntemp: 1
2026-07-18 21:24:01,034 kilosort.clustering_qr DEBUG    Center 8 | Xd shape: torch.Size([16527, 75]) | ntemp: 1
2026-07-18 21:24:02,535 kilosort.clustering_qr DEBUG    Center 9 | Xd shape: torch.Size([41856, 75]) | ntemp: 1
2026-07-18 21:24:04,967 kilosort.clustering_qr DEBUG     
2026-07-18 21:24:04,967 kilosort.clustering_qr DEBUG    Cluster center: 10 (10/89)
2026-07-18 21:24:04,977 kilosort.clustering_qr DEBUG    ********************************************************
2026-07-18 21:24:04,977 kilosort.clustering_qr DEBUG    CPU usage:    20.60 %
2026-07-18 21:24:04,977 kilosort.clustering_qr DEBUG    Mem used:     63.60 %     |       9.95 GB
2026-07-18 21:24:04,977 kilosort.clustering_qr DEBUG    Mem avail:     5.70 / 15.65 GB
2026-07-18 21:24:04,977 kilosort.clustering_qr DEBUG    ------------------------------------------------------
2026-07-18 21:24:04,977 kilosort.clustering_qr DEBUG    GPU usage:    `conda install pynvml` for GPU usage
2026-07-18 21:24:04,977 kilosort.clustering_qr DEBUG    GPU memory:   22.36 %     |      0.89   /     4.00 GB
2026-07-18 21:24:04,977 kilosort.clustering_qr DEBUG    Allocated:     0.29 %     |      0.01   /     4.00 GB
2026-07-18 21:24:04,977 kilosort.clustering_qr DEBUG    Max alloc:     3.14 %     |      0.13   /     4.00 GB
2026-07-18 21:24:04,977 kilosort.clustering_qr DEBUG    ********************************************************
2026-07-18 21:24:05,008 kilosort.clustering_qr DEBUG    Center 10 | Xd shape: torch.Size([12490, 75]) | ntemp: 1
2026-07-18 21:24:06,462 kilosort.clustering_qr DEBUG    Center 11 | Xd shape: torch.Size([14255, 75]) | ntemp: 1
2026-07-18 21:24:08,006 kilosort.clustering_qr DEBUG    Center 12 | Xd shape: torch.Size([23081, 81]) | ntemp: 2
2026-07-18 21:24:09,739 kilosort.clustering_qr DEBUG    Center 13 | Xd shape: torch.Size([7738, 75]) | ntemp: 1
2026-07-18 21:24:11,143 kilosort.clustering_qr DEBUG    Center 14 | Xd shape: torch.Size([9574, 75]) | ntemp: 1
2026-07-18 21:24:12,652 kilosort.clustering_qr DEBUG    Center 15 | Xd shape: torch.Size([17881, 75]) | ntemp: 2
2026-07-18 21:24:14,146 kilosort.clustering_qr DEBUG    Center 16 | Xd shape: torch.Size([20436, 81]) | ntemp: 3
2026-07-18 21:24:21,684 kilosort.clustering_qr DEBUG    Center 17 | Xd shape: torch.Size([9154, 75]) | ntemp: 1
2026-07-18 21:24:23,813 kilosort.clustering_qr DEBUG    Center 18 | Xd shape: torch.Size([22008, 78]) | ntemp: 3
2026-07-18 21:24:25,653 kilosort.clustering_qr DEBUG    Center 19 | Xd shape: torch.Size([12927, 75]) | ntemp: 2
2026-07-18 21:24:27,090 kilosort.clustering_qr DEBUG     
2026-07-18 21:24:27,090 kilosort.clustering_qr DEBUG    Cluster center: 20 (20/89)
2026-07-18 21:24:27,090 kilosort.clustering_qr DEBUG    ********************************************************
2026-07-18 21:24:27,090 kilosort.clustering_qr DEBUG    CPU usage:    18.10 %
2026-07-18 21:24:27,090 kilosort.clustering_qr DEBUG    Mem used:     63.60 %     |       9.95 GB
2026-07-18 21:24:27,090 kilosort.clustering_qr DEBUG    Mem avail:     5.70 / 15.65 GB
2026-07-18 21:24:27,090 kilosort.clustering_qr DEBUG    ------------------------------------------------------
2026-07-18 21:24:27,090 kilosort.clustering_qr DEBUG    GPU usage:    `conda install pynvml` for GPU usage
2026-07-18 21:24:27,090 kilosort.clustering_qr DEBUG    GPU memory:   22.36 %     |      0.89   /     4.00 GB
2026-07-18 21:24:27,090 kilosort.clustering_qr DEBUG    Allocated:     0.29 %     |      0.01   /     4.00 GB
2026-07-18 21:24:27,090 kilosort.clustering_qr DEBUG    Max alloc:     3.14 %     |      0.13   /     4.00 GB
2026-07-18 21:24:27,090 kilosort.clustering_qr DEBUG    ********************************************************
2026-07-18 21:24:27,131 kilosort.clustering_qr DEBUG    Center 20 | Xd shape: torch.Size([11998, 75]) | ntemp: 1
2026-07-18 21:24:28,578 kilosort.clustering_qr DEBUG    Center 21 | Xd shape: torch.Size([15582, 75]) | ntemp: 2
2026-07-18 21:24:30,131 kilosort.clustering_qr DEBUG    Center 22 | Xd shape: torch.Size([36554, 81]) | ntemp: 4
2026-07-18 21:24:32,886 kilosort.clustering_qr DEBUG    Center 23 | Xd shape: torch.Size([11454, 75]) | ntemp: 1
2026-07-18 21:24:34,332 kilosort.clustering_qr DEBUG    Center 24 | Xd shape: torch.Size([14692, 75]) | ntemp: 1
2026-07-18 21:24:35,791 kilosort.clustering_qr DEBUG    Center 25 | Xd shape: torch.Size([9717, 75]) | ntemp: 1
2026-07-18 21:24:37,280 kilosort.clustering_qr DEBUG    Center 26 | Xd shape: torch.Size([17296, 81]) | ntemp: 2
2026-07-18 21:24:38,865 kilosort.clustering_qr DEBUG    Center 27 | Xd shape: torch.Size([10722, 75]) | ntemp: 1
2026-07-18 21:24:40,464 kilosort.clustering_qr DEBUG    Center 28 | Xd shape: torch.Size([21371, 75]) | ntemp: 2
2026-07-18 21:24:42,261 kilosort.clustering_qr DEBUG    Center 29 | Xd shape: torch.Size([9711, 75]) | ntemp: 1
2026-07-18 21:24:43,256 kilosort.clustering_qr DEBUG     
2026-07-18 21:24:43,256 kilosort.clustering_qr DEBUG    Cluster center: 30 (30/89)
2026-07-18 21:24:43,256 kilosort.clustering_qr DEBUG    ********************************************************
2026-07-18 21:24:43,256 kilosort.clustering_qr DEBUG    CPU usage:    19.50 %
2026-07-18 21:24:43,256 kilosort.clustering_qr DEBUG    Mem used:     63.50 %     |       9.94 GB
2026-07-18 21:24:43,256 kilosort.clustering_qr DEBUG    Mem avail:     5.71 / 15.65 GB
2026-07-18 21:24:43,256 kilosort.clustering_qr DEBUG    ------------------------------------------------------
2026-07-18 21:24:43,256 kilosort.clustering_qr DEBUG    GPU usage:    `conda install pynvml` for GPU usage
2026-07-18 21:24:43,266 kilosort.clustering_qr DEBUG    GPU memory:   22.36 %     |      0.89   /     4.00 GB
2026-07-18 21:24:43,266 kilosort.clustering_qr DEBUG    Allocated:     0.29 %     |      0.01   /     4.00 GB
2026-07-18 21:24:43,266 kilosort.clustering_qr DEBUG    Max alloc:     3.14 %     |      0.13   /     4.00 GB
2026-07-18 21:24:43,266 kilosort.clustering_qr DEBUG    ********************************************************
2026-07-18 21:24:43,287 kilosort.clustering_qr DEBUG    Center 30 | Xd shape: torch.Size([18233, 81]) | ntemp: 3
2026-07-18 21:24:44,935 kilosort.clustering_qr DEBUG    Center 31 | Xd shape: torch.Size([10225, 75]) | ntemp: 1
2026-07-18 21:24:46,405 kilosort.clustering_qr DEBUG    Center 32 | Xd shape: torch.Size([17267, 75]) | ntemp: 2
2026-07-18 21:24:47,967 kilosort.clustering_qr DEBUG    Center 33 | Xd shape: torch.Size([21060, 78]) | ntemp: 2
2026-07-18 21:24:49,666 kilosort.clustering_qr DEBUG    Center 34 | Xd shape: torch.Size([10579, 75]) | ntemp: 1
2026-07-18 21:24:51,141 kilosort.clustering_qr DEBUG    Center 35 | Xd shape: torch.Size([24154, 75]) | ntemp: 1
2026-07-18 21:24:52,990 kilosort.clustering_qr DEBUG    Center 36 | Xd shape: torch.Size([15001, 75]) | ntemp: 1
2026-07-18 21:24:54,649 kilosort.clustering_qr DEBUG    Center 37 | Xd shape: torch.Size([19279, 75]) | ntemp: 1
2026-07-18 21:24:56,221 kilosort.clustering_qr DEBUG    Center 38 | Xd shape: torch.Size([14686, 75]) | ntemp: 1
2026-07-18 21:24:57,819 kilosort.clustering_qr DEBUG    Center 39 | Xd shape: torch.Size([13632, 75]) | ntemp: 1
2026-07-18 21:24:59,082 kilosort.clustering_qr DEBUG     
2026-07-18 21:24:59,082 kilosort.clustering_qr DEBUG    Cluster center: 40 (40/89)
2026-07-18 21:24:59,093 kilosort.clustering_qr DEBUG    ********************************************************
2026-07-18 21:24:59,093 kilosort.clustering_qr DEBUG    CPU usage:    20.40 %
2026-07-18 21:24:59,093 kilosort.clustering_qr DEBUG    Mem used:     63.60 %     |       9.95 GB
2026-07-18 21:24:59,093 kilosort.clustering_qr DEBUG    Mem avail:     5.70 / 15.65 GB
2026-07-18 21:24:59,093 kilosort.clustering_qr DEBUG    ------------------------------------------------------
2026-07-18 21:24:59,093 kilosort.clustering_qr DEBUG    GPU usage:    `conda install pynvml` for GPU usage
2026-07-18 21:24:59,093 kilosort.clustering_qr DEBUG    GPU memory:   22.36 %     |      0.89   /     4.00 GB
2026-07-18 21:24:59,093 kilosort.clustering_qr DEBUG    Allocated:     0.29 %     |      0.01   /     4.00 GB
2026-07-18 21:24:59,093 kilosort.clustering_qr DEBUG    Max alloc:     3.14 %     |      0.13   /     4.00 GB
2026-07-18 21:24:59,093 kilosort.clustering_qr DEBUG    ********************************************************
2026-07-18 21:24:59,134 kilosort.clustering_qr DEBUG    Center 40 | Xd shape: torch.Size([23999, 78]) | ntemp: 3
2026-07-18 21:25:00,948 kilosort.clustering_qr DEBUG    Center 41 | Xd shape: torch.Size([26352, 75]) | ntemp: 5
2026-07-18 21:25:03,048 kilosort.clustering_qr DEBUG    Center 42 | Xd shape: torch.Size([13049, 78]) | ntemp: 2
2026-07-18 21:25:04,647 kilosort.clustering_qr DEBUG    Center 43 | Xd shape: torch.Size([22486, 75]) | ntemp: 2
2026-07-18 21:25:06,508 kilosort.clustering_qr DEBUG    Center 44 | Xd shape: torch.Size([14906, 75]) | ntemp: 2
2026-07-18 21:25:08,018 kilosort.clustering_qr DEBUG    Center 45 | Xd shape: torch.Size([23897, 81]) | ntemp: 4
2026-07-18 21:25:09,842 kilosort.clustering_qr DEBUG    Center 46 | Xd shape: torch.Size([23347, 81]) | ntemp: 3
2026-07-18 21:25:11,674 kilosort.clustering_qr DEBUG    Center 47 | Xd shape: torch.Size([20309, 75]) | ntemp: 3
2026-07-18 21:25:13,356 kilosort.clustering_qr DEBUG    Center 48 | Xd shape: torch.Size([32331, 81]) | ntemp: 4
2026-07-18 21:25:15,364 kilosort.clustering_qr DEBUG    Center 49 | Xd shape: torch.Size([6906, 75]) | ntemp: 1
2026-07-18 21:25:16,827 kilosort.clustering_qr DEBUG     
2026-07-18 21:25:16,827 kilosort.clustering_qr DEBUG    Cluster center: 50 (50/89)
2026-07-18 21:25:16,827 kilosort.clustering_qr DEBUG    ********************************************************
2026-07-18 21:25:16,827 kilosort.clustering_qr DEBUG    CPU usage:    20.60 %
2026-07-18 21:25:16,827 kilosort.clustering_qr DEBUG    Mem used:     63.80 %     |       9.98 GB
2026-07-18 21:25:16,827 kilosort.clustering_qr DEBUG    Mem avail:     5.66 / 15.65 GB
2026-07-18 21:25:16,827 kilosort.clustering_qr DEBUG    ------------------------------------------------------
2026-07-18 21:25:16,827 kilosort.clustering_qr DEBUG    GPU usage:    `conda install pynvml` for GPU usage
2026-07-18 21:25:16,827 kilosort.clustering_qr DEBUG    GPU memory:   22.36 %     |      0.89   /     4.00 GB
2026-07-18 21:25:16,827 kilosort.clustering_qr DEBUG    Allocated:     0.29 %     |      0.01   /     4.00 GB
2026-07-18 21:25:16,827 kilosort.clustering_qr DEBUG    Max alloc:     3.14 %     |      0.13   /     4.00 GB
2026-07-18 21:25:16,827 kilosort.clustering_qr DEBUG    ********************************************************
2026-07-18 21:25:16,868 kilosort.clustering_qr DEBUG    Center 50 | Xd shape: torch.Size([18251, 75]) | ntemp: 1
2026-07-18 21:25:18,456 kilosort.clustering_qr DEBUG    Center 51 | Xd shape: torch.Size([32063, 84]) | ntemp: 3
2026-07-18 21:25:20,451 kilosort.clustering_qr DEBUG    Center 52 | Xd shape: torch.Size([10519, 75]) | ntemp: 1
2026-07-18 21:25:21,902 kilosort.clustering_qr DEBUG    Center 53 | Xd shape: torch.Size([28520, 75]) | ntemp: 1
2026-07-18 21:25:23,730 kilosort.clustering_qr DEBUG    Center 54 | Xd shape: torch.Size([15510, 75]) | ntemp: 1
2026-07-18 21:25:25,241 kilosort.clustering_qr DEBUG    Center 55 | Xd shape: torch.Size([15358, 75]) | ntemp: 1
2026-07-18 21:25:26,859 kilosort.clustering_qr DEBUG    Center 56 | Xd shape: torch.Size([13569, 75]) | ntemp: 1
2026-07-18 21:25:28,281 kilosort.clustering_qr DEBUG    Center 57 | Xd shape: torch.Size([10763, 75]) | ntemp: 1
2026-07-18 21:25:29,756 kilosort.clustering_qr DEBUG    Center 58 | Xd shape: torch.Size([14490, 75]) | ntemp: 1
2026-07-18 21:25:31,222 kilosort.clustering_qr DEBUG    Center 59 | Xd shape: torch.Size([11958, 75]) | ntemp: 1
2026-07-18 21:25:32,576 kilosort.clustering_qr DEBUG     
2026-07-18 21:25:32,576 kilosort.clustering_qr DEBUG    Cluster center: 60 (60/89)
2026-07-18 21:25:32,576 kilosort.clustering_qr DEBUG    ********************************************************
2026-07-18 21:25:32,576 kilosort.clustering_qr DEBUG    CPU usage:    20.80 %
2026-07-18 21:25:32,576 kilosort.clustering_qr DEBUG    Mem used:     63.60 %     |       9.95 GB
2026-07-18 21:25:32,576 kilosort.clustering_qr DEBUG    Mem avail:     5.70 / 15.65 GB
2026-07-18 21:25:32,579 kilosort.clustering_qr DEBUG    ------------------------------------------------------
2026-07-18 21:25:32,579 kilosort.clustering_qr DEBUG    GPU usage:    `conda install pynvml` for GPU usage
2026-07-18 21:25:32,579 kilosort.clustering_qr DEBUG    GPU memory:   22.36 %     |      0.89   /     4.00 GB
2026-07-18 21:25:32,579 kilosort.clustering_qr DEBUG    Allocated:     0.29 %     |      0.01   /     4.00 GB
2026-07-18 21:25:32,579 kilosort.clustering_qr DEBUG    Max alloc:     3.14 %     |      0.13   /     4.00 GB
2026-07-18 21:25:32,579 kilosort.clustering_qr DEBUG    ********************************************************
2026-07-18 21:25:32,611 kilosort.clustering_qr DEBUG    Center 60 | Xd shape: torch.Size([13237, 75]) | ntemp: 1
2026-07-18 21:25:34,114 kilosort.clustering_qr DEBUG    Center 61 | Xd shape: torch.Size([6325, 75]) | ntemp: 1
2026-07-18 21:25:35,595 kilosort.clustering_qr DEBUG    Center 63 | Xd shape: torch.Size([50676, 75]) | ntemp: 3
2026-07-18 21:25:38,559 kilosort.clustering_qr DEBUG    Center 65 | Xd shape: torch.Size([13744, 75]) | ntemp: 1
2026-07-18 21:25:40,058 kilosort.clustering_qr DEBUG    Center 66 | Xd shape: torch.Size([10867, 75]) | ntemp: 1
2026-07-18 21:25:41,513 kilosort.clustering_qr DEBUG    Center 67 | Xd shape: torch.Size([12470, 75]) | ntemp: 1
2026-07-18 21:25:43,063 kilosort.clustering_qr DEBUG    Center 68 | Xd shape: torch.Size([12791, 75]) | ntemp: 1
2026-07-18 21:25:44,572 kilosort.clustering_qr DEBUG    Center 69 | Xd shape: torch.Size([13565, 75]) | ntemp: 1
2026-07-18 21:25:46,048 kilosort.clustering_qr DEBUG    Center 71 | Xd shape: torch.Size([20240, 75]) | ntemp: 1
2026-07-18 21:25:47,864 kilosort.clustering_qr DEBUG    Center 72 | Xd shape: torch.Size([21765, 78]) | ntemp: 2
2026-07-18 21:25:49,575 kilosort.clustering_qr DEBUG     
2026-07-18 21:25:49,585 kilosort.clustering_qr DEBUG    Cluster center: 73 (70/89)
2026-07-18 21:25:49,585 kilosort.clustering_qr DEBUG    ********************************************************
2026-07-18 21:25:49,585 kilosort.clustering_qr DEBUG    CPU usage:    20.80 %
2026-07-18 21:25:49,585 kilosort.clustering_qr DEBUG    Mem used:     63.80 %     |       9.98 GB
2026-07-18 21:25:49,585 kilosort.clustering_qr DEBUG    Mem avail:     5.67 / 15.65 GB
2026-07-18 21:25:49,585 kilosort.clustering_qr DEBUG    ------------------------------------------------------
2026-07-18 21:25:49,585 kilosort.clustering_qr DEBUG    GPU usage:    `conda install pynvml` for GPU usage
2026-07-18 21:25:49,585 kilosort.clustering_qr DEBUG    GPU memory:   22.36 %     |      0.89   /     4.00 GB
2026-07-18 21:25:49,585 kilosort.clustering_qr DEBUG    Allocated:     0.29 %     |      0.01   /     4.00 GB
2026-07-18 21:25:49,585 kilosort.clustering_qr DEBUG    Max alloc:     3.73 %     |      0.15   /     4.00 GB
2026-07-18 21:25:49,585 kilosort.clustering_qr DEBUG    ********************************************************
2026-07-18 21:25:49,606 kilosort.clustering_qr DEBUG    Center 73 | Xd shape: torch.Size([10174, 75]) | ntemp: 1
2026-07-18 21:25:51,022 kilosort.clustering_qr DEBUG    Center 74 | Xd shape: torch.Size([10909, 75]) | ntemp: 1
2026-07-18 21:25:52,477 kilosort.clustering_qr DEBUG    Center 75 | Xd shape: torch.Size([10818, 75]) | ntemp: 1
2026-07-18 21:25:54,059 kilosort.clustering_qr DEBUG    Center 76 | Xd shape: torch.Size([11914, 75]) | ntemp: 1
2026-07-18 21:25:55,259 kilosort.clustering_qr DEBUG    Center 77 | Xd shape: torch.Size([14316, 75]) | ntemp: 1
2026-07-18 21:25:56,750 kilosort.clustering_qr DEBUG    Center 78 | Xd shape: torch.Size([12708, 75]) | ntemp: 1
2026-07-18 21:25:58,380 kilosort.clustering_qr DEBUG    Center 79 | Xd shape: torch.Size([12500, 75]) | ntemp: 1
2026-07-18 21:25:59,584 kilosort.clustering_qr DEBUG    Center 80 | Xd shape: torch.Size([15335, 75]) | ntemp: 1
2026-07-18 21:26:01,098 kilosort.clustering_qr DEBUG    Center 81 | Xd shape: torch.Size([14739, 75]) | ntemp: 1
2026-07-18 21:26:02,606 kilosort.clustering_qr DEBUG    Center 82 | Xd shape: torch.Size([13574, 75]) | ntemp: 1
2026-07-18 21:26:04,103 kilosort.clustering_qr DEBUG     
2026-07-18 21:26:04,103 kilosort.clustering_qr DEBUG    Cluster center: 84 (80/89)
2026-07-18 21:26:04,103 kilosort.clustering_qr DEBUG    ********************************************************
2026-07-18 21:26:04,103 kilosort.clustering_qr DEBUG    CPU usage:    19.90 %
2026-07-18 21:26:04,103 kilosort.clustering_qr DEBUG    Mem used:     63.70 %     |       9.96 GB
2026-07-18 21:26:04,103 kilosort.clustering_qr DEBUG    Mem avail:     5.69 / 15.65 GB
2026-07-18 21:26:04,103 kilosort.clustering_qr DEBUG    ------------------------------------------------------
2026-07-18 21:26:04,103 kilosort.clustering_qr DEBUG    GPU usage:    `conda install pynvml` for GPU usage
2026-07-18 21:26:04,103 kilosort.clustering_qr DEBUG    GPU memory:   22.36 %     |      0.89   /     4.00 GB
2026-07-18 21:26:04,103 kilosort.clustering_qr DEBUG    Allocated:     0.29 %     |      0.01   /     4.00 GB
2026-07-18 21:26:04,103 kilosort.clustering_qr DEBUG    Max alloc:     3.73 %     |      0.15   /     4.00 GB
2026-07-18 21:26:04,103 kilosort.clustering_qr DEBUG    ********************************************************
2026-07-18 21:26:04,147 kilosort.clustering_qr DEBUG    Center 84 | Xd shape: torch.Size([26289, 75]) | ntemp: 2
2026-07-18 21:26:05,895 kilosort.clustering_qr DEBUG    Center 85 | Xd shape: torch.Size([23026, 75]) | ntemp: 2
2026-07-18 21:26:07,600 kilosort.clustering_qr DEBUG    Center 86 | Xd shape: torch.Size([12897, 75]) | ntemp: 1
2026-07-18 21:26:09,234 kilosort.clustering_qr DEBUG    Center 88 | Xd shape: torch.Size([10150, 75]) | ntemp: 1
2026-07-18 21:26:10,659 kilosort.clustering_qr DEBUG    Center 89 | Xd shape: torch.Size([14041, 75]) | ntemp: 1
2026-07-18 21:26:12,186 kilosort.clustering_qr DEBUG    Center 90 | Xd shape: torch.Size([10547, 75]) | ntemp: 1
2026-07-18 21:26:13,632 kilosort.clustering_qr DEBUG    Center 91 | Xd shape: torch.Size([24062, 75]) | ntemp: 2
2026-07-18 21:26:15,505 kilosort.clustering_qr DEBUG    Center 93 | Xd shape: torch.Size([14833, 75]) | ntemp: 1
2026-07-18 21:26:17,113 kilosort.clustering_qr DEBUG    Center 94 | Xd shape: torch.Size([14166, 75]) | ntemp: 1
2026-07-18 21:26:18,675 kilosort.clustering_qr DEBUG    Center 95 | Xd shape: torch.Size([15212, 75]) | ntemp: 1
2026-07-18 21:26:20,305 kilosort.run_kilosort INFO     115 clusters found, in 150.87s; total 3695.55s
2026-07-18 21:26:20,305 kilosort.run_kilosort DEBUG    clu shape: (1494529,)
2026-07-18 21:26:20,305 kilosort.run_kilosort DEBUG    Wall shape: torch.Size([115, 383, 3])
2026-07-18 21:26:20,305 kilosort.run_kilosort DEBUG    
2026-07-18 21:26:20,305 kilosort.run_kilosort DEBUG    --------------------
2026-07-18 21:26:20,305 kilosort.run_kilosort DEBUG    Process thread count: N/A (linux only)
2026-07-18 21:26:20,305 kilosort.run_kilosort DEBUG    num torch threads: 8
2026-07-18 21:26:20,305 kilosort.run_kilosort DEBUG    --------------------

2026-07-18 21:26:20,305 kilosort.run_kilosort INFO      
2026-07-18 21:26:20,305 kilosort.run_kilosort INFO     Merging clusters
2026-07-18 21:26:20,305 kilosort.run_kilosort INFO     ----------------------------------------
2026-07-18 21:26:22,249 kilosort.run_kilosort INFO     115 units found, in 1.94s; total 3697.50s
2026-07-18 21:26:22,249 kilosort.run_kilosort DEBUG    clu shape: (1494529,)
2026-07-18 21:26:22,249 kilosort.run_kilosort DEBUG    Wall shape: torch.Size([115, 383, 3])
2026-07-18 21:26:22,249 kilosort.run_kilosort DEBUG    

|===========================================================================|
|                  PyTorch CUDA memory summary, device ID 0                 |
|---------------------------------------------------------------------------|
|            CUDA OOMs: 0            |        cudaMalloc retries: 0         |
|===========================================================================|
|        Metric         | Cur Usage  | Peak Usage | Tot Alloc  | Tot Freed  |
|---------------------------------------------------------------------------|
| Allocated memory      |  11918 KiB | 156391 KiB |  31406 GiB |  31406 GiB |
|---------------------------------------------------------------------------|
| Active memory         |  11918 KiB | 156391 KiB |  31406 GiB |  31406 GiB |
|---------------------------------------------------------------------------|
| Requested memory      |  11915 KiB | 156383 KiB |  31370 GiB |  31370 GiB |
|---------------------------------------------------------------------------|
| GPU reserved memory   |  53248 KiB |   2532 MiB |    968 GiB |    968 GiB |
|---------------------------------------------------------------------------|
| Non-releasable memory |  41329 KiB |  56075 KiB |  11508 GiB |  11508 GiB |
|---------------------------------------------------------------------------|
| Allocations           |      12    |      44    |    2953 K  |    2953 K  |
|---------------------------------------------------------------------------|
| Active allocs         |      12    |      44    |    2953 K  |    2953 K  |
|---------------------------------------------------------------------------|
| GPU reserved segments |       4    |      17    |    3129    |    3125    |
|---------------------------------------------------------------------------|
| Non-releasable allocs |      11    |      20    |    1339 K  |    1339 K  |
|---------------------------------------------------------------------------|
| Oversize allocations  |       0    |       0    |       0    |       0    |
|---------------------------------------------------------------------------|
| Oversize GPU segments |       0    |       0    |       0    |       0    |
|===========================================================================|


2026-07-18 21:26:22,265 kilosort.run_kilosort INFO      
2026-07-18 21:26:22,265 kilosort.run_kilosort INFO     Resource usage after clustering
2026-07-18 21:26:22,265 kilosort.run_kilosort INFO     ********************************************************
2026-07-18 21:26:22,265 kilosort.run_kilosort INFO     CPU usage:     0.00 %
2026-07-18 21:26:22,265 kilosort.run_kilosort INFO     Mem used:     66.40 %     |      10.40 GB
2026-07-18 21:26:22,265 kilosort.run_kilosort INFO     Mem avail:     5.25 / 15.65 GB
2026-07-18 21:26:22,265 kilosort.run_kilosort INFO     ------------------------------------------------------
2026-07-18 21:26:22,265 kilosort.run_kilosort INFO     GPU usage:    `conda install pynvml` for GPU usage
2026-07-18 21:26:22,265 kilosort.run_kilosort INFO     GPU memory:   22.36 %     |      0.89   /     4.00 GB
2026-07-18 21:26:22,265 kilosort.run_kilosort INFO     Allocated:     0.28 %     |      0.01   /     4.00 GB
2026-07-18 21:26:22,265 kilosort.run_kilosort INFO     Max alloc:     3.73 %     |      0.15   /     4.00 GB
2026-07-18 21:26:22,265 kilosort.run_kilosort INFO     ********************************************************
2026-07-18 21:26:22,272 kilosort.run_kilosort DEBUG    
2026-07-18 21:26:22,272 kilosort.run_kilosort DEBUG    --------------------
2026-07-18 21:26:22,272 kilosort.run_kilosort DEBUG    Process thread count: N/A (linux only)
2026-07-18 21:26:22,272 kilosort.run_kilosort DEBUG    num torch threads: 8
2026-07-18 21:26:22,272 kilosort.run_kilosort DEBUG    --------------------

2026-07-18 21:26:22,272 kilosort.run_kilosort INFO      
2026-07-18 21:26:22,272 kilosort.run_kilosort INFO     Saving to phy and computing refractory periods
2026-07-18 21:26:22,272 kilosort.run_kilosort INFO     ----------------------------------------
2026-07-18 21:26:22,362 kilosort.io  DEBUG     
2026-07-18 21:26:22,362 kilosort.io  DEBUG    save_to_phy, whitening
2026-07-18 21:26:22,362 kilosort.io  DEBUG    ********************************************************
2026-07-18 21:26:22,362 kilosort.io  DEBUG    CPU usage:    27.50 %
2026-07-18 21:26:22,362 kilosort.io  DEBUG    Mem used:     66.20 %     |      10.36 GB
2026-07-18 21:26:22,362 kilosort.io  DEBUG    Mem avail:     5.29 / 15.65 GB
2026-07-18 21:26:22,362 kilosort.io  DEBUG    ------------------------------------------------------
2026-07-18 21:26:22,362 kilosort.io  DEBUG    GPU usage:    `conda install pynvml` for GPU usage
2026-07-18 21:26:22,362 kilosort.io  DEBUG    GPU memory:   22.36 %     |      0.89   /     4.00 GB
2026-07-18 21:26:22,362 kilosort.io  DEBUG    Allocated:     0.30 %     |      0.01   /     4.00 GB
2026-07-18 21:26:22,362 kilosort.io  DEBUG    Max alloc:     0.34 %     |      0.01   /     4.00 GB
2026-07-18 21:26:22,362 kilosort.io  DEBUG    ********************************************************
2026-07-18 21:26:24,048 kilosort.io  DEBUG     
2026-07-18 21:26:24,048 kilosort.io  DEBUG    save_to_phy, spike positions
2026-07-18 21:26:24,048 kilosort.io  DEBUG    ********************************************************
2026-07-18 21:26:24,048 kilosort.io  DEBUG    CPU usage:    34.80 %
2026-07-18 21:26:24,048 kilosort.io  DEBUG    Mem used:     68.40 %     |      10.71 GB
2026-07-18 21:26:24,048 kilosort.io  DEBUG    Mem avail:     4.94 / 15.65 GB
2026-07-18 21:26:24,048 kilosort.io  DEBUG    ------------------------------------------------------
2026-07-18 21:26:24,048 kilosort.io  DEBUG    GPU usage:    `conda install pynvml` for GPU usage
2026-07-18 21:26:24,048 kilosort.io  DEBUG    GPU memory:   22.36 %     |      0.89   /     4.00 GB
2026-07-18 21:26:24,048 kilosort.io  DEBUG    Allocated:     0.30 %     |      0.01   /     4.00 GB
2026-07-18 21:26:24,048 kilosort.io  DEBUG    Max alloc:     0.30 %     |      0.01   /     4.00 GB
2026-07-18 21:26:24,048 kilosort.io  DEBUG    ********************************************************
2026-07-18 21:26:25,294 kilosort.io  DEBUG     
2026-07-18 21:26:25,294 kilosort.io  DEBUG    save_to_phy, remove duplicates
2026-07-18 21:26:25,294 kilosort.io  DEBUG    ********************************************************
2026-07-18 21:26:25,294 kilosort.io  DEBUG    CPU usage:    14.70 %
2026-07-18 21:26:25,294 kilosort.io  DEBUG    Mem used:     68.60 %     |      10.74 GB
2026-07-18 21:26:25,294 kilosort.io  DEBUG    Mem avail:     4.91 / 15.65 GB
2026-07-18 21:26:25,294 kilosort.io  DEBUG    ------------------------------------------------------
2026-07-18 21:26:25,294 kilosort.io  DEBUG    GPU usage:    `conda install pynvml` for GPU usage
2026-07-18 21:26:25,294 kilosort.io  DEBUG    GPU memory:   22.36 %     |      0.89   /     4.00 GB
2026-07-18 21:26:25,294 kilosort.io  DEBUG    Allocated:     0.30 %     |      0.01   /     4.00 GB
2026-07-18 21:26:25,294 kilosort.io  DEBUG    Max alloc:     0.30 %     |      0.01   /     4.00 GB
2026-07-18 21:26:25,294 kilosort.io  DEBUG    ********************************************************
2026-07-18 21:26:26,080 kilosort.io  DEBUG     
2026-07-18 21:26:26,080 kilosort.io  DEBUG    save_to_phy, template props
2026-07-18 21:26:26,080 kilosort.io  DEBUG    ********************************************************
2026-07-18 21:26:26,080 kilosort.io  DEBUG    CPU usage:    23.60 %
2026-07-18 21:26:26,080 kilosort.io  DEBUG    Mem used:     64.00 %     |      10.01 GB
2026-07-18 21:26:26,080 kilosort.io  DEBUG    Mem avail:     5.64 / 15.65 GB
2026-07-18 21:26:26,096 kilosort.io  DEBUG    ------------------------------------------------------
2026-07-18 21:26:26,096 kilosort.io  DEBUG    GPU usage:    `conda install pynvml` for GPU usage
2026-07-18 21:26:26,096 kilosort.io  DEBUG    GPU memory:   22.36 %     |      0.89   /     4.00 GB
2026-07-18 21:26:26,096 kilosort.io  DEBUG    Allocated:     0.30 %     |      0.01   /     4.00 GB
2026-07-18 21:26:26,096 kilosort.io  DEBUG    Max alloc:     0.30 %     |      0.01   /     4.00 GB
2026-07-18 21:26:26,096 kilosort.io  DEBUG    ********************************************************
2026-07-18 21:26:45,482 kilosort.io  DEBUG     
2026-07-18 21:26:45,482 kilosort.io  DEBUG    save_to_phy, pc features
2026-07-18 21:26:45,482 kilosort.io  DEBUG    ********************************************************
2026-07-18 21:26:45,482 kilosort.io  DEBUG    CPU usage:    18.50 %
2026-07-18 21:26:45,482 kilosort.io  DEBUG    Mem used:     67.20 %     |      10.52 GB
2026-07-18 21:26:45,482 kilosort.io  DEBUG    Mem avail:     5.13 / 15.65 GB
2026-07-18 21:26:45,482 kilosort.io  DEBUG    ------------------------------------------------------
2026-07-18 21:26:45,482 kilosort.io  DEBUG    GPU usage:    `conda install pynvml` for GPU usage
2026-07-18 21:26:45,482 kilosort.io  DEBUG    GPU memory:   22.36 %     |      0.89   /     4.00 GB
2026-07-18 21:26:45,482 kilosort.io  DEBUG    Allocated:     0.30 %     |      0.01   /     4.00 GB
2026-07-18 21:26:45,482 kilosort.io  DEBUG    Max alloc:     0.49 %     |      0.02   /     4.00 GB
2026-07-18 21:26:45,482 kilosort.io  DEBUG    ********************************************************
2026-07-18 21:26:46,835 kilosort.io  DEBUG     
2026-07-18 21:26:46,835 kilosort.io  DEBUG    save_to_phy, est contam
2026-07-18 21:26:46,835 kilosort.io  DEBUG    ********************************************************
2026-07-18 21:26:46,835 kilosort.io  DEBUG    CPU usage:    12.10 %
2026-07-18 21:26:46,835 kilosort.io  DEBUG    Mem used:     67.20 %     |      10.52 GB
2026-07-18 21:26:46,835 kilosort.io  DEBUG    Mem avail:     5.13 / 15.65 GB
2026-07-18 21:26:46,835 kilosort.io  DEBUG    ------------------------------------------------------
2026-07-18 21:26:46,849 kilosort.io  DEBUG    GPU usage:    `conda install pynvml` for GPU usage
2026-07-18 21:26:46,849 kilosort.io  DEBUG    GPU memory:   22.36 %     |      0.89   /     4.00 GB
2026-07-18 21:26:46,849 kilosort.io  DEBUG    Allocated:     0.30 %     |      0.01   /     4.00 GB
2026-07-18 21:26:46,849 kilosort.io  DEBUG    Max alloc:     0.30 %     |      0.01   /     4.00 GB
2026-07-18 21:26:46,849 kilosort.io  DEBUG    ********************************************************
2026-07-18 21:26:46,961 kilosort.run_kilosort INFO     22 units found with good refractory periods
2026-07-18 21:26:47,071 kilosort.run_kilosort INFO     Exporting to Phy took: 24.80s
2026-07-18 21:26:47,071 kilosort.run_kilosort INFO     Total runtime: 3722.32s = 01:02:2 h:m:s
2026-07-18 21:26:47,217 kilosort.run_kilosort INFO     Sorting output saved in: G:\ACADEMIC\week8_partial_dct_kilosort_runs\8ca740c5_probe00_partial_20260712_222836\ratio_0.10\kilosort4_dct.
2026-07-18 21:26:47,222 kilosort.run_kilosort DEBUG    

|===========================================================================|
|                  PyTorch CUDA memory summary, device ID 0                 |
|---------------------------------------------------------------------------|
|            CUDA OOMs: 0            |        cudaMalloc retries: 0         |
|===========================================================================|
|        Metric         | Cur Usage  | Peak Usage | Tot Alloc  | Tot Freed  |
|---------------------------------------------------------------------------|
| Allocated memory      |  11918 KiB |  12492 KiB |  31407 GiB |  31407 GiB |
|---------------------------------------------------------------------------|
| Active memory         |  11918 KiB |  12492 KiB |  31407 GiB |  31407 GiB |
|---------------------------------------------------------------------------|
| Requested memory      |  11915 KiB |  12488 KiB |  31371 GiB |  31370 GiB |
|---------------------------------------------------------------------------|
| GPU reserved memory   |  53248 KiB |  53248 KiB |    968 GiB |    968 GiB |
|---------------------------------------------------------------------------|
| Non-releasable memory |  41329 KiB |  41329 KiB |  11509 GiB |  11509 GiB |
|---------------------------------------------------------------------------|
| Allocations           |      12    |      13    |    2955 K  |    2955 K  |
|---------------------------------------------------------------------------|
| Active allocs         |      12    |      13    |    2955 K  |    2955 K  |
|---------------------------------------------------------------------------|
| GPU reserved segments |       4    |       4    |    3129    |    3125    |
|---------------------------------------------------------------------------|
| Non-releasable allocs |      11    |      11    |    1340 K  |    1340 K  |
|---------------------------------------------------------------------------|
| Oversize allocations  |       0    |       0    |       0    |       0    |
|---------------------------------------------------------------------------|
| Oversize GPU segments |       0    |       0    |       0    |       0    |
|===========================================================================|


2026-07-18 21:26:47,222 kilosort.run_kilosort INFO      
2026-07-18 21:26:47,222 kilosort.run_kilosort INFO     Resource usage after saving
2026-07-18 21:26:47,222 kilosort.run_kilosort INFO     ********************************************************
2026-07-18 21:26:47,222 kilosort.run_kilosort INFO     CPU usage:    14.90 %
2026-07-18 21:26:47,222 kilosort.run_kilosort INFO     Mem used:     63.60 %     |       9.96 GB
2026-07-18 21:26:47,222 kilosort.run_kilosort INFO     Mem avail:     5.69 / 15.65 GB
2026-07-18 21:26:47,222 kilosort.run_kilosort INFO     ------------------------------------------------------
2026-07-18 21:26:47,222 kilosort.run_kilosort INFO     GPU usage:    `conda install pynvml` for GPU usage
2026-07-18 21:26:47,222 kilosort.run_kilosort INFO     GPU memory:   22.36 %     |      0.89   /     4.00 GB
2026-07-18 21:26:47,222 kilosort.run_kilosort INFO     Allocated:     0.28 %     |      0.01   /     4.00 GB
2026-07-18 21:26:47,222 kilosort.run_kilosort INFO     Max alloc:     0.30 %     |      0.01   /     4.00 GB
2026-07-18 21:26:47,222 kilosort.run_kilosort INFO     ********************************************************
2026-07-18 21:26:47,222 kilosort.run_kilosort DEBUG    
2026-07-18 21:26:47,222 kilosort.run_kilosort DEBUG    --------------------
2026-07-18 21:26:47,222 kilosort.run_kilosort DEBUG    Process thread count: N/A (linux only)
2026-07-18 21:26:47,222 kilosort.run_kilosort DEBUG    num torch threads: 8
2026-07-18 21:26:47,222 kilosort.run_kilosort DEBUG    --------------------

2026-07-18 21:26:47,222 kilosort.run_kilosort INFO     Generating spike position plot ...
2026-07-18 21:27:58,111 kilosort.run_kilosort INFO     Sorting finished.
2026-07-18 21:27:58,111 kilosort.run_kilosort INFO      
2026-07-18 21:27:58,111 kilosort.run_kilosort INFO     ********************************************************
2026-07-18 21:27:58,111 kilosort.run_kilosort INFO     Sorting summary
2026-07-18 21:27:58,111 kilosort.run_kilosort INFO     --------------------------------------------------------
2026-07-18 21:27:58,111 kilosort.run_kilosort INFO     Total number of units:                              115
2026-07-18 21:27:58,111 kilosort.run_kilosort INFO     Number of good units:                                22
2026-07-18 21:27:58,111 kilosort.run_kilosort INFO     Number of spikes                                1486154
2026-07-18 21:27:58,111 kilosort.run_kilosort INFO     Mean abs. drift                                  1.2 um
2026-07-18 21:27:58,111 kilosort.run_kilosort INFO     Total runtime                                  3722.32s
2026-07-18 21:27:58,111 kilosort.run_kilosort INFO      
2026-07-18 21:27:58,111 kilosort.run_kilosort INFO     Runtime by step
2026-07-18 21:27:58,111 kilosort.run_kilosort INFO     --------------------------------------------------------
2026-07-18 21:27:58,111 kilosort.run_kilosort INFO     preprocessing:                          3.7s   (0.10) %
2026-07-18 21:27:58,111 kilosort.run_kilosort INFO     drift corr:                          1569.7s  (42.17) %
2026-07-18 21:27:58,111 kilosort.run_kilosort INFO     spike det. (univ):                   1582.8s  (42.52) %
2026-07-18 21:27:58,111 kilosort.run_kilosort INFO     cluster (temp):                       154.6s   (4.15) %
2026-07-18 21:27:58,111 kilosort.run_kilosort INFO     spike det. (learn):                   147.4s   (3.96) %
2026-07-18 21:27:58,111 kilosort.run_kilosort INFO     cluster (final):                      150.9s   (4.05) %
2026-07-18 21:27:58,111 kilosort.run_kilosort INFO     cluster merge:                          1.9s   (0.05) %
2026-07-18 21:27:58,111 kilosort.run_kilosort INFO     postprocessing:                        24.8s   (0.67) %
2026-07-18 21:27:58,111 kilosort.run_kilosort INFO      
2026-07-18 21:27:58,111 kilosort.run_kilosort INFO     Memory usage by step
2026-07-18 21:27:58,111 kilosort.run_kilosort INFO     --------------------------------------------------------
2026-07-18 21:27:58,111 kilosort.run_kilosort INFO     preprocessing:         sys     6.8 GB  |  gpu    1.3 GB
2026-07-18 21:27:58,111 kilosort.run_kilosort INFO     drift corr:            sys     9.3 GB  |  gpu    3.9 GB
2026-07-18 21:27:58,111 kilosort.run_kilosort INFO     spike det. (univ):     sys    10.4 GB  |  gpu    3.9 GB
2026-07-18 21:27:58,111 kilosort.run_kilosort INFO     cluster (temp):        sys    10.0 GB  |  gpu    0.2 GB
2026-07-18 21:27:58,111 kilosort.run_kilosort INFO     spike det. (learn):    sys    10.6 GB  |  gpu    1.4 GB
2026-07-18 21:27:58,111 kilosort.run_kilosort INFO     cluster (final):       sys    10.0 GB  |  gpu    0.1 GB
2026-07-18 21:27:58,111 kilosort.run_kilosort INFO     cluster merge:         sys    10.4 GB  |  gpu    0.1 GB
2026-07-18 21:27:58,111 kilosort.run_kilosort INFO     postprocessing:        sys    10.4 GB  |  gpu    0.0 GB
2026-07-18 21:27:58,111 kilosort.run_kilosort INFO     ********************************************************
