2026-05-16 03:28:53,045 kilosort.run_kilosort INFO     Kilosort version 4.1.7
2026-05-16 03:28:53,045 kilosort.run_kilosort INFO     Python version 3.11.15
2026-05-16 03:28:53,048 kilosort.run_kilosort INFO     ----------------------------------------
2026-05-16 03:28:53,050 kilosort.run_kilosort INFO     System information:
2026-05-16 03:28:53,051 kilosort.run_kilosort INFO     Windows-10-10.0.26200-SP0 AMD64
2026-05-16 03:28:53,052 kilosort.run_kilosort INFO     Intel64 Family 6 Model 186 Stepping 2, GenuineIntel
2026-05-16 03:28:53,053 kilosort.run_kilosort INFO     Using GPU for PyTorch computations. Specify `device` to change this.
2026-05-16 03:28:53,055 kilosort.run_kilosort INFO     Using CUDA device: NVIDIA GeForce RTX 2050 4.00GB
2026-05-16 03:28:53,058 kilosort.run_kilosort INFO     ----------------------------------------
2026-05-16 03:28:53,063 kilosort.run_kilosort INFO     Sorting [WindowsPath('whitened_recon_ratio_0.20.bin')]
2026-05-16 03:28:53,065 kilosort.run_kilosort INFO     Interpreting binary file as default dtype='int16'. If data was saved in a different format, specify `data_dtype`.
2026-05-16 03:28:53,069 kilosort.run_kilosort INFO     Unrecognized keys found in `settings`
2026-05-16 03:28:53,070 kilosort.run_kilosort INFO     See `kilosort.run_kilosort.RECOGNIZED_SETTINGS`
2026-05-16 03:28:53,071 kilosort.run_kilosort ERROR    Encountered error in `run_kilosort`:
Traceback (most recent call last):
  File "E:\Anaconda\envs\kilosort\Lib\site-packages\kilosort\run_kilosort.py", line 258, in _sort
    ops, settings = initialize_ops(
                    ^^^^^^^^^^^^^^^
  File "E:\Anaconda\envs\kilosort\Lib\site-packages\kilosort\run_kilosort.py", line 530, in initialize_ops
    raise ValueError(f'Unrecognized settings: {unrecognized}')
ValueError: Unrecognized settings: ['settings']
