2026-07-15 23:35:13,600 kilosort.run_kilosort INFO     Kilosort version 4.1.7
2026-07-15 23:35:13,600 kilosort.run_kilosort INFO     Python version 3.11.15
2026-07-15 23:35:13,600 kilosort.run_kilosort INFO     ----------------------------------------
2026-07-15 23:35:13,600 kilosort.run_kilosort INFO     System information:
2026-07-15 23:35:13,632 kilosort.run_kilosort INFO     Windows-10-10.0.26200-SP0 AMD64
2026-07-15 23:35:13,632 kilosort.run_kilosort INFO     Intel64 Family 6 Model 186 Stepping 2, GenuineIntel
2026-07-15 23:35:15,542 kilosort.run_kilosort INFO     Using GPU for PyTorch computations. Specify `device` to change this.
2026-07-15 23:35:15,566 kilosort.run_kilosort INFO     Using CUDA device: NVIDIA GeForce RTX 2050 4.00GB
2026-07-15 23:35:15,566 kilosort.run_kilosort INFO     ----------------------------------------
2026-07-15 23:35:15,566 kilosort.run_kilosort INFO     Sorting [WindowsPath('G:/academic/week8_partial_dct_kilosort_runs/cde63527_probe01_partial_20260712_222836/ratio_0.10/cde63527_probe01_partial_20260712_222836_ratio_0.10_dctwin_600samp_preprocessed_int16.bin')]
2026-07-15 23:35:15,566 kilosort.run_kilosort INFO     Skipping common average reference.
2026-07-15 23:35:15,566 kilosort.run_kilosort INFO     clear_cache=True
2026-07-15 23:35:15,566 kilosort.run_kilosort DEBUG    Initial ops:

ops = {
    'n_chan_bin': 385,
    'fs': 30000.0,
    'batch_size': 60000,
    'nblocks': 1,
    'Th_universal': 9,
    'Th_learned': 8,
    'tmin': 0,
    'tmax': inf,
    'nt': 61,
    'shift': None,
    'scale': None,
    'batch_downsampling': 1,
    'artifact_threshold': inf,
    'nskip': 25,
    'whitening_range': 32,
    'highpass_cutoff': 300,
    'binning_depth': 5,
    'sig_interp': 20,
    'drift_smoothing': [0.5, 0.5, 0.5],
    'nt0min': 20,
    'dmin': None,
    'dminx': 32,
    'min_template_size': 10,
    'template_sizes': 5,
    'nearest_chans': 2,
    'nearest_templates': 100,
    'max_channel_distance': 32,
    'max_peels': 100,
    'templates_from_data': True,
    'n_templates': 6,
    'n_pcs': 2,
    'Th_single_ch': 6,
    'acg_threshold': 0.2,
    'ccg_threshold': 0.25,
    'cluster_neighbors': 10,
    'cluster_downsampling': 20,
    'max_cluster_subset': 25000,
    'x_centers': None,
    'cluster_init_seed': 5,
    'duplicate_spike_ms': 0.25,
    'position_limit': 100,
    'filename': [   WindowsPath('G:/academic/week8_partial_dct_kilosort_runs/cde63527_probe01_partial_20260712_222836/ratio_0.10/cde63527_probe01_partial_20260712_222836_ratio_0.10_dctwin_600samp_preprocessed_int16.bin')],
    'data_dir': WindowsPath('G:/academic/week8_partial_dct_kilosort_runs/cde63527_probe01_partial_20260712_222836/ratio_0.10'),
    'data_dtype': 'int16',
    'do_CAR': False,
    'invert_sign': False,
    'NTbuff': 60122,
    'Nchan': 383,
    'duplicate_spike_bins': 7,
    'torch_device': 'cuda',
    'save_preprocessed_copy': False
}

2026-07-15 23:35:15,590 kilosort.run_kilosort DEBUG    Probe dictionary:

probe = {
    'xc': np.array([43., 11., 59., 27., 43., 11., 59., 27., 43., 11., 59., 27., 43.,
       11., 59., 27., 43., 11., 59., 27., 43., 11., 59., 27., 43., 11.,
       59., 27., 43., 11., 59., 27., 43., 11., 59., 27., 43., 11., 59.,
       27., 43., 11., 59., 27., 43., 11., 59., 27., 43., 11., 59., 27.,
       43., 11., 59., 27., 43., 11., 59., 27., 43., 11., 59., 27., 43.,
       11., 59., 27., 43., 11., 59., 27., 43., 11., 59., 27., 43., 11.,
       59., 27., 43., 11., 59., 27., 43., 11., 59., 27., 43., 11., 59.,
       27., 43., 11., 59., 27., 43., 11., 59., 27., 43., 11., 59., 27.,
       43., 11., 59., 27., 43., 11., 59., 27., 43., 11., 59., 27., 43.,
       11., 59., 27., 43., 11., 59., 27., 43., 11., 59., 27., 43., 11.,
       59., 27., 43., 11., 59., 27., 43., 11., 59., 27., 43., 11., 59.,
       27., 43., 11., 59., 27., 43., 11., 59., 27., 43., 11., 59., 27.,
       43., 11., 59., 27., 43., 11., 59., 27., 43., 11., 59., 27., 43.,
       11., 59., 27., 43., 11., 59., 27., 43., 11., 59., 27., 43., 11.,
       59., 27., 43., 11., 59., 27., 43., 11., 59., 43., 11., 59., 27.,
       43., 11., 59., 27., 43., 11., 59., 27., 43., 11., 59., 27., 43.,
       11., 59., 27., 43., 11., 59., 27., 43., 11., 59., 27., 43., 11.,
       59., 27., 43., 11., 59., 27., 43., 11., 59., 27., 43., 11., 59.,
       27., 43., 11., 59., 27., 43., 11., 59., 27., 43., 11., 59., 27.,
       43., 11., 59., 27., 43., 11., 59., 27., 43., 11., 59., 27., 43.,
       11., 59., 27., 43., 11., 59., 27., 43., 11., 59., 27., 43., 11.,
       59., 27., 43., 11., 59., 27., 43., 11., 59., 27., 43., 11., 59.,
       27., 43., 11., 59., 27., 43., 11., 59., 27., 43., 11., 59., 27.,
       43., 11., 59., 27., 43., 11., 59., 27., 43., 11., 59., 27., 43.,
       11., 59., 27., 43., 11., 59., 27., 43., 11., 59., 27., 43., 11.,
       59., 27., 43., 11., 59., 27., 43., 11., 59., 27., 43., 11., 59.,
       27., 43., 11., 59., 27., 43., 11., 59., 27., 43., 11., 59., 27.,
       43., 11., 59., 27., 43., 11., 59., 27., 43., 11., 59., 27., 43.,
       11., 59., 27., 43., 11., 59., 27., 43., 11., 59., 27., 43., 11.,
       59., 27., 43., 11., 59., 27.], dtype=np.float32),
    'yc': np.array([  20.,   20.,   40.,   40.,   60.,   60.,   80.,   80.,  100.,
        100.,  120.,  120.,  140.,  140.,  160.,  160.,  180.,  180.,
        200.,  200.,  220.,  220.,  240.,  240.,  260.,  260.,  280.,
        280.,  300.,  300.,  320.,  320.,  340.,  340.,  360.,  360.,
        380.,  380.,  400.,  400.,  420.,  420.,  440.,  440.,  460.,
        460.,  480.,  480.,  500.,  500.,  520.,  520.,  540.,  540.,
        560.,  560.,  580.,  580.,  600.,  600.,  620.,  620.,  640.,
        640.,  660.,  660.,  680.,  680.,  700.,  700.,  720.,  720.,
        740.,  740.,  760.,  760.,  780.,  780.,  800.,  800.,  820.,
        820.,  840.,  840.,  860.,  860.,  880.,  880.,  900.,  900.,
        920.,  920.,  940.,  940.,  960.,  960.,  980.,  980., 1000.,
       1000., 1020., 1020., 1040., 1040., 1060., 1060., 1080., 1080.,
       1100., 1100., 1120., 1120., 1140., 1140., 1160., 1160., 1180.,
       1180., 1200., 1200., 1220., 1220., 1240., 1240., 1260., 1260.,
       1280., 1280., 1300., 1300., 1320., 1320., 1340., 1340., 1360.,
       1360., 1380., 1380., 1400., 1400., 1420., 1420., 1440., 1440.,
       1460., 1460., 1480., 1480., 1500., 1500., 1520., 1520., 1540.,
       1540., 1560., 1560., 1580., 1580., 1600., 1600., 1620., 1620.,
       1640., 1640., 1660., 1660., 1680., 1680., 1700., 1700., 1720.,
       1720., 1740., 1740., 1760., 1760., 1780., 1780., 1800., 1800.,
       1820., 1820., 1840., 1840., 1860., 1860., 1880., 1880., 1900.,
       1900., 1920., 1940., 1940., 1960., 1960., 1980., 1980., 2000.,
       2000., 2020., 2020., 2040., 2040., 2060., 2060., 2080., 2080.,
       2100., 2100., 2120., 2120., 2140., 2140., 2160., 2160., 2180.,
       2180., 2200., 2200., 2220., 2220., 2240., 2240., 2260., 2260.,
       2280., 2280., 2300., 2300., 2320., 2320., 2340., 2340., 2360.,
       2360., 2380., 2380., 2400., 2400., 2420., 2420., 2440., 2440.,
       2460., 2460., 2480., 2480., 2500., 2500., 2520., 2520., 2540.,
       2540., 2560., 2560., 2580., 2580., 2600., 2600., 2620., 2620.,
       2640., 2640., 2660., 2660., 2680., 2680., 2700., 2700., 2720.,
       2720., 2740., 2740., 2760., 2760., 2780., 2780., 2800., 2800.,
       2820., 2820., 2840., 2840., 2860., 2860., 2880., 2880., 2900.,
       2900., 2920., 2920., 2940., 2940., 2960., 2960., 2980., 2980.,
       3000., 3000., 3020., 3020., 3040., 3040., 3060., 3060., 3080.,
       3080., 3100., 3100., 3120., 3120., 3140., 3140., 3160., 3160.,
       3180., 3180., 3200., 3200., 3220., 3220., 3240., 3240., 3260.,
       3260., 3280., 3280., 3300., 3300., 3320., 3320., 3340., 3340.,
       3360., 3360., 3380., 3380., 3400., 3400., 3420., 3420., 3440.,
       3440., 3460., 3460., 3480., 3480., 3500., 3500., 3520., 3520.,
       3540., 3540., 3560., 3560., 3580., 3580., 3600., 3600., 3620.,
       3620., 3640., 3640., 3660., 3660., 3680., 3680., 3700., 3700.,
       3720., 3720., 3740., 3740., 3760., 3760., 3780., 3780., 3800.,
       3800., 3820., 3820., 3840., 3840.], dtype=np.float32),
    'kcoords': np.array([0., 0., 0., 0., 0., 0., 0., 0., 0., 0., 0., 0., 0., 0., 0., 0., 0.,
       0., 0., 0., 0., 0., 0., 0., 0., 0., 0., 0., 0., 0., 0., 0., 0., 0.,
       0., 0., 0., 0., 0., 0., 0., 0., 0., 0., 0., 0., 0., 0., 0., 0., 0.,
       0., 0., 0., 0., 0., 0., 0., 0., 0., 0., 0., 0., 0., 0., 0., 0., 0.,
       0., 0., 0., 0., 0., 0., 0., 0., 0., 0., 0., 0., 0., 0., 0., 0., 0.,
       0., 0., 0., 0., 0., 0., 0., 0., 0., 0., 0., 0., 0., 0., 0., 0., 0.,
       0., 0., 0., 0., 0., 0., 0., 0., 0., 0., 0., 0., 0., 0., 0., 0., 0.,
       0., 0., 0., 0., 0., 0., 0., 0., 0., 0., 0., 0., 0., 0., 0., 0., 0.,
       0., 0., 0., 0., 0., 0., 0., 0., 0., 0., 0., 0., 0., 0., 0., 0., 0.,
       0., 0., 0., 0., 0., 0., 0., 0., 0., 0., 0., 0., 0., 0., 0., 0., 0.,
       0., 0., 0., 0., 0., 0., 0., 0., 0., 0., 0., 0., 0., 0., 0., 0., 0.,
       0., 0., 0., 0., 0., 0., 0., 0., 0., 0., 0., 0., 0., 0., 0., 0., 0.,
       0., 0., 0., 0., 0., 0., 0., 0., 0., 0., 0., 0., 0., 0., 0., 0., 0.,
       0., 0., 0., 0., 0., 0., 0., 0., 0., 0., 0., 0., 0., 0., 0., 0., 0.,
       0., 0., 0., 0., 0., 0., 0., 0., 0., 0., 0., 0., 0., 0., 0., 0., 0.,
       0., 0., 0., 0., 0., 0., 0., 0., 0., 0., 0., 0., 0., 0., 0., 0., 0.,
       0., 0., 0., 0., 0., 0., 0., 0., 0., 0., 0., 0., 0., 0., 0., 0., 0.,
       0., 0., 0., 0., 0., 0., 0., 0., 0., 0., 0., 0., 0., 0., 0., 0., 0.,
       0., 0., 0., 0., 0., 0., 0., 0., 0., 0., 0., 0., 0., 0., 0., 0., 0.,
       0., 0., 0., 0., 0., 0., 0., 0., 0., 0., 0., 0., 0., 0., 0., 0., 0.,
       0., 0., 0., 0., 0., 0., 0., 0., 0., 0., 0., 0., 0., 0., 0., 0., 0.,
       0., 0., 0., 0., 0., 0., 0., 0., 0., 0., 0., 0., 0., 0., 0., 0., 0.,
       0., 0., 0., 0., 0., 0., 0., 0., 0.], dtype=np.float32),
    'chanMap': np.array([  0,   1,   2,   3,   4,   5,   6,   7,   8,   9,  10,  11,  12,
        13,  14,  15,  16,  17,  18,  19,  20,  21,  22,  23,  24,  25,
        26,  27,  28,  29,  30,  31,  32,  33,  34,  35,  36,  37,  38,
        39,  40,  41,  42,  43,  44,  45,  46,  47,  48,  49,  50,  51,
        52,  53,  54,  55,  56,  57,  58,  59,  60,  61,  62,  63,  64,
        65,  66,  67,  68,  69,  70,  71,  72,  73,  74,  75,  76,  77,
        78,  79,  80,  81,  82,  83,  84,  85,  86,  87,  88,  89,  90,
        91,  92,  93,  94,  95,  96,  97,  98,  99, 100, 101, 102, 103,
       104, 105, 106, 107, 108, 109, 110, 111, 112, 113, 114, 115, 116,
       117, 118, 119, 120, 121, 122, 123, 124, 125, 126, 127, 128, 129,
       130, 131, 132, 133, 134, 135, 136, 137, 138, 139, 140, 141, 142,
       143, 144, 145, 146, 147, 148, 149, 150, 151, 152, 153, 154, 155,
       156, 157, 158, 159, 160, 161, 162, 163, 164, 165, 166, 167, 168,
       169, 170, 171, 172, 173, 174, 175, 176, 177, 178, 179, 180, 181,
       182, 183, 184, 185, 186, 187, 188, 189, 190, 192, 193, 194, 195,
       196, 197, 198, 199, 200, 201, 202, 203, 204, 205, 206, 207, 208,
       209, 210, 211, 212, 213, 214, 215, 216, 217, 218, 219, 220, 221,
       222, 223, 224, 225, 226, 227, 228, 229, 230, 231, 232, 233, 234,
       235, 236, 237, 238, 239, 240, 241, 242, 243, 244, 245, 246, 247,
       248, 249, 250, 251, 252, 253, 254, 255, 256, 257, 258, 259, 260,
       261, 262, 263, 264, 265, 266, 267, 268, 269, 270, 271, 272, 273,
       274, 275, 276, 277, 278, 279, 280, 281, 282, 283, 284, 285, 286,
       287, 288, 289, 290, 291, 292, 293, 294, 295, 296, 297, 298, 299,
       300, 301, 302, 303, 304, 305, 306, 307, 308, 309, 310, 311, 312,
       313, 314, 315, 316, 317, 318, 319, 320, 321, 322, 323, 324, 325,
       326, 327, 328, 329, 330, 331, 332, 333, 334, 335, 336, 337, 338,
       339, 340, 341, 342, 343, 344, 345, 346, 347, 348, 349, 350, 351,
       352, 353, 354, 355, 356, 357, 358, 359, 360, 361, 362, 363, 364,
       365, 366, 367, 368, 369, 370, 371, 372, 373, 374, 375, 376, 377,
       378, 379, 380, 381, 382, 383], dtype=np.int32),
    'n_chan': 384
}

2026-07-15 23:35:15,764 kilosort.run_kilosort INFO      
2026-07-15 23:35:15,764 kilosort.run_kilosort INFO     Resource usage before sorting
2026-07-15 23:35:15,764 kilosort.run_kilosort INFO     ********************************************************
2026-07-15 23:35:15,764 kilosort.run_kilosort INFO     CPU usage:    14.60 %
2026-07-15 23:35:15,764 kilosort.run_kilosort INFO     Mem used:     54.60 %     |       8.54 GB
2026-07-15 23:35:15,764 kilosort.run_kilosort INFO     Mem avail:     7.11 / 15.65 GB
2026-07-15 23:35:15,764 kilosort.run_kilosort INFO     ------------------------------------------------------
2026-07-15 23:35:15,764 kilosort.run_kilosort INFO     GPU usage:    `conda install pynvml` for GPU usage
2026-07-15 23:35:15,764 kilosort.run_kilosort INFO     GPU memory:   19.43 %     |      0.78   /     4.00 GB
2026-07-15 23:35:15,764 kilosort.run_kilosort INFO     Allocated:     0.00 %     |      0.00   /     4.00 GB
2026-07-15 23:35:15,764 kilosort.run_kilosort INFO     Max alloc:     0.00 %     |      0.00   /     4.00 GB
2026-07-15 23:35:15,764 kilosort.run_kilosort INFO     ********************************************************
2026-07-15 23:35:15,764 kilosort.run_kilosort DEBUG    
2026-07-15 23:35:15,764 kilosort.run_kilosort DEBUG    --------------------
2026-07-15 23:35:15,764 kilosort.run_kilosort DEBUG    Process thread count: N/A (linux only)
2026-07-15 23:35:15,764 kilosort.run_kilosort DEBUG    num torch threads: 8
2026-07-15 23:35:15,764 kilosort.run_kilosort DEBUG    --------------------

2026-07-15 23:35:15,764 kilosort.run_kilosort INFO      
2026-07-15 23:35:15,764 kilosort.run_kilosort INFO     Computing preprocessing variables.
2026-07-15 23:35:15,764 kilosort.run_kilosort INFO     ----------------------------------------
2026-07-15 23:35:16,147 kilosort.run_kilosort INFO     N samples: 6300000
2026-07-15 23:35:16,147 kilosort.run_kilosort INFO     N seconds: 210.0
2026-07-15 23:35:16,147 kilosort.run_kilosort INFO     N batches: 105
2026-07-15 23:35:21,954 kilosort.run_kilosort INFO     Preprocessing filters computed in 6.19s; total 6.39s
2026-07-15 23:35:21,954 kilosort.run_kilosort DEBUG    hp_filter shape: torch.Size([30122])
2026-07-15 23:35:21,954 kilosort.run_kilosort DEBUG    whiten_mat shape: torch.Size([383, 383])
2026-07-15 23:35:22,186 kilosort.run_kilosort DEBUG    First batch min, max: (np.float32(-1031.4647), np.float32(847.47473))
2026-07-15 23:35:22,186 kilosort.run_kilosort INFO      
2026-07-15 23:35:22,186 kilosort.run_kilosort INFO     Resource usage after preprocessing
2026-07-15 23:35:22,186 kilosort.run_kilosort INFO     ********************************************************
2026-07-15 23:35:22,186 kilosort.run_kilosort INFO     CPU usage:     9.10 %
2026-07-15 23:35:22,186 kilosort.run_kilosort INFO     Mem used:     56.60 %     |       8.86 GB
2026-07-15 23:35:22,186 kilosort.run_kilosort INFO     Mem avail:     6.79 / 15.65 GB
2026-07-15 23:35:22,186 kilosort.run_kilosort INFO     ------------------------------------------------------
2026-07-15 23:35:22,186 kilosort.run_kilosort INFO     GPU usage:    `conda install pynvml` for GPU usage
2026-07-15 23:35:22,186 kilosort.run_kilosort INFO     GPU memory:   61.28 %     |      2.45   /     4.00 GB
2026-07-15 23:35:22,186 kilosort.run_kilosort INFO     Allocated:     0.21 %     |      0.01   /     4.00 GB
2026-07-15 23:35:22,186 kilosort.run_kilosort INFO     Max alloc:    32.60 %     |      1.30   /     4.00 GB
2026-07-15 23:35:22,186 kilosort.run_kilosort INFO     ********************************************************
2026-07-15 23:35:22,330 kilosort.run_kilosort INFO      
2026-07-15 23:35:22,330 kilosort.run_kilosort INFO     Computing drift correction.
2026-07-15 23:35:22,330 kilosort.run_kilosort INFO     ----------------------------------------
2026-07-15 23:35:22,330 kilosort.spikedetect INFO     Re-computing universal templates from data.
2026-07-15 23:35:24,296 kilosort.spikedetect INFO     Number of universal templates: 1532
2026-07-15 23:35:24,891 kilosort.spikedetect INFO     Detecting spikes...

  0%|          | 0/105 [00:00<?, ?it/s]2026-07-15 23:35:24,907 kilosort.spikedetect DEBUG     
2026-07-15 23:35:24,907 kilosort.spikedetect DEBUG    Batch 0 of 104 (0.0%)
2026-07-15 23:35:24,907 kilosort.spikedetect DEBUG    ********************************************************
2026-07-15 23:35:24,907 kilosort.spikedetect DEBUG    CPU usage:    15.30 %
2026-07-15 23:35:24,907 kilosort.spikedetect DEBUG    Mem used:     57.20 %     |       8.95 GB
2026-07-15 23:35:24,907 kilosort.spikedetect DEBUG    Mem avail:     6.70 / 15.65 GB
2026-07-15 23:35:24,907 kilosort.spikedetect DEBUG    ------------------------------------------------------
2026-07-15 23:35:24,907 kilosort.spikedetect DEBUG    GPU usage:    `conda install pynvml` for GPU usage
2026-07-15 23:35:24,907 kilosort.spikedetect DEBUG    GPU memory:   61.28 %     |      2.45   /     4.00 GB
2026-07-15 23:35:24,907 kilosort.spikedetect DEBUG    Allocated:     0.25 %     |      0.01   /     4.00 GB
2026-07-15 23:35:24,907 kilosort.spikedetect DEBUG    Max alloc:    32.60 %     |      1.30   /     4.00 GB
2026-07-15 23:35:24,907 kilosort.spikedetect DEBUG    ********************************************************

  1%|          | 1/105 [00:05<08:54,  5.14s/it]
  2%|▏         | 2/105 [00:11<10:20,  6.02s/it]
  3%|▎         | 3/105 [00:18<10:25,  6.13s/it]
  4%|▍         | 4/105 [00:24<10:35,  6.29s/it]
  5%|▍         | 5/105 [00:30<10:27,  6.27s/it]
  6%|▌         | 6/105 [00:37<10:27,  6.33s/it]
  7%|▋         | 7/105 [00:43<10:19,  6.32s/it]
  8%|▊         | 8/105 [00:50<10:20,  6.40s/it]
  9%|▊         | 9/105 [00:56<10:14,  6.40s/it]
 10%|▉         | 10/105 [01:02<10:01,  6.33s/it]
 10%|█         | 11/105 [01:09<09:55,  6.33s/it]
 11%|█▏        | 12/105 [01:15<09:51,  6.36s/it]
 12%|█▏        | 13/105 [01:21<09:43,  6.34s/it]
 13%|█▎        | 14/105 [01:28<09:39,  6.36s/it]
 14%|█▍        | 15/105 [01:34<09:28,  6.31s/it]
 15%|█▌        | 16/105 [01:40<09:28,  6.39s/it]
 16%|█▌        | 17/105 [01:47<09:25,  6.42s/it]
 17%|█▋        | 18/105 [01:53<09:16,  6.40s/it]
 18%|█▊        | 19/105 [02:00<09:19,  6.50s/it]
 19%|█▉        | 20/105 [02:07<09:12,  6.50s/it]
 20%|██        | 21/105 [02:13<09:04,  6.48s/it]
 21%|██        | 22/105 [02:19<08:52,  6.41s/it]
 22%|██▏       | 23/105 [02:26<08:44,  6.40s/it]
 23%|██▎       | 24/105 [02:32<08:38,  6.40s/it]
 24%|██▍       | 25/105 [02:38<08:32,  6.40s/it]
 25%|██▍       | 26/105 [02:44<08:13,  6.24s/it]
 26%|██▌       | 27/105 [02:51<08:11,  6.30s/it]
 27%|██▋       | 28/105 [02:57<08:02,  6.27s/it]
 28%|██▊       | 29/105 [03:03<07:57,  6.28s/it]
 29%|██▊       | 30/105 [03:10<07:57,  6.36s/it]
 30%|██▉       | 31/105 [03:16<07:52,  6.39s/it]
 30%|███       | 32/105 [03:23<07:47,  6.40s/it]
 31%|███▏      | 33/105 [03:29<07:40,  6.39s/it]
 32%|███▏      | 34/105 [03:35<07:29,  6.33s/it]
 33%|███▎      | 35/105 [03:43<07:46,  6.66s/it]
 34%|███▍      | 36/105 [03:50<07:57,  6.93s/it]
 35%|███▌      | 37/105 [03:57<07:42,  6.80s/it]
 36%|███▌      | 38/105 [04:03<07:24,  6.64s/it]
 37%|███▋      | 39/105 [04:09<07:13,  6.57s/it]
 38%|███▊      | 40/105 [04:16<07:01,  6.49s/it]
 39%|███▉      | 41/105 [04:22<06:57,  6.53s/it]
 40%|████      | 42/105 [04:29<06:48,  6.49s/it]
 41%|████      | 43/105 [04:35<06:43,  6.50s/it]
 42%|████▏     | 44/105 [04:41<06:32,  6.43s/it]
 43%|████▎     | 45/105 [04:48<06:32,  6.54s/it]
 44%|████▍     | 46/105 [04:55<06:25,  6.53s/it]
 45%|████▍     | 47/105 [05:01<06:14,  6.45s/it]
 46%|████▌     | 48/105 [05:07<06:03,  6.39s/it]
 47%|████▋     | 49/105 [05:13<05:55,  6.35s/it]
 48%|████▊     | 50/105 [05:20<05:48,  6.34s/it]
 49%|████▊     | 51/105 [05:26<05:40,  6.30s/it]
 50%|████▉     | 52/105 [05:32<05:33,  6.30s/it]
 50%|█████     | 53/105 [05:39<05:27,  6.30s/it]
 51%|█████▏    | 54/105 [05:45<05:19,  6.27s/it]
 52%|█████▏    | 55/105 [05:51<05:15,  6.31s/it]
 53%|█████▎    | 56/105 [05:58<05:10,  6.34s/it]
 54%|█████▍    | 57/105 [06:04<05:07,  6.40s/it]
 55%|█████▌    | 58/105 [06:10<04:58,  6.36s/it]
 56%|█████▌    | 59/105 [06:17<04:54,  6.40s/it]
 57%|█████▋    | 60/105 [06:24<04:51,  6.48s/it]
 58%|█████▊    | 61/105 [06:30<04:50,  6.60s/it]
 59%|█████▉    | 62/105 [06:37<04:47,  6.67s/it]
 60%|██████    | 63/105 [06:44<04:36,  6.58s/it]
 61%|██████    | 64/105 [06:51<04:36,  6.74s/it]
 62%|██████▏   | 65/105 [06:57<04:26,  6.67s/it]
 63%|██████▎   | 66/105 [07:05<04:30,  6.94s/it]
 64%|██████▍   | 67/105 [07:12<04:21,  6.89s/it]
 65%|██████▍   | 68/105 [07:19<04:20,  7.03s/it]
 66%|██████▌   | 69/105 [07:26<04:09,  6.93s/it]
 67%|██████▋   | 70/105 [07:33<04:06,  7.05s/it]
 68%|██████▊   | 71/105 [07:40<03:55,  6.92s/it]
 69%|██████▊   | 72/105 [07:47<03:52,  7.05s/it]
 70%|██████▉   | 73/105 [07:54<03:42,  6.96s/it]
 70%|███████   | 74/105 [08:01<03:41,  7.16s/it]
 71%|███████▏  | 75/105 [08:09<03:34,  7.15s/it]
 72%|███████▏  | 76/105 [08:16<03:28,  7.20s/it]
 73%|███████▎  | 77/105 [08:23<03:20,  7.17s/it]
 74%|███████▍  | 78/105 [08:30<03:16,  7.27s/it]
 75%|███████▌  | 79/105 [08:38<03:08,  7.27s/it]
 76%|███████▌  | 80/105 [08:45<03:02,  7.32s/it]
 77%|███████▋  | 81/105 [08:52<02:54,  7.26s/it]
 78%|███████▊  | 82/105 [09:00<02:48,  7.32s/it]
 79%|███████▉  | 83/105 [09:07<02:40,  7.27s/it]
 80%|████████  | 84/105 [09:14<02:31,  7.20s/it]
 81%|████████  | 85/105 [09:21<02:23,  7.17s/it]
 82%|████████▏ | 86/105 [09:28<02:17,  7.21s/it]
 83%|████████▎ | 87/105 [09:35<02:08,  7.14s/it]
 84%|████████▍ | 88/105 [09:43<02:03,  7.25s/it]
 85%|████████▍ | 89/105 [09:50<01:54,  7.16s/it]
 86%|████████▌ | 90/105 [09:57<01:49,  7.27s/it]
 87%|████████▋ | 91/105 [10:04<01:40,  7.19s/it]
 88%|████████▊ | 92/105 [10:12<01:35,  7.35s/it]
 89%|████████▊ | 93/105 [10:19<01:27,  7.28s/it]
 90%|████████▉ | 94/105 [10:27<01:21,  7.40s/it]
 90%|█████████ | 95/105 [10:34<01:13,  7.31s/it]
 91%|█████████▏| 96/105 [10:42<01:07,  7.45s/it]
 92%|█████████▏| 97/105 [10:49<00:59,  7.40s/it]
 93%|█████████▎| 98/105 [10:57<00:52,  7.49s/it]
 94%|█████████▍| 99/105 [11:04<00:44,  7.42s/it]
 95%|█████████▌| 100/105 [11:12<00:37,  7.56s/it]
 96%|█████████▌| 101/105 [11:19<00:29,  7.47s/it]
 97%|█████████▋| 102/105 [11:27<00:22,  7.59s/it]
 98%|█████████▊| 103/105 [11:35<00:15,  7.63s/it]
 99%|█████████▉| 104/105 [11:42<00:07,  7.56s/it]
100%|██████████| 105/105 [11:50<00:00,  7.57s/it]
100%|██████████| 105/105 [11:50<00:00,  6.76s/it]
2026-07-15 23:47:15,065 kilosort.spikedetect DEBUG     
2026-07-15 23:47:15,065 kilosort.spikedetect DEBUG    Batch 104 of 104 (99.0%)
2026-07-15 23:47:15,065 kilosort.spikedetect DEBUG    ********************************************************
2026-07-15 23:47:15,065 kilosort.spikedetect DEBUG    CPU usage:    21.50 %
2026-07-15 23:47:15,065 kilosort.spikedetect DEBUG    Mem used:     62.30 %     |       9.75 GB
2026-07-15 23:47:15,065 kilosort.spikedetect DEBUG    Mem avail:     5.90 / 15.65 GB
2026-07-15 23:47:15,065 kilosort.spikedetect DEBUG    ------------------------------------------------------
2026-07-15 23:47:15,065 kilosort.spikedetect DEBUG    GPU usage:    `conda install pynvml` for GPU usage
2026-07-15 23:47:15,065 kilosort.spikedetect DEBUG    GPU memory:   24.36 %     |      0.97   /     4.00 GB
2026-07-15 23:47:15,065 kilosort.spikedetect DEBUG    Allocated:     2.43 %     |      0.10   /     4.00 GB
2026-07-15 23:47:15,065 kilosort.spikedetect DEBUG    Max alloc:    82.32 %     |      3.29   /     4.00 GB
2026-07-15 23:47:15,065 kilosort.spikedetect DEBUG    ********************************************************
2026-07-15 23:47:15,916 kilosort.run_kilosort INFO     drift computed in 713.59s; total 720.35s
2026-07-15 23:47:15,916 kilosort.run_kilosort DEBUG    st shape: (549733, 6)
2026-07-15 23:47:15,916 kilosort.run_kilosort DEBUG    yblk shape: (1,)
2026-07-15 23:47:15,916 kilosort.run_kilosort DEBUG    dshift shape: (105, 1)
2026-07-15 23:47:15,916 kilosort.run_kilosort DEBUG    iKxx shape: torch.Size([383, 383])
2026-07-15 23:47:15,916 kilosort.run_kilosort DEBUG    

|===========================================================================|
|                  PyTorch CUDA memory summary, device ID 0                 |
|---------------------------------------------------------------------------|
|            CUDA OOMs: 0            |        cudaMalloc retries: 0         |
|===========================================================================|
|        Metric         | Cur Usage  | Peak Usage | Tot Alloc  | Tot Freed  |
|---------------------------------------------------------------------------|
| Allocated memory      |  10868 KiB |   3371 MiB |   7347 GiB |   7347 GiB |
|---------------------------------------------------------------------------|
| Active memory         |  10868 KiB |   3371 MiB |   7347 GiB |   7347 GiB |
|---------------------------------------------------------------------------|
| Requested memory      |  10866 KiB |   3370 MiB |   7344 GiB |   7344 GiB |
|---------------------------------------------------------------------------|
| GPU reserved memory   | 143360 KiB |   4952 MiB | 505686 MiB | 505546 MiB |
|---------------------------------------------------------------------------|
| Non-releasable memory |  40332 KiB |   1195 MiB |   1331 GiB |   1331 GiB |
|---------------------------------------------------------------------------|
| Allocations           |       9    |      37    |   80278    |   80269    |
|---------------------------------------------------------------------------|
| Active allocs         |       9    |      37    |   80278    |   80269    |
|---------------------------------------------------------------------------|
| GPU reserved segments |       5    |      17    |    1473    |    1468    |
|---------------------------------------------------------------------------|
| Non-releasable allocs |      10    |      21    |   33285    |   33275    |
|---------------------------------------------------------------------------|
| Oversize allocations  |       0    |       0    |       0    |       0    |
|---------------------------------------------------------------------------|
| Oversize GPU segments |       0    |       0    |       0    |       0    |
|===========================================================================|


2026-07-15 23:47:15,916 kilosort.run_kilosort INFO      
2026-07-15 23:47:15,916 kilosort.run_kilosort INFO     Resource usage after drift correction
2026-07-15 23:47:15,916 kilosort.run_kilosort INFO     ********************************************************
2026-07-15 23:47:15,916 kilosort.run_kilosort INFO     CPU usage:     0.00 %
2026-07-15 23:47:15,916 kilosort.run_kilosort INFO     Mem used:     61.80 %     |       9.68 GB
2026-07-15 23:47:15,916 kilosort.run_kilosort INFO     Mem avail:     5.97 / 15.65 GB
2026-07-15 23:47:15,916 kilosort.run_kilosort INFO     ------------------------------------------------------
2026-07-15 23:47:15,916 kilosort.run_kilosort INFO     GPU usage:    `conda install pynvml` for GPU usage
2026-07-15 23:47:15,916 kilosort.run_kilosort INFO     GPU memory:   24.46 %     |      0.98   /     4.00 GB
2026-07-15 23:47:15,924 kilosort.run_kilosort INFO     Allocated:     0.26 %     |      0.01   /     4.00 GB
2026-07-15 23:47:15,924 kilosort.run_kilosort INFO     Max alloc:    82.32 %     |      3.29   /     4.00 GB
2026-07-15 23:47:15,924 kilosort.run_kilosort INFO     ********************************************************
2026-07-15 23:47:15,924 kilosort.run_kilosort DEBUG    
2026-07-15 23:47:15,924 kilosort.run_kilosort DEBUG    --------------------
2026-07-15 23:47:15,925 kilosort.run_kilosort DEBUG    Process thread count: N/A (linux only)
2026-07-15 23:47:15,925 kilosort.run_kilosort DEBUG    num torch threads: 8
2026-07-15 23:47:15,925 kilosort.run_kilosort DEBUG    --------------------

2026-07-15 23:47:15,925 kilosort.run_kilosort INFO     Generating drift plots ...
2026-07-15 23:47:48,395 kilosort.run_kilosort INFO      
2026-07-15 23:47:48,395 kilosort.run_kilosort INFO     Extracting spikes using templates
2026-07-15 23:47:48,395 kilosort.run_kilosort INFO     ----------------------------------------
2026-07-15 23:47:48,395 kilosort.spikedetect INFO     Re-computing universal templates from data.
2026-07-15 23:47:51,522 kilosort.spikedetect INFO     Number of universal templates: 1532
2026-07-15 23:47:52,175 kilosort.spikedetect INFO     Detecting spikes...

  0%|          | 0/105 [00:00<?, ?it/s]2026-07-15 23:47:52,176 kilosort.spikedetect DEBUG     
2026-07-15 23:47:52,176 kilosort.spikedetect DEBUG    Batch 0 of 104 (0.0%)
2026-07-15 23:47:52,176 kilosort.spikedetect DEBUG    ********************************************************
2026-07-15 23:47:52,176 kilosort.spikedetect DEBUG    CPU usage:    29.60 %
2026-07-15 23:47:52,176 kilosort.spikedetect DEBUG    Mem used:     62.20 %     |       9.73 GB
2026-07-15 23:47:52,176 kilosort.spikedetect DEBUG    Mem avail:     5.92 / 15.65 GB
2026-07-15 23:47:52,176 kilosort.spikedetect DEBUG    ------------------------------------------------------
2026-07-15 23:47:52,176 kilosort.spikedetect DEBUG    GPU usage:    `conda install pynvml` for GPU usage
2026-07-15 23:47:52,176 kilosort.spikedetect DEBUG    GPU memory:   61.38 %     |      2.45   /     4.00 GB
2026-07-15 23:47:52,176 kilosort.spikedetect DEBUG    Allocated:     0.29 %     |      0.01   /     4.00 GB
2026-07-15 23:47:52,176 kilosort.spikedetect DEBUG    Max alloc:    32.64 %     |      1.31   /     4.00 GB
2026-07-15 23:47:52,180 kilosort.spikedetect DEBUG    ********************************************************

  1%|          | 1/105 [00:06<11:10,  6.45s/it]
  2%|▏         | 2/105 [00:14<12:27,  7.26s/it]
  3%|▎         | 3/105 [00:21<12:41,  7.47s/it]
  4%|▍         | 4/105 [00:29<12:39,  7.52s/it]
  5%|▍         | 5/105 [00:37<12:30,  7.51s/it]
  6%|▌         | 6/105 [00:44<12:24,  7.52s/it]
  7%|▋         | 7/105 [00:52<12:13,  7.48s/it]
  8%|▊         | 8/105 [00:59<12:05,  7.48s/it]
  9%|▊         | 9/105 [01:07<11:59,  7.50s/it]
 10%|▉         | 10/105 [01:14<11:50,  7.48s/it]
 10%|█         | 11/105 [01:21<11:38,  7.43s/it]
 11%|█▏        | 12/105 [01:29<11:35,  7.48s/it]
 12%|█▏        | 13/105 [01:36<11:24,  7.44s/it]
 13%|█▎        | 14/105 [01:44<11:23,  7.52s/it]
 14%|█▍        | 15/105 [01:51<11:07,  7.41s/it]
 15%|█▌        | 16/105 [01:59<11:11,  7.54s/it]
 16%|█▌        | 17/105 [02:06<10:57,  7.47s/it]
 17%|█▋        | 18/105 [02:14<10:55,  7.54s/it]
 18%|█▊        | 19/105 [02:21<10:39,  7.44s/it]
 19%|█▉        | 20/105 [02:29<10:35,  7.48s/it]
 20%|██        | 21/105 [02:37<10:36,  7.58s/it]
 21%|██        | 22/105 [02:44<10:27,  7.56s/it]
 22%|██▏       | 23/105 [02:52<10:20,  7.57s/it]
 23%|██▎       | 24/105 [02:59<10:10,  7.54s/it]
 24%|██▍       | 25/105 [03:07<10:04,  7.56s/it]
 25%|██▍       | 26/105 [03:13<09:37,  7.31s/it]
 26%|██▌       | 27/105 [03:21<09:40,  7.44s/it]
 27%|██▋       | 28/105 [03:28<09:27,  7.37s/it]
 28%|██▊       | 29/105 [03:36<09:33,  7.54s/it]
 29%|██▊       | 30/105 [03:44<09:30,  7.61s/it]
 30%|██▉       | 31/105 [03:52<09:23,  7.62s/it]
 30%|███       | 32/105 [03:59<09:17,  7.63s/it]
 31%|███▏      | 33/105 [04:07<09:09,  7.63s/it]
 32%|███▏      | 34/105 [04:15<09:06,  7.70s/it]
 33%|███▎      | 35/105 [04:23<08:57,  7.68s/it]
 34%|███▍      | 36/105 [04:30<08:52,  7.72s/it]
 35%|███▌      | 37/105 [04:38<08:45,  7.73s/it]
 36%|███▌      | 38/105 [04:46<08:37,  7.72s/it]
 37%|███▋      | 39/105 [04:54<08:33,  7.77s/it]
 38%|███▊      | 40/105 [05:02<08:27,  7.80s/it]
 39%|███▉      | 41/105 [05:09<08:19,  7.80s/it]
 40%|████      | 42/105 [05:17<08:17,  7.89s/it]
 41%|████      | 43/105 [05:25<08:02,  7.78s/it]
 42%|████▏     | 44/105 [05:33<07:56,  7.82s/it]
 43%|████▎     | 45/105 [05:40<07:45,  7.76s/it]
 44%|████▍     | 46/105 [05:48<07:38,  7.77s/it]
 45%|████▍     | 47/105 [05:56<07:26,  7.70s/it]
 46%|████▌     | 48/105 [06:04<07:19,  7.72s/it]
 47%|████▋     | 49/105 [06:11<07:10,  7.68s/it]
 48%|████▊     | 50/105 [06:19<07:02,  7.69s/it]
 49%|████▊     | 51/105 [06:26<06:39,  7.39s/it]
 50%|████▉     | 52/105 [06:34<06:39,  7.55s/it]
 50%|█████     | 53/105 [06:41<06:30,  7.50s/it]
 51%|█████▏    | 54/105 [06:49<06:29,  7.63s/it]
 52%|█████▏    | 55/105 [06:56<06:20,  7.61s/it]
 53%|█████▎    | 56/105 [07:04<06:15,  7.66s/it]
 54%|█████▍    | 57/105 [07:12<06:06,  7.63s/it]
 55%|█████▌    | 58/105 [07:20<06:01,  7.69s/it]
 56%|█████▌    | 59/105 [07:28<05:57,  7.78s/it]
 57%|█████▋    | 60/105 [07:35<05:47,  7.71s/it]
 58%|█████▊    | 61/105 [07:43<05:40,  7.74s/it]
 59%|█████▉    | 62/105 [07:51<05:31,  7.71s/it]
 60%|██████    | 63/105 [07:58<05:26,  7.76s/it]
 61%|██████    | 64/105 [08:06<05:15,  7.70s/it]
 62%|██████▏   | 65/105 [08:14<05:10,  7.76s/it]
 63%|██████▎   | 66/105 [08:21<05:00,  7.70s/it]
 64%|██████▍   | 67/105 [08:29<04:53,  7.72s/it]
 65%|██████▍   | 68/105 [08:37<04:50,  7.84s/it]
 66%|██████▌   | 69/105 [08:45<04:40,  7.79s/it]
 67%|██████▋   | 70/105 [08:53<04:29,  7.70s/it]
 68%|██████▊   | 71/105 [09:00<04:21,  7.69s/it]
 69%|██████▊   | 72/105 [09:08<04:14,  7.72s/it]
 70%|██████▉   | 73/105 [09:16<04:08,  7.77s/it]
 70%|███████   | 74/105 [09:24<04:00,  7.76s/it]
 71%|███████▏  | 75/105 [09:31<03:51,  7.72s/it]
 72%|███████▏  | 76/105 [09:38<03:36,  7.46s/it]
 73%|███████▎  | 77/105 [09:46<03:30,  7.53s/it]
 74%|███████▍  | 78/105 [09:53<03:23,  7.54s/it]
 75%|███████▌  | 79/105 [10:01<03:17,  7.59s/it]
 76%|███████▌  | 80/105 [10:09<03:11,  7.65s/it]
 77%|███████▋  | 81/105 [10:16<03:03,  7.64s/it]
 78%|███████▊  | 82/105 [10:24<02:56,  7.67s/it]
 79%|███████▉  | 83/105 [10:32<02:48,  7.67s/it]
 80%|████████  | 84/105 [10:40<02:41,  7.68s/it]
 81%|████████  | 85/105 [10:47<02:33,  7.67s/it]
 82%|████████▏ | 86/105 [10:55<02:27,  7.74s/it]
 83%|████████▎ | 87/105 [11:03<02:19,  7.76s/it]
 84%|████████▍ | 88/105 [11:11<02:11,  7.76s/it]
 85%|████████▍ | 89/105 [11:18<02:03,  7.72s/it]
 86%|████████▌ | 90/105 [11:26<01:54,  7.67s/it]
 87%|████████▋ | 91/105 [11:34<01:47,  7.68s/it]
 88%|████████▊ | 92/105 [11:41<01:39,  7.66s/it]
 89%|████████▊ | 93/105 [11:49<01:32,  7.71s/it]
 90%|████████▉ | 94/105 [11:56<01:24,  7.65s/it]
 90%|█████████ | 95/105 [12:04<01:16,  7.67s/it]
 91%|█████████▏| 96/105 [12:12<01:08,  7.62s/it]
 92%|█████████▏| 97/105 [12:20<01:01,  7.68s/it]
 93%|█████████▎| 98/105 [12:27<00:53,  7.67s/it]
 94%|█████████▍| 99/105 [12:35<00:46,  7.68s/it]
 95%|█████████▌| 100/105 [12:43<00:38,  7.70s/it]
 96%|█████████▌| 101/105 [12:50<00:30,  7.69s/it]
 97%|█████████▋| 102/105 [12:58<00:23,  7.73s/it]
 98%|█████████▊| 103/105 [13:06<00:15,  7.77s/it]
 99%|█████████▉| 104/105 [13:14<00:07,  7.74s/it]
100%|██████████| 105/105 [13:21<00:00,  7.73s/it]
100%|██████████| 105/105 [13:21<00:00,  7.64s/it]
2026-07-16 00:01:14,034 kilosort.spikedetect DEBUG     
2026-07-16 00:01:14,034 kilosort.spikedetect DEBUG    Batch 104 of 104 (99.0%)
2026-07-16 00:01:14,034 kilosort.spikedetect DEBUG    ********************************************************
2026-07-16 00:01:14,034 kilosort.spikedetect DEBUG    CPU usage:    25.20 %
2026-07-16 00:01:14,034 kilosort.spikedetect DEBUG    Mem used:     62.90 %     |       9.84 GB
2026-07-16 00:01:14,034 kilosort.spikedetect DEBUG    Mem avail:     5.81 / 15.65 GB
2026-07-16 00:01:14,039 kilosort.spikedetect DEBUG    ------------------------------------------------------
2026-07-16 00:01:14,039 kilosort.spikedetect DEBUG    GPU usage:    `conda install pynvml` for GPU usage
2026-07-16 00:01:14,039 kilosort.spikedetect DEBUG    GPU memory:   24.41 %     |      0.98   /     4.00 GB
2026-07-16 00:01:14,039 kilosort.spikedetect DEBUG    Allocated:     2.47 %     |      0.10   /     4.00 GB
2026-07-16 00:01:14,039 kilosort.spikedetect DEBUG    Max alloc:    82.38 %     |      3.29   /     4.00 GB
2026-07-16 00:01:14,039 kilosort.spikedetect DEBUG    ********************************************************
2026-07-16 00:01:14,041 kilosort.run_kilosort INFO     548713 spikes extracted in 805.65s; total 1558.47s
2026-07-16 00:01:14,041 kilosort.run_kilosort DEBUG    st0 shape: (548713, 6)
2026-07-16 00:01:14,041 kilosort.run_kilosort DEBUG    tF shape: torch.Size([548713, 2, 2])
2026-07-16 00:01:14,041 kilosort.run_kilosort INFO      
2026-07-16 00:01:14,041 kilosort.run_kilosort INFO     Resource usage after spike detect (univ)
2026-07-16 00:01:14,041 kilosort.run_kilosort INFO     ********************************************************
2026-07-16 00:01:14,041 kilosort.run_kilosort INFO     CPU usage:    100.00 %
2026-07-16 00:01:14,041 kilosort.run_kilosort INFO     Mem used:     62.80 %     |       9.82 GB
2026-07-16 00:01:14,041 kilosort.run_kilosort INFO     Mem avail:     5.83 / 15.65 GB
2026-07-16 00:01:14,041 kilosort.run_kilosort INFO     ------------------------------------------------------
2026-07-16 00:01:14,041 kilosort.run_kilosort INFO     GPU usage:    `conda install pynvml` for GPU usage
2026-07-16 00:01:14,041 kilosort.run_kilosort INFO     GPU memory:   24.41 %     |      0.98   /     4.00 GB
2026-07-16 00:01:14,041 kilosort.run_kilosort INFO     Allocated:     0.26 %     |      0.01   /     4.00 GB
2026-07-16 00:01:14,041 kilosort.run_kilosort INFO     Max alloc:    82.38 %     |      3.29   /     4.00 GB
2026-07-16 00:01:14,041 kilosort.run_kilosort INFO     ********************************************************
2026-07-16 00:01:14,041 kilosort.run_kilosort DEBUG    
2026-07-16 00:01:14,041 kilosort.run_kilosort DEBUG    --------------------
2026-07-16 00:01:14,041 kilosort.run_kilosort DEBUG    Process thread count: N/A (linux only)
2026-07-16 00:01:14,041 kilosort.run_kilosort DEBUG    num torch threads: 8
2026-07-16 00:01:14,041 kilosort.run_kilosort DEBUG    --------------------

2026-07-16 00:01:14,041 kilosort.run_kilosort INFO      
2026-07-16 00:01:14,041 kilosort.run_kilosort INFO     First clustering
2026-07-16 00:01:14,041 kilosort.run_kilosort INFO     ----------------------------------------

  0%|          | 0/1 [00:00<?, ?it/s]2026-07-16 00:01:14,375 kilosort.clustering_qr DEBUG    Center 0 | Xd shape: torch.Size([18501, 12]) | ntemp: 16
2026-07-16 00:01:16,889 kilosort.clustering_qr DEBUG    Center 1 | Xd shape: torch.Size([19385, 16]) | ntemp: 16
2026-07-16 00:01:18,300 kilosort.clustering_qr DEBUG    Center 2 | Xd shape: torch.Size([18077, 16]) | ntemp: 16
2026-07-16 00:01:19,766 kilosort.clustering_qr DEBUG    Center 3 | Xd shape: torch.Size([18693, 16]) | ntemp: 16
2026-07-16 00:01:21,270 kilosort.clustering_qr DEBUG    Center 4 | Xd shape: torch.Size([17924, 16]) | ntemp: 16
2026-07-16 00:01:22,683 kilosort.clustering_qr DEBUG    Center 5 | Xd shape: torch.Size([17561, 16]) | ntemp: 16
2026-07-16 00:01:24,091 kilosort.clustering_qr DEBUG    Center 6 | Xd shape: torch.Size([19407, 16]) | ntemp: 16
2026-07-16 00:01:25,693 kilosort.clustering_qr DEBUG    Center 7 | Xd shape: torch.Size([19295, 14]) | ntemp: 16
2026-07-16 00:01:27,183 kilosort.clustering_qr DEBUG    Center 8 | Xd shape: torch.Size([17545, 14]) | ntemp: 16
2026-07-16 00:01:28,529 kilosort.clustering_qr DEBUG     
2026-07-16 00:01:28,529 kilosort.clustering_qr DEBUG    Cluster center: 9 (10/96)
2026-07-16 00:01:28,529 kilosort.clustering_qr DEBUG    ********************************************************
2026-07-16 00:01:28,529 kilosort.clustering_qr DEBUG    CPU usage:    26.10 %
2026-07-16 00:01:28,529 kilosort.clustering_qr DEBUG    Mem used:     62.00 %     |       9.71 GB
2026-07-16 00:01:28,529 kilosort.clustering_qr DEBUG    Mem avail:     5.94 / 15.65 GB
2026-07-16 00:01:28,529 kilosort.clustering_qr DEBUG    ------------------------------------------------------
2026-07-16 00:01:28,529 kilosort.clustering_qr DEBUG    GPU usage:    `conda install pynvml` for GPU usage
2026-07-16 00:01:28,529 kilosort.clustering_qr DEBUG    GPU memory:   22.26 %     |      0.89   /     4.00 GB
2026-07-16 00:01:28,529 kilosort.clustering_qr DEBUG    Allocated:     0.26 %     |      0.01   /     4.00 GB
2026-07-16 00:01:28,529 kilosort.clustering_qr DEBUG    Max alloc:     1.47 %     |      0.06   /     4.00 GB
2026-07-16 00:01:28,529 kilosort.clustering_qr DEBUG    ********************************************************
2026-07-16 00:01:28,560 kilosort.clustering_qr DEBUG    Center 9 | Xd shape: torch.Size([17080, 16]) | ntemp: 16
2026-07-16 00:01:29,979 kilosort.clustering_qr DEBUG    Center 10 | Xd shape: torch.Size([18689, 16]) | ntemp: 16
2026-07-16 00:01:31,411 kilosort.clustering_qr DEBUG    Center 11 | Xd shape: torch.Size([15803, 12]) | ntemp: 16
2026-07-16 00:01:32,831 kilosort.clustering_qr DEBUG    Center 12 | Xd shape: torch.Size([18283, 16]) | ntemp: 16
2026-07-16 00:01:34,311 kilosort.clustering_qr DEBUG    Center 13 | Xd shape: torch.Size([16983, 16]) | ntemp: 16
2026-07-16 00:01:35,760 kilosort.clustering_qr DEBUG    Center 14 | Xd shape: torch.Size([17676, 16]) | ntemp: 16
2026-07-16 00:01:37,229 kilosort.clustering_qr DEBUG    Center 15 | Xd shape: torch.Size([16317, 16]) | ntemp: 16
2026-07-16 00:01:38,620 kilosort.clustering_qr DEBUG    Center 16 | Xd shape: torch.Size([17786, 16]) | ntemp: 16
2026-07-16 00:01:40,070 kilosort.clustering_qr DEBUG    Center 17 | Xd shape: torch.Size([16861, 16]) | ntemp: 16
2026-07-16 00:01:41,460 kilosort.clustering_qr DEBUG    Center 18 | Xd shape: torch.Size([17012, 16]) | ntemp: 16
2026-07-16 00:01:42,874 kilosort.clustering_qr DEBUG     
2026-07-16 00:01:42,874 kilosort.clustering_qr DEBUG    Cluster center: 19 (20/96)
2026-07-16 00:01:42,874 kilosort.clustering_qr DEBUG    ********************************************************
2026-07-16 00:01:42,874 kilosort.clustering_qr DEBUG    CPU usage:    25.80 %
2026-07-16 00:01:42,874 kilosort.clustering_qr DEBUG    Mem used:     62.10 %     |       9.72 GB
2026-07-16 00:01:42,874 kilosort.clustering_qr DEBUG    Mem avail:     5.93 / 15.65 GB
2026-07-16 00:01:42,874 kilosort.clustering_qr DEBUG    ------------------------------------------------------
2026-07-16 00:01:42,874 kilosort.clustering_qr DEBUG    GPU usage:    `conda install pynvml` for GPU usage
2026-07-16 00:01:42,874 kilosort.clustering_qr DEBUG    GPU memory:   22.26 %     |      0.89   /     4.00 GB
2026-07-16 00:01:42,874 kilosort.clustering_qr DEBUG    Allocated:     0.26 %     |      0.01   /     4.00 GB
2026-07-16 00:01:42,874 kilosort.clustering_qr DEBUG    Max alloc:     1.47 %     |      0.06   /     4.00 GB
2026-07-16 00:01:42,874 kilosort.clustering_qr DEBUG    ********************************************************
2026-07-16 00:01:42,899 kilosort.clustering_qr DEBUG    Center 19 | Xd shape: torch.Size([17860, 16]) | ntemp: 16
2026-07-16 00:01:44,341 kilosort.clustering_qr DEBUG    Center 20 | Xd shape: torch.Size([15907, 16]) | ntemp: 16
2026-07-16 00:01:45,693 kilosort.clustering_qr DEBUG    Center 21 | Xd shape: torch.Size([13319, 16]) | ntemp: 16
2026-07-16 00:01:47,051 kilosort.clustering_qr DEBUG    Center 22 | Xd shape: torch.Size([15334, 16]) | ntemp: 16
2026-07-16 00:01:48,361 kilosort.clustering_qr DEBUG    Center 23 | Xd shape: torch.Size([18069, 16]) | ntemp: 16
2026-07-16 00:01:49,760 kilosort.clustering_qr DEBUG    Center 24 | Xd shape: torch.Size([15203, 16]) | ntemp: 16
2026-07-16 00:01:51,131 kilosort.clustering_qr DEBUG    Center 25 | Xd shape: torch.Size([14578, 16]) | ntemp: 16
2026-07-16 00:01:52,483 kilosort.clustering_qr DEBUG    Center 26 | Xd shape: torch.Size([16082, 16]) | ntemp: 16
2026-07-16 00:01:53,840 kilosort.clustering_qr DEBUG    Center 27 | Xd shape: torch.Size([19024, 16]) | ntemp: 16
2026-07-16 00:01:55,340 kilosort.clustering_qr DEBUG    Center 28 | Xd shape: torch.Size([20210, 16]) | ntemp: 16
2026-07-16 00:01:56,869 kilosort.clustering_qr DEBUG     
2026-07-16 00:01:56,869 kilosort.clustering_qr DEBUG    Cluster center: 29 (30/96)
2026-07-16 00:01:56,869 kilosort.clustering_qr DEBUG    ********************************************************
2026-07-16 00:01:56,869 kilosort.clustering_qr DEBUG    CPU usage:    24.50 %
2026-07-16 00:01:56,869 kilosort.clustering_qr DEBUG    Mem used:     62.00 %     |       9.70 GB
2026-07-16 00:01:56,879 kilosort.clustering_qr DEBUG    Mem avail:     5.95 / 15.65 GB
2026-07-16 00:01:56,879 kilosort.clustering_qr DEBUG    ------------------------------------------------------
2026-07-16 00:01:56,879 kilosort.clustering_qr DEBUG    GPU usage:    `conda install pynvml` for GPU usage
2026-07-16 00:01:56,880 kilosort.clustering_qr DEBUG    GPU memory:   22.26 %     |      0.89   /     4.00 GB
2026-07-16 00:01:56,880 kilosort.clustering_qr DEBUG    Allocated:     0.26 %     |      0.01   /     4.00 GB
2026-07-16 00:01:56,880 kilosort.clustering_qr DEBUG    Max alloc:     1.55 %     |      0.06   /     4.00 GB
2026-07-16 00:01:56,880 kilosort.clustering_qr DEBUG    ********************************************************
2026-07-16 00:01:56,910 kilosort.clustering_qr DEBUG    Center 29 | Xd shape: torch.Size([24073, 16]) | ntemp: 16
2026-07-16 00:01:58,460 kilosort.clustering_qr DEBUG    Center 30 | Xd shape: torch.Size([20176, 16]) | ntemp: 16
2026-07-16 00:01:59,901 kilosort.clustering_qr DEBUG     
2026-07-16 00:01:59,901 kilosort.clustering_qr DEBUG    Cluster center: 39 (40/96)
2026-07-16 00:01:59,901 kilosort.clustering_qr DEBUG    ********************************************************
2026-07-16 00:01:59,901 kilosort.clustering_qr DEBUG    CPU usage:    22.30 %
2026-07-16 00:01:59,901 kilosort.clustering_qr DEBUG    Mem used:     62.00 %     |       9.71 GB
2026-07-16 00:01:59,901 kilosort.clustering_qr DEBUG    Mem avail:     5.94 / 15.65 GB
2026-07-16 00:01:59,901 kilosort.clustering_qr DEBUG    ------------------------------------------------------
2026-07-16 00:01:59,901 kilosort.clustering_qr DEBUG    GPU usage:    `conda install pynvml` for GPU usage
2026-07-16 00:01:59,901 kilosort.clustering_qr DEBUG    GPU memory:   22.26 %     |      0.89   /     4.00 GB
2026-07-16 00:01:59,901 kilosort.clustering_qr DEBUG    Allocated:     0.26 %     |      0.01   /     4.00 GB
2026-07-16 00:01:59,901 kilosort.clustering_qr DEBUG    Max alloc:     1.76 %     |      0.07   /     4.00 GB
2026-07-16 00:01:59,901 kilosort.clustering_qr DEBUG    ********************************************************
2026-07-16 00:01:59,941 kilosort.clustering_qr DEBUG     
2026-07-16 00:01:59,941 kilosort.clustering_qr DEBUG    Cluster center: 49 (50/96)
2026-07-16 00:01:59,941 kilosort.clustering_qr DEBUG    ********************************************************
2026-07-16 00:01:59,941 kilosort.clustering_qr DEBUG    CPU usage:    25.00 %
2026-07-16 00:01:59,941 kilosort.clustering_qr DEBUG    Mem used:     62.00 %     |       9.71 GB
2026-07-16 00:01:59,941 kilosort.clustering_qr DEBUG    Mem avail:     5.94 / 15.65 GB
2026-07-16 00:01:59,941 kilosort.clustering_qr DEBUG    ------------------------------------------------------
2026-07-16 00:01:59,941 kilosort.clustering_qr DEBUG    GPU usage:    `conda install pynvml` for GPU usage
2026-07-16 00:01:59,941 kilosort.clustering_qr DEBUG    GPU memory:   22.26 %     |      0.89   /     4.00 GB
2026-07-16 00:01:59,941 kilosort.clustering_qr DEBUG    Allocated:     0.26 %     |      0.01   /     4.00 GB
2026-07-16 00:01:59,941 kilosort.clustering_qr DEBUG    Max alloc:     1.76 %     |      0.07   /     4.00 GB
2026-07-16 00:01:59,941 kilosort.clustering_qr DEBUG    ********************************************************
2026-07-16 00:01:59,978 kilosort.clustering_qr DEBUG     
2026-07-16 00:01:59,978 kilosort.clustering_qr DEBUG    Cluster center: 59 (60/96)
2026-07-16 00:01:59,978 kilosort.clustering_qr DEBUG    ********************************************************
2026-07-16 00:01:59,978 kilosort.clustering_qr DEBUG    CPU usage:    17.40 %
2026-07-16 00:01:59,978 kilosort.clustering_qr DEBUG    Mem used:     62.00 %     |       9.71 GB
2026-07-16 00:01:59,980 kilosort.clustering_qr DEBUG    Mem avail:     5.94 / 15.65 GB
2026-07-16 00:01:59,980 kilosort.clustering_qr DEBUG    ------------------------------------------------------
2026-07-16 00:01:59,980 kilosort.clustering_qr DEBUG    GPU usage:    `conda install pynvml` for GPU usage
2026-07-16 00:01:59,980 kilosort.clustering_qr DEBUG    GPU memory:   22.26 %     |      0.89   /     4.00 GB
2026-07-16 00:01:59,980 kilosort.clustering_qr DEBUG    Allocated:     0.26 %     |      0.01   /     4.00 GB
2026-07-16 00:01:59,980 kilosort.clustering_qr DEBUG    Max alloc:     1.76 %     |      0.07   /     4.00 GB
2026-07-16 00:01:59,980 kilosort.clustering_qr DEBUG    ********************************************************
2026-07-16 00:02:00,011 kilosort.clustering_qr DEBUG     
2026-07-16 00:02:00,011 kilosort.clustering_qr DEBUG    Cluster center: 69 (70/96)
2026-07-16 00:02:00,011 kilosort.clustering_qr DEBUG    ********************************************************
2026-07-16 00:02:00,011 kilosort.clustering_qr DEBUG    CPU usage:    11.40 %
2026-07-16 00:02:00,011 kilosort.clustering_qr DEBUG    Mem used:     62.00 %     |       9.71 GB
2026-07-16 00:02:00,011 kilosort.clustering_qr DEBUG    Mem avail:     5.94 / 15.65 GB
2026-07-16 00:02:00,011 kilosort.clustering_qr DEBUG    ------------------------------------------------------
2026-07-16 00:02:00,019 kilosort.clustering_qr DEBUG    GPU usage:    `conda install pynvml` for GPU usage
2026-07-16 00:02:00,019 kilosort.clustering_qr DEBUG    GPU memory:   22.26 %     |      0.89   /     4.00 GB
2026-07-16 00:02:00,019 kilosort.clustering_qr DEBUG    Allocated:     0.26 %     |      0.01   /     4.00 GB
2026-07-16 00:02:00,019 kilosort.clustering_qr DEBUG    Max alloc:     1.76 %     |      0.07   /     4.00 GB
2026-07-16 00:02:00,019 kilosort.clustering_qr DEBUG    ********************************************************
2026-07-16 00:02:00,060 kilosort.clustering_qr DEBUG     
2026-07-16 00:02:00,060 kilosort.clustering_qr DEBUG    Cluster center: 79 (80/96)
2026-07-16 00:02:00,060 kilosort.clustering_qr DEBUG    ********************************************************
2026-07-16 00:02:00,060 kilosort.clustering_qr DEBUG    CPU usage:    41.90 %
2026-07-16 00:02:00,060 kilosort.clustering_qr DEBUG    Mem used:     62.00 %     |       9.71 GB
2026-07-16 00:02:00,060 kilosort.clustering_qr DEBUG    Mem avail:     5.94 / 15.65 GB
2026-07-16 00:02:00,060 kilosort.clustering_qr DEBUG    ------------------------------------------------------
2026-07-16 00:02:00,060 kilosort.clustering_qr DEBUG    GPU usage:    `conda install pynvml` for GPU usage
2026-07-16 00:02:00,060 kilosort.clustering_qr DEBUG    GPU memory:   22.26 %     |      0.89   /     4.00 GB
2026-07-16 00:02:00,060 kilosort.clustering_qr DEBUG    Allocated:     0.26 %     |      0.01   /     4.00 GB
2026-07-16 00:02:00,060 kilosort.clustering_qr DEBUG    Max alloc:     1.76 %     |      0.07   /     4.00 GB
2026-07-16 00:02:00,060 kilosort.clustering_qr DEBUG    ********************************************************
2026-07-16 00:02:00,100 kilosort.clustering_qr DEBUG     
2026-07-16 00:02:00,100 kilosort.clustering_qr DEBUG    Cluster center: 89 (90/96)
2026-07-16 00:02:00,100 kilosort.clustering_qr DEBUG    ********************************************************
2026-07-16 00:02:00,101 kilosort.clustering_qr DEBUG    CPU usage:    20.00 %
2026-07-16 00:02:00,101 kilosort.clustering_qr DEBUG    Mem used:     62.00 %     |       9.71 GB
2026-07-16 00:02:00,101 kilosort.clustering_qr DEBUG    Mem avail:     5.94 / 15.65 GB
2026-07-16 00:02:00,101 kilosort.clustering_qr DEBUG    ------------------------------------------------------
2026-07-16 00:02:00,101 kilosort.clustering_qr DEBUG    GPU usage:    `conda install pynvml` for GPU usage
2026-07-16 00:02:00,101 kilosort.clustering_qr DEBUG    GPU memory:   22.26 %     |      0.89   /     4.00 GB
2026-07-16 00:02:00,101 kilosort.clustering_qr DEBUG    Allocated:     0.26 %     |      0.01   /     4.00 GB
2026-07-16 00:02:00,101 kilosort.clustering_qr DEBUG    Max alloc:     1.76 %     |      0.07   /     4.00 GB
2026-07-16 00:02:00,101 kilosort.clustering_qr DEBUG    ********************************************************

100%|██████████| 1/1 [00:45<00:00, 45.97s/it]
100%|██████████| 1/1 [00:45<00:00, 45.97s/it]
2026-07-16 00:02:01,590 kilosort.run_kilosort INFO     670 clusters found, in 47.55s; total 1606.02s
2026-07-16 00:02:01,590 kilosort.run_kilosort DEBUG    clu shape: (548713,)
2026-07-16 00:02:01,590 kilosort.run_kilosort DEBUG    Wall shape: torch.Size([670, 383, 2])
2026-07-16 00:02:01,590 kilosort.run_kilosort INFO      
2026-07-16 00:02:01,590 kilosort.run_kilosort INFO     Resource usage after first clustering
2026-07-16 00:02:01,590 kilosort.run_kilosort INFO     ********************************************************
2026-07-16 00:02:01,590 kilosort.run_kilosort INFO     CPU usage:     0.00 %
2026-07-16 00:02:01,590 kilosort.run_kilosort INFO     Mem used:     61.90 %     |       9.69 GB
2026-07-16 00:02:01,599 kilosort.run_kilosort INFO     Mem avail:     5.96 / 15.65 GB
2026-07-16 00:02:01,599 kilosort.run_kilosort INFO     ------------------------------------------------------
2026-07-16 00:02:01,599 kilosort.run_kilosort INFO     GPU usage:    `conda install pynvml` for GPU usage
2026-07-16 00:02:01,599 kilosort.run_kilosort INFO     GPU memory:   44.34 %     |      1.77   /     4.00 GB
2026-07-16 00:02:01,599 kilosort.run_kilosort INFO     Allocated:     0.30 %     |      0.01   /     4.00 GB
2026-07-16 00:02:01,600 kilosort.run_kilosort INFO     Max alloc:    19.29 %     |      0.77   /     4.00 GB
2026-07-16 00:02:01,600 kilosort.run_kilosort INFO     ********************************************************
2026-07-16 00:02:01,600 kilosort.run_kilosort DEBUG    
2026-07-16 00:02:01,600 kilosort.run_kilosort DEBUG    --------------------
2026-07-16 00:02:01,600 kilosort.run_kilosort DEBUG    Process thread count: N/A (linux only)
2026-07-16 00:02:01,600 kilosort.run_kilosort DEBUG    num torch threads: 8
2026-07-16 00:02:01,600 kilosort.run_kilosort DEBUG    --------------------

2026-07-16 00:02:01,600 kilosort.run_kilosort INFO      
2026-07-16 00:02:01,600 kilosort.run_kilosort INFO     Extracting spikes using cluster waveforms
2026-07-16 00:02:01,600 kilosort.run_kilosort INFO     ----------------------------------------

  0%|          | 0/105 [00:00<?, ?it/s]2026-07-16 00:02:01,630 kilosort.template_matching DEBUG     
2026-07-16 00:02:01,630 kilosort.template_matching DEBUG    Batch 0
2026-07-16 00:02:01,630 kilosort.template_matching DEBUG    ********************************************************
2026-07-16 00:02:01,630 kilosort.template_matching DEBUG    CPU usage:    32.30 %
2026-07-16 00:02:01,630 kilosort.template_matching DEBUG    Mem used:     62.00 %     |       9.70 GB
2026-07-16 00:02:01,630 kilosort.template_matching DEBUG    Mem avail:     5.95 / 15.65 GB
2026-07-16 00:02:01,630 kilosort.template_matching DEBUG    ------------------------------------------------------
2026-07-16 00:02:01,630 kilosort.template_matching DEBUG    GPU usage:    `conda install pynvml` for GPU usage
2026-07-16 00:02:01,630 kilosort.template_matching DEBUG    GPU memory:   44.34 %     |      1.77   /     4.00 GB
2026-07-16 00:02:01,630 kilosort.template_matching DEBUG    Allocated:     4.74 %     |      0.19   /     4.00 GB
2026-07-16 00:02:01,630 kilosort.template_matching DEBUG    Max alloc:     5.02 %     |      0.20   /     4.00 GB
2026-07-16 00:02:01,630 kilosort.template_matching DEBUG    ********************************************************

  1%|          | 1/105 [00:03<05:32,  3.20s/it]
  2%|▏         | 2/105 [00:06<05:09,  3.00s/it]
  3%|▎         | 3/105 [00:08<05:00,  2.94s/it]
  4%|▍         | 4/105 [00:11<04:54,  2.91s/it]
  5%|▍         | 5/105 [00:14<04:48,  2.89s/it]
  6%|▌         | 6/105 [00:17<04:50,  2.93s/it]
  7%|▋         | 7/105 [00:20<04:45,  2.91s/it]
  8%|▊         | 8/105 [00:23<04:50,  3.00s/it]
  9%|▊         | 9/105 [00:26<04:42,  2.94s/it]
 10%|▉         | 10/105 [00:29<04:31,  2.86s/it]
 10%|█         | 11/105 [00:31<04:08,  2.64s/it]
 11%|█▏        | 12/105 [00:33<03:59,  2.58s/it]
 12%|█▏        | 13/105 [00:36<03:58,  2.59s/it]
 13%|█▎        | 14/105 [00:39<03:58,  2.63s/it]
 14%|█▍        | 15/105 [00:41<04:00,  2.67s/it]
 15%|█▌        | 16/105 [00:44<03:59,  2.69s/it]
 16%|█▌        | 17/105 [00:47<03:59,  2.72s/it]
 17%|█▋        | 18/105 [00:49<03:52,  2.67s/it]
 18%|█▊        | 19/105 [00:52<03:48,  2.66s/it]
 19%|█▉        | 20/105 [00:55<03:43,  2.63s/it]
 20%|██        | 21/105 [00:57<03:31,  2.51s/it]
 21%|██        | 22/105 [01:00<03:32,  2.55s/it]
 22%|██▏       | 23/105 [01:02<03:27,  2.53s/it]
 23%|██▎       | 24/105 [01:05<03:29,  2.59s/it]
 24%|██▍       | 25/105 [01:07<03:25,  2.56s/it]
 25%|██▍       | 26/105 [01:10<03:24,  2.59s/it]
 26%|██▌       | 27/105 [01:12<03:20,  2.58s/it]
 27%|██▋       | 28/105 [01:15<03:13,  2.52s/it]
 28%|██▊       | 29/105 [01:17<03:08,  2.49s/it]
 29%|██▊       | 30/105 [01:20<03:08,  2.52s/it]
 30%|██▉       | 31/105 [01:22<03:04,  2.49s/it]
 30%|███       | 32/105 [01:25<03:05,  2.54s/it]
 31%|███▏      | 33/105 [01:28<03:03,  2.56s/it]
 32%|███▏      | 34/105 [01:30<03:02,  2.56s/it]
 33%|███▎      | 35/105 [01:33<03:01,  2.59s/it]
 34%|███▍      | 36/105 [01:35<02:51,  2.49s/it]
 35%|███▌      | 37/105 [01:38<02:49,  2.50s/it]
 36%|███▌      | 38/105 [01:40<02:49,  2.52s/it]
 37%|███▋      | 39/105 [01:43<02:49,  2.57s/it]
 38%|███▊      | 40/105 [01:45<02:43,  2.52s/it]
 39%|███▉      | 41/105 [01:48<02:44,  2.58s/it]
 40%|████      | 42/105 [01:50<02:42,  2.58s/it]
 41%|████      | 43/105 [01:53<02:32,  2.46s/it]
 42%|████▏     | 44/105 [01:55<02:33,  2.52s/it]
 43%|████▎     | 45/105 [01:58<02:29,  2.50s/it]
 44%|████▍     | 46/105 [02:00<02:26,  2.48s/it]
 45%|████▍     | 47/105 [02:03<02:23,  2.47s/it]
 46%|████▌     | 48/105 [02:05<02:22,  2.50s/it]
 47%|████▋     | 49/105 [02:08<02:21,  2.53s/it]
 48%|████▊     | 50/105 [02:11<02:21,  2.58s/it]
 49%|████▊     | 51/105 [02:13<02:18,  2.57s/it]
 50%|████▉     | 52/105 [02:16<02:15,  2.56s/it]
 50%|█████     | 53/105 [02:18<02:12,  2.55s/it]
 51%|█████▏    | 54/105 [02:21<02:10,  2.56s/it]
 52%|█████▏    | 55/105 [02:23<02:09,  2.58s/it]
 53%|█████▎    | 56/105 [02:26<02:05,  2.57s/it]
 54%|█████▍    | 57/105 [02:28<01:58,  2.46s/it]
 55%|█████▌    | 58/105 [02:31<01:56,  2.48s/it]
 56%|█████▌    | 59/105 [02:33<01:54,  2.49s/it]
 57%|█████▋    | 60/105 [02:35<01:47,  2.40s/it]
 58%|█████▊    | 61/105 [02:38<01:48,  2.47s/it]
 59%|█████▉    | 62/105 [02:41<01:47,  2.50s/it]
 60%|██████    | 63/105 [02:43<01:46,  2.53s/it]
 61%|██████    | 64/105 [02:46<01:45,  2.57s/it]
 62%|██████▏   | 65/105 [02:48<01:42,  2.56s/it]
 63%|██████▎   | 66/105 [02:51<01:40,  2.57s/it]
 64%|██████▍   | 67/105 [02:54<01:38,  2.58s/it]
 65%|██████▍   | 68/105 [02:56<01:35,  2.57s/it]
 66%|██████▌   | 69/105 [02:58<01:30,  2.50s/it]
 67%|██████▋   | 70/105 [03:01<01:28,  2.51s/it]
 68%|██████▊   | 71/105 [03:04<01:26,  2.54s/it]
 69%|██████▊   | 72/105 [03:06<01:23,  2.53s/it]
 70%|██████▉   | 73/105 [03:09<01:21,  2.55s/it]
 70%|███████   | 74/105 [03:11<01:19,  2.58s/it]
 71%|███████▏  | 75/105 [03:14<01:16,  2.56s/it]
 72%|███████▏  | 76/105 [03:16<01:14,  2.57s/it]
 73%|███████▎  | 77/105 [03:19<01:12,  2.58s/it]
 74%|███████▍  | 78/105 [03:22<01:09,  2.57s/it]
 75%|███████▌  | 79/105 [03:24<01:06,  2.58s/it]
 76%|███████▌  | 80/105 [03:27<01:04,  2.58s/it]
 77%|███████▋  | 81/105 [03:29<01:02,  2.61s/it]
 78%|███████▊  | 82/105 [03:32<00:59,  2.60s/it]
 79%|███████▉  | 83/105 [03:35<00:57,  2.60s/it]
 80%|████████  | 84/105 [03:37<00:54,  2.60s/it]
 81%|████████  | 85/105 [03:40<00:50,  2.54s/it]
 82%|████████▏ | 86/105 [03:42<00:48,  2.55s/it]
 83%|████████▎ | 87/105 [03:45<00:46,  2.57s/it]
 84%|████████▍ | 88/105 [03:47<00:43,  2.54s/it]
 85%|████████▍ | 89/105 [03:50<00:40,  2.54s/it]
 86%|████████▌ | 90/105 [03:52<00:38,  2.56s/it]
 87%|████████▋ | 91/105 [03:55<00:35,  2.57s/it]
 88%|████████▊ | 92/105 [03:58<00:33,  2.56s/it]
 89%|████████▊ | 93/105 [04:00<00:30,  2.58s/it]
 90%|████████▉ | 94/105 [04:03<00:28,  2.61s/it]
 90%|█████████ | 95/105 [04:05<00:25,  2.59s/it]
 91%|█████████▏| 96/105 [04:08<00:23,  2.57s/it]
 92%|█████████▏| 97/105 [04:10<00:20,  2.55s/it]
 93%|█████████▎| 98/105 [04:13<00:17,  2.55s/it]
 94%|█████████▍| 99/105 [04:16<00:15,  2.57s/it]
 95%|█████████▌| 100/105 [04:18<00:12,  2.56s/it]2026-07-16 00:06:20,272 kilosort.template_matching DEBUG     
2026-07-16 00:06:20,272 kilosort.template_matching DEBUG    Batch 100
2026-07-16 00:06:20,272 kilosort.template_matching DEBUG    ********************************************************
2026-07-16 00:06:20,272 kilosort.template_matching DEBUG    CPU usage:    26.40 %
2026-07-16 00:06:20,272 kilosort.template_matching DEBUG    Mem used:     62.70 %     |       9.81 GB
2026-07-16 00:06:20,272 kilosort.template_matching DEBUG    Mem avail:     5.84 / 15.65 GB
2026-07-16 00:06:20,272 kilosort.template_matching DEBUG    ------------------------------------------------------
2026-07-16 00:06:20,272 kilosort.template_matching DEBUG    GPU usage:    `conda install pynvml` for GPU usage
2026-07-16 00:06:20,272 kilosort.template_matching DEBUG    GPU memory:   72.66 %     |      2.91   /     4.00 GB
2026-07-16 00:06:20,272 kilosort.template_matching DEBUG    Allocated:     9.06 %     |      0.36   /     4.00 GB
2026-07-16 00:06:20,272 kilosort.template_matching DEBUG    Max alloc:    39.30 %     |      1.57   /     4.00 GB
2026-07-16 00:06:20,272 kilosort.template_matching DEBUG    ********************************************************

 96%|█████████▌| 101/105 [04:20<00:09,  2.44s/it]
 97%|█████████▋| 102/105 [04:23<00:07,  2.48s/it]
 98%|█████████▊| 103/105 [04:25<00:05,  2.50s/it]
 99%|█████████▉| 104/105 [04:28<00:02,  2.50s/it]
100%|██████████| 105/105 [04:30<00:00,  2.25s/it]
100%|██████████| 105/105 [04:30<00:00,  2.57s/it]
2026-07-16 00:06:31,711 kilosort.template_matching DEBUG     
2026-07-16 00:06:31,711 kilosort.template_matching DEBUG    Batch 104
2026-07-16 00:06:31,711 kilosort.template_matching DEBUG    ********************************************************
2026-07-16 00:06:31,711 kilosort.template_matching DEBUG    CPU usage:    24.50 %
2026-07-16 00:06:31,711 kilosort.template_matching DEBUG    Mem used:     62.60 %     |       9.80 GB
2026-07-16 00:06:31,711 kilosort.template_matching DEBUG    Mem avail:     5.85 / 15.65 GB
2026-07-16 00:06:31,711 kilosort.template_matching DEBUG    ------------------------------------------------------
2026-07-16 00:06:31,711 kilosort.template_matching DEBUG    GPU usage:    `conda install pynvml` for GPU usage
2026-07-16 00:06:31,711 kilosort.template_matching DEBUG    GPU memory:   72.66 %     |      2.91   /     4.00 GB
2026-07-16 00:06:31,711 kilosort.template_matching DEBUG    Allocated:     9.05 %     |      0.36   /     4.00 GB
2026-07-16 00:06:31,711 kilosort.template_matching DEBUG    Max alloc:    39.30 %     |      1.57   /     4.00 GB
2026-07-16 00:06:31,711 kilosort.template_matching DEBUG    ********************************************************
2026-07-16 00:06:32,280 kilosort.run_kilosort DEBUG    
2026-07-16 00:06:32,280 kilosort.run_kilosort DEBUG    --------------------
2026-07-16 00:06:32,280 kilosort.run_kilosort DEBUG    Process thread count: N/A (linux only)
2026-07-16 00:06:32,280 kilosort.run_kilosort DEBUG    num torch threads: 8
2026-07-16 00:06:32,280 kilosort.run_kilosort DEBUG    --------------------

2026-07-16 00:06:32,282 kilosort.run_kilosort INFO     2607303 spikes extracted in 270.68s; total 1876.71s
2026-07-16 00:06:32,282 kilosort.run_kilosort DEBUG    st shape: (2607303, 3)
2026-07-16 00:06:32,282 kilosort.run_kilosort DEBUG    tF shape: torch.Size([2607303, 2, 2])
2026-07-16 00:06:32,282 kilosort.run_kilosort DEBUG    iCC shape: torch.Size([2, 383])
2026-07-16 00:06:32,282 kilosort.run_kilosort DEBUG    iU shape: torch.Size([622])
2026-07-16 00:06:32,282 kilosort.run_kilosort DEBUG    

|===========================================================================|
|                  PyTorch CUDA memory summary, device ID 0                 |
|---------------------------------------------------------------------------|
|            CUDA OOMs: 0            |        cudaMalloc retries: 0         |
|===========================================================================|
|        Metric         | Cur Usage  | Peak Usage | Tot Alloc  | Tot Freed  |
|---------------------------------------------------------------------------|
| Allocated memory      |  12741 KiB |   1609 MiB |  22761 GiB |  22761 GiB |
|---------------------------------------------------------------------------|
| Active memory         |  12741 KiB |   1609 MiB |  22761 GiB |  22761 GiB |
|---------------------------------------------------------------------------|
| Requested memory      |  12738 KiB |   1609 MiB |  22748 GiB |  22748 GiB |
|---------------------------------------------------------------------------|
| GPU reserved memory   |   2112 MiB |   2112 MiB |    990 GiB |    988 GiB |
|---------------------------------------------------------------------------|
| Non-releasable memory |  38458 KiB |   1037 MiB |  11962 GiB |  11962 GiB |
|---------------------------------------------------------------------------|
| Allocations           |      13    |      45    |     986 K  |     986 K  |
|---------------------------------------------------------------------------|
| Active allocs         |      13    |      45    |     986 K  |     986 K  |
|---------------------------------------------------------------------------|
| GPU reserved segments |      13    |      13    |    3054    |    3041    |
|---------------------------------------------------------------------------|
| Non-releasable allocs |      11    |      24    |  420796    |  420785    |
|---------------------------------------------------------------------------|
| Oversize allocations  |       0    |       0    |       0    |       0    |
|---------------------------------------------------------------------------|
| Oversize GPU segments |       0    |       0    |       0    |       0    |
|===========================================================================|


2026-07-16 00:06:32,282 kilosort.run_kilosort INFO      
2026-07-16 00:06:32,282 kilosort.run_kilosort INFO     Resource usage after spike detect (learned)
2026-07-16 00:06:32,282 kilosort.run_kilosort INFO     ********************************************************
2026-07-16 00:06:32,282 kilosort.run_kilosort INFO     CPU usage:     0.00 %
2026-07-16 00:06:32,282 kilosort.run_kilosort INFO     Mem used:     62.20 %     |       9.73 GB
2026-07-16 00:06:32,282 kilosort.run_kilosort INFO     Mem avail:     5.92 / 15.65 GB
2026-07-16 00:06:32,282 kilosort.run_kilosort INFO     ------------------------------------------------------
2026-07-16 00:06:32,282 kilosort.run_kilosort INFO     GPU usage:    `conda install pynvml` for GPU usage
2026-07-16 00:06:32,282 kilosort.run_kilosort INFO     GPU memory:   72.66 %     |      2.91   /     4.00 GB
2026-07-16 00:06:32,282 kilosort.run_kilosort INFO     Allocated:     0.30 %     |      0.01   /     4.00 GB
2026-07-16 00:06:32,282 kilosort.run_kilosort INFO     Max alloc:    39.30 %     |      1.57   /     4.00 GB
2026-07-16 00:06:32,282 kilosort.run_kilosort INFO     ********************************************************
2026-07-16 00:06:32,290 kilosort.run_kilosort DEBUG    
2026-07-16 00:06:32,290 kilosort.run_kilosort DEBUG    --------------------
2026-07-16 00:06:32,290 kilosort.run_kilosort DEBUG    Process thread count: N/A (linux only)
2026-07-16 00:06:32,290 kilosort.run_kilosort DEBUG    num torch threads: 8
2026-07-16 00:06:32,290 kilosort.run_kilosort DEBUG    --------------------

2026-07-16 00:06:32,290 kilosort.run_kilosort INFO     Generating diagnostic plots ...
2026-07-16 00:06:35,487 kilosort.run_kilosort INFO      
2026-07-16 00:06:35,487 kilosort.run_kilosort INFO     Final clustering
2026-07-16 00:06:35,487 kilosort.run_kilosort INFO     ----------------------------------------

  0%|          | 0/1 [00:00<?, ?it/s]2026-07-16 00:06:35,562 kilosort.clustering_qr DEBUG    Center 0 | Xd shape: torch.Size([73241, 8]) | ntemp: 13
2026-07-16 00:06:45,842 kilosort.clustering_qr DEBUG    Center 1 | Xd shape: torch.Size([91354, 10]) | ntemp: 22
2026-07-16 00:06:50,872 kilosort.clustering_qr DEBUG    Center 2 | Xd shape: torch.Size([89836, 14]) | ntemp: 23
2026-07-16 00:06:55,381 kilosort.clustering_qr DEBUG    Center 3 | Xd shape: torch.Size([91037, 10]) | ntemp: 22
2026-07-16 00:06:59,920 kilosort.clustering_qr DEBUG    Center 4 | Xd shape: torch.Size([90139, 12]) | ntemp: 22
2026-07-16 00:07:04,502 kilosort.clustering_qr DEBUG    Center 5 | Xd shape: torch.Size([89506, 10]) | ntemp: 22
2026-07-16 00:07:09,001 kilosort.clustering_qr DEBUG    Center 6 | Xd shape: torch.Size([89083, 10]) | ntemp: 20
2026-07-16 00:07:13,461 kilosort.clustering_qr DEBUG    Center 7 | Xd shape: torch.Size([92946, 12]) | ntemp: 18
2026-07-16 00:07:18,142 kilosort.clustering_qr DEBUG    Center 8 | Xd shape: torch.Size([76715, 10]) | ntemp: 14
2026-07-16 00:07:21,931 kilosort.clustering_qr DEBUG     
2026-07-16 00:07:21,931 kilosort.clustering_qr DEBUG    Cluster center: 9 (10/31)
2026-07-16 00:07:21,931 kilosort.clustering_qr DEBUG    ********************************************************
2026-07-16 00:07:21,931 kilosort.clustering_qr DEBUG    CPU usage:    28.80 %
2026-07-16 00:07:21,940 kilosort.clustering_qr DEBUG    Mem used:     62.30 %     |       9.74 GB
2026-07-16 00:07:21,940 kilosort.clustering_qr DEBUG    Mem avail:     5.91 / 15.65 GB
2026-07-16 00:07:21,940 kilosort.clustering_qr DEBUG    ------------------------------------------------------
2026-07-16 00:07:21,940 kilosort.clustering_qr DEBUG    GPU usage:    `conda install pynvml` for GPU usage
2026-07-16 00:07:21,940 kilosort.clustering_qr DEBUG    GPU memory:   22.31 %     |      0.89   /     4.00 GB
2026-07-16 00:07:21,940 kilosort.clustering_qr DEBUG    Allocated:     0.27 %     |      0.01   /     4.00 GB
2026-07-16 00:07:21,940 kilosort.clustering_qr DEBUG    Max alloc:     6.04 %     |      0.24   /     4.00 GB
2026-07-16 00:07:21,940 kilosort.clustering_qr DEBUG    ********************************************************
2026-07-16 00:07:21,981 kilosort.clustering_qr DEBUG    Center 9 | Xd shape: torch.Size([84194, 10]) | ntemp: 18
2026-07-16 00:07:26,172 kilosort.clustering_qr DEBUG    Center 10 | Xd shape: torch.Size([79609, 12]) | ntemp: 19
2026-07-16 00:07:30,241 kilosort.clustering_qr DEBUG    Center 11 | Xd shape: torch.Size([86579, 10]) | ntemp: 19
2026-07-16 00:07:34,662 kilosort.clustering_qr DEBUG    Center 12 | Xd shape: torch.Size([83262, 12]) | ntemp: 21
2026-07-16 00:07:38,791 kilosort.clustering_qr DEBUG    Center 13 | Xd shape: torch.Size([91656, 14]) | ntemp: 23
2026-07-16 00:07:43,460 kilosort.clustering_qr DEBUG    Center 14 | Xd shape: torch.Size([86757, 10]) | ntemp: 21
2026-07-16 00:07:47,786 kilosort.clustering_qr DEBUG    Center 15 | Xd shape: torch.Size([79388, 10]) | ntemp: 19
2026-07-16 00:07:51,730 kilosort.clustering_qr DEBUG    Center 16 | Xd shape: torch.Size([82319, 14]) | ntemp: 18
2026-07-16 00:07:55,872 kilosort.clustering_qr DEBUG    Center 17 | Xd shape: torch.Size([85859, 14]) | ntemp: 19
2026-07-16 00:08:00,320 kilosort.clustering_qr DEBUG    Center 18 | Xd shape: torch.Size([82364, 10]) | ntemp: 22
2026-07-16 00:08:04,630 kilosort.clustering_qr DEBUG     
2026-07-16 00:08:04,630 kilosort.clustering_qr DEBUG    Cluster center: 19 (20/31)
2026-07-16 00:08:04,630 kilosort.clustering_qr DEBUG    ********************************************************
2026-07-16 00:08:04,630 kilosort.clustering_qr DEBUG    CPU usage:    30.40 %
2026-07-16 00:08:04,630 kilosort.clustering_qr DEBUG    Mem used:     60.60 %     |       9.48 GB
2026-07-16 00:08:04,630 kilosort.clustering_qr DEBUG    Mem avail:     6.16 / 15.65 GB
2026-07-16 00:08:04,630 kilosort.clustering_qr DEBUG    ------------------------------------------------------
2026-07-16 00:08:04,630 kilosort.clustering_qr DEBUG    GPU usage:    `conda install pynvml` for GPU usage
2026-07-16 00:08:04,630 kilosort.clustering_qr DEBUG    GPU memory:   22.31 %     |      0.89   /     4.00 GB
2026-07-16 00:08:04,630 kilosort.clustering_qr DEBUG    Allocated:     0.27 %     |      0.01   /     4.00 GB
2026-07-16 00:08:04,630 kilosort.clustering_qr DEBUG    Max alloc:     6.04 %     |      0.24   /     4.00 GB
2026-07-16 00:08:04,630 kilosort.clustering_qr DEBUG    ********************************************************
2026-07-16 00:08:04,731 kilosort.clustering_qr DEBUG    Center 19 | Xd shape: torch.Size([96981, 12]) | ntemp: 24
2026-07-16 00:08:10,011 kilosort.clustering_qr DEBUG    Center 20 | Xd shape: torch.Size([79368, 12]) | ntemp: 19
2026-07-16 00:08:14,032 kilosort.clustering_qr DEBUG    Center 21 | Xd shape: torch.Size([79588, 10]) | ntemp: 26
2026-07-16 00:08:18,025 kilosort.clustering_qr DEBUG    Center 22 | Xd shape: torch.Size([64968, 10]) | ntemp: 16
2026-07-16 00:08:21,267 kilosort.clustering_qr DEBUG    Center 23 | Xd shape: torch.Size([90906, 10]) | ntemp: 25
2026-07-16 00:08:25,902 kilosort.clustering_qr DEBUG    Center 24 | Xd shape: torch.Size([80202, 12]) | ntemp: 19
2026-07-16 00:08:29,902 kilosort.clustering_qr DEBUG    Center 25 | Xd shape: torch.Size([72108, 14]) | ntemp: 24
2026-07-16 00:08:33,491 kilosort.clustering_qr DEBUG    Center 26 | Xd shape: torch.Size([89199, 10]) | ntemp: 23
2026-07-16 00:08:37,962 kilosort.clustering_qr DEBUG    Center 27 | Xd shape: torch.Size([89140, 12]) | ntemp: 21
2026-07-16 00:08:42,449 kilosort.clustering_qr DEBUG    Center 28 | Xd shape: torch.Size([86708, 12]) | ntemp: 21
2026-07-16 00:08:46,820 kilosort.clustering_qr DEBUG     
2026-07-16 00:08:46,820 kilosort.clustering_qr DEBUG    Cluster center: 29 (30/31)
2026-07-16 00:08:46,820 kilosort.clustering_qr DEBUG    ********************************************************
2026-07-16 00:08:46,820 kilosort.clustering_qr DEBUG    CPU usage:    26.90 %
2026-07-16 00:08:46,830 kilosort.clustering_qr DEBUG    Mem used:     60.50 %     |       9.47 GB
2026-07-16 00:08:46,830 kilosort.clustering_qr DEBUG    Mem avail:     6.18 / 15.65 GB
2026-07-16 00:08:46,830 kilosort.clustering_qr DEBUG    ------------------------------------------------------
2026-07-16 00:08:46,830 kilosort.clustering_qr DEBUG    GPU usage:    `conda install pynvml` for GPU usage
2026-07-16 00:08:46,830 kilosort.clustering_qr DEBUG    GPU memory:   22.31 %     |      0.89   /     4.00 GB
2026-07-16 00:08:46,830 kilosort.clustering_qr DEBUG    Allocated:     0.27 %     |      0.01   /     4.00 GB
2026-07-16 00:08:46,830 kilosort.clustering_qr DEBUG    Max alloc:     6.29 %     |      0.25   /     4.00 GB
2026-07-16 00:08:46,830 kilosort.clustering_qr DEBUG    ********************************************************
2026-07-16 00:08:46,890 kilosort.clustering_qr DEBUG    Center 29 | Xd shape: torch.Size([91944, 10]) | ntemp: 20
2026-07-16 00:08:51,460 kilosort.clustering_qr DEBUG    Center 30 | Xd shape: torch.Size([60347, 8]) | ntemp: 9

100%|██████████| 1/1 [02:18<00:00, 138.90s/it]
100%|██████████| 1/1 [02:18<00:00, 138.90s/it]
2026-07-16 00:08:54,421 kilosort.run_kilosort INFO     247 clusters found, in 138.93s; total 2018.85s
2026-07-16 00:08:54,421 kilosort.run_kilosort DEBUG    clu shape: (2607303,)
2026-07-16 00:08:54,421 kilosort.run_kilosort DEBUG    Wall shape: torch.Size([247, 383, 2])
2026-07-16 00:08:54,422 kilosort.run_kilosort DEBUG    
2026-07-16 00:08:54,422 kilosort.run_kilosort DEBUG    --------------------
2026-07-16 00:08:54,422 kilosort.run_kilosort DEBUG    Process thread count: N/A (linux only)
2026-07-16 00:08:54,422 kilosort.run_kilosort DEBUG    num torch threads: 8
2026-07-16 00:08:54,422 kilosort.run_kilosort DEBUG    --------------------

2026-07-16 00:08:54,422 kilosort.run_kilosort INFO      
2026-07-16 00:08:54,422 kilosort.run_kilosort INFO     Merging clusters
2026-07-16 00:08:54,422 kilosort.run_kilosort INFO     ----------------------------------------
2026-07-16 00:08:57,222 kilosort.run_kilosort INFO     247 units found, in 2.80s; total 2021.66s
2026-07-16 00:08:57,222 kilosort.run_kilosort DEBUG    clu shape: (2607303,)
2026-07-16 00:08:57,222 kilosort.run_kilosort DEBUG    Wall shape: torch.Size([247, 383, 2])
2026-07-16 00:08:57,230 kilosort.run_kilosort DEBUG    

|===========================================================================|
|                  PyTorch CUDA memory summary, device ID 0                 |
|---------------------------------------------------------------------------|
|            CUDA OOMs: 0            |        cudaMalloc retries: 0         |
|===========================================================================|
|        Metric         | Cur Usage  | Peak Usage | Tot Alloc  | Tot Freed  |
|---------------------------------------------------------------------------|
| Allocated memory      |  10880 KiB | 263754 KiB |  25561 GiB |  25561 GiB |
|---------------------------------------------------------------------------|
| Active memory         |  10880 KiB | 263754 KiB |  25561 GiB |  25561 GiB |
|---------------------------------------------------------------------------|
| Requested memory      |  10877 KiB | 263720 KiB |  25537 GiB |  25537 GiB |
|---------------------------------------------------------------------------|
| GPU reserved memory   |  53248 KiB |   2112 MiB |    999 GiB |    998 GiB |
|---------------------------------------------------------------------------|
| Non-releasable memory |  40320 KiB |  87917 KiB |  12627 GiB |  12627 GiB |
|---------------------------------------------------------------------------|
| Allocations           |      12    |      44    |    1435 K  |    1435 K  |
|---------------------------------------------------------------------------|
| Active allocs         |      12    |      44    |    1435 K  |    1435 K  |
|---------------------------------------------------------------------------|
| GPU reserved segments |       4    |      13    |    3291    |    3287    |
|---------------------------------------------------------------------------|
| Non-releasable allocs |      10    |      20    |  596670    |  596660    |
|---------------------------------------------------------------------------|
| Oversize allocations  |       0    |       0    |       0    |       0    |
|---------------------------------------------------------------------------|
| Oversize GPU segments |       0    |       0    |       0    |       0    |
|===========================================================================|


2026-07-16 00:08:57,230 kilosort.run_kilosort INFO      
2026-07-16 00:08:57,232 kilosort.run_kilosort INFO     Resource usage after clustering
2026-07-16 00:08:57,232 kilosort.run_kilosort INFO     ********************************************************
2026-07-16 00:08:57,232 kilosort.run_kilosort INFO     CPU usage:    12.50 %
2026-07-16 00:08:57,232 kilosort.run_kilosort INFO     Mem used:     61.00 %     |       9.55 GB
2026-07-16 00:08:57,232 kilosort.run_kilosort INFO     Mem avail:     6.10 / 15.65 GB
2026-07-16 00:08:57,232 kilosort.run_kilosort INFO     ------------------------------------------------------
2026-07-16 00:08:57,232 kilosort.run_kilosort INFO     GPU usage:    `conda install pynvml` for GPU usage
2026-07-16 00:08:57,232 kilosort.run_kilosort INFO     GPU memory:   22.36 %     |      0.89   /     4.00 GB
2026-07-16 00:08:57,232 kilosort.run_kilosort INFO     Allocated:     0.26 %     |      0.01   /     4.00 GB
2026-07-16 00:08:57,232 kilosort.run_kilosort INFO     Max alloc:     6.29 %     |      0.25   /     4.00 GB
2026-07-16 00:08:57,232 kilosort.run_kilosort INFO     ********************************************************
2026-07-16 00:08:57,240 kilosort.run_kilosort DEBUG    
2026-07-16 00:08:57,240 kilosort.run_kilosort DEBUG    --------------------
2026-07-16 00:08:57,240 kilosort.run_kilosort DEBUG    Process thread count: N/A (linux only)
2026-07-16 00:08:57,240 kilosort.run_kilosort DEBUG    num torch threads: 8
2026-07-16 00:08:57,240 kilosort.run_kilosort DEBUG    --------------------

2026-07-16 00:08:57,240 kilosort.run_kilosort INFO      
2026-07-16 00:08:57,240 kilosort.run_kilosort INFO     Saving to phy and computing refractory periods
2026-07-16 00:08:57,240 kilosort.run_kilosort INFO     ----------------------------------------
2026-07-16 00:08:57,340 kilosort.io  DEBUG     
2026-07-16 00:08:57,340 kilosort.io  DEBUG    save_to_phy, whitening
2026-07-16 00:08:57,360 kilosort.io  DEBUG    ********************************************************
2026-07-16 00:08:57,360 kilosort.io  DEBUG    CPU usage:    11.50 %
2026-07-16 00:08:57,360 kilosort.io  DEBUG    Mem used:     60.70 %     |       9.49 GB
2026-07-16 00:08:57,360 kilosort.io  DEBUG    Mem avail:     6.15 / 15.65 GB
2026-07-16 00:08:57,360 kilosort.io  DEBUG    ------------------------------------------------------
2026-07-16 00:08:57,360 kilosort.io  DEBUG    GPU usage:    `conda install pynvml` for GPU usage
2026-07-16 00:08:57,360 kilosort.io  DEBUG    GPU memory:   22.36 %     |      0.89   /     4.00 GB
2026-07-16 00:08:57,360 kilosort.io  DEBUG    Allocated:     0.27 %     |      0.01   /     4.00 GB
2026-07-16 00:08:57,362 kilosort.io  DEBUG    Max alloc:     0.31 %     |      0.01   /     4.00 GB
2026-07-16 00:08:57,362 kilosort.io  DEBUG    ********************************************************
2026-07-16 00:08:57,661 kilosort.io  DEBUG     
2026-07-16 00:08:57,661 kilosort.io  DEBUG    save_to_phy, spike positions
2026-07-16 00:08:57,661 kilosort.io  DEBUG    ********************************************************
2026-07-16 00:08:57,661 kilosort.io  DEBUG    CPU usage:    30.70 %
2026-07-16 00:08:57,661 kilosort.io  DEBUG    Mem used:     61.60 %     |       9.64 GB
2026-07-16 00:08:57,661 kilosort.io  DEBUG    Mem avail:     6.01 / 15.65 GB
2026-07-16 00:08:57,661 kilosort.io  DEBUG    ------------------------------------------------------
2026-07-16 00:08:57,661 kilosort.io  DEBUG    GPU usage:    `conda install pynvml` for GPU usage
2026-07-16 00:08:57,661 kilosort.io  DEBUG    GPU memory:   22.36 %     |      0.89   /     4.00 GB
2026-07-16 00:08:57,661 kilosort.io  DEBUG    Allocated:     0.27 %     |      0.01   /     4.00 GB
2026-07-16 00:08:57,661 kilosort.io  DEBUG    Max alloc:     0.27 %     |      0.01   /     4.00 GB
2026-07-16 00:08:57,661 kilosort.io  DEBUG    ********************************************************
2026-07-16 00:08:59,542 kilosort.io  DEBUG     
2026-07-16 00:08:59,542 kilosort.io  DEBUG    save_to_phy, remove duplicates
2026-07-16 00:08:59,542 kilosort.io  DEBUG    ********************************************************
2026-07-16 00:08:59,542 kilosort.io  DEBUG    CPU usage:    12.00 %
2026-07-16 00:08:59,542 kilosort.io  DEBUG    Mem used:     61.60 %     |       9.63 GB
2026-07-16 00:08:59,542 kilosort.io  DEBUG    Mem avail:     6.02 / 15.65 GB
2026-07-16 00:08:59,542 kilosort.io  DEBUG    ------------------------------------------------------
2026-07-16 00:08:59,542 kilosort.io  DEBUG    GPU usage:    `conda install pynvml` for GPU usage
2026-07-16 00:08:59,542 kilosort.io  DEBUG    GPU memory:   22.36 %     |      0.89   /     4.00 GB
2026-07-16 00:08:59,542 kilosort.io  DEBUG    Allocated:     0.27 %     |      0.01   /     4.00 GB
2026-07-16 00:08:59,542 kilosort.io  DEBUG    Max alloc:     0.27 %     |      0.01   /     4.00 GB
2026-07-16 00:08:59,542 kilosort.io  DEBUG    ********************************************************
2026-07-16 00:09:00,910 kilosort.io  DEBUG     
2026-07-16 00:09:00,910 kilosort.io  DEBUG    save_to_phy, template props
2026-07-16 00:09:00,910 kilosort.io  DEBUG    ********************************************************
2026-07-16 00:09:00,910 kilosort.io  DEBUG    CPU usage:    16.30 %
2026-07-16 00:09:00,910 kilosort.io  DEBUG    Mem used:     61.00 %     |       9.54 GB
2026-07-16 00:09:00,910 kilosort.io  DEBUG    Mem avail:     6.11 / 15.65 GB
2026-07-16 00:09:00,910 kilosort.io  DEBUG    ------------------------------------------------------
2026-07-16 00:09:00,910 kilosort.io  DEBUG    GPU usage:    `conda install pynvml` for GPU usage
2026-07-16 00:09:00,910 kilosort.io  DEBUG    GPU memory:   22.36 %     |      0.89   /     4.00 GB
2026-07-16 00:09:00,910 kilosort.io  DEBUG    Allocated:     0.27 %     |      0.01   /     4.00 GB
2026-07-16 00:09:00,910 kilosort.io  DEBUG    Max alloc:     0.27 %     |      0.01   /     4.00 GB
2026-07-16 00:09:00,910 kilosort.io  DEBUG    ********************************************************
2026-07-16 00:09:10,543 kilosort.io  DEBUG     
2026-07-16 00:09:10,543 kilosort.io  DEBUG    save_to_phy, pc features
2026-07-16 00:09:10,543 kilosort.io  DEBUG    ********************************************************
2026-07-16 00:09:10,543 kilosort.io  DEBUG    CPU usage:    23.40 %
2026-07-16 00:09:10,543 kilosort.io  DEBUG    Mem used:     61.40 %     |       9.61 GB
2026-07-16 00:09:10,543 kilosort.io  DEBUG    Mem avail:     6.04 / 15.65 GB
2026-07-16 00:09:10,543 kilosort.io  DEBUG    ------------------------------------------------------
2026-07-16 00:09:10,543 kilosort.io  DEBUG    GPU usage:    `conda install pynvml` for GPU usage
2026-07-16 00:09:10,550 kilosort.io  DEBUG    GPU memory:   22.36 %     |      0.89   /     4.00 GB
2026-07-16 00:09:10,550 kilosort.io  DEBUG    Allocated:     0.27 %     |      0.01   /     4.00 GB
2026-07-16 00:09:10,550 kilosort.io  DEBUG    Max alloc:     0.28 %     |      0.01   /     4.00 GB
2026-07-16 00:09:10,550 kilosort.io  DEBUG    ********************************************************
2026-07-16 00:09:12,970 kilosort.io  DEBUG     
2026-07-16 00:09:12,970 kilosort.io  DEBUG    save_to_phy, est contam
2026-07-16 00:09:12,970 kilosort.io  DEBUG    ********************************************************
2026-07-16 00:09:12,970 kilosort.io  DEBUG    CPU usage:    20.70 %
2026-07-16 00:09:12,970 kilosort.io  DEBUG    Mem used:     61.40 %     |       9.60 GB
2026-07-16 00:09:12,970 kilosort.io  DEBUG    Mem avail:     6.05 / 15.65 GB
2026-07-16 00:09:12,970 kilosort.io  DEBUG    ------------------------------------------------------
2026-07-16 00:09:12,970 kilosort.io  DEBUG    GPU usage:    `conda install pynvml` for GPU usage
2026-07-16 00:09:12,970 kilosort.io  DEBUG    GPU memory:   22.36 %     |      0.89   /     4.00 GB
2026-07-16 00:09:12,970 kilosort.io  DEBUG    Allocated:     0.27 %     |      0.01   /     4.00 GB
2026-07-16 00:09:12,970 kilosort.io  DEBUG    Max alloc:     0.27 %     |      0.01   /     4.00 GB
2026-07-16 00:09:12,970 kilosort.io  DEBUG    ********************************************************
2026-07-16 00:09:13,075 kilosort.run_kilosort INFO     3 units found with good refractory periods
2026-07-16 00:09:13,230 kilosort.run_kilosort INFO     Exporting to Phy took: 15.98s
2026-07-16 00:09:13,230 kilosort.run_kilosort INFO     Total runtime: 2037.66s = 00:33:58 h:m:s
2026-07-16 00:09:13,294 kilosort.run_kilosort INFO     Sorting output saved in: G:\ACADEMIC\week8_partial_dct_kilosort_runs\cde63527_probe01_partial_20260712_222836\ratio_0.10\kilosort4_dct.
2026-07-16 00:09:13,300 kilosort.run_kilosort DEBUG    

|===========================================================================|
|                  PyTorch CUDA memory summary, device ID 0                 |
|---------------------------------------------------------------------------|
|            CUDA OOMs: 0            |        cudaMalloc retries: 0         |
|===========================================================================|
|        Metric         | Cur Usage  | Peak Usage | Tot Alloc  | Tot Freed  |
|---------------------------------------------------------------------------|
| Allocated memory      |  10880 KiB |  11453 KiB |  25561 GiB |  25561 GiB |
|---------------------------------------------------------------------------|
| Active memory         |  10880 KiB |  11453 KiB |  25561 GiB |  25561 GiB |
|---------------------------------------------------------------------------|
| Requested memory      |  10877 KiB |  11450 KiB |  25537 GiB |  25537 GiB |
|---------------------------------------------------------------------------|
| GPU reserved memory   |  53248 KiB |  53248 KiB |    999 GiB |    998 GiB |
|---------------------------------------------------------------------------|
| Non-releasable memory |  40320 KiB |  40320 KiB |  12627 GiB |  12627 GiB |
|---------------------------------------------------------------------------|
| Allocations           |      12    |      13    |    1439 K  |    1439 K  |
|---------------------------------------------------------------------------|
| Active allocs         |      12    |      13    |    1439 K  |    1439 K  |
|---------------------------------------------------------------------------|
| GPU reserved segments |       4    |       4    |    3291    |    3287    |
|---------------------------------------------------------------------------|
| Non-releasable allocs |      10    |      10    |  598169    |  598159    |
|---------------------------------------------------------------------------|
| Oversize allocations  |       0    |       0    |       0    |       0    |
|---------------------------------------------------------------------------|
| Oversize GPU segments |       0    |       0    |       0    |       0    |
|===========================================================================|


2026-07-16 00:09:13,302 kilosort.run_kilosort INFO      
2026-07-16 00:09:13,302 kilosort.run_kilosort INFO     Resource usage after saving
2026-07-16 00:09:13,302 kilosort.run_kilosort INFO     ********************************************************
2026-07-16 00:09:13,302 kilosort.run_kilosort INFO     CPU usage:    10.90 %
2026-07-16 00:09:13,302 kilosort.run_kilosort INFO     Mem used:     60.20 %     |       9.43 GB
2026-07-16 00:09:13,302 kilosort.run_kilosort INFO     Mem avail:     6.22 / 15.65 GB
2026-07-16 00:09:13,302 kilosort.run_kilosort INFO     ------------------------------------------------------
2026-07-16 00:09:13,302 kilosort.run_kilosort INFO     GPU usage:    `conda install pynvml` for GPU usage
2026-07-16 00:09:13,302 kilosort.run_kilosort INFO     GPU memory:   22.36 %     |      0.89   /     4.00 GB
2026-07-16 00:09:13,302 kilosort.run_kilosort INFO     Allocated:     0.26 %     |      0.01   /     4.00 GB
2026-07-16 00:09:13,302 kilosort.run_kilosort INFO     Max alloc:     0.27 %     |      0.01   /     4.00 GB
2026-07-16 00:09:13,302 kilosort.run_kilosort INFO     ********************************************************
2026-07-16 00:09:13,302 kilosort.run_kilosort DEBUG    
2026-07-16 00:09:13,302 kilosort.run_kilosort DEBUG    --------------------
2026-07-16 00:09:13,302 kilosort.run_kilosort DEBUG    Process thread count: N/A (linux only)
2026-07-16 00:09:13,302 kilosort.run_kilosort DEBUG    num torch threads: 8
2026-07-16 00:09:13,302 kilosort.run_kilosort DEBUG    --------------------

2026-07-16 00:09:13,302 kilosort.run_kilosort INFO     Generating spike position plot ...
2026-07-16 00:11:09,131 kilosort.run_kilosort INFO     Sorting finished.
2026-07-16 00:11:09,131 kilosort.run_kilosort INFO      
2026-07-16 00:11:09,131 kilosort.run_kilosort INFO     ********************************************************
2026-07-16 00:11:09,131 kilosort.run_kilosort INFO     Sorting summary
2026-07-16 00:11:09,131 kilosort.run_kilosort INFO     --------------------------------------------------------
2026-07-16 00:11:09,131 kilosort.run_kilosort INFO     Total number of units:                              247
2026-07-16 00:11:09,131 kilosort.run_kilosort INFO     Number of good units:                                 3
2026-07-16 00:11:09,131 kilosort.run_kilosort INFO     Number of spikes                                2606711
2026-07-16 00:11:09,131 kilosort.run_kilosort INFO     Mean abs. drift                                  0.3 um
2026-07-16 00:11:09,131 kilosort.run_kilosort INFO     Total runtime                                  2037.66s
2026-07-16 00:11:09,131 kilosort.run_kilosort INFO      
2026-07-16 00:11:09,131 kilosort.run_kilosort INFO     Runtime by step
2026-07-16 00:11:09,131 kilosort.run_kilosort INFO     --------------------------------------------------------
2026-07-16 00:11:09,131 kilosort.run_kilosort INFO     preprocessing:                          6.2s   (0.30) %
2026-07-16 00:11:09,131 kilosort.run_kilosort INFO     drift corr:                           713.6s  (35.02) %
2026-07-16 00:11:09,131 kilosort.run_kilosort INFO     spike det. (univ):                    805.6s  (39.54) %
2026-07-16 00:11:09,131 kilosort.run_kilosort INFO     cluster (temp):                        47.5s   (2.33) %
2026-07-16 00:11:09,131 kilosort.run_kilosort INFO     spike det. (learn):                   270.7s  (13.28) %
2026-07-16 00:11:09,131 kilosort.run_kilosort INFO     cluster (final):                      138.9s   (6.82) %
2026-07-16 00:11:09,131 kilosort.run_kilosort INFO     cluster merge:                          2.8s   (0.14) %
2026-07-16 00:11:09,131 kilosort.run_kilosort INFO     postprocessing:                        16.0s   (0.78) %
2026-07-16 00:11:09,131 kilosort.run_kilosort INFO      
2026-07-16 00:11:09,131 kilosort.run_kilosort INFO     Memory usage by step
2026-07-16 00:11:09,131 kilosort.run_kilosort INFO     --------------------------------------------------------
2026-07-16 00:11:09,131 kilosort.run_kilosort INFO     preprocessing:         sys     8.8 GB  |  gpu    1.3 GB
2026-07-16 00:11:09,131 kilosort.run_kilosort INFO     drift corr:            sys     9.7 GB  |  gpu    3.3 GB
2026-07-16 00:11:09,131 kilosort.run_kilosort INFO     spike det. (univ):     sys     9.8 GB  |  gpu    3.3 GB
2026-07-16 00:11:09,131 kilosort.run_kilosort INFO     cluster (temp):        sys     9.7 GB  |  gpu    0.8 GB
2026-07-16 00:11:09,131 kilosort.run_kilosort INFO     spike det. (learn):    sys     9.7 GB  |  gpu    1.6 GB
2026-07-16 00:11:09,131 kilosort.run_kilosort INFO     cluster (final):       sys     9.5 GB  |  gpu    0.3 GB
2026-07-16 00:11:09,131 kilosort.run_kilosort INFO     cluster merge:         sys     9.6 GB  |  gpu    0.3 GB
2026-07-16 00:11:09,131 kilosort.run_kilosort INFO     postprocessing:        sys     9.5 GB  |  gpu    0.0 GB
2026-07-16 00:11:09,131 kilosort.run_kilosort INFO     ********************************************************
