2026-07-18 11:11:13,093 kilosort.run_kilosort INFO     Kilosort version 4.1.7
2026-07-18 11:11:13,093 kilosort.run_kilosort INFO     Python version 3.11.15
2026-07-18 11:11:13,093 kilosort.run_kilosort INFO     ----------------------------------------
2026-07-18 11:11:13,093 kilosort.run_kilosort INFO     System information:
2026-07-18 11:11:13,140 kilosort.run_kilosort INFO     Windows-10-10.0.26200-SP0 AMD64
2026-07-18 11:11:13,140 kilosort.run_kilosort INFO     Intel64 Family 6 Model 186 Stepping 2, GenuineIntel
2026-07-18 11:11:13,445 kilosort.run_kilosort INFO     Using GPU for PyTorch computations. Specify `device` to change this.
2026-07-18 11:11:13,483 kilosort.run_kilosort INFO     Using CUDA device: NVIDIA GeForce RTX 2050 4.00GB
2026-07-18 11:11:13,483 kilosort.run_kilosort INFO     ----------------------------------------
2026-07-18 11:11:13,483 kilosort.run_kilosort INFO     Sorting [WindowsPath('G:/academic/week8_partial_dct_kilosort_runs/dd4da095_probe00_partial_20260712_222836/ratio_0.30/dd4da095_probe00_partial_20260712_222836_ratio_0.30_dctwin_600samp_preprocessed_int16.bin')]
2026-07-18 11:11:13,485 kilosort.run_kilosort INFO     Skipping common average reference.
2026-07-18 11:11:13,485 kilosort.run_kilosort INFO     clear_cache=True
2026-07-18 11:11:13,485 kilosort.run_kilosort DEBUG    Initial ops:

ops = {
    'n_chan_bin': 385,
    'fs': 30000.0,
    'batch_size': 60000,
    'nblocks': 1,
    'Th_universal': 9,
    'Th_learned': 8,
    'tmin': 0,
    'tmax': inf,
    'nt': 61,
    'shift': None,
    'scale': None,
    'batch_downsampling': 1,
    'artifact_threshold': inf,
    'nskip': 25,
    'whitening_range': 32,
    'highpass_cutoff': 300,
    'binning_depth': 5,
    'sig_interp': 20,
    'drift_smoothing': [0.5, 0.5, 0.5],
    'nt0min': 20,
    'dmin': None,
    'dminx': 32,
    'min_template_size': 10,
    'template_sizes': 5,
    'nearest_chans': 25,
    'nearest_templates': 100,
    'max_channel_distance': 32,
    'max_peels': 100,
    'templates_from_data': True,
    'n_templates': 6,
    'n_pcs': 3,
    'Th_single_ch': 6,
    'acg_threshold': 0.2,
    'ccg_threshold': 0.25,
    'cluster_neighbors': 10,
    'cluster_downsampling': 20,
    'max_cluster_subset': 25000,
    'x_centers': None,
    'cluster_init_seed': 5,
    'duplicate_spike_ms': 0.25,
    'position_limit': 100,
    'filename': [   WindowsPath('G:/academic/week8_partial_dct_kilosort_runs/dd4da095_probe00_partial_20260712_222836/ratio_0.30/dd4da095_probe00_partial_20260712_222836_ratio_0.30_dctwin_600samp_preprocessed_int16.bin')],
    'data_dir': WindowsPath('G:/academic/week8_partial_dct_kilosort_runs/dd4da095_probe00_partial_20260712_222836/ratio_0.30'),
    'data_dtype': 'int16',
    'do_CAR': False,
    'invert_sign': False,
    'NTbuff': 60122,
    'Nchan': 383,
    'duplicate_spike_bins': 7,
    'torch_device': 'cuda',
    'save_preprocessed_copy': False
}

2026-07-18 11:11:13,516 kilosort.run_kilosort DEBUG    Probe dictionary:

probe = {
    'xc': np.array([43., 11., 59., 27., 43., 11., 59., 27., 43., 11., 59., 27., 43.,
       11., 59., 27., 43., 11., 59., 27., 43., 11., 59., 27., 43., 11.,
       59., 27., 43., 11., 59., 27., 43., 11., 59., 27., 43., 11., 59.,
       27., 43., 11., 59., 27., 43., 11., 59., 27., 43., 11., 59., 27.,
       43., 11., 59., 27., 43., 11., 59., 27., 43., 11., 59., 27., 43.,
       11., 59., 27., 43., 11., 59., 27., 43., 11., 59., 27., 43., 11.,
       59., 27., 43., 11., 59., 27., 43., 11., 59., 27., 43., 11., 59.,
       27., 43., 11., 59., 27., 43., 11., 59., 27., 43., 11., 59., 27.,
       43., 11., 59., 27., 43., 11., 59., 27., 43., 11., 59., 27., 43.,
       11., 59., 27., 43., 11., 59., 27., 43., 11., 59., 27., 43., 11.,
       59., 27., 43., 11., 59., 27., 43., 11., 59., 27., 43., 11., 59.,
       27., 43., 11., 59., 27., 43., 11., 59., 27., 43., 11., 59., 27.,
       43., 11., 59., 27., 43., 11., 59., 27., 43., 11., 59., 27., 43.,
       11., 59., 27., 43., 11., 59., 27., 43., 11., 59., 27., 43., 11.,
       59., 27., 43., 11., 59., 27., 43., 11., 59., 43., 11., 59., 27.,
       43., 11., 59., 27., 43., 11., 59., 27., 43., 11., 59., 27., 43.,
       11., 59., 27., 43., 11., 59., 27., 43., 11., 59., 27., 43., 11.,
       59., 27., 43., 11., 59., 27., 43., 11., 59., 27., 43., 11., 59.,
       27., 43., 11., 59., 27., 43., 11., 59., 27., 43., 11., 59., 27.,
       43., 11., 59., 27., 43., 11., 59., 27., 43., 11., 59., 27., 43.,
       11., 59., 27., 43., 11., 59., 27., 43., 11., 59., 27., 43., 11.,
       59., 27., 43., 11., 59., 27., 43., 11., 59., 27., 43., 11., 59.,
       27., 43., 11., 59., 27., 43., 11., 59., 27., 43., 11., 59., 27.,
       43., 11., 59., 27., 43., 11., 59., 27., 43., 11., 59., 27., 43.,
       11., 59., 27., 43., 11., 59., 27., 43., 11., 59., 27., 43., 11.,
       59., 27., 43., 11., 59., 27., 43., 11., 59., 27., 43., 11., 59.,
       27., 43., 11., 59., 27., 43., 11., 59., 27., 43., 11., 59., 27.,
       43., 11., 59., 27., 43., 11., 59., 27., 43., 11., 59., 27., 43.,
       11., 59., 27., 43., 11., 59., 27., 43., 11., 59., 27., 43., 11.,
       59., 27., 43., 11., 59., 27.], dtype=np.float32),
    'yc': np.array([  20.,   20.,   40.,   40.,   60.,   60.,   80.,   80.,  100.,
        100.,  120.,  120.,  140.,  140.,  160.,  160.,  180.,  180.,
        200.,  200.,  220.,  220.,  240.,  240.,  260.,  260.,  280.,
        280.,  300.,  300.,  320.,  320.,  340.,  340.,  360.,  360.,
        380.,  380.,  400.,  400.,  420.,  420.,  440.,  440.,  460.,
        460.,  480.,  480.,  500.,  500.,  520.,  520.,  540.,  540.,
        560.,  560.,  580.,  580.,  600.,  600.,  620.,  620.,  640.,
        640.,  660.,  660.,  680.,  680.,  700.,  700.,  720.,  720.,
        740.,  740.,  760.,  760.,  780.,  780.,  800.,  800.,  820.,
        820.,  840.,  840.,  860.,  860.,  880.,  880.,  900.,  900.,
        920.,  920.,  940.,  940.,  960.,  960.,  980.,  980., 1000.,
       1000., 1020., 1020., 1040., 1040., 1060., 1060., 1080., 1080.,
       1100., 1100., 1120., 1120., 1140., 1140., 1160., 1160., 1180.,
       1180., 1200., 1200., 1220., 1220., 1240., 1240., 1260., 1260.,
       1280., 1280., 1300., 1300., 1320., 1320., 1340., 1340., 1360.,
       1360., 1380., 1380., 1400., 1400., 1420., 1420., 1440., 1440.,
       1460., 1460., 1480., 1480., 1500., 1500., 1520., 1520., 1540.,
       1540., 1560., 1560., 1580., 1580., 1600., 1600., 1620., 1620.,
       1640., 1640., 1660., 1660., 1680., 1680., 1700., 1700., 1720.,
       1720., 1740., 1740., 1760., 1760., 1780., 1780., 1800., 1800.,
       1820., 1820., 1840., 1840., 1860., 1860., 1880., 1880., 1900.,
       1900., 1920., 1940., 1940., 1960., 1960., 1980., 1980., 2000.,
       2000., 2020., 2020., 2040., 2040., 2060., 2060., 2080., 2080.,
       2100., 2100., 2120., 2120., 2140., 2140., 2160., 2160., 2180.,
       2180., 2200., 2200., 2220., 2220., 2240., 2240., 2260., 2260.,
       2280., 2280., 2300., 2300., 2320., 2320., 2340., 2340., 2360.,
       2360., 2380., 2380., 2400., 2400., 2420., 2420., 2440., 2440.,
       2460., 2460., 2480., 2480., 2500., 2500., 2520., 2520., 2540.,
       2540., 2560., 2560., 2580., 2580., 2600., 2600., 2620., 2620.,
       2640., 2640., 2660., 2660., 2680., 2680., 2700., 2700., 2720.,
       2720., 2740., 2740., 2760., 2760., 2780., 2780., 2800., 2800.,
       2820., 2820., 2840., 2840., 2860., 2860., 2880., 2880., 2900.,
       2900., 2920., 2920., 2940., 2940., 2960., 2960., 2980., 2980.,
       3000., 3000., 3020., 3020., 3040., 3040., 3060., 3060., 3080.,
       3080., 3100., 3100., 3120., 3120., 3140., 3140., 3160., 3160.,
       3180., 3180., 3200., 3200., 3220., 3220., 3240., 3240., 3260.,
       3260., 3280., 3280., 3300., 3300., 3320., 3320., 3340., 3340.,
       3360., 3360., 3380., 3380., 3400., 3400., 3420., 3420., 3440.,
       3440., 3460., 3460., 3480., 3480., 3500., 3500., 3520., 3520.,
       3540., 3540., 3560., 3560., 3580., 3580., 3600., 3600., 3620.,
       3620., 3640., 3640., 3660., 3660., 3680., 3680., 3700., 3700.,
       3720., 3720., 3740., 3740., 3760., 3760., 3780., 3780., 3800.,
       3800., 3820., 3820., 3840., 3840.], dtype=np.float32),
    'kcoords': np.array([0., 0., 0., 0., 0., 0., 0., 0., 0., 0., 0., 0., 0., 0., 0., 0., 0.,
       0., 0., 0., 0., 0., 0., 0., 0., 0., 0., 0., 0., 0., 0., 0., 0., 0.,
       0., 0., 0., 0., 0., 0., 0., 0., 0., 0., 0., 0., 0., 0., 0., 0., 0.,
       0., 0., 0., 0., 0., 0., 0., 0., 0., 0., 0., 0., 0., 0., 0., 0., 0.,
       0., 0., 0., 0., 0., 0., 0., 0., 0., 0., 0., 0., 0., 0., 0., 0., 0.,
       0., 0., 0., 0., 0., 0., 0., 0., 0., 0., 0., 0., 0., 0., 0., 0., 0.,
       0., 0., 0., 0., 0., 0., 0., 0., 0., 0., 0., 0., 0., 0., 0., 0., 0.,
       0., 0., 0., 0., 0., 0., 0., 0., 0., 0., 0., 0., 0., 0., 0., 0., 0.,
       0., 0., 0., 0., 0., 0., 0., 0., 0., 0., 0., 0., 0., 0., 0., 0., 0.,
       0., 0., 0., 0., 0., 0., 0., 0., 0., 0., 0., 0., 0., 0., 0., 0., 0.,
       0., 0., 0., 0., 0., 0., 0., 0., 0., 0., 0., 0., 0., 0., 0., 0., 0.,
       0., 0., 0., 0., 0., 0., 0., 0., 0., 0., 0., 0., 0., 0., 0., 0., 0.,
       0., 0., 0., 0., 0., 0., 0., 0., 0., 0., 0., 0., 0., 0., 0., 0., 0.,
       0., 0., 0., 0., 0., 0., 0., 0., 0., 0., 0., 0., 0., 0., 0., 0., 0.,
       0., 0., 0., 0., 0., 0., 0., 0., 0., 0., 0., 0., 0., 0., 0., 0., 0.,
       0., 0., 0., 0., 0., 0., 0., 0., 0., 0., 0., 0., 0., 0., 0., 0., 0.,
       0., 0., 0., 0., 0., 0., 0., 0., 0., 0., 0., 0., 0., 0., 0., 0., 0.,
       0., 0., 0., 0., 0., 0., 0., 0., 0., 0., 0., 0., 0., 0., 0., 0., 0.,
       0., 0., 0., 0., 0., 0., 0., 0., 0., 0., 0., 0., 0., 0., 0., 0., 0.,
       0., 0., 0., 0., 0., 0., 0., 0., 0., 0., 0., 0., 0., 0., 0., 0., 0.,
       0., 0., 0., 0., 0., 0., 0., 0., 0., 0., 0., 0., 0., 0., 0., 0., 0.,
       0., 0., 0., 0., 0., 0., 0., 0., 0., 0., 0., 0., 0., 0., 0., 0., 0.,
       0., 0., 0., 0., 0., 0., 0., 0., 0.], dtype=np.float32),
    'chanMap': np.array([  0,   1,   2,   3,   4,   5,   6,   7,   8,   9,  10,  11,  12,
        13,  14,  15,  16,  17,  18,  19,  20,  21,  22,  23,  24,  25,
        26,  27,  28,  29,  30,  31,  32,  33,  34,  35,  36,  37,  38,
        39,  40,  41,  42,  43,  44,  45,  46,  47,  48,  49,  50,  51,
        52,  53,  54,  55,  56,  57,  58,  59,  60,  61,  62,  63,  64,
        65,  66,  67,  68,  69,  70,  71,  72,  73,  74,  75,  76,  77,
        78,  79,  80,  81,  82,  83,  84,  85,  86,  87,  88,  89,  90,
        91,  92,  93,  94,  95,  96,  97,  98,  99, 100, 101, 102, 103,
       104, 105, 106, 107, 108, 109, 110, 111, 112, 113, 114, 115, 116,
       117, 118, 119, 120, 121, 122, 123, 124, 125, 126, 127, 128, 129,
       130, 131, 132, 133, 134, 135, 136, 137, 138, 139, 140, 141, 142,
       143, 144, 145, 146, 147, 148, 149, 150, 151, 152, 153, 154, 155,
       156, 157, 158, 159, 160, 161, 162, 163, 164, 165, 166, 167, 168,
       169, 170, 171, 172, 173, 174, 175, 176, 177, 178, 179, 180, 181,
       182, 183, 184, 185, 186, 187, 188, 189, 190, 192, 193, 194, 195,
       196, 197, 198, 199, 200, 201, 202, 203, 204, 205, 206, 207, 208,
       209, 210, 211, 212, 213, 214, 215, 216, 217, 218, 219, 220, 221,
       222, 223, 224, 225, 226, 227, 228, 229, 230, 231, 232, 233, 234,
       235, 236, 237, 238, 239, 240, 241, 242, 243, 244, 245, 246, 247,
       248, 249, 250, 251, 252, 253, 254, 255, 256, 257, 258, 259, 260,
       261, 262, 263, 264, 265, 266, 267, 268, 269, 270, 271, 272, 273,
       274, 275, 276, 277, 278, 279, 280, 281, 282, 283, 284, 285, 286,
       287, 288, 289, 290, 291, 292, 293, 294, 295, 296, 297, 298, 299,
       300, 301, 302, 303, 304, 305, 306, 307, 308, 309, 310, 311, 312,
       313, 314, 315, 316, 317, 318, 319, 320, 321, 322, 323, 324, 325,
       326, 327, 328, 329, 330, 331, 332, 333, 334, 335, 336, 337, 338,
       339, 340, 341, 342, 343, 344, 345, 346, 347, 348, 349, 350, 351,
       352, 353, 354, 355, 356, 357, 358, 359, 360, 361, 362, 363, 364,
       365, 366, 367, 368, 369, 370, 371, 372, 373, 374, 375, 376, 377,
       378, 379, 380, 381, 382, 383], dtype=np.int32),
    'n_chan': 384
}

2026-07-18 11:11:13,779 kilosort.run_kilosort INFO      
2026-07-18 11:11:13,779 kilosort.run_kilosort INFO     Resource usage before sorting
2026-07-18 11:11:13,779 kilosort.run_kilosort INFO     ********************************************************
2026-07-18 11:11:13,779 kilosort.run_kilosort INFO     CPU usage:    10.50 %
2026-07-18 11:11:13,779 kilosort.run_kilosort INFO     Mem used:     45.50 %     |       7.12 GB
2026-07-18 11:11:13,779 kilosort.run_kilosort INFO     Mem avail:     8.53 / 15.65 GB
2026-07-18 11:11:13,779 kilosort.run_kilosort INFO     ------------------------------------------------------
2026-07-18 11:11:13,779 kilosort.run_kilosort INFO     GPU usage:    `conda install pynvml` for GPU usage
2026-07-18 11:11:13,779 kilosort.run_kilosort INFO     GPU memory:   19.43 %     |      0.78   /     4.00 GB
2026-07-18 11:11:13,779 kilosort.run_kilosort INFO     Allocated:     0.00 %     |      0.00   /     4.00 GB
2026-07-18 11:11:13,779 kilosort.run_kilosort INFO     Max alloc:     0.00 %     |      0.00   /     4.00 GB
2026-07-18 11:11:13,779 kilosort.run_kilosort INFO     ********************************************************
2026-07-18 11:11:13,779 kilosort.run_kilosort DEBUG    
2026-07-18 11:11:13,779 kilosort.run_kilosort DEBUG    --------------------
2026-07-18 11:11:13,779 kilosort.run_kilosort DEBUG    Process thread count: N/A (linux only)
2026-07-18 11:11:13,779 kilosort.run_kilosort DEBUG    num torch threads: 8
2026-07-18 11:11:13,779 kilosort.run_kilosort DEBUG    --------------------

2026-07-18 11:11:13,779 kilosort.run_kilosort INFO      
2026-07-18 11:11:13,779 kilosort.run_kilosort INFO     Computing preprocessing variables.
2026-07-18 11:11:13,779 kilosort.run_kilosort INFO     ----------------------------------------
2026-07-18 11:11:14,066 kilosort.run_kilosort INFO     N samples: 6420000
2026-07-18 11:11:14,066 kilosort.run_kilosort INFO     N seconds: 214.0
2026-07-18 11:11:14,066 kilosort.run_kilosort INFO     N batches: 107
2026-07-18 11:11:17,238 kilosort.run_kilosort INFO     Preprocessing filters computed in 3.46s; total 3.75s
2026-07-18 11:11:17,238 kilosort.run_kilosort DEBUG    hp_filter shape: torch.Size([30122])
2026-07-18 11:11:17,238 kilosort.run_kilosort DEBUG    whiten_mat shape: torch.Size([383, 383])
2026-07-18 11:11:17,505 kilosort.run_kilosort DEBUG    First batch min, max: (np.float32(-6334.2295), np.float32(2838.4343))
2026-07-18 11:11:17,505 kilosort.run_kilosort INFO      
2026-07-18 11:11:17,505 kilosort.run_kilosort INFO     Resource usage after preprocessing
2026-07-18 11:11:17,505 kilosort.run_kilosort INFO     ********************************************************
2026-07-18 11:11:17,505 kilosort.run_kilosort INFO     CPU usage:    19.70 %
2026-07-18 11:11:17,505 kilosort.run_kilosort INFO     Mem used:     47.10 %     |       7.37 GB
2026-07-18 11:11:17,505 kilosort.run_kilosort INFO     Mem avail:     8.28 / 15.65 GB
2026-07-18 11:11:17,516 kilosort.run_kilosort INFO     ------------------------------------------------------
2026-07-18 11:11:17,516 kilosort.run_kilosort INFO     GPU usage:    `conda install pynvml` for GPU usage
2026-07-18 11:11:17,516 kilosort.run_kilosort INFO     GPU memory:   61.28 %     |      2.45   /     4.00 GB
2026-07-18 11:11:17,516 kilosort.run_kilosort INFO     Allocated:     0.21 %     |      0.01   /     4.00 GB
2026-07-18 11:11:17,516 kilosort.run_kilosort INFO     Max alloc:    32.60 %     |      1.30   /     4.00 GB
2026-07-18 11:11:17,516 kilosort.run_kilosort INFO     ********************************************************
2026-07-18 11:11:17,530 kilosort.run_kilosort INFO      
2026-07-18 11:11:17,533 kilosort.run_kilosort INFO     Computing drift correction.
2026-07-18 11:11:17,533 kilosort.run_kilosort INFO     ----------------------------------------
2026-07-18 11:11:17,533 kilosort.spikedetect INFO     Re-computing universal templates from data.
2026-07-18 11:11:20,228 kilosort.spikedetect INFO     Number of universal templates: 1532
2026-07-18 11:11:20,976 kilosort.spikedetect INFO     Detecting spikes...
2026-07-18 11:11:20,976 kilosort.spikedetect DEBUG     
2026-07-18 11:11:20,976 kilosort.spikedetect DEBUG    Batch 0 of 106 (0.0%)
2026-07-18 11:11:20,976 kilosort.spikedetect DEBUG    ********************************************************
2026-07-18 11:11:20,976 kilosort.spikedetect DEBUG    CPU usage:    23.60 %
2026-07-18 11:11:20,976 kilosort.spikedetect DEBUG    Mem used:     48.00 %     |       7.51 GB
2026-07-18 11:11:20,976 kilosort.spikedetect DEBUG    Mem avail:     8.14 / 15.65 GB
2026-07-18 11:11:20,976 kilosort.spikedetect DEBUG    ------------------------------------------------------
2026-07-18 11:11:20,976 kilosort.spikedetect DEBUG    GPU usage:    `conda install pynvml` for GPU usage
2026-07-18 11:11:20,976 kilosort.spikedetect DEBUG    GPU memory:   61.28 %     |      2.45   /     4.00 GB
2026-07-18 11:11:20,992 kilosort.spikedetect DEBUG    Allocated:     0.27 %     |      0.01   /     4.00 GB
2026-07-18 11:11:20,992 kilosort.spikedetect DEBUG    Max alloc:    32.61 %     |      1.30   /     4.00 GB
2026-07-18 11:11:20,992 kilosort.spikedetect DEBUG    ********************************************************
2026-07-18 11:33:03,395 kilosort.spikedetect DEBUG     
2026-07-18 11:33:03,395 kilosort.spikedetect DEBUG    Batch 106 of 106 (99.1%)
2026-07-18 11:33:03,395 kilosort.spikedetect DEBUG    ********************************************************
2026-07-18 11:33:03,395 kilosort.spikedetect DEBUG    CPU usage:    16.60 %
2026-07-18 11:33:03,395 kilosort.spikedetect DEBUG    Mem used:     59.90 %     |       9.38 GB
2026-07-18 11:33:03,395 kilosort.spikedetect DEBUG    Mem avail:     6.27 / 15.65 GB
2026-07-18 11:33:03,395 kilosort.spikedetect DEBUG    ------------------------------------------------------
2026-07-18 11:33:03,395 kilosort.spikedetect DEBUG    GPU usage:    `conda install pynvml` for GPU usage
2026-07-18 11:33:03,395 kilosort.spikedetect DEBUG    GPU memory:   24.46 %     |      0.98   /     4.00 GB
2026-07-18 11:33:03,395 kilosort.spikedetect DEBUG    Allocated:     3.28 %     |      0.13   /     4.00 GB
2026-07-18 11:33:03,395 kilosort.spikedetect DEBUG    Max alloc:    96.58 %     |      3.86   /     4.00 GB
2026-07-18 11:33:03,395 kilosort.spikedetect DEBUG    ********************************************************
2026-07-18 11:33:04,353 kilosort.run_kilosort INFO     drift computed in 1306.82s; total 1310.87s
2026-07-18 11:33:04,353 kilosort.run_kilosort DEBUG    st shape: (658228, 6)
2026-07-18 11:33:04,353 kilosort.run_kilosort DEBUG    yblk shape: (1,)
2026-07-18 11:33:04,353 kilosort.run_kilosort DEBUG    dshift shape: (107, 1)
2026-07-18 11:33:04,353 kilosort.run_kilosort DEBUG    iKxx shape: torch.Size([383, 383])
2026-07-18 11:33:04,353 kilosort.run_kilosort DEBUG    

|===========================================================================|
|                  PyTorch CUDA memory summary, device ID 0                 |
|---------------------------------------------------------------------------|
|            CUDA OOMs: 0            |        cudaMalloc retries: 0         |
|===========================================================================|
|        Metric         | Cur Usage  | Peak Usage | Tot Alloc  | Tot Freed  |
|---------------------------------------------------------------------------|
| Allocated memory      |  11832 KiB |   3955 MiB |  12575 GiB |  12575 GiB |
|---------------------------------------------------------------------------|
| Active memory         |  11832 KiB |   3955 MiB |  12575 GiB |  12575 GiB |
|---------------------------------------------------------------------------|
| Requested memory      |  11829 KiB |   3953 MiB |  12571 GiB |  12571 GiB |
|---------------------------------------------------------------------------|
| GPU reserved memory   | 145408 KiB |   4824 MiB | 486126 MiB | 485984 MiB |
|---------------------------------------------------------------------------|
| Non-releasable memory |  41415 KiB |   1548 MiB |   3029 GiB |   3029 GiB |
|---------------------------------------------------------------------------|
| Allocations           |       9    |      37    |   81616    |   81607    |
|---------------------------------------------------------------------------|
| Active allocs         |       9    |      37    |   81616    |   81607    |
|---------------------------------------------------------------------------|
| GPU reserved segments |       6    |      19    |    1340    |    1334    |
|---------------------------------------------------------------------------|
| Non-releasable allocs |      10    |      26    |   38504    |   38494    |
|---------------------------------------------------------------------------|
| Oversize allocations  |       0    |       0    |       0    |       0    |
|---------------------------------------------------------------------------|
| Oversize GPU segments |       0    |       0    |       0    |       0    |
|===========================================================================|


2026-07-18 11:33:04,353 kilosort.run_kilosort INFO      
2026-07-18 11:33:04,353 kilosort.run_kilosort INFO     Resource usage after drift correction
2026-07-18 11:33:04,353 kilosort.run_kilosort INFO     ********************************************************
2026-07-18 11:33:04,353 kilosort.run_kilosort INFO     CPU usage:     0.00 %
2026-07-18 11:33:04,353 kilosort.run_kilosort INFO     Mem used:     58.80 %     |       9.20 GB
2026-07-18 11:33:04,353 kilosort.run_kilosort INFO     Mem avail:     6.44 / 15.65 GB
2026-07-18 11:33:04,353 kilosort.run_kilosort INFO     ------------------------------------------------------
2026-07-18 11:33:04,353 kilosort.run_kilosort INFO     GPU usage:    `conda install pynvml` for GPU usage
2026-07-18 11:33:04,353 kilosort.run_kilosort INFO     GPU memory:   24.51 %     |      0.98   /     4.00 GB
2026-07-18 11:33:04,353 kilosort.run_kilosort INFO     Allocated:     0.28 %     |      0.01   /     4.00 GB
2026-07-18 11:33:04,353 kilosort.run_kilosort INFO     Max alloc:    96.58 %     |      3.86   /     4.00 GB
2026-07-18 11:33:04,353 kilosort.run_kilosort INFO     ********************************************************
2026-07-18 11:33:04,353 kilosort.run_kilosort DEBUG    
2026-07-18 11:33:04,353 kilosort.run_kilosort DEBUG    --------------------
2026-07-18 11:33:04,353 kilosort.run_kilosort DEBUG    Process thread count: N/A (linux only)
2026-07-18 11:33:04,353 kilosort.run_kilosort DEBUG    num torch threads: 8
2026-07-18 11:33:04,353 kilosort.run_kilosort DEBUG    --------------------

2026-07-18 11:33:04,353 kilosort.run_kilosort INFO     Generating drift plots ...
2026-07-18 11:33:39,906 kilosort.run_kilosort INFO      
2026-07-18 11:33:39,906 kilosort.run_kilosort INFO     Extracting spikes using templates
2026-07-18 11:33:39,908 kilosort.run_kilosort INFO     ----------------------------------------
2026-07-18 11:33:39,908 kilosort.spikedetect INFO     Re-computing universal templates from data.
2026-07-18 11:33:42,954 kilosort.spikedetect INFO     Number of universal templates: 1532
2026-07-18 11:33:43,615 kilosort.spikedetect INFO     Detecting spikes...
2026-07-18 11:33:43,615 kilosort.spikedetect DEBUG     
2026-07-18 11:33:43,615 kilosort.spikedetect DEBUG    Batch 0 of 106 (0.0%)
2026-07-18 11:33:43,615 kilosort.spikedetect DEBUG    ********************************************************
2026-07-18 11:33:43,615 kilosort.spikedetect DEBUG    CPU usage:    13.40 %
2026-07-18 11:33:43,615 kilosort.spikedetect DEBUG    Mem used:     58.00 %     |       9.07 GB
2026-07-18 11:33:43,615 kilosort.spikedetect DEBUG    Mem avail:     6.58 / 15.65 GB
2026-07-18 11:33:43,615 kilosort.spikedetect DEBUG    ------------------------------------------------------
2026-07-18 11:33:43,615 kilosort.spikedetect DEBUG    GPU usage:    `conda install pynvml` for GPU usage
2026-07-18 11:33:43,615 kilosort.spikedetect DEBUG    GPU memory:   61.43 %     |      2.46   /     4.00 GB
2026-07-18 11:33:43,615 kilosort.spikedetect DEBUG    Allocated:     0.34 %     |      0.01   /     4.00 GB
2026-07-18 11:33:43,615 kilosort.spikedetect DEBUG    Max alloc:    32.67 %     |      1.31   /     4.00 GB
2026-07-18 11:33:43,615 kilosort.spikedetect DEBUG    ********************************************************
2026-07-18 11:58:44,045 kilosort.spikedetect DEBUG     
2026-07-18 11:58:44,045 kilosort.spikedetect DEBUG    Batch 106 of 106 (99.1%)
2026-07-18 11:58:44,045 kilosort.spikedetect DEBUG    ********************************************************
2026-07-18 11:58:44,045 kilosort.spikedetect DEBUG    CPU usage:    16.20 %
2026-07-18 11:58:44,045 kilosort.spikedetect DEBUG    Mem used:     61.60 %     |       9.64 GB
2026-07-18 11:58:44,045 kilosort.spikedetect DEBUG    Mem avail:     6.01 / 15.65 GB
2026-07-18 11:58:44,045 kilosort.spikedetect DEBUG    ------------------------------------------------------
2026-07-18 11:58:44,045 kilosort.spikedetect DEBUG    GPU usage:    `conda install pynvml` for GPU usage
2026-07-18 11:58:44,045 kilosort.spikedetect DEBUG    GPU memory:   25.58 %     |      1.02   /     4.00 GB
2026-07-18 11:58:44,045 kilosort.spikedetect DEBUG    Allocated:     3.31 %     |      0.13   /     4.00 GB
2026-07-18 11:58:44,045 kilosort.spikedetect DEBUG    Max alloc:    96.60 %     |      3.86   /     4.00 GB
2026-07-18 11:58:44,045 kilosort.spikedetect DEBUG    ********************************************************
2026-07-18 11:58:44,045 kilosort.run_kilosort INFO     628489 spikes extracted in 1504.14s; total 2850.56s
2026-07-18 11:58:44,045 kilosort.run_kilosort DEBUG    st0 shape: (628489, 6)
2026-07-18 11:58:44,045 kilosort.run_kilosort DEBUG    tF shape: torch.Size([628489, 25, 3])
2026-07-18 11:58:44,045 kilosort.run_kilosort INFO      
2026-07-18 11:58:44,045 kilosort.run_kilosort INFO     Resource usage after spike detect (univ)
2026-07-18 11:58:44,045 kilosort.run_kilosort INFO     ********************************************************
2026-07-18 11:58:44,045 kilosort.run_kilosort INFO     CPU usage:     0.00 %
2026-07-18 11:58:44,045 kilosort.run_kilosort INFO     Mem used:     61.50 %     |       9.63 GB
2026-07-18 11:58:44,045 kilosort.run_kilosort INFO     Mem avail:     6.02 / 15.65 GB
2026-07-18 11:58:44,045 kilosort.run_kilosort INFO     ------------------------------------------------------
2026-07-18 11:58:44,045 kilosort.run_kilosort INFO     GPU usage:    `conda install pynvml` for GPU usage
2026-07-18 11:58:44,045 kilosort.run_kilosort INFO     GPU memory:   25.58 %     |      1.02   /     4.00 GB
2026-07-18 11:58:44,045 kilosort.run_kilosort INFO     Allocated:     0.28 %     |      0.01   /     4.00 GB
2026-07-18 11:58:44,045 kilosort.run_kilosort INFO     Max alloc:    96.60 %     |      3.86   /     4.00 GB
2026-07-18 11:58:44,045 kilosort.run_kilosort INFO     ********************************************************
2026-07-18 11:58:44,045 kilosort.run_kilosort DEBUG    
2026-07-18 11:58:44,045 kilosort.run_kilosort DEBUG    --------------------
2026-07-18 11:58:44,045 kilosort.run_kilosort DEBUG    Process thread count: N/A (linux only)
2026-07-18 11:58:44,045 kilosort.run_kilosort DEBUG    num torch threads: 8
2026-07-18 11:58:44,045 kilosort.run_kilosort DEBUG    --------------------

2026-07-18 11:58:44,045 kilosort.run_kilosort INFO      
2026-07-18 11:58:44,045 kilosort.run_kilosort INFO     First clustering
2026-07-18 11:58:44,045 kilosort.run_kilosort INFO     ----------------------------------------
2026-07-18 11:58:44,530 kilosort.clustering_qr DEBUG    Center 0 | Xd shape: torch.Size([12003, 78]) | ntemp: 16
2026-07-18 11:58:46,938 kilosort.clustering_qr DEBUG    Center 1 | Xd shape: torch.Size([9994, 78]) | ntemp: 16
2026-07-18 11:58:48,480 kilosort.clustering_qr DEBUG    Center 2 | Xd shape: torch.Size([10520, 78]) | ntemp: 16
2026-07-18 11:58:49,974 kilosort.clustering_qr DEBUG    Center 3 | Xd shape: torch.Size([8157, 90]) | ntemp: 16
2026-07-18 11:58:51,425 kilosort.clustering_qr DEBUG    Center 4 | Xd shape: torch.Size([11752, 90]) | ntemp: 16
2026-07-18 11:58:53,071 kilosort.clustering_qr DEBUG    Center 5 | Xd shape: torch.Size([4236, 90]) | ntemp: 16
2026-07-18 11:58:54,545 kilosort.clustering_qr DEBUG    Center 6 | Xd shape: torch.Size([5855, 90]) | ntemp: 16
2026-07-18 11:58:56,063 kilosort.clustering_qr DEBUG    Center 7 | Xd shape: torch.Size([7564, 90]) | ntemp: 16
2026-07-18 11:58:57,676 kilosort.clustering_qr DEBUG    Center 8 | Xd shape: torch.Size([10936, 90]) | ntemp: 16
2026-07-18 11:58:59,203 kilosort.clustering_qr DEBUG     
2026-07-18 11:58:59,203 kilosort.clustering_qr DEBUG    Cluster center: 9 (10/96)
2026-07-18 11:58:59,203 kilosort.clustering_qr DEBUG    ********************************************************
2026-07-18 11:58:59,203 kilosort.clustering_qr DEBUG    CPU usage:    22.90 %
2026-07-18 11:58:59,203 kilosort.clustering_qr DEBUG    Mem used:     59.70 %     |       9.33 GB
2026-07-18 11:58:59,203 kilosort.clustering_qr DEBUG    Mem avail:     6.31 / 15.65 GB
2026-07-18 11:58:59,203 kilosort.clustering_qr DEBUG    ------------------------------------------------------
2026-07-18 11:58:59,203 kilosort.clustering_qr DEBUG    GPU usage:    `conda install pynvml` for GPU usage
2026-07-18 11:58:59,203 kilosort.clustering_qr DEBUG    GPU memory:   22.31 %     |      0.89   /     4.00 GB
2026-07-18 11:58:59,203 kilosort.clustering_qr DEBUG    Allocated:     0.28 %     |      0.01   /     4.00 GB
2026-07-18 11:58:59,203 kilosort.clustering_qr DEBUG    Max alloc:     1.10 %     |      0.04   /     4.00 GB
2026-07-18 11:58:59,203 kilosort.clustering_qr DEBUG    ********************************************************
2026-07-18 11:58:59,254 kilosort.clustering_qr DEBUG    Center 9 | Xd shape: torch.Size([12120, 90]) | ntemp: 16
2026-07-18 11:59:00,901 kilosort.clustering_qr DEBUG    Center 10 | Xd shape: torch.Size([12426, 90]) | ntemp: 16
2026-07-18 11:59:02,418 kilosort.clustering_qr DEBUG    Center 11 | Xd shape: torch.Size([12978, 90]) | ntemp: 16
2026-07-18 11:59:04,076 kilosort.clustering_qr DEBUG    Center 12 | Xd shape: torch.Size([8623, 90]) | ntemp: 16
2026-07-18 11:59:05,568 kilosort.clustering_qr DEBUG    Center 13 | Xd shape: torch.Size([8856, 90]) | ntemp: 16
2026-07-18 11:59:07,148 kilosort.clustering_qr DEBUG    Center 14 | Xd shape: torch.Size([11778, 90]) | ntemp: 16
2026-07-18 11:59:08,867 kilosort.clustering_qr DEBUG    Center 15 | Xd shape: torch.Size([11577, 90]) | ntemp: 16
2026-07-18 11:59:10,397 kilosort.clustering_qr DEBUG    Center 16 | Xd shape: torch.Size([9072, 90]) | ntemp: 16
2026-07-18 11:59:11,806 kilosort.clustering_qr DEBUG    Center 17 | Xd shape: torch.Size([15649, 90]) | ntemp: 16
2026-07-18 11:59:13,628 kilosort.clustering_qr DEBUG    Center 18 | Xd shape: torch.Size([10876, 90]) | ntemp: 16
2026-07-18 11:59:15,167 kilosort.clustering_qr DEBUG     
2026-07-18 11:59:15,167 kilosort.clustering_qr DEBUG    Cluster center: 19 (20/96)
2026-07-18 11:59:15,167 kilosort.clustering_qr DEBUG    ********************************************************
2026-07-18 11:59:15,167 kilosort.clustering_qr DEBUG    CPU usage:    23.00 %
2026-07-18 11:59:15,167 kilosort.clustering_qr DEBUG    Mem used:     59.70 %     |       9.34 GB
2026-07-18 11:59:15,167 kilosort.clustering_qr DEBUG    Mem avail:     6.31 / 15.65 GB
2026-07-18 11:59:15,167 kilosort.clustering_qr DEBUG    ------------------------------------------------------
2026-07-18 11:59:15,167 kilosort.clustering_qr DEBUG    GPU usage:    `conda install pynvml` for GPU usage
2026-07-18 11:59:15,167 kilosort.clustering_qr DEBUG    GPU memory:   22.31 %     |      0.89   /     4.00 GB
2026-07-18 11:59:15,167 kilosort.clustering_qr DEBUG    Allocated:     0.28 %     |      0.01   /     4.00 GB
2026-07-18 11:59:15,167 kilosort.clustering_qr DEBUG    Max alloc:     1.38 %     |      0.06   /     4.00 GB
2026-07-18 11:59:15,167 kilosort.clustering_qr DEBUG    ********************************************************
2026-07-18 11:59:15,236 kilosort.clustering_qr DEBUG    Center 19 | Xd shape: torch.Size([16258, 90]) | ntemp: 16
2026-07-18 11:59:17,157 kilosort.clustering_qr DEBUG    Center 20 | Xd shape: torch.Size([10598, 90]) | ntemp: 16
2026-07-18 11:59:18,763 kilosort.clustering_qr DEBUG    Center 21 | Xd shape: torch.Size([6481, 90]) | ntemp: 16
2026-07-18 11:59:20,211 kilosort.clustering_qr DEBUG    Center 22 | Xd shape: torch.Size([3679, 90]) | ntemp: 16
2026-07-18 11:59:21,591 kilosort.clustering_qr DEBUG    Center 23 | Xd shape: torch.Size([2315, 90]) | ntemp: 16
2026-07-18 11:59:22,429 kilosort.clustering_qr DEBUG    Center 24 | Xd shape: torch.Size([3368, 90]) | ntemp: 16
2026-07-18 11:59:23,831 kilosort.clustering_qr DEBUG    Center 25 | Xd shape: torch.Size([3648, 90]) | ntemp: 16
2026-07-18 11:59:25,213 kilosort.clustering_qr DEBUG    Center 26 | Xd shape: torch.Size([4456, 90]) | ntemp: 16
2026-07-18 11:59:26,605 kilosort.clustering_qr DEBUG    Center 27 | Xd shape: torch.Size([4318, 90]) | ntemp: 16
2026-07-18 11:59:27,764 kilosort.clustering_qr DEBUG    Center 28 | Xd shape: torch.Size([6698, 90]) | ntemp: 16
2026-07-18 11:59:29,209 kilosort.clustering_qr DEBUG     
2026-07-18 11:59:29,209 kilosort.clustering_qr DEBUG    Cluster center: 29 (30/96)
2026-07-18 11:59:29,209 kilosort.clustering_qr DEBUG    ********************************************************
2026-07-18 11:59:29,209 kilosort.clustering_qr DEBUG    CPU usage:    22.50 %
2026-07-18 11:59:29,209 kilosort.clustering_qr DEBUG    Mem used:     59.40 %     |       9.30 GB
2026-07-18 11:59:29,209 kilosort.clustering_qr DEBUG    Mem avail:     6.35 / 15.65 GB
2026-07-18 11:59:29,209 kilosort.clustering_qr DEBUG    ------------------------------------------------------
2026-07-18 11:59:29,209 kilosort.clustering_qr DEBUG    GPU usage:    `conda install pynvml` for GPU usage
2026-07-18 11:59:29,209 kilosort.clustering_qr DEBUG    GPU memory:   22.31 %     |      0.89   /     4.00 GB
2026-07-18 11:59:29,209 kilosort.clustering_qr DEBUG    Allocated:     0.28 %     |      0.01   /     4.00 GB
2026-07-18 11:59:29,209 kilosort.clustering_qr DEBUG    Max alloc:     1.41 %     |      0.06   /     4.00 GB
2026-07-18 11:59:29,209 kilosort.clustering_qr DEBUG    ********************************************************
2026-07-18 11:59:29,240 kilosort.clustering_qr DEBUG    Center 29 | Xd shape: torch.Size([3677, 90]) | ntemp: 16
2026-07-18 11:59:30,625 kilosort.clustering_qr DEBUG    Center 30 | Xd shape: torch.Size([5632, 90]) | ntemp: 16
2026-07-18 11:59:32,034 kilosort.clustering_qr DEBUG    Center 31 | Xd shape: torch.Size([6496, 90]) | ntemp: 16
2026-07-18 11:59:33,476 kilosort.clustering_qr DEBUG    Center 32 | Xd shape: torch.Size([5289, 90]) | ntemp: 16
2026-07-18 11:59:35,061 kilosort.clustering_qr DEBUG    Center 33 | Xd shape: torch.Size([4344, 90]) | ntemp: 16
2026-07-18 11:59:36,469 kilosort.clustering_qr DEBUG    Center 34 | Xd shape: torch.Size([2594, 90]) | ntemp: 16
2026-07-18 11:59:38,027 kilosort.clustering_qr DEBUG    Center 35 | Xd shape: torch.Size([8684, 90]) | ntemp: 16
2026-07-18 11:59:39,562 kilosort.clustering_qr DEBUG    Center 36 | Xd shape: torch.Size([8274, 90]) | ntemp: 16
2026-07-18 11:59:41,062 kilosort.clustering_qr DEBUG    Center 37 | Xd shape: torch.Size([7041, 90]) | ntemp: 16
2026-07-18 11:59:42,501 kilosort.clustering_qr DEBUG    Center 38 | Xd shape: torch.Size([4224, 90]) | ntemp: 16
2026-07-18 11:59:43,885 kilosort.clustering_qr DEBUG     
2026-07-18 11:59:43,885 kilosort.clustering_qr DEBUG    Cluster center: 39 (40/96)
2026-07-18 11:59:43,885 kilosort.clustering_qr DEBUG    ********************************************************
2026-07-18 11:59:43,885 kilosort.clustering_qr DEBUG    CPU usage:    23.30 %
2026-07-18 11:59:43,885 kilosort.clustering_qr DEBUG    Mem used:     59.40 %     |       9.29 GB
2026-07-18 11:59:43,885 kilosort.clustering_qr DEBUG    Mem avail:     6.35 / 15.65 GB
2026-07-18 11:59:43,885 kilosort.clustering_qr DEBUG    ------------------------------------------------------
2026-07-18 11:59:43,885 kilosort.clustering_qr DEBUG    GPU usage:    `conda install pynvml` for GPU usage
2026-07-18 11:59:43,885 kilosort.clustering_qr DEBUG    GPU memory:   22.31 %     |      0.89   /     4.00 GB
2026-07-18 11:59:43,885 kilosort.clustering_qr DEBUG    Allocated:     0.28 %     |      0.01   /     4.00 GB
2026-07-18 11:59:43,885 kilosort.clustering_qr DEBUG    Max alloc:     1.41 %     |      0.06   /     4.00 GB
2026-07-18 11:59:43,885 kilosort.clustering_qr DEBUG    ********************************************************
2026-07-18 11:59:43,915 kilosort.clustering_qr DEBUG    Center 39 | Xd shape: torch.Size([4076, 90]) | ntemp: 16
2026-07-18 11:59:45,364 kilosort.clustering_qr DEBUG    Center 40 | Xd shape: torch.Size([4329, 90]) | ntemp: 16
2026-07-18 11:59:46,842 kilosort.clustering_qr DEBUG    Center 41 | Xd shape: torch.Size([4529, 90]) | ntemp: 16
2026-07-18 11:59:48,334 kilosort.clustering_qr DEBUG    Center 42 | Xd shape: torch.Size([4827, 90]) | ntemp: 16
2026-07-18 11:59:49,730 kilosort.clustering_qr DEBUG    Center 43 | Xd shape: torch.Size([4935, 90]) | ntemp: 16
2026-07-18 11:59:51,006 kilosort.clustering_qr DEBUG    Center 44 | Xd shape: torch.Size([8265, 87]) | ntemp: 16
2026-07-18 11:59:52,432 kilosort.clustering_qr DEBUG    Center 45 | Xd shape: torch.Size([6782, 87]) | ntemp: 16
2026-07-18 11:59:53,895 kilosort.clustering_qr DEBUG    Center 46 | Xd shape: torch.Size([8374, 87]) | ntemp: 16
2026-07-18 11:59:55,322 kilosort.clustering_qr DEBUG    Center 47 | Xd shape: torch.Size([7769, 87]) | ntemp: 16
2026-07-18 11:59:56,762 kilosort.clustering_qr DEBUG    Center 48 | Xd shape: torch.Size([3154, 87]) | ntemp: 16
2026-07-18 11:59:58,126 kilosort.clustering_qr DEBUG     
2026-07-18 11:59:58,126 kilosort.clustering_qr DEBUG    Cluster center: 49 (50/96)
2026-07-18 11:59:58,126 kilosort.clustering_qr DEBUG    ********************************************************
2026-07-18 11:59:58,126 kilosort.clustering_qr DEBUG    CPU usage:    22.70 %
2026-07-18 11:59:58,126 kilosort.clustering_qr DEBUG    Mem used:     59.30 %     |       9.28 GB
2026-07-18 11:59:58,126 kilosort.clustering_qr DEBUG    Mem avail:     6.37 / 15.65 GB
2026-07-18 11:59:58,126 kilosort.clustering_qr DEBUG    ------------------------------------------------------
2026-07-18 11:59:58,126 kilosort.clustering_qr DEBUG    GPU usage:    `conda install pynvml` for GPU usage
2026-07-18 11:59:58,126 kilosort.clustering_qr DEBUG    GPU memory:   22.31 %     |      0.89   /     4.00 GB
2026-07-18 11:59:58,126 kilosort.clustering_qr DEBUG    Allocated:     0.28 %     |      0.01   /     4.00 GB
2026-07-18 11:59:58,126 kilosort.clustering_qr DEBUG    Max alloc:     1.41 %     |      0.06   /     4.00 GB
2026-07-18 11:59:58,126 kilosort.clustering_qr DEBUG    ********************************************************
2026-07-18 11:59:58,173 kilosort.clustering_qr DEBUG    Center 49 | Xd shape: torch.Size([4675, 87]) | ntemp: 16
2026-07-18 11:59:59,597 kilosort.clustering_qr DEBUG    Center 50 | Xd shape: torch.Size([3217, 87]) | ntemp: 16
2026-07-18 12:00:00,956 kilosort.clustering_qr DEBUG    Center 51 | Xd shape: torch.Size([3241, 90]) | ntemp: 16
2026-07-18 12:00:02,346 kilosort.clustering_qr DEBUG    Center 52 | Xd shape: torch.Size([3916, 90]) | ntemp: 16
2026-07-18 12:00:03,812 kilosort.clustering_qr DEBUG    Center 53 | Xd shape: torch.Size([10449, 90]) | ntemp: 16
2026-07-18 12:00:05,398 kilosort.clustering_qr DEBUG    Center 54 | Xd shape: torch.Size([8353, 90]) | ntemp: 16
2026-07-18 12:00:06,897 kilosort.clustering_qr DEBUG    Center 55 | Xd shape: torch.Size([7104, 90]) | ntemp: 16
2026-07-18 12:00:08,404 kilosort.clustering_qr DEBUG    Center 56 | Xd shape: torch.Size([8114, 90]) | ntemp: 16
2026-07-18 12:00:09,870 kilosort.clustering_qr DEBUG    Center 57 | Xd shape: torch.Size([6850, 90]) | ntemp: 16
2026-07-18 12:00:11,239 kilosort.clustering_qr DEBUG    Center 58 | Xd shape: torch.Size([5505, 90]) | ntemp: 16
2026-07-18 12:00:12,603 kilosort.clustering_qr DEBUG     
2026-07-18 12:00:12,603 kilosort.clustering_qr DEBUG    Cluster center: 59 (60/96)
2026-07-18 12:00:12,603 kilosort.clustering_qr DEBUG    ********************************************************
2026-07-18 12:00:12,603 kilosort.clustering_qr DEBUG    CPU usage:    23.20 %
2026-07-18 12:00:12,603 kilosort.clustering_qr DEBUG    Mem used:     59.50 %     |       9.31 GB
2026-07-18 12:00:12,603 kilosort.clustering_qr DEBUG    Mem avail:     6.34 / 15.65 GB
2026-07-18 12:00:12,603 kilosort.clustering_qr DEBUG    ------------------------------------------------------
2026-07-18 12:00:12,603 kilosort.clustering_qr DEBUG    GPU usage:    `conda install pynvml` for GPU usage
2026-07-18 12:00:12,603 kilosort.clustering_qr DEBUG    GPU memory:   22.31 %     |      0.89   /     4.00 GB
2026-07-18 12:00:12,603 kilosort.clustering_qr DEBUG    Allocated:     0.28 %     |      0.01   /     4.00 GB
2026-07-18 12:00:12,603 kilosort.clustering_qr DEBUG    Max alloc:     1.41 %     |      0.06   /     4.00 GB
2026-07-18 12:00:12,603 kilosort.clustering_qr DEBUG    ********************************************************
2026-07-18 12:00:12,631 kilosort.clustering_qr DEBUG    Center 59 | Xd shape: torch.Size([3918, 90]) | ntemp: 16
2026-07-18 12:00:13,997 kilosort.clustering_qr DEBUG    Center 60 | Xd shape: torch.Size([6962, 90]) | ntemp: 16
2026-07-18 12:00:15,397 kilosort.clustering_qr DEBUG    Center 61 | Xd shape: torch.Size([10651, 90]) | ntemp: 16
2026-07-18 12:00:16,934 kilosort.clustering_qr DEBUG    Center 62 | Xd shape: torch.Size([8882, 90]) | ntemp: 16
2026-07-18 12:00:18,331 kilosort.clustering_qr DEBUG    Center 63 | Xd shape: torch.Size([4605, 90]) | ntemp: 16
2026-07-18 12:00:19,627 kilosort.clustering_qr DEBUG    Center 64 | Xd shape: torch.Size([4963, 90]) | ntemp: 16
2026-07-18 12:00:21,017 kilosort.clustering_qr DEBUG    Center 65 | Xd shape: torch.Size([5071, 90]) | ntemp: 16
2026-07-18 12:00:22,436 kilosort.clustering_qr DEBUG    Center 66 | Xd shape: torch.Size([9716, 90]) | ntemp: 16
2026-07-18 12:00:23,946 kilosort.clustering_qr DEBUG    Center 67 | Xd shape: torch.Size([5301, 90]) | ntemp: 16
2026-07-18 12:00:25,334 kilosort.clustering_qr DEBUG    Center 68 | Xd shape: torch.Size([3926, 90]) | ntemp: 16
2026-07-18 12:00:26,614 kilosort.clustering_qr DEBUG     
2026-07-18 12:00:26,614 kilosort.clustering_qr DEBUG    Cluster center: 69 (70/96)
2026-07-18 12:00:26,614 kilosort.clustering_qr DEBUG    ********************************************************
2026-07-18 12:00:26,614 kilosort.clustering_qr DEBUG    CPU usage:    22.20 %
2026-07-18 12:00:26,614 kilosort.clustering_qr DEBUG    Mem used:     59.30 %     |       9.29 GB
2026-07-18 12:00:26,614 kilosort.clustering_qr DEBUG    Mem avail:     6.36 / 15.65 GB
2026-07-18 12:00:26,614 kilosort.clustering_qr DEBUG    ------------------------------------------------------
2026-07-18 12:00:26,614 kilosort.clustering_qr DEBUG    GPU usage:    `conda install pynvml` for GPU usage
2026-07-18 12:00:26,614 kilosort.clustering_qr DEBUG    GPU memory:   22.31 %     |      0.89   /     4.00 GB
2026-07-18 12:00:26,614 kilosort.clustering_qr DEBUG    Allocated:     0.28 %     |      0.01   /     4.00 GB
2026-07-18 12:00:26,614 kilosort.clustering_qr DEBUG    Max alloc:     1.41 %     |      0.06   /     4.00 GB
2026-07-18 12:00:26,614 kilosort.clustering_qr DEBUG    ********************************************************
2026-07-18 12:00:26,658 kilosort.clustering_qr DEBUG    Center 69 | Xd shape: torch.Size([5634, 90]) | ntemp: 16
2026-07-18 12:00:28,114 kilosort.clustering_qr DEBUG    Center 70 | Xd shape: torch.Size([5847, 90]) | ntemp: 16
2026-07-18 12:00:29,542 kilosort.clustering_qr DEBUG    Center 71 | Xd shape: torch.Size([7217, 90]) | ntemp: 16
2026-07-18 12:00:31,049 kilosort.clustering_qr DEBUG    Center 72 | Xd shape: torch.Size([5311, 90]) | ntemp: 16
2026-07-18 12:00:32,651 kilosort.clustering_qr DEBUG    Center 73 | Xd shape: torch.Size([5159, 90]) | ntemp: 16
2026-07-18 12:00:34,075 kilosort.clustering_qr DEBUG    Center 74 | Xd shape: torch.Size([6087, 90]) | ntemp: 16
2026-07-18 12:00:35,585 kilosort.clustering_qr DEBUG    Center 75 | Xd shape: torch.Size([7766, 90]) | ntemp: 16
2026-07-18 12:00:37,009 kilosort.clustering_qr DEBUG    Center 76 | Xd shape: torch.Size([4605, 90]) | ntemp: 16
2026-07-18 12:00:38,404 kilosort.clustering_qr DEBUG    Center 77 | Xd shape: torch.Size([5209, 90]) | ntemp: 16
2026-07-18 12:00:39,835 kilosort.clustering_qr DEBUG    Center 78 | Xd shape: torch.Size([6857, 90]) | ntemp: 16
2026-07-18 12:00:41,388 kilosort.clustering_qr DEBUG     
2026-07-18 12:00:41,388 kilosort.clustering_qr DEBUG    Cluster center: 79 (80/96)
2026-07-18 12:00:41,388 kilosort.clustering_qr DEBUG    ********************************************************
2026-07-18 12:00:41,388 kilosort.clustering_qr DEBUG    CPU usage:    24.10 %
2026-07-18 12:00:41,388 kilosort.clustering_qr DEBUG    Mem used:     60.00 %     |       9.39 GB
2026-07-18 12:00:41,388 kilosort.clustering_qr DEBUG    Mem avail:     6.25 / 15.65 GB
2026-07-18 12:00:41,388 kilosort.clustering_qr DEBUG    ------------------------------------------------------
2026-07-18 12:00:41,388 kilosort.clustering_qr DEBUG    GPU usage:    `conda install pynvml` for GPU usage
2026-07-18 12:00:41,388 kilosort.clustering_qr DEBUG    GPU memory:   22.31 %     |      0.89   /     4.00 GB
2026-07-18 12:00:41,388 kilosort.clustering_qr DEBUG    Allocated:     0.28 %     |      0.01   /     4.00 GB
2026-07-18 12:00:41,388 kilosort.clustering_qr DEBUG    Max alloc:     1.41 %     |      0.06   /     4.00 GB
2026-07-18 12:00:41,388 kilosort.clustering_qr DEBUG    ********************************************************
2026-07-18 12:00:41,434 kilosort.clustering_qr DEBUG    Center 79 | Xd shape: torch.Size([5461, 90]) | ntemp: 16
2026-07-18 12:00:42,890 kilosort.clustering_qr DEBUG    Center 80 | Xd shape: torch.Size([3945, 90]) | ntemp: 16
2026-07-18 12:00:44,279 kilosort.clustering_qr DEBUG    Center 81 | Xd shape: torch.Size([8268, 90]) | ntemp: 16
2026-07-18 12:00:45,776 kilosort.clustering_qr DEBUG    Center 82 | Xd shape: torch.Size([2287, 90]) | ntemp: 16
2026-07-18 12:00:47,223 kilosort.clustering_qr DEBUG    Center 83 | Xd shape: torch.Size([3397, 90]) | ntemp: 16
2026-07-18 12:00:48,559 kilosort.clustering_qr DEBUG    Center 84 | Xd shape: torch.Size([4954, 90]) | ntemp: 16
2026-07-18 12:00:49,971 kilosort.clustering_qr DEBUG    Center 85 | Xd shape: torch.Size([6990, 90]) | ntemp: 16
2026-07-18 12:00:51,479 kilosort.clustering_qr DEBUG    Center 86 | Xd shape: torch.Size([3875, 90]) | ntemp: 16
2026-07-18 12:00:52,851 kilosort.clustering_qr DEBUG    Center 87 | Xd shape: torch.Size([3239, 90]) | ntemp: 16
2026-07-18 12:00:54,246 kilosort.clustering_qr DEBUG    Center 88 | Xd shape: torch.Size([2965, 90]) | ntemp: 16
2026-07-18 12:00:55,594 kilosort.clustering_qr DEBUG     
2026-07-18 12:00:55,594 kilosort.clustering_qr DEBUG    Cluster center: 89 (90/96)
2026-07-18 12:00:55,594 kilosort.clustering_qr DEBUG    ********************************************************
2026-07-18 12:00:55,594 kilosort.clustering_qr DEBUG    CPU usage:    24.00 %
2026-07-18 12:00:55,594 kilosort.clustering_qr DEBUG    Mem used:     60.00 %     |       9.39 GB
2026-07-18 12:00:55,594 kilosort.clustering_qr DEBUG    Mem avail:     6.25 / 15.65 GB
2026-07-18 12:00:55,594 kilosort.clustering_qr DEBUG    ------------------------------------------------------
2026-07-18 12:00:55,594 kilosort.clustering_qr DEBUG    GPU usage:    `conda install pynvml` for GPU usage
2026-07-18 12:00:55,594 kilosort.clustering_qr DEBUG    GPU memory:   22.31 %     |      0.89   /     4.00 GB
2026-07-18 12:00:55,604 kilosort.clustering_qr DEBUG    Allocated:     0.28 %     |      0.01   /     4.00 GB
2026-07-18 12:00:55,604 kilosort.clustering_qr DEBUG    Max alloc:     1.41 %     |      0.06   /     4.00 GB
2026-07-18 12:00:55,604 kilosort.clustering_qr DEBUG    ********************************************************
2026-07-18 12:00:55,635 kilosort.clustering_qr DEBUG    Center 89 | Xd shape: torch.Size([3488, 90]) | ntemp: 16
2026-07-18 12:00:56,995 kilosort.clustering_qr DEBUG    Center 90 | Xd shape: torch.Size([4182, 90]) | ntemp: 16
2026-07-18 12:00:58,507 kilosort.clustering_qr DEBUG    Center 91 | Xd shape: torch.Size([4498, 90]) | ntemp: 16
2026-07-18 12:00:59,910 kilosort.clustering_qr DEBUG    Center 92 | Xd shape: torch.Size([3803, 84]) | ntemp: 16
2026-07-18 12:01:01,368 kilosort.clustering_qr DEBUG    Center 93 | Xd shape: torch.Size([3335, 78]) | ntemp: 16
2026-07-18 12:01:02,913 kilosort.clustering_qr DEBUG    Center 94 | Xd shape: torch.Size([7044, 78]) | ntemp: 16
2026-07-18 12:01:04,395 kilosort.clustering_qr DEBUG    Center 95 | Xd shape: torch.Size([1561, 78]) | ntemp: 12
2026-07-18 12:01:07,212 kilosort.run_kilosort INFO     373 clusters found, in 143.17s; total 2993.73s
2026-07-18 12:01:07,212 kilosort.run_kilosort DEBUG    clu shape: (628489,)
2026-07-18 12:01:07,212 kilosort.run_kilosort DEBUG    Wall shape: torch.Size([373, 383, 3])
2026-07-18 12:01:07,212 kilosort.run_kilosort INFO      
2026-07-18 12:01:07,222 kilosort.run_kilosort INFO     Resource usage after first clustering
2026-07-18 12:01:07,222 kilosort.run_kilosort INFO     ********************************************************
2026-07-18 12:01:07,222 kilosort.run_kilosort INFO     CPU usage:    25.00 %
2026-07-18 12:01:07,222 kilosort.run_kilosort INFO     Mem used:     60.00 %     |       9.39 GB
2026-07-18 12:01:07,222 kilosort.run_kilosort INFO     Mem avail:     6.25 / 15.65 GB
2026-07-18 12:01:07,222 kilosort.run_kilosort INFO     ------------------------------------------------------
2026-07-18 12:01:07,222 kilosort.run_kilosort INFO     GPU usage:    `conda install pynvml` for GPU usage
2026-07-18 12:01:07,222 kilosort.run_kilosort INFO     GPU memory:   33.84 %     |      1.35   /     4.00 GB
2026-07-18 12:01:07,222 kilosort.run_kilosort INFO     Allocated:     0.32 %     |      0.01   /     4.00 GB
2026-07-18 12:01:07,222 kilosort.run_kilosort INFO     Max alloc:    10.92 %     |      0.44   /     4.00 GB
2026-07-18 12:01:07,222 kilosort.run_kilosort INFO     ********************************************************
2026-07-18 12:01:07,222 kilosort.run_kilosort DEBUG    
2026-07-18 12:01:07,222 kilosort.run_kilosort DEBUG    --------------------
2026-07-18 12:01:07,222 kilosort.run_kilosort DEBUG    Process thread count: N/A (linux only)
2026-07-18 12:01:07,222 kilosort.run_kilosort DEBUG    num torch threads: 8
2026-07-18 12:01:07,222 kilosort.run_kilosort DEBUG    --------------------

2026-07-18 12:01:07,222 kilosort.run_kilosort INFO      
2026-07-18 12:01:07,222 kilosort.run_kilosort INFO     Extracting spikes using cluster waveforms
2026-07-18 12:01:07,222 kilosort.run_kilosort INFO     ----------------------------------------
2026-07-18 12:01:07,324 kilosort.template_matching DEBUG     
2026-07-18 12:01:07,334 kilosort.template_matching DEBUG    Batch 0
2026-07-18 12:01:07,334 kilosort.template_matching DEBUG    ********************************************************
2026-07-18 12:01:07,334 kilosort.template_matching DEBUG    CPU usage:    34.20 %
2026-07-18 12:01:07,334 kilosort.template_matching DEBUG    Mem used:     61.70 %     |       9.65 GB
2026-07-18 12:01:07,334 kilosort.template_matching DEBUG    Mem avail:     6.00 / 15.65 GB
2026-07-18 12:01:07,334 kilosort.template_matching DEBUG    ------------------------------------------------------
2026-07-18 12:01:07,334 kilosort.template_matching DEBUG    GPU usage:    `conda install pynvml` for GPU usage
2026-07-18 12:01:07,334 kilosort.template_matching DEBUG    GPU memory:   33.84 %     |      1.35   /     4.00 GB
2026-07-18 12:01:07,334 kilosort.template_matching DEBUG    Allocated:     1.59 %     |      0.06   /     4.00 GB
2026-07-18 12:01:07,334 kilosort.template_matching DEBUG    Max alloc:     1.78 %     |      0.07   /     4.00 GB
2026-07-18 12:01:07,334 kilosort.template_matching DEBUG    ********************************************************
2026-07-18 12:02:59,989 kilosort.template_matching DEBUG     
2026-07-18 12:02:59,989 kilosort.template_matching DEBUG    Batch 100
2026-07-18 12:02:59,989 kilosort.template_matching DEBUG    ********************************************************
2026-07-18 12:02:59,989 kilosort.template_matching DEBUG    CPU usage:    17.90 %
2026-07-18 12:02:59,989 kilosort.template_matching DEBUG    Mem used:     61.00 %     |       9.55 GB
2026-07-18 12:02:59,989 kilosort.template_matching DEBUG    Mem avail:     6.10 / 15.65 GB
2026-07-18 12:02:59,989 kilosort.template_matching DEBUG    ------------------------------------------------------
2026-07-18 12:02:59,989 kilosort.template_matching DEBUG    GPU usage:    `conda install pynvml` for GPU usage
2026-07-18 12:02:59,989 kilosort.template_matching DEBUG    GPU memory:   66.41 %     |      2.66   /     4.00 GB
2026-07-18 12:02:59,989 kilosort.template_matching DEBUG    Allocated:     5.97 %     |      0.24   /     4.00 GB
2026-07-18 12:02:59,989 kilosort.template_matching DEBUG    Max alloc:    36.22 %     |      1.45   /     4.00 GB
2026-07-18 12:02:59,989 kilosort.template_matching DEBUG    ********************************************************
2026-07-18 12:03:06,907 kilosort.template_matching DEBUG     
2026-07-18 12:03:06,907 kilosort.template_matching DEBUG    Batch 106
2026-07-18 12:03:06,907 kilosort.template_matching DEBUG    ********************************************************
2026-07-18 12:03:06,907 kilosort.template_matching DEBUG    CPU usage:    15.70 %
2026-07-18 12:03:06,907 kilosort.template_matching DEBUG    Mem used:     61.10 %     |       9.57 GB
2026-07-18 12:03:06,907 kilosort.template_matching DEBUG    Mem avail:     6.08 / 15.65 GB
2026-07-18 12:03:06,907 kilosort.template_matching DEBUG    ------------------------------------------------------
2026-07-18 12:03:06,907 kilosort.template_matching DEBUG    GPU usage:    `conda install pynvml` for GPU usage
2026-07-18 12:03:06,917 kilosort.template_matching DEBUG    GPU memory:   66.41 %     |      2.66   /     4.00 GB
2026-07-18 12:03:06,917 kilosort.template_matching DEBUG    Allocated:     5.96 %     |      0.24   /     4.00 GB
2026-07-18 12:03:06,917 kilosort.template_matching DEBUG    Max alloc:    36.22 %     |      1.45   /     4.00 GB
2026-07-18 12:03:06,917 kilosort.template_matching DEBUG    ********************************************************
2026-07-18 12:03:07,219 kilosort.run_kilosort DEBUG    
2026-07-18 12:03:07,219 kilosort.run_kilosort DEBUG    --------------------
2026-07-18 12:03:07,219 kilosort.run_kilosort DEBUG    Process thread count: N/A (linux only)
2026-07-18 12:03:07,219 kilosort.run_kilosort DEBUG    num torch threads: 8
2026-07-18 12:03:07,219 kilosort.run_kilosort DEBUG    --------------------

2026-07-18 12:03:07,229 kilosort.run_kilosort INFO     842025 spikes extracted in 120.01s; total 3113.74s
2026-07-18 12:03:07,229 kilosort.run_kilosort DEBUG    st shape: (842025, 3)
2026-07-18 12:03:07,229 kilosort.run_kilosort DEBUG    tF shape: torch.Size([842025, 25, 3])
2026-07-18 12:03:07,229 kilosort.run_kilosort DEBUG    iCC shape: torch.Size([25, 383])
2026-07-18 12:03:07,229 kilosort.run_kilosort DEBUG    iU shape: torch.Size([333])
2026-07-18 12:03:07,229 kilosort.run_kilosort DEBUG    

|===========================================================================|
|                  PyTorch CUDA memory summary, device ID 0                 |
|---------------------------------------------------------------------------|
|            CUDA OOMs: 0            |        cudaMalloc retries: 0         |
|===========================================================================|
|        Metric         | Cur Usage  | Peak Usage | Tot Alloc  | Tot Freed  |
|---------------------------------------------------------------------------|
| Allocated memory      |  13415 KiB |   1483 MiB |  28422 GiB |  28422 GiB |
|---------------------------------------------------------------------------|
| Active memory         |  13415 KiB |   1483 MiB |  28422 GiB |  28422 GiB |
|---------------------------------------------------------------------------|
| Requested memory      |  13411 KiB |   1483 MiB |  28412 GiB |  28412 GiB |
|---------------------------------------------------------------------------|
| GPU reserved memory   |   1856 MiB |   1856 MiB |    951 GiB |    949 GiB |
|---------------------------------------------------------------------------|
| Non-releasable memory |  39833 KiB |   1011 MiB |  10304 GiB |  10304 GiB |
|---------------------------------------------------------------------------|
| Allocations           |      13    |      45    |    1671 K  |    1671 K  |
|---------------------------------------------------------------------------|
| Active allocs         |      13    |      45    |    1671 K  |    1671 K  |
|---------------------------------------------------------------------------|
| GPU reserved segments |      13    |      13    |    2769    |    2756    |
|---------------------------------------------------------------------------|
| Non-releasable allocs |      12    |      24    |  627800    |  627788    |
|---------------------------------------------------------------------------|
| Oversize allocations  |       0    |       0    |       0    |       0    |
|---------------------------------------------------------------------------|
| Oversize GPU segments |       0    |       0    |       0    |       0    |
|===========================================================================|


2026-07-18 12:03:07,229 kilosort.run_kilosort INFO      
2026-07-18 12:03:07,229 kilosort.run_kilosort INFO     Resource usage after spike detect (learned)
2026-07-18 12:03:07,229 kilosort.run_kilosort INFO     ********************************************************
2026-07-18 12:03:07,229 kilosort.run_kilosort INFO     CPU usage:     0.00 %
2026-07-18 12:03:07,229 kilosort.run_kilosort INFO     Mem used:     60.00 %     |       9.39 GB
2026-07-18 12:03:07,229 kilosort.run_kilosort INFO     Mem avail:     6.25 / 15.65 GB
2026-07-18 12:03:07,229 kilosort.run_kilosort INFO     ------------------------------------------------------
2026-07-18 12:03:07,229 kilosort.run_kilosort INFO     GPU usage:    `conda install pynvml` for GPU usage
2026-07-18 12:03:07,229 kilosort.run_kilosort INFO     GPU memory:   66.41 %     |      2.66   /     4.00 GB
2026-07-18 12:03:07,229 kilosort.run_kilosort INFO     Allocated:     0.32 %     |      0.01   /     4.00 GB
2026-07-18 12:03:07,229 kilosort.run_kilosort INFO     Max alloc:    36.22 %     |      1.45   /     4.00 GB
2026-07-18 12:03:07,229 kilosort.run_kilosort INFO     ********************************************************
2026-07-18 12:03:07,240 kilosort.run_kilosort DEBUG    
2026-07-18 12:03:07,240 kilosort.run_kilosort DEBUG    --------------------
2026-07-18 12:03:07,240 kilosort.run_kilosort DEBUG    Process thread count: N/A (linux only)
2026-07-18 12:03:07,240 kilosort.run_kilosort DEBUG    num torch threads: 8
2026-07-18 12:03:07,240 kilosort.run_kilosort DEBUG    --------------------

2026-07-18 12:03:07,240 kilosort.run_kilosort INFO     Generating diagnostic plots ...
2026-07-18 12:03:10,793 kilosort.run_kilosort INFO      
2026-07-18 12:03:10,793 kilosort.run_kilosort INFO     Final clustering
2026-07-18 12:03:10,797 kilosort.run_kilosort INFO     ----------------------------------------
2026-07-18 12:03:10,857 kilosort.clustering_qr DEBUG    Center 0 | Xd shape: torch.Size([16614, 75]) | ntemp: 5
2026-07-18 12:03:18,727 kilosort.clustering_qr DEBUG    Center 1 | Xd shape: torch.Size([17390, 78]) | ntemp: 5
2026-07-18 12:03:20,820 kilosort.clustering_qr DEBUG    Center 2 | Xd shape: torch.Size([18255, 78]) | ntemp: 7
2026-07-18 12:03:22,472 kilosort.clustering_qr DEBUG    Center 3 | Xd shape: torch.Size([18845, 84]) | ntemp: 11
2026-07-18 12:03:24,242 kilosort.clustering_qr DEBUG    Center 4 | Xd shape: torch.Size([23746, 84]) | ntemp: 9
2026-07-18 12:03:26,315 kilosort.clustering_qr DEBUG    Center 5 | Xd shape: torch.Size([11854, 84]) | ntemp: 10
2026-07-18 12:03:27,912 kilosort.clustering_qr DEBUG    Center 6 | Xd shape: torch.Size([14715, 84]) | ntemp: 7
2026-07-18 12:03:29,728 kilosort.clustering_qr DEBUG    Center 7 | Xd shape: torch.Size([12553, 81]) | ntemp: 8
2026-07-18 12:03:31,581 kilosort.clustering_qr DEBUG    Center 8 | Xd shape: torch.Size([19448, 84]) | ntemp: 7
2026-07-18 12:03:33,234 kilosort.clustering_qr DEBUG     
2026-07-18 12:03:33,244 kilosort.clustering_qr DEBUG    Cluster center: 9 (10/90)
2026-07-18 12:03:33,244 kilosort.clustering_qr DEBUG    ********************************************************
2026-07-18 12:03:33,244 kilosort.clustering_qr DEBUG    CPU usage:    17.60 %
2026-07-18 12:03:33,244 kilosort.clustering_qr DEBUG    Mem used:     60.10 %     |       9.41 GB
2026-07-18 12:03:33,244 kilosort.clustering_qr DEBUG    Mem avail:     6.24 / 15.65 GB
2026-07-18 12:03:33,244 kilosort.clustering_qr DEBUG    ------------------------------------------------------
2026-07-18 12:03:33,244 kilosort.clustering_qr DEBUG    GPU usage:    `conda install pynvml` for GPU usage
2026-07-18 12:03:33,244 kilosort.clustering_qr DEBUG    GPU memory:   22.36 %     |      0.89   /     4.00 GB
2026-07-18 12:03:33,244 kilosort.clustering_qr DEBUG    Allocated:     0.29 %     |      0.01   /     4.00 GB
2026-07-18 12:03:33,244 kilosort.clustering_qr DEBUG    Max alloc:     1.92 %     |      0.08   /     4.00 GB
2026-07-18 12:03:33,244 kilosort.clustering_qr DEBUG    ********************************************************
2026-07-18 12:03:33,318 kilosort.clustering_qr DEBUG    Center 9 | Xd shape: torch.Size([22811, 84]) | ntemp: 8
2026-07-18 12:03:35,169 kilosort.clustering_qr DEBUG    Center 10 | Xd shape: torch.Size([23493, 84]) | ntemp: 9
2026-07-18 12:03:37,219 kilosort.clustering_qr DEBUG    Center 11 | Xd shape: torch.Size([28982, 84]) | ntemp: 6
2026-07-18 12:03:39,416 kilosort.clustering_qr DEBUG    Center 12 | Xd shape: torch.Size([23233, 84]) | ntemp: 7
2026-07-18 12:03:41,578 kilosort.clustering_qr DEBUG    Center 13 | Xd shape: torch.Size([17990, 84]) | ntemp: 9
2026-07-18 12:03:43,303 kilosort.clustering_qr DEBUG    Center 14 | Xd shape: torch.Size([19445, 84]) | ntemp: 10
2026-07-18 12:03:45,042 kilosort.clustering_qr DEBUG    Center 15 | Xd shape: torch.Size([29056, 84]) | ntemp: 9
2026-07-18 12:03:47,044 kilosort.clustering_qr DEBUG    Center 16 | Xd shape: torch.Size([14204, 81]) | ntemp: 5
2026-07-18 12:03:48,575 kilosort.clustering_qr DEBUG    Center 17 | Xd shape: torch.Size([24121, 84]) | ntemp: 8
2026-07-18 12:03:50,502 kilosort.clustering_qr DEBUG    Center 18 | Xd shape: torch.Size([35546, 84]) | ntemp: 12
2026-07-18 12:03:52,805 kilosort.clustering_qr DEBUG     
2026-07-18 12:03:52,805 kilosort.clustering_qr DEBUG    Cluster center: 19 (20/90)
2026-07-18 12:03:52,805 kilosort.clustering_qr DEBUG    ********************************************************
2026-07-18 12:03:52,805 kilosort.clustering_qr DEBUG    CPU usage:    21.00 %
2026-07-18 12:03:52,805 kilosort.clustering_qr DEBUG    Mem used:     60.30 %     |       9.43 GB
2026-07-18 12:03:52,805 kilosort.clustering_qr DEBUG    Mem avail:     6.22 / 15.65 GB
2026-07-18 12:03:52,805 kilosort.clustering_qr DEBUG    ------------------------------------------------------
2026-07-18 12:03:52,805 kilosort.clustering_qr DEBUG    GPU usage:    `conda install pynvml` for GPU usage
2026-07-18 12:03:52,805 kilosort.clustering_qr DEBUG    GPU memory:   22.36 %     |      0.89   /     4.00 GB
2026-07-18 12:03:52,810 kilosort.clustering_qr DEBUG    Allocated:     0.29 %     |      0.01   /     4.00 GB
2026-07-18 12:03:52,810 kilosort.clustering_qr DEBUG    Max alloc:     2.80 %     |      0.11   /     4.00 GB
2026-07-18 12:03:52,810 kilosort.clustering_qr DEBUG    ********************************************************
2026-07-18 12:03:52,875 kilosort.clustering_qr DEBUG    Center 19 | Xd shape: torch.Size([30621, 81]) | ntemp: 9
2026-07-18 12:03:54,857 kilosort.clustering_qr DEBUG    Center 20 | Xd shape: torch.Size([15734, 81]) | ntemp: 9
2026-07-18 12:03:56,440 kilosort.clustering_qr DEBUG    Center 21 | Xd shape: torch.Size([7407, 84]) | ntemp: 5
2026-07-18 12:03:57,988 kilosort.clustering_qr DEBUG    Center 22 | Xd shape: torch.Size([1955, 75]) | ntemp: 1
2026-07-18 12:03:59,241 kilosort.clustering_qr DEBUG    Center 24 | Xd shape: torch.Size([544, 75]) | ntemp: 1
2026-07-18 12:03:59,273 kilosort.clustering_qr DEBUG    Center 25 | Xd shape: torch.Size([2930, 75]) | ntemp: 2
2026-07-18 12:04:00,521 kilosort.clustering_qr DEBUG    Center 26 | Xd shape: torch.Size([3360, 75]) | ntemp: 1
2026-07-18 12:04:01,926 kilosort.clustering_qr DEBUG    Center 28 | Xd shape: torch.Size([9910, 75]) | ntemp: 2
2026-07-18 12:04:03,177 kilosort.clustering_qr DEBUG    Center 29 | Xd shape: torch.Size([5222, 75]) | ntemp: 1
2026-07-18 12:04:04,550 kilosort.clustering_qr DEBUG    Center 30 | Xd shape: torch.Size([9085, 81]) | ntemp: 2
2026-07-18 12:04:05,920 kilosort.clustering_qr DEBUG     
2026-07-18 12:04:05,920 kilosort.clustering_qr DEBUG    Cluster center: 31 (30/90)
2026-07-18 12:04:05,920 kilosort.clustering_qr DEBUG    ********************************************************
2026-07-18 12:04:05,920 kilosort.clustering_qr DEBUG    CPU usage:    20.10 %
2026-07-18 12:04:05,924 kilosort.clustering_qr DEBUG    Mem used:     60.20 %     |       9.41 GB
2026-07-18 12:04:05,924 kilosort.clustering_qr DEBUG    Mem avail:     6.23 / 15.65 GB
2026-07-18 12:04:05,924 kilosort.clustering_qr DEBUG    ------------------------------------------------------
2026-07-18 12:04:05,924 kilosort.clustering_qr DEBUG    GPU usage:    `conda install pynvml` for GPU usage
2026-07-18 12:04:05,924 kilosort.clustering_qr DEBUG    GPU memory:   22.36 %     |      0.89   /     4.00 GB
2026-07-18 12:04:05,924 kilosort.clustering_qr DEBUG    Allocated:     0.29 %     |      0.01   /     4.00 GB
2026-07-18 12:04:05,924 kilosort.clustering_qr DEBUG    Max alloc:     2.80 %     |      0.11   /     4.00 GB
2026-07-18 12:04:05,924 kilosort.clustering_qr DEBUG    ********************************************************
2026-07-18 12:04:05,965 kilosort.clustering_qr DEBUG    Center 31 | Xd shape: torch.Size([10278, 84]) | ntemp: 3
2026-07-18 12:04:07,404 kilosort.clustering_qr DEBUG    Center 32 | Xd shape: torch.Size([9369, 84]) | ntemp: 4
2026-07-18 12:04:08,849 kilosort.clustering_qr DEBUG    Center 33 | Xd shape: torch.Size([13111, 78]) | ntemp: 6
2026-07-18 12:04:10,409 kilosort.clustering_qr DEBUG    Center 34 | Xd shape: torch.Size([4455, 81]) | ntemp: 5
2026-07-18 12:04:11,785 kilosort.clustering_qr DEBUG    Center 35 | Xd shape: torch.Size([12040, 81]) | ntemp: 7
2026-07-18 12:04:13,389 kilosort.clustering_qr DEBUG    Center 36 | Xd shape: torch.Size([16844, 84]) | ntemp: 8
2026-07-18 12:04:15,138 kilosort.clustering_qr DEBUG    Center 37 | Xd shape: torch.Size([19733, 84]) | ntemp: 6
2026-07-18 12:04:16,718 kilosort.clustering_qr DEBUG    Center 38 | Xd shape: torch.Size([6304, 75]) | ntemp: 1
2026-07-18 12:04:17,990 kilosort.clustering_qr DEBUG    Center 39 | Xd shape: torch.Size([1968, 75]) | ntemp: 1
2026-07-18 12:04:19,147 kilosort.clustering_qr DEBUG    Center 40 | Xd shape: torch.Size([765, 75]) | ntemp: 1
2026-07-18 12:04:19,168 kilosort.clustering_qr DEBUG     
2026-07-18 12:04:19,168 kilosort.clustering_qr DEBUG    Cluster center: 41 (40/90)
2026-07-18 12:04:19,168 kilosort.clustering_qr DEBUG    ********************************************************
2026-07-18 12:04:19,168 kilosort.clustering_qr DEBUG    CPU usage:    20.00 %
2026-07-18 12:04:19,168 kilosort.clustering_qr DEBUG    Mem used:     60.00 %     |       9.39 GB
2026-07-18 12:04:19,168 kilosort.clustering_qr DEBUG    Mem avail:     6.26 / 15.65 GB
2026-07-18 12:04:19,168 kilosort.clustering_qr DEBUG    ------------------------------------------------------
2026-07-18 12:04:19,168 kilosort.clustering_qr DEBUG    GPU usage:    `conda install pynvml` for GPU usage
2026-07-18 12:04:19,168 kilosort.clustering_qr DEBUG    GPU memory:   22.36 %     |      0.89   /     4.00 GB
2026-07-18 12:04:19,168 kilosort.clustering_qr DEBUG    Allocated:     0.29 %     |      0.01   /     4.00 GB
2026-07-18 12:04:19,168 kilosort.clustering_qr DEBUG    Max alloc:     2.80 %     |      0.11   /     4.00 GB
2026-07-18 12:04:19,168 kilosort.clustering_qr DEBUG    ********************************************************
2026-07-18 12:04:19,192 kilosort.clustering_qr DEBUG    Center 41 | Xd shape: torch.Size([3652, 78]) | ntemp: 2
2026-07-18 12:04:20,530 kilosort.clustering_qr DEBUG    Center 42 | Xd shape: torch.Size([4182, 78]) | ntemp: 2
2026-07-18 12:04:21,905 kilosort.clustering_qr DEBUG    Center 43 | Xd shape: torch.Size([3895, 81]) | ntemp: 2
2026-07-18 12:04:23,306 kilosort.clustering_qr DEBUG    Center 44 | Xd shape: torch.Size([7848, 75]) | ntemp: 1
2026-07-18 12:04:24,736 kilosort.clustering_qr DEBUG    Center 45 | Xd shape: torch.Size([5493, 75]) | ntemp: 1
2026-07-18 12:04:26,006 kilosort.clustering_qr DEBUG    Center 46 | Xd shape: torch.Size([6124, 75]) | ntemp: 1
2026-07-18 12:04:27,306 kilosort.clustering_qr DEBUG    Center 47 | Xd shape: torch.Size([6399, 75]) | ntemp: 1
2026-07-18 12:04:28,658 kilosort.clustering_qr DEBUG    Center 48 | Xd shape: torch.Size([3306, 75]) | ntemp: 1
2026-07-18 12:04:29,914 kilosort.clustering_qr DEBUG    Center 49 | Xd shape: torch.Size([3425, 75]) | ntemp: 1
2026-07-18 12:04:31,317 kilosort.clustering_qr DEBUG    Center 50 | Xd shape: torch.Size([2182, 75]) | ntemp: 2
2026-07-18 12:04:32,782 kilosort.clustering_qr DEBUG     
2026-07-18 12:04:32,792 kilosort.clustering_qr DEBUG    Cluster center: 51 (50/90)
2026-07-18 12:04:32,792 kilosort.clustering_qr DEBUG    ********************************************************
2026-07-18 12:04:32,792 kilosort.clustering_qr DEBUG    CPU usage:    18.90 %
2026-07-18 12:04:32,792 kilosort.clustering_qr DEBUG    Mem used:     60.00 %     |       9.39 GB
2026-07-18 12:04:32,792 kilosort.clustering_qr DEBUG    Mem avail:     6.26 / 15.65 GB
2026-07-18 12:04:32,792 kilosort.clustering_qr DEBUG    ------------------------------------------------------
2026-07-18 12:04:32,792 kilosort.clustering_qr DEBUG    GPU usage:    `conda install pynvml` for GPU usage
2026-07-18 12:04:32,792 kilosort.clustering_qr DEBUG    GPU memory:   22.36 %     |      0.89   /     4.00 GB
2026-07-18 12:04:32,792 kilosort.clustering_qr DEBUG    Allocated:     0.29 %     |      0.01   /     4.00 GB
2026-07-18 12:04:32,792 kilosort.clustering_qr DEBUG    Max alloc:     2.80 %     |      0.11   /     4.00 GB
2026-07-18 12:04:32,792 kilosort.clustering_qr DEBUG    ********************************************************
2026-07-18 12:04:32,833 kilosort.clustering_qr DEBUG    Center 51 | Xd shape: torch.Size([6919, 81]) | ntemp: 4
2026-07-18 12:04:34,436 kilosort.clustering_qr DEBUG    Center 52 | Xd shape: torch.Size([6551, 81]) | ntemp: 4
2026-07-18 12:04:35,951 kilosort.clustering_qr DEBUG    Center 53 | Xd shape: torch.Size([16923, 84]) | ntemp: 4
2026-07-18 12:04:37,635 kilosort.clustering_qr DEBUG    Center 54 | Xd shape: torch.Size([14377, 84]) | ntemp: 5
2026-07-18 12:04:39,448 kilosort.clustering_qr DEBUG    Center 55 | Xd shape: torch.Size([15893, 81]) | ntemp: 3
2026-07-18 12:04:41,034 kilosort.clustering_qr DEBUG    Center 56 | Xd shape: torch.Size([9776, 81]) | ntemp: 4
2026-07-18 12:04:42,535 kilosort.clustering_qr DEBUG    Center 57 | Xd shape: torch.Size([6310, 81]) | ntemp: 4
2026-07-18 12:04:44,000 kilosort.clustering_qr DEBUG    Center 58 | Xd shape: torch.Size([1110, 75]) | ntemp: 1
2026-07-18 12:04:45,395 kilosort.clustering_qr DEBUG    Center 59 | Xd shape: torch.Size([1154, 75]) | ntemp: 1
2026-07-18 12:04:46,652 kilosort.clustering_qr DEBUG    Center 61 | Xd shape: torch.Size([10646, 75]) | ntemp: 1
2026-07-18 12:04:48,210 kilosort.clustering_qr DEBUG     
2026-07-18 12:04:48,210 kilosort.clustering_qr DEBUG    Cluster center: 62 (60/90)
2026-07-18 12:04:48,210 kilosort.clustering_qr DEBUG    ********************************************************
2026-07-18 12:04:48,210 kilosort.clustering_qr DEBUG    CPU usage:    20.90 %
2026-07-18 12:04:48,210 kilosort.clustering_qr DEBUG    Mem used:     60.10 %     |       9.41 GB
2026-07-18 12:04:48,210 kilosort.clustering_qr DEBUG    Mem avail:     6.24 / 15.65 GB
2026-07-18 12:04:48,210 kilosort.clustering_qr DEBUG    ------------------------------------------------------
2026-07-18 12:04:48,210 kilosort.clustering_qr DEBUG    GPU usage:    `conda install pynvml` for GPU usage
2026-07-18 12:04:48,210 kilosort.clustering_qr DEBUG    GPU memory:   22.36 %     |      0.89   /     4.00 GB
2026-07-18 12:04:48,210 kilosort.clustering_qr DEBUG    Allocated:     0.29 %     |      0.01   /     4.00 GB
2026-07-18 12:04:48,210 kilosort.clustering_qr DEBUG    Max alloc:     2.80 %     |      0.11   /     4.00 GB
2026-07-18 12:04:48,210 kilosort.clustering_qr DEBUG    ********************************************************
2026-07-18 12:04:48,243 kilosort.clustering_qr DEBUG    Center 62 | Xd shape: torch.Size([6688, 81]) | ntemp: 3
2026-07-18 12:04:49,587 kilosort.clustering_qr DEBUG    Center 63 | Xd shape: torch.Size([2567, 84]) | ntemp: 2
2026-07-18 12:04:50,931 kilosort.clustering_qr DEBUG    Center 64 | Xd shape: torch.Size([2787, 75]) | ntemp: 1
2026-07-18 12:04:52,308 kilosort.clustering_qr DEBUG    Center 65 | Xd shape: torch.Size([1217, 75]) | ntemp: 1
2026-07-18 12:04:53,559 kilosort.clustering_qr DEBUG    Center 66 | Xd shape: torch.Size([10660, 81]) | ntemp: 4
2026-07-18 12:04:55,150 kilosort.clustering_qr DEBUG    Center 67 | Xd shape: torch.Size([2207, 75]) | ntemp: 1
2026-07-18 12:04:56,611 kilosort.clustering_qr DEBUG    Center 68 | Xd shape: torch.Size([7433, 81]) | ntemp: 4
2026-07-18 12:04:58,061 kilosort.clustering_qr DEBUG    Center 69 | Xd shape: torch.Size([6759, 84]) | ntemp: 6
2026-07-18 12:04:59,559 kilosort.clustering_qr DEBUG    Center 70 | Xd shape: torch.Size([11851, 84]) | ntemp: 6
2026-07-18 12:05:01,147 kilosort.clustering_qr DEBUG    Center 71 | Xd shape: torch.Size([8098, 84]) | ntemp: 6
2026-07-18 12:05:02,594 kilosort.clustering_qr DEBUG     
2026-07-18 12:05:02,594 kilosort.clustering_qr DEBUG    Cluster center: 72 (70/90)
2026-07-18 12:05:02,594 kilosort.clustering_qr DEBUG    ********************************************************
2026-07-18 12:05:02,594 kilosort.clustering_qr DEBUG    CPU usage:    19.70 %
2026-07-18 12:05:02,604 kilosort.clustering_qr DEBUG    Mem used:     60.20 %     |       9.42 GB
2026-07-18 12:05:02,604 kilosort.clustering_qr DEBUG    Mem avail:     6.23 / 15.65 GB
2026-07-18 12:05:02,604 kilosort.clustering_qr DEBUG    ------------------------------------------------------
2026-07-18 12:05:02,604 kilosort.clustering_qr DEBUG    GPU usage:    `conda install pynvml` for GPU usage
2026-07-18 12:05:02,604 kilosort.clustering_qr DEBUG    GPU memory:   22.36 %     |      0.89   /     4.00 GB
2026-07-18 12:05:02,604 kilosort.clustering_qr DEBUG    Allocated:     0.29 %     |      0.01   /     4.00 GB
2026-07-18 12:05:02,604 kilosort.clustering_qr DEBUG    Max alloc:     2.80 %     |      0.11   /     4.00 GB
2026-07-18 12:05:02,604 kilosort.clustering_qr DEBUG    ********************************************************
2026-07-18 12:05:02,625 kilosort.clustering_qr DEBUG    Center 72 | Xd shape: torch.Size([8250, 81]) | ntemp: 3
2026-07-18 12:05:04,232 kilosort.clustering_qr DEBUG    Center 73 | Xd shape: torch.Size([1669, 75]) | ntemp: 1
2026-07-18 12:05:05,498 kilosort.clustering_qr DEBUG    Center 74 | Xd shape: torch.Size([3974, 75]) | ntemp: 1
2026-07-18 12:05:06,944 kilosort.clustering_qr DEBUG    Center 75 | Xd shape: torch.Size([5698, 75]) | ntemp: 1
2026-07-18 12:05:08,294 kilosort.clustering_qr DEBUG    Center 76 | Xd shape: torch.Size([2673, 75]) | ntemp: 1
2026-07-18 12:05:09,700 kilosort.clustering_qr DEBUG    Center 77 | Xd shape: torch.Size([3639, 75]) | ntemp: 1
2026-07-18 12:05:11,067 kilosort.clustering_qr DEBUG    Center 78 | Xd shape: torch.Size([4323, 81]) | ntemp: 2
2026-07-18 12:05:12,428 kilosort.clustering_qr DEBUG    Center 79 | Xd shape: torch.Size([2348, 75]) | ntemp: 1
2026-07-18 12:05:13,762 kilosort.clustering_qr DEBUG    Center 80 | Xd shape: torch.Size([2079, 75]) | ntemp: 1
2026-07-18 12:05:15,171 kilosort.clustering_qr DEBUG    Center 81 | Xd shape: torch.Size([7881, 75]) | ntemp: 1
2026-07-18 12:05:16,688 kilosort.clustering_qr DEBUG     
2026-07-18 12:05:16,688 kilosort.clustering_qr DEBUG    Cluster center: 82 (80/90)
2026-07-18 12:05:16,688 kilosort.clustering_qr DEBUG    ********************************************************
2026-07-18 12:05:16,688 kilosort.clustering_qr DEBUG    CPU usage:    19.80 %
2026-07-18 12:05:16,688 kilosort.clustering_qr DEBUG    Mem used:     60.20 %     |       9.42 GB
2026-07-18 12:05:16,688 kilosort.clustering_qr DEBUG    Mem avail:     6.23 / 15.65 GB
2026-07-18 12:05:16,688 kilosort.clustering_qr DEBUG    ------------------------------------------------------
2026-07-18 12:05:16,688 kilosort.clustering_qr DEBUG    GPU usage:    `conda install pynvml` for GPU usage
2026-07-18 12:05:16,688 kilosort.clustering_qr DEBUG    GPU memory:   22.36 %     |      0.89   /     4.00 GB
2026-07-18 12:05:16,688 kilosort.clustering_qr DEBUG    Allocated:     0.29 %     |      0.01   /     4.00 GB
2026-07-18 12:05:16,688 kilosort.clustering_qr DEBUG    Max alloc:     2.80 %     |      0.11   /     4.00 GB
2026-07-18 12:05:16,688 kilosort.clustering_qr DEBUG    ********************************************************
2026-07-18 12:05:16,706 kilosort.clustering_qr DEBUG    Center 82 | Xd shape: torch.Size([2152, 75]) | ntemp: 1
2026-07-18 12:05:17,909 kilosort.clustering_qr DEBUG    Center 83 | Xd shape: torch.Size([401, 75]) | ntemp: 1
2026-07-18 12:05:17,940 kilosort.clustering_qr DEBUG    Center 85 | Xd shape: torch.Size([9478, 75]) | ntemp: 2
2026-07-18 12:05:19,339 kilosort.clustering_qr DEBUG    Center 86 | Xd shape: torch.Size([509, 75]) | ntemp: 1
2026-07-18 12:05:19,360 kilosort.clustering_qr DEBUG    Center 87 | Xd shape: torch.Size([1518, 75]) | ntemp: 1
2026-07-18 12:05:20,698 kilosort.clustering_qr DEBUG    Center 88 | Xd shape: torch.Size([2716, 81]) | ntemp: 2
2026-07-18 12:05:22,144 kilosort.clustering_qr DEBUG    Center 89 | Xd shape: torch.Size([2459, 75]) | ntemp: 2
2026-07-18 12:05:23,520 kilosort.clustering_qr DEBUG    Center 90 | Xd shape: torch.Size([242, 75]) | ntemp: 1
2026-07-18 12:05:23,541 kilosort.clustering_qr DEBUG    Center 91 | Xd shape: torch.Size([1682, 75]) | ntemp: 1
2026-07-18 12:05:24,863 kilosort.clustering_qr DEBUG    Center 94 | Xd shape: torch.Size([7575, 75]) | ntemp: 1
2026-07-18 12:05:26,362 kilosort.clustering_qr DEBUG     
2026-07-18 12:05:26,362 kilosort.clustering_qr DEBUG    Cluster center: 95 (90/90)
2026-07-18 12:05:26,362 kilosort.clustering_qr DEBUG    ********************************************************
2026-07-18 12:05:26,363 kilosort.clustering_qr DEBUG    CPU usage:    19.00 %
2026-07-18 12:05:26,363 kilosort.clustering_qr DEBUG    Mem used:     60.10 %     |       9.41 GB
2026-07-18 12:05:26,363 kilosort.clustering_qr DEBUG    Mem avail:     6.24 / 15.65 GB
2026-07-18 12:05:26,363 kilosort.clustering_qr DEBUG    ------------------------------------------------------
2026-07-18 12:05:26,364 kilosort.clustering_qr DEBUG    GPU usage:    `conda install pynvml` for GPU usage
2026-07-18 12:05:26,364 kilosort.clustering_qr DEBUG    GPU memory:   22.36 %     |      0.89   /     4.00 GB
2026-07-18 12:05:26,364 kilosort.clustering_qr DEBUG    Allocated:     0.29 %     |      0.01   /     4.00 GB
2026-07-18 12:05:26,364 kilosort.clustering_qr DEBUG    Max alloc:     2.80 %     |      0.11   /     4.00 GB
2026-07-18 12:05:26,365 kilosort.clustering_qr DEBUG    ********************************************************
2026-07-18 12:05:26,378 kilosort.clustering_qr DEBUG    Center 95 | Xd shape: torch.Size([391, 75]) | ntemp: 1
2026-07-18 12:05:26,387 kilosort.run_kilosort INFO     361 clusters found, in 135.58s; total 3252.89s
2026-07-18 12:05:26,388 kilosort.run_kilosort DEBUG    clu shape: (842025,)
2026-07-18 12:05:26,388 kilosort.run_kilosort DEBUG    Wall shape: torch.Size([361, 383, 3])
2026-07-18 12:05:26,388 kilosort.run_kilosort DEBUG    
2026-07-18 12:05:26,388 kilosort.run_kilosort DEBUG    --------------------
2026-07-18 12:05:26,388 kilosort.run_kilosort DEBUG    Process thread count: N/A (linux only)
2026-07-18 12:05:26,389 kilosort.run_kilosort DEBUG    num torch threads: 8
2026-07-18 12:05:26,389 kilosort.run_kilosort DEBUG    --------------------

2026-07-18 12:05:26,390 kilosort.run_kilosort INFO      
2026-07-18 12:05:26,390 kilosort.run_kilosort INFO     Merging clusters
2026-07-18 12:05:26,390 kilosort.run_kilosort INFO     ----------------------------------------
2026-07-18 12:05:30,010 kilosort.run_kilosort INFO     342 units found, in 3.62s; total 3256.53s
2026-07-18 12:05:30,010 kilosort.run_kilosort DEBUG    clu shape: (842025,)
2026-07-18 12:05:30,010 kilosort.run_kilosort DEBUG    Wall shape: torch.Size([342, 383, 3])
2026-07-18 12:05:30,020 kilosort.run_kilosort DEBUG    

|===========================================================================|
|                  PyTorch CUDA memory summary, device ID 0                 |
|---------------------------------------------------------------------------|
|            CUDA OOMs: 0            |        cudaMalloc retries: 0         |
|===========================================================================|
|        Metric         | Cur Usage  | Peak Usage | Tot Alloc  | Tot Freed  |
|---------------------------------------------------------------------------|
| Allocated memory      |  11920 KiB | 117339 KiB |  29390 GiB |  29390 GiB |
|---------------------------------------------------------------------------|
| Active memory         |  11920 KiB | 117339 KiB |  29390 GiB |  29390 GiB |
|---------------------------------------------------------------------------|
| Requested memory      |  11916 KiB | 114627 KiB |  29374 GiB |  29374 GiB |
|---------------------------------------------------------------------------|
| GPU reserved memory   |  53248 KiB |   1856 MiB |    952 GiB |    952 GiB |
|---------------------------------------------------------------------------|
| Non-releasable memory |  41328 KiB |  89569 KiB |  11149 GiB |  11149 GiB |
|---------------------------------------------------------------------------|
| Allocations           |      12    |      44    |    2750 K  |    2750 K  |
|---------------------------------------------------------------------------|
| Active allocs         |      12    |      44    |    2750 K  |    2750 K  |
|---------------------------------------------------------------------------|
| GPU reserved segments |       4    |      13    |    2917    |    2913    |
|---------------------------------------------------------------------------|
| Non-releasable allocs |      11    |      19    |    1072 K  |    1072 K  |
|---------------------------------------------------------------------------|
| Oversize allocations  |       0    |       0    |       0    |       0    |
|---------------------------------------------------------------------------|
| Oversize GPU segments |       0    |       0    |       0    |       0    |
|===========================================================================|


2026-07-18 12:05:30,020 kilosort.run_kilosort INFO      
2026-07-18 12:05:30,020 kilosort.run_kilosort INFO     Resource usage after clustering
2026-07-18 12:05:30,020 kilosort.run_kilosort INFO     ********************************************************
2026-07-18 12:05:30,020 kilosort.run_kilosort INFO     CPU usage:     0.00 %
2026-07-18 12:05:30,020 kilosort.run_kilosort INFO     Mem used:     61.70 %     |       9.65 GB
2026-07-18 12:05:30,020 kilosort.run_kilosort INFO     Mem avail:     6.00 / 15.65 GB
2026-07-18 12:05:30,020 kilosort.run_kilosort INFO     ------------------------------------------------------
2026-07-18 12:05:30,020 kilosort.run_kilosort INFO     GPU usage:    `conda install pynvml` for GPU usage
2026-07-18 12:05:30,020 kilosort.run_kilosort INFO     GPU memory:   22.36 %     |      0.89   /     4.00 GB
2026-07-18 12:05:30,020 kilosort.run_kilosort INFO     Allocated:     0.28 %     |      0.01   /     4.00 GB
2026-07-18 12:05:30,020 kilosort.run_kilosort INFO     Max alloc:     2.80 %     |      0.11   /     4.00 GB
2026-07-18 12:05:30,020 kilosort.run_kilosort INFO     ********************************************************
2026-07-18 12:05:30,020 kilosort.run_kilosort DEBUG    
2026-07-18 12:05:30,020 kilosort.run_kilosort DEBUG    --------------------
2026-07-18 12:05:30,020 kilosort.run_kilosort DEBUG    Process thread count: N/A (linux only)
2026-07-18 12:05:30,020 kilosort.run_kilosort DEBUG    num torch threads: 8
2026-07-18 12:05:30,020 kilosort.run_kilosort DEBUG    --------------------

2026-07-18 12:05:30,020 kilosort.run_kilosort INFO      
2026-07-18 12:05:30,020 kilosort.run_kilosort INFO     Saving to phy and computing refractory periods
2026-07-18 12:05:30,020 kilosort.run_kilosort INFO     ----------------------------------------
2026-07-18 12:05:30,143 kilosort.io  DEBUG     
2026-07-18 12:05:30,143 kilosort.io  DEBUG    save_to_phy, whitening
2026-07-18 12:05:30,143 kilosort.io  DEBUG    ********************************************************
2026-07-18 12:05:30,143 kilosort.io  DEBUG    CPU usage:     8.50 %
2026-07-18 12:05:30,143 kilosort.io  DEBUG    Mem used:     61.60 %     |       9.64 GB
2026-07-18 12:05:30,143 kilosort.io  DEBUG    Mem avail:     6.01 / 15.65 GB
2026-07-18 12:05:30,143 kilosort.io  DEBUG    ------------------------------------------------------
2026-07-18 12:05:30,143 kilosort.io  DEBUG    GPU usage:    `conda install pynvml` for GPU usage
2026-07-18 12:05:30,143 kilosort.io  DEBUG    GPU memory:   22.36 %     |      0.89   /     4.00 GB
2026-07-18 12:05:30,143 kilosort.io  DEBUG    Allocated:     0.30 %     |      0.01   /     4.00 GB
2026-07-18 12:05:30,143 kilosort.io  DEBUG    Max alloc:     0.34 %     |      0.01   /     4.00 GB
2026-07-18 12:05:30,143 kilosort.io  DEBUG    ********************************************************
2026-07-18 12:05:31,160 kilosort.io  DEBUG     
2026-07-18 12:05:31,160 kilosort.io  DEBUG    save_to_phy, spike positions
2026-07-18 12:05:31,160 kilosort.io  DEBUG    ********************************************************
2026-07-18 12:05:31,160 kilosort.io  DEBUG    CPU usage:    32.80 %
2026-07-18 12:05:31,160 kilosort.io  DEBUG    Mem used:     63.40 %     |       9.92 GB
2026-07-18 12:05:31,160 kilosort.io  DEBUG    Mem avail:     5.73 / 15.65 GB
2026-07-18 12:05:31,160 kilosort.io  DEBUG    ------------------------------------------------------
2026-07-18 12:05:31,160 kilosort.io  DEBUG    GPU usage:    `conda install pynvml` for GPU usage
2026-07-18 12:05:31,160 kilosort.io  DEBUG    GPU memory:   22.36 %     |      0.89   /     4.00 GB
2026-07-18 12:05:31,160 kilosort.io  DEBUG    Allocated:     0.30 %     |      0.01   /     4.00 GB
2026-07-18 12:05:31,160 kilosort.io  DEBUG    Max alloc:     0.30 %     |      0.01   /     4.00 GB
2026-07-18 12:05:31,160 kilosort.io  DEBUG    ********************************************************
2026-07-18 12:05:31,875 kilosort.io  DEBUG     
2026-07-18 12:05:31,875 kilosort.io  DEBUG    save_to_phy, remove duplicates
2026-07-18 12:05:31,875 kilosort.io  DEBUG    ********************************************************
2026-07-18 12:05:31,875 kilosort.io  DEBUG    CPU usage:    14.90 %
2026-07-18 12:05:31,875 kilosort.io  DEBUG    Mem used:     63.40 %     |       9.93 GB
2026-07-18 12:05:31,875 kilosort.io  DEBUG    Mem avail:     5.72 / 15.65 GB
2026-07-18 12:05:31,875 kilosort.io  DEBUG    ------------------------------------------------------
2026-07-18 12:05:31,875 kilosort.io  DEBUG    GPU usage:    `conda install pynvml` for GPU usage
2026-07-18 12:05:31,875 kilosort.io  DEBUG    GPU memory:   22.36 %     |      0.89   /     4.00 GB
2026-07-18 12:05:31,875 kilosort.io  DEBUG    Allocated:     0.30 %     |      0.01   /     4.00 GB
2026-07-18 12:05:31,875 kilosort.io  DEBUG    Max alloc:     0.30 %     |      0.01   /     4.00 GB
2026-07-18 12:05:31,875 kilosort.io  DEBUG    ********************************************************
2026-07-18 12:05:33,520 kilosort.io  DEBUG     
2026-07-18 12:05:33,520 kilosort.io  DEBUG    save_to_phy, template props
2026-07-18 12:05:33,520 kilosort.io  DEBUG    ********************************************************
2026-07-18 12:05:33,520 kilosort.io  DEBUG    CPU usage:    15.70 %
2026-07-18 12:05:33,520 kilosort.io  DEBUG    Mem used:     60.40 %     |       9.46 GB
2026-07-18 12:05:33,520 kilosort.io  DEBUG    Mem avail:     6.19 / 15.65 GB
2026-07-18 12:05:33,520 kilosort.io  DEBUG    ------------------------------------------------------
2026-07-18 12:05:33,520 kilosort.io  DEBUG    GPU usage:    `conda install pynvml` for GPU usage
2026-07-18 12:05:33,520 kilosort.io  DEBUG    GPU memory:   22.36 %     |      0.89   /     4.00 GB
2026-07-18 12:05:33,520 kilosort.io  DEBUG    Allocated:     0.30 %     |      0.01   /     4.00 GB
2026-07-18 12:05:33,520 kilosort.io  DEBUG    Max alloc:     0.30 %     |      0.01   /     4.00 GB
2026-07-18 12:05:33,520 kilosort.io  DEBUG    ********************************************************
2026-07-18 12:05:55,600 kilosort.io  DEBUG     
2026-07-18 12:05:55,600 kilosort.io  DEBUG    save_to_phy, pc features
2026-07-18 12:05:55,600 kilosort.io  DEBUG    ********************************************************
2026-07-18 12:05:55,600 kilosort.io  DEBUG    CPU usage:    14.30 %
2026-07-18 12:05:55,600 kilosort.io  DEBUG    Mem used:     62.20 %     |       9.74 GB
2026-07-18 12:05:55,600 kilosort.io  DEBUG    Mem avail:     5.91 / 15.65 GB
2026-07-18 12:05:55,600 kilosort.io  DEBUG    ------------------------------------------------------
2026-07-18 12:05:55,600 kilosort.io  DEBUG    GPU usage:    `conda install pynvml` for GPU usage
2026-07-18 12:05:55,600 kilosort.io  DEBUG    GPU memory:   22.36 %     |      0.89   /     4.00 GB
2026-07-18 12:05:55,600 kilosort.io  DEBUG    Allocated:     0.30 %     |      0.01   /     4.00 GB
2026-07-18 12:05:55,600 kilosort.io  DEBUG    Max alloc:     0.36 %     |      0.01   /     4.00 GB
2026-07-18 12:05:55,600 kilosort.io  DEBUG    ********************************************************
2026-07-18 12:05:56,331 kilosort.io  DEBUG     
2026-07-18 12:05:56,331 kilosort.io  DEBUG    save_to_phy, est contam
2026-07-18 12:05:56,331 kilosort.io  DEBUG    ********************************************************
2026-07-18 12:05:56,331 kilosort.io  DEBUG    CPU usage:    10.20 %
2026-07-18 12:05:56,331 kilosort.io  DEBUG    Mem used:     62.30 %     |       9.74 GB
2026-07-18 12:05:56,331 kilosort.io  DEBUG    Mem avail:     5.91 / 15.65 GB
2026-07-18 12:05:56,331 kilosort.io  DEBUG    ------------------------------------------------------
2026-07-18 12:05:56,331 kilosort.io  DEBUG    GPU usage:    `conda install pynvml` for GPU usage
2026-07-18 12:05:56,331 kilosort.io  DEBUG    GPU memory:   22.36 %     |      0.89   /     4.00 GB
2026-07-18 12:05:56,331 kilosort.io  DEBUG    Allocated:     0.30 %     |      0.01   /     4.00 GB
2026-07-18 12:05:56,331 kilosort.io  DEBUG    Max alloc:     0.30 %     |      0.01   /     4.00 GB
2026-07-18 12:05:56,331 kilosort.io  DEBUG    ********************************************************
2026-07-18 12:05:56,450 kilosort.run_kilosort INFO     165 units found with good refractory periods
2026-07-18 12:05:56,509 kilosort.run_kilosort INFO     Exporting to Phy took: 26.49s
2026-07-18 12:05:56,509 kilosort.run_kilosort INFO     Total runtime: 3283.02s = 00:54:43 h:m:s
2026-07-18 12:05:56,590 kilosort.run_kilosort INFO     Sorting output saved in: G:\ACADEMIC\week8_partial_dct_kilosort_runs\dd4da095_probe00_partial_20260712_222836\ratio_0.30\kilosort4_dct.
2026-07-18 12:05:56,590 kilosort.run_kilosort DEBUG    

|===========================================================================|
|                  PyTorch CUDA memory summary, device ID 0                 |
|---------------------------------------------------------------------------|
|            CUDA OOMs: 0            |        cudaMalloc retries: 0         |
|===========================================================================|
|        Metric         | Cur Usage  | Peak Usage | Tot Alloc  | Tot Freed  |
|---------------------------------------------------------------------------|
| Allocated memory      |  11920 KiB |  12493 KiB |  29391 GiB |  29391 GiB |
|---------------------------------------------------------------------------|
| Active memory         |  11920 KiB |  12493 KiB |  29391 GiB |  29391 GiB |
|---------------------------------------------------------------------------|
| Requested memory      |  11916 KiB |  12489 KiB |  29375 GiB |  29375 GiB |
|---------------------------------------------------------------------------|
| GPU reserved memory   |  53248 KiB |  53248 KiB |    952 GiB |    952 GiB |
|---------------------------------------------------------------------------|
| Non-releasable memory |  41328 KiB |  41328 KiB |  11149 GiB |  11149 GiB |
|---------------------------------------------------------------------------|
| Allocations           |      12    |      13    |    2755 K  |    2755 K  |
|---------------------------------------------------------------------------|
| Active allocs         |      12    |      13    |    2755 K  |    2755 K  |
|---------------------------------------------------------------------------|
| GPU reserved segments |       4    |       4    |    2917    |    2913    |
|---------------------------------------------------------------------------|
| Non-releasable allocs |      11    |      11    |    1074 K  |    1074 K  |
|---------------------------------------------------------------------------|
| Oversize allocations  |       0    |       0    |       0    |       0    |
|---------------------------------------------------------------------------|
| Oversize GPU segments |       0    |       0    |       0    |       0    |
|===========================================================================|


2026-07-18 12:05:56,601 kilosort.run_kilosort INFO      
2026-07-18 12:05:56,601 kilosort.run_kilosort INFO     Resource usage after saving
2026-07-18 12:05:56,601 kilosort.run_kilosort INFO     ********************************************************
2026-07-18 12:05:56,601 kilosort.run_kilosort INFO     CPU usage:     5.20 %
2026-07-18 12:05:56,603 kilosort.run_kilosort INFO     Mem used:     61.80 %     |       9.67 GB
2026-07-18 12:05:56,603 kilosort.run_kilosort INFO     Mem avail:     5.97 / 15.65 GB
2026-07-18 12:05:56,603 kilosort.run_kilosort INFO     ------------------------------------------------------
2026-07-18 12:05:56,603 kilosort.run_kilosort INFO     GPU usage:    `conda install pynvml` for GPU usage
2026-07-18 12:05:56,603 kilosort.run_kilosort INFO     GPU memory:   22.36 %     |      0.89   /     4.00 GB
2026-07-18 12:05:56,603 kilosort.run_kilosort INFO     Allocated:     0.28 %     |      0.01   /     4.00 GB
2026-07-18 12:05:56,603 kilosort.run_kilosort INFO     Max alloc:     0.30 %     |      0.01   /     4.00 GB
2026-07-18 12:05:56,603 kilosort.run_kilosort INFO     ********************************************************
2026-07-18 12:05:56,605 kilosort.run_kilosort DEBUG    
2026-07-18 12:05:56,605 kilosort.run_kilosort DEBUG    --------------------
2026-07-18 12:05:56,605 kilosort.run_kilosort DEBUG    Process thread count: N/A (linux only)
2026-07-18 12:05:56,605 kilosort.run_kilosort DEBUG    num torch threads: 8
2026-07-18 12:05:56,605 kilosort.run_kilosort DEBUG    --------------------

2026-07-18 12:05:56,605 kilosort.run_kilosort INFO     Generating spike position plot ...
2026-07-18 12:06:39,338 kilosort.run_kilosort INFO     Sorting finished.
2026-07-18 12:06:39,338 kilosort.run_kilosort INFO      
2026-07-18 12:06:39,338 kilosort.run_kilosort INFO     ********************************************************
2026-07-18 12:06:39,338 kilosort.run_kilosort INFO     Sorting summary
2026-07-18 12:06:39,338 kilosort.run_kilosort INFO     --------------------------------------------------------
2026-07-18 12:06:39,338 kilosort.run_kilosort INFO     Total number of units:                              342
2026-07-18 12:06:39,348 kilosort.run_kilosort INFO     Number of good units:                               165
2026-07-18 12:06:39,348 kilosort.run_kilosort INFO     Number of spikes                                 837122
2026-07-18 12:06:39,348 kilosort.run_kilosort INFO     Mean abs. drift                                  0.3 um
2026-07-18 12:06:39,348 kilosort.run_kilosort INFO     Total runtime                                  3283.02s
2026-07-18 12:06:39,348 kilosort.run_kilosort INFO      
2026-07-18 12:06:39,348 kilosort.run_kilosort INFO     Runtime by step
2026-07-18 12:06:39,348 kilosort.run_kilosort INFO     --------------------------------------------------------
2026-07-18 12:06:39,348 kilosort.run_kilosort INFO     preprocessing:                          3.5s   (0.11) %
2026-07-18 12:06:39,348 kilosort.run_kilosort INFO     drift corr:                          1306.8s  (39.81) %
2026-07-18 12:06:39,348 kilosort.run_kilosort INFO     spike det. (univ):                   1504.1s  (45.82) %
2026-07-18 12:06:39,348 kilosort.run_kilosort INFO     cluster (temp):                       143.2s   (4.36) %
2026-07-18 12:06:39,348 kilosort.run_kilosort INFO     spike det. (learn):                   120.0s   (3.66) %
2026-07-18 12:06:39,348 kilosort.run_kilosort INFO     cluster (final):                      135.6s   (4.13) %
2026-07-18 12:06:39,348 kilosort.run_kilosort INFO     cluster merge:                          3.6s   (0.11) %
2026-07-18 12:06:39,348 kilosort.run_kilosort INFO     postprocessing:                        26.5s   (0.81) %
2026-07-18 12:06:39,348 kilosort.run_kilosort INFO      
2026-07-18 12:06:39,348 kilosort.run_kilosort INFO     Memory usage by step
2026-07-18 12:06:39,348 kilosort.run_kilosort INFO     --------------------------------------------------------
2026-07-18 12:06:39,348 kilosort.run_kilosort INFO     preprocessing:         sys     7.3 GB  |  gpu    1.3 GB
2026-07-18 12:06:39,348 kilosort.run_kilosort INFO     drift corr:            sys     9.2 GB  |  gpu    3.9 GB
2026-07-18 12:06:39,348 kilosort.run_kilosort INFO     spike det. (univ):     sys     9.6 GB  |  gpu    3.9 GB
2026-07-18 12:06:39,348 kilosort.run_kilosort INFO     cluster (temp):        sys     9.4 GB  |  gpu    0.4 GB
2026-07-18 12:06:39,348 kilosort.run_kilosort INFO     spike det. (learn):    sys     9.4 GB  |  gpu    1.4 GB
2026-07-18 12:06:39,348 kilosort.run_kilosort INFO     cluster (final):       sys     9.4 GB  |  gpu    0.1 GB
2026-07-18 12:06:39,348 kilosort.run_kilosort INFO     cluster merge:         sys     9.7 GB  |  gpu    0.1 GB
2026-07-18 12:06:39,348 kilosort.run_kilosort INFO     postprocessing:        sys     9.7 GB  |  gpu    0.0 GB
2026-07-18 12:06:39,348 kilosort.run_kilosort INFO     ********************************************************
