2026-07-19 04:04:38,295 kilosort.run_kilosort INFO     Kilosort version 4.1.7
2026-07-19 04:04:38,295 kilosort.run_kilosort INFO     Python version 3.11.15
2026-07-19 04:04:38,295 kilosort.run_kilosort INFO     ----------------------------------------
2026-07-19 04:04:38,295 kilosort.run_kilosort INFO     System information:
2026-07-19 04:04:38,347 kilosort.run_kilosort INFO     Windows-10-10.0.26200-SP0 AMD64
2026-07-19 04:04:38,347 kilosort.run_kilosort INFO     Intel64 Family 6 Model 186 Stepping 2, GenuineIntel
2026-07-19 04:04:38,762 kilosort.run_kilosort INFO     Using GPU for PyTorch computations. Specify `device` to change this.
2026-07-19 04:04:38,810 kilosort.run_kilosort INFO     Using CUDA device: NVIDIA GeForce RTX 2050 4.00GB
2026-07-19 04:04:38,810 kilosort.run_kilosort INFO     ----------------------------------------
2026-07-19 04:04:38,810 kilosort.run_kilosort INFO     Sorting [WindowsPath('G:/academic/week8_partial_dct_kilosort_runs/8ca740c5_probe00_partial_20260712_222836/ratio_0.50/8ca740c5_probe00_partial_20260712_222836_ratio_0.50_dctwin_600samp_preprocessed_int16.bin')]
2026-07-19 04:04:38,810 kilosort.run_kilosort INFO     Skipping common average reference.
2026-07-19 04:04:38,810 kilosort.run_kilosort INFO     clear_cache=True
2026-07-19 04:04:38,810 kilosort.run_kilosort DEBUG    Initial ops:

ops = {
    'n_chan_bin': 385,
    'fs': 30000.0,
    'batch_size': 60000,
    'nblocks': 1,
    'Th_universal': 9,
    'Th_learned': 8,
    'tmin': 0,
    'tmax': inf,
    'nt': 61,
    'shift': None,
    'scale': None,
    'batch_downsampling': 1,
    'artifact_threshold': inf,
    'nskip': 25,
    'whitening_range': 32,
    'highpass_cutoff': 300,
    'binning_depth': 5,
    'sig_interp': 20,
    'drift_smoothing': [0.5, 0.5, 0.5],
    'nt0min': 20,
    'dmin': None,
    'dminx': 32,
    'min_template_size': 10,
    'template_sizes': 5,
    'nearest_chans': 25,
    'nearest_templates': 100,
    'max_channel_distance': 32,
    'max_peels': 100,
    'templates_from_data': True,
    'n_templates': 6,
    'n_pcs': 3,
    'Th_single_ch': 6,
    'acg_threshold': 0.2,
    'ccg_threshold': 0.25,
    'cluster_neighbors': 10,
    'cluster_downsampling': 20,
    'max_cluster_subset': 25000,
    'x_centers': None,
    'cluster_init_seed': 5,
    'duplicate_spike_ms': 0.25,
    'position_limit': 100,
    'filename': [   WindowsPath('G:/academic/week8_partial_dct_kilosort_runs/8ca740c5_probe00_partial_20260712_222836/ratio_0.50/8ca740c5_probe00_partial_20260712_222836_ratio_0.50_dctwin_600samp_preprocessed_int16.bin')],
    'data_dir': WindowsPath('G:/academic/week8_partial_dct_kilosort_runs/8ca740c5_probe00_partial_20260712_222836/ratio_0.50'),
    'data_dtype': 'int16',
    'do_CAR': False,
    'invert_sign': False,
    'NTbuff': 60122,
    'Nchan': 383,
    'duplicate_spike_bins': 7,
    'torch_device': 'cuda',
    'save_preprocessed_copy': False
}

2026-07-19 04:04:38,857 kilosort.run_kilosort DEBUG    Probe dictionary:

probe = {
    'xc': np.array([43., 11., 59., 27., 43., 11., 59., 27., 43., 11., 59., 27., 43.,
       11., 59., 27., 43., 11., 59., 27., 43., 11., 59., 27., 43., 11.,
       59., 27., 43., 11., 59., 27., 43., 11., 59., 27., 43., 11., 59.,
       27., 43., 11., 59., 27., 43., 11., 59., 27., 43., 11., 59., 27.,
       43., 11., 59., 27., 43., 11., 59., 27., 43., 11., 59., 27., 43.,
       11., 59., 27., 43., 11., 59., 27., 43., 11., 59., 27., 43., 11.,
       59., 27., 43., 11., 59., 27., 43., 11., 59., 27., 43., 11., 59.,
       27., 43., 11., 59., 27., 43., 11., 59., 27., 43., 11., 59., 27.,
       43., 11., 59., 27., 43., 11., 59., 27., 43., 11., 59., 27., 43.,
       11., 59., 27., 43., 11., 59., 27., 43., 11., 59., 27., 43., 11.,
       59., 27., 43., 11., 59., 27., 43., 11., 59., 27., 43., 11., 59.,
       27., 43., 11., 59., 27., 43., 11., 59., 27., 43., 11., 59., 27.,
       43., 11., 59., 27., 43., 11., 59., 27., 43., 11., 59., 27., 43.,
       11., 59., 27., 43., 11., 59., 27., 43., 11., 59., 27., 43., 11.,
       59., 27., 43., 11., 59., 27., 43., 11., 59., 43., 11., 59., 27.,
       43., 11., 59., 27., 43., 11., 59., 27., 43., 11., 59., 27., 43.,
       11., 59., 27., 43., 11., 59., 27., 43., 11., 59., 27., 43., 11.,
       59., 27., 43., 11., 59., 27., 43., 11., 59., 27., 43., 11., 59.,
       27., 43., 11., 59., 27., 43., 11., 59., 27., 43., 11., 59., 27.,
       43., 11., 59., 27., 43., 11., 59., 27., 43., 11., 59., 27., 43.,
       11., 59., 27., 43., 11., 59., 27., 43., 11., 59., 27., 43., 11.,
       59., 27., 43., 11., 59., 27., 43., 11., 59., 27., 43., 11., 59.,
       27., 43., 11., 59., 27., 43., 11., 59., 27., 43., 11., 59., 27.,
       43., 11., 59., 27., 43., 11., 59., 27., 43., 11., 59., 27., 43.,
       11., 59., 27., 43., 11., 59., 27., 43., 11., 59., 27., 43., 11.,
       59., 27., 43., 11., 59., 27., 43., 11., 59., 27., 43., 11., 59.,
       27., 43., 11., 59., 27., 43., 11., 59., 27., 43., 11., 59., 27.,
       43., 11., 59., 27., 43., 11., 59., 27., 43., 11., 59., 27., 43.,
       11., 59., 27., 43., 11., 59., 27., 43., 11., 59., 27., 43., 11.,
       59., 27., 43., 11., 59., 27.], dtype=np.float32),
    'yc': np.array([  20.,   20.,   40.,   40.,   60.,   60.,   80.,   80.,  100.,
        100.,  120.,  120.,  140.,  140.,  160.,  160.,  180.,  180.,
        200.,  200.,  220.,  220.,  240.,  240.,  260.,  260.,  280.,
        280.,  300.,  300.,  320.,  320.,  340.,  340.,  360.,  360.,
        380.,  380.,  400.,  400.,  420.,  420.,  440.,  440.,  460.,
        460.,  480.,  480.,  500.,  500.,  520.,  520.,  540.,  540.,
        560.,  560.,  580.,  580.,  600.,  600.,  620.,  620.,  640.,
        640.,  660.,  660.,  680.,  680.,  700.,  700.,  720.,  720.,
        740.,  740.,  760.,  760.,  780.,  780.,  800.,  800.,  820.,
        820.,  840.,  840.,  860.,  860.,  880.,  880.,  900.,  900.,
        920.,  920.,  940.,  940.,  960.,  960.,  980.,  980., 1000.,
       1000., 1020., 1020., 1040., 1040., 1060., 1060., 1080., 1080.,
       1100., 1100., 1120., 1120., 1140., 1140., 1160., 1160., 1180.,
       1180., 1200., 1200., 1220., 1220., 1240., 1240., 1260., 1260.,
       1280., 1280., 1300., 1300., 1320., 1320., 1340., 1340., 1360.,
       1360., 1380., 1380., 1400., 1400., 1420., 1420., 1440., 1440.,
       1460., 1460., 1480., 1480., 1500., 1500., 1520., 1520., 1540.,
       1540., 1560., 1560., 1580., 1580., 1600., 1600., 1620., 1620.,
       1640., 1640., 1660., 1660., 1680., 1680., 1700., 1700., 1720.,
       1720., 1740., 1740., 1760., 1760., 1780., 1780., 1800., 1800.,
       1820., 1820., 1840., 1840., 1860., 1860., 1880., 1880., 1900.,
       1900., 1920., 1940., 1940., 1960., 1960., 1980., 1980., 2000.,
       2000., 2020., 2020., 2040., 2040., 2060., 2060., 2080., 2080.,
       2100., 2100., 2120., 2120., 2140., 2140., 2160., 2160., 2180.,
       2180., 2200., 2200., 2220., 2220., 2240., 2240., 2260., 2260.,
       2280., 2280., 2300., 2300., 2320., 2320., 2340., 2340., 2360.,
       2360., 2380., 2380., 2400., 2400., 2420., 2420., 2440., 2440.,
       2460., 2460., 2480., 2480., 2500., 2500., 2520., 2520., 2540.,
       2540., 2560., 2560., 2580., 2580., 2600., 2600., 2620., 2620.,
       2640., 2640., 2660., 2660., 2680., 2680., 2700., 2700., 2720.,
       2720., 2740., 2740., 2760., 2760., 2780., 2780., 2800., 2800.,
       2820., 2820., 2840., 2840., 2860., 2860., 2880., 2880., 2900.,
       2900., 2920., 2920., 2940., 2940., 2960., 2960., 2980., 2980.,
       3000., 3000., 3020., 3020., 3040., 3040., 3060., 3060., 3080.,
       3080., 3100., 3100., 3120., 3120., 3140., 3140., 3160., 3160.,
       3180., 3180., 3200., 3200., 3220., 3220., 3240., 3240., 3260.,
       3260., 3280., 3280., 3300., 3300., 3320., 3320., 3340., 3340.,
       3360., 3360., 3380., 3380., 3400., 3400., 3420., 3420., 3440.,
       3440., 3460., 3460., 3480., 3480., 3500., 3500., 3520., 3520.,
       3540., 3540., 3560., 3560., 3580., 3580., 3600., 3600., 3620.,
       3620., 3640., 3640., 3660., 3660., 3680., 3680., 3700., 3700.,
       3720., 3720., 3740., 3740., 3760., 3760., 3780., 3780., 3800.,
       3800., 3820., 3820., 3840., 3840.], dtype=np.float32),
    'kcoords': np.array([0., 0., 0., 0., 0., 0., 0., 0., 0., 0., 0., 0., 0., 0., 0., 0., 0.,
       0., 0., 0., 0., 0., 0., 0., 0., 0., 0., 0., 0., 0., 0., 0., 0., 0.,
       0., 0., 0., 0., 0., 0., 0., 0., 0., 0., 0., 0., 0., 0., 0., 0., 0.,
       0., 0., 0., 0., 0., 0., 0., 0., 0., 0., 0., 0., 0., 0., 0., 0., 0.,
       0., 0., 0., 0., 0., 0., 0., 0., 0., 0., 0., 0., 0., 0., 0., 0., 0.,
       0., 0., 0., 0., 0., 0., 0., 0., 0., 0., 0., 0., 0., 0., 0., 0., 0.,
       0., 0., 0., 0., 0., 0., 0., 0., 0., 0., 0., 0., 0., 0., 0., 0., 0.,
       0., 0., 0., 0., 0., 0., 0., 0., 0., 0., 0., 0., 0., 0., 0., 0., 0.,
       0., 0., 0., 0., 0., 0., 0., 0., 0., 0., 0., 0., 0., 0., 0., 0., 0.,
       0., 0., 0., 0., 0., 0., 0., 0., 0., 0., 0., 0., 0., 0., 0., 0., 0.,
       0., 0., 0., 0., 0., 0., 0., 0., 0., 0., 0., 0., 0., 0., 0., 0., 0.,
       0., 0., 0., 0., 0., 0., 0., 0., 0., 0., 0., 0., 0., 0., 0., 0., 0.,
       0., 0., 0., 0., 0., 0., 0., 0., 0., 0., 0., 0., 0., 0., 0., 0., 0.,
       0., 0., 0., 0., 0., 0., 0., 0., 0., 0., 0., 0., 0., 0., 0., 0., 0.,
       0., 0., 0., 0., 0., 0., 0., 0., 0., 0., 0., 0., 0., 0., 0., 0., 0.,
       0., 0., 0., 0., 0., 0., 0., 0., 0., 0., 0., 0., 0., 0., 0., 0., 0.,
       0., 0., 0., 0., 0., 0., 0., 0., 0., 0., 0., 0., 0., 0., 0., 0., 0.,
       0., 0., 0., 0., 0., 0., 0., 0., 0., 0., 0., 0., 0., 0., 0., 0., 0.,
       0., 0., 0., 0., 0., 0., 0., 0., 0., 0., 0., 0., 0., 0., 0., 0., 0.,
       0., 0., 0., 0., 0., 0., 0., 0., 0., 0., 0., 0., 0., 0., 0., 0., 0.,
       0., 0., 0., 0., 0., 0., 0., 0., 0., 0., 0., 0., 0., 0., 0., 0., 0.,
       0., 0., 0., 0., 0., 0., 0., 0., 0., 0., 0., 0., 0., 0., 0., 0., 0.,
       0., 0., 0., 0., 0., 0., 0., 0., 0.], dtype=np.float32),
    'chanMap': np.array([  0,   1,   2,   3,   4,   5,   6,   7,   8,   9,  10,  11,  12,
        13,  14,  15,  16,  17,  18,  19,  20,  21,  22,  23,  24,  25,
        26,  27,  28,  29,  30,  31,  32,  33,  34,  35,  36,  37,  38,
        39,  40,  41,  42,  43,  44,  45,  46,  47,  48,  49,  50,  51,
        52,  53,  54,  55,  56,  57,  58,  59,  60,  61,  62,  63,  64,
        65,  66,  67,  68,  69,  70,  71,  72,  73,  74,  75,  76,  77,
        78,  79,  80,  81,  82,  83,  84,  85,  86,  87,  88,  89,  90,
        91,  92,  93,  94,  95,  96,  97,  98,  99, 100, 101, 102, 103,
       104, 105, 106, 107, 108, 109, 110, 111, 112, 113, 114, 115, 116,
       117, 118, 119, 120, 121, 122, 123, 124, 125, 126, 127, 128, 129,
       130, 131, 132, 133, 134, 135, 136, 137, 138, 139, 140, 141, 142,
       143, 144, 145, 146, 147, 148, 149, 150, 151, 152, 153, 154, 155,
       156, 157, 158, 159, 160, 161, 162, 163, 164, 165, 166, 167, 168,
       169, 170, 171, 172, 173, 174, 175, 176, 177, 178, 179, 180, 181,
       182, 183, 184, 185, 186, 187, 188, 189, 190, 192, 193, 194, 195,
       196, 197, 198, 199, 200, 201, 202, 203, 204, 205, 206, 207, 208,
       209, 210, 211, 212, 213, 214, 215, 216, 217, 218, 219, 220, 221,
       222, 223, 224, 225, 226, 227, 228, 229, 230, 231, 232, 233, 234,
       235, 236, 237, 238, 239, 240, 241, 242, 243, 244, 245, 246, 247,
       248, 249, 250, 251, 252, 253, 254, 255, 256, 257, 258, 259, 260,
       261, 262, 263, 264, 265, 266, 267, 268, 269, 270, 271, 272, 273,
       274, 275, 276, 277, 278, 279, 280, 281, 282, 283, 284, 285, 286,
       287, 288, 289, 290, 291, 292, 293, 294, 295, 296, 297, 298, 299,
       300, 301, 302, 303, 304, 305, 306, 307, 308, 309, 310, 311, 312,
       313, 314, 315, 316, 317, 318, 319, 320, 321, 322, 323, 324, 325,
       326, 327, 328, 329, 330, 331, 332, 333, 334, 335, 336, 337, 338,
       339, 340, 341, 342, 343, 344, 345, 346, 347, 348, 349, 350, 351,
       352, 353, 354, 355, 356, 357, 358, 359, 360, 361, 362, 363, 364,
       365, 366, 367, 368, 369, 370, 371, 372, 373, 374, 375, 376, 377,
       378, 379, 380, 381, 382, 383], dtype=np.int32),
    'n_chan': 384
}

2026-07-19 04:04:39,162 kilosort.run_kilosort INFO      
2026-07-19 04:04:39,162 kilosort.run_kilosort INFO     Resource usage before sorting
2026-07-19 04:04:39,162 kilosort.run_kilosort INFO     ********************************************************
2026-07-19 04:04:39,162 kilosort.run_kilosort INFO     CPU usage:    10.40 %
2026-07-19 04:04:39,162 kilosort.run_kilosort INFO     Mem used:     40.00 %     |       6.26 GB
2026-07-19 04:04:39,162 kilosort.run_kilosort INFO     Mem avail:     9.39 / 15.65 GB
2026-07-19 04:04:39,162 kilosort.run_kilosort INFO     ------------------------------------------------------
2026-07-19 04:04:39,162 kilosort.run_kilosort INFO     GPU usage:    `conda install pynvml` for GPU usage
2026-07-19 04:04:39,162 kilosort.run_kilosort INFO     GPU memory:   19.43 %     |      0.78   /     4.00 GB
2026-07-19 04:04:39,162 kilosort.run_kilosort INFO     Allocated:     0.00 %     |      0.00   /     4.00 GB
2026-07-19 04:04:39,162 kilosort.run_kilosort INFO     Max alloc:     0.00 %     |      0.00   /     4.00 GB
2026-07-19 04:04:39,162 kilosort.run_kilosort INFO     ********************************************************
2026-07-19 04:04:39,162 kilosort.run_kilosort DEBUG    
2026-07-19 04:04:39,162 kilosort.run_kilosort DEBUG    --------------------
2026-07-19 04:04:39,162 kilosort.run_kilosort DEBUG    Process thread count: N/A (linux only)
2026-07-19 04:04:39,162 kilosort.run_kilosort DEBUG    num torch threads: 8
2026-07-19 04:04:39,162 kilosort.run_kilosort DEBUG    --------------------

2026-07-19 04:04:39,162 kilosort.run_kilosort INFO      
2026-07-19 04:04:39,162 kilosort.run_kilosort INFO     Computing preprocessing variables.
2026-07-19 04:04:39,162 kilosort.run_kilosort INFO     ----------------------------------------
2026-07-19 04:04:39,634 kilosort.run_kilosort INFO     N samples: 6600000
2026-07-19 04:04:39,634 kilosort.run_kilosort INFO     N seconds: 220.0
2026-07-19 04:04:39,634 kilosort.run_kilosort INFO     N batches: 110
2026-07-19 04:04:42,871 kilosort.run_kilosort INFO     Preprocessing filters computed in 3.71s; total 4.06s
2026-07-19 04:04:42,881 kilosort.run_kilosort DEBUG    hp_filter shape: torch.Size([30122])
2026-07-19 04:04:42,881 kilosort.run_kilosort DEBUG    whiten_mat shape: torch.Size([383, 383])
2026-07-19 04:04:43,149 kilosort.run_kilosort DEBUG    First batch min, max: (np.float32(-3708.334), np.float32(1411.5171))
2026-07-19 04:04:43,153 kilosort.run_kilosort INFO      
2026-07-19 04:04:43,153 kilosort.run_kilosort INFO     Resource usage after preprocessing
2026-07-19 04:04:43,153 kilosort.run_kilosort INFO     ********************************************************
2026-07-19 04:04:43,153 kilosort.run_kilosort INFO     CPU usage:    10.80 %
2026-07-19 04:04:43,153 kilosort.run_kilosort INFO     Mem used:     42.00 %     |       6.57 GB
2026-07-19 04:04:43,153 kilosort.run_kilosort INFO     Mem avail:     9.08 / 15.65 GB
2026-07-19 04:04:43,153 kilosort.run_kilosort INFO     ------------------------------------------------------
2026-07-19 04:04:43,153 kilosort.run_kilosort INFO     GPU usage:    `conda install pynvml` for GPU usage
2026-07-19 04:04:43,153 kilosort.run_kilosort INFO     GPU memory:   61.28 %     |      2.45   /     4.00 GB
2026-07-19 04:04:43,153 kilosort.run_kilosort INFO     Allocated:     0.21 %     |      0.01   /     4.00 GB
2026-07-19 04:04:43,153 kilosort.run_kilosort INFO     Max alloc:    32.60 %     |      1.30   /     4.00 GB
2026-07-19 04:04:43,153 kilosort.run_kilosort INFO     ********************************************************
2026-07-19 04:04:43,170 kilosort.run_kilosort INFO      
2026-07-19 04:04:43,172 kilosort.run_kilosort INFO     Computing drift correction.
2026-07-19 04:04:43,172 kilosort.run_kilosort INFO     ----------------------------------------
2026-07-19 04:04:43,172 kilosort.spikedetect INFO     Re-computing universal templates from data.
2026-07-19 04:04:45,558 kilosort.spikedetect INFO     Number of universal templates: 1532
2026-07-19 04:04:46,265 kilosort.spikedetect INFO     Detecting spikes...
2026-07-19 04:04:46,265 kilosort.spikedetect DEBUG     
2026-07-19 04:04:46,265 kilosort.spikedetect DEBUG    Batch 0 of 109 (0.0%)
2026-07-19 04:04:46,265 kilosort.spikedetect DEBUG    ********************************************************
2026-07-19 04:04:46,265 kilosort.spikedetect DEBUG    CPU usage:    16.10 %
2026-07-19 04:04:46,265 kilosort.spikedetect DEBUG    Mem used:     42.60 %     |       6.67 GB
2026-07-19 04:04:46,265 kilosort.spikedetect DEBUG    Mem avail:     8.98 / 15.65 GB
2026-07-19 04:04:46,265 kilosort.spikedetect DEBUG    ------------------------------------------------------
2026-07-19 04:04:46,265 kilosort.spikedetect DEBUG    GPU usage:    `conda install pynvml` for GPU usage
2026-07-19 04:04:46,265 kilosort.spikedetect DEBUG    GPU memory:   61.28 %     |      2.45   /     4.00 GB
2026-07-19 04:04:46,265 kilosort.spikedetect DEBUG    Allocated:     0.27 %     |      0.01   /     4.00 GB
2026-07-19 04:04:46,265 kilosort.spikedetect DEBUG    Max alloc:    32.60 %     |      1.30   /     4.00 GB
2026-07-19 04:04:46,265 kilosort.spikedetect DEBUG    ********************************************************
2026-07-19 04:26:46,409 kilosort.spikedetect DEBUG     
2026-07-19 04:26:46,409 kilosort.spikedetect DEBUG    Batch 109 of 109 (99.1%)
2026-07-19 04:26:46,409 kilosort.spikedetect DEBUG    ********************************************************
2026-07-19 04:26:46,410 kilosort.spikedetect DEBUG    CPU usage:    15.20 %
2026-07-19 04:26:46,410 kilosort.spikedetect DEBUG    Mem used:     49.70 %     |       7.78 GB
2026-07-19 04:26:46,410 kilosort.spikedetect DEBUG    Mem avail:     7.86 / 15.65 GB
2026-07-19 04:26:46,410 kilosort.spikedetect DEBUG    ------------------------------------------------------
2026-07-19 04:26:46,410 kilosort.spikedetect DEBUG    GPU usage:    `conda install pynvml` for GPU usage
2026-07-19 04:26:46,410 kilosort.spikedetect DEBUG    GPU memory:   28.76 %     |      1.15   /     4.00 GB
2026-07-19 04:26:46,410 kilosort.spikedetect DEBUG    Allocated:     3.68 %     |      0.15   /     4.00 GB
2026-07-19 04:26:46,410 kilosort.spikedetect DEBUG    Max alloc:    96.84 %     |      3.87   /     4.00 GB
2026-07-19 04:26:46,410 kilosort.spikedetect DEBUG    ********************************************************
2026-07-19 04:26:47,366 kilosort.run_kilosort INFO     drift computed in 1324.20s; total 1328.56s
2026-07-19 04:26:47,366 kilosort.run_kilosort DEBUG    st shape: (723011, 6)
2026-07-19 04:26:47,366 kilosort.run_kilosort DEBUG    yblk shape: (1,)
2026-07-19 04:26:47,366 kilosort.run_kilosort DEBUG    dshift shape: (110, 1)
2026-07-19 04:26:47,366 kilosort.run_kilosort DEBUG    iKxx shape: torch.Size([383, 383])
2026-07-19 04:26:47,366 kilosort.run_kilosort DEBUG    

|===========================================================================|
|                  PyTorch CUDA memory summary, device ID 0                 |
|---------------------------------------------------------------------------|
|            CUDA OOMs: 0            |        cudaMalloc retries: 0         |
|===========================================================================|
|        Metric         | Cur Usage  | Peak Usage | Tot Alloc  | Tot Freed  |
|---------------------------------------------------------------------------|
| Allocated memory      |  11832 KiB |   3966 MiB |  12928 GiB |  12928 GiB |
|---------------------------------------------------------------------------|
| Active memory         |  11832 KiB |   3966 MiB |  12928 GiB |  12928 GiB |
|---------------------------------------------------------------------------|
| Requested memory      |  11829 KiB |   3964 MiB |  12924 GiB |  12924 GiB |
|---------------------------------------------------------------------------|
| GPU reserved memory   | 325632 KiB |   4826 MiB | 497754 MiB | 497436 MiB |
|---------------------------------------------------------------------------|
| Non-releasable memory |  41415 KiB |   1678 MiB |   3103 GiB |   3103 GiB |
|---------------------------------------------------------------------------|
| Allocations           |       9    |      37    |   83603    |   83594    |
|---------------------------------------------------------------------------|
| Active allocs         |       9    |      37    |   83603    |   83594    |
|---------------------------------------------------------------------------|
| GPU reserved segments |       7    |      20    |    1355    |    1348    |
|---------------------------------------------------------------------------|
| Non-releasable allocs |      10    |      26    |   39342    |   39332    |
|---------------------------------------------------------------------------|
| Oversize allocations  |       0    |       0    |       0    |       0    |
|---------------------------------------------------------------------------|
| Oversize GPU segments |       0    |       0    |       0    |       0    |
|===========================================================================|


2026-07-19 04:26:47,370 kilosort.run_kilosort INFO      
2026-07-19 04:26:47,370 kilosort.run_kilosort INFO     Resource usage after drift correction
2026-07-19 04:26:47,370 kilosort.run_kilosort INFO     ********************************************************
2026-07-19 04:26:47,370 kilosort.run_kilosort INFO     CPU usage:     0.00 %
2026-07-19 04:26:47,370 kilosort.run_kilosort INFO     Mem used:     48.40 %     |       7.58 GB
2026-07-19 04:26:47,370 kilosort.run_kilosort INFO     Mem avail:     8.07 / 15.65 GB
2026-07-19 04:26:47,370 kilosort.run_kilosort INFO     ------------------------------------------------------
2026-07-19 04:26:47,370 kilosort.run_kilosort INFO     GPU usage:    `conda install pynvml` for GPU usage
2026-07-19 04:26:47,370 kilosort.run_kilosort INFO     GPU memory:   28.81 %     |      1.15   /     4.00 GB
2026-07-19 04:26:47,370 kilosort.run_kilosort INFO     Allocated:     0.28 %     |      0.01   /     4.00 GB
2026-07-19 04:26:47,370 kilosort.run_kilosort INFO     Max alloc:    96.84 %     |      3.87   /     4.00 GB
2026-07-19 04:26:47,370 kilosort.run_kilosort INFO     ********************************************************
2026-07-19 04:26:47,370 kilosort.run_kilosort DEBUG    
2026-07-19 04:26:47,370 kilosort.run_kilosort DEBUG    --------------------
2026-07-19 04:26:47,370 kilosort.run_kilosort DEBUG    Process thread count: N/A (linux only)
2026-07-19 04:26:47,370 kilosort.run_kilosort DEBUG    num torch threads: 8
2026-07-19 04:26:47,370 kilosort.run_kilosort DEBUG    --------------------

2026-07-19 04:26:47,370 kilosort.run_kilosort INFO     Generating drift plots ...
2026-07-19 04:27:26,259 kilosort.run_kilosort INFO      
2026-07-19 04:27:26,259 kilosort.run_kilosort INFO     Extracting spikes using templates
2026-07-19 04:27:26,259 kilosort.run_kilosort INFO     ----------------------------------------
2026-07-19 04:27:26,259 kilosort.spikedetect INFO     Re-computing universal templates from data.
2026-07-19 04:27:28,047 kilosort.spikedetect INFO     Number of universal templates: 1532
2026-07-19 04:27:28,699 kilosort.spikedetect INFO     Detecting spikes...
2026-07-19 04:27:28,699 kilosort.spikedetect DEBUG     
2026-07-19 04:27:28,699 kilosort.spikedetect DEBUG    Batch 0 of 109 (0.0%)
2026-07-19 04:27:28,699 kilosort.spikedetect DEBUG    ********************************************************
2026-07-19 04:27:28,699 kilosort.spikedetect DEBUG    CPU usage:    12.40 %
2026-07-19 04:27:28,699 kilosort.spikedetect DEBUG    Mem used:     48.80 %     |       7.63 GB
2026-07-19 04:27:28,699 kilosort.spikedetect DEBUG    Mem avail:     8.02 / 15.65 GB
2026-07-19 04:27:28,699 kilosort.spikedetect DEBUG    ------------------------------------------------------
2026-07-19 04:27:28,699 kilosort.spikedetect DEBUG    GPU usage:    `conda install pynvml` for GPU usage
2026-07-19 04:27:28,699 kilosort.spikedetect DEBUG    GPU memory:   63.53 %     |      2.54   /     4.00 GB
2026-07-19 04:27:28,699 kilosort.spikedetect DEBUG    Allocated:     0.34 %     |      0.01   /     4.00 GB
2026-07-19 04:27:28,732 kilosort.spikedetect DEBUG    Max alloc:    32.68 %     |      1.31   /     4.00 GB
2026-07-19 04:27:28,732 kilosort.spikedetect DEBUG    ********************************************************
2026-07-19 04:49:32,610 kilosort.spikedetect DEBUG     
2026-07-19 04:49:32,610 kilosort.spikedetect DEBUG    Batch 109 of 109 (99.1%)
2026-07-19 04:49:32,610 kilosort.spikedetect DEBUG    ********************************************************
2026-07-19 04:49:32,621 kilosort.spikedetect DEBUG    CPU usage:    15.20 %
2026-07-19 04:49:32,621 kilosort.spikedetect DEBUG    Mem used:     54.10 %     |       8.46 GB
2026-07-19 04:49:32,621 kilosort.spikedetect DEBUG    Mem avail:     7.18 / 15.65 GB
2026-07-19 04:49:32,621 kilosort.spikedetect DEBUG    ------------------------------------------------------
2026-07-19 04:49:32,621 kilosort.spikedetect DEBUG    GPU usage:    `conda install pynvml` for GPU usage
2026-07-19 04:49:32,621 kilosort.spikedetect DEBUG    GPU memory:   28.81 %     |      1.15   /     4.00 GB
2026-07-19 04:49:32,621 kilosort.spikedetect DEBUG    Allocated:     3.70 %     |      0.15   /     4.00 GB
2026-07-19 04:49:32,621 kilosort.spikedetect DEBUG    Max alloc:    96.88 %     |      3.87   /     4.00 GB
2026-07-19 04:49:32,621 kilosort.spikedetect DEBUG    ********************************************************
2026-07-19 04:49:32,621 kilosort.run_kilosort INFO     689971 spikes extracted in 1326.36s; total 2693.81s
2026-07-19 04:49:32,621 kilosort.run_kilosort DEBUG    st0 shape: (689971, 6)
2026-07-19 04:49:32,621 kilosort.run_kilosort DEBUG    tF shape: torch.Size([689971, 25, 3])
2026-07-19 04:49:32,621 kilosort.run_kilosort INFO      
2026-07-19 04:49:32,621 kilosort.run_kilosort INFO     Resource usage after spike detect (univ)
2026-07-19 04:49:32,621 kilosort.run_kilosort INFO     ********************************************************
2026-07-19 04:49:32,631 kilosort.run_kilosort INFO     CPU usage:     0.00 %
2026-07-19 04:49:32,631 kilosort.run_kilosort INFO     Mem used:     54.00 %     |       8.45 GB
2026-07-19 04:49:32,631 kilosort.run_kilosort INFO     Mem avail:     7.20 / 15.65 GB
2026-07-19 04:49:32,631 kilosort.run_kilosort INFO     ------------------------------------------------------
2026-07-19 04:49:32,631 kilosort.run_kilosort INFO     GPU usage:    `conda install pynvml` for GPU usage
2026-07-19 04:49:32,631 kilosort.run_kilosort INFO     GPU memory:   28.81 %     |      1.15   /     4.00 GB
2026-07-19 04:49:32,631 kilosort.run_kilosort INFO     Allocated:     0.28 %     |      0.01   /     4.00 GB
2026-07-19 04:49:32,631 kilosort.run_kilosort INFO     Max alloc:    96.88 %     |      3.87   /     4.00 GB
2026-07-19 04:49:32,631 kilosort.run_kilosort INFO     ********************************************************
2026-07-19 04:49:32,631 kilosort.run_kilosort DEBUG    
2026-07-19 04:49:32,631 kilosort.run_kilosort DEBUG    --------------------
2026-07-19 04:49:32,631 kilosort.run_kilosort DEBUG    Process thread count: N/A (linux only)
2026-07-19 04:49:32,631 kilosort.run_kilosort DEBUG    num torch threads: 8
2026-07-19 04:49:32,631 kilosort.run_kilosort DEBUG    --------------------

2026-07-19 04:49:32,631 kilosort.run_kilosort INFO      
2026-07-19 04:49:32,631 kilosort.run_kilosort INFO     First clustering
2026-07-19 04:49:32,631 kilosort.run_kilosort INFO     ----------------------------------------
2026-07-19 04:49:32,936 kilosort.clustering_qr DEBUG    Center 0 | Xd shape: torch.Size([986, 78]) | ntemp: 16
2026-07-19 04:49:32,999 kilosort.clustering_qr DEBUG    Center 1 | Xd shape: torch.Size([2508, 78]) | ntemp: 16
2026-07-19 04:49:35,170 kilosort.clustering_qr DEBUG    Center 2 | Xd shape: torch.Size([1446, 78]) | ntemp: 16
2026-07-19 04:49:36,647 kilosort.clustering_qr DEBUG    Center 3 | Xd shape: torch.Size([1427, 90]) | ntemp: 16
2026-07-19 04:49:37,828 kilosort.clustering_qr DEBUG    Center 4 | Xd shape: torch.Size([4203, 90]) | ntemp: 16
2026-07-19 04:49:39,555 kilosort.clustering_qr DEBUG    Center 5 | Xd shape: torch.Size([6282, 90]) | ntemp: 16
2026-07-19 04:49:40,972 kilosort.clustering_qr DEBUG    Center 6 | Xd shape: torch.Size([3323, 90]) | ntemp: 16
2026-07-19 04:49:42,401 kilosort.clustering_qr DEBUG    Center 7 | Xd shape: torch.Size([7506, 90]) | ntemp: 16
2026-07-19 04:49:43,810 kilosort.clustering_qr DEBUG    Center 8 | Xd shape: torch.Size([8739, 90]) | ntemp: 16
2026-07-19 04:49:45,216 kilosort.clustering_qr DEBUG     
2026-07-19 04:49:45,216 kilosort.clustering_qr DEBUG    Cluster center: 9 (10/96)
2026-07-19 04:49:45,216 kilosort.clustering_qr DEBUG    ********************************************************
2026-07-19 04:49:45,216 kilosort.clustering_qr DEBUG    CPU usage:    18.50 %
2026-07-19 04:49:45,216 kilosort.clustering_qr DEBUG    Mem used:     51.80 %     |       8.10 GB
2026-07-19 04:49:45,216 kilosort.clustering_qr DEBUG    Mem avail:     7.55 / 15.65 GB
2026-07-19 04:49:45,216 kilosort.clustering_qr DEBUG    ------------------------------------------------------
2026-07-19 04:49:45,216 kilosort.clustering_qr DEBUG    GPU usage:    `conda install pynvml` for GPU usage
2026-07-19 04:49:45,216 kilosort.clustering_qr DEBUG    GPU memory:   22.31 %     |      0.89   /     4.00 GB
2026-07-19 04:49:45,216 kilosort.clustering_qr DEBUG    Allocated:     0.28 %     |      0.01   /     4.00 GB
2026-07-19 04:49:45,216 kilosort.clustering_qr DEBUG    Max alloc:     0.89 %     |      0.04   /     4.00 GB
2026-07-19 04:49:45,216 kilosort.clustering_qr DEBUG    ********************************************************
2026-07-19 04:49:45,278 kilosort.clustering_qr DEBUG    Center 9 | Xd shape: torch.Size([14732, 90]) | ntemp: 16
2026-07-19 04:49:47,132 kilosort.clustering_qr DEBUG    Center 10 | Xd shape: torch.Size([11416, 90]) | ntemp: 16
2026-07-19 04:49:48,629 kilosort.clustering_qr DEBUG    Center 11 | Xd shape: torch.Size([4543, 90]) | ntemp: 16
2026-07-19 04:49:50,034 kilosort.clustering_qr DEBUG    Center 12 | Xd shape: torch.Size([8247, 90]) | ntemp: 16
2026-07-19 04:49:51,481 kilosort.clustering_qr DEBUG    Center 13 | Xd shape: torch.Size([4757, 90]) | ntemp: 16
2026-07-19 04:49:52,941 kilosort.clustering_qr DEBUG    Center 14 | Xd shape: torch.Size([4836, 90]) | ntemp: 16
2026-07-19 04:49:54,308 kilosort.clustering_qr DEBUG    Center 15 | Xd shape: torch.Size([5820, 90]) | ntemp: 16
2026-07-19 04:49:55,736 kilosort.clustering_qr DEBUG    Center 16 | Xd shape: torch.Size([6552, 90]) | ntemp: 16
2026-07-19 04:49:57,323 kilosort.clustering_qr DEBUG    Center 17 | Xd shape: torch.Size([4991, 90]) | ntemp: 16
2026-07-19 04:49:58,753 kilosort.clustering_qr DEBUG    Center 18 | Xd shape: torch.Size([6945, 90]) | ntemp: 16
2026-07-19 04:50:00,190 kilosort.clustering_qr DEBUG     
2026-07-19 04:50:00,190 kilosort.clustering_qr DEBUG    Cluster center: 19 (20/96)
2026-07-19 04:50:00,190 kilosort.clustering_qr DEBUG    ********************************************************
2026-07-19 04:50:00,190 kilosort.clustering_qr DEBUG    CPU usage:    20.30 %
2026-07-19 04:50:00,190 kilosort.clustering_qr DEBUG    Mem used:     52.00 %     |       8.14 GB
2026-07-19 04:50:00,190 kilosort.clustering_qr DEBUG    Mem avail:     7.51 / 15.65 GB
2026-07-19 04:50:00,190 kilosort.clustering_qr DEBUG    ------------------------------------------------------
2026-07-19 04:50:00,190 kilosort.clustering_qr DEBUG    GPU usage:    `conda install pynvml` for GPU usage
2026-07-19 04:50:00,190 kilosort.clustering_qr DEBUG    GPU memory:   22.31 %     |      0.89   /     4.00 GB
2026-07-19 04:50:00,190 kilosort.clustering_qr DEBUG    Allocated:     0.28 %     |      0.01   /     4.00 GB
2026-07-19 04:50:00,190 kilosort.clustering_qr DEBUG    Max alloc:     1.32 %     |      0.05   /     4.00 GB
2026-07-19 04:50:00,190 kilosort.clustering_qr DEBUG    ********************************************************
2026-07-19 04:50:00,221 kilosort.clustering_qr DEBUG    Center 19 | Xd shape: torch.Size([6626, 90]) | ntemp: 16
2026-07-19 04:50:01,818 kilosort.clustering_qr DEBUG    Center 20 | Xd shape: torch.Size([7902, 90]) | ntemp: 16
2026-07-19 04:50:03,281 kilosort.clustering_qr DEBUG    Center 21 | Xd shape: torch.Size([4370, 90]) | ntemp: 16
2026-07-19 04:50:04,746 kilosort.clustering_qr DEBUG    Center 22 | Xd shape: torch.Size([6795, 90]) | ntemp: 16
2026-07-19 04:50:06,226 kilosort.clustering_qr DEBUG    Center 23 | Xd shape: torch.Size([7292, 90]) | ntemp: 16
2026-07-19 04:50:07,847 kilosort.clustering_qr DEBUG    Center 24 | Xd shape: torch.Size([3145, 90]) | ntemp: 16
2026-07-19 04:50:09,314 kilosort.clustering_qr DEBUG    Center 25 | Xd shape: torch.Size([6073, 90]) | ntemp: 16
2026-07-19 04:50:10,729 kilosort.clustering_qr DEBUG    Center 26 | Xd shape: torch.Size([4711, 90]) | ntemp: 16
2026-07-19 04:50:12,093 kilosort.clustering_qr DEBUG    Center 27 | Xd shape: torch.Size([6356, 90]) | ntemp: 16
2026-07-19 04:50:13,579 kilosort.clustering_qr DEBUG    Center 28 | Xd shape: torch.Size([5266, 90]) | ntemp: 16
2026-07-19 04:50:14,945 kilosort.clustering_qr DEBUG     
2026-07-19 04:50:14,945 kilosort.clustering_qr DEBUG    Cluster center: 29 (30/96)
2026-07-19 04:50:14,945 kilosort.clustering_qr DEBUG    ********************************************************
2026-07-19 04:50:14,945 kilosort.clustering_qr DEBUG    CPU usage:    18.90 %
2026-07-19 04:50:14,945 kilosort.clustering_qr DEBUG    Mem used:     51.90 %     |       8.13 GB
2026-07-19 04:50:14,945 kilosort.clustering_qr DEBUG    Mem avail:     7.52 / 15.65 GB
2026-07-19 04:50:14,945 kilosort.clustering_qr DEBUG    ------------------------------------------------------
2026-07-19 04:50:14,945 kilosort.clustering_qr DEBUG    GPU usage:    `conda install pynvml` for GPU usage
2026-07-19 04:50:14,945 kilosort.clustering_qr DEBUG    GPU memory:   22.31 %     |      0.89   /     4.00 GB
2026-07-19 04:50:14,945 kilosort.clustering_qr DEBUG    Allocated:     0.28 %     |      0.01   /     4.00 GB
2026-07-19 04:50:14,945 kilosort.clustering_qr DEBUG    Max alloc:     1.32 %     |      0.05   /     4.00 GB
2026-07-19 04:50:14,945 kilosort.clustering_qr DEBUG    ********************************************************
2026-07-19 04:50:14,987 kilosort.clustering_qr DEBUG    Center 29 | Xd shape: torch.Size([4783, 90]) | ntemp: 16
2026-07-19 04:50:16,388 kilosort.clustering_qr DEBUG    Center 30 | Xd shape: torch.Size([4246, 90]) | ntemp: 16
2026-07-19 04:50:17,860 kilosort.clustering_qr DEBUG    Center 31 | Xd shape: torch.Size([3302, 90]) | ntemp: 16
2026-07-19 04:50:19,263 kilosort.clustering_qr DEBUG    Center 32 | Xd shape: torch.Size([2953, 90]) | ntemp: 16
2026-07-19 04:50:20,650 kilosort.clustering_qr DEBUG    Center 33 | Xd shape: torch.Size([9708, 90]) | ntemp: 16
2026-07-19 04:50:22,220 kilosort.clustering_qr DEBUG    Center 34 | Xd shape: torch.Size([7998, 90]) | ntemp: 16
2026-07-19 04:50:23,936 kilosort.clustering_qr DEBUG    Center 35 | Xd shape: torch.Size([7767, 90]) | ntemp: 16
2026-07-19 04:50:25,382 kilosort.clustering_qr DEBUG    Center 36 | Xd shape: torch.Size([7025, 90]) | ntemp: 16
2026-07-19 04:50:26,799 kilosort.clustering_qr DEBUG    Center 37 | Xd shape: torch.Size([4998, 90]) | ntemp: 16
2026-07-19 04:50:28,274 kilosort.clustering_qr DEBUG    Center 38 | Xd shape: torch.Size([7873, 90]) | ntemp: 16
2026-07-19 04:50:29,803 kilosort.clustering_qr DEBUG     
2026-07-19 04:50:29,803 kilosort.clustering_qr DEBUG    Cluster center: 39 (40/96)
2026-07-19 04:50:29,803 kilosort.clustering_qr DEBUG    ********************************************************
2026-07-19 04:50:29,803 kilosort.clustering_qr DEBUG    CPU usage:    19.60 %
2026-07-19 04:50:29,803 kilosort.clustering_qr DEBUG    Mem used:     52.00 %     |       8.14 GB
2026-07-19 04:50:29,803 kilosort.clustering_qr DEBUG    Mem avail:     7.51 / 15.65 GB
2026-07-19 04:50:29,803 kilosort.clustering_qr DEBUG    ------------------------------------------------------
2026-07-19 04:50:29,803 kilosort.clustering_qr DEBUG    GPU usage:    `conda install pynvml` for GPU usage
2026-07-19 04:50:29,803 kilosort.clustering_qr DEBUG    GPU memory:   22.31 %     |      0.89   /     4.00 GB
2026-07-19 04:50:29,803 kilosort.clustering_qr DEBUG    Allocated:     0.28 %     |      0.01   /     4.00 GB
2026-07-19 04:50:29,803 kilosort.clustering_qr DEBUG    Max alloc:     1.32 %     |      0.05   /     4.00 GB
2026-07-19 04:50:29,803 kilosort.clustering_qr DEBUG    ********************************************************
2026-07-19 04:50:29,855 kilosort.clustering_qr DEBUG    Center 39 | Xd shape: torch.Size([6971, 90]) | ntemp: 16
2026-07-19 04:50:31,353 kilosort.clustering_qr DEBUG    Center 40 | Xd shape: torch.Size([7810, 90]) | ntemp: 16
2026-07-19 04:50:32,769 kilosort.clustering_qr DEBUG    Center 41 | Xd shape: torch.Size([8071, 90]) | ntemp: 16
2026-07-19 04:50:34,276 kilosort.clustering_qr DEBUG    Center 42 | Xd shape: torch.Size([7174, 90]) | ntemp: 16
2026-07-19 04:50:35,801 kilosort.clustering_qr DEBUG    Center 43 | Xd shape: torch.Size([6519, 90]) | ntemp: 16
2026-07-19 04:50:37,463 kilosort.clustering_qr DEBUG    Center 44 | Xd shape: torch.Size([5681, 87]) | ntemp: 16
2026-07-19 04:50:39,624 kilosort.clustering_qr DEBUG    Center 45 | Xd shape: torch.Size([7604, 87]) | ntemp: 16
2026-07-19 04:50:41,125 kilosort.clustering_qr DEBUG    Center 46 | Xd shape: torch.Size([10169, 87]) | ntemp: 16
2026-07-19 04:50:42,554 kilosort.clustering_qr DEBUG    Center 47 | Xd shape: torch.Size([7368, 87]) | ntemp: 16
2026-07-19 04:50:43,833 kilosort.clustering_qr DEBUG    Center 48 | Xd shape: torch.Size([9394, 87]) | ntemp: 16
2026-07-19 04:50:45,519 kilosort.clustering_qr DEBUG     
2026-07-19 04:50:45,519 kilosort.clustering_qr DEBUG    Cluster center: 49 (50/96)
2026-07-19 04:50:45,519 kilosort.clustering_qr DEBUG    ********************************************************
2026-07-19 04:50:45,519 kilosort.clustering_qr DEBUG    CPU usage:    19.40 %
2026-07-19 04:50:45,519 kilosort.clustering_qr DEBUG    Mem used:     51.80 %     |       8.11 GB
2026-07-19 04:50:45,519 kilosort.clustering_qr DEBUG    Mem avail:     7.54 / 15.65 GB
2026-07-19 04:50:45,519 kilosort.clustering_qr DEBUG    ------------------------------------------------------
2026-07-19 04:50:45,519 kilosort.clustering_qr DEBUG    GPU usage:    `conda install pynvml` for GPU usage
2026-07-19 04:50:45,519 kilosort.clustering_qr DEBUG    GPU memory:   22.31 %     |      0.89   /     4.00 GB
2026-07-19 04:50:45,519 kilosort.clustering_qr DEBUG    Allocated:     0.28 %     |      0.01   /     4.00 GB
2026-07-19 04:50:45,519 kilosort.clustering_qr DEBUG    Max alloc:     1.32 %     |      0.05   /     4.00 GB
2026-07-19 04:50:45,519 kilosort.clustering_qr DEBUG    ********************************************************
2026-07-19 04:50:45,570 kilosort.clustering_qr DEBUG    Center 49 | Xd shape: torch.Size([8463, 87]) | ntemp: 16
2026-07-19 04:50:47,229 kilosort.clustering_qr DEBUG    Center 50 | Xd shape: torch.Size([8097, 87]) | ntemp: 16
2026-07-19 04:50:48,711 kilosort.clustering_qr DEBUG    Center 51 | Xd shape: torch.Size([8893, 90]) | ntemp: 16
2026-07-19 04:50:50,188 kilosort.clustering_qr DEBUG    Center 52 | Xd shape: torch.Size([6786, 90]) | ntemp: 16
2026-07-19 04:50:51,635 kilosort.clustering_qr DEBUG    Center 53 | Xd shape: torch.Size([5810, 90]) | ntemp: 16
2026-07-19 04:50:53,067 kilosort.clustering_qr DEBUG    Center 54 | Xd shape: torch.Size([5253, 90]) | ntemp: 16
2026-07-19 04:50:54,436 kilosort.clustering_qr DEBUG    Center 55 | Xd shape: torch.Size([2990, 90]) | ntemp: 16
2026-07-19 04:50:55,791 kilosort.clustering_qr DEBUG    Center 56 | Xd shape: torch.Size([1155, 90]) | ntemp: 16
2026-07-19 04:50:57,116 kilosort.clustering_qr DEBUG    Center 57 | Xd shape: torch.Size([1064, 90]) | ntemp: 16
2026-07-19 04:50:58,541 kilosort.clustering_qr DEBUG    Center 58 | Xd shape: torch.Size([1476, 90]) | ntemp: 16
2026-07-19 04:50:59,958 kilosort.clustering_qr DEBUG     
2026-07-19 04:50:59,958 kilosort.clustering_qr DEBUG    Cluster center: 59 (60/96)
2026-07-19 04:50:59,958 kilosort.clustering_qr DEBUG    ********************************************************
2026-07-19 04:50:59,958 kilosort.clustering_qr DEBUG    CPU usage:    19.70 %
2026-07-19 04:50:59,958 kilosort.clustering_qr DEBUG    Mem used:     51.70 %     |       8.08 GB
2026-07-19 04:50:59,958 kilosort.clustering_qr DEBUG    Mem avail:     7.57 / 15.65 GB
2026-07-19 04:50:59,958 kilosort.clustering_qr DEBUG    ------------------------------------------------------
2026-07-19 04:50:59,958 kilosort.clustering_qr DEBUG    GPU usage:    `conda install pynvml` for GPU usage
2026-07-19 04:50:59,958 kilosort.clustering_qr DEBUG    GPU memory:   22.31 %     |      0.89   /     4.00 GB
2026-07-19 04:50:59,958 kilosort.clustering_qr DEBUG    Allocated:     0.28 %     |      0.01   /     4.00 GB
2026-07-19 04:50:59,958 kilosort.clustering_qr DEBUG    Max alloc:     1.32 %     |      0.05   /     4.00 GB
2026-07-19 04:50:59,958 kilosort.clustering_qr DEBUG    ********************************************************
2026-07-19 04:50:59,999 kilosort.clustering_qr DEBUG    Center 59 | Xd shape: torch.Size([709, 90]) | ntemp: 16
2026-07-19 04:51:00,050 kilosort.clustering_qr DEBUG    Center 60 | Xd shape: torch.Size([4908, 90]) | ntemp: 16
2026-07-19 04:51:01,836 kilosort.clustering_qr DEBUG    Center 61 | Xd shape: torch.Size([2707, 90]) | ntemp: 16
2026-07-19 04:51:02,993 kilosort.clustering_qr DEBUG    Center 62 | Xd shape: torch.Size([7728, 90]) | ntemp: 16
2026-07-19 04:51:04,414 kilosort.clustering_qr DEBUG    Center 63 | Xd shape: torch.Size([6744, 90]) | ntemp: 16
2026-07-19 04:51:05,795 kilosort.clustering_qr DEBUG    Center 64 | Xd shape: torch.Size([1968, 90]) | ntemp: 16
2026-07-19 04:51:07,073 kilosort.clustering_qr DEBUG    Center 65 | Xd shape: torch.Size([1731, 90]) | ntemp: 16
2026-07-19 04:51:08,338 kilosort.clustering_qr DEBUG    Center 66 | Xd shape: torch.Size([5272, 90]) | ntemp: 16
2026-07-19 04:51:09,733 kilosort.clustering_qr DEBUG    Center 67 | Xd shape: torch.Size([6136, 90]) | ntemp: 16
2026-07-19 04:51:11,237 kilosort.clustering_qr DEBUG    Center 68 | Xd shape: torch.Size([11842, 90]) | ntemp: 16
2026-07-19 04:51:12,673 kilosort.clustering_qr DEBUG     
2026-07-19 04:51:12,673 kilosort.clustering_qr DEBUG    Cluster center: 69 (70/96)
2026-07-19 04:51:12,673 kilosort.clustering_qr DEBUG    ********************************************************
2026-07-19 04:51:12,673 kilosort.clustering_qr DEBUG    CPU usage:    19.40 %
2026-07-19 04:51:12,673 kilosort.clustering_qr DEBUG    Mem used:     51.80 %     |       8.10 GB
2026-07-19 04:51:12,673 kilosort.clustering_qr DEBUG    Mem avail:     7.55 / 15.65 GB
2026-07-19 04:51:12,673 kilosort.clustering_qr DEBUG    ------------------------------------------------------
2026-07-19 04:51:12,673 kilosort.clustering_qr DEBUG    GPU usage:    `conda install pynvml` for GPU usage
2026-07-19 04:51:12,673 kilosort.clustering_qr DEBUG    GPU memory:   22.31 %     |      0.89   /     4.00 GB
2026-07-19 04:51:12,673 kilosort.clustering_qr DEBUG    Allocated:     0.28 %     |      0.01   /     4.00 GB
2026-07-19 04:51:12,673 kilosort.clustering_qr DEBUG    Max alloc:     1.32 %     |      0.05   /     4.00 GB
2026-07-19 04:51:12,673 kilosort.clustering_qr DEBUG    ********************************************************
2026-07-19 04:51:12,704 kilosort.clustering_qr DEBUG    Center 69 | Xd shape: torch.Size([10973, 90]) | ntemp: 16
2026-07-19 04:51:14,016 kilosort.clustering_qr DEBUG    Center 70 | Xd shape: torch.Size([9751, 90]) | ntemp: 16
2026-07-19 04:51:15,445 kilosort.clustering_qr DEBUG    Center 71 | Xd shape: torch.Size([10575, 90]) | ntemp: 16
2026-07-19 04:51:16,956 kilosort.clustering_qr DEBUG    Center 72 | Xd shape: torch.Size([10326, 90]) | ntemp: 16
2026-07-19 04:51:18,286 kilosort.clustering_qr DEBUG    Center 73 | Xd shape: torch.Size([9722, 90]) | ntemp: 16
2026-07-19 04:51:19,780 kilosort.clustering_qr DEBUG    Center 74 | Xd shape: torch.Size([10468, 90]) | ntemp: 16
2026-07-19 04:51:21,267 kilosort.clustering_qr DEBUG    Center 75 | Xd shape: torch.Size([11166, 90]) | ntemp: 16
2026-07-19 04:51:22,865 kilosort.clustering_qr DEBUG    Center 76 | Xd shape: torch.Size([11396, 90]) | ntemp: 16
2026-07-19 04:51:24,368 kilosort.clustering_qr DEBUG    Center 77 | Xd shape: torch.Size([11010, 90]) | ntemp: 16
2026-07-19 04:51:25,893 kilosort.clustering_qr DEBUG    Center 78 | Xd shape: torch.Size([10612, 90]) | ntemp: 16
2026-07-19 04:51:27,336 kilosort.clustering_qr DEBUG     
2026-07-19 04:51:27,336 kilosort.clustering_qr DEBUG    Cluster center: 79 (80/96)
2026-07-19 04:51:27,336 kilosort.clustering_qr DEBUG    ********************************************************
2026-07-19 04:51:27,336 kilosort.clustering_qr DEBUG    CPU usage:    18.90 %
2026-07-19 04:51:27,336 kilosort.clustering_qr DEBUG    Mem used:     51.70 %     |       8.09 GB
2026-07-19 04:51:27,336 kilosort.clustering_qr DEBUG    Mem avail:     7.56 / 15.65 GB
2026-07-19 04:51:27,336 kilosort.clustering_qr DEBUG    ------------------------------------------------------
2026-07-19 04:51:27,336 kilosort.clustering_qr DEBUG    GPU usage:    `conda install pynvml` for GPU usage
2026-07-19 04:51:27,336 kilosort.clustering_qr DEBUG    GPU memory:   22.31 %     |      0.89   /     4.00 GB
2026-07-19 04:51:27,336 kilosort.clustering_qr DEBUG    Allocated:     0.28 %     |      0.01   /     4.00 GB
2026-07-19 04:51:27,336 kilosort.clustering_qr DEBUG    Max alloc:     1.32 %     |      0.05   /     4.00 GB
2026-07-19 04:51:27,336 kilosort.clustering_qr DEBUG    ********************************************************
2026-07-19 04:51:27,387 kilosort.clustering_qr DEBUG    Center 79 | Xd shape: torch.Size([10863, 90]) | ntemp: 16
2026-07-19 04:51:28,834 kilosort.clustering_qr DEBUG    Center 80 | Xd shape: torch.Size([10174, 90]) | ntemp: 16
2026-07-19 04:51:30,273 kilosort.clustering_qr DEBUG    Center 81 | Xd shape: torch.Size([10574, 90]) | ntemp: 16
2026-07-19 04:51:31,521 kilosort.clustering_qr DEBUG    Center 82 | Xd shape: torch.Size([10905, 90]) | ntemp: 16
2026-07-19 04:51:33,069 kilosort.clustering_qr DEBUG    Center 83 | Xd shape: torch.Size([10816, 90]) | ntemp: 16
2026-07-19 04:51:34,538 kilosort.clustering_qr DEBUG    Center 84 | Xd shape: torch.Size([10826, 90]) | ntemp: 16
2026-07-19 04:51:36,037 kilosort.clustering_qr DEBUG    Center 85 | Xd shape: torch.Size([10571, 90]) | ntemp: 16
2026-07-19 04:51:37,181 kilosort.clustering_qr DEBUG    Center 86 | Xd shape: torch.Size([11163, 90]) | ntemp: 16
2026-07-19 04:51:38,472 kilosort.clustering_qr DEBUG    Center 87 | Xd shape: torch.Size([11477, 90]) | ntemp: 16
2026-07-19 04:51:39,915 kilosort.clustering_qr DEBUG    Center 88 | Xd shape: torch.Size([10306, 90]) | ntemp: 16
2026-07-19 04:51:41,048 kilosort.clustering_qr DEBUG     
2026-07-19 04:51:41,048 kilosort.clustering_qr DEBUG    Cluster center: 89 (90/96)
2026-07-19 04:51:41,048 kilosort.clustering_qr DEBUG    ********************************************************
2026-07-19 04:51:41,048 kilosort.clustering_qr DEBUG    CPU usage:    19.10 %
2026-07-19 04:51:41,048 kilosort.clustering_qr DEBUG    Mem used:     51.60 %     |       8.08 GB
2026-07-19 04:51:41,048 kilosort.clustering_qr DEBUG    Mem avail:     7.57 / 15.65 GB
2026-07-19 04:51:41,048 kilosort.clustering_qr DEBUG    ------------------------------------------------------
2026-07-19 04:51:41,048 kilosort.clustering_qr DEBUG    GPU usage:    `conda install pynvml` for GPU usage
2026-07-19 04:51:41,048 kilosort.clustering_qr DEBUG    GPU memory:   22.31 %     |      0.89   /     4.00 GB
2026-07-19 04:51:41,048 kilosort.clustering_qr DEBUG    Allocated:     0.28 %     |      0.01   /     4.00 GB
2026-07-19 04:51:41,048 kilosort.clustering_qr DEBUG    Max alloc:     1.32 %     |      0.05   /     4.00 GB
2026-07-19 04:51:41,048 kilosort.clustering_qr DEBUG    ********************************************************
2026-07-19 04:51:41,109 kilosort.clustering_qr DEBUG    Center 89 | Xd shape: torch.Size([11759, 90]) | ntemp: 16
2026-07-19 04:51:42,598 kilosort.clustering_qr DEBUG    Center 90 | Xd shape: torch.Size([11115, 90]) | ntemp: 16
2026-07-19 04:51:43,984 kilosort.clustering_qr DEBUG    Center 91 | Xd shape: torch.Size([8909, 90]) | ntemp: 16
2026-07-19 04:51:45,044 kilosort.clustering_qr DEBUG    Center 92 | Xd shape: torch.Size([11419, 84]) | ntemp: 16
2026-07-19 04:51:46,335 kilosort.clustering_qr DEBUG    Center 93 | Xd shape: torch.Size([10682, 78]) | ntemp: 16
2026-07-19 04:51:47,760 kilosort.clustering_qr DEBUG    Center 94 | Xd shape: torch.Size([9715, 78]) | ntemp: 16
2026-07-19 04:51:49,208 kilosort.clustering_qr DEBUG    Center 95 | Xd shape: torch.Size([7757, 78]) | ntemp: 12
2026-07-19 04:51:51,159 kilosort.run_kilosort INFO     198 clusters found, in 138.53s; total 2832.35s
2026-07-19 04:51:51,159 kilosort.run_kilosort DEBUG    clu shape: (689971,)
2026-07-19 04:51:51,159 kilosort.run_kilosort DEBUG    Wall shape: torch.Size([198, 383, 3])
2026-07-19 04:51:51,159 kilosort.run_kilosort INFO      
2026-07-19 04:51:51,159 kilosort.run_kilosort INFO     Resource usage after first clustering
2026-07-19 04:51:51,159 kilosort.run_kilosort INFO     ********************************************************
2026-07-19 04:51:51,159 kilosort.run_kilosort INFO     CPU usage:     0.00 %
2026-07-19 04:51:51,159 kilosort.run_kilosort INFO     Mem used:     52.70 %     |       8.25 GB
2026-07-19 04:51:51,159 kilosort.run_kilosort INFO     Mem avail:     7.40 / 15.65 GB
2026-07-19 04:51:51,159 kilosort.run_kilosort INFO     ------------------------------------------------------
2026-07-19 04:51:51,159 kilosort.run_kilosort INFO     GPU usage:    `conda install pynvml` for GPU usage
2026-07-19 04:51:51,159 kilosort.run_kilosort INFO     GPU memory:   28.03 %     |      1.12   /     4.00 GB
2026-07-19 04:51:51,159 kilosort.run_kilosort INFO     Allocated:     0.30 %     |      0.01   /     4.00 GB
2026-07-19 04:51:51,159 kilosort.run_kilosort INFO     Max alloc:     5.91 %     |      0.24   /     4.00 GB
2026-07-19 04:51:51,159 kilosort.run_kilosort INFO     ********************************************************
2026-07-19 04:51:51,159 kilosort.run_kilosort DEBUG    
2026-07-19 04:51:51,159 kilosort.run_kilosort DEBUG    --------------------
2026-07-19 04:51:51,159 kilosort.run_kilosort DEBUG    Process thread count: N/A (linux only)
2026-07-19 04:51:51,159 kilosort.run_kilosort DEBUG    num torch threads: 8
2026-07-19 04:51:51,159 kilosort.run_kilosort DEBUG    --------------------

2026-07-19 04:51:51,159 kilosort.run_kilosort INFO      
2026-07-19 04:51:51,159 kilosort.run_kilosort INFO     Extracting spikes using cluster waveforms
2026-07-19 04:51:51,159 kilosort.run_kilosort INFO     ----------------------------------------
2026-07-19 04:51:51,252 kilosort.template_matching DEBUG     
2026-07-19 04:51:51,252 kilosort.template_matching DEBUG    Batch 0
2026-07-19 04:51:51,252 kilosort.template_matching DEBUG    ********************************************************
2026-07-19 04:51:51,252 kilosort.template_matching DEBUG    CPU usage:    34.40 %
2026-07-19 04:51:51,252 kilosort.template_matching DEBUG    Mem used:     53.20 %     |       8.32 GB
2026-07-19 04:51:51,252 kilosort.template_matching DEBUG    Mem avail:     7.32 / 15.65 GB
2026-07-19 04:51:51,252 kilosort.template_matching DEBUG    ------------------------------------------------------
2026-07-19 04:51:51,252 kilosort.template_matching DEBUG    GPU usage:    `conda install pynvml` for GPU usage
2026-07-19 04:51:51,252 kilosort.template_matching DEBUG    GPU memory:   28.03 %     |      1.12   /     4.00 GB
2026-07-19 04:51:51,252 kilosort.template_matching DEBUG    Allocated:     0.70 %     |      0.03   /     4.00 GB
2026-07-19 04:51:51,252 kilosort.template_matching DEBUG    Max alloc:     0.75 %     |      0.03   /     4.00 GB
2026-07-19 04:51:51,252 kilosort.template_matching DEBUG    ********************************************************
2026-07-19 04:53:13,285 kilosort.template_matching DEBUG     
2026-07-19 04:53:13,285 kilosort.template_matching DEBUG    Batch 100
2026-07-19 04:53:13,285 kilosort.template_matching DEBUG    ********************************************************
2026-07-19 04:53:13,285 kilosort.template_matching DEBUG    CPU usage:    18.00 %
2026-07-19 04:53:13,285 kilosort.template_matching DEBUG    Mem used:     52.80 %     |       8.27 GB
2026-07-19 04:53:13,285 kilosort.template_matching DEBUG    Mem avail:     7.38 / 15.65 GB
2026-07-19 04:53:13,285 kilosort.template_matching DEBUG    ------------------------------------------------------
2026-07-19 04:53:13,285 kilosort.template_matching DEBUG    GPU usage:    `conda install pynvml` for GPU usage
2026-07-19 04:53:13,285 kilosort.template_matching DEBUG    GPU memory:   62.84 %     |      2.51   /     4.00 GB
2026-07-19 04:53:13,285 kilosort.template_matching DEBUG    Allocated:     5.06 %     |      0.20   /     4.00 GB
2026-07-19 04:53:13,285 kilosort.template_matching DEBUG    Max alloc:    35.36 %     |      1.41   /     4.00 GB
2026-07-19 04:53:13,285 kilosort.template_matching DEBUG    ********************************************************
2026-07-19 04:53:21,334 kilosort.template_matching DEBUG     
2026-07-19 04:53:21,334 kilosort.template_matching DEBUG    Batch 109
2026-07-19 04:53:21,334 kilosort.template_matching DEBUG    ********************************************************
2026-07-19 04:53:21,334 kilosort.template_matching DEBUG    CPU usage:    18.20 %
2026-07-19 04:53:21,334 kilosort.template_matching DEBUG    Mem used:     52.90 %     |       8.28 GB
2026-07-19 04:53:21,334 kilosort.template_matching DEBUG    Mem avail:     7.37 / 15.65 GB
2026-07-19 04:53:21,334 kilosort.template_matching DEBUG    ------------------------------------------------------
2026-07-19 04:53:21,334 kilosort.template_matching DEBUG    GPU usage:    `conda install pynvml` for GPU usage
2026-07-19 04:53:21,334 kilosort.template_matching DEBUG    GPU memory:   62.84 %     |      2.51   /     4.00 GB
2026-07-19 04:53:21,334 kilosort.template_matching DEBUG    Allocated:     5.08 %     |      0.20   /     4.00 GB
2026-07-19 04:53:21,334 kilosort.template_matching DEBUG    Max alloc:    35.36 %     |      1.41   /     4.00 GB
2026-07-19 04:53:21,334 kilosort.template_matching DEBUG    ********************************************************
2026-07-19 04:53:21,590 kilosort.run_kilosort DEBUG    
2026-07-19 04:53:21,590 kilosort.run_kilosort DEBUG    --------------------
2026-07-19 04:53:21,590 kilosort.run_kilosort DEBUG    Process thread count: N/A (linux only)
2026-07-19 04:53:21,590 kilosort.run_kilosort DEBUG    num torch threads: 8
2026-07-19 04:53:21,590 kilosort.run_kilosort DEBUG    --------------------

2026-07-19 04:53:21,590 kilosort.run_kilosort INFO     750600 spikes extracted in 90.43s; total 2922.78s
2026-07-19 04:53:21,590 kilosort.run_kilosort DEBUG    st shape: (750600, 3)
2026-07-19 04:53:21,590 kilosort.run_kilosort DEBUG    tF shape: torch.Size([750600, 25, 3])
2026-07-19 04:53:21,590 kilosort.run_kilosort DEBUG    iCC shape: torch.Size([25, 383])
2026-07-19 04:53:21,590 kilosort.run_kilosort DEBUG    iU shape: torch.Size([185])
2026-07-19 04:53:21,590 kilosort.run_kilosort DEBUG    

|===========================================================================|
|                  PyTorch CUDA memory summary, device ID 0                 |
|---------------------------------------------------------------------------|
|            CUDA OOMs: 0            |        cudaMalloc retries: 0         |
|===========================================================================|
|        Metric         | Cur Usage  | Peak Usage | Tot Alloc  | Tot Freed  |
|---------------------------------------------------------------------------|
| Allocated memory      |  12749 KiB |   1447 MiB |  28285 GiB |  28285 GiB |
|---------------------------------------------------------------------------|
| Active memory         |  12749 KiB |   1447 MiB |  28285 GiB |  28285 GiB |
|---------------------------------------------------------------------------|
| Requested memory      |  12745 KiB |   1447 MiB |  28273 GiB |  28273 GiB |
|---------------------------------------------------------------------------|
| GPU reserved memory   |   1710 MiB |   1710 MiB |    974 GiB |    973 GiB |
|---------------------------------------------------------------------------|
| Non-releasable memory |  42547 KiB |    863 MiB |   8888 GiB |   8888 GiB |
|---------------------------------------------------------------------------|
| Allocations           |      13    |      45    |    1648 K  |    1648 K  |
|---------------------------------------------------------------------------|
| Active allocs         |      13    |      45    |    1648 K  |    1648 K  |
|---------------------------------------------------------------------------|
| GPU reserved segments |      14    |      14    |    2845    |    2831    |
|---------------------------------------------------------------------------|
| Non-releasable allocs |      12    |      23    |  619701    |  619689    |
|---------------------------------------------------------------------------|
| Oversize allocations  |       0    |       0    |       0    |       0    |
|---------------------------------------------------------------------------|
| Oversize GPU segments |       0    |       0    |       0    |       0    |
|===========================================================================|


2026-07-19 04:53:21,600 kilosort.run_kilosort INFO      
2026-07-19 04:53:21,600 kilosort.run_kilosort INFO     Resource usage after spike detect (learned)
2026-07-19 04:53:21,600 kilosort.run_kilosort INFO     ********************************************************
2026-07-19 04:53:21,600 kilosort.run_kilosort INFO     CPU usage:     0.00 %
2026-07-19 04:53:21,600 kilosort.run_kilosort INFO     Mem used:     53.00 %     |       8.29 GB
2026-07-19 04:53:21,600 kilosort.run_kilosort INFO     Mem avail:     7.36 / 15.65 GB
2026-07-19 04:53:21,610 kilosort.run_kilosort INFO     ------------------------------------------------------
2026-07-19 04:53:21,610 kilosort.run_kilosort INFO     GPU usage:    `conda install pynvml` for GPU usage
2026-07-19 04:53:21,610 kilosort.run_kilosort INFO     GPU memory:   62.84 %     |      2.51   /     4.00 GB
2026-07-19 04:53:21,610 kilosort.run_kilosort INFO     Allocated:     0.30 %     |      0.01   /     4.00 GB
2026-07-19 04:53:21,610 kilosort.run_kilosort INFO     Max alloc:    35.36 %     |      1.41   /     4.00 GB
2026-07-19 04:53:21,610 kilosort.run_kilosort INFO     ********************************************************
2026-07-19 04:53:21,610 kilosort.run_kilosort DEBUG    
2026-07-19 04:53:21,610 kilosort.run_kilosort DEBUG    --------------------
2026-07-19 04:53:21,610 kilosort.run_kilosort DEBUG    Process thread count: N/A (linux only)
2026-07-19 04:53:21,610 kilosort.run_kilosort DEBUG    num torch threads: 8
2026-07-19 04:53:21,610 kilosort.run_kilosort DEBUG    --------------------

2026-07-19 04:53:21,610 kilosort.run_kilosort INFO     Generating diagnostic plots ...
2026-07-19 04:53:24,870 kilosort.run_kilosort INFO      
2026-07-19 04:53:24,870 kilosort.run_kilosort INFO     Final clustering
2026-07-19 04:53:24,870 kilosort.run_kilosort INFO     ----------------------------------------
2026-07-19 04:53:24,963 kilosort.clustering_qr DEBUG    Center 2 | Xd shape: torch.Size([9356, 75]) | ntemp: 2
2026-07-19 04:53:26,767 kilosort.clustering_qr DEBUG    Center 3 | Xd shape: torch.Size([7393, 75]) | ntemp: 2
2026-07-19 04:53:33,989 kilosort.clustering_qr DEBUG    Center 4 | Xd shape: torch.Size([79, 75]) | ntemp: 1
2026-07-19 04:53:34,021 kilosort.clustering_qr DEBUG    Center 5 | Xd shape: torch.Size([11584, 81]) | ntemp: 3
2026-07-19 04:53:35,782 kilosort.clustering_qr DEBUG    Center 6 | Xd shape: torch.Size([3466, 75]) | ntemp: 1
2026-07-19 04:53:37,183 kilosort.clustering_qr DEBUG    Center 7 | Xd shape: torch.Size([8016, 75]) | ntemp: 1
2026-07-19 04:53:38,567 kilosort.clustering_qr DEBUG    Center 8 | Xd shape: torch.Size([8345, 75]) | ntemp: 2
2026-07-19 04:53:40,196 kilosort.clustering_qr DEBUG    Center 9 | Xd shape: torch.Size([36988, 75]) | ntemp: 2
2026-07-19 04:53:42,475 kilosort.clustering_qr DEBUG    Center 10 | Xd shape: torch.Size([6637, 81]) | ntemp: 2
2026-07-19 04:53:43,611 kilosort.clustering_qr DEBUG     
2026-07-19 04:53:43,611 kilosort.clustering_qr DEBUG    Cluster center: 11 (10/85)
2026-07-19 04:53:43,611 kilosort.clustering_qr DEBUG    ********************************************************
2026-07-19 04:53:43,611 kilosort.clustering_qr DEBUG    CPU usage:    17.20 %
2026-07-19 04:53:43,611 kilosort.clustering_qr DEBUG    Mem used:     51.80 %     |       8.11 GB
2026-07-19 04:53:43,611 kilosort.clustering_qr DEBUG    Mem avail:     7.54 / 15.65 GB
2026-07-19 04:53:43,611 kilosort.clustering_qr DEBUG    ------------------------------------------------------
2026-07-19 04:53:43,611 kilosort.clustering_qr DEBUG    GPU usage:    `conda install pynvml` for GPU usage
2026-07-19 04:53:43,611 kilosort.clustering_qr DEBUG    GPU memory:   22.36 %     |      0.89   /     4.00 GB
2026-07-19 04:53:43,611 kilosort.clustering_qr DEBUG    Allocated:     0.29 %     |      0.01   /     4.00 GB
2026-07-19 04:53:43,611 kilosort.clustering_qr DEBUG    Max alloc:     2.80 %     |      0.11   /     4.00 GB
2026-07-19 04:53:43,611 kilosort.clustering_qr DEBUG    ********************************************************
2026-07-19 04:53:43,632 kilosort.clustering_qr DEBUG    Center 11 | Xd shape: torch.Size([4691, 75]) | ntemp: 1
2026-07-19 04:53:45,126 kilosort.clustering_qr DEBUG    Center 12 | Xd shape: torch.Size([15431, 81]) | ntemp: 4
2026-07-19 04:53:46,673 kilosort.clustering_qr DEBUG    Center 13 | Xd shape: torch.Size([1486, 75]) | ntemp: 1
2026-07-19 04:53:47,994 kilosort.clustering_qr DEBUG    Center 14 | Xd shape: torch.Size([5166, 75]) | ntemp: 1
2026-07-19 04:53:49,168 kilosort.clustering_qr DEBUG    Center 15 | Xd shape: torch.Size([4875, 75]) | ntemp: 3
2026-07-19 04:53:50,537 kilosort.clustering_qr DEBUG    Center 16 | Xd shape: torch.Size([10283, 84]) | ntemp: 5
2026-07-19 04:53:52,125 kilosort.clustering_qr DEBUG    Center 17 | Xd shape: torch.Size([8506, 78]) | ntemp: 3
2026-07-19 04:53:53,562 kilosort.clustering_qr DEBUG    Center 18 | Xd shape: torch.Size([6126, 78]) | ntemp: 2
2026-07-19 04:53:54,901 kilosort.clustering_qr DEBUG    Center 19 | Xd shape: torch.Size([13567, 84]) | ntemp: 9
2026-07-19 04:53:56,488 kilosort.clustering_qr DEBUG    Center 20 | Xd shape: torch.Size([9285, 78]) | ntemp: 3
2026-07-19 04:53:57,773 kilosort.clustering_qr DEBUG     
2026-07-19 04:53:57,773 kilosort.clustering_qr DEBUG    Cluster center: 21 (20/85)
2026-07-19 04:53:57,773 kilosort.clustering_qr DEBUG    ********************************************************
2026-07-19 04:53:57,773 kilosort.clustering_qr DEBUG    CPU usage:    19.60 %
2026-07-19 04:53:57,773 kilosort.clustering_qr DEBUG    Mem used:     51.80 %     |       8.10 GB
2026-07-19 04:53:57,773 kilosort.clustering_qr DEBUG    Mem avail:     7.55 / 15.65 GB
2026-07-19 04:53:57,773 kilosort.clustering_qr DEBUG    ------------------------------------------------------
2026-07-19 04:53:57,773 kilosort.clustering_qr DEBUG    GPU usage:    `conda install pynvml` for GPU usage
2026-07-19 04:53:57,773 kilosort.clustering_qr DEBUG    GPU memory:   22.36 %     |      0.89   /     4.00 GB
2026-07-19 04:53:57,773 kilosort.clustering_qr DEBUG    Allocated:     0.29 %     |      0.01   /     4.00 GB
2026-07-19 04:53:57,773 kilosort.clustering_qr DEBUG    Max alloc:     2.80 %     |      0.11   /     4.00 GB
2026-07-19 04:53:57,773 kilosort.clustering_qr DEBUG    ********************************************************
2026-07-19 04:53:57,804 kilosort.clustering_qr DEBUG    Center 21 | Xd shape: torch.Size([7450, 81]) | ntemp: 3
2026-07-19 04:53:59,224 kilosort.clustering_qr DEBUG    Center 22 | Xd shape: torch.Size([10339, 81]) | ntemp: 3
2026-07-19 04:54:00,909 kilosort.clustering_qr DEBUG    Center 23 | Xd shape: torch.Size([10893, 81]) | ntemp: 2
2026-07-19 04:54:02,401 kilosort.clustering_qr DEBUG    Center 24 | Xd shape: torch.Size([1188, 78]) | ntemp: 2
2026-07-19 04:54:03,844 kilosort.clustering_qr DEBUG    Center 25 | Xd shape: torch.Size([9227, 81]) | ntemp: 2
2026-07-19 04:54:05,269 kilosort.clustering_qr DEBUG    Center 26 | Xd shape: torch.Size([7392, 78]) | ntemp: 2
2026-07-19 04:54:06,704 kilosort.clustering_qr DEBUG    Center 27 | Xd shape: torch.Size([7176, 75]) | ntemp: 1
2026-07-19 04:54:08,068 kilosort.clustering_qr DEBUG    Center 28 | Xd shape: torch.Size([3800, 75]) | ntemp: 2
2026-07-19 04:54:09,310 kilosort.clustering_qr DEBUG    Center 29 | Xd shape: torch.Size([6709, 75]) | ntemp: 1
2026-07-19 04:54:10,744 kilosort.clustering_qr DEBUG    Center 30 | Xd shape: torch.Size([3902, 81]) | ntemp: 2
2026-07-19 04:54:12,153 kilosort.clustering_qr DEBUG     
2026-07-19 04:54:12,163 kilosort.clustering_qr DEBUG    Cluster center: 31 (30/85)
2026-07-19 04:54:12,163 kilosort.clustering_qr DEBUG    ********************************************************
2026-07-19 04:54:12,163 kilosort.clustering_qr DEBUG    CPU usage:    19.40 %
2026-07-19 04:54:12,163 kilosort.clustering_qr DEBUG    Mem used:     51.70 %     |       8.09 GB
2026-07-19 04:54:12,163 kilosort.clustering_qr DEBUG    Mem avail:     7.56 / 15.65 GB
2026-07-19 04:54:12,163 kilosort.clustering_qr DEBUG    ------------------------------------------------------
2026-07-19 04:54:12,163 kilosort.clustering_qr DEBUG    GPU usage:    `conda install pynvml` for GPU usage
2026-07-19 04:54:12,163 kilosort.clustering_qr DEBUG    GPU memory:   22.36 %     |      0.89   /     4.00 GB
2026-07-19 04:54:12,163 kilosort.clustering_qr DEBUG    Allocated:     0.29 %     |      0.01   /     4.00 GB
2026-07-19 04:54:12,163 kilosort.clustering_qr DEBUG    Max alloc:     2.80 %     |      0.11   /     4.00 GB
2026-07-19 04:54:12,163 kilosort.clustering_qr DEBUG    ********************************************************
2026-07-19 04:54:12,193 kilosort.clustering_qr DEBUG    Center 31 | Xd shape: torch.Size([8313, 81]) | ntemp: 5
2026-07-19 04:54:13,610 kilosort.clustering_qr DEBUG    Center 32 | Xd shape: torch.Size([2810, 75]) | ntemp: 1
2026-07-19 04:54:15,018 kilosort.clustering_qr DEBUG    Center 33 | Xd shape: torch.Size([10243, 81]) | ntemp: 4
2026-07-19 04:54:16,519 kilosort.clustering_qr DEBUG    Center 34 | Xd shape: torch.Size([6456, 75]) | ntemp: 1
2026-07-19 04:54:17,953 kilosort.clustering_qr DEBUG    Center 35 | Xd shape: torch.Size([19982, 81]) | ntemp: 3
2026-07-19 04:54:19,613 kilosort.clustering_qr DEBUG    Center 36 | Xd shape: torch.Size([11079, 78]) | ntemp: 3
2026-07-19 04:54:20,972 kilosort.clustering_qr DEBUG    Center 37 | Xd shape: torch.Size([5402, 78]) | ntemp: 2
2026-07-19 04:54:22,456 kilosort.clustering_qr DEBUG    Center 38 | Xd shape: torch.Size([9029, 75]) | ntemp: 2
2026-07-19 04:54:23,886 kilosort.clustering_qr DEBUG    Center 39 | Xd shape: torch.Size([10526, 81]) | ntemp: 3
2026-07-19 04:54:25,377 kilosort.clustering_qr DEBUG    Center 40 | Xd shape: torch.Size([12184, 75]) | ntemp: 3
2026-07-19 04:54:26,881 kilosort.clustering_qr DEBUG     
2026-07-19 04:54:26,881 kilosort.clustering_qr DEBUG    Cluster center: 41 (40/85)
2026-07-19 04:54:26,881 kilosort.clustering_qr DEBUG    ********************************************************
2026-07-19 04:54:26,881 kilosort.clustering_qr DEBUG    CPU usage:    19.40 %
2026-07-19 04:54:26,881 kilosort.clustering_qr DEBUG    Mem used:     51.70 %     |       8.09 GB
2026-07-19 04:54:26,881 kilosort.clustering_qr DEBUG    Mem avail:     7.56 / 15.65 GB
2026-07-19 04:54:26,881 kilosort.clustering_qr DEBUG    ------------------------------------------------------
2026-07-19 04:54:26,881 kilosort.clustering_qr DEBUG    GPU usage:    `conda install pynvml` for GPU usage
2026-07-19 04:54:26,881 kilosort.clustering_qr DEBUG    GPU memory:   22.36 %     |      0.89   /     4.00 GB
2026-07-19 04:54:26,881 kilosort.clustering_qr DEBUG    Allocated:     0.29 %     |      0.01   /     4.00 GB
2026-07-19 04:54:26,881 kilosort.clustering_qr DEBUG    Max alloc:     2.80 %     |      0.11   /     4.00 GB
2026-07-19 04:54:26,881 kilosort.clustering_qr DEBUG    ********************************************************
2026-07-19 04:54:26,904 kilosort.clustering_qr DEBUG    Center 41 | Xd shape: torch.Size([11614, 81]) | ntemp: 3
2026-07-19 04:54:28,399 kilosort.clustering_qr DEBUG    Center 42 | Xd shape: torch.Size([13897, 84]) | ntemp: 5
2026-07-19 04:54:29,984 kilosort.clustering_qr DEBUG    Center 43 | Xd shape: torch.Size([13422, 78]) | ntemp: 4
2026-07-19 04:54:31,512 kilosort.clustering_qr DEBUG    Center 44 | Xd shape: torch.Size([8562, 75]) | ntemp: 3
2026-07-19 04:54:33,008 kilosort.clustering_qr DEBUG    Center 45 | Xd shape: torch.Size([7782, 81]) | ntemp: 4
2026-07-19 04:54:34,144 kilosort.clustering_qr DEBUG    Center 46 | Xd shape: torch.Size([20074, 81]) | ntemp: 6
2026-07-19 04:54:35,887 kilosort.clustering_qr DEBUG    Center 47 | Xd shape: torch.Size([11791, 75]) | ntemp: 4
2026-07-19 04:54:37,205 kilosort.clustering_qr DEBUG    Center 48 | Xd shape: torch.Size([14707, 81]) | ntemp: 5
2026-07-19 04:54:38,584 kilosort.clustering_qr DEBUG    Center 49 | Xd shape: torch.Size([9620, 75]) | ntemp: 4
2026-07-19 04:54:39,771 kilosort.clustering_qr DEBUG    Center 50 | Xd shape: torch.Size([6803, 75]) | ntemp: 1
2026-07-19 04:54:41,031 kilosort.clustering_qr DEBUG     
2026-07-19 04:54:41,031 kilosort.clustering_qr DEBUG    Cluster center: 51 (50/85)
2026-07-19 04:54:41,031 kilosort.clustering_qr DEBUG    ********************************************************
2026-07-19 04:54:41,031 kilosort.clustering_qr DEBUG    CPU usage:    19.20 %
2026-07-19 04:54:41,031 kilosort.clustering_qr DEBUG    Mem used:     51.70 %     |       8.09 GB
2026-07-19 04:54:41,031 kilosort.clustering_qr DEBUG    Mem avail:     7.56 / 15.65 GB
2026-07-19 04:54:41,031 kilosort.clustering_qr DEBUG    ------------------------------------------------------
2026-07-19 04:54:41,031 kilosort.clustering_qr DEBUG    GPU usage:    `conda install pynvml` for GPU usage
2026-07-19 04:54:41,041 kilosort.clustering_qr DEBUG    GPU memory:   22.36 %     |      0.89   /     4.00 GB
2026-07-19 04:54:41,041 kilosort.clustering_qr DEBUG    Allocated:     0.29 %     |      0.01   /     4.00 GB
2026-07-19 04:54:41,041 kilosort.clustering_qr DEBUG    Max alloc:     2.80 %     |      0.11   /     4.00 GB
2026-07-19 04:54:41,041 kilosort.clustering_qr DEBUG    ********************************************************
2026-07-19 04:54:41,073 kilosort.clustering_qr DEBUG    Center 51 | Xd shape: torch.Size([14555, 84]) | ntemp: 5
2026-07-19 04:54:42,675 kilosort.clustering_qr DEBUG    Center 52 | Xd shape: torch.Size([8563, 75]) | ntemp: 3
2026-07-19 04:54:44,088 kilosort.clustering_qr DEBUG    Center 53 | Xd shape: torch.Size([11510, 75]) | ntemp: 1
2026-07-19 04:54:45,533 kilosort.clustering_qr DEBUG    Center 54 | Xd shape: torch.Size([5717, 75]) | ntemp: 1
2026-07-19 04:54:46,909 kilosort.clustering_qr DEBUG    Center 55 | Xd shape: torch.Size([3015, 75]) | ntemp: 1
2026-07-19 04:54:48,261 kilosort.clustering_qr DEBUG    Center 56 | Xd shape: torch.Size([2230, 75]) | ntemp: 1
2026-07-19 04:54:49,642 kilosort.clustering_qr DEBUG    Center 57 | Xd shape: torch.Size([2973, 75]) | ntemp: 1
2026-07-19 04:54:50,998 kilosort.clustering_qr DEBUG    Center 58 | Xd shape: torch.Size([403, 75]) | ntemp: 1
2026-07-19 04:54:51,028 kilosort.clustering_qr DEBUG    Center 60 | Xd shape: torch.Size([6678, 75]) | ntemp: 1
2026-07-19 04:54:52,459 kilosort.clustering_qr DEBUG    Center 61 | Xd shape: torch.Size([11894, 81]) | ntemp: 2
2026-07-19 04:54:54,103 kilosort.clustering_qr DEBUG     
2026-07-19 04:54:54,103 kilosort.clustering_qr DEBUG    Cluster center: 63 (60/85)
2026-07-19 04:54:54,103 kilosort.clustering_qr DEBUG    ********************************************************
2026-07-19 04:54:54,103 kilosort.clustering_qr DEBUG    CPU usage:    20.00 %
2026-07-19 04:54:54,103 kilosort.clustering_qr DEBUG    Mem used:     51.70 %     |       8.09 GB
2026-07-19 04:54:54,103 kilosort.clustering_qr DEBUG    Mem avail:     7.55 / 15.65 GB
2026-07-19 04:54:54,103 kilosort.clustering_qr DEBUG    ------------------------------------------------------
2026-07-19 04:54:54,103 kilosort.clustering_qr DEBUG    GPU usage:    `conda install pynvml` for GPU usage
2026-07-19 04:54:54,103 kilosort.clustering_qr DEBUG    GPU memory:   22.36 %     |      0.89   /     4.00 GB
2026-07-19 04:54:54,103 kilosort.clustering_qr DEBUG    Allocated:     0.29 %     |      0.01   /     4.00 GB
2026-07-19 04:54:54,103 kilosort.clustering_qr DEBUG    Max alloc:     2.80 %     |      0.11   /     4.00 GB
2026-07-19 04:54:54,103 kilosort.clustering_qr DEBUG    ********************************************************
2026-07-19 04:54:54,196 kilosort.clustering_qr DEBUG    Center 63 | Xd shape: torch.Size([35141, 75]) | ntemp: 4
2026-07-19 04:54:56,296 kilosort.clustering_qr DEBUG    Center 67 | Xd shape: torch.Size([9780, 75]) | ntemp: 1
2026-07-19 04:54:57,687 kilosort.clustering_qr DEBUG    Center 68 | Xd shape: torch.Size([12194, 75]) | ntemp: 2
2026-07-19 04:54:59,174 kilosort.clustering_qr DEBUG    Center 70 | Xd shape: torch.Size([18488, 75]) | ntemp: 2
2026-07-19 04:55:00,768 kilosort.clustering_qr DEBUG    Center 72 | Xd shape: torch.Size([9983, 75]) | ntemp: 2
2026-07-19 04:55:02,247 kilosort.clustering_qr DEBUG    Center 73 | Xd shape: torch.Size([6838, 75]) | ntemp: 1
2026-07-19 04:55:03,711 kilosort.clustering_qr DEBUG    Center 74 | Xd shape: torch.Size([5905, 75]) | ntemp: 1
2026-07-19 04:55:05,242 kilosort.clustering_qr DEBUG    Center 75 | Xd shape: torch.Size([6985, 75]) | ntemp: 1
2026-07-19 04:55:06,626 kilosort.clustering_qr DEBUG    Center 76 | Xd shape: torch.Size([7738, 75]) | ntemp: 1
2026-07-19 04:55:07,706 kilosort.clustering_qr DEBUG    Center 77 | Xd shape: torch.Size([6988, 75]) | ntemp: 1
2026-07-19 04:55:09,075 kilosort.clustering_qr DEBUG     
2026-07-19 04:55:09,075 kilosort.clustering_qr DEBUG    Cluster center: 78 (70/85)
2026-07-19 04:55:09,075 kilosort.clustering_qr DEBUG    ********************************************************
2026-07-19 04:55:09,075 kilosort.clustering_qr DEBUG    CPU usage:    19.60 %
2026-07-19 04:55:09,075 kilosort.clustering_qr DEBUG    Mem used:     51.90 %     |       8.11 GB
2026-07-19 04:55:09,075 kilosort.clustering_qr DEBUG    Mem avail:     7.53 / 15.65 GB
2026-07-19 04:55:09,075 kilosort.clustering_qr DEBUG    ------------------------------------------------------
2026-07-19 04:55:09,075 kilosort.clustering_qr DEBUG    GPU usage:    `conda install pynvml` for GPU usage
2026-07-19 04:55:09,075 kilosort.clustering_qr DEBUG    GPU memory:   22.36 %     |      0.89   /     4.00 GB
2026-07-19 04:55:09,075 kilosort.clustering_qr DEBUG    Allocated:     0.29 %     |      0.01   /     4.00 GB
2026-07-19 04:55:09,075 kilosort.clustering_qr DEBUG    Max alloc:     2.80 %     |      0.11   /     4.00 GB
2026-07-19 04:55:09,075 kilosort.clustering_qr DEBUG    ********************************************************
2026-07-19 04:55:09,108 kilosort.clustering_qr DEBUG    Center 78 | Xd shape: torch.Size([6656, 75]) | ntemp: 1
2026-07-19 04:55:10,493 kilosort.clustering_qr DEBUG    Center 79 | Xd shape: torch.Size([10636, 75]) | ntemp: 2
2026-07-19 04:55:11,835 kilosort.clustering_qr DEBUG    Center 81 | Xd shape: torch.Size([7028, 75]) | ntemp: 1
2026-07-19 04:55:13,146 kilosort.clustering_qr DEBUG    Center 83 | Xd shape: torch.Size([13566, 75]) | ntemp: 2
2026-07-19 04:55:14,743 kilosort.clustering_qr DEBUG    Center 84 | Xd shape: torch.Size([5554, 75]) | ntemp: 1
2026-07-19 04:55:16,131 kilosort.clustering_qr DEBUG    Center 85 | Xd shape: torch.Size([6823, 75]) | ntemp: 1
2026-07-19 04:55:17,513 kilosort.clustering_qr DEBUG    Center 86 | Xd shape: torch.Size([6147, 75]) | ntemp: 1
2026-07-19 04:55:18,851 kilosort.clustering_qr DEBUG    Center 87 | Xd shape: torch.Size([3525, 75]) | ntemp: 1
2026-07-19 04:55:20,039 kilosort.clustering_qr DEBUG    Center 88 | Xd shape: torch.Size([6914, 75]) | ntemp: 1
2026-07-19 04:55:21,284 kilosort.clustering_qr DEBUG    Center 89 | Xd shape: torch.Size([7752, 75]) | ntemp: 1
2026-07-19 04:55:22,712 kilosort.clustering_qr DEBUG     
2026-07-19 04:55:22,712 kilosort.clustering_qr DEBUG    Cluster center: 90 (80/85)
2026-07-19 04:55:22,712 kilosort.clustering_qr DEBUG    ********************************************************
2026-07-19 04:55:22,712 kilosort.clustering_qr DEBUG    CPU usage:    18.90 %
2026-07-19 04:55:22,712 kilosort.clustering_qr DEBUG    Mem used:     51.70 %     |       8.09 GB
2026-07-19 04:55:22,712 kilosort.clustering_qr DEBUG    Mem avail:     7.55 / 15.65 GB
2026-07-19 04:55:22,712 kilosort.clustering_qr DEBUG    ------------------------------------------------------
2026-07-19 04:55:22,712 kilosort.clustering_qr DEBUG    GPU usage:    `conda install pynvml` for GPU usage
2026-07-19 04:55:22,712 kilosort.clustering_qr DEBUG    GPU memory:   22.36 %     |      0.89   /     4.00 GB
2026-07-19 04:55:22,712 kilosort.clustering_qr DEBUG    Allocated:     0.29 %     |      0.01   /     4.00 GB
2026-07-19 04:55:22,712 kilosort.clustering_qr DEBUG    Max alloc:     2.80 %     |      0.11   /     4.00 GB
2026-07-19 04:55:22,712 kilosort.clustering_qr DEBUG    ********************************************************
2026-07-19 04:55:22,744 kilosort.clustering_qr DEBUG    Center 90 | Xd shape: torch.Size([6248, 75]) | ntemp: 1
2026-07-19 04:55:24,147 kilosort.clustering_qr DEBUG    Center 91 | Xd shape: torch.Size([5266, 75]) | ntemp: 1
2026-07-19 04:55:25,608 kilosort.clustering_qr DEBUG    Center 92 | Xd shape: torch.Size([6508, 75]) | ntemp: 1
2026-07-19 04:55:26,991 kilosort.clustering_qr DEBUG    Center 93 | Xd shape: torch.Size([5486, 75]) | ntemp: 1
2026-07-19 04:55:28,368 kilosort.clustering_qr DEBUG    Center 94 | Xd shape: torch.Size([7414, 75]) | ntemp: 1
2026-07-19 04:55:29,773 kilosort.clustering_qr DEBUG    Center 95 | Xd shape: torch.Size([3847, 75]) | ntemp: 1
2026-07-19 04:55:31,119 kilosort.run_kilosort INFO     167 clusters found, in 126.25s; total 3052.31s
2026-07-19 04:55:31,119 kilosort.run_kilosort DEBUG    clu shape: (750600,)
2026-07-19 04:55:31,119 kilosort.run_kilosort DEBUG    Wall shape: torch.Size([167, 383, 3])
2026-07-19 04:55:31,119 kilosort.run_kilosort DEBUG    
2026-07-19 04:55:31,119 kilosort.run_kilosort DEBUG    --------------------
2026-07-19 04:55:31,119 kilosort.run_kilosort DEBUG    Process thread count: N/A (linux only)
2026-07-19 04:55:31,119 kilosort.run_kilosort DEBUG    num torch threads: 8
2026-07-19 04:55:31,119 kilosort.run_kilosort DEBUG    --------------------

2026-07-19 04:55:31,126 kilosort.run_kilosort INFO      
2026-07-19 04:55:31,126 kilosort.run_kilosort INFO     Merging clusters
2026-07-19 04:55:31,126 kilosort.run_kilosort INFO     ----------------------------------------
2026-07-19 04:55:32,549 kilosort.run_kilosort INFO     166 units found, in 1.42s; total 3053.74s
2026-07-19 04:55:32,549 kilosort.run_kilosort DEBUG    clu shape: (750600,)
2026-07-19 04:55:32,549 kilosort.run_kilosort DEBUG    Wall shape: torch.Size([166, 383, 3])
2026-07-19 04:55:32,549 kilosort.run_kilosort DEBUG    

|===========================================================================|
|                  PyTorch CUDA memory summary, device ID 0                 |
|---------------------------------------------------------------------------|
|            CUDA OOMs: 0            |        cudaMalloc retries: 0         |
|===========================================================================|
|        Metric         | Cur Usage  | Peak Usage | Tot Alloc  | Tot Freed  |
|---------------------------------------------------------------------------|
| Allocated memory      |  11918 KiB | 117399 KiB |  29150 GiB |  29150 GiB |
|---------------------------------------------------------------------------|
| Active memory         |  11918 KiB | 117399 KiB |  29150 GiB |  29150 GiB |
|---------------------------------------------------------------------------|
| Requested memory      |  11915 KiB | 117393 KiB |  29134 GiB |  29134 GiB |
|---------------------------------------------------------------------------|
| GPU reserved memory   |  55296 KiB |   1710 MiB |    975 GiB |    975 GiB |
|---------------------------------------------------------------------------|
| Non-releasable memory |  41329 KiB |  58520 KiB |   9706 GiB |   9706 GiB |
|---------------------------------------------------------------------------|
| Allocations           |      12    |      44    |    2704 K  |    2704 K  |
|---------------------------------------------------------------------------|
| Active allocs         |      12    |      44    |    2704 K  |    2704 K  |
|---------------------------------------------------------------------------|
| GPU reserved segments |       5    |      14    |    2949    |    2944    |
|---------------------------------------------------------------------------|
| Non-releasable allocs |      11    |      19    |    1017 K  |    1017 K  |
|---------------------------------------------------------------------------|
| Oversize allocations  |       0    |       0    |       0    |       0    |
|---------------------------------------------------------------------------|
| Oversize GPU segments |       0    |       0    |       0    |       0    |
|===========================================================================|


2026-07-19 04:55:32,549 kilosort.run_kilosort INFO      
2026-07-19 04:55:32,549 kilosort.run_kilosort INFO     Resource usage after clustering
2026-07-19 04:55:32,549 kilosort.run_kilosort INFO     ********************************************************
2026-07-19 04:55:32,549 kilosort.run_kilosort INFO     CPU usage:     0.00 %
2026-07-19 04:55:32,549 kilosort.run_kilosort INFO     Mem used:     53.10 %     |       8.31 GB
2026-07-19 04:55:32,549 kilosort.run_kilosort INFO     Mem avail:     7.34 / 15.65 GB
2026-07-19 04:55:32,549 kilosort.run_kilosort INFO     ------------------------------------------------------
2026-07-19 04:55:32,549 kilosort.run_kilosort INFO     GPU usage:    `conda install pynvml` for GPU usage
2026-07-19 04:55:32,549 kilosort.run_kilosort INFO     GPU memory:   22.41 %     |      0.90   /     4.00 GB
2026-07-19 04:55:32,549 kilosort.run_kilosort INFO     Allocated:     0.28 %     |      0.01   /     4.00 GB
2026-07-19 04:55:32,549 kilosort.run_kilosort INFO     Max alloc:     2.80 %     |      0.11   /     4.00 GB
2026-07-19 04:55:32,549 kilosort.run_kilosort INFO     ********************************************************
2026-07-19 04:55:32,595 kilosort.run_kilosort DEBUG    
2026-07-19 04:55:32,605 kilosort.run_kilosort DEBUG    --------------------
2026-07-19 04:55:32,605 kilosort.run_kilosort DEBUG    Process thread count: N/A (linux only)
2026-07-19 04:55:32,605 kilosort.run_kilosort DEBUG    num torch threads: 8
2026-07-19 04:55:32,605 kilosort.run_kilosort DEBUG    --------------------

2026-07-19 04:55:32,605 kilosort.run_kilosort INFO      
2026-07-19 04:55:32,605 kilosort.run_kilosort INFO     Saving to phy and computing refractory periods
2026-07-19 04:55:32,605 kilosort.run_kilosort INFO     ----------------------------------------
2026-07-19 04:55:32,701 kilosort.io  DEBUG     
2026-07-19 04:55:32,701 kilosort.io  DEBUG    save_to_phy, whitening
2026-07-19 04:55:32,701 kilosort.io  DEBUG    ********************************************************
2026-07-19 04:55:32,701 kilosort.io  DEBUG    CPU usage:    11.80 %
2026-07-19 04:55:32,701 kilosort.io  DEBUG    Mem used:     51.70 %     |       8.08 GB
2026-07-19 04:55:32,701 kilosort.io  DEBUG    Mem avail:     7.57 / 15.65 GB
2026-07-19 04:55:32,701 kilosort.io  DEBUG    ------------------------------------------------------
2026-07-19 04:55:32,701 kilosort.io  DEBUG    GPU usage:    `conda install pynvml` for GPU usage
2026-07-19 04:55:32,701 kilosort.io  DEBUG    GPU memory:   22.41 %     |      0.90   /     4.00 GB
2026-07-19 04:55:32,701 kilosort.io  DEBUG    Allocated:     0.30 %     |      0.01   /     4.00 GB
2026-07-19 04:55:32,701 kilosort.io  DEBUG    Max alloc:     0.34 %     |      0.01   /     4.00 GB
2026-07-19 04:55:32,701 kilosort.io  DEBUG    ********************************************************
2026-07-19 04:55:33,501 kilosort.io  DEBUG     
2026-07-19 04:55:33,501 kilosort.io  DEBUG    save_to_phy, spike positions
2026-07-19 04:55:33,501 kilosort.io  DEBUG    ********************************************************
2026-07-19 04:55:33,501 kilosort.io  DEBUG    CPU usage:    33.60 %
2026-07-19 04:55:33,501 kilosort.io  DEBUG    Mem used:     54.50 %     |       8.52 GB
2026-07-19 04:55:33,501 kilosort.io  DEBUG    Mem avail:     7.12 / 15.65 GB
2026-07-19 04:55:33,501 kilosort.io  DEBUG    ------------------------------------------------------
2026-07-19 04:55:33,501 kilosort.io  DEBUG    GPU usage:    `conda install pynvml` for GPU usage
2026-07-19 04:55:33,501 kilosort.io  DEBUG    GPU memory:   22.41 %     |      0.90   /     4.00 GB
2026-07-19 04:55:33,501 kilosort.io  DEBUG    Allocated:     0.30 %     |      0.01   /     4.00 GB
2026-07-19 04:55:33,501 kilosort.io  DEBUG    Max alloc:     0.30 %     |      0.01   /     4.00 GB
2026-07-19 04:55:33,501 kilosort.io  DEBUG    ********************************************************
2026-07-19 04:55:34,174 kilosort.io  DEBUG     
2026-07-19 04:55:34,174 kilosort.io  DEBUG    save_to_phy, remove duplicates
2026-07-19 04:55:34,174 kilosort.io  DEBUG    ********************************************************
2026-07-19 04:55:34,174 kilosort.io  DEBUG    CPU usage:    14.50 %
2026-07-19 04:55:34,190 kilosort.io  DEBUG    Mem used:     54.50 %     |       8.53 GB
2026-07-19 04:55:34,190 kilosort.io  DEBUG    Mem avail:     7.12 / 15.65 GB
2026-07-19 04:55:34,190 kilosort.io  DEBUG    ------------------------------------------------------
2026-07-19 04:55:34,190 kilosort.io  DEBUG    GPU usage:    `conda install pynvml` for GPU usage
2026-07-19 04:55:34,190 kilosort.io  DEBUG    GPU memory:   22.41 %     |      0.90   /     4.00 GB
2026-07-19 04:55:34,190 kilosort.io  DEBUG    Allocated:     0.30 %     |      0.01   /     4.00 GB
2026-07-19 04:55:34,190 kilosort.io  DEBUG    Max alloc:     0.30 %     |      0.01   /     4.00 GB
2026-07-19 04:55:34,190 kilosort.io  DEBUG    ********************************************************
2026-07-19 04:55:35,080 kilosort.io  DEBUG     
2026-07-19 04:55:35,080 kilosort.io  DEBUG    save_to_phy, template props
2026-07-19 04:55:35,080 kilosort.io  DEBUG    ********************************************************
2026-07-19 04:55:35,080 kilosort.io  DEBUG    CPU usage:    23.10 %
2026-07-19 04:55:35,080 kilosort.io  DEBUG    Mem used:     52.10 %     |       8.15 GB
2026-07-19 04:55:35,080 kilosort.io  DEBUG    Mem avail:     7.50 / 15.65 GB
2026-07-19 04:55:35,080 kilosort.io  DEBUG    ------------------------------------------------------
2026-07-19 04:55:35,080 kilosort.io  DEBUG    GPU usage:    `conda install pynvml` for GPU usage
2026-07-19 04:55:35,080 kilosort.io  DEBUG    GPU memory:   22.41 %     |      0.90   /     4.00 GB
2026-07-19 04:55:35,080 kilosort.io  DEBUG    Allocated:     0.30 %     |      0.01   /     4.00 GB
2026-07-19 04:55:35,080 kilosort.io  DEBUG    Max alloc:     0.30 %     |      0.01   /     4.00 GB
2026-07-19 04:55:35,080 kilosort.io  DEBUG    ********************************************************
2026-07-19 04:55:49,932 kilosort.io  DEBUG     
2026-07-19 04:55:49,932 kilosort.io  DEBUG    save_to_phy, pc features
2026-07-19 04:55:49,932 kilosort.io  DEBUG    ********************************************************
2026-07-19 04:55:49,932 kilosort.io  DEBUG    CPU usage:    15.60 %
2026-07-19 04:55:49,932 kilosort.io  DEBUG    Mem used:     53.60 %     |       8.39 GB
2026-07-19 04:55:49,932 kilosort.io  DEBUG    Mem avail:     7.26 / 15.65 GB
2026-07-19 04:55:49,932 kilosort.io  DEBUG    ------------------------------------------------------
2026-07-19 04:55:49,932 kilosort.io  DEBUG    GPU usage:    `conda install pynvml` for GPU usage
2026-07-19 04:55:49,932 kilosort.io  DEBUG    GPU memory:   22.41 %     |      0.90   /     4.00 GB
2026-07-19 04:55:49,932 kilosort.io  DEBUG    Allocated:     0.30 %     |      0.01   /     4.00 GB
2026-07-19 04:55:49,932 kilosort.io  DEBUG    Max alloc:     0.43 %     |      0.02   /     4.00 GB
2026-07-19 04:55:49,932 kilosort.io  DEBUG    ********************************************************
2026-07-19 04:55:50,520 kilosort.io  DEBUG     
2026-07-19 04:55:50,520 kilosort.io  DEBUG    save_to_phy, est contam
2026-07-19 04:55:50,520 kilosort.io  DEBUG    ********************************************************
2026-07-19 04:55:50,520 kilosort.io  DEBUG    CPU usage:    16.30 %
2026-07-19 04:55:50,520 kilosort.io  DEBUG    Mem used:     53.60 %     |       8.39 GB
2026-07-19 04:55:50,520 kilosort.io  DEBUG    Mem avail:     7.25 / 15.65 GB
2026-07-19 04:55:50,520 kilosort.io  DEBUG    ------------------------------------------------------
2026-07-19 04:55:50,520 kilosort.io  DEBUG    GPU usage:    `conda install pynvml` for GPU usage
2026-07-19 04:55:50,520 kilosort.io  DEBUG    GPU memory:   22.41 %     |      0.90   /     4.00 GB
2026-07-19 04:55:50,520 kilosort.io  DEBUG    Allocated:     0.30 %     |      0.01   /     4.00 GB
2026-07-19 04:55:50,520 kilosort.io  DEBUG    Max alloc:     0.30 %     |      0.01   /     4.00 GB
2026-07-19 04:55:50,520 kilosort.io  DEBUG    ********************************************************
2026-07-19 04:55:50,695 kilosort.run_kilosort INFO     54 units found with good refractory periods
2026-07-19 04:55:50,742 kilosort.run_kilosort INFO     Exporting to Phy took: 18.14s
2026-07-19 04:55:50,742 kilosort.run_kilosort INFO     Total runtime: 3071.93s = 00:51:12 h:m:s
2026-07-19 04:55:50,789 kilosort.run_kilosort INFO     Sorting output saved in: G:\ACADEMIC\week8_partial_dct_kilosort_runs\8ca740c5_probe00_partial_20260712_222836\ratio_0.50\kilosort4_dct.
2026-07-19 04:55:50,789 kilosort.run_kilosort DEBUG    

|===========================================================================|
|                  PyTorch CUDA memory summary, device ID 0                 |
|---------------------------------------------------------------------------|
|            CUDA OOMs: 0            |        cudaMalloc retries: 0         |
|===========================================================================|
|        Metric         | Cur Usage  | Peak Usage | Tot Alloc  | Tot Freed  |
|---------------------------------------------------------------------------|
| Allocated memory      |  11918 KiB |  12492 KiB |  29150 GiB |  29150 GiB |
|---------------------------------------------------------------------------|
| Active memory         |  11918 KiB |  12492 KiB |  29150 GiB |  29150 GiB |
|---------------------------------------------------------------------------|
| Requested memory      |  11915 KiB |  12488 KiB |  29135 GiB |  29135 GiB |
|---------------------------------------------------------------------------|
| GPU reserved memory   |  55296 KiB |  55296 KiB |    975 GiB |    975 GiB |
|---------------------------------------------------------------------------|
| Non-releasable memory |  41329 KiB |  41329 KiB |   9706 GiB |   9706 GiB |
|---------------------------------------------------------------------------|
| Allocations           |      12    |      13    |    2706 K  |    2706 K  |
|---------------------------------------------------------------------------|
| Active allocs         |      12    |      13    |    2706 K  |    2706 K  |
|---------------------------------------------------------------------------|
| GPU reserved segments |       5    |       5    |    2949    |    2944    |
|---------------------------------------------------------------------------|
| Non-releasable allocs |      11    |      11    |    1018 K  |    1018 K  |
|---------------------------------------------------------------------------|
| Oversize allocations  |       0    |       0    |       0    |       0    |
|---------------------------------------------------------------------------|
| Oversize GPU segments |       0    |       0    |       0    |       0    |
|===========================================================================|


2026-07-19 04:55:50,789 kilosort.run_kilosort INFO      
2026-07-19 04:55:50,789 kilosort.run_kilosort INFO     Resource usage after saving
2026-07-19 04:55:50,789 kilosort.run_kilosort INFO     ********************************************************
2026-07-19 04:55:50,789 kilosort.run_kilosort INFO     CPU usage:    29.40 %
2026-07-19 04:55:50,789 kilosort.run_kilosort INFO     Mem used:     53.20 %     |       8.32 GB
2026-07-19 04:55:50,789 kilosort.run_kilosort INFO     Mem avail:     7.33 / 15.65 GB
2026-07-19 04:55:50,789 kilosort.run_kilosort INFO     ------------------------------------------------------
2026-07-19 04:55:50,805 kilosort.run_kilosort INFO     GPU usage:    `conda install pynvml` for GPU usage
2026-07-19 04:55:50,805 kilosort.run_kilosort INFO     GPU memory:   22.41 %     |      0.90   /     4.00 GB
2026-07-19 04:55:50,805 kilosort.run_kilosort INFO     Allocated:     0.28 %     |      0.01   /     4.00 GB
2026-07-19 04:55:50,805 kilosort.run_kilosort INFO     Max alloc:     0.30 %     |      0.01   /     4.00 GB
2026-07-19 04:55:50,805 kilosort.run_kilosort INFO     ********************************************************
2026-07-19 04:55:50,805 kilosort.run_kilosort DEBUG    
2026-07-19 04:55:50,805 kilosort.run_kilosort DEBUG    --------------------
2026-07-19 04:55:50,805 kilosort.run_kilosort DEBUG    Process thread count: N/A (linux only)
2026-07-19 04:55:50,805 kilosort.run_kilosort DEBUG    num torch threads: 8
2026-07-19 04:55:50,805 kilosort.run_kilosort DEBUG    --------------------

2026-07-19 04:55:50,805 kilosort.run_kilosort INFO     Generating spike position plot ...
2026-07-19 04:56:28,046 kilosort.run_kilosort INFO     Sorting finished.
2026-07-19 04:56:28,046 kilosort.run_kilosort INFO      
2026-07-19 04:56:28,046 kilosort.run_kilosort INFO     ********************************************************
2026-07-19 04:56:28,046 kilosort.run_kilosort INFO     Sorting summary
2026-07-19 04:56:28,046 kilosort.run_kilosort INFO     --------------------------------------------------------
2026-07-19 04:56:28,046 kilosort.run_kilosort INFO     Total number of units:                              166
2026-07-19 04:56:28,046 kilosort.run_kilosort INFO     Number of good units:                                54
2026-07-19 04:56:28,046 kilosort.run_kilosort INFO     Number of spikes                                 748559
2026-07-19 04:56:28,046 kilosort.run_kilosort INFO     Mean abs. drift                                  0.4 um
2026-07-19 04:56:28,046 kilosort.run_kilosort INFO     Total runtime                                  3071.93s
2026-07-19 04:56:28,046 kilosort.run_kilosort INFO      
2026-07-19 04:56:28,046 kilosort.run_kilosort INFO     Runtime by step
2026-07-19 04:56:28,046 kilosort.run_kilosort INFO     --------------------------------------------------------
2026-07-19 04:56:28,046 kilosort.run_kilosort INFO     preprocessing:                          3.7s   (0.12) %
2026-07-19 04:56:28,046 kilosort.run_kilosort INFO     drift corr:                          1324.2s  (43.11) %
2026-07-19 04:56:28,046 kilosort.run_kilosort INFO     spike det. (univ):                   1326.4s  (43.18) %
2026-07-19 04:56:28,046 kilosort.run_kilosort INFO     cluster (temp):                       138.5s   (4.51) %
2026-07-19 04:56:28,046 kilosort.run_kilosort INFO     spike det. (learn):                    90.4s   (2.94) %
2026-07-19 04:56:28,046 kilosort.run_kilosort INFO     cluster (final):                      126.2s   (4.11) %
2026-07-19 04:56:28,046 kilosort.run_kilosort INFO     cluster merge:                          1.4s   (0.05) %
2026-07-19 04:56:28,046 kilosort.run_kilosort INFO     postprocessing:                        18.1s   (0.59) %
2026-07-19 04:56:28,046 kilosort.run_kilosort INFO      
2026-07-19 04:56:28,046 kilosort.run_kilosort INFO     Memory usage by step
2026-07-19 04:56:28,046 kilosort.run_kilosort INFO     --------------------------------------------------------
2026-07-19 04:56:28,046 kilosort.run_kilosort INFO     preprocessing:         sys     6.5 GB  |  gpu    1.3 GB
2026-07-19 04:56:28,046 kilosort.run_kilosort INFO     drift corr:            sys     7.6 GB  |  gpu    3.9 GB
2026-07-19 04:56:28,046 kilosort.run_kilosort INFO     spike det. (univ):     sys     8.4 GB  |  gpu    3.9 GB
2026-07-19 04:56:28,046 kilosort.run_kilosort INFO     cluster (temp):        sys     8.2 GB  |  gpu    0.2 GB
2026-07-19 04:56:28,046 kilosort.run_kilosort INFO     spike det. (learn):    sys     8.3 GB  |  gpu    1.4 GB
2026-07-19 04:56:28,046 kilosort.run_kilosort INFO     cluster (final):       sys     8.1 GB  |  gpu    0.1 GB
2026-07-19 04:56:28,046 kilosort.run_kilosort INFO     cluster merge:         sys     8.3 GB  |  gpu    0.1 GB
2026-07-19 04:56:28,046 kilosort.run_kilosort INFO     postprocessing:        sys     8.3 GB  |  gpu    0.0 GB
2026-07-19 04:56:28,046 kilosort.run_kilosort INFO     ********************************************************
