2026-07-18 05:17:01,240 kilosort.run_kilosort INFO     Kilosort version 4.1.7
2026-07-18 05:17:01,240 kilosort.run_kilosort INFO     Python version 3.11.15
2026-07-18 05:17:01,240 kilosort.run_kilosort INFO     ----------------------------------------
2026-07-18 05:17:01,240 kilosort.run_kilosort INFO     System information:
2026-07-18 05:17:01,303 kilosort.run_kilosort INFO     Windows-10-10.0.26200-SP0 AMD64
2026-07-18 05:17:01,303 kilosort.run_kilosort INFO     Intel64 Family 6 Model 186 Stepping 2, GenuineIntel
2026-07-18 05:17:01,703 kilosort.run_kilosort INFO     Using GPU for PyTorch computations. Specify `device` to change this.
2026-07-18 05:17:01,750 kilosort.run_kilosort INFO     Using CUDA device: NVIDIA GeForce RTX 2050 4.00GB
2026-07-18 05:17:01,750 kilosort.run_kilosort INFO     ----------------------------------------
2026-07-18 05:17:01,750 kilosort.run_kilosort INFO     Sorting [WindowsPath('G:/academic/week8_partial_dct_kilosort_runs/cde63527_probe01_partial_20260712_222836/ratio_0.70/cde63527_probe01_partial_20260712_222836_ratio_0.70_dctwin_600samp_preprocessed_int16.bin')]
2026-07-18 05:17:01,750 kilosort.run_kilosort INFO     Skipping common average reference.
2026-07-18 05:17:01,750 kilosort.run_kilosort INFO     clear_cache=True
2026-07-18 05:17:01,750 kilosort.run_kilosort DEBUG    Initial ops:

ops = {
    'n_chan_bin': 385,
    'fs': 30000.0,
    'batch_size': 60000,
    'nblocks': 1,
    'Th_universal': 9,
    'Th_learned': 8,
    'tmin': 0,
    'tmax': inf,
    'nt': 61,
    'shift': None,
    'scale': None,
    'batch_downsampling': 1,
    'artifact_threshold': inf,
    'nskip': 25,
    'whitening_range': 32,
    'highpass_cutoff': 300,
    'binning_depth': 5,
    'sig_interp': 20,
    'drift_smoothing': [0.5, 0.5, 0.5],
    'nt0min': 20,
    'dmin': None,
    'dminx': 32,
    'min_template_size': 10,
    'template_sizes': 5,
    'nearest_chans': 25,
    'nearest_templates': 100,
    'max_channel_distance': 32,
    'max_peels': 100,
    'templates_from_data': True,
    'n_templates': 6,
    'n_pcs': 3,
    'Th_single_ch': 6,
    'acg_threshold': 0.2,
    'ccg_threshold': 0.25,
    'cluster_neighbors': 10,
    'cluster_downsampling': 20,
    'max_cluster_subset': 25000,
    'x_centers': None,
    'cluster_init_seed': 5,
    'duplicate_spike_ms': 0.25,
    'position_limit': 100,
    'filename': [   WindowsPath('G:/academic/week8_partial_dct_kilosort_runs/cde63527_probe01_partial_20260712_222836/ratio_0.70/cde63527_probe01_partial_20260712_222836_ratio_0.70_dctwin_600samp_preprocessed_int16.bin')],
    'data_dir': WindowsPath('G:/academic/week8_partial_dct_kilosort_runs/cde63527_probe01_partial_20260712_222836/ratio_0.70'),
    'data_dtype': 'int16',
    'do_CAR': False,
    'invert_sign': False,
    'NTbuff': 60122,
    'Nchan': 383,
    'duplicate_spike_bins': 7,
    'torch_device': 'cuda',
    'save_preprocessed_copy': False
}

2026-07-18 05:17:01,799 kilosort.run_kilosort DEBUG    Probe dictionary:

probe = {
    'xc': np.array([43., 11., 59., 27., 43., 11., 59., 27., 43., 11., 59., 27., 43.,
       11., 59., 27., 43., 11., 59., 27., 43., 11., 59., 27., 43., 11.,
       59., 27., 43., 11., 59., 27., 43., 11., 59., 27., 43., 11., 59.,
       27., 43., 11., 59., 27., 43., 11., 59., 27., 43., 11., 59., 27.,
       43., 11., 59., 27., 43., 11., 59., 27., 43., 11., 59., 27., 43.,
       11., 59., 27., 43., 11., 59., 27., 43., 11., 59., 27., 43., 11.,
       59., 27., 43., 11., 59., 27., 43., 11., 59., 27., 43., 11., 59.,
       27., 43., 11., 59., 27., 43., 11., 59., 27., 43., 11., 59., 27.,
       43., 11., 59., 27., 43., 11., 59., 27., 43., 11., 59., 27., 43.,
       11., 59., 27., 43., 11., 59., 27., 43., 11., 59., 27., 43., 11.,
       59., 27., 43., 11., 59., 27., 43., 11., 59., 27., 43., 11., 59.,
       27., 43., 11., 59., 27., 43., 11., 59., 27., 43., 11., 59., 27.,
       43., 11., 59., 27., 43., 11., 59., 27., 43., 11., 59., 27., 43.,
       11., 59., 27., 43., 11., 59., 27., 43., 11., 59., 27., 43., 11.,
       59., 27., 43., 11., 59., 27., 43., 11., 59., 43., 11., 59., 27.,
       43., 11., 59., 27., 43., 11., 59., 27., 43., 11., 59., 27., 43.,
       11., 59., 27., 43., 11., 59., 27., 43., 11., 59., 27., 43., 11.,
       59., 27., 43., 11., 59., 27., 43., 11., 59., 27., 43., 11., 59.,
       27., 43., 11., 59., 27., 43., 11., 59., 27., 43., 11., 59., 27.,
       43., 11., 59., 27., 43., 11., 59., 27., 43., 11., 59., 27., 43.,
       11., 59., 27., 43., 11., 59., 27., 43., 11., 59., 27., 43., 11.,
       59., 27., 43., 11., 59., 27., 43., 11., 59., 27., 43., 11., 59.,
       27., 43., 11., 59., 27., 43., 11., 59., 27., 43., 11., 59., 27.,
       43., 11., 59., 27., 43., 11., 59., 27., 43., 11., 59., 27., 43.,
       11., 59., 27., 43., 11., 59., 27., 43., 11., 59., 27., 43., 11.,
       59., 27., 43., 11., 59., 27., 43., 11., 59., 27., 43., 11., 59.,
       27., 43., 11., 59., 27., 43., 11., 59., 27., 43., 11., 59., 27.,
       43., 11., 59., 27., 43., 11., 59., 27., 43., 11., 59., 27., 43.,
       11., 59., 27., 43., 11., 59., 27., 43., 11., 59., 27., 43., 11.,
       59., 27., 43., 11., 59., 27.], dtype=np.float32),
    'yc': np.array([  20.,   20.,   40.,   40.,   60.,   60.,   80.,   80.,  100.,
        100.,  120.,  120.,  140.,  140.,  160.,  160.,  180.,  180.,
        200.,  200.,  220.,  220.,  240.,  240.,  260.,  260.,  280.,
        280.,  300.,  300.,  320.,  320.,  340.,  340.,  360.,  360.,
        380.,  380.,  400.,  400.,  420.,  420.,  440.,  440.,  460.,
        460.,  480.,  480.,  500.,  500.,  520.,  520.,  540.,  540.,
        560.,  560.,  580.,  580.,  600.,  600.,  620.,  620.,  640.,
        640.,  660.,  660.,  680.,  680.,  700.,  700.,  720.,  720.,
        740.,  740.,  760.,  760.,  780.,  780.,  800.,  800.,  820.,
        820.,  840.,  840.,  860.,  860.,  880.,  880.,  900.,  900.,
        920.,  920.,  940.,  940.,  960.,  960.,  980.,  980., 1000.,
       1000., 1020., 1020., 1040., 1040., 1060., 1060., 1080., 1080.,
       1100., 1100., 1120., 1120., 1140., 1140., 1160., 1160., 1180.,
       1180., 1200., 1200., 1220., 1220., 1240., 1240., 1260., 1260.,
       1280., 1280., 1300., 1300., 1320., 1320., 1340., 1340., 1360.,
       1360., 1380., 1380., 1400., 1400., 1420., 1420., 1440., 1440.,
       1460., 1460., 1480., 1480., 1500., 1500., 1520., 1520., 1540.,
       1540., 1560., 1560., 1580., 1580., 1600., 1600., 1620., 1620.,
       1640., 1640., 1660., 1660., 1680., 1680., 1700., 1700., 1720.,
       1720., 1740., 1740., 1760., 1760., 1780., 1780., 1800., 1800.,
       1820., 1820., 1840., 1840., 1860., 1860., 1880., 1880., 1900.,
       1900., 1920., 1940., 1940., 1960., 1960., 1980., 1980., 2000.,
       2000., 2020., 2020., 2040., 2040., 2060., 2060., 2080., 2080.,
       2100., 2100., 2120., 2120., 2140., 2140., 2160., 2160., 2180.,
       2180., 2200., 2200., 2220., 2220., 2240., 2240., 2260., 2260.,
       2280., 2280., 2300., 2300., 2320., 2320., 2340., 2340., 2360.,
       2360., 2380., 2380., 2400., 2400., 2420., 2420., 2440., 2440.,
       2460., 2460., 2480., 2480., 2500., 2500., 2520., 2520., 2540.,
       2540., 2560., 2560., 2580., 2580., 2600., 2600., 2620., 2620.,
       2640., 2640., 2660., 2660., 2680., 2680., 2700., 2700., 2720.,
       2720., 2740., 2740., 2760., 2760., 2780., 2780., 2800., 2800.,
       2820., 2820., 2840., 2840., 2860., 2860., 2880., 2880., 2900.,
       2900., 2920., 2920., 2940., 2940., 2960., 2960., 2980., 2980.,
       3000., 3000., 3020., 3020., 3040., 3040., 3060., 3060., 3080.,
       3080., 3100., 3100., 3120., 3120., 3140., 3140., 3160., 3160.,
       3180., 3180., 3200., 3200., 3220., 3220., 3240., 3240., 3260.,
       3260., 3280., 3280., 3300., 3300., 3320., 3320., 3340., 3340.,
       3360., 3360., 3380., 3380., 3400., 3400., 3420., 3420., 3440.,
       3440., 3460., 3460., 3480., 3480., 3500., 3500., 3520., 3520.,
       3540., 3540., 3560., 3560., 3580., 3580., 3600., 3600., 3620.,
       3620., 3640., 3640., 3660., 3660., 3680., 3680., 3700., 3700.,
       3720., 3720., 3740., 3740., 3760., 3760., 3780., 3780., 3800.,
       3800., 3820., 3820., 3840., 3840.], dtype=np.float32),
    'kcoords': np.array([0., 0., 0., 0., 0., 0., 0., 0., 0., 0., 0., 0., 0., 0., 0., 0., 0.,
       0., 0., 0., 0., 0., 0., 0., 0., 0., 0., 0., 0., 0., 0., 0., 0., 0.,
       0., 0., 0., 0., 0., 0., 0., 0., 0., 0., 0., 0., 0., 0., 0., 0., 0.,
       0., 0., 0., 0., 0., 0., 0., 0., 0., 0., 0., 0., 0., 0., 0., 0., 0.,
       0., 0., 0., 0., 0., 0., 0., 0., 0., 0., 0., 0., 0., 0., 0., 0., 0.,
       0., 0., 0., 0., 0., 0., 0., 0., 0., 0., 0., 0., 0., 0., 0., 0., 0.,
       0., 0., 0., 0., 0., 0., 0., 0., 0., 0., 0., 0., 0., 0., 0., 0., 0.,
       0., 0., 0., 0., 0., 0., 0., 0., 0., 0., 0., 0., 0., 0., 0., 0., 0.,
       0., 0., 0., 0., 0., 0., 0., 0., 0., 0., 0., 0., 0., 0., 0., 0., 0.,
       0., 0., 0., 0., 0., 0., 0., 0., 0., 0., 0., 0., 0., 0., 0., 0., 0.,
       0., 0., 0., 0., 0., 0., 0., 0., 0., 0., 0., 0., 0., 0., 0., 0., 0.,
       0., 0., 0., 0., 0., 0., 0., 0., 0., 0., 0., 0., 0., 0., 0., 0., 0.,
       0., 0., 0., 0., 0., 0., 0., 0., 0., 0., 0., 0., 0., 0., 0., 0., 0.,
       0., 0., 0., 0., 0., 0., 0., 0., 0., 0., 0., 0., 0., 0., 0., 0., 0.,
       0., 0., 0., 0., 0., 0., 0., 0., 0., 0., 0., 0., 0., 0., 0., 0., 0.,
       0., 0., 0., 0., 0., 0., 0., 0., 0., 0., 0., 0., 0., 0., 0., 0., 0.,
       0., 0., 0., 0., 0., 0., 0., 0., 0., 0., 0., 0., 0., 0., 0., 0., 0.,
       0., 0., 0., 0., 0., 0., 0., 0., 0., 0., 0., 0., 0., 0., 0., 0., 0.,
       0., 0., 0., 0., 0., 0., 0., 0., 0., 0., 0., 0., 0., 0., 0., 0., 0.,
       0., 0., 0., 0., 0., 0., 0., 0., 0., 0., 0., 0., 0., 0., 0., 0., 0.,
       0., 0., 0., 0., 0., 0., 0., 0., 0., 0., 0., 0., 0., 0., 0., 0., 0.,
       0., 0., 0., 0., 0., 0., 0., 0., 0., 0., 0., 0., 0., 0., 0., 0., 0.,
       0., 0., 0., 0., 0., 0., 0., 0., 0.], dtype=np.float32),
    'chanMap': np.array([  0,   1,   2,   3,   4,   5,   6,   7,   8,   9,  10,  11,  12,
        13,  14,  15,  16,  17,  18,  19,  20,  21,  22,  23,  24,  25,
        26,  27,  28,  29,  30,  31,  32,  33,  34,  35,  36,  37,  38,
        39,  40,  41,  42,  43,  44,  45,  46,  47,  48,  49,  50,  51,
        52,  53,  54,  55,  56,  57,  58,  59,  60,  61,  62,  63,  64,
        65,  66,  67,  68,  69,  70,  71,  72,  73,  74,  75,  76,  77,
        78,  79,  80,  81,  82,  83,  84,  85,  86,  87,  88,  89,  90,
        91,  92,  93,  94,  95,  96,  97,  98,  99, 100, 101, 102, 103,
       104, 105, 106, 107, 108, 109, 110, 111, 112, 113, 114, 115, 116,
       117, 118, 119, 120, 121, 122, 123, 124, 125, 126, 127, 128, 129,
       130, 131, 132, 133, 134, 135, 136, 137, 138, 139, 140, 141, 142,
       143, 144, 145, 146, 147, 148, 149, 150, 151, 152, 153, 154, 155,
       156, 157, 158, 159, 160, 161, 162, 163, 164, 165, 166, 167, 168,
       169, 170, 171, 172, 173, 174, 175, 176, 177, 178, 179, 180, 181,
       182, 183, 184, 185, 186, 187, 188, 189, 190, 192, 193, 194, 195,
       196, 197, 198, 199, 200, 201, 202, 203, 204, 205, 206, 207, 208,
       209, 210, 211, 212, 213, 214, 215, 216, 217, 218, 219, 220, 221,
       222, 223, 224, 225, 226, 227, 228, 229, 230, 231, 232, 233, 234,
       235, 236, 237, 238, 239, 240, 241, 242, 243, 244, 245, 246, 247,
       248, 249, 250, 251, 252, 253, 254, 255, 256, 257, 258, 259, 260,
       261, 262, 263, 264, 265, 266, 267, 268, 269, 270, 271, 272, 273,
       274, 275, 276, 277, 278, 279, 280, 281, 282, 283, 284, 285, 286,
       287, 288, 289, 290, 291, 292, 293, 294, 295, 296, 297, 298, 299,
       300, 301, 302, 303, 304, 305, 306, 307, 308, 309, 310, 311, 312,
       313, 314, 315, 316, 317, 318, 319, 320, 321, 322, 323, 324, 325,
       326, 327, 328, 329, 330, 331, 332, 333, 334, 335, 336, 337, 338,
       339, 340, 341, 342, 343, 344, 345, 346, 347, 348, 349, 350, 351,
       352, 353, 354, 355, 356, 357, 358, 359, 360, 361, 362, 363, 364,
       365, 366, 367, 368, 369, 370, 371, 372, 373, 374, 375, 376, 377,
       378, 379, 380, 381, 382, 383], dtype=np.int32),
    'n_chan': 384
}

2026-07-18 05:17:02,199 kilosort.run_kilosort INFO      
2026-07-18 05:17:02,199 kilosort.run_kilosort INFO     Resource usage before sorting
2026-07-18 05:17:02,199 kilosort.run_kilosort INFO     ********************************************************
2026-07-18 05:17:02,199 kilosort.run_kilosort INFO     CPU usage:    13.40 %
2026-07-18 05:17:02,199 kilosort.run_kilosort INFO     Mem used:     43.80 %     |       6.86 GB
2026-07-18 05:17:02,199 kilosort.run_kilosort INFO     Mem avail:     8.79 / 15.65 GB
2026-07-18 05:17:02,199 kilosort.run_kilosort INFO     ------------------------------------------------------
2026-07-18 05:17:02,199 kilosort.run_kilosort INFO     GPU usage:    `conda install pynvml` for GPU usage
2026-07-18 05:17:02,199 kilosort.run_kilosort INFO     GPU memory:   19.43 %     |      0.78   /     4.00 GB
2026-07-18 05:17:02,199 kilosort.run_kilosort INFO     Allocated:     0.00 %     |      0.00   /     4.00 GB
2026-07-18 05:17:02,199 kilosort.run_kilosort INFO     Max alloc:     0.00 %     |      0.00   /     4.00 GB
2026-07-18 05:17:02,199 kilosort.run_kilosort INFO     ********************************************************
2026-07-18 05:17:02,199 kilosort.run_kilosort DEBUG    
2026-07-18 05:17:02,199 kilosort.run_kilosort DEBUG    --------------------
2026-07-18 05:17:02,199 kilosort.run_kilosort DEBUG    Process thread count: N/A (linux only)
2026-07-18 05:17:02,199 kilosort.run_kilosort DEBUG    num torch threads: 8
2026-07-18 05:17:02,199 kilosort.run_kilosort DEBUG    --------------------

2026-07-18 05:17:02,199 kilosort.run_kilosort INFO      
2026-07-18 05:17:02,199 kilosort.run_kilosort INFO     Computing preprocessing variables.
2026-07-18 05:17:02,199 kilosort.run_kilosort INFO     ----------------------------------------
2026-07-18 05:17:02,742 kilosort.run_kilosort INFO     N samples: 6300000
2026-07-18 05:17:02,742 kilosort.run_kilosort INFO     N seconds: 210.0
2026-07-18 05:17:02,742 kilosort.run_kilosort INFO     N batches: 105
2026-07-18 05:17:06,477 kilosort.run_kilosort INFO     Preprocessing filters computed in 4.28s; total 4.73s
2026-07-18 05:17:06,492 kilosort.run_kilosort DEBUG    hp_filter shape: torch.Size([30122])
2026-07-18 05:17:06,492 kilosort.run_kilosort DEBUG    whiten_mat shape: torch.Size([383, 383])
2026-07-18 05:17:06,774 kilosort.run_kilosort DEBUG    First batch min, max: (np.float32(-3356.4502), np.float32(1954.2715))
2026-07-18 05:17:06,774 kilosort.run_kilosort INFO      
2026-07-18 05:17:06,774 kilosort.run_kilosort INFO     Resource usage after preprocessing
2026-07-18 05:17:06,774 kilosort.run_kilosort INFO     ********************************************************
2026-07-18 05:17:06,774 kilosort.run_kilosort INFO     CPU usage:    16.90 %
2026-07-18 05:17:06,774 kilosort.run_kilosort INFO     Mem used:     45.70 %     |       7.15 GB
2026-07-18 05:17:06,774 kilosort.run_kilosort INFO     Mem avail:     8.50 / 15.65 GB
2026-07-18 05:17:06,774 kilosort.run_kilosort INFO     ------------------------------------------------------
2026-07-18 05:17:06,774 kilosort.run_kilosort INFO     GPU usage:    `conda install pynvml` for GPU usage
2026-07-18 05:17:06,774 kilosort.run_kilosort INFO     GPU memory:   61.28 %     |      2.45   /     4.00 GB
2026-07-18 05:17:06,774 kilosort.run_kilosort INFO     Allocated:     0.21 %     |      0.01   /     4.00 GB
2026-07-18 05:17:06,774 kilosort.run_kilosort INFO     Max alloc:    32.60 %     |      1.30   /     4.00 GB
2026-07-18 05:17:06,774 kilosort.run_kilosort INFO     ********************************************************
2026-07-18 05:17:06,806 kilosort.run_kilosort INFO      
2026-07-18 05:17:06,806 kilosort.run_kilosort INFO     Computing drift correction.
2026-07-18 05:17:06,806 kilosort.run_kilosort INFO     ----------------------------------------
2026-07-18 05:17:06,806 kilosort.spikedetect INFO     Re-computing universal templates from data.
2026-07-18 05:17:09,517 kilosort.spikedetect INFO     Number of universal templates: 1532
2026-07-18 05:17:10,359 kilosort.spikedetect INFO     Detecting spikes...
2026-07-18 05:17:10,377 kilosort.spikedetect DEBUG     
2026-07-18 05:17:10,377 kilosort.spikedetect DEBUG    Batch 0 of 104 (0.0%)
2026-07-18 05:17:10,377 kilosort.spikedetect DEBUG    ********************************************************
2026-07-18 05:17:10,377 kilosort.spikedetect DEBUG    CPU usage:    21.70 %
2026-07-18 05:17:10,379 kilosort.spikedetect DEBUG    Mem used:     46.50 %     |       7.28 GB
2026-07-18 05:17:10,379 kilosort.spikedetect DEBUG    Mem avail:     8.37 / 15.65 GB
2026-07-18 05:17:10,379 kilosort.spikedetect DEBUG    ------------------------------------------------------
2026-07-18 05:17:10,379 kilosort.spikedetect DEBUG    GPU usage:    `conda install pynvml` for GPU usage
2026-07-18 05:17:10,381 kilosort.spikedetect DEBUG    GPU memory:   61.28 %     |      2.45   /     4.00 GB
2026-07-18 05:17:10,381 kilosort.spikedetect DEBUG    Allocated:     0.27 %     |      0.01   /     4.00 GB
2026-07-18 05:17:10,381 kilosort.spikedetect DEBUG    Max alloc:    32.60 %     |      1.30   /     4.00 GB
2026-07-18 05:17:10,381 kilosort.spikedetect DEBUG    ********************************************************
2026-07-18 05:41:14,659 kilosort.spikedetect DEBUG     
2026-07-18 05:41:14,659 kilosort.spikedetect DEBUG    Batch 104 of 104 (99.0%)
2026-07-18 05:41:14,659 kilosort.spikedetect DEBUG    ********************************************************
2026-07-18 05:41:14,659 kilosort.spikedetect DEBUG    CPU usage:    19.60 %
2026-07-18 05:41:14,659 kilosort.spikedetect DEBUG    Mem used:     62.60 %     |       9.80 GB
2026-07-18 05:41:14,659 kilosort.spikedetect DEBUG    Mem avail:     5.85 / 15.65 GB
2026-07-18 05:41:14,659 kilosort.spikedetect DEBUG    ------------------------------------------------------
2026-07-18 05:41:14,659 kilosort.spikedetect DEBUG    GPU usage:    `conda install pynvml` for GPU usage
2026-07-18 05:41:14,659 kilosort.spikedetect DEBUG    GPU memory:   25.54 %     |      1.02   /     4.00 GB
2026-07-18 05:41:14,659 kilosort.spikedetect DEBUG    Allocated:     2.55 %     |      0.10   /     4.00 GB
2026-07-18 05:41:14,659 kilosort.spikedetect DEBUG    Max alloc:    96.25 %     |      3.85   /     4.00 GB
2026-07-18 05:41:14,659 kilosort.spikedetect DEBUG    ********************************************************
2026-07-18 05:41:15,657 kilosort.run_kilosort INFO     drift computed in 1448.85s; total 1453.91s
2026-07-18 05:41:15,657 kilosort.run_kilosort DEBUG    st shape: (316905, 6)
2026-07-18 05:41:15,663 kilosort.run_kilosort DEBUG    yblk shape: (1,)
2026-07-18 05:41:15,663 kilosort.run_kilosort DEBUG    dshift shape: (105, 1)
2026-07-18 05:41:15,663 kilosort.run_kilosort DEBUG    iKxx shape: torch.Size([383, 383])
2026-07-18 05:41:15,665 kilosort.run_kilosort DEBUG    

|===========================================================================|
|                  PyTorch CUDA memory summary, device ID 0                 |
|---------------------------------------------------------------------------|
|            CUDA OOMs: 0            |        cudaMalloc retries: 0         |
|===========================================================================|
|        Metric         | Cur Usage  | Peak Usage | Tot Alloc  | Tot Freed  |
|---------------------------------------------------------------------------|
| Allocated memory      |  11832 KiB |   3941 MiB |  12330 GiB |  12330 GiB |
|---------------------------------------------------------------------------|
| Active memory         |  11832 KiB |   3941 MiB |  12330 GiB |  12330 GiB |
|---------------------------------------------------------------------------|
| Requested memory      |  11829 KiB |   3940 MiB |  12327 GiB |  12327 GiB |
|---------------------------------------------------------------------------|
| GPU reserved memory   | 192512 KiB |   4782 MiB | 476658 MiB | 476470 MiB |
|---------------------------------------------------------------------------|
| Non-releasable memory |  41415 KiB |   1451 MiB |   2930 GiB |   2930 GiB |
|---------------------------------------------------------------------------|
| Allocations           |       9    |      37    |   80294    |   80285    |
|---------------------------------------------------------------------------|
| Active allocs         |       9    |      37    |   80294    |   80285    |
|---------------------------------------------------------------------------|
| GPU reserved segments |       7    |      20    |    1330    |    1323    |
|---------------------------------------------------------------------------|
| Non-releasable allocs |       9    |      24    |   35380    |   35371    |
|---------------------------------------------------------------------------|
| Oversize allocations  |       0    |       0    |       0    |       0    |
|---------------------------------------------------------------------------|
| Oversize GPU segments |       0    |       0    |       0    |       0    |
|===========================================================================|


2026-07-18 05:41:15,665 kilosort.run_kilosort INFO      
2026-07-18 05:41:15,665 kilosort.run_kilosort INFO     Resource usage after drift correction
2026-07-18 05:41:15,667 kilosort.run_kilosort INFO     ********************************************************
2026-07-18 05:41:15,667 kilosort.run_kilosort INFO     CPU usage:     0.00 %
2026-07-18 05:41:15,667 kilosort.run_kilosort INFO     Mem used:     62.10 %     |       9.72 GB
2026-07-18 05:41:15,667 kilosort.run_kilosort INFO     Mem avail:     5.93 / 15.65 GB
2026-07-18 05:41:15,673 kilosort.run_kilosort INFO     ------------------------------------------------------
2026-07-18 05:41:15,673 kilosort.run_kilosort INFO     GPU usage:    `conda install pynvml` for GPU usage
2026-07-18 05:41:15,673 kilosort.run_kilosort INFO     GPU memory:   25.63 %     |      1.03   /     4.00 GB
2026-07-18 05:41:15,673 kilosort.run_kilosort INFO     Allocated:     0.28 %     |      0.01   /     4.00 GB
2026-07-18 05:41:15,673 kilosort.run_kilosort INFO     Max alloc:    96.25 %     |      3.85   /     4.00 GB
2026-07-18 05:41:15,673 kilosort.run_kilosort INFO     ********************************************************
2026-07-18 05:41:15,673 kilosort.run_kilosort DEBUG    
2026-07-18 05:41:15,673 kilosort.run_kilosort DEBUG    --------------------
2026-07-18 05:41:15,673 kilosort.run_kilosort DEBUG    Process thread count: N/A (linux only)
2026-07-18 05:41:15,673 kilosort.run_kilosort DEBUG    num torch threads: 8
2026-07-18 05:41:15,673 kilosort.run_kilosort DEBUG    --------------------

2026-07-18 05:41:15,673 kilosort.run_kilosort INFO     Generating drift plots ...
2026-07-18 05:41:39,290 kilosort.run_kilosort INFO      
2026-07-18 05:41:39,290 kilosort.run_kilosort INFO     Extracting spikes using templates
2026-07-18 05:41:39,290 kilosort.run_kilosort INFO     ----------------------------------------
2026-07-18 05:41:39,290 kilosort.spikedetect INFO     Re-computing universal templates from data.
2026-07-18 05:41:43,983 kilosort.spikedetect INFO     Number of universal templates: 1532
2026-07-18 05:41:44,626 kilosort.spikedetect INFO     Detecting spikes...
2026-07-18 05:41:44,626 kilosort.spikedetect DEBUG     
2026-07-18 05:41:44,626 kilosort.spikedetect DEBUG    Batch 0 of 104 (0.0%)
2026-07-18 05:41:44,626 kilosort.spikedetect DEBUG    ********************************************************
2026-07-18 05:41:44,626 kilosort.spikedetect DEBUG    CPU usage:    15.50 %
2026-07-18 05:41:44,626 kilosort.spikedetect DEBUG    Mem used:     59.70 %     |       9.35 GB
2026-07-18 05:41:44,626 kilosort.spikedetect DEBUG    Mem avail:     6.30 / 15.65 GB
2026-07-18 05:41:44,626 kilosort.spikedetect DEBUG    ------------------------------------------------------
2026-07-18 05:41:44,626 kilosort.spikedetect DEBUG    GPU usage:    `conda install pynvml` for GPU usage
2026-07-18 05:41:44,626 kilosort.spikedetect DEBUG    GPU memory:   62.55 %     |      2.50   /     4.00 GB
2026-07-18 05:41:44,626 kilosort.spikedetect DEBUG    Allocated:     0.34 %     |      0.01   /     4.00 GB
2026-07-18 05:41:44,626 kilosort.spikedetect DEBUG    Max alloc:    32.67 %     |      1.31   /     4.00 GB
2026-07-18 05:41:44,626 kilosort.spikedetect DEBUG    ********************************************************
2026-07-18 06:03:26,102 kilosort.spikedetect DEBUG     
2026-07-18 06:03:26,102 kilosort.spikedetect DEBUG    Batch 104 of 104 (99.0%)
2026-07-18 06:03:26,102 kilosort.spikedetect DEBUG    ********************************************************
2026-07-18 06:03:26,102 kilosort.spikedetect DEBUG    CPU usage:    18.10 %
2026-07-18 06:03:26,102 kilosort.spikedetect DEBUG    Mem used:     59.50 %     |       9.32 GB
2026-07-18 06:03:26,102 kilosort.spikedetect DEBUG    Mem avail:     6.33 / 15.65 GB
2026-07-18 06:03:26,102 kilosort.spikedetect DEBUG    ------------------------------------------------------
2026-07-18 06:03:26,102 kilosort.spikedetect DEBUG    GPU usage:    `conda install pynvml` for GPU usage
2026-07-18 06:03:26,102 kilosort.spikedetect DEBUG    GPU memory:   24.46 %     |      0.98   /     4.00 GB
2026-07-18 06:03:26,102 kilosort.spikedetect DEBUG    Allocated:     2.61 %     |      0.10   /     4.00 GB
2026-07-18 06:03:26,102 kilosort.spikedetect DEBUG    Max alloc:    96.32 %     |      3.85   /     4.00 GB
2026-07-18 06:03:26,102 kilosort.spikedetect DEBUG    ********************************************************
2026-07-18 06:03:26,112 kilosort.run_kilosort INFO     315137 spikes extracted in 1306.82s; total 2784.36s
2026-07-18 06:03:26,112 kilosort.run_kilosort DEBUG    st0 shape: (315137, 6)
2026-07-18 06:03:26,112 kilosort.run_kilosort DEBUG    tF shape: torch.Size([315137, 25, 3])
2026-07-18 06:03:26,112 kilosort.run_kilosort INFO      
2026-07-18 06:03:26,112 kilosort.run_kilosort INFO     Resource usage after spike detect (univ)
2026-07-18 06:03:26,112 kilosort.run_kilosort INFO     ********************************************************
2026-07-18 06:03:26,112 kilosort.run_kilosort INFO     CPU usage:     0.00 %
2026-07-18 06:03:26,112 kilosort.run_kilosort INFO     Mem used:     59.40 %     |       9.30 GB
2026-07-18 06:03:26,112 kilosort.run_kilosort INFO     Mem avail:     6.35 / 15.65 GB
2026-07-18 06:03:26,112 kilosort.run_kilosort INFO     ------------------------------------------------------
2026-07-18 06:03:26,112 kilosort.run_kilosort INFO     GPU usage:    `conda install pynvml` for GPU usage
2026-07-18 06:03:26,112 kilosort.run_kilosort INFO     GPU memory:   24.46 %     |      0.98   /     4.00 GB
2026-07-18 06:03:26,112 kilosort.run_kilosort INFO     Allocated:     0.28 %     |      0.01   /     4.00 GB
2026-07-18 06:03:26,112 kilosort.run_kilosort INFO     Max alloc:    96.32 %     |      3.85   /     4.00 GB
2026-07-18 06:03:26,112 kilosort.run_kilosort INFO     ********************************************************
2026-07-18 06:03:26,112 kilosort.run_kilosort DEBUG    
2026-07-18 06:03:26,112 kilosort.run_kilosort DEBUG    --------------------
2026-07-18 06:03:26,112 kilosort.run_kilosort DEBUG    Process thread count: N/A (linux only)
2026-07-18 06:03:26,112 kilosort.run_kilosort DEBUG    num torch threads: 8
2026-07-18 06:03:26,112 kilosort.run_kilosort DEBUG    --------------------

2026-07-18 06:03:26,112 kilosort.run_kilosort INFO      
2026-07-18 06:03:26,112 kilosort.run_kilosort INFO     First clustering
2026-07-18 06:03:26,112 kilosort.run_kilosort INFO     ----------------------------------------
2026-07-18 06:03:26,490 kilosort.clustering_qr DEBUG    Center 0 | Xd shape: torch.Size([2442, 78]) | ntemp: 16
2026-07-18 06:03:29,331 kilosort.clustering_qr DEBUG    Center 1 | Xd shape: torch.Size([1581, 78]) | ntemp: 16
2026-07-18 06:03:33,395 kilosort.clustering_qr DEBUG    Center 2 | Xd shape: torch.Size([1002, 78]) | ntemp: 16
2026-07-18 06:03:35,344 kilosort.clustering_qr DEBUG    Center 3 | Xd shape: torch.Size([573, 90]) | ntemp: 16
2026-07-18 06:03:35,395 kilosort.clustering_qr DEBUG    Center 4 | Xd shape: torch.Size([1027, 90]) | ntemp: 16
2026-07-18 06:03:36,762 kilosort.clustering_qr DEBUG    Center 5 | Xd shape: torch.Size([2404, 90]) | ntemp: 16
2026-07-18 06:03:38,358 kilosort.clustering_qr DEBUG    Center 6 | Xd shape: torch.Size([3071, 90]) | ntemp: 16
2026-07-18 06:03:39,817 kilosort.clustering_qr DEBUG    Center 7 | Xd shape: torch.Size([2733, 90]) | ntemp: 16
2026-07-18 06:03:41,380 kilosort.clustering_qr DEBUG    Center 8 | Xd shape: torch.Size([1476, 90]) | ntemp: 16
2026-07-18 06:03:43,140 kilosort.clustering_qr DEBUG     
2026-07-18 06:03:43,140 kilosort.clustering_qr DEBUG    Cluster center: 9 (10/96)
2026-07-18 06:03:43,140 kilosort.clustering_qr DEBUG    ********************************************************
2026-07-18 06:03:43,140 kilosort.clustering_qr DEBUG    CPU usage:    18.20 %
2026-07-18 06:03:43,140 kilosort.clustering_qr DEBUG    Mem used:     59.00 %     |       9.24 GB
2026-07-18 06:03:43,140 kilosort.clustering_qr DEBUG    Mem avail:     6.41 / 15.65 GB
2026-07-18 06:03:43,140 kilosort.clustering_qr DEBUG    ------------------------------------------------------
2026-07-18 06:03:43,140 kilosort.clustering_qr DEBUG    GPU usage:    `conda install pynvml` for GPU usage
2026-07-18 06:03:43,140 kilosort.clustering_qr DEBUG    GPU memory:   22.31 %     |      0.89   /     4.00 GB
2026-07-18 06:03:43,140 kilosort.clustering_qr DEBUG    Allocated:     0.28 %     |      0.01   /     4.00 GB
2026-07-18 06:03:43,140 kilosort.clustering_qr DEBUG    Max alloc:     0.50 %     |      0.02   /     4.00 GB
2026-07-18 06:03:43,140 kilosort.clustering_qr DEBUG    ********************************************************
2026-07-18 06:03:43,181 kilosort.clustering_qr DEBUG    Center 9 | Xd shape: torch.Size([1592, 90]) | ntemp: 16
2026-07-18 06:03:44,683 kilosort.clustering_qr DEBUG    Center 10 | Xd shape: torch.Size([2264, 90]) | ntemp: 16
2026-07-18 06:03:46,722 kilosort.clustering_qr DEBUG    Center 11 | Xd shape: torch.Size([2501, 90]) | ntemp: 16
2026-07-18 06:03:48,564 kilosort.clustering_qr DEBUG    Center 12 | Xd shape: torch.Size([2760, 90]) | ntemp: 16
2026-07-18 06:03:50,266 kilosort.clustering_qr DEBUG    Center 13 | Xd shape: torch.Size([2651, 90]) | ntemp: 16
2026-07-18 06:03:52,250 kilosort.clustering_qr DEBUG    Center 14 | Xd shape: torch.Size([2147, 90]) | ntemp: 16
2026-07-18 06:03:53,881 kilosort.clustering_qr DEBUG    Center 15 | Xd shape: torch.Size([3595, 90]) | ntemp: 16
2026-07-18 06:03:55,570 kilosort.clustering_qr DEBUG    Center 16 | Xd shape: torch.Size([3815, 90]) | ntemp: 16
2026-07-18 06:03:57,347 kilosort.clustering_qr DEBUG    Center 17 | Xd shape: torch.Size([1776, 90]) | ntemp: 16
2026-07-18 06:03:59,425 kilosort.clustering_qr DEBUG    Center 18 | Xd shape: torch.Size([2856, 90]) | ntemp: 16
2026-07-18 06:04:01,272 kilosort.clustering_qr DEBUG     
2026-07-18 06:04:01,277 kilosort.clustering_qr DEBUG    Cluster center: 19 (20/96)
2026-07-18 06:04:01,277 kilosort.clustering_qr DEBUG    ********************************************************
2026-07-18 06:04:01,277 kilosort.clustering_qr DEBUG    CPU usage:    19.70 %
2026-07-18 06:04:01,277 kilosort.clustering_qr DEBUG    Mem used:     59.00 %     |       9.23 GB
2026-07-18 06:04:01,277 kilosort.clustering_qr DEBUG    Mem avail:     6.42 / 15.65 GB
2026-07-18 06:04:01,277 kilosort.clustering_qr DEBUG    ------------------------------------------------------
2026-07-18 06:04:01,277 kilosort.clustering_qr DEBUG    GPU usage:    `conda install pynvml` for GPU usage
2026-07-18 06:04:01,277 kilosort.clustering_qr DEBUG    GPU memory:   22.31 %     |      0.89   /     4.00 GB
2026-07-18 06:04:01,277 kilosort.clustering_qr DEBUG    Allocated:     0.28 %     |      0.01   /     4.00 GB
2026-07-18 06:04:01,277 kilosort.clustering_qr DEBUG    Max alloc:     0.55 %     |      0.02   /     4.00 GB
2026-07-18 06:04:01,277 kilosort.clustering_qr DEBUG    ********************************************************
2026-07-18 06:04:01,321 kilosort.clustering_qr DEBUG    Center 19 | Xd shape: torch.Size([3422, 90]) | ntemp: 16
2026-07-18 06:04:03,092 kilosort.clustering_qr DEBUG    Center 20 | Xd shape: torch.Size([4395, 90]) | ntemp: 16
2026-07-18 06:04:04,759 kilosort.clustering_qr DEBUG    Center 21 | Xd shape: torch.Size([9197, 90]) | ntemp: 16
2026-07-18 06:04:06,779 kilosort.clustering_qr DEBUG    Center 22 | Xd shape: torch.Size([4075, 90]) | ntemp: 16
2026-07-18 06:04:08,707 kilosort.clustering_qr DEBUG    Center 23 | Xd shape: torch.Size([4801, 90]) | ntemp: 16
2026-07-18 06:04:10,326 kilosort.clustering_qr DEBUG    Center 24 | Xd shape: torch.Size([2419, 90]) | ntemp: 16
2026-07-18 06:04:12,042 kilosort.clustering_qr DEBUG    Center 25 | Xd shape: torch.Size([7074, 90]) | ntemp: 16
2026-07-18 06:04:13,636 kilosort.clustering_qr DEBUG    Center 26 | Xd shape: torch.Size([2295, 90]) | ntemp: 16
2026-07-18 06:04:15,389 kilosort.clustering_qr DEBUG    Center 27 | Xd shape: torch.Size([3732, 90]) | ntemp: 16
2026-07-18 06:04:16,711 kilosort.clustering_qr DEBUG    Center 28 | Xd shape: torch.Size([3564, 90]) | ntemp: 16
2026-07-18 06:04:18,586 kilosort.clustering_qr DEBUG     
2026-07-18 06:04:18,586 kilosort.clustering_qr DEBUG    Cluster center: 29 (30/96)
2026-07-18 06:04:18,596 kilosort.clustering_qr DEBUG    ********************************************************
2026-07-18 06:04:18,596 kilosort.clustering_qr DEBUG    CPU usage:    20.00 %
2026-07-18 06:04:18,596 kilosort.clustering_qr DEBUG    Mem used:     58.90 %     |       9.22 GB
2026-07-18 06:04:18,596 kilosort.clustering_qr DEBUG    Mem avail:     6.43 / 15.65 GB
2026-07-18 06:04:18,596 kilosort.clustering_qr DEBUG    ------------------------------------------------------
2026-07-18 06:04:18,596 kilosort.clustering_qr DEBUG    GPU usage:    `conda install pynvml` for GPU usage
2026-07-18 06:04:18,596 kilosort.clustering_qr DEBUG    GPU memory:   22.31 %     |      0.89   /     4.00 GB
2026-07-18 06:04:18,596 kilosort.clustering_qr DEBUG    Allocated:     0.28 %     |      0.01   /     4.00 GB
2026-07-18 06:04:18,596 kilosort.clustering_qr DEBUG    Max alloc:     0.92 %     |      0.04   /     4.00 GB
2026-07-18 06:04:18,596 kilosort.clustering_qr DEBUG    ********************************************************
2026-07-18 06:04:18,627 kilosort.clustering_qr DEBUG    Center 29 | Xd shape: torch.Size([3661, 90]) | ntemp: 16
2026-07-18 06:04:20,402 kilosort.clustering_qr DEBUG    Center 30 | Xd shape: torch.Size([4330, 90]) | ntemp: 16
2026-07-18 06:04:22,166 kilosort.clustering_qr DEBUG    Center 31 | Xd shape: torch.Size([992, 90]) | ntemp: 16
2026-07-18 06:04:22,187 kilosort.clustering_qr DEBUG    Center 32 | Xd shape: torch.Size([1122, 90]) | ntemp: 16
2026-07-18 06:04:24,200 kilosort.clustering_qr DEBUG    Center 33 | Xd shape: torch.Size([1645, 90]) | ntemp: 16
2026-07-18 06:04:26,313 kilosort.clustering_qr DEBUG    Center 34 | Xd shape: torch.Size([2562, 90]) | ntemp: 16
2026-07-18 06:04:28,226 kilosort.clustering_qr DEBUG    Center 35 | Xd shape: torch.Size([1833, 90]) | ntemp: 16
2026-07-18 06:04:29,882 kilosort.clustering_qr DEBUG    Center 36 | Xd shape: torch.Size([1675, 90]) | ntemp: 16
2026-07-18 06:04:31,784 kilosort.clustering_qr DEBUG    Center 37 | Xd shape: torch.Size([1527, 90]) | ntemp: 16
2026-07-18 06:04:33,735 kilosort.clustering_qr DEBUG    Center 38 | Xd shape: torch.Size([834, 90]) | ntemp: 16
2026-07-18 06:04:33,756 kilosort.clustering_qr DEBUG     
2026-07-18 06:04:33,756 kilosort.clustering_qr DEBUG    Cluster center: 39 (40/96)
2026-07-18 06:04:33,756 kilosort.clustering_qr DEBUG    ********************************************************
2026-07-18 06:04:33,756 kilosort.clustering_qr DEBUG    CPU usage:    19.40 %
2026-07-18 06:04:33,756 kilosort.clustering_qr DEBUG    Mem used:     59.00 %     |       9.23 GB
2026-07-18 06:04:33,756 kilosort.clustering_qr DEBUG    Mem avail:     6.42 / 15.65 GB
2026-07-18 06:04:33,756 kilosort.clustering_qr DEBUG    ------------------------------------------------------
2026-07-18 06:04:33,756 kilosort.clustering_qr DEBUG    GPU usage:    `conda install pynvml` for GPU usage
2026-07-18 06:04:33,756 kilosort.clustering_qr DEBUG    GPU memory:   22.31 %     |      0.89   /     4.00 GB
2026-07-18 06:04:33,756 kilosort.clustering_qr DEBUG    Allocated:     0.28 %     |      0.01   /     4.00 GB
2026-07-18 06:04:33,756 kilosort.clustering_qr DEBUG    Max alloc:     0.92 %     |      0.04   /     4.00 GB
2026-07-18 06:04:33,756 kilosort.clustering_qr DEBUG    ********************************************************
2026-07-18 06:04:33,787 kilosort.clustering_qr DEBUG    Center 39 | Xd shape: torch.Size([1192, 90]) | ntemp: 16
2026-07-18 06:04:35,768 kilosort.clustering_qr DEBUG    Center 40 | Xd shape: torch.Size([2838, 90]) | ntemp: 16
2026-07-18 06:04:38,015 kilosort.clustering_qr DEBUG    Center 41 | Xd shape: torch.Size([2935, 90]) | ntemp: 16
2026-07-18 06:04:39,843 kilosort.clustering_qr DEBUG    Center 42 | Xd shape: torch.Size([3264, 90]) | ntemp: 16
2026-07-18 06:04:41,782 kilosort.clustering_qr DEBUG    Center 43 | Xd shape: torch.Size([1803, 90]) | ntemp: 16
2026-07-18 06:04:43,399 kilosort.clustering_qr DEBUG    Center 44 | Xd shape: torch.Size([2113, 87]) | ntemp: 16
2026-07-18 06:04:45,204 kilosort.clustering_qr DEBUG    Center 45 | Xd shape: torch.Size([2637, 87]) | ntemp: 16
2026-07-18 06:04:47,040 kilosort.clustering_qr DEBUG    Center 46 | Xd shape: torch.Size([5159, 87]) | ntemp: 16
2026-07-18 06:04:48,685 kilosort.clustering_qr DEBUG    Center 47 | Xd shape: torch.Size([3775, 87]) | ntemp: 16
2026-07-18 06:04:50,663 kilosort.clustering_qr DEBUG    Center 48 | Xd shape: torch.Size([6710, 87]) | ntemp: 16
2026-07-18 06:04:52,365 kilosort.clustering_qr DEBUG     
2026-07-18 06:04:52,365 kilosort.clustering_qr DEBUG    Cluster center: 49 (50/96)
2026-07-18 06:04:52,365 kilosort.clustering_qr DEBUG    ********************************************************
2026-07-18 06:04:52,365 kilosort.clustering_qr DEBUG    CPU usage:    19.50 %
2026-07-18 06:04:52,365 kilosort.clustering_qr DEBUG    Mem used:     59.00 %     |       9.23 GB
2026-07-18 06:04:52,365 kilosort.clustering_qr DEBUG    Mem avail:     6.42 / 15.65 GB
2026-07-18 06:04:52,365 kilosort.clustering_qr DEBUG    ------------------------------------------------------
2026-07-18 06:04:52,365 kilosort.clustering_qr DEBUG    GPU usage:    `conda install pynvml` for GPU usage
2026-07-18 06:04:52,365 kilosort.clustering_qr DEBUG    GPU memory:   22.31 %     |      0.89   /     4.00 GB
2026-07-18 06:04:52,365 kilosort.clustering_qr DEBUG    Allocated:     0.28 %     |      0.01   /     4.00 GB
2026-07-18 06:04:52,365 kilosort.clustering_qr DEBUG    Max alloc:     0.92 %     |      0.04   /     4.00 GB
2026-07-18 06:04:52,365 kilosort.clustering_qr DEBUG    ********************************************************
2026-07-18 06:04:52,407 kilosort.clustering_qr DEBUG    Center 49 | Xd shape: torch.Size([5957, 87]) | ntemp: 16
2026-07-18 06:04:54,002 kilosort.clustering_qr DEBUG    Center 50 | Xd shape: torch.Size([14425, 87]) | ntemp: 16
2026-07-18 06:04:55,756 kilosort.clustering_qr DEBUG    Center 51 | Xd shape: torch.Size([2951, 90]) | ntemp: 16
2026-07-18 06:04:57,545 kilosort.clustering_qr DEBUG    Center 52 | Xd shape: torch.Size([7067, 90]) | ntemp: 16
2026-07-18 06:04:59,106 kilosort.clustering_qr DEBUG    Center 53 | Xd shape: torch.Size([12064, 90]) | ntemp: 16
2026-07-18 06:05:00,965 kilosort.clustering_qr DEBUG    Center 54 | Xd shape: torch.Size([20853, 90]) | ntemp: 16
2026-07-18 06:05:03,094 kilosort.clustering_qr DEBUG    Center 55 | Xd shape: torch.Size([4508, 90]) | ntemp: 16
2026-07-18 06:05:04,727 kilosort.clustering_qr DEBUG    Center 56 | Xd shape: torch.Size([5546, 90]) | ntemp: 16
2026-07-18 06:05:06,255 kilosort.clustering_qr DEBUG    Center 57 | Xd shape: torch.Size([8316, 90]) | ntemp: 16
2026-07-18 06:05:08,333 kilosort.clustering_qr DEBUG    Center 58 | Xd shape: torch.Size([9001, 90]) | ntemp: 16
2026-07-18 06:05:10,086 kilosort.clustering_qr DEBUG     
2026-07-18 06:05:10,086 kilosort.clustering_qr DEBUG    Cluster center: 59 (60/96)
2026-07-18 06:05:10,086 kilosort.clustering_qr DEBUG    ********************************************************
2026-07-18 06:05:10,086 kilosort.clustering_qr DEBUG    CPU usage:    22.30 %
2026-07-18 06:05:10,086 kilosort.clustering_qr DEBUG    Mem used:     59.60 %     |       9.32 GB
2026-07-18 06:05:10,086 kilosort.clustering_qr DEBUG    Mem avail:     6.32 / 15.65 GB
2026-07-18 06:05:10,086 kilosort.clustering_qr DEBUG    ------------------------------------------------------
2026-07-18 06:05:10,086 kilosort.clustering_qr DEBUG    GPU usage:    `conda install pynvml` for GPU usage
2026-07-18 06:05:10,086 kilosort.clustering_qr DEBUG    GPU memory:   22.31 %     |      0.89   /     4.00 GB
2026-07-18 06:05:10,086 kilosort.clustering_qr DEBUG    Allocated:     0.28 %     |      0.01   /     4.00 GB
2026-07-18 06:05:10,096 kilosort.clustering_qr DEBUG    Max alloc:     1.73 %     |      0.07   /     4.00 GB
2026-07-18 06:05:10,096 kilosort.clustering_qr DEBUG    ********************************************************
2026-07-18 06:05:10,127 kilosort.clustering_qr DEBUG    Center 59 | Xd shape: torch.Size([8427, 90]) | ntemp: 16
2026-07-18 06:05:11,755 kilosort.clustering_qr DEBUG    Center 60 | Xd shape: torch.Size([6884, 90]) | ntemp: 16
2026-07-18 06:05:13,382 kilosort.clustering_qr DEBUG    Center 61 | Xd shape: torch.Size([5074, 90]) | ntemp: 16
2026-07-18 06:05:14,876 kilosort.clustering_qr DEBUG    Center 62 | Xd shape: torch.Size([8284, 90]) | ntemp: 16
2026-07-18 06:05:16,443 kilosort.clustering_qr DEBUG    Center 63 | Xd shape: torch.Size([5162, 90]) | ntemp: 16
2026-07-18 06:05:17,838 kilosort.clustering_qr DEBUG    Center 64 | Xd shape: torch.Size([5380, 90]) | ntemp: 16
2026-07-18 06:05:19,303 kilosort.clustering_qr DEBUG    Center 65 | Xd shape: torch.Size([7214, 90]) | ntemp: 16
2026-07-18 06:05:20,746 kilosort.clustering_qr DEBUG    Center 66 | Xd shape: torch.Size([2311, 90]) | ntemp: 16
2026-07-18 06:05:21,909 kilosort.clustering_qr DEBUG    Center 67 | Xd shape: torch.Size([3732, 90]) | ntemp: 16
2026-07-18 06:05:23,249 kilosort.clustering_qr DEBUG    Center 68 | Xd shape: torch.Size([2512, 90]) | ntemp: 16
2026-07-18 06:05:24,357 kilosort.clustering_qr DEBUG     
2026-07-18 06:05:24,367 kilosort.clustering_qr DEBUG    Cluster center: 69 (70/96)
2026-07-18 06:05:24,367 kilosort.clustering_qr DEBUG    ********************************************************
2026-07-18 06:05:24,367 kilosort.clustering_qr DEBUG    CPU usage:    19.70 %
2026-07-18 06:05:24,367 kilosort.clustering_qr DEBUG    Mem used:     59.30 %     |       9.29 GB
2026-07-18 06:05:24,367 kilosort.clustering_qr DEBUG    Mem avail:     6.36 / 15.65 GB
2026-07-18 06:05:24,367 kilosort.clustering_qr DEBUG    ------------------------------------------------------
2026-07-18 06:05:24,367 kilosort.clustering_qr DEBUG    GPU usage:    `conda install pynvml` for GPU usage
2026-07-18 06:05:24,367 kilosort.clustering_qr DEBUG    GPU memory:   22.31 %     |      0.89   /     4.00 GB
2026-07-18 06:05:24,367 kilosort.clustering_qr DEBUG    Allocated:     0.28 %     |      0.01   /     4.00 GB
2026-07-18 06:05:24,367 kilosort.clustering_qr DEBUG    Max alloc:     1.73 %     |      0.07   /     4.00 GB
2026-07-18 06:05:24,367 kilosort.clustering_qr DEBUG    ********************************************************
2026-07-18 06:05:24,398 kilosort.clustering_qr DEBUG    Center 69 | Xd shape: torch.Size([2364, 90]) | ntemp: 16
2026-07-18 06:05:25,746 kilosort.clustering_qr DEBUG    Center 70 | Xd shape: torch.Size([1650, 90]) | ntemp: 16
2026-07-18 06:05:27,067 kilosort.clustering_qr DEBUG    Center 71 | Xd shape: torch.Size([1563, 90]) | ntemp: 16
2026-07-18 06:05:28,518 kilosort.clustering_qr DEBUG    Center 72 | Xd shape: torch.Size([1262, 90]) | ntemp: 16
2026-07-18 06:05:29,682 kilosort.clustering_qr DEBUG    Center 73 | Xd shape: torch.Size([1978, 90]) | ntemp: 16
2026-07-18 06:05:31,149 kilosort.clustering_qr DEBUG    Center 74 | Xd shape: torch.Size([937, 90]) | ntemp: 16
2026-07-18 06:05:31,169 kilosort.clustering_qr DEBUG    Center 75 | Xd shape: torch.Size([796, 90]) | ntemp: 16
2026-07-18 06:05:31,190 kilosort.clustering_qr DEBUG    Center 76 | Xd shape: torch.Size([948, 90]) | ntemp: 16
2026-07-18 06:05:31,200 kilosort.clustering_qr DEBUG    Center 77 | Xd shape: torch.Size([871, 90]) | ntemp: 16
2026-07-18 06:05:31,221 kilosort.clustering_qr DEBUG    Center 78 | Xd shape: torch.Size([1368, 90]) | ntemp: 16
2026-07-18 06:05:32,564 kilosort.clustering_qr DEBUG     
2026-07-18 06:05:32,564 kilosort.clustering_qr DEBUG    Cluster center: 79 (80/96)
2026-07-18 06:05:32,564 kilosort.clustering_qr DEBUG    ********************************************************
2026-07-18 06:05:32,564 kilosort.clustering_qr DEBUG    CPU usage:    19.40 %
2026-07-18 06:05:32,564 kilosort.clustering_qr DEBUG    Mem used:     59.30 %     |       9.29 GB
2026-07-18 06:05:32,564 kilosort.clustering_qr DEBUG    Mem avail:     6.36 / 15.65 GB
2026-07-18 06:05:32,564 kilosort.clustering_qr DEBUG    ------------------------------------------------------
2026-07-18 06:05:32,564 kilosort.clustering_qr DEBUG    GPU usage:    `conda install pynvml` for GPU usage
2026-07-18 06:05:32,564 kilosort.clustering_qr DEBUG    GPU memory:   22.31 %     |      0.89   /     4.00 GB
2026-07-18 06:05:32,564 kilosort.clustering_qr DEBUG    Allocated:     0.28 %     |      0.01   /     4.00 GB
2026-07-18 06:05:32,564 kilosort.clustering_qr DEBUG    Max alloc:     1.73 %     |      0.07   /     4.00 GB
2026-07-18 06:05:32,564 kilosort.clustering_qr DEBUG    ********************************************************
2026-07-18 06:05:32,595 kilosort.clustering_qr DEBUG    Center 79 | Xd shape: torch.Size([1237, 90]) | ntemp: 16
2026-07-18 06:05:33,771 kilosort.clustering_qr DEBUG    Center 80 | Xd shape: torch.Size([810, 90]) | ntemp: 16
2026-07-18 06:05:33,792 kilosort.clustering_qr DEBUG    Center 81 | Xd shape: torch.Size([751, 90]) | ntemp: 16
2026-07-18 06:05:33,813 kilosort.clustering_qr DEBUG    Center 82 | Xd shape: torch.Size([677, 90]) | ntemp: 16
2026-07-18 06:05:33,834 kilosort.clustering_qr DEBUG    Center 83 | Xd shape: torch.Size([900, 90]) | ntemp: 16
2026-07-18 06:05:33,864 kilosort.clustering_qr DEBUG    Center 84 | Xd shape: torch.Size([1521, 90]) | ntemp: 16
2026-07-18 06:05:35,262 kilosort.clustering_qr DEBUG    Center 85 | Xd shape: torch.Size([1230, 90]) | ntemp: 16
2026-07-18 06:05:36,719 kilosort.clustering_qr DEBUG    Center 86 | Xd shape: torch.Size([776, 90]) | ntemp: 16
2026-07-18 06:05:36,739 kilosort.clustering_qr DEBUG    Center 87 | Xd shape: torch.Size([733, 90]) | ntemp: 16
2026-07-18 06:05:36,770 kilosort.clustering_qr DEBUG    Center 88 | Xd shape: torch.Size([795, 90]) | ntemp: 16
2026-07-18 06:05:36,770 kilosort.clustering_qr DEBUG     
2026-07-18 06:05:36,770 kilosort.clustering_qr DEBUG    Cluster center: 89 (90/96)
2026-07-18 06:05:36,770 kilosort.clustering_qr DEBUG    ********************************************************
2026-07-18 06:05:36,770 kilosort.clustering_qr DEBUG    CPU usage:    19.70 %
2026-07-18 06:05:36,770 kilosort.clustering_qr DEBUG    Mem used:     59.40 %     |       9.30 GB
2026-07-18 06:05:36,770 kilosort.clustering_qr DEBUG    Mem avail:     6.35 / 15.65 GB
2026-07-18 06:05:36,770 kilosort.clustering_qr DEBUG    ------------------------------------------------------
2026-07-18 06:05:36,770 kilosort.clustering_qr DEBUG    GPU usage:    `conda install pynvml` for GPU usage
2026-07-18 06:05:36,770 kilosort.clustering_qr DEBUG    GPU memory:   22.31 %     |      0.89   /     4.00 GB
2026-07-18 06:05:36,770 kilosort.clustering_qr DEBUG    Allocated:     0.28 %     |      0.01   /     4.00 GB
2026-07-18 06:05:36,770 kilosort.clustering_qr DEBUG    Max alloc:     1.73 %     |      0.07   /     4.00 GB
2026-07-18 06:05:36,770 kilosort.clustering_qr DEBUG    ********************************************************
2026-07-18 06:05:36,801 kilosort.clustering_qr DEBUG    Center 89 | Xd shape: torch.Size([1042, 90]) | ntemp: 16
2026-07-18 06:05:38,164 kilosort.clustering_qr DEBUG    Center 90 | Xd shape: torch.Size([1563, 90]) | ntemp: 16
2026-07-18 06:05:39,599 kilosort.clustering_qr DEBUG    Center 91 | Xd shape: torch.Size([1280, 90]) | ntemp: 16
2026-07-18 06:05:40,357 kilosort.clustering_qr DEBUG    Center 92 | Xd shape: torch.Size([863, 84]) | ntemp: 16
2026-07-18 06:05:40,390 kilosort.clustering_qr DEBUG    Center 93 | Xd shape: torch.Size([794, 78]) | ntemp: 16
2026-07-18 06:05:40,409 kilosort.clustering_qr DEBUG    Center 94 | Xd shape: torch.Size([770, 78]) | ntemp: 16
2026-07-18 06:05:40,419 kilosort.clustering_qr DEBUG    Center 95 | Xd shape: torch.Size([143, 78]) | ntemp: 12
2026-07-18 06:05:41,149 kilosort.run_kilosort INFO     232 clusters found, in 135.04s; total 2919.40s
2026-07-18 06:05:41,149 kilosort.run_kilosort DEBUG    clu shape: (315137,)
2026-07-18 06:05:41,149 kilosort.run_kilosort DEBUG    Wall shape: torch.Size([232, 383, 3])
2026-07-18 06:05:41,149 kilosort.run_kilosort INFO      
2026-07-18 06:05:41,149 kilosort.run_kilosort INFO     Resource usage after first clustering
2026-07-18 06:05:41,149 kilosort.run_kilosort INFO     ********************************************************
2026-07-18 06:05:41,149 kilosort.run_kilosort INFO     CPU usage:     0.00 %
2026-07-18 06:05:41,149 kilosort.run_kilosort INFO     Mem used:     59.40 %     |       9.29 GB
2026-07-18 06:05:41,149 kilosort.run_kilosort INFO     Mem avail:     6.36 / 15.65 GB
2026-07-18 06:05:41,149 kilosort.run_kilosort INFO     ------------------------------------------------------
2026-07-18 06:05:41,149 kilosort.run_kilosort INFO     GPU usage:    `conda install pynvml` for GPU usage
2026-07-18 06:05:41,149 kilosort.run_kilosort INFO     GPU memory:   29.59 %     |      1.18   /     4.00 GB
2026-07-18 06:05:41,149 kilosort.run_kilosort INFO     Allocated:     0.30 %     |      0.01   /     4.00 GB
2026-07-18 06:05:41,149 kilosort.run_kilosort INFO     Max alloc:     6.87 %     |      0.27   /     4.00 GB
2026-07-18 06:05:41,149 kilosort.run_kilosort INFO     ********************************************************
2026-07-18 06:05:41,149 kilosort.run_kilosort DEBUG    
2026-07-18 06:05:41,149 kilosort.run_kilosort DEBUG    --------------------
2026-07-18 06:05:41,149 kilosort.run_kilosort DEBUG    Process thread count: N/A (linux only)
2026-07-18 06:05:41,149 kilosort.run_kilosort DEBUG    num torch threads: 8
2026-07-18 06:05:41,149 kilosort.run_kilosort DEBUG    --------------------

2026-07-18 06:05:41,149 kilosort.run_kilosort INFO      
2026-07-18 06:05:41,149 kilosort.run_kilosort INFO     Extracting spikes using cluster waveforms
2026-07-18 06:05:41,149 kilosort.run_kilosort INFO     ----------------------------------------
2026-07-18 06:05:41,230 kilosort.template_matching DEBUG     
2026-07-18 06:05:41,230 kilosort.template_matching DEBUG    Batch 0
2026-07-18 06:05:41,230 kilosort.template_matching DEBUG    ********************************************************
2026-07-18 06:05:41,230 kilosort.template_matching DEBUG    CPU usage:    20.00 %
2026-07-18 06:05:41,230 kilosort.template_matching DEBUG    Mem used:     61.10 %     |       9.57 GB
2026-07-18 06:05:41,230 kilosort.template_matching DEBUG    Mem avail:     6.08 / 15.65 GB
2026-07-18 06:05:41,230 kilosort.template_matching DEBUG    ------------------------------------------------------
2026-07-18 06:05:41,230 kilosort.template_matching DEBUG    GPU usage:    `conda install pynvml` for GPU usage
2026-07-18 06:05:41,230 kilosort.template_matching DEBUG    GPU memory:   29.64 %     |      1.19   /     4.00 GB
2026-07-18 06:05:41,230 kilosort.template_matching DEBUG    Allocated:     0.78 %     |      0.03   /     4.00 GB
2026-07-18 06:05:41,230 kilosort.template_matching DEBUG    Max alloc:     0.85 %     |      0.03   /     4.00 GB
2026-07-18 06:05:41,230 kilosort.template_matching DEBUG    ********************************************************
2026-07-18 06:06:44,355 kilosort.template_matching DEBUG     
2026-07-18 06:06:44,355 kilosort.template_matching DEBUG    Batch 100
2026-07-18 06:06:44,355 kilosort.template_matching DEBUG    ********************************************************
2026-07-18 06:06:44,355 kilosort.template_matching DEBUG    CPU usage:    16.20 %
2026-07-18 06:06:44,355 kilosort.template_matching DEBUG    Mem used:     61.20 %     |       9.58 GB
2026-07-18 06:06:44,355 kilosort.template_matching DEBUG    Mem avail:     6.06 / 15.65 GB
2026-07-18 06:06:44,355 kilosort.template_matching DEBUG    ------------------------------------------------------
2026-07-18 06:06:44,355 kilosort.template_matching DEBUG    GPU usage:    `conda install pynvml` for GPU usage
2026-07-18 06:06:44,355 kilosort.template_matching DEBUG    GPU memory:   64.46 %     |      2.58   /     4.00 GB
2026-07-18 06:06:44,355 kilosort.template_matching DEBUG    Allocated:     5.13 %     |      0.21   /     4.00 GB
2026-07-18 06:06:44,355 kilosort.template_matching DEBUG    Max alloc:    35.40 %     |      1.42   /     4.00 GB
2026-07-18 06:06:44,355 kilosort.template_matching DEBUG    ********************************************************
2026-07-18 06:06:47,271 kilosort.template_matching DEBUG     
2026-07-18 06:06:47,271 kilosort.template_matching DEBUG    Batch 104
2026-07-18 06:06:47,271 kilosort.template_matching DEBUG    ********************************************************
2026-07-18 06:06:47,271 kilosort.template_matching DEBUG    CPU usage:    16.90 %
2026-07-18 06:06:47,271 kilosort.template_matching DEBUG    Mem used:     61.10 %     |       9.57 GB
2026-07-18 06:06:47,271 kilosort.template_matching DEBUG    Mem avail:     6.08 / 15.65 GB
2026-07-18 06:06:47,271 kilosort.template_matching DEBUG    ------------------------------------------------------
2026-07-18 06:06:47,271 kilosort.template_matching DEBUG    GPU usage:    `conda install pynvml` for GPU usage
2026-07-18 06:06:47,271 kilosort.template_matching DEBUG    GPU memory:   64.46 %     |      2.58   /     4.00 GB
2026-07-18 06:06:47,271 kilosort.template_matching DEBUG    Allocated:     5.11 %     |      0.20   /     4.00 GB
2026-07-18 06:06:47,271 kilosort.template_matching DEBUG    Max alloc:    35.40 %     |      1.42   /     4.00 GB
2026-07-18 06:06:47,271 kilosort.template_matching DEBUG    ********************************************************
2026-07-18 06:06:47,450 kilosort.run_kilosort DEBUG    
2026-07-18 06:06:49,665 kilosort.run_kilosort DEBUG    --------------------
2026-07-18 06:06:49,665 kilosort.run_kilosort DEBUG    Process thread count: N/A (linux only)
2026-07-18 06:06:49,665 kilosort.run_kilosort DEBUG    num torch threads: 8
2026-07-18 06:06:49,665 kilosort.run_kilosort DEBUG    --------------------

2026-07-18 06:06:49,665 kilosort.run_kilosort INFO     468593 spikes extracted in 68.52s; total 2987.91s
2026-07-18 06:06:49,665 kilosort.run_kilosort DEBUG    st shape: (468593, 3)
2026-07-18 06:06:49,665 kilosort.run_kilosort DEBUG    tF shape: torch.Size([468593, 25, 3])
2026-07-18 06:06:49,665 kilosort.run_kilosort DEBUG    iCC shape: torch.Size([25, 383])
2026-07-18 06:06:49,665 kilosort.run_kilosort DEBUG    iU shape: torch.Size([204])
2026-07-18 06:06:49,665 kilosort.run_kilosort DEBUG    

|===========================================================================|
|                  PyTorch CUDA memory summary, device ID 0                 |
|---------------------------------------------------------------------------|
|            CUDA OOMs: 0            |        cudaMalloc retries: 0         |
|===========================================================================|
|        Metric         | Cur Usage  | Peak Usage | Tot Alloc  | Tot Freed  |
|---------------------------------------------------------------------------|
| Allocated memory      |  12835 KiB |   1449 MiB |  26249 GiB |  26249 GiB |
|---------------------------------------------------------------------------|
| Active memory         |  12835 KiB |   1449 MiB |  26249 GiB |  26249 GiB |
|---------------------------------------------------------------------------|
| Requested memory      |  12831 KiB |   1449 MiB |  26239 GiB |  26239 GiB |
|---------------------------------------------------------------------------|
| GPU reserved memory   |   1776 MiB |   1776 MiB |    932 GiB |    931 GiB |
|---------------------------------------------------------------------------|
| Non-releasable memory |  40413 KiB |    886 MiB |   8984 GiB |   8984 GiB |
|---------------------------------------------------------------------------|
| Allocations           |      13    |      45    |    1337 K  |    1337 K  |
|---------------------------------------------------------------------------|
| Active allocs         |      13    |      45    |    1337 K  |    1337 K  |
|---------------------------------------------------------------------------|
| GPU reserved segments |      15    |      15    |    2745    |    2730    |
|---------------------------------------------------------------------------|
| Non-releasable allocs |      11    |      27    |  564912    |  564901    |
|---------------------------------------------------------------------------|
| Oversize allocations  |       0    |       0    |       0    |       0    |
|---------------------------------------------------------------------------|
| Oversize GPU segments |       0    |       0    |       0    |       0    |
|===========================================================================|


2026-07-18 06:06:49,665 kilosort.run_kilosort INFO      
2026-07-18 06:06:49,665 kilosort.run_kilosort INFO     Resource usage after spike detect (learned)
2026-07-18 06:06:49,665 kilosort.run_kilosort INFO     ********************************************************
2026-07-18 06:06:49,665 kilosort.run_kilosort INFO     CPU usage:     0.00 %
2026-07-18 06:06:49,665 kilosort.run_kilosort INFO     Mem used:     59.60 %     |       9.33 GB
2026-07-18 06:06:49,665 kilosort.run_kilosort INFO     Mem avail:     6.32 / 15.65 GB
2026-07-18 06:06:49,665 kilosort.run_kilosort INFO     ------------------------------------------------------
2026-07-18 06:06:49,680 kilosort.run_kilosort INFO     GPU usage:    `conda install pynvml` for GPU usage
2026-07-18 06:06:49,680 kilosort.run_kilosort INFO     GPU memory:   64.46 %     |      2.58   /     4.00 GB
2026-07-18 06:06:49,680 kilosort.run_kilosort INFO     Allocated:     0.31 %     |      0.01   /     4.00 GB
2026-07-18 06:06:49,680 kilosort.run_kilosort INFO     Max alloc:    35.40 %     |      1.42   /     4.00 GB
2026-07-18 06:06:49,680 kilosort.run_kilosort INFO     ********************************************************
2026-07-18 06:06:49,680 kilosort.run_kilosort DEBUG    
2026-07-18 06:06:49,680 kilosort.run_kilosort DEBUG    --------------------
2026-07-18 06:06:49,680 kilosort.run_kilosort DEBUG    Process thread count: N/A (linux only)
2026-07-18 06:06:49,680 kilosort.run_kilosort DEBUG    num torch threads: 8
2026-07-18 06:06:49,680 kilosort.run_kilosort DEBUG    --------------------

2026-07-18 06:06:49,680 kilosort.run_kilosort INFO     Generating diagnostic plots ...
2026-07-18 06:06:52,830 kilosort.run_kilosort INFO      
2026-07-18 06:06:52,830 kilosort.run_kilosort INFO     Final clustering
2026-07-18 06:06:52,830 kilosort.run_kilosort INFO     ----------------------------------------
2026-07-18 06:06:52,870 kilosort.clustering_qr DEBUG    Center 0 | Xd shape: torch.Size([10434, 75]) | ntemp: 1
2026-07-18 06:06:54,438 kilosort.clustering_qr DEBUG    Center 2 | Xd shape: torch.Size([1615, 75]) | ntemp: 1
2026-07-18 06:06:55,323 kilosort.clustering_qr DEBUG    Center 3 | Xd shape: torch.Size([1508, 75]) | ntemp: 1
2026-07-18 06:06:56,727 kilosort.clustering_qr DEBUG    Center 5 | Xd shape: torch.Size([8691, 75]) | ntemp: 2
2026-07-18 06:06:57,973 kilosort.clustering_qr DEBUG    Center 8 | Xd shape: torch.Size([3427, 75]) | ntemp: 1
2026-07-18 06:06:59,432 kilosort.clustering_qr DEBUG    Center 9 | Xd shape: torch.Size([7827, 78]) | ntemp: 2
2026-07-18 06:07:00,876 kilosort.clustering_qr DEBUG    Center 10 | Xd shape: torch.Size([2115, 75]) | ntemp: 2
2026-07-18 06:07:02,179 kilosort.clustering_qr DEBUG    Center 11 | Xd shape: torch.Size([2641, 75]) | ntemp: 2
2026-07-18 06:07:09,275 kilosort.clustering_qr DEBUG    Center 12 | Xd shape: torch.Size([5001, 75]) | ntemp: 1
2026-07-18 06:07:10,928 kilosort.clustering_qr DEBUG     
2026-07-18 06:07:10,928 kilosort.clustering_qr DEBUG    Cluster center: 14 (10/85)
2026-07-18 06:07:10,928 kilosort.clustering_qr DEBUG    ********************************************************
2026-07-18 06:07:10,928 kilosort.clustering_qr DEBUG    CPU usage:    16.40 %
2026-07-18 06:07:10,928 kilosort.clustering_qr DEBUG    Mem used:     59.90 %     |       9.37 GB
2026-07-18 06:07:10,928 kilosort.clustering_qr DEBUG    Mem avail:     6.28 / 15.65 GB
2026-07-18 06:07:10,928 kilosort.clustering_qr DEBUG    ------------------------------------------------------
2026-07-18 06:07:10,928 kilosort.clustering_qr DEBUG    GPU usage:    `conda install pynvml` for GPU usage
2026-07-18 06:07:10,928 kilosort.clustering_qr DEBUG    GPU memory:   22.36 %     |      0.89   /     4.00 GB
2026-07-18 06:07:10,928 kilosort.clustering_qr DEBUG    Allocated:     0.29 %     |      0.01   /     4.00 GB
2026-07-18 06:07:10,928 kilosort.clustering_qr DEBUG    Max alloc:     0.99 %     |      0.04   /     4.00 GB
2026-07-18 06:07:10,928 kilosort.clustering_qr DEBUG    ********************************************************
2026-07-18 06:07:10,948 kilosort.clustering_qr DEBUG    Center 14 | Xd shape: torch.Size([7161, 84]) | ntemp: 4
2026-07-18 06:07:12,336 kilosort.clustering_qr DEBUG    Center 15 | Xd shape: torch.Size([4963, 75]) | ntemp: 2
2026-07-18 06:07:13,785 kilosort.clustering_qr DEBUG    Center 16 | Xd shape: torch.Size([5290, 75]) | ntemp: 1
2026-07-18 06:07:15,251 kilosort.clustering_qr DEBUG    Center 17 | Xd shape: torch.Size([4959, 75]) | ntemp: 2
2026-07-18 06:07:16,642 kilosort.clustering_qr DEBUG    Center 18 | Xd shape: torch.Size([3196, 81]) | ntemp: 2
2026-07-18 06:07:18,082 kilosort.clustering_qr DEBUG    Center 19 | Xd shape: torch.Size([4737, 75]) | ntemp: 1
2026-07-18 06:07:19,443 kilosort.clustering_qr DEBUG    Center 20 | Xd shape: torch.Size([4325, 81]) | ntemp: 3
2026-07-18 06:07:20,809 kilosort.clustering_qr DEBUG    Center 21 | Xd shape: torch.Size([11575, 81]) | ntemp: 5
2026-07-18 06:07:22,460 kilosort.clustering_qr DEBUG    Center 22 | Xd shape: torch.Size([8909, 81]) | ntemp: 4
2026-07-18 06:07:23,989 kilosort.clustering_qr DEBUG    Center 23 | Xd shape: torch.Size([7624, 81]) | ntemp: 4
2026-07-18 06:07:25,380 kilosort.clustering_qr DEBUG     
2026-07-18 06:07:25,380 kilosort.clustering_qr DEBUG    Cluster center: 24 (20/85)
2026-07-18 06:07:25,380 kilosort.clustering_qr DEBUG    ********************************************************
2026-07-18 06:07:25,380 kilosort.clustering_qr DEBUG    CPU usage:    18.90 %
2026-07-18 06:07:25,380 kilosort.clustering_qr DEBUG    Mem used:     59.90 %     |       9.37 GB
2026-07-18 06:07:25,380 kilosort.clustering_qr DEBUG    Mem avail:     6.28 / 15.65 GB
2026-07-18 06:07:25,380 kilosort.clustering_qr DEBUG    ------------------------------------------------------
2026-07-18 06:07:25,380 kilosort.clustering_qr DEBUG    GPU usage:    `conda install pynvml` for GPU usage
2026-07-18 06:07:25,380 kilosort.clustering_qr DEBUG    GPU memory:   22.36 %     |      0.89   /     4.00 GB
2026-07-18 06:07:25,380 kilosort.clustering_qr DEBUG    Allocated:     0.29 %     |      0.01   /     4.00 GB
2026-07-18 06:07:25,380 kilosort.clustering_qr DEBUG    Max alloc:     1.08 %     |      0.04   /     4.00 GB
2026-07-18 06:07:25,380 kilosort.clustering_qr DEBUG    ********************************************************
2026-07-18 06:07:25,401 kilosort.clustering_qr DEBUG    Center 24 | Xd shape: torch.Size([2200, 75]) | ntemp: 1
2026-07-18 06:07:26,882 kilosort.clustering_qr DEBUG    Center 25 | Xd shape: torch.Size([9272, 81]) | ntemp: 4
2026-07-18 06:07:28,449 kilosort.clustering_qr DEBUG    Center 26 | Xd shape: torch.Size([2224, 75]) | ntemp: 1
2026-07-18 06:07:29,893 kilosort.clustering_qr DEBUG    Center 27 | Xd shape: torch.Size([7575, 81]) | ntemp: 3
2026-07-18 06:07:31,421 kilosort.clustering_qr DEBUG    Center 28 | Xd shape: torch.Size([3885, 75]) | ntemp: 3
2026-07-18 06:07:32,718 kilosort.clustering_qr DEBUG    Center 30 | Xd shape: torch.Size([7613, 78]) | ntemp: 3
2026-07-18 06:07:34,164 kilosort.clustering_qr DEBUG    Center 31 | Xd shape: torch.Size([2388, 75]) | ntemp: 1
2026-07-18 06:07:35,625 kilosort.clustering_qr DEBUG    Center 32 | Xd shape: torch.Size([1616, 75]) | ntemp: 1
2026-07-18 06:07:36,812 kilosort.clustering_qr DEBUG    Center 33 | Xd shape: torch.Size([2136, 75]) | ntemp: 1
2026-07-18 06:07:38,195 kilosort.clustering_qr DEBUG    Center 34 | Xd shape: torch.Size([2737, 75]) | ntemp: 1
2026-07-18 06:07:39,564 kilosort.clustering_qr DEBUG     
2026-07-18 06:07:39,574 kilosort.clustering_qr DEBUG    Cluster center: 35 (30/85)
2026-07-18 06:07:39,574 kilosort.clustering_qr DEBUG    ********************************************************
2026-07-18 06:07:39,574 kilosort.clustering_qr DEBUG    CPU usage:    19.10 %
2026-07-18 06:07:39,574 kilosort.clustering_qr DEBUG    Mem used:     59.80 %     |       9.36 GB
2026-07-18 06:07:39,574 kilosort.clustering_qr DEBUG    Mem avail:     6.29 / 15.65 GB
2026-07-18 06:07:39,574 kilosort.clustering_qr DEBUG    ------------------------------------------------------
2026-07-18 06:07:39,574 kilosort.clustering_qr DEBUG    GPU usage:    `conda install pynvml` for GPU usage
2026-07-18 06:07:39,574 kilosort.clustering_qr DEBUG    GPU memory:   22.36 %     |      0.89   /     4.00 GB
2026-07-18 06:07:39,574 kilosort.clustering_qr DEBUG    Allocated:     0.29 %     |      0.01   /     4.00 GB
2026-07-18 06:07:39,574 kilosort.clustering_qr DEBUG    Max alloc:     1.08 %     |      0.04   /     4.00 GB
2026-07-18 06:07:39,574 kilosort.clustering_qr DEBUG    ********************************************************
2026-07-18 06:07:39,584 kilosort.clustering_qr DEBUG    Center 35 | Xd shape: torch.Size([2645, 75]) | ntemp: 1
2026-07-18 06:07:40,950 kilosort.clustering_qr DEBUG    Center 36 | Xd shape: torch.Size([1489, 75]) | ntemp: 1
2026-07-18 06:07:42,335 kilosort.clustering_qr DEBUG    Center 37 | Xd shape: torch.Size([1104, 75]) | ntemp: 1
2026-07-18 06:07:43,703 kilosort.clustering_qr DEBUG    Center 38 | Xd shape: torch.Size([1428, 75]) | ntemp: 1
2026-07-18 06:07:45,023 kilosort.clustering_qr DEBUG    Center 39 | Xd shape: torch.Size([1080, 75]) | ntemp: 1
2026-07-18 06:07:46,403 kilosort.clustering_qr DEBUG    Center 40 | Xd shape: torch.Size([2516, 81]) | ntemp: 2
2026-07-18 06:07:47,830 kilosort.clustering_qr DEBUG    Center 41 | Xd shape: torch.Size([3328, 81]) | ntemp: 2
2026-07-18 06:07:49,212 kilosort.clustering_qr DEBUG    Center 42 | Xd shape: torch.Size([3009, 75]) | ntemp: 1
2026-07-18 06:07:50,176 kilosort.clustering_qr DEBUG    Center 43 | Xd shape: torch.Size([2397, 75]) | ntemp: 1
2026-07-18 06:07:51,427 kilosort.clustering_qr DEBUG    Center 45 | Xd shape: torch.Size([5052, 81]) | ntemp: 3
2026-07-18 06:07:52,885 kilosort.clustering_qr DEBUG     
2026-07-18 06:07:52,885 kilosort.clustering_qr DEBUG    Cluster center: 46 (40/85)
2026-07-18 06:07:52,885 kilosort.clustering_qr DEBUG    ********************************************************
2026-07-18 06:07:52,885 kilosort.clustering_qr DEBUG    CPU usage:    20.20 %
2026-07-18 06:07:52,885 kilosort.clustering_qr DEBUG    Mem used:     59.90 %     |       9.37 GB
2026-07-18 06:07:52,885 kilosort.clustering_qr DEBUG    Mem avail:     6.28 / 15.65 GB
2026-07-18 06:07:52,885 kilosort.clustering_qr DEBUG    ------------------------------------------------------
2026-07-18 06:07:52,885 kilosort.clustering_qr DEBUG    GPU usage:    `conda install pynvml` for GPU usage
2026-07-18 06:07:52,885 kilosort.clustering_qr DEBUG    GPU memory:   22.36 %     |      0.89   /     4.00 GB
2026-07-18 06:07:52,885 kilosort.clustering_qr DEBUG    Allocated:     0.29 %     |      0.01   /     4.00 GB
2026-07-18 06:07:52,885 kilosort.clustering_qr DEBUG    Max alloc:     1.08 %     |      0.04   /     4.00 GB
2026-07-18 06:07:52,885 kilosort.clustering_qr DEBUG    ********************************************************
2026-07-18 06:07:52,905 kilosort.clustering_qr DEBUG    Center 46 | Xd shape: torch.Size([4538, 75]) | ntemp: 1
2026-07-18 06:07:54,293 kilosort.clustering_qr DEBUG    Center 47 | Xd shape: torch.Size([5540, 75]) | ntemp: 2
2026-07-18 06:07:55,705 kilosort.clustering_qr DEBUG    Center 48 | Xd shape: torch.Size([9709, 81]) | ntemp: 6
2026-07-18 06:07:57,163 kilosort.clustering_qr DEBUG    Center 49 | Xd shape: torch.Size([4778, 81]) | ntemp: 3
2026-07-18 06:07:58,621 kilosort.clustering_qr DEBUG    Center 50 | Xd shape: torch.Size([24283, 81]) | ntemp: 6
2026-07-18 06:08:00,658 kilosort.clustering_qr DEBUG    Center 51 | Xd shape: torch.Size([4561, 81]) | ntemp: 2
2026-07-18 06:08:02,015 kilosort.clustering_qr DEBUG    Center 52 | Xd shape: torch.Size([12252, 84]) | ntemp: 5
2026-07-18 06:08:03,667 kilosort.clustering_qr DEBUG    Center 53 | Xd shape: torch.Size([19417, 84]) | ntemp: 6
2026-07-18 06:08:05,333 kilosort.clustering_qr DEBUG    Center 54 | Xd shape: torch.Size([25157, 84]) | ntemp: 7
2026-07-18 06:08:07,050 kilosort.clustering_qr DEBUG    Center 55 | Xd shape: torch.Size([16458, 84]) | ntemp: 5
2026-07-18 06:08:08,677 kilosort.clustering_qr DEBUG     
2026-07-18 06:08:08,687 kilosort.clustering_qr DEBUG    Cluster center: 56 (50/85)
2026-07-18 06:08:08,687 kilosort.clustering_qr DEBUG    ********************************************************
2026-07-18 06:08:08,687 kilosort.clustering_qr DEBUG    CPU usage:    20.80 %
2026-07-18 06:08:08,687 kilosort.clustering_qr DEBUG    Mem used:     60.20 %     |       9.42 GB
2026-07-18 06:08:08,687 kilosort.clustering_qr DEBUG    Mem avail:     6.23 / 15.65 GB
2026-07-18 06:08:08,687 kilosort.clustering_qr DEBUG    ------------------------------------------------------
2026-07-18 06:08:08,687 kilosort.clustering_qr DEBUG    GPU usage:    `conda install pynvml` for GPU usage
2026-07-18 06:08:08,687 kilosort.clustering_qr DEBUG    GPU memory:   22.36 %     |      0.89   /     4.00 GB
2026-07-18 06:08:08,687 kilosort.clustering_qr DEBUG    Allocated:     0.29 %     |      0.01   /     4.00 GB
2026-07-18 06:08:08,687 kilosort.clustering_qr DEBUG    Max alloc:     2.06 %     |      0.08   /     4.00 GB
2026-07-18 06:08:08,687 kilosort.clustering_qr DEBUG    ********************************************************
2026-07-18 06:08:08,708 kilosort.clustering_qr DEBUG    Center 56 | Xd shape: torch.Size([9731, 84]) | ntemp: 3
2026-07-18 06:08:10,143 kilosort.clustering_qr DEBUG    Center 57 | Xd shape: torch.Size([12664, 81]) | ntemp: 5
2026-07-18 06:08:11,817 kilosort.clustering_qr DEBUG    Center 58 | Xd shape: torch.Size([10934, 81]) | ntemp: 6
2026-07-18 06:08:13,275 kilosort.clustering_qr DEBUG    Center 59 | Xd shape: torch.Size([11076, 84]) | ntemp: 9
2026-07-18 06:08:14,757 kilosort.clustering_qr DEBUG    Center 60 | Xd shape: torch.Size([12679, 81]) | ntemp: 8
2026-07-18 06:08:16,321 kilosort.clustering_qr DEBUG    Center 61 | Xd shape: torch.Size([6835, 81]) | ntemp: 4
2026-07-18 06:08:17,678 kilosort.clustering_qr DEBUG    Center 62 | Xd shape: torch.Size([11691, 81]) | ntemp: 5
2026-07-18 06:08:19,063 kilosort.clustering_qr DEBUG    Center 63 | Xd shape: torch.Size([10389, 84]) | ntemp: 5
2026-07-18 06:08:20,599 kilosort.clustering_qr DEBUG    Center 64 | Xd shape: torch.Size([7246, 84]) | ntemp: 4
2026-07-18 06:08:22,095 kilosort.clustering_qr DEBUG    Center 65 | Xd shape: torch.Size([9472, 81]) | ntemp: 3
2026-07-18 06:08:23,553 kilosort.clustering_qr DEBUG     
2026-07-18 06:08:23,553 kilosort.clustering_qr DEBUG    Cluster center: 66 (60/85)
2026-07-18 06:08:23,553 kilosort.clustering_qr DEBUG    ********************************************************
2026-07-18 06:08:23,553 kilosort.clustering_qr DEBUG    CPU usage:    19.90 %
2026-07-18 06:08:23,553 kilosort.clustering_qr DEBUG    Mem used:     60.00 %     |       9.40 GB
2026-07-18 06:08:23,553 kilosort.clustering_qr DEBUG    Mem avail:     6.25 / 15.65 GB
2026-07-18 06:08:23,553 kilosort.clustering_qr DEBUG    ------------------------------------------------------
2026-07-18 06:08:23,553 kilosort.clustering_qr DEBUG    GPU usage:    `conda install pynvml` for GPU usage
2026-07-18 06:08:23,553 kilosort.clustering_qr DEBUG    GPU memory:   22.36 %     |      0.89   /     4.00 GB
2026-07-18 06:08:23,553 kilosort.clustering_qr DEBUG    Allocated:     0.29 %     |      0.01   /     4.00 GB
2026-07-18 06:08:23,553 kilosort.clustering_qr DEBUG    Max alloc:     2.06 %     |      0.08   /     4.00 GB
2026-07-18 06:08:23,564 kilosort.clustering_qr DEBUG    ********************************************************
2026-07-18 06:08:23,574 kilosort.clustering_qr DEBUG    Center 66 | Xd shape: torch.Size([3262, 75]) | ntemp: 1
2026-07-18 06:08:25,071 kilosort.clustering_qr DEBUG    Center 67 | Xd shape: torch.Size([5253, 81]) | ntemp: 2
2026-07-18 06:08:26,488 kilosort.clustering_qr DEBUG    Center 68 | Xd shape: torch.Size([3684, 75]) | ntemp: 1
2026-07-18 06:08:27,666 kilosort.clustering_qr DEBUG    Center 69 | Xd shape: torch.Size([2696, 75]) | ntemp: 1
2026-07-18 06:08:29,064 kilosort.clustering_qr DEBUG    Center 70 | Xd shape: torch.Size([6132, 75]) | ntemp: 2
2026-07-18 06:08:30,438 kilosort.clustering_qr DEBUG    Center 71 | Xd shape: torch.Size([1110, 75]) | ntemp: 1
2026-07-18 06:08:31,796 kilosort.clustering_qr DEBUG    Center 73 | Xd shape: torch.Size([2044, 75]) | ntemp: 1
2026-07-18 06:08:32,945 kilosort.clustering_qr DEBUG    Center 74 | Xd shape: torch.Size([3049, 75]) | ntemp: 2
2026-07-18 06:08:34,282 kilosort.clustering_qr DEBUG    Center 75 | Xd shape: torch.Size([2064, 75]) | ntemp: 1
2026-07-18 06:08:35,751 kilosort.clustering_qr DEBUG    Center 76 | Xd shape: torch.Size([1880, 75]) | ntemp: 1
2026-07-18 06:08:37,137 kilosort.clustering_qr DEBUG     
2026-07-18 06:08:37,137 kilosort.clustering_qr DEBUG    Cluster center: 78 (70/85)
2026-07-18 06:08:37,137 kilosort.clustering_qr DEBUG    ********************************************************
2026-07-18 06:08:37,137 kilosort.clustering_qr DEBUG    CPU usage:    19.50 %
2026-07-18 06:08:37,137 kilosort.clustering_qr DEBUG    Mem used:     60.10 %     |       9.40 GB
2026-07-18 06:08:37,137 kilosort.clustering_qr DEBUG    Mem avail:     6.24 / 15.65 GB
2026-07-18 06:08:37,137 kilosort.clustering_qr DEBUG    ------------------------------------------------------
2026-07-18 06:08:37,137 kilosort.clustering_qr DEBUG    GPU usage:    `conda install pynvml` for GPU usage
2026-07-18 06:08:37,137 kilosort.clustering_qr DEBUG    GPU memory:   22.36 %     |      0.89   /     4.00 GB
2026-07-18 06:08:37,137 kilosort.clustering_qr DEBUG    Allocated:     0.29 %     |      0.01   /     4.00 GB
2026-07-18 06:08:37,148 kilosort.clustering_qr DEBUG    Max alloc:     2.06 %     |      0.08   /     4.00 GB
2026-07-18 06:08:37,148 kilosort.clustering_qr DEBUG    ********************************************************
2026-07-18 06:08:37,158 kilosort.clustering_qr DEBUG    Center 78 | Xd shape: torch.Size([2512, 75]) | ntemp: 2
2026-07-18 06:08:38,684 kilosort.clustering_qr DEBUG    Center 79 | Xd shape: torch.Size([5347, 75]) | ntemp: 2
2026-07-18 06:08:40,109 kilosort.clustering_qr DEBUG    Center 80 | Xd shape: torch.Size([743, 75]) | ntemp: 1
2026-07-18 06:08:40,129 kilosort.clustering_qr DEBUG    Center 81 | Xd shape: torch.Size([1272, 75]) | ntemp: 1
2026-07-18 06:08:41,314 kilosort.clustering_qr DEBUG    Center 82 | Xd shape: torch.Size([1353, 75]) | ntemp: 1
2026-07-18 06:08:42,682 kilosort.clustering_qr DEBUG    Center 83 | Xd shape: torch.Size([1152, 75]) | ntemp: 1
2026-07-18 06:08:44,035 kilosort.clustering_qr DEBUG    Center 84 | Xd shape: torch.Size([5154, 75]) | ntemp: 2
2026-07-18 06:08:45,814 kilosort.clustering_qr DEBUG    Center 85 | Xd shape: torch.Size([2075, 75]) | ntemp: 1
2026-07-18 06:08:47,326 kilosort.clustering_qr DEBUG    Center 86 | Xd shape: torch.Size([732, 75]) | ntemp: 1
2026-07-18 06:08:47,340 kilosort.clustering_qr DEBUG    Center 87 | Xd shape: torch.Size([1397, 75]) | ntemp: 1
2026-07-18 06:08:48,710 kilosort.clustering_qr DEBUG     
2026-07-18 06:08:48,710 kilosort.clustering_qr DEBUG    Cluster center: 88 (80/85)
2026-07-18 06:08:48,710 kilosort.clustering_qr DEBUG    ********************************************************
2026-07-18 06:08:48,710 kilosort.clustering_qr DEBUG    CPU usage:    19.70 %
2026-07-18 06:08:48,710 kilosort.clustering_qr DEBUG    Mem used:     60.10 %     |       9.40 GB
2026-07-18 06:08:48,710 kilosort.clustering_qr DEBUG    Mem avail:     6.25 / 15.65 GB
2026-07-18 06:08:48,710 kilosort.clustering_qr DEBUG    ------------------------------------------------------
2026-07-18 06:08:48,710 kilosort.clustering_qr DEBUG    GPU usage:    `conda install pynvml` for GPU usage
2026-07-18 06:08:48,710 kilosort.clustering_qr DEBUG    GPU memory:   22.36 %     |      0.89   /     4.00 GB
2026-07-18 06:08:48,710 kilosort.clustering_qr DEBUG    Allocated:     0.29 %     |      0.01   /     4.00 GB
2026-07-18 06:08:48,710 kilosort.clustering_qr DEBUG    Max alloc:     2.06 %     |      0.08   /     4.00 GB
2026-07-18 06:08:48,710 kilosort.clustering_qr DEBUG    ********************************************************
2026-07-18 06:08:48,730 kilosort.clustering_qr DEBUG    Center 88 | Xd shape: torch.Size([1283, 75]) | ntemp: 1
2026-07-18 06:08:49,896 kilosort.clustering_qr DEBUG    Center 89 | Xd shape: torch.Size([2183, 78]) | ntemp: 2
2026-07-18 06:08:51,450 kilosort.clustering_qr DEBUG    Center 90 | Xd shape: torch.Size([4423, 75]) | ntemp: 2
2026-07-18 06:08:52,852 kilosort.clustering_qr DEBUG    Center 91 | Xd shape: torch.Size([974, 75]) | ntemp: 1
2026-07-18 06:08:52,873 kilosort.clustering_qr DEBUG    Center 92 | Xd shape: torch.Size([4059, 75]) | ntemp: 1
2026-07-18 06:08:54,335 kilosort.clustering_qr DEBUG    Center 94 | Xd shape: torch.Size([1658, 75]) | ntemp: 2
2026-07-18 06:08:55,552 kilosort.run_kilosort INFO     200 clusters found, in 122.72s; total 3113.80s
2026-07-18 06:08:55,552 kilosort.run_kilosort DEBUG    clu shape: (468593,)
2026-07-18 06:08:55,552 kilosort.run_kilosort DEBUG    Wall shape: torch.Size([200, 383, 3])
2026-07-18 06:08:55,552 kilosort.run_kilosort DEBUG    
2026-07-18 06:08:55,552 kilosort.run_kilosort DEBUG    --------------------
2026-07-18 06:08:55,552 kilosort.run_kilosort DEBUG    Process thread count: N/A (linux only)
2026-07-18 06:08:55,552 kilosort.run_kilosort DEBUG    num torch threads: 8
2026-07-18 06:08:55,552 kilosort.run_kilosort DEBUG    --------------------

2026-07-18 06:08:55,552 kilosort.run_kilosort INFO      
2026-07-18 06:08:55,552 kilosort.run_kilosort INFO     Merging clusters
2026-07-18 06:08:55,552 kilosort.run_kilosort INFO     ----------------------------------------
2026-07-18 06:08:57,183 kilosort.run_kilosort INFO     192 units found, in 1.63s; total 3115.43s
2026-07-18 06:08:57,183 kilosort.run_kilosort DEBUG    clu shape: (468593,)
2026-07-18 06:08:57,183 kilosort.run_kilosort DEBUG    Wall shape: torch.Size([192, 383, 3])
2026-07-18 06:08:57,193 kilosort.run_kilosort DEBUG    

|===========================================================================|
|                  PyTorch CUDA memory summary, device ID 0                 |
|---------------------------------------------------------------------------|
|            CUDA OOMs: 0            |        cudaMalloc retries: 0         |
|===========================================================================|
|        Metric         | Cur Usage  | Peak Usage | Tot Alloc  | Tot Freed  |
|---------------------------------------------------------------------------|
| Allocated memory      |  11919 KiB |  86268 KiB |  26787 GiB |  26787 GiB |
|---------------------------------------------------------------------------|
| Active memory         |  11919 KiB |  86268 KiB |  26787 GiB |  26787 GiB |
|---------------------------------------------------------------------------|
| Requested memory      |  11915 KiB |  84609 KiB |  26775 GiB |  26775 GiB |
|---------------------------------------------------------------------------|
| GPU reserved memory   |  55296 KiB |   1776 MiB |    933 GiB |    933 GiB |
|---------------------------------------------------------------------------|
| Non-releasable memory |  41329 KiB |  66844 KiB |   9520 GiB |   9520 GiB |
|---------------------------------------------------------------------------|
| Allocations           |      12    |      44    |    2373 K  |    2373 K  |
|---------------------------------------------------------------------------|
| Active allocs         |      12    |      44    |    2373 K  |    2373 K  |
|---------------------------------------------------------------------------|
| GPU reserved segments |       5    |      15    |    2832    |    2827    |
|---------------------------------------------------------------------------|
| Non-releasable allocs |      11    |      19    |    1007 K  |    1007 K  |
|---------------------------------------------------------------------------|
| Oversize allocations  |       0    |       0    |       0    |       0    |
|---------------------------------------------------------------------------|
| Oversize GPU segments |       0    |       0    |       0    |       0    |
|===========================================================================|


2026-07-18 06:08:57,193 kilosort.run_kilosort INFO      
2026-07-18 06:08:57,193 kilosort.run_kilosort INFO     Resource usage after clustering
2026-07-18 06:08:57,193 kilosort.run_kilosort INFO     ********************************************************
2026-07-18 06:08:57,193 kilosort.run_kilosort INFO     CPU usage:    20.00 %
2026-07-18 06:08:57,193 kilosort.run_kilosort INFO     Mem used:     60.90 %     |       9.54 GB
2026-07-18 06:08:57,193 kilosort.run_kilosort INFO     Mem avail:     6.11 / 15.65 GB
2026-07-18 06:08:57,193 kilosort.run_kilosort INFO     ------------------------------------------------------
2026-07-18 06:08:57,193 kilosort.run_kilosort INFO     GPU usage:    `conda install pynvml` for GPU usage
2026-07-18 06:08:57,193 kilosort.run_kilosort INFO     GPU memory:   22.41 %     |      0.90   /     4.00 GB
2026-07-18 06:08:57,193 kilosort.run_kilosort INFO     Allocated:     0.28 %     |      0.01   /     4.00 GB
2026-07-18 06:08:57,193 kilosort.run_kilosort INFO     Max alloc:     2.06 %     |      0.08   /     4.00 GB
2026-07-18 06:08:57,193 kilosort.run_kilosort INFO     ********************************************************
2026-07-18 06:08:57,223 kilosort.run_kilosort DEBUG    
2026-07-18 06:08:57,223 kilosort.run_kilosort DEBUG    --------------------
2026-07-18 06:08:57,232 kilosort.run_kilosort DEBUG    Process thread count: N/A (linux only)
2026-07-18 06:08:57,232 kilosort.run_kilosort DEBUG    num torch threads: 8
2026-07-18 06:08:57,232 kilosort.run_kilosort DEBUG    --------------------

2026-07-18 06:08:57,232 kilosort.run_kilosort INFO      
2026-07-18 06:08:57,232 kilosort.run_kilosort INFO     Saving to phy and computing refractory periods
2026-07-18 06:08:57,232 kilosort.run_kilosort INFO     ----------------------------------------
2026-07-18 06:08:57,326 kilosort.io  DEBUG     
2026-07-18 06:08:57,326 kilosort.io  DEBUG    save_to_phy, whitening
2026-07-18 06:08:57,326 kilosort.io  DEBUG    ********************************************************
2026-07-18 06:08:57,326 kilosort.io  DEBUG    CPU usage:     7.80 %
2026-07-18 06:08:57,326 kilosort.io  DEBUG    Mem used:     60.00 %     |       9.39 GB
2026-07-18 06:08:57,326 kilosort.io  DEBUG    Mem avail:     6.25 / 15.65 GB
2026-07-18 06:08:57,326 kilosort.io  DEBUG    ------------------------------------------------------
2026-07-18 06:08:57,326 kilosort.io  DEBUG    GPU usage:    `conda install pynvml` for GPU usage
2026-07-18 06:08:57,326 kilosort.io  DEBUG    GPU memory:   22.41 %     |      0.90   /     4.00 GB
2026-07-18 06:08:57,326 kilosort.io  DEBUG    Allocated:     0.30 %     |      0.01   /     4.00 GB
2026-07-18 06:08:57,326 kilosort.io  DEBUG    Max alloc:     0.34 %     |      0.01   /     4.00 GB
2026-07-18 06:08:57,326 kilosort.io  DEBUG    ********************************************************
2026-07-18 06:08:57,802 kilosort.io  DEBUG     
2026-07-18 06:08:57,802 kilosort.io  DEBUG    save_to_phy, spike positions
2026-07-18 06:08:57,802 kilosort.io  DEBUG    ********************************************************
2026-07-18 06:08:57,802 kilosort.io  DEBUG    CPU usage:    35.60 %
2026-07-18 06:08:57,802 kilosort.io  DEBUG    Mem used:     61.80 %     |       9.67 GB
2026-07-18 06:08:57,802 kilosort.io  DEBUG    Mem avail:     5.97 / 15.65 GB
2026-07-18 06:08:57,802 kilosort.io  DEBUG    ------------------------------------------------------
2026-07-18 06:08:57,802 kilosort.io  DEBUG    GPU usage:    `conda install pynvml` for GPU usage
2026-07-18 06:08:57,802 kilosort.io  DEBUG    GPU memory:   22.41 %     |      0.90   /     4.00 GB
2026-07-18 06:08:57,802 kilosort.io  DEBUG    Allocated:     0.30 %     |      0.01   /     4.00 GB
2026-07-18 06:08:57,802 kilosort.io  DEBUG    Max alloc:     0.30 %     |      0.01   /     4.00 GB
2026-07-18 06:08:57,802 kilosort.io  DEBUG    ********************************************************
2026-07-18 06:08:58,171 kilosort.io  DEBUG     
2026-07-18 06:08:58,171 kilosort.io  DEBUG    save_to_phy, remove duplicates
2026-07-18 06:08:58,171 kilosort.io  DEBUG    ********************************************************
2026-07-18 06:08:58,171 kilosort.io  DEBUG    CPU usage:    12.70 %
2026-07-18 06:08:58,171 kilosort.io  DEBUG    Mem used:     61.80 %     |       9.68 GB
2026-07-18 06:08:58,171 kilosort.io  DEBUG    Mem avail:     5.97 / 15.65 GB
2026-07-18 06:08:58,171 kilosort.io  DEBUG    ------------------------------------------------------
2026-07-18 06:08:58,171 kilosort.io  DEBUG    GPU usage:    `conda install pynvml` for GPU usage
2026-07-18 06:08:58,171 kilosort.io  DEBUG    GPU memory:   22.41 %     |      0.90   /     4.00 GB
2026-07-18 06:08:58,171 kilosort.io  DEBUG    Allocated:     0.30 %     |      0.01   /     4.00 GB
2026-07-18 06:08:58,171 kilosort.io  DEBUG    Max alloc:     0.30 %     |      0.01   /     4.00 GB
2026-07-18 06:08:58,171 kilosort.io  DEBUG    ********************************************************
2026-07-18 06:08:59,108 kilosort.io  DEBUG     
2026-07-18 06:08:59,108 kilosort.io  DEBUG    save_to_phy, template props
2026-07-18 06:08:59,108 kilosort.io  DEBUG    ********************************************************
2026-07-18 06:08:59,113 kilosort.io  DEBUG    CPU usage:    14.60 %
2026-07-18 06:08:59,113 kilosort.io  DEBUG    Mem used:     60.50 %     |       9.47 GB
2026-07-18 06:08:59,113 kilosort.io  DEBUG    Mem avail:     6.18 / 15.65 GB
2026-07-18 06:08:59,113 kilosort.io  DEBUG    ------------------------------------------------------
2026-07-18 06:08:59,113 kilosort.io  DEBUG    GPU usage:    `conda install pynvml` for GPU usage
2026-07-18 06:08:59,114 kilosort.io  DEBUG    GPU memory:   22.41 %     |      0.90   /     4.00 GB
2026-07-18 06:08:59,114 kilosort.io  DEBUG    Allocated:     0.30 %     |      0.01   /     4.00 GB
2026-07-18 06:08:59,114 kilosort.io  DEBUG    Max alloc:     0.30 %     |      0.01   /     4.00 GB
2026-07-18 06:08:59,115 kilosort.io  DEBUG    ********************************************************
2026-07-18 06:09:10,174 kilosort.io  DEBUG     
2026-07-18 06:09:10,174 kilosort.io  DEBUG    save_to_phy, pc features
2026-07-18 06:09:10,174 kilosort.io  DEBUG    ********************************************************
2026-07-18 06:09:10,174 kilosort.io  DEBUG    CPU usage:    13.50 %
2026-07-18 06:09:10,174 kilosort.io  DEBUG    Mem used:     61.20 %     |       9.57 GB
2026-07-18 06:09:10,174 kilosort.io  DEBUG    Mem avail:     6.08 / 15.65 GB
2026-07-18 06:09:10,174 kilosort.io  DEBUG    ------------------------------------------------------
2026-07-18 06:09:10,174 kilosort.io  DEBUG    GPU usage:    `conda install pynvml` for GPU usage
2026-07-18 06:09:10,174 kilosort.io  DEBUG    GPU memory:   22.41 %     |      0.90   /     4.00 GB
2026-07-18 06:09:10,174 kilosort.io  DEBUG    Allocated:     0.30 %     |      0.01   /     4.00 GB
2026-07-18 06:09:10,174 kilosort.io  DEBUG    Max alloc:     0.35 %     |      0.01   /     4.00 GB
2026-07-18 06:09:10,174 kilosort.io  DEBUG    ********************************************************
2026-07-18 06:09:10,441 kilosort.io  DEBUG     
2026-07-18 06:09:10,441 kilosort.io  DEBUG    save_to_phy, est contam
2026-07-18 06:09:10,441 kilosort.io  DEBUG    ********************************************************
2026-07-18 06:09:10,441 kilosort.io  DEBUG    CPU usage:    11.40 %
2026-07-18 06:09:10,441 kilosort.io  DEBUG    Mem used:     61.20 %     |       9.58 GB
2026-07-18 06:09:10,441 kilosort.io  DEBUG    Mem avail:     6.07 / 15.65 GB
2026-07-18 06:09:10,441 kilosort.io  DEBUG    ------------------------------------------------------
2026-07-18 06:09:10,441 kilosort.io  DEBUG    GPU usage:    `conda install pynvml` for GPU usage
2026-07-18 06:09:10,441 kilosort.io  DEBUG    GPU memory:   22.41 %     |      0.90   /     4.00 GB
2026-07-18 06:09:10,441 kilosort.io  DEBUG    Allocated:     0.30 %     |      0.01   /     4.00 GB
2026-07-18 06:09:10,441 kilosort.io  DEBUG    Max alloc:     0.30 %     |      0.01   /     4.00 GB
2026-07-18 06:09:10,441 kilosort.io  DEBUG    ********************************************************
2026-07-18 06:09:10,536 kilosort.run_kilosort INFO     70 units found with good refractory periods
2026-07-18 06:09:10,567 kilosort.run_kilosort INFO     Exporting to Phy took: 13.34s
2026-07-18 06:09:10,567 kilosort.run_kilosort INFO     Total runtime: 3128.82s = 00:52:9 h:m:s
2026-07-18 06:09:10,615 kilosort.run_kilosort INFO     Sorting output saved in: G:\ACADEMIC\week8_partial_dct_kilosort_runs\cde63527_probe01_partial_20260712_222836\ratio_0.70\kilosort4_dct.
2026-07-18 06:09:10,615 kilosort.run_kilosort DEBUG    

|===========================================================================|
|                  PyTorch CUDA memory summary, device ID 0                 |
|---------------------------------------------------------------------------|
|            CUDA OOMs: 0            |        cudaMalloc retries: 0         |
|===========================================================================|
|        Metric         | Cur Usage  | Peak Usage | Tot Alloc  | Tot Freed  |
|---------------------------------------------------------------------------|
| Allocated memory      |  11919 KiB |  12492 KiB |  26788 GiB |  26788 GiB |
|---------------------------------------------------------------------------|
| Active memory         |  11919 KiB |  12492 KiB |  26788 GiB |  26788 GiB |
|---------------------------------------------------------------------------|
| Requested memory      |  11915 KiB |  12488 KiB |  26775 GiB |  26775 GiB |
|---------------------------------------------------------------------------|
| GPU reserved memory   |  55296 KiB |  55296 KiB |    933 GiB |    933 GiB |
|---------------------------------------------------------------------------|
| Non-releasable memory |  41329 KiB |  41329 KiB |   9520 GiB |   9520 GiB |
|---------------------------------------------------------------------------|
| Allocations           |      12    |      13    |    2376 K  |    2376 K  |
|---------------------------------------------------------------------------|
| Active allocs         |      12    |      13    |    2376 K  |    2376 K  |
|---------------------------------------------------------------------------|
| GPU reserved segments |       5    |       5    |    2832    |    2827    |
|---------------------------------------------------------------------------|
| Non-releasable allocs |      11    |      11    |    1008 K  |    1008 K  |
|---------------------------------------------------------------------------|
| Oversize allocations  |       0    |       0    |       0    |       0    |
|---------------------------------------------------------------------------|
| Oversize GPU segments |       0    |       0    |       0    |       0    |
|===========================================================================|


2026-07-18 06:09:10,615 kilosort.run_kilosort INFO      
2026-07-18 06:09:10,615 kilosort.run_kilosort INFO     Resource usage after saving
2026-07-18 06:09:10,615 kilosort.run_kilosort INFO     ********************************************************
2026-07-18 06:09:10,615 kilosort.run_kilosort INFO     CPU usage:    11.80 %
2026-07-18 06:09:10,615 kilosort.run_kilosort INFO     Mem used:     60.90 %     |       9.53 GB
2026-07-18 06:09:10,615 kilosort.run_kilosort INFO     Mem avail:     6.12 / 15.65 GB
2026-07-18 06:09:10,615 kilosort.run_kilosort INFO     ------------------------------------------------------
2026-07-18 06:09:10,615 kilosort.run_kilosort INFO     GPU usage:    `conda install pynvml` for GPU usage
2026-07-18 06:09:10,615 kilosort.run_kilosort INFO     GPU memory:   22.41 %     |      0.90   /     4.00 GB
2026-07-18 06:09:10,615 kilosort.run_kilosort INFO     Allocated:     0.28 %     |      0.01   /     4.00 GB
2026-07-18 06:09:10,615 kilosort.run_kilosort INFO     Max alloc:     0.30 %     |      0.01   /     4.00 GB
2026-07-18 06:09:10,615 kilosort.run_kilosort INFO     ********************************************************
2026-07-18 06:09:10,615 kilosort.run_kilosort DEBUG    
2026-07-18 06:09:10,615 kilosort.run_kilosort DEBUG    --------------------
2026-07-18 06:09:10,615 kilosort.run_kilosort DEBUG    Process thread count: N/A (linux only)
2026-07-18 06:09:10,615 kilosort.run_kilosort DEBUG    num torch threads: 8
2026-07-18 06:09:10,615 kilosort.run_kilosort DEBUG    --------------------

2026-07-18 06:09:10,615 kilosort.run_kilosort INFO     Generating spike position plot ...
2026-07-18 06:09:37,176 kilosort.run_kilosort INFO     Sorting finished.
2026-07-18 06:09:37,176 kilosort.run_kilosort INFO      
2026-07-18 06:09:37,176 kilosort.run_kilosort INFO     ********************************************************
2026-07-18 06:09:37,176 kilosort.run_kilosort INFO     Sorting summary
2026-07-18 06:09:37,176 kilosort.run_kilosort INFO     --------------------------------------------------------
2026-07-18 06:09:37,176 kilosort.run_kilosort INFO     Total number of units:                              192
2026-07-18 06:09:37,176 kilosort.run_kilosort INFO     Number of good units:                                70
2026-07-18 06:09:37,176 kilosort.run_kilosort INFO     Number of spikes                                 467667
2026-07-18 06:09:37,176 kilosort.run_kilosort INFO     Mean abs. drift                                  0.3 um
2026-07-18 06:09:37,176 kilosort.run_kilosort INFO     Total runtime                                  3128.82s
2026-07-18 06:09:37,176 kilosort.run_kilosort INFO      
2026-07-18 06:09:37,176 kilosort.run_kilosort INFO     Runtime by step
2026-07-18 06:09:37,176 kilosort.run_kilosort INFO     --------------------------------------------------------
2026-07-18 06:09:37,176 kilosort.run_kilosort INFO     preprocessing:                          4.3s   (0.14) %
2026-07-18 06:09:37,176 kilosort.run_kilosort INFO     drift corr:                          1448.9s  (46.31) %
2026-07-18 06:09:37,176 kilosort.run_kilosort INFO     spike det. (univ):                   1306.8s  (41.77) %
2026-07-18 06:09:37,176 kilosort.run_kilosort INFO     cluster (temp):                       135.0s   (4.32) %
2026-07-18 06:09:37,176 kilosort.run_kilosort INFO     spike det. (learn):                    68.5s   (2.19) %
2026-07-18 06:09:37,176 kilosort.run_kilosort INFO     cluster (final):                      122.7s   (3.92) %
2026-07-18 06:09:37,176 kilosort.run_kilosort INFO     cluster merge:                          1.6s   (0.05) %
2026-07-18 06:09:37,176 kilosort.run_kilosort INFO     postprocessing:                        13.3s   (0.43) %
2026-07-18 06:09:37,176 kilosort.run_kilosort INFO      
2026-07-18 06:09:37,176 kilosort.run_kilosort INFO     Memory usage by step
2026-07-18 06:09:37,176 kilosort.run_kilosort INFO     --------------------------------------------------------
2026-07-18 06:09:37,176 kilosort.run_kilosort INFO     preprocessing:         sys     7.1 GB  |  gpu    1.3 GB
2026-07-18 06:09:37,176 kilosort.run_kilosort INFO     drift corr:            sys     9.7 GB  |  gpu    3.8 GB
2026-07-18 06:09:37,176 kilosort.run_kilosort INFO     spike det. (univ):     sys     9.3 GB  |  gpu    3.9 GB
2026-07-18 06:09:37,176 kilosort.run_kilosort INFO     cluster (temp):        sys     9.3 GB  |  gpu    0.3 GB
2026-07-18 06:09:37,176 kilosort.run_kilosort INFO     spike det. (learn):    sys     9.3 GB  |  gpu    1.4 GB
2026-07-18 06:09:37,176 kilosort.run_kilosort INFO     cluster (final):       sys     9.4 GB  |  gpu    0.1 GB
2026-07-18 06:09:37,176 kilosort.run_kilosort INFO     cluster merge:         sys     9.5 GB  |  gpu    0.1 GB
2026-07-18 06:09:37,176 kilosort.run_kilosort INFO     postprocessing:        sys     9.5 GB  |  gpu    0.0 GB
2026-07-18 06:09:37,176 kilosort.run_kilosort INFO     ********************************************************
