2026-05-18 18:15:54,723 kilosort.run_kilosort INFO     Kilosort version 4.1.7
2026-05-18 18:15:54,724 kilosort.run_kilosort INFO     Python version 3.11.15
2026-05-18 18:15:54,725 kilosort.run_kilosort INFO     ----------------------------------------
2026-05-18 18:15:54,726 kilosort.run_kilosort INFO     System information:
2026-05-18 18:15:54,730 kilosort.run_kilosort INFO     Windows-10-10.0.26200-SP0 AMD64
2026-05-18 18:15:54,731 kilosort.run_kilosort INFO     Intel64 Family 6 Model 186 Stepping 2, GenuineIntel
2026-05-18 18:15:54,734 kilosort.run_kilosort INFO     Using GPU for PyTorch computations. Specify `device` to change this.
2026-05-18 18:15:54,737 kilosort.run_kilosort INFO     Using CUDA device: NVIDIA GeForce RTX 2050 4.00GB
2026-05-18 18:15:54,739 kilosort.run_kilosort INFO     ----------------------------------------
2026-05-18 18:15:54,741 kilosort.run_kilosort INFO     Sorting [WindowsPath('whitened_recon_ratio_0.10.bin')]
2026-05-18 18:15:54,743 kilosort.run_kilosort INFO     Skipping common average reference.
2026-05-18 18:15:54,745 kilosort.run_kilosort INFO     Unrecognized keys found in `settings`
2026-05-18 18:15:54,749 kilosort.run_kilosort INFO     See `kilosort.run_kilosort.RECOGNIZED_SETTINGS`
2026-05-18 18:15:54,751 kilosort.run_kilosort ERROR    Encountered error in `run_kilosort`:
Traceback (most recent call last):
  File "E:\Anaconda\envs\kilosort\Lib\site-packages\kilosort\run_kilosort.py", line 258, in _sort
    ops, settings = initialize_ops(
                    ^^^^^^^^^^^^^^^
  File "E:\Anaconda\envs\kilosort\Lib\site-packages\kilosort\run_kilosort.py", line 530, in initialize_ops
    raise ValueError(f'Unrecognized settings: {unrecognized}')
ValueError: Unrecognized settings: ['preprocessing']
