2026-07-18 12:26:16,006 kilosort.run_kilosort INFO     Kilosort version 4.1.7
2026-07-18 12:26:16,006 kilosort.run_kilosort INFO     Python version 3.11.15
2026-07-18 12:26:16,006 kilosort.run_kilosort INFO     ----------------------------------------
2026-07-18 12:26:16,006 kilosort.run_kilosort INFO     System information:
2026-07-18 12:26:16,039 kilosort.run_kilosort INFO     Windows-10-10.0.26200-SP0 AMD64
2026-07-18 12:26:16,039 kilosort.run_kilosort INFO     Intel64 Family 6 Model 186 Stepping 2, GenuineIntel
2026-07-18 12:26:17,805 kilosort.run_kilosort INFO     Using GPU for PyTorch computations. Specify `device` to change this.
2026-07-18 12:26:17,982 kilosort.run_kilosort INFO     Using CUDA device: NVIDIA GeForce RTX 2050 4.00GB
2026-07-18 12:26:17,982 kilosort.run_kilosort INFO     ----------------------------------------
2026-07-18 12:26:17,982 kilosort.run_kilosort INFO     Sorting [WindowsPath('G:/academic/week8_partial_dct_kilosort_runs/dd4da095_probe00_partial_20260712_222836/ratio_0.50/dd4da095_probe00_partial_20260712_222836_ratio_0.50_dctwin_600samp_preprocessed_int16.bin')]
2026-07-18 12:26:17,982 kilosort.run_kilosort INFO     Skipping common average reference.
2026-07-18 12:26:17,982 kilosort.run_kilosort INFO     clear_cache=True
2026-07-18 12:26:17,982 kilosort.run_kilosort DEBUG    Initial ops:

ops = {
    'n_chan_bin': 385,
    'fs': 30000.0,
    'batch_size': 60000,
    'nblocks': 1,
    'Th_universal': 9,
    'Th_learned': 8,
    'tmin': 0,
    'tmax': inf,
    'nt': 61,
    'shift': None,
    'scale': None,
    'batch_downsampling': 1,
    'artifact_threshold': inf,
    'nskip': 25,
    'whitening_range': 32,
    'highpass_cutoff': 300,
    'binning_depth': 5,
    'sig_interp': 20,
    'drift_smoothing': [0.5, 0.5, 0.5],
    'nt0min': 20,
    'dmin': None,
    'dminx': 32,
    'min_template_size': 10,
    'template_sizes': 5,
    'nearest_chans': 25,
    'nearest_templates': 100,
    'max_channel_distance': 32,
    'max_peels': 100,
    'templates_from_data': True,
    'n_templates': 6,
    'n_pcs': 3,
    'Th_single_ch': 6,
    'acg_threshold': 0.2,
    'ccg_threshold': 0.25,
    'cluster_neighbors': 10,
    'cluster_downsampling': 20,
    'max_cluster_subset': 25000,
    'x_centers': None,
    'cluster_init_seed': 5,
    'duplicate_spike_ms': 0.25,
    'position_limit': 100,
    'filename': [   WindowsPath('G:/academic/week8_partial_dct_kilosort_runs/dd4da095_probe00_partial_20260712_222836/ratio_0.50/dd4da095_probe00_partial_20260712_222836_ratio_0.50_dctwin_600samp_preprocessed_int16.bin')],
    'data_dir': WindowsPath('G:/academic/week8_partial_dct_kilosort_runs/dd4da095_probe00_partial_20260712_222836/ratio_0.50'),
    'data_dtype': 'int16',
    'do_CAR': False,
    'invert_sign': False,
    'NTbuff': 60122,
    'Nchan': 383,
    'duplicate_spike_bins': 7,
    'torch_device': 'cuda',
    'save_preprocessed_copy': False
}

2026-07-18 12:26:18,029 kilosort.run_kilosort DEBUG    Probe dictionary:

probe = {
    'xc': np.array([43., 11., 59., 27., 43., 11., 59., 27., 43., 11., 59., 27., 43.,
       11., 59., 27., 43., 11., 59., 27., 43., 11., 59., 27., 43., 11.,
       59., 27., 43., 11., 59., 27., 43., 11., 59., 27., 43., 11., 59.,
       27., 43., 11., 59., 27., 43., 11., 59., 27., 43., 11., 59., 27.,
       43., 11., 59., 27., 43., 11., 59., 27., 43., 11., 59., 27., 43.,
       11., 59., 27., 43., 11., 59., 27., 43., 11., 59., 27., 43., 11.,
       59., 27., 43., 11., 59., 27., 43., 11., 59., 27., 43., 11., 59.,
       27., 43., 11., 59., 27., 43., 11., 59., 27., 43., 11., 59., 27.,
       43., 11., 59., 27., 43., 11., 59., 27., 43., 11., 59., 27., 43.,
       11., 59., 27., 43., 11., 59., 27., 43., 11., 59., 27., 43., 11.,
       59., 27., 43., 11., 59., 27., 43., 11., 59., 27., 43., 11., 59.,
       27., 43., 11., 59., 27., 43., 11., 59., 27., 43., 11., 59., 27.,
       43., 11., 59., 27., 43., 11., 59., 27., 43., 11., 59., 27., 43.,
       11., 59., 27., 43., 11., 59., 27., 43., 11., 59., 27., 43., 11.,
       59., 27., 43., 11., 59., 27., 43., 11., 59., 43., 11., 59., 27.,
       43., 11., 59., 27., 43., 11., 59., 27., 43., 11., 59., 27., 43.,
       11., 59., 27., 43., 11., 59., 27., 43., 11., 59., 27., 43., 11.,
       59., 27., 43., 11., 59., 27., 43., 11., 59., 27., 43., 11., 59.,
       27., 43., 11., 59., 27., 43., 11., 59., 27., 43., 11., 59., 27.,
       43., 11., 59., 27., 43., 11., 59., 27., 43., 11., 59., 27., 43.,
       11., 59., 27., 43., 11., 59., 27., 43., 11., 59., 27., 43., 11.,
       59., 27., 43., 11., 59., 27., 43., 11., 59., 27., 43., 11., 59.,
       27., 43., 11., 59., 27., 43., 11., 59., 27., 43., 11., 59., 27.,
       43., 11., 59., 27., 43., 11., 59., 27., 43., 11., 59., 27., 43.,
       11., 59., 27., 43., 11., 59., 27., 43., 11., 59., 27., 43., 11.,
       59., 27., 43., 11., 59., 27., 43., 11., 59., 27., 43., 11., 59.,
       27., 43., 11., 59., 27., 43., 11., 59., 27., 43., 11., 59., 27.,
       43., 11., 59., 27., 43., 11., 59., 27., 43., 11., 59., 27., 43.,
       11., 59., 27., 43., 11., 59., 27., 43., 11., 59., 27., 43., 11.,
       59., 27., 43., 11., 59., 27.], dtype=np.float32),
    'yc': np.array([  20.,   20.,   40.,   40.,   60.,   60.,   80.,   80.,  100.,
        100.,  120.,  120.,  140.,  140.,  160.,  160.,  180.,  180.,
        200.,  200.,  220.,  220.,  240.,  240.,  260.,  260.,  280.,
        280.,  300.,  300.,  320.,  320.,  340.,  340.,  360.,  360.,
        380.,  380.,  400.,  400.,  420.,  420.,  440.,  440.,  460.,
        460.,  480.,  480.,  500.,  500.,  520.,  520.,  540.,  540.,
        560.,  560.,  580.,  580.,  600.,  600.,  620.,  620.,  640.,
        640.,  660.,  660.,  680.,  680.,  700.,  700.,  720.,  720.,
        740.,  740.,  760.,  760.,  780.,  780.,  800.,  800.,  820.,
        820.,  840.,  840.,  860.,  860.,  880.,  880.,  900.,  900.,
        920.,  920.,  940.,  940.,  960.,  960.,  980.,  980., 1000.,
       1000., 1020., 1020., 1040., 1040., 1060., 1060., 1080., 1080.,
       1100., 1100., 1120., 1120., 1140., 1140., 1160., 1160., 1180.,
       1180., 1200., 1200., 1220., 1220., 1240., 1240., 1260., 1260.,
       1280., 1280., 1300., 1300., 1320., 1320., 1340., 1340., 1360.,
       1360., 1380., 1380., 1400., 1400., 1420., 1420., 1440., 1440.,
       1460., 1460., 1480., 1480., 1500., 1500., 1520., 1520., 1540.,
       1540., 1560., 1560., 1580., 1580., 1600., 1600., 1620., 1620.,
       1640., 1640., 1660., 1660., 1680., 1680., 1700., 1700., 1720.,
       1720., 1740., 1740., 1760., 1760., 1780., 1780., 1800., 1800.,
       1820., 1820., 1840., 1840., 1860., 1860., 1880., 1880., 1900.,
       1900., 1920., 1940., 1940., 1960., 1960., 1980., 1980., 2000.,
       2000., 2020., 2020., 2040., 2040., 2060., 2060., 2080., 2080.,
       2100., 2100., 2120., 2120., 2140., 2140., 2160., 2160., 2180.,
       2180., 2200., 2200., 2220., 2220., 2240., 2240., 2260., 2260.,
       2280., 2280., 2300., 2300., 2320., 2320., 2340., 2340., 2360.,
       2360., 2380., 2380., 2400., 2400., 2420., 2420., 2440., 2440.,
       2460., 2460., 2480., 2480., 2500., 2500., 2520., 2520., 2540.,
       2540., 2560., 2560., 2580., 2580., 2600., 2600., 2620., 2620.,
       2640., 2640., 2660., 2660., 2680., 2680., 2700., 2700., 2720.,
       2720., 2740., 2740., 2760., 2760., 2780., 2780., 2800., 2800.,
       2820., 2820., 2840., 2840., 2860., 2860., 2880., 2880., 2900.,
       2900., 2920., 2920., 2940., 2940., 2960., 2960., 2980., 2980.,
       3000., 3000., 3020., 3020., 3040., 3040., 3060., 3060., 3080.,
       3080., 3100., 3100., 3120., 3120., 3140., 3140., 3160., 3160.,
       3180., 3180., 3200., 3200., 3220., 3220., 3240., 3240., 3260.,
       3260., 3280., 3280., 3300., 3300., 3320., 3320., 3340., 3340.,
       3360., 3360., 3380., 3380., 3400., 3400., 3420., 3420., 3440.,
       3440., 3460., 3460., 3480., 3480., 3500., 3500., 3520., 3520.,
       3540., 3540., 3560., 3560., 3580., 3580., 3600., 3600., 3620.,
       3620., 3640., 3640., 3660., 3660., 3680., 3680., 3700., 3700.,
       3720., 3720., 3740., 3740., 3760., 3760., 3780., 3780., 3800.,
       3800., 3820., 3820., 3840., 3840.], dtype=np.float32),
    'kcoords': np.array([0., 0., 0., 0., 0., 0., 0., 0., 0., 0., 0., 0., 0., 0., 0., 0., 0.,
       0., 0., 0., 0., 0., 0., 0., 0., 0., 0., 0., 0., 0., 0., 0., 0., 0.,
       0., 0., 0., 0., 0., 0., 0., 0., 0., 0., 0., 0., 0., 0., 0., 0., 0.,
       0., 0., 0., 0., 0., 0., 0., 0., 0., 0., 0., 0., 0., 0., 0., 0., 0.,
       0., 0., 0., 0., 0., 0., 0., 0., 0., 0., 0., 0., 0., 0., 0., 0., 0.,
       0., 0., 0., 0., 0., 0., 0., 0., 0., 0., 0., 0., 0., 0., 0., 0., 0.,
       0., 0., 0., 0., 0., 0., 0., 0., 0., 0., 0., 0., 0., 0., 0., 0., 0.,
       0., 0., 0., 0., 0., 0., 0., 0., 0., 0., 0., 0., 0., 0., 0., 0., 0.,
       0., 0., 0., 0., 0., 0., 0., 0., 0., 0., 0., 0., 0., 0., 0., 0., 0.,
       0., 0., 0., 0., 0., 0., 0., 0., 0., 0., 0., 0., 0., 0., 0., 0., 0.,
       0., 0., 0., 0., 0., 0., 0., 0., 0., 0., 0., 0., 0., 0., 0., 0., 0.,
       0., 0., 0., 0., 0., 0., 0., 0., 0., 0., 0., 0., 0., 0., 0., 0., 0.,
       0., 0., 0., 0., 0., 0., 0., 0., 0., 0., 0., 0., 0., 0., 0., 0., 0.,
       0., 0., 0., 0., 0., 0., 0., 0., 0., 0., 0., 0., 0., 0., 0., 0., 0.,
       0., 0., 0., 0., 0., 0., 0., 0., 0., 0., 0., 0., 0., 0., 0., 0., 0.,
       0., 0., 0., 0., 0., 0., 0., 0., 0., 0., 0., 0., 0., 0., 0., 0., 0.,
       0., 0., 0., 0., 0., 0., 0., 0., 0., 0., 0., 0., 0., 0., 0., 0., 0.,
       0., 0., 0., 0., 0., 0., 0., 0., 0., 0., 0., 0., 0., 0., 0., 0., 0.,
       0., 0., 0., 0., 0., 0., 0., 0., 0., 0., 0., 0., 0., 0., 0., 0., 0.,
       0., 0., 0., 0., 0., 0., 0., 0., 0., 0., 0., 0., 0., 0., 0., 0., 0.,
       0., 0., 0., 0., 0., 0., 0., 0., 0., 0., 0., 0., 0., 0., 0., 0., 0.,
       0., 0., 0., 0., 0., 0., 0., 0., 0., 0., 0., 0., 0., 0., 0., 0., 0.,
       0., 0., 0., 0., 0., 0., 0., 0., 0.], dtype=np.float32),
    'chanMap': np.array([  0,   1,   2,   3,   4,   5,   6,   7,   8,   9,  10,  11,  12,
        13,  14,  15,  16,  17,  18,  19,  20,  21,  22,  23,  24,  25,
        26,  27,  28,  29,  30,  31,  32,  33,  34,  35,  36,  37,  38,
        39,  40,  41,  42,  43,  44,  45,  46,  47,  48,  49,  50,  51,
        52,  53,  54,  55,  56,  57,  58,  59,  60,  61,  62,  63,  64,
        65,  66,  67,  68,  69,  70,  71,  72,  73,  74,  75,  76,  77,
        78,  79,  80,  81,  82,  83,  84,  85,  86,  87,  88,  89,  90,
        91,  92,  93,  94,  95,  96,  97,  98,  99, 100, 101, 102, 103,
       104, 105, 106, 107, 108, 109, 110, 111, 112, 113, 114, 115, 116,
       117, 118, 119, 120, 121, 122, 123, 124, 125, 126, 127, 128, 129,
       130, 131, 132, 133, 134, 135, 136, 137, 138, 139, 140, 141, 142,
       143, 144, 145, 146, 147, 148, 149, 150, 151, 152, 153, 154, 155,
       156, 157, 158, 159, 160, 161, 162, 163, 164, 165, 166, 167, 168,
       169, 170, 171, 172, 173, 174, 175, 176, 177, 178, 179, 180, 181,
       182, 183, 184, 185, 186, 187, 188, 189, 190, 192, 193, 194, 195,
       196, 197, 198, 199, 200, 201, 202, 203, 204, 205, 206, 207, 208,
       209, 210, 211, 212, 213, 214, 215, 216, 217, 218, 219, 220, 221,
       222, 223, 224, 225, 226, 227, 228, 229, 230, 231, 232, 233, 234,
       235, 236, 237, 238, 239, 240, 241, 242, 243, 244, 245, 246, 247,
       248, 249, 250, 251, 252, 253, 254, 255, 256, 257, 258, 259, 260,
       261, 262, 263, 264, 265, 266, 267, 268, 269, 270, 271, 272, 273,
       274, 275, 276, 277, 278, 279, 280, 281, 282, 283, 284, 285, 286,
       287, 288, 289, 290, 291, 292, 293, 294, 295, 296, 297, 298, 299,
       300, 301, 302, 303, 304, 305, 306, 307, 308, 309, 310, 311, 312,
       313, 314, 315, 316, 317, 318, 319, 320, 321, 322, 323, 324, 325,
       326, 327, 328, 329, 330, 331, 332, 333, 334, 335, 336, 337, 338,
       339, 340, 341, 342, 343, 344, 345, 346, 347, 348, 349, 350, 351,
       352, 353, 354, 355, 356, 357, 358, 359, 360, 361, 362, 363, 364,
       365, 366, 367, 368, 369, 370, 371, 372, 373, 374, 375, 376, 377,
       378, 379, 380, 381, 382, 383], dtype=np.int32),
    'n_chan': 384
}

2026-07-18 12:26:18,777 kilosort.run_kilosort INFO      
2026-07-18 12:26:18,777 kilosort.run_kilosort INFO     Resource usage before sorting
2026-07-18 12:26:18,777 kilosort.run_kilosort INFO     ********************************************************
2026-07-18 12:26:18,777 kilosort.run_kilosort INFO     CPU usage:    23.70 %
2026-07-18 12:26:18,777 kilosort.run_kilosort INFO     Mem used:     45.00 %     |       7.04 GB
2026-07-18 12:26:18,777 kilosort.run_kilosort INFO     Mem avail:     8.61 / 15.65 GB
2026-07-18 12:26:18,777 kilosort.run_kilosort INFO     ------------------------------------------------------
2026-07-18 12:26:18,777 kilosort.run_kilosort INFO     GPU usage:    `conda install pynvml` for GPU usage
2026-07-18 12:26:18,777 kilosort.run_kilosort INFO     GPU memory:   19.43 %     |      0.78   /     4.00 GB
2026-07-18 12:26:18,777 kilosort.run_kilosort INFO     Allocated:     0.00 %     |      0.00   /     4.00 GB
2026-07-18 12:26:18,777 kilosort.run_kilosort INFO     Max alloc:     0.00 %     |      0.00   /     4.00 GB
2026-07-18 12:26:18,777 kilosort.run_kilosort INFO     ********************************************************
2026-07-18 12:26:18,777 kilosort.run_kilosort DEBUG    
2026-07-18 12:26:18,777 kilosort.run_kilosort DEBUG    --------------------
2026-07-18 12:26:18,777 kilosort.run_kilosort DEBUG    Process thread count: N/A (linux only)
2026-07-18 12:26:18,777 kilosort.run_kilosort DEBUG    num torch threads: 8
2026-07-18 12:26:18,777 kilosort.run_kilosort DEBUG    --------------------

2026-07-18 12:26:18,777 kilosort.run_kilosort INFO      
2026-07-18 12:26:18,777 kilosort.run_kilosort INFO     Computing preprocessing variables.
2026-07-18 12:26:18,777 kilosort.run_kilosort INFO     ----------------------------------------
2026-07-18 12:26:21,418 kilosort.run_kilosort INFO     N samples: 6420000
2026-07-18 12:26:21,418 kilosort.run_kilosort INFO     N seconds: 214.0
2026-07-18 12:26:21,418 kilosort.run_kilosort INFO     N batches: 107
2026-07-18 12:26:27,146 kilosort.run_kilosort INFO     Preprocessing filters computed in 8.37s; total 9.16s
2026-07-18 12:26:27,146 kilosort.run_kilosort DEBUG    hp_filter shape: torch.Size([30122])
2026-07-18 12:26:27,146 kilosort.run_kilosort DEBUG    whiten_mat shape: torch.Size([383, 383])
2026-07-18 12:26:27,449 kilosort.run_kilosort DEBUG    First batch min, max: (np.float32(-7415.514), np.float32(3142.3252))
2026-07-18 12:26:27,449 kilosort.run_kilosort INFO      
2026-07-18 12:26:27,449 kilosort.run_kilosort INFO     Resource usage after preprocessing
2026-07-18 12:26:27,449 kilosort.run_kilosort INFO     ********************************************************
2026-07-18 12:26:27,449 kilosort.run_kilosort INFO     CPU usage:    29.90 %
2026-07-18 12:26:27,449 kilosort.run_kilosort INFO     Mem used:     47.10 %     |       7.37 GB
2026-07-18 12:26:27,449 kilosort.run_kilosort INFO     Mem avail:     8.28 / 15.65 GB
2026-07-18 12:26:27,449 kilosort.run_kilosort INFO     ------------------------------------------------------
2026-07-18 12:26:27,449 kilosort.run_kilosort INFO     GPU usage:    `conda install pynvml` for GPU usage
2026-07-18 12:26:27,459 kilosort.run_kilosort INFO     GPU memory:   61.28 %     |      2.45   /     4.00 GB
2026-07-18 12:26:27,459 kilosort.run_kilosort INFO     Allocated:     0.21 %     |      0.01   /     4.00 GB
2026-07-18 12:26:27,459 kilosort.run_kilosort INFO     Max alloc:    32.60 %     |      1.30   /     4.00 GB
2026-07-18 12:26:27,459 kilosort.run_kilosort INFO     ********************************************************
2026-07-18 12:26:27,631 kilosort.run_kilosort INFO      
2026-07-18 12:26:27,631 kilosort.run_kilosort INFO     Computing drift correction.
2026-07-18 12:26:27,631 kilosort.run_kilosort INFO     ----------------------------------------
2026-07-18 12:26:27,631 kilosort.spikedetect INFO     Re-computing universal templates from data.
2026-07-18 12:26:31,286 kilosort.spikedetect INFO     Number of universal templates: 1532
2026-07-18 12:26:32,258 kilosort.spikedetect INFO     Detecting spikes...
2026-07-18 12:26:32,274 kilosort.spikedetect DEBUG     
2026-07-18 12:26:32,274 kilosort.spikedetect DEBUG    Batch 0 of 106 (0.0%)
2026-07-18 12:26:32,274 kilosort.spikedetect DEBUG    ********************************************************
2026-07-18 12:26:32,274 kilosort.spikedetect DEBUG    CPU usage:    35.50 %
2026-07-18 12:26:32,274 kilosort.spikedetect DEBUG    Mem used:     48.00 %     |       7.51 GB
2026-07-18 12:26:32,274 kilosort.spikedetect DEBUG    Mem avail:     8.14 / 15.65 GB
2026-07-18 12:26:32,274 kilosort.spikedetect DEBUG    ------------------------------------------------------
2026-07-18 12:26:32,274 kilosort.spikedetect DEBUG    GPU usage:    `conda install pynvml` for GPU usage
2026-07-18 12:26:32,274 kilosort.spikedetect DEBUG    GPU memory:   61.28 %     |      2.45   /     4.00 GB
2026-07-18 12:26:32,274 kilosort.spikedetect DEBUG    Allocated:     0.27 %     |      0.01   /     4.00 GB
2026-07-18 12:26:32,274 kilosort.spikedetect DEBUG    Max alloc:    32.61 %     |      1.30   /     4.00 GB
2026-07-18 12:26:32,274 kilosort.spikedetect DEBUG    ********************************************************
2026-07-18 12:49:26,136 kilosort.spikedetect DEBUG     
2026-07-18 12:49:26,136 kilosort.spikedetect DEBUG    Batch 106 of 106 (99.1%)
2026-07-18 12:49:26,136 kilosort.spikedetect DEBUG    ********************************************************
2026-07-18 12:49:26,136 kilosort.spikedetect DEBUG    CPU usage:    16.70 %
2026-07-18 12:49:26,136 kilosort.spikedetect DEBUG    Mem used:     54.90 %     |       8.58 GB
2026-07-18 12:49:26,136 kilosort.spikedetect DEBUG    Mem avail:     7.07 / 15.65 GB
2026-07-18 12:49:26,136 kilosort.spikedetect DEBUG    ------------------------------------------------------
2026-07-18 12:49:26,136 kilosort.spikedetect DEBUG    GPU usage:    `conda install pynvml` for GPU usage
2026-07-18 12:49:26,136 kilosort.spikedetect DEBUG    GPU memory:   26.61 %     |      1.06   /     4.00 GB
2026-07-18 12:49:26,136 kilosort.spikedetect DEBUG    Allocated:     3.05 %     |      0.12   /     4.00 GB
2026-07-18 12:49:26,136 kilosort.spikedetect DEBUG    Max alloc:    96.29 %     |      3.85   /     4.00 GB
2026-07-18 12:49:26,136 kilosort.spikedetect DEBUG    ********************************************************
2026-07-18 12:49:27,055 kilosort.run_kilosort INFO     drift computed in 1379.42s; total 1389.07s
2026-07-18 12:49:27,055 kilosort.run_kilosort DEBUG    st shape: (477653, 6)
2026-07-18 12:49:27,055 kilosort.run_kilosort DEBUG    yblk shape: (1,)
2026-07-18 12:49:27,055 kilosort.run_kilosort DEBUG    dshift shape: (107, 1)
2026-07-18 12:49:27,055 kilosort.run_kilosort DEBUG    iKxx shape: torch.Size([383, 383])
2026-07-18 12:49:27,071 kilosort.run_kilosort DEBUG    

|===========================================================================|
|                  PyTorch CUDA memory summary, device ID 0                 |
|---------------------------------------------------------------------------|
|            CUDA OOMs: 0            |        cudaMalloc retries: 0         |
|===========================================================================|
|        Metric         | Cur Usage  | Peak Usage | Tot Alloc  | Tot Freed  |
|---------------------------------------------------------------------------|
| Allocated memory      |  11832 KiB |   3943 MiB |  12569 GiB |  12569 GiB |
|---------------------------------------------------------------------------|
| Active memory         |  11832 KiB |   3943 MiB |  12569 GiB |  12569 GiB |
|---------------------------------------------------------------------------|
| Requested memory      |  11829 KiB |   3941 MiB |  12566 GiB |  12566 GiB |
|---------------------------------------------------------------------------|
| GPU reserved memory   | 235520 KiB |   4822 MiB | 483204 MiB | 482974 MiB |
|---------------------------------------------------------------------------|
| Non-releasable memory |  41415 KiB |   1524 MiB |   3002 GiB |   3002 GiB |
|---------------------------------------------------------------------------|
| Allocations           |       9    |      37    |   81616    |   81607    |
|---------------------------------------------------------------------------|
| Active allocs         |       9    |      37    |   81616    |   81607    |
|---------------------------------------------------------------------------|
| GPU reserved segments |       7    |      19    |    1353    |    1346    |
|---------------------------------------------------------------------------|
| Non-releasable allocs |      10    |      26    |   35898    |   35888    |
|---------------------------------------------------------------------------|
| Oversize allocations  |       0    |       0    |       0    |       0    |
|---------------------------------------------------------------------------|
| Oversize GPU segments |       0    |       0    |       0    |       0    |
|===========================================================================|


2026-07-18 12:49:27,071 kilosort.run_kilosort INFO      
2026-07-18 12:49:27,071 kilosort.run_kilosort INFO     Resource usage after drift correction
2026-07-18 12:49:27,071 kilosort.run_kilosort INFO     ********************************************************
2026-07-18 12:49:27,071 kilosort.run_kilosort INFO     CPU usage:     0.00 %
2026-07-18 12:49:27,071 kilosort.run_kilosort INFO     Mem used:     54.10 %     |       8.46 GB
2026-07-18 12:49:27,071 kilosort.run_kilosort INFO     Mem avail:     7.19 / 15.65 GB
2026-07-18 12:49:27,071 kilosort.run_kilosort INFO     ------------------------------------------------------
2026-07-18 12:49:27,071 kilosort.run_kilosort INFO     GPU usage:    `conda install pynvml` for GPU usage
2026-07-18 12:49:27,071 kilosort.run_kilosort INFO     GPU memory:   26.66 %     |      1.07   /     4.00 GB
2026-07-18 12:49:27,071 kilosort.run_kilosort INFO     Allocated:     0.28 %     |      0.01   /     4.00 GB
2026-07-18 12:49:27,071 kilosort.run_kilosort INFO     Max alloc:    96.29 %     |      3.85   /     4.00 GB
2026-07-18 12:49:27,071 kilosort.run_kilosort INFO     ********************************************************
2026-07-18 12:49:27,077 kilosort.run_kilosort DEBUG    
2026-07-18 12:49:27,077 kilosort.run_kilosort DEBUG    --------------------
2026-07-18 12:49:27,077 kilosort.run_kilosort DEBUG    Process thread count: N/A (linux only)
2026-07-18 12:49:27,077 kilosort.run_kilosort DEBUG    num torch threads: 8
2026-07-18 12:49:27,077 kilosort.run_kilosort DEBUG    --------------------

2026-07-18 12:49:27,077 kilosort.run_kilosort INFO     Generating drift plots ...
2026-07-18 12:49:55,507 kilosort.run_kilosort INFO      
2026-07-18 12:49:55,507 kilosort.run_kilosort INFO     Extracting spikes using templates
2026-07-18 12:49:55,507 kilosort.run_kilosort INFO     ----------------------------------------
2026-07-18 12:49:55,507 kilosort.spikedetect INFO     Re-computing universal templates from data.
2026-07-18 12:49:58,402 kilosort.spikedetect INFO     Number of universal templates: 1532
2026-07-18 12:49:59,052 kilosort.spikedetect INFO     Detecting spikes...
2026-07-18 12:49:59,055 kilosort.spikedetect DEBUG     
2026-07-18 12:49:59,055 kilosort.spikedetect DEBUG    Batch 0 of 106 (0.0%)
2026-07-18 12:49:59,055 kilosort.spikedetect DEBUG    ********************************************************
2026-07-18 12:49:59,055 kilosort.spikedetect DEBUG    CPU usage:    15.00 %
2026-07-18 12:49:59,055 kilosort.spikedetect DEBUG    Mem used:     52.80 %     |       8.26 GB
2026-07-18 12:49:59,055 kilosort.spikedetect DEBUG    Mem avail:     7.39 / 15.65 GB
2026-07-18 12:49:59,055 kilosort.spikedetect DEBUG    ------------------------------------------------------
2026-07-18 12:49:59,055 kilosort.spikedetect DEBUG    GPU usage:    `conda install pynvml` for GPU usage
2026-07-18 12:49:59,055 kilosort.spikedetect DEBUG    GPU memory:   63.58 %     |      2.54   /     4.00 GB
2026-07-18 12:49:59,055 kilosort.spikedetect DEBUG    Allocated:     0.34 %     |      0.01   /     4.00 GB
2026-07-18 12:49:59,055 kilosort.spikedetect DEBUG    Max alloc:    32.68 %     |      1.31   /     4.00 GB
2026-07-18 12:49:59,055 kilosort.spikedetect DEBUG    ********************************************************
2026-07-18 13:13:28,920 kilosort.spikedetect DEBUG     
2026-07-18 13:13:28,920 kilosort.spikedetect DEBUG    Batch 106 of 106 (99.1%)
2026-07-18 13:13:28,920 kilosort.spikedetect DEBUG    ********************************************************
2026-07-18 13:13:28,920 kilosort.spikedetect DEBUG    CPU usage:    16.10 %
2026-07-18 13:13:28,920 kilosort.spikedetect DEBUG    Mem used:     56.80 %     |       8.89 GB
2026-07-18 13:13:28,920 kilosort.spikedetect DEBUG    Mem avail:     6.76 / 15.65 GB
2026-07-18 13:13:28,920 kilosort.spikedetect DEBUG    ------------------------------------------------------
2026-07-18 13:13:28,920 kilosort.spikedetect DEBUG    GPU usage:    `conda install pynvml` for GPU usage
2026-07-18 13:13:28,920 kilosort.spikedetect DEBUG    GPU memory:   24.51 %     |      0.98   /     4.00 GB
2026-07-18 13:13:28,920 kilosort.spikedetect DEBUG    Allocated:     3.13 %     |      0.13   /     4.00 GB
2026-07-18 13:13:28,920 kilosort.spikedetect DEBUG    Max alloc:    96.36 %     |      3.85   /     4.00 GB
2026-07-18 13:13:28,920 kilosort.spikedetect DEBUG    ********************************************************
2026-07-18 13:13:28,920 kilosort.run_kilosort INFO     464467 spikes extracted in 1413.41s; total 2830.94s
2026-07-18 13:13:28,920 kilosort.run_kilosort DEBUG    st0 shape: (464467, 6)
2026-07-18 13:13:28,920 kilosort.run_kilosort DEBUG    tF shape: torch.Size([464467, 25, 3])
2026-07-18 13:13:28,920 kilosort.run_kilosort INFO      
2026-07-18 13:13:28,920 kilosort.run_kilosort INFO     Resource usage after spike detect (univ)
2026-07-18 13:13:28,920 kilosort.run_kilosort INFO     ********************************************************
2026-07-18 13:13:28,920 kilosort.run_kilosort INFO     CPU usage:     0.00 %
2026-07-18 13:13:28,920 kilosort.run_kilosort INFO     Mem used:     56.70 %     |       8.87 GB
2026-07-18 13:13:28,920 kilosort.run_kilosort INFO     Mem avail:     6.78 / 15.65 GB
2026-07-18 13:13:28,920 kilosort.run_kilosort INFO     ------------------------------------------------------
2026-07-18 13:13:28,920 kilosort.run_kilosort INFO     GPU usage:    `conda install pynvml` for GPU usage
2026-07-18 13:13:28,920 kilosort.run_kilosort INFO     GPU memory:   24.51 %     |      0.98   /     4.00 GB
2026-07-18 13:13:28,925 kilosort.run_kilosort INFO     Allocated:     0.28 %     |      0.01   /     4.00 GB
2026-07-18 13:13:28,925 kilosort.run_kilosort INFO     Max alloc:    96.36 %     |      3.85   /     4.00 GB
2026-07-18 13:13:28,925 kilosort.run_kilosort INFO     ********************************************************
2026-07-18 13:13:28,925 kilosort.run_kilosort DEBUG    
2026-07-18 13:13:28,925 kilosort.run_kilosort DEBUG    --------------------
2026-07-18 13:13:28,925 kilosort.run_kilosort DEBUG    Process thread count: N/A (linux only)
2026-07-18 13:13:28,925 kilosort.run_kilosort DEBUG    num torch threads: 8
2026-07-18 13:13:28,925 kilosort.run_kilosort DEBUG    --------------------

2026-07-18 13:13:28,925 kilosort.run_kilosort INFO      
2026-07-18 13:13:28,925 kilosort.run_kilosort INFO     First clustering
2026-07-18 13:13:28,925 kilosort.run_kilosort INFO     ----------------------------------------
2026-07-18 13:13:29,299 kilosort.clustering_qr DEBUG    Center 0 | Xd shape: torch.Size([11013, 78]) | ntemp: 16
2026-07-18 13:13:31,828 kilosort.clustering_qr DEBUG    Center 1 | Xd shape: torch.Size([8528, 78]) | ntemp: 16
2026-07-18 13:13:33,136 kilosort.clustering_qr DEBUG    Center 2 | Xd shape: torch.Size([9765, 78]) | ntemp: 16
2026-07-18 13:13:35,912 kilosort.clustering_qr DEBUG    Center 3 | Xd shape: torch.Size([7509, 90]) | ntemp: 16
2026-07-18 13:13:37,419 kilosort.clustering_qr DEBUG    Center 4 | Xd shape: torch.Size([11861, 90]) | ntemp: 16
2026-07-18 13:13:39,168 kilosort.clustering_qr DEBUG    Center 5 | Xd shape: torch.Size([4139, 90]) | ntemp: 16
2026-07-18 13:13:40,607 kilosort.clustering_qr DEBUG    Center 6 | Xd shape: torch.Size([5042, 90]) | ntemp: 16
2026-07-18 13:13:42,049 kilosort.clustering_qr DEBUG    Center 7 | Xd shape: torch.Size([6908, 90]) | ntemp: 16
2026-07-18 13:13:43,473 kilosort.clustering_qr DEBUG    Center 8 | Xd shape: torch.Size([9875, 90]) | ntemp: 16
2026-07-18 13:13:45,045 kilosort.clustering_qr DEBUG     
2026-07-18 13:13:45,045 kilosort.clustering_qr DEBUG    Cluster center: 9 (10/96)
2026-07-18 13:13:45,045 kilosort.clustering_qr DEBUG    ********************************************************
2026-07-18 13:13:45,045 kilosort.clustering_qr DEBUG    CPU usage:    19.00 %
2026-07-18 13:13:45,045 kilosort.clustering_qr DEBUG    Mem used:     55.20 %     |       8.64 GB
2026-07-18 13:13:45,045 kilosort.clustering_qr DEBUG    Mem avail:     7.01 / 15.65 GB
2026-07-18 13:13:45,045 kilosort.clustering_qr DEBUG    ------------------------------------------------------
2026-07-18 13:13:45,045 kilosort.clustering_qr DEBUG    GPU usage:    `conda install pynvml` for GPU usage
2026-07-18 13:13:45,045 kilosort.clustering_qr DEBUG    GPU memory:   22.31 %     |      0.89   /     4.00 GB
2026-07-18 13:13:45,045 kilosort.clustering_qr DEBUG    Allocated:     0.28 %     |      0.01   /     4.00 GB
2026-07-18 13:13:45,045 kilosort.clustering_qr DEBUG    Max alloc:     1.11 %     |      0.04   /     4.00 GB
2026-07-18 13:13:45,045 kilosort.clustering_qr DEBUG    ********************************************************
2026-07-18 13:13:45,100 kilosort.clustering_qr DEBUG    Center 9 | Xd shape: torch.Size([11610, 90]) | ntemp: 16
2026-07-18 13:13:46,506 kilosort.clustering_qr DEBUG    Center 10 | Xd shape: torch.Size([11757, 90]) | ntemp: 16
2026-07-18 13:13:48,011 kilosort.clustering_qr DEBUG    Center 11 | Xd shape: torch.Size([12428, 90]) | ntemp: 16
2026-07-18 13:13:49,566 kilosort.clustering_qr DEBUG    Center 12 | Xd shape: torch.Size([8052, 90]) | ntemp: 16
2026-07-18 13:13:50,931 kilosort.clustering_qr DEBUG    Center 13 | Xd shape: torch.Size([8643, 90]) | ntemp: 16
2026-07-18 13:13:52,458 kilosort.clustering_qr DEBUG    Center 14 | Xd shape: torch.Size([11462, 90]) | ntemp: 16
2026-07-18 13:13:53,778 kilosort.clustering_qr DEBUG    Center 15 | Xd shape: torch.Size([11098, 90]) | ntemp: 16
2026-07-18 13:13:55,415 kilosort.clustering_qr DEBUG    Center 16 | Xd shape: torch.Size([8485, 90]) | ntemp: 16
2026-07-18 13:13:56,914 kilosort.clustering_qr DEBUG    Center 17 | Xd shape: torch.Size([15503, 90]) | ntemp: 16
2026-07-18 13:13:58,718 kilosort.clustering_qr DEBUG    Center 18 | Xd shape: torch.Size([9839, 90]) | ntemp: 16
2026-07-18 13:13:59,930 kilosort.clustering_qr DEBUG     
2026-07-18 13:13:59,930 kilosort.clustering_qr DEBUG    Cluster center: 19 (20/96)
2026-07-18 13:13:59,930 kilosort.clustering_qr DEBUG    ********************************************************
2026-07-18 13:13:59,930 kilosort.clustering_qr DEBUG    CPU usage:    20.20 %
2026-07-18 13:13:59,930 kilosort.clustering_qr DEBUG    Mem used:     55.20 %     |       8.64 GB
2026-07-18 13:13:59,930 kilosort.clustering_qr DEBUG    Mem avail:     7.01 / 15.65 GB
2026-07-18 13:13:59,930 kilosort.clustering_qr DEBUG    ------------------------------------------------------
2026-07-18 13:13:59,930 kilosort.clustering_qr DEBUG    GPU usage:    `conda install pynvml` for GPU usage
2026-07-18 13:13:59,930 kilosort.clustering_qr DEBUG    GPU memory:   22.31 %     |      0.89   /     4.00 GB
2026-07-18 13:13:59,930 kilosort.clustering_qr DEBUG    Allocated:     0.28 %     |      0.01   /     4.00 GB
2026-07-18 13:13:59,930 kilosort.clustering_qr DEBUG    Max alloc:     1.38 %     |      0.06   /     4.00 GB
2026-07-18 13:13:59,930 kilosort.clustering_qr DEBUG    ********************************************************
2026-07-18 13:13:59,990 kilosort.clustering_qr DEBUG    Center 19 | Xd shape: torch.Size([15705, 90]) | ntemp: 16
2026-07-18 13:14:01,640 kilosort.clustering_qr DEBUG    Center 20 | Xd shape: torch.Size([10100, 90]) | ntemp: 16
2026-07-18 13:14:03,292 kilosort.clustering_qr DEBUG    Center 21 | Xd shape: torch.Size([4789, 90]) | ntemp: 16
2026-07-18 13:14:04,736 kilosort.clustering_qr DEBUG    Center 22 | Xd shape: torch.Size([1599, 90]) | ntemp: 16
2026-07-18 13:14:06,069 kilosort.clustering_qr DEBUG    Center 23 | Xd shape: torch.Size([623, 90]) | ntemp: 16
2026-07-18 13:14:06,100 kilosort.clustering_qr DEBUG    Center 24 | Xd shape: torch.Size([1154, 90]) | ntemp: 16
2026-07-18 13:14:07,446 kilosort.clustering_qr DEBUG    Center 25 | Xd shape: torch.Size([1147, 90]) | ntemp: 16
2026-07-18 13:14:08,639 kilosort.clustering_qr DEBUG    Center 26 | Xd shape: torch.Size([1398, 90]) | ntemp: 16
2026-07-18 13:14:10,053 kilosort.clustering_qr DEBUG    Center 27 | Xd shape: torch.Size([2048, 90]) | ntemp: 16
2026-07-18 13:14:11,532 kilosort.clustering_qr DEBUG    Center 28 | Xd shape: torch.Size([3913, 90]) | ntemp: 16
2026-07-18 13:14:12,947 kilosort.clustering_qr DEBUG     
2026-07-18 13:14:12,947 kilosort.clustering_qr DEBUG    Cluster center: 29 (30/96)
2026-07-18 13:14:12,947 kilosort.clustering_qr DEBUG    ********************************************************
2026-07-18 13:14:12,947 kilosort.clustering_qr DEBUG    CPU usage:    19.50 %
2026-07-18 13:14:12,947 kilosort.clustering_qr DEBUG    Mem used:     55.20 %     |       8.64 GB
2026-07-18 13:14:12,947 kilosort.clustering_qr DEBUG    Mem avail:     7.00 / 15.65 GB
2026-07-18 13:14:12,947 kilosort.clustering_qr DEBUG    ------------------------------------------------------
2026-07-18 13:14:12,947 kilosort.clustering_qr DEBUG    GPU usage:    `conda install pynvml` for GPU usage
2026-07-18 13:14:12,947 kilosort.clustering_qr DEBUG    GPU memory:   22.31 %     |      0.89   /     4.00 GB
2026-07-18 13:14:12,947 kilosort.clustering_qr DEBUG    Allocated:     0.28 %     |      0.01   /     4.00 GB
2026-07-18 13:14:12,947 kilosort.clustering_qr DEBUG    Max alloc:     1.38 %     |      0.06   /     4.00 GB
2026-07-18 13:14:12,947 kilosort.clustering_qr DEBUG    ********************************************************
2026-07-18 13:14:12,978 kilosort.clustering_qr DEBUG    Center 29 | Xd shape: torch.Size([2138, 90]) | ntemp: 16
2026-07-18 13:14:14,272 kilosort.clustering_qr DEBUG    Center 30 | Xd shape: torch.Size([3802, 90]) | ntemp: 16
2026-07-18 13:14:15,577 kilosort.clustering_qr DEBUG    Center 31 | Xd shape: torch.Size([6320, 90]) | ntemp: 16
2026-07-18 13:14:17,052 kilosort.clustering_qr DEBUG    Center 32 | Xd shape: torch.Size([4410, 90]) | ntemp: 16
2026-07-18 13:14:18,480 kilosort.clustering_qr DEBUG    Center 33 | Xd shape: torch.Size([3699, 90]) | ntemp: 16
2026-07-18 13:14:19,865 kilosort.clustering_qr DEBUG    Center 34 | Xd shape: torch.Size([2562, 90]) | ntemp: 16
2026-07-18 13:14:21,319 kilosort.clustering_qr DEBUG    Center 35 | Xd shape: torch.Size([8443, 90]) | ntemp: 16
2026-07-18 13:14:22,940 kilosort.clustering_qr DEBUG    Center 36 | Xd shape: torch.Size([7848, 90]) | ntemp: 16
2026-07-18 13:14:24,496 kilosort.clustering_qr DEBUG    Center 37 | Xd shape: torch.Size([5160, 90]) | ntemp: 16
2026-07-18 13:14:25,909 kilosort.clustering_qr DEBUG    Center 38 | Xd shape: torch.Size([2786, 90]) | ntemp: 16
2026-07-18 13:14:27,355 kilosort.clustering_qr DEBUG     
2026-07-18 13:14:27,355 kilosort.clustering_qr DEBUG    Cluster center: 39 (40/96)
2026-07-18 13:14:27,355 kilosort.clustering_qr DEBUG    ********************************************************
2026-07-18 13:14:27,355 kilosort.clustering_qr DEBUG    CPU usage:    19.60 %
2026-07-18 13:14:27,355 kilosort.clustering_qr DEBUG    Mem used:     55.10 %     |       8.63 GB
2026-07-18 13:14:27,355 kilosort.clustering_qr DEBUG    Mem avail:     7.02 / 15.65 GB
2026-07-18 13:14:27,355 kilosort.clustering_qr DEBUG    ------------------------------------------------------
2026-07-18 13:14:27,355 kilosort.clustering_qr DEBUG    GPU usage:    `conda install pynvml` for GPU usage
2026-07-18 13:14:27,355 kilosort.clustering_qr DEBUG    GPU memory:   22.31 %     |      0.89   /     4.00 GB
2026-07-18 13:14:27,355 kilosort.clustering_qr DEBUG    Allocated:     0.28 %     |      0.01   /     4.00 GB
2026-07-18 13:14:27,355 kilosort.clustering_qr DEBUG    Max alloc:     1.38 %     |      0.06   /     4.00 GB
2026-07-18 13:14:27,355 kilosort.clustering_qr DEBUG    ********************************************************
2026-07-18 13:14:27,383 kilosort.clustering_qr DEBUG    Center 39 | Xd shape: torch.Size([2732, 90]) | ntemp: 16
2026-07-18 13:14:28,856 kilosort.clustering_qr DEBUG    Center 40 | Xd shape: torch.Size([2473, 90]) | ntemp: 16
2026-07-18 13:14:30,373 kilosort.clustering_qr DEBUG    Center 41 | Xd shape: torch.Size([2654, 90]) | ntemp: 16
2026-07-18 13:14:31,381 kilosort.clustering_qr DEBUG    Center 42 | Xd shape: torch.Size([3234, 90]) | ntemp: 16
2026-07-18 13:14:32,682 kilosort.clustering_qr DEBUG    Center 43 | Xd shape: torch.Size([2895, 90]) | ntemp: 16
2026-07-18 13:14:34,097 kilosort.clustering_qr DEBUG    Center 44 | Xd shape: torch.Size([6322, 87]) | ntemp: 16
2026-07-18 13:14:35,551 kilosort.clustering_qr DEBUG    Center 45 | Xd shape: torch.Size([4768, 87]) | ntemp: 16
2026-07-18 13:14:36,941 kilosort.clustering_qr DEBUG    Center 46 | Xd shape: torch.Size([5317, 87]) | ntemp: 16
2026-07-18 13:14:38,375 kilosort.clustering_qr DEBUG    Center 47 | Xd shape: torch.Size([4678, 87]) | ntemp: 16
2026-07-18 13:14:39,815 kilosort.clustering_qr DEBUG    Center 48 | Xd shape: torch.Size([1558, 87]) | ntemp: 16
2026-07-18 13:14:41,016 kilosort.clustering_qr DEBUG     
2026-07-18 13:14:41,016 kilosort.clustering_qr DEBUG    Cluster center: 49 (50/96)
2026-07-18 13:14:41,016 kilosort.clustering_qr DEBUG    ********************************************************
2026-07-18 13:14:41,016 kilosort.clustering_qr DEBUG    CPU usage:    19.00 %
2026-07-18 13:14:41,016 kilosort.clustering_qr DEBUG    Mem used:     55.20 %     |       8.63 GB
2026-07-18 13:14:41,016 kilosort.clustering_qr DEBUG    Mem avail:     7.02 / 15.65 GB
2026-07-18 13:14:41,016 kilosort.clustering_qr DEBUG    ------------------------------------------------------
2026-07-18 13:14:41,016 kilosort.clustering_qr DEBUG    GPU usage:    `conda install pynvml` for GPU usage
2026-07-18 13:14:41,016 kilosort.clustering_qr DEBUG    GPU memory:   22.31 %     |      0.89   /     4.00 GB
2026-07-18 13:14:41,016 kilosort.clustering_qr DEBUG    Allocated:     0.28 %     |      0.01   /     4.00 GB
2026-07-18 13:14:41,016 kilosort.clustering_qr DEBUG    Max alloc:     1.38 %     |      0.06   /     4.00 GB
2026-07-18 13:14:41,016 kilosort.clustering_qr DEBUG    ********************************************************
2026-07-18 13:14:41,057 kilosort.clustering_qr DEBUG    Center 49 | Xd shape: torch.Size([2647, 87]) | ntemp: 16
2026-07-18 13:14:42,381 kilosort.clustering_qr DEBUG    Center 50 | Xd shape: torch.Size([1967, 87]) | ntemp: 16
2026-07-18 13:14:43,764 kilosort.clustering_qr DEBUG    Center 51 | Xd shape: torch.Size([2087, 90]) | ntemp: 16
2026-07-18 13:14:45,190 kilosort.clustering_qr DEBUG    Center 52 | Xd shape: torch.Size([2907, 90]) | ntemp: 16
2026-07-18 13:14:46,589 kilosort.clustering_qr DEBUG    Center 53 | Xd shape: torch.Size([10009, 90]) | ntemp: 16
2026-07-18 13:14:48,245 kilosort.clustering_qr DEBUG    Center 54 | Xd shape: torch.Size([7586, 90]) | ntemp: 16
2026-07-18 13:14:49,864 kilosort.clustering_qr DEBUG    Center 55 | Xd shape: torch.Size([6710, 90]) | ntemp: 16
2026-07-18 13:14:51,259 kilosort.clustering_qr DEBUG    Center 56 | Xd shape: torch.Size([6397, 90]) | ntemp: 16
2026-07-18 13:14:52,760 kilosort.clustering_qr DEBUG    Center 57 | Xd shape: torch.Size([5963, 90]) | ntemp: 16
2026-07-18 13:14:54,153 kilosort.clustering_qr DEBUG    Center 58 | Xd shape: torch.Size([2585, 90]) | ntemp: 16
2026-07-18 13:14:55,532 kilosort.clustering_qr DEBUG     
2026-07-18 13:14:55,532 kilosort.clustering_qr DEBUG    Cluster center: 59 (60/96)
2026-07-18 13:14:55,532 kilosort.clustering_qr DEBUG    ********************************************************
2026-07-18 13:14:55,532 kilosort.clustering_qr DEBUG    CPU usage:    19.60 %
2026-07-18 13:14:55,532 kilosort.clustering_qr DEBUG    Mem used:     55.20 %     |       8.65 GB
2026-07-18 13:14:55,532 kilosort.clustering_qr DEBUG    Mem avail:     7.00 / 15.65 GB
2026-07-18 13:14:55,532 kilosort.clustering_qr DEBUG    ------------------------------------------------------
2026-07-18 13:14:55,532 kilosort.clustering_qr DEBUG    GPU usage:    `conda install pynvml` for GPU usage
2026-07-18 13:14:55,532 kilosort.clustering_qr DEBUG    GPU memory:   22.31 %     |      0.89   /     4.00 GB
2026-07-18 13:14:55,532 kilosort.clustering_qr DEBUG    Allocated:     0.28 %     |      0.01   /     4.00 GB
2026-07-18 13:14:55,532 kilosort.clustering_qr DEBUG    Max alloc:     1.38 %     |      0.06   /     4.00 GB
2026-07-18 13:14:55,532 kilosort.clustering_qr DEBUG    ********************************************************
2026-07-18 13:14:55,558 kilosort.clustering_qr DEBUG    Center 59 | Xd shape: torch.Size([1382, 90]) | ntemp: 16
2026-07-18 13:14:56,927 kilosort.clustering_qr DEBUG    Center 60 | Xd shape: torch.Size([3975, 90]) | ntemp: 16
2026-07-18 13:14:58,389 kilosort.clustering_qr DEBUG    Center 61 | Xd shape: torch.Size([6569, 90]) | ntemp: 16
2026-07-18 13:15:00,046 kilosort.clustering_qr DEBUG    Center 62 | Xd shape: torch.Size([5881, 90]) | ntemp: 16
2026-07-18 13:15:01,438 kilosort.clustering_qr DEBUG    Center 63 | Xd shape: torch.Size([2221, 90]) | ntemp: 16
2026-07-18 13:15:02,739 kilosort.clustering_qr DEBUG    Center 64 | Xd shape: torch.Size([2648, 90]) | ntemp: 16
2026-07-18 13:15:04,607 kilosort.clustering_qr DEBUG    Center 65 | Xd shape: torch.Size([2744, 90]) | ntemp: 16
2026-07-18 13:15:06,041 kilosort.clustering_qr DEBUG    Center 66 | Xd shape: torch.Size([6807, 90]) | ntemp: 16
2026-07-18 13:15:07,218 kilosort.clustering_qr DEBUG    Center 67 | Xd shape: torch.Size([3201, 90]) | ntemp: 16
2026-07-18 13:15:08,628 kilosort.clustering_qr DEBUG    Center 68 | Xd shape: torch.Size([3200, 90]) | ntemp: 16
2026-07-18 13:15:10,001 kilosort.clustering_qr DEBUG     
2026-07-18 13:15:10,001 kilosort.clustering_qr DEBUG    Cluster center: 69 (70/96)
2026-07-18 13:15:10,001 kilosort.clustering_qr DEBUG    ********************************************************
2026-07-18 13:15:10,001 kilosort.clustering_qr DEBUG    CPU usage:    20.70 %
2026-07-18 13:15:10,001 kilosort.clustering_qr DEBUG    Mem used:     54.90 %     |       8.59 GB
2026-07-18 13:15:10,001 kilosort.clustering_qr DEBUG    Mem avail:     7.06 / 15.65 GB
2026-07-18 13:15:10,001 kilosort.clustering_qr DEBUG    ------------------------------------------------------
2026-07-18 13:15:10,001 kilosort.clustering_qr DEBUG    GPU usage:    `conda install pynvml` for GPU usage
2026-07-18 13:15:10,001 kilosort.clustering_qr DEBUG    GPU memory:   22.31 %     |      0.89   /     4.00 GB
2026-07-18 13:15:10,001 kilosort.clustering_qr DEBUG    Allocated:     0.28 %     |      0.01   /     4.00 GB
2026-07-18 13:15:10,001 kilosort.clustering_qr DEBUG    Max alloc:     1.38 %     |      0.06   /     4.00 GB
2026-07-18 13:15:10,001 kilosort.clustering_qr DEBUG    ********************************************************
2026-07-18 13:15:10,032 kilosort.clustering_qr DEBUG    Center 69 | Xd shape: torch.Size([5222, 90]) | ntemp: 16
2026-07-18 13:15:11,460 kilosort.clustering_qr DEBUG    Center 70 | Xd shape: torch.Size([4841, 90]) | ntemp: 16
2026-07-18 13:15:12,909 kilosort.clustering_qr DEBUG    Center 71 | Xd shape: torch.Size([6043, 90]) | ntemp: 16
2026-07-18 13:15:14,392 kilosort.clustering_qr DEBUG    Center 72 | Xd shape: torch.Size([3811, 90]) | ntemp: 16
2026-07-18 13:15:15,810 kilosort.clustering_qr DEBUG    Center 73 | Xd shape: torch.Size([2984, 90]) | ntemp: 16
2026-07-18 13:15:17,160 kilosort.clustering_qr DEBUG    Center 74 | Xd shape: torch.Size([3309, 90]) | ntemp: 16
2026-07-18 13:15:18,588 kilosort.clustering_qr DEBUG    Center 75 | Xd shape: torch.Size([4247, 90]) | ntemp: 16
2026-07-18 13:15:19,971 kilosort.clustering_qr DEBUG    Center 76 | Xd shape: torch.Size([1991, 90]) | ntemp: 16
2026-07-18 13:15:21,422 kilosort.clustering_qr DEBUG    Center 77 | Xd shape: torch.Size([2773, 90]) | ntemp: 16
2026-07-18 13:15:22,838 kilosort.clustering_qr DEBUG    Center 78 | Xd shape: torch.Size([3891, 90]) | ntemp: 16
2026-07-18 13:15:23,828 kilosort.clustering_qr DEBUG     
2026-07-18 13:15:23,828 kilosort.clustering_qr DEBUG    Cluster center: 79 (80/96)
2026-07-18 13:15:23,828 kilosort.clustering_qr DEBUG    ********************************************************
2026-07-18 13:15:23,828 kilosort.clustering_qr DEBUG    CPU usage:    19.50 %
2026-07-18 13:15:23,828 kilosort.clustering_qr DEBUG    Mem used:     54.80 %     |       8.58 GB
2026-07-18 13:15:23,828 kilosort.clustering_qr DEBUG    Mem avail:     7.07 / 15.65 GB
2026-07-18 13:15:23,828 kilosort.clustering_qr DEBUG    ------------------------------------------------------
2026-07-18 13:15:23,828 kilosort.clustering_qr DEBUG    GPU usage:    `conda install pynvml` for GPU usage
2026-07-18 13:15:23,828 kilosort.clustering_qr DEBUG    GPU memory:   22.31 %     |      0.89   /     4.00 GB
2026-07-18 13:15:23,828 kilosort.clustering_qr DEBUG    Allocated:     0.28 %     |      0.01   /     4.00 GB
2026-07-18 13:15:23,828 kilosort.clustering_qr DEBUG    Max alloc:     1.38 %     |      0.06   /     4.00 GB
2026-07-18 13:15:23,828 kilosort.clustering_qr DEBUG    ********************************************************
2026-07-18 13:15:23,865 kilosort.clustering_qr DEBUG    Center 79 | Xd shape: torch.Size([2131, 90]) | ntemp: 16
2026-07-18 13:15:25,085 kilosort.clustering_qr DEBUG    Center 80 | Xd shape: torch.Size([1187, 90]) | ntemp: 16
2026-07-18 13:15:26,359 kilosort.clustering_qr DEBUG    Center 81 | Xd shape: torch.Size([2393, 90]) | ntemp: 16
2026-07-18 13:15:27,695 kilosort.clustering_qr DEBUG    Center 82 | Xd shape: torch.Size([501, 90]) | ntemp: 16
2026-07-18 13:15:27,726 kilosort.clustering_qr DEBUG    Center 83 | Xd shape: torch.Size([1114, 90]) | ntemp: 16
2026-07-18 13:15:29,080 kilosort.clustering_qr DEBUG    Center 84 | Xd shape: torch.Size([2307, 90]) | ntemp: 16
2026-07-18 13:15:30,548 kilosort.clustering_qr DEBUG    Center 85 | Xd shape: torch.Size([3941, 90]) | ntemp: 16
2026-07-18 13:15:32,025 kilosort.clustering_qr DEBUG    Center 86 | Xd shape: torch.Size([1352, 90]) | ntemp: 16
2026-07-18 13:15:33,106 kilosort.clustering_qr DEBUG    Center 87 | Xd shape: torch.Size([1104, 90]) | ntemp: 16
2026-07-18 13:15:34,330 kilosort.clustering_qr DEBUG    Center 88 | Xd shape: torch.Size([874, 90]) | ntemp: 16
2026-07-18 13:15:34,341 kilosort.clustering_qr DEBUG     
2026-07-18 13:15:34,341 kilosort.clustering_qr DEBUG    Cluster center: 89 (90/96)
2026-07-18 13:15:34,341 kilosort.clustering_qr DEBUG    ********************************************************
2026-07-18 13:15:34,341 kilosort.clustering_qr DEBUG    CPU usage:    18.30 %
2026-07-18 13:15:34,341 kilosort.clustering_qr DEBUG    Mem used:     54.80 %     |       8.58 GB
2026-07-18 13:15:34,341 kilosort.clustering_qr DEBUG    Mem avail:     7.07 / 15.65 GB
2026-07-18 13:15:34,341 kilosort.clustering_qr DEBUG    ------------------------------------------------------
2026-07-18 13:15:34,341 kilosort.clustering_qr DEBUG    GPU usage:    `conda install pynvml` for GPU usage
2026-07-18 13:15:34,341 kilosort.clustering_qr DEBUG    GPU memory:   22.31 %     |      0.89   /     4.00 GB
2026-07-18 13:15:34,341 kilosort.clustering_qr DEBUG    Allocated:     0.28 %     |      0.01   /     4.00 GB
2026-07-18 13:15:34,341 kilosort.clustering_qr DEBUG    Max alloc:     1.38 %     |      0.06   /     4.00 GB
2026-07-18 13:15:34,351 kilosort.clustering_qr DEBUG    ********************************************************
2026-07-18 13:15:34,382 kilosort.clustering_qr DEBUG    Center 89 | Xd shape: torch.Size([1166, 90]) | ntemp: 16
2026-07-18 13:15:35,752 kilosort.clustering_qr DEBUG    Center 90 | Xd shape: torch.Size([1807, 90]) | ntemp: 16
2026-07-18 13:15:37,191 kilosort.clustering_qr DEBUG    Center 91 | Xd shape: torch.Size([1929, 90]) | ntemp: 16
2026-07-18 13:15:38,624 kilosort.clustering_qr DEBUG    Center 92 | Xd shape: torch.Size([1394, 84]) | ntemp: 16
2026-07-18 13:15:39,930 kilosort.clustering_qr DEBUG    Center 93 | Xd shape: torch.Size([1053, 78]) | ntemp: 16
2026-07-18 13:15:41,269 kilosort.clustering_qr DEBUG    Center 94 | Xd shape: torch.Size([3660, 78]) | ntemp: 16
2026-07-18 13:15:42,764 kilosort.clustering_qr DEBUG    Center 95 | Xd shape: torch.Size([164, 78]) | ntemp: 12
2026-07-18 13:15:43,822 kilosort.run_kilosort INFO     399 clusters found, in 134.90s; total 2965.84s
2026-07-18 13:15:43,822 kilosort.run_kilosort DEBUG    clu shape: (464467,)
2026-07-18 13:15:43,832 kilosort.run_kilosort DEBUG    Wall shape: torch.Size([399, 383, 3])
2026-07-18 13:15:43,832 kilosort.run_kilosort INFO      
2026-07-18 13:15:43,832 kilosort.run_kilosort INFO     Resource usage after first clustering
2026-07-18 13:15:43,832 kilosort.run_kilosort INFO     ********************************************************
2026-07-18 13:15:43,832 kilosort.run_kilosort INFO     CPU usage:     0.00 %
2026-07-18 13:15:43,832 kilosort.run_kilosort INFO     Mem used:     54.70 %     |       8.57 GB
2026-07-18 13:15:43,832 kilosort.run_kilosort INFO     Mem avail:     7.08 / 15.65 GB
2026-07-18 13:15:43,832 kilosort.run_kilosort INFO     ------------------------------------------------------
2026-07-18 13:15:43,832 kilosort.run_kilosort INFO     GPU usage:    `conda install pynvml` for GPU usage
2026-07-18 13:15:43,832 kilosort.run_kilosort INFO     GPU memory:   35.45 %     |      1.42   /     4.00 GB
2026-07-18 13:15:43,832 kilosort.run_kilosort INFO     Allocated:     0.32 %     |      0.01   /     4.00 GB
2026-07-18 13:15:43,832 kilosort.run_kilosort INFO     Max alloc:    11.65 %     |      0.47   /     4.00 GB
2026-07-18 13:15:43,832 kilosort.run_kilosort INFO     ********************************************************
2026-07-18 13:15:43,832 kilosort.run_kilosort DEBUG    
2026-07-18 13:15:43,832 kilosort.run_kilosort DEBUG    --------------------
2026-07-18 13:15:43,832 kilosort.run_kilosort DEBUG    Process thread count: N/A (linux only)
2026-07-18 13:15:43,832 kilosort.run_kilosort DEBUG    num torch threads: 8
2026-07-18 13:15:43,832 kilosort.run_kilosort DEBUG    --------------------

2026-07-18 13:15:43,832 kilosort.run_kilosort INFO      
2026-07-18 13:15:43,832 kilosort.run_kilosort INFO     Extracting spikes using cluster waveforms
2026-07-18 13:15:43,832 kilosort.run_kilosort INFO     ----------------------------------------
2026-07-18 13:15:43,893 kilosort.template_matching DEBUG     
2026-07-18 13:15:43,893 kilosort.template_matching DEBUG    Batch 0
2026-07-18 13:15:43,893 kilosort.template_matching DEBUG    ********************************************************
2026-07-18 13:15:43,893 kilosort.template_matching DEBUG    CPU usage:    34.20 %
2026-07-18 13:15:43,893 kilosort.template_matching DEBUG    Mem used:     56.50 %     |       8.84 GB
2026-07-18 13:15:43,893 kilosort.template_matching DEBUG    Mem avail:     6.81 / 15.65 GB
2026-07-18 13:15:43,893 kilosort.template_matching DEBUG    ------------------------------------------------------
2026-07-18 13:15:43,893 kilosort.template_matching DEBUG    GPU usage:    `conda install pynvml` for GPU usage
2026-07-18 13:15:43,893 kilosort.template_matching DEBUG    GPU memory:   35.45 %     |      1.42   /     4.00 GB
2026-07-18 13:15:43,893 kilosort.template_matching DEBUG    Allocated:     1.79 %     |      0.07   /     4.00 GB
2026-07-18 13:15:43,893 kilosort.template_matching DEBUG    Max alloc:     2.01 %     |      0.08   /     4.00 GB
2026-07-18 13:15:43,893 kilosort.template_matching DEBUG    ********************************************************
2026-07-18 13:17:21,873 kilosort.template_matching DEBUG     
2026-07-18 13:17:21,873 kilosort.template_matching DEBUG    Batch 100
2026-07-18 13:17:21,873 kilosort.template_matching DEBUG    ********************************************************
2026-07-18 13:17:21,873 kilosort.template_matching DEBUG    CPU usage:    16.40 %
2026-07-18 13:17:21,873 kilosort.template_matching DEBUG    Mem used:     55.80 %     |       8.73 GB
2026-07-18 13:17:21,873 kilosort.template_matching DEBUG    Mem avail:     6.92 / 15.65 GB
2026-07-18 13:17:21,873 kilosort.template_matching DEBUG    ------------------------------------------------------
2026-07-18 13:17:21,873 kilosort.template_matching DEBUG    GPU usage:    `conda install pynvml` for GPU usage
2026-07-18 13:17:21,873 kilosort.template_matching DEBUG    GPU memory:   68.07 %     |      2.72   /     4.00 GB
2026-07-18 13:17:21,873 kilosort.template_matching DEBUG    Allocated:     6.15 %     |      0.25   /     4.00 GB
2026-07-18 13:17:21,873 kilosort.template_matching DEBUG    Max alloc:    36.42 %     |      1.46   /     4.00 GB
2026-07-18 13:17:21,873 kilosort.template_matching DEBUG    ********************************************************
2026-07-18 13:17:28,271 kilosort.template_matching DEBUG     
2026-07-18 13:17:28,271 kilosort.template_matching DEBUG    Batch 106
2026-07-18 13:17:28,271 kilosort.template_matching DEBUG    ********************************************************
2026-07-18 13:17:28,271 kilosort.template_matching DEBUG    CPU usage:    16.00 %
2026-07-18 13:17:28,271 kilosort.template_matching DEBUG    Mem used:     55.90 %     |       8.75 GB
2026-07-18 13:17:28,271 kilosort.template_matching DEBUG    Mem avail:     6.90 / 15.65 GB
2026-07-18 13:17:28,271 kilosort.template_matching DEBUG    ------------------------------------------------------
2026-07-18 13:17:28,271 kilosort.template_matching DEBUG    GPU usage:    `conda install pynvml` for GPU usage
2026-07-18 13:17:28,271 kilosort.template_matching DEBUG    GPU memory:   68.07 %     |      2.72   /     4.00 GB
2026-07-18 13:17:28,271 kilosort.template_matching DEBUG    Allocated:     6.16 %     |      0.25   /     4.00 GB
2026-07-18 13:17:28,271 kilosort.template_matching DEBUG    Max alloc:    36.42 %     |      1.46   /     4.00 GB
2026-07-18 13:17:28,271 kilosort.template_matching DEBUG    ********************************************************
2026-07-18 13:17:28,521 kilosort.run_kilosort DEBUG    
2026-07-18 13:17:28,521 kilosort.run_kilosort DEBUG    --------------------
2026-07-18 13:17:28,521 kilosort.run_kilosort DEBUG    Process thread count: N/A (linux only)
2026-07-18 13:17:28,521 kilosort.run_kilosort DEBUG    num torch threads: 8
2026-07-18 13:17:28,521 kilosort.run_kilosort DEBUG    --------------------

2026-07-18 13:17:28,521 kilosort.run_kilosort INFO     749410 spikes extracted in 104.69s; total 3070.54s
2026-07-18 13:17:28,521 kilosort.run_kilosort DEBUG    st shape: (749410, 3)
2026-07-18 13:17:28,521 kilosort.run_kilosort DEBUG    tF shape: torch.Size([749410, 25, 3])
2026-07-18 13:17:28,521 kilosort.run_kilosort DEBUG    iCC shape: torch.Size([25, 383])
2026-07-18 13:17:28,521 kilosort.run_kilosort DEBUG    iU shape: torch.Size([358])
2026-07-18 13:17:28,521 kilosort.run_kilosort DEBUG    

|===========================================================================|
|                  PyTorch CUDA memory summary, device ID 0                 |
|---------------------------------------------------------------------------|
|            CUDA OOMs: 0            |        cudaMalloc retries: 0         |
|===========================================================================|
|        Metric         | Cur Usage  | Peak Usage | Tot Alloc  | Tot Freed  |
|---------------------------------------------------------------------------|
| Allocated memory      |  13527 KiB |   1491 MiB |  28083 GiB |  28083 GiB |
|---------------------------------------------------------------------------|
| Active memory         |  13527 KiB |   1491 MiB |  28083 GiB |  28083 GiB |
|---------------------------------------------------------------------------|
| Requested memory      |  13523 KiB |   1490 MiB |  28072 GiB |  28072 GiB |
|---------------------------------------------------------------------------|
| GPU reserved memory   |   1924 MiB |   1924 MiB |    945 GiB |    943 GiB |
|---------------------------------------------------------------------------|
| Non-releasable memory |  39721 KiB |   1031 MiB |   9749 GiB |   9749 GiB |
|---------------------------------------------------------------------------|
| Allocations           |      13    |      45    |    1578 K  |    1578 K  |
|---------------------------------------------------------------------------|
| Active allocs         |      13    |      45    |    1578 K  |    1578 K  |
|---------------------------------------------------------------------------|
| GPU reserved segments |      14    |      14    |    2802    |    2788    |
|---------------------------------------------------------------------------|
| Non-releasable allocs |      13    |      25    |  631138    |  631125    |
|---------------------------------------------------------------------------|
| Oversize allocations  |       0    |       0    |       0    |       0    |
|---------------------------------------------------------------------------|
| Oversize GPU segments |       0    |       0    |       0    |       0    |
|===========================================================================|


2026-07-18 13:17:28,521 kilosort.run_kilosort INFO      
2026-07-18 13:17:28,521 kilosort.run_kilosort INFO     Resource usage after spike detect (learned)
2026-07-18 13:17:28,521 kilosort.run_kilosort INFO     ********************************************************
2026-07-18 13:17:28,521 kilosort.run_kilosort INFO     CPU usage:     0.00 %
2026-07-18 13:17:28,521 kilosort.run_kilosort INFO     Mem used:     55.10 %     |       8.62 GB
2026-07-18 13:17:28,521 kilosort.run_kilosort INFO     Mem avail:     7.03 / 15.65 GB
2026-07-18 13:17:28,521 kilosort.run_kilosort INFO     ------------------------------------------------------
2026-07-18 13:17:28,521 kilosort.run_kilosort INFO     GPU usage:    `conda install pynvml` for GPU usage
2026-07-18 13:17:28,521 kilosort.run_kilosort INFO     GPU memory:   68.07 %     |      2.72   /     4.00 GB
2026-07-18 13:17:28,521 kilosort.run_kilosort INFO     Allocated:     0.32 %     |      0.01   /     4.00 GB
2026-07-18 13:17:28,521 kilosort.run_kilosort INFO     Max alloc:    36.42 %     |      1.46   /     4.00 GB
2026-07-18 13:17:28,521 kilosort.run_kilosort INFO     ********************************************************
2026-07-18 13:17:28,532 kilosort.run_kilosort DEBUG    
2026-07-18 13:17:28,532 kilosort.run_kilosort DEBUG    --------------------
2026-07-18 13:17:28,532 kilosort.run_kilosort DEBUG    Process thread count: N/A (linux only)
2026-07-18 13:17:28,532 kilosort.run_kilosort DEBUG    num torch threads: 8
2026-07-18 13:17:28,532 kilosort.run_kilosort DEBUG    --------------------

2026-07-18 13:17:28,532 kilosort.run_kilosort INFO     Generating diagnostic plots ...
2026-07-18 13:17:31,892 kilosort.run_kilosort INFO      
2026-07-18 13:17:31,892 kilosort.run_kilosort INFO     Final clustering
2026-07-18 13:17:31,892 kilosort.run_kilosort INFO     ----------------------------------------
2026-07-18 13:17:31,990 kilosort.clustering_qr DEBUG    Center 0 | Xd shape: torch.Size([22405, 78]) | ntemp: 9
2026-07-18 13:17:40,504 kilosort.clustering_qr DEBUG    Center 1 | Xd shape: torch.Size([13380, 78]) | ntemp: 6
2026-07-18 13:17:42,378 kilosort.clustering_qr DEBUG    Center 2 | Xd shape: torch.Size([16755, 78]) | ntemp: 8
2026-07-18 13:17:43,880 kilosort.clustering_qr DEBUG    Center 3 | Xd shape: torch.Size([19069, 84]) | ntemp: 12
2026-07-18 13:17:45,624 kilosort.clustering_qr DEBUG    Center 4 | Xd shape: torch.Size([22696, 84]) | ntemp: 12
2026-07-18 13:17:47,508 kilosort.clustering_qr DEBUG    Center 5 | Xd shape: torch.Size([9605, 84]) | ntemp: 10
2026-07-18 13:17:49,148 kilosort.clustering_qr DEBUG    Center 6 | Xd shape: torch.Size([9275, 84]) | ntemp: 7
2026-07-18 13:17:50,661 kilosort.clustering_qr DEBUG    Center 7 | Xd shape: torch.Size([17562, 84]) | ntemp: 11
2026-07-18 13:17:52,472 kilosort.clustering_qr DEBUG    Center 8 | Xd shape: torch.Size([19786, 84]) | ntemp: 9
2026-07-18 13:17:54,472 kilosort.clustering_qr DEBUG     
2026-07-18 13:17:54,472 kilosort.clustering_qr DEBUG    Cluster center: 9 (10/86)
2026-07-18 13:17:54,472 kilosort.clustering_qr DEBUG    ********************************************************
2026-07-18 13:17:54,472 kilosort.clustering_qr DEBUG    CPU usage:    17.90 %
2026-07-18 13:17:54,472 kilosort.clustering_qr DEBUG    Mem used:     55.30 %     |       8.65 GB
2026-07-18 13:17:54,472 kilosort.clustering_qr DEBUG    Mem avail:     7.00 / 15.65 GB
2026-07-18 13:17:54,472 kilosort.clustering_qr DEBUG    ------------------------------------------------------
2026-07-18 13:17:54,472 kilosort.clustering_qr DEBUG    GPU usage:    `conda install pynvml` for GPU usage
2026-07-18 13:17:54,472 kilosort.clustering_qr DEBUG    GPU memory:   22.36 %     |      0.89   /     4.00 GB
2026-07-18 13:17:54,472 kilosort.clustering_qr DEBUG    Allocated:     0.29 %     |      0.01   /     4.00 GB
2026-07-18 13:17:54,472 kilosort.clustering_qr DEBUG    Max alloc:     1.87 %     |      0.07   /     4.00 GB
2026-07-18 13:17:54,472 kilosort.clustering_qr DEBUG    ********************************************************
2026-07-18 13:17:54,536 kilosort.clustering_qr DEBUG    Center 9 | Xd shape: torch.Size([24905, 84]) | ntemp: 11
2026-07-18 13:17:56,395 kilosort.clustering_qr DEBUG    Center 10 | Xd shape: torch.Size([20073, 84]) | ntemp: 10
2026-07-18 13:17:58,522 kilosort.clustering_qr DEBUG    Center 11 | Xd shape: torch.Size([27693, 84]) | ntemp: 6
2026-07-18 13:18:00,564 kilosort.clustering_qr DEBUG    Center 12 | Xd shape: torch.Size([21079, 84]) | ntemp: 7
2026-07-18 13:18:02,607 kilosort.clustering_qr DEBUG    Center 13 | Xd shape: torch.Size([15520, 84]) | ntemp: 10
2026-07-18 13:18:04,420 kilosort.clustering_qr DEBUG    Center 14 | Xd shape: torch.Size([21784, 84]) | ntemp: 11
2026-07-18 13:18:06,334 kilosort.clustering_qr DEBUG    Center 15 | Xd shape: torch.Size([22768, 84]) | ntemp: 9
2026-07-18 13:18:08,391 kilosort.clustering_qr DEBUG    Center 16 | Xd shape: torch.Size([13013, 84]) | ntemp: 5
2026-07-18 13:18:09,971 kilosort.clustering_qr DEBUG    Center 17 | Xd shape: torch.Size([22943, 84]) | ntemp: 8
2026-07-18 13:18:12,112 kilosort.clustering_qr DEBUG    Center 18 | Xd shape: torch.Size([30921, 84]) | ntemp: 11
2026-07-18 13:18:14,274 kilosort.clustering_qr DEBUG     
2026-07-18 13:18:14,274 kilosort.clustering_qr DEBUG    Cluster center: 19 (20/86)
2026-07-18 13:18:14,274 kilosort.clustering_qr DEBUG    ********************************************************
2026-07-18 13:18:14,274 kilosort.clustering_qr DEBUG    CPU usage:    21.70 %
2026-07-18 13:18:14,274 kilosort.clustering_qr DEBUG    Mem used:     55.70 %     |       8.72 GB
2026-07-18 13:18:14,274 kilosort.clustering_qr DEBUG    Mem avail:     6.93 / 15.65 GB
2026-07-18 13:18:14,274 kilosort.clustering_qr DEBUG    ------------------------------------------------------
2026-07-18 13:18:14,274 kilosort.clustering_qr DEBUG    GPU usage:    `conda install pynvml` for GPU usage
2026-07-18 13:18:14,274 kilosort.clustering_qr DEBUG    GPU memory:   22.36 %     |      0.89   /     4.00 GB
2026-07-18 13:18:14,274 kilosort.clustering_qr DEBUG    Allocated:     0.29 %     |      0.01   /     4.00 GB
2026-07-18 13:18:14,274 kilosort.clustering_qr DEBUG    Max alloc:     2.45 %     |      0.10   /     4.00 GB
2026-07-18 13:18:14,274 kilosort.clustering_qr DEBUG    ********************************************************
2026-07-18 13:18:14,347 kilosort.clustering_qr DEBUG    Center 19 | Xd shape: torch.Size([31635, 81]) | ntemp: 9
2026-07-18 13:18:16,485 kilosort.clustering_qr DEBUG    Center 20 | Xd shape: torch.Size([14271, 81]) | ntemp: 8
2026-07-18 13:18:18,164 kilosort.clustering_qr DEBUG    Center 21 | Xd shape: torch.Size([6119, 81]) | ntemp: 4
2026-07-18 13:18:19,706 kilosort.clustering_qr DEBUG    Center 22 | Xd shape: torch.Size([2026, 75]) | ntemp: 1
2026-07-18 13:18:21,104 kilosort.clustering_qr DEBUG    Center 23 | Xd shape: torch.Size([92, 75]) | ntemp: 1
2026-07-18 13:18:21,125 kilosort.clustering_qr DEBUG    Center 25 | Xd shape: torch.Size([2460, 75]) | ntemp: 2
2026-07-18 13:18:22,556 kilosort.clustering_qr DEBUG    Center 26 | Xd shape: torch.Size([1083, 75]) | ntemp: 1
2026-07-18 13:18:23,879 kilosort.clustering_qr DEBUG    Center 28 | Xd shape: torch.Size([6828, 75]) | ntemp: 2
2026-07-18 13:18:25,258 kilosort.clustering_qr DEBUG    Center 29 | Xd shape: torch.Size([4685, 75]) | ntemp: 1
2026-07-18 13:18:26,632 kilosort.clustering_qr DEBUG    Center 30 | Xd shape: torch.Size([6337, 81]) | ntemp: 2
2026-07-18 13:18:28,031 kilosort.clustering_qr DEBUG     
2026-07-18 13:18:28,031 kilosort.clustering_qr DEBUG    Cluster center: 31 (30/86)
2026-07-18 13:18:28,042 kilosort.clustering_qr DEBUG    ********************************************************
2026-07-18 13:18:28,042 kilosort.clustering_qr DEBUG    CPU usage:    19.20 %
2026-07-18 13:18:28,042 kilosort.clustering_qr DEBUG    Mem used:     55.50 %     |       8.69 GB
2026-07-18 13:18:28,042 kilosort.clustering_qr DEBUG    Mem avail:     6.96 / 15.65 GB
2026-07-18 13:18:28,042 kilosort.clustering_qr DEBUG    ------------------------------------------------------
2026-07-18 13:18:28,042 kilosort.clustering_qr DEBUG    GPU usage:    `conda install pynvml` for GPU usage
2026-07-18 13:18:28,042 kilosort.clustering_qr DEBUG    GPU memory:   22.36 %     |      0.89   /     4.00 GB
2026-07-18 13:18:28,042 kilosort.clustering_qr DEBUG    Allocated:     0.29 %     |      0.01   /     4.00 GB
2026-07-18 13:18:28,042 kilosort.clustering_qr DEBUG    Max alloc:     2.46 %     |      0.10   /     4.00 GB
2026-07-18 13:18:28,042 kilosort.clustering_qr DEBUG    ********************************************************
2026-07-18 13:18:28,072 kilosort.clustering_qr DEBUG    Center 31 | Xd shape: torch.Size([6545, 81]) | ntemp: 2
2026-07-18 13:18:29,537 kilosort.clustering_qr DEBUG    Center 32 | Xd shape: torch.Size([10139, 84]) | ntemp: 7
2026-07-18 13:18:31,241 kilosort.clustering_qr DEBUG    Center 33 | Xd shape: torch.Size([11705, 78]) | ntemp: 6
2026-07-18 13:18:32,702 kilosort.clustering_qr DEBUG    Center 34 | Xd shape: torch.Size([3317, 81]) | ntemp: 4
2026-07-18 13:18:34,262 kilosort.clustering_qr DEBUG    Center 35 | Xd shape: torch.Size([11331, 81]) | ntemp: 7
2026-07-18 13:18:35,953 kilosort.clustering_qr DEBUG    Center 36 | Xd shape: torch.Size([14857, 84]) | ntemp: 10
2026-07-18 13:18:37,599 kilosort.clustering_qr DEBUG    Center 37 | Xd shape: torch.Size([11193, 84]) | ntemp: 3
2026-07-18 13:18:39,107 kilosort.clustering_qr DEBUG    Center 38 | Xd shape: torch.Size([6085, 75]) | ntemp: 1
2026-07-18 13:18:40,581 kilosort.clustering_qr DEBUG    Center 39 | Xd shape: torch.Size([3694, 75]) | ntemp: 2
2026-07-18 13:18:42,197 kilosort.clustering_qr DEBUG    Center 41 | Xd shape: torch.Size([3002, 78]) | ntemp: 3
2026-07-18 13:18:43,586 kilosort.clustering_qr DEBUG     
2026-07-18 13:18:43,586 kilosort.clustering_qr DEBUG    Cluster center: 42 (40/86)
2026-07-18 13:18:43,586 kilosort.clustering_qr DEBUG    ********************************************************
2026-07-18 13:18:43,586 kilosort.clustering_qr DEBUG    CPU usage:    19.50 %
2026-07-18 13:18:43,586 kilosort.clustering_qr DEBUG    Mem used:     55.50 %     |       8.69 GB
2026-07-18 13:18:43,586 kilosort.clustering_qr DEBUG    Mem avail:     6.96 / 15.65 GB
2026-07-18 13:18:43,586 kilosort.clustering_qr DEBUG    ------------------------------------------------------
2026-07-18 13:18:43,586 kilosort.clustering_qr DEBUG    GPU usage:    `conda install pynvml` for GPU usage
2026-07-18 13:18:43,586 kilosort.clustering_qr DEBUG    GPU memory:   22.36 %     |      0.89   /     4.00 GB
2026-07-18 13:18:43,586 kilosort.clustering_qr DEBUG    Allocated:     0.29 %     |      0.01   /     4.00 GB
2026-07-18 13:18:43,586 kilosort.clustering_qr DEBUG    Max alloc:     2.46 %     |      0.10   /     4.00 GB
2026-07-18 13:18:43,586 kilosort.clustering_qr DEBUG    ********************************************************
2026-07-18 13:18:43,606 kilosort.clustering_qr DEBUG    Center 42 | Xd shape: torch.Size([3956, 78]) | ntemp: 2
2026-07-18 13:18:45,024 kilosort.clustering_qr DEBUG    Center 43 | Xd shape: torch.Size([3841, 81]) | ntemp: 2
2026-07-18 13:18:46,436 kilosort.clustering_qr DEBUG    Center 45 | Xd shape: torch.Size([11180, 75]) | ntemp: 2
2026-07-18 13:18:48,015 kilosort.clustering_qr DEBUG    Center 46 | Xd shape: torch.Size([4874, 75]) | ntemp: 1
2026-07-18 13:18:49,394 kilosort.clustering_qr DEBUG    Center 47 | Xd shape: torch.Size([4418, 75]) | ntemp: 1
2026-07-18 13:18:50,800 kilosort.clustering_qr DEBUG    Center 48 | Xd shape: torch.Size([4105, 81]) | ntemp: 2
2026-07-18 13:18:52,424 kilosort.clustering_qr DEBUG    Center 49 | Xd shape: torch.Size([1142, 75]) | ntemp: 1
2026-07-18 13:18:53,746 kilosort.clustering_qr DEBUG    Center 50 | Xd shape: torch.Size([430, 75]) | ntemp: 1
2026-07-18 13:18:53,777 kilosort.clustering_qr DEBUG    Center 51 | Xd shape: torch.Size([7534, 81]) | ntemp: 5
2026-07-18 13:18:55,243 kilosort.clustering_qr DEBUG    Center 52 | Xd shape: torch.Size([4347, 75]) | ntemp: 3
2026-07-18 13:18:56,611 kilosort.clustering_qr DEBUG     
2026-07-18 13:18:56,611 kilosort.clustering_qr DEBUG    Cluster center: 53 (50/86)
2026-07-18 13:18:56,611 kilosort.clustering_qr DEBUG    ********************************************************
2026-07-18 13:18:56,611 kilosort.clustering_qr DEBUG    CPU usage:    19.00 %
2026-07-18 13:18:56,611 kilosort.clustering_qr DEBUG    Mem used:     55.50 %     |       8.69 GB
2026-07-18 13:18:56,611 kilosort.clustering_qr DEBUG    Mem avail:     6.96 / 15.65 GB
2026-07-18 13:18:56,611 kilosort.clustering_qr DEBUG    ------------------------------------------------------
2026-07-18 13:18:56,611 kilosort.clustering_qr DEBUG    GPU usage:    `conda install pynvml` for GPU usage
2026-07-18 13:18:56,611 kilosort.clustering_qr DEBUG    GPU memory:   22.36 %     |      0.89   /     4.00 GB
2026-07-18 13:18:56,611 kilosort.clustering_qr DEBUG    Allocated:     0.29 %     |      0.01   /     4.00 GB
2026-07-18 13:18:56,611 kilosort.clustering_qr DEBUG    Max alloc:     2.46 %     |      0.10   /     4.00 GB
2026-07-18 13:18:56,611 kilosort.clustering_qr DEBUG    ********************************************************
2026-07-18 13:18:56,666 kilosort.clustering_qr DEBUG    Center 53 | Xd shape: torch.Size([14830, 84]) | ntemp: 4
2026-07-18 13:18:58,386 kilosort.clustering_qr DEBUG    Center 54 | Xd shape: torch.Size([13705, 84]) | ntemp: 6
2026-07-18 13:18:59,943 kilosort.clustering_qr DEBUG    Center 55 | Xd shape: torch.Size([12994, 81]) | ntemp: 3
2026-07-18 13:19:01,488 kilosort.clustering_qr DEBUG    Center 56 | Xd shape: torch.Size([12495, 81]) | ntemp: 6
2026-07-18 13:19:02,990 kilosort.clustering_qr DEBUG    Center 57 | Xd shape: torch.Size([5352, 75]) | ntemp: 2
2026-07-18 13:19:04,433 kilosort.clustering_qr DEBUG    Center 58 | Xd shape: torch.Size([2694, 75]) | ntemp: 2
2026-07-18 13:19:05,811 kilosort.clustering_qr DEBUG    Center 59 | Xd shape: torch.Size([526, 75]) | ntemp: 1
2026-07-18 13:19:05,852 kilosort.clustering_qr DEBUG    Center 61 | Xd shape: torch.Size([8104, 75]) | ntemp: 1
2026-07-18 13:19:07,295 kilosort.clustering_qr DEBUG    Center 62 | Xd shape: torch.Size([4532, 75]) | ntemp: 2
2026-07-18 13:19:08,707 kilosort.clustering_qr DEBUG    Center 63 | Xd shape: torch.Size([1521, 84]) | ntemp: 2
2026-07-18 13:19:10,095 kilosort.clustering_qr DEBUG     
2026-07-18 13:19:10,095 kilosort.clustering_qr DEBUG    Cluster center: 64 (60/86)
2026-07-18 13:19:10,095 kilosort.clustering_qr DEBUG    ********************************************************
2026-07-18 13:19:10,106 kilosort.clustering_qr DEBUG    CPU usage:    19.20 %
2026-07-18 13:19:10,106 kilosort.clustering_qr DEBUG    Mem used:     55.40 %     |       8.67 GB
2026-07-18 13:19:10,106 kilosort.clustering_qr DEBUG    Mem avail:     6.98 / 15.65 GB
2026-07-18 13:19:10,106 kilosort.clustering_qr DEBUG    ------------------------------------------------------
2026-07-18 13:19:10,106 kilosort.clustering_qr DEBUG    GPU usage:    `conda install pynvml` for GPU usage
2026-07-18 13:19:10,106 kilosort.clustering_qr DEBUG    GPU memory:   22.36 %     |      0.89   /     4.00 GB
2026-07-18 13:19:10,106 kilosort.clustering_qr DEBUG    Allocated:     0.29 %     |      0.01   /     4.00 GB
2026-07-18 13:19:10,106 kilosort.clustering_qr DEBUG    Max alloc:     2.46 %     |      0.10   /     4.00 GB
2026-07-18 13:19:10,106 kilosort.clustering_qr DEBUG    ********************************************************
2026-07-18 13:19:10,126 kilosort.clustering_qr DEBUG    Center 64 | Xd shape: torch.Size([2547, 84]) | ntemp: 2
2026-07-18 13:19:11,513 kilosort.clustering_qr DEBUG    Center 65 | Xd shape: torch.Size([604, 75]) | ntemp: 1
2026-07-18 13:19:11,534 kilosort.clustering_qr DEBUG    Center 66 | Xd shape: torch.Size([7890, 81]) | ntemp: 4
2026-07-18 13:19:13,149 kilosort.clustering_qr DEBUG    Center 67 | Xd shape: torch.Size([1991, 75]) | ntemp: 1
2026-07-18 13:19:14,233 kilosort.clustering_qr DEBUG    Center 68 | Xd shape: torch.Size([6072, 81]) | ntemp: 5
2026-07-18 13:19:15,579 kilosort.clustering_qr DEBUG    Center 69 | Xd shape: torch.Size([5444, 84]) | ntemp: 5
2026-07-18 13:19:17,018 kilosort.clustering_qr DEBUG    Center 70 | Xd shape: torch.Size([10416, 84]) | ntemp: 7
2026-07-18 13:19:18,630 kilosort.clustering_qr DEBUG    Center 71 | Xd shape: torch.Size([6148, 84]) | ntemp: 5
2026-07-18 13:19:20,072 kilosort.clustering_qr DEBUG    Center 72 | Xd shape: torch.Size([7377, 84]) | ntemp: 4
2026-07-18 13:19:21,301 kilosort.clustering_qr DEBUG    Center 73 | Xd shape: torch.Size([1448, 75]) | ntemp: 1
2026-07-18 13:19:22,624 kilosort.clustering_qr DEBUG     
2026-07-18 13:19:22,624 kilosort.clustering_qr DEBUG    Cluster center: 74 (70/86)
2026-07-18 13:19:22,624 kilosort.clustering_qr DEBUG    ********************************************************
2026-07-18 13:19:22,624 kilosort.clustering_qr DEBUG    CPU usage:    19.90 %
2026-07-18 13:19:22,624 kilosort.clustering_qr DEBUG    Mem used:     55.40 %     |       8.67 GB
2026-07-18 13:19:22,624 kilosort.clustering_qr DEBUG    Mem avail:     6.98 / 15.65 GB
2026-07-18 13:19:22,624 kilosort.clustering_qr DEBUG    ------------------------------------------------------
2026-07-18 13:19:22,624 kilosort.clustering_qr DEBUG    GPU usage:    `conda install pynvml` for GPU usage
2026-07-18 13:19:22,624 kilosort.clustering_qr DEBUG    GPU memory:   22.36 %     |      0.89   /     4.00 GB
2026-07-18 13:19:22,624 kilosort.clustering_qr DEBUG    Allocated:     0.29 %     |      0.01   /     4.00 GB
2026-07-18 13:19:22,624 kilosort.clustering_qr DEBUG    Max alloc:     2.46 %     |      0.10   /     4.00 GB
2026-07-18 13:19:22,624 kilosort.clustering_qr DEBUG    ********************************************************
2026-07-18 13:19:22,645 kilosort.clustering_qr DEBUG    Center 74 | Xd shape: torch.Size([2339, 75]) | ntemp: 1
2026-07-18 13:19:24,085 kilosort.clustering_qr DEBUG    Center 75 | Xd shape: torch.Size([4788, 81]) | ntemp: 2
2026-07-18 13:19:25,443 kilosort.clustering_qr DEBUG    Center 76 | Xd shape: torch.Size([1369, 75]) | ntemp: 1
2026-07-18 13:19:26,666 kilosort.clustering_qr DEBUG    Center 78 | Xd shape: torch.Size([6466, 81]) | ntemp: 4
2026-07-18 13:19:28,158 kilosort.clustering_qr DEBUG    Center 79 | Xd shape: torch.Size([1606, 75]) | ntemp: 1
2026-07-18 13:19:29,538 kilosort.clustering_qr DEBUG    Center 80 | Xd shape: torch.Size([1403, 75]) | ntemp: 1
2026-07-18 13:19:30,839 kilosort.clustering_qr DEBUG    Center 81 | Xd shape: torch.Size([2919, 75]) | ntemp: 1
2026-07-18 13:19:32,270 kilosort.clustering_qr DEBUG    Center 82 | Xd shape: torch.Size([1431, 75]) | ntemp: 1
2026-07-18 13:19:33,594 kilosort.clustering_qr DEBUG    Center 85 | Xd shape: torch.Size([13889, 84]) | ntemp: 4
2026-07-18 13:19:35,250 kilosort.clustering_qr DEBUG    Center 86 | Xd shape: torch.Size([55, 75]) | ntemp: 1
2026-07-18 13:19:35,250 kilosort.clustering_qr DEBUG     
2026-07-18 13:19:35,250 kilosort.clustering_qr DEBUG    Cluster center: 87 (80/86)
2026-07-18 13:19:35,250 kilosort.clustering_qr DEBUG    ********************************************************
2026-07-18 13:19:35,250 kilosort.clustering_qr DEBUG    CPU usage:    20.00 %
2026-07-18 13:19:35,250 kilosort.clustering_qr DEBUG    Mem used:     55.50 %     |       8.69 GB
2026-07-18 13:19:35,250 kilosort.clustering_qr DEBUG    Mem avail:     6.96 / 15.65 GB
2026-07-18 13:19:35,250 kilosort.clustering_qr DEBUG    ------------------------------------------------------
2026-07-18 13:19:35,250 kilosort.clustering_qr DEBUG    GPU usage:    `conda install pynvml` for GPU usage
2026-07-18 13:19:35,250 kilosort.clustering_qr DEBUG    GPU memory:   22.36 %     |      0.89   /     4.00 GB
2026-07-18 13:19:35,250 kilosort.clustering_qr DEBUG    Allocated:     0.29 %     |      0.01   /     4.00 GB
2026-07-18 13:19:35,250 kilosort.clustering_qr DEBUG    Max alloc:     2.46 %     |      0.10   /     4.00 GB
2026-07-18 13:19:35,250 kilosort.clustering_qr DEBUG    ********************************************************
2026-07-18 13:19:35,260 kilosort.clustering_qr DEBUG    Center 87 | Xd shape: torch.Size([747, 75]) | ntemp: 1
2026-07-18 13:19:35,281 kilosort.clustering_qr DEBUG    Center 88 | Xd shape: torch.Size([2443, 81]) | ntemp: 2
2026-07-18 13:19:36,211 kilosort.clustering_qr DEBUG    Center 89 | Xd shape: torch.Size([165, 75]) | ntemp: 1
2026-07-18 13:19:36,232 kilosort.clustering_qr DEBUG    Center 90 | Xd shape: torch.Size([3329, 81]) | ntemp: 2
2026-07-18 13:19:37,589 kilosort.clustering_qr DEBUG    Center 91 | Xd shape: torch.Size([150, 75]) | ntemp: 1
2026-07-18 13:19:37,619 kilosort.clustering_qr DEBUG    Center 94 | Xd shape: torch.Size([5129, 75]) | ntemp: 1
2026-07-18 13:19:38,975 kilosort.clustering_qr DEBUG    Center 95 | Xd shape: torch.Size([29, 75]) | ntemp: 1
2026-07-18 13:19:38,985 kilosort.run_kilosort INFO     402 clusters found, in 127.08s; total 3200.99s
2026-07-18 13:19:38,985 kilosort.run_kilosort DEBUG    clu shape: (749410,)
2026-07-18 13:19:38,985 kilosort.run_kilosort DEBUG    Wall shape: torch.Size([402, 383, 3])
2026-07-18 13:19:38,985 kilosort.run_kilosort DEBUG    
2026-07-18 13:19:38,985 kilosort.run_kilosort DEBUG    --------------------
2026-07-18 13:19:38,985 kilosort.run_kilosort DEBUG    Process thread count: N/A (linux only)
2026-07-18 13:19:38,985 kilosort.run_kilosort DEBUG    num torch threads: 8
2026-07-18 13:19:38,985 kilosort.run_kilosort DEBUG    --------------------

2026-07-18 13:19:38,985 kilosort.run_kilosort INFO      
2026-07-18 13:19:38,985 kilosort.run_kilosort INFO     Merging clusters
2026-07-18 13:19:38,985 kilosort.run_kilosort INFO     ----------------------------------------
2026-07-18 13:19:42,645 kilosort.run_kilosort INFO     382 units found, in 3.66s; total 3204.66s
2026-07-18 13:19:42,645 kilosort.run_kilosort DEBUG    clu shape: (749410,)
2026-07-18 13:19:42,645 kilosort.run_kilosort DEBUG    Wall shape: torch.Size([382, 383, 3])
2026-07-18 13:19:42,645 kilosort.run_kilosort DEBUG    

|===========================================================================|
|                  PyTorch CUDA memory summary, device ID 0                 |
|---------------------------------------------------------------------------|
|            CUDA OOMs: 0            |        cudaMalloc retries: 0         |
|===========================================================================|
|        Metric         | Cur Usage  | Peak Usage | Tot Alloc  | Tot Freed  |
|---------------------------------------------------------------------------|
| Allocated memory      |  11920 KiB | 103012 KiB |  28945 GiB |  28945 GiB |
|---------------------------------------------------------------------------|
| Active memory         |  11920 KiB | 103012 KiB |  28945 GiB |  28945 GiB |
|---------------------------------------------------------------------------|
| Requested memory      |  11916 KiB | 103004 KiB |  28929 GiB |  28929 GiB |
|---------------------------------------------------------------------------|
| GPU reserved memory   |  53248 KiB |   1924 MiB |    946 GiB |    946 GiB |
|---------------------------------------------------------------------------|
| Non-releasable memory |  41328 KiB |  57604 KiB |  10542 GiB |  10542 GiB |
|---------------------------------------------------------------------------|
| Allocations           |      12    |      44    |    2571 K  |    2571 K  |
|---------------------------------------------------------------------------|
| Active allocs         |      12    |      44    |    2571 K  |    2571 K  |
|---------------------------------------------------------------------------|
| GPU reserved segments |       4    |      14    |    2928    |    2924    |
|---------------------------------------------------------------------------|
| Non-releasable allocs |      12    |      21    |    1034 K  |    1034 K  |
|---------------------------------------------------------------------------|
| Oversize allocations  |       0    |       0    |       0    |       0    |
|---------------------------------------------------------------------------|
| Oversize GPU segments |       0    |       0    |       0    |       0    |
|===========================================================================|


2026-07-18 13:19:42,645 kilosort.run_kilosort INFO      
2026-07-18 13:19:42,645 kilosort.run_kilosort INFO     Resource usage after clustering
2026-07-18 13:19:42,645 kilosort.run_kilosort INFO     ********************************************************
2026-07-18 13:19:42,645 kilosort.run_kilosort INFO     CPU usage:     0.00 %
2026-07-18 13:19:42,645 kilosort.run_kilosort INFO     Mem used:     56.80 %     |       8.88 GB
2026-07-18 13:19:42,645 kilosort.run_kilosort INFO     Mem avail:     6.77 / 15.65 GB
2026-07-18 13:19:42,645 kilosort.run_kilosort INFO     ------------------------------------------------------
2026-07-18 13:19:42,645 kilosort.run_kilosort INFO     GPU usage:    `conda install pynvml` for GPU usage
2026-07-18 13:19:42,645 kilosort.run_kilosort INFO     GPU memory:   22.36 %     |      0.89   /     4.00 GB
2026-07-18 13:19:42,645 kilosort.run_kilosort INFO     Allocated:     0.28 %     |      0.01   /     4.00 GB
2026-07-18 13:19:42,645 kilosort.run_kilosort INFO     Max alloc:     2.46 %     |      0.10   /     4.00 GB
2026-07-18 13:19:42,645 kilosort.run_kilosort INFO     ********************************************************
2026-07-18 13:19:42,645 kilosort.run_kilosort DEBUG    
2026-07-18 13:19:42,645 kilosort.run_kilosort DEBUG    --------------------
2026-07-18 13:19:42,645 kilosort.run_kilosort DEBUG    Process thread count: N/A (linux only)
2026-07-18 13:19:42,645 kilosort.run_kilosort DEBUG    num torch threads: 8
2026-07-18 13:19:42,645 kilosort.run_kilosort DEBUG    --------------------

2026-07-18 13:19:42,645 kilosort.run_kilosort INFO      
2026-07-18 13:19:42,645 kilosort.run_kilosort INFO     Saving to phy and computing refractory periods
2026-07-18 13:19:42,645 kilosort.run_kilosort INFO     ----------------------------------------
2026-07-18 13:19:42,749 kilosort.io  DEBUG     
2026-07-18 13:19:42,749 kilosort.io  DEBUG    save_to_phy, whitening
2026-07-18 13:19:42,749 kilosort.io  DEBUG    ********************************************************
2026-07-18 13:19:42,749 kilosort.io  DEBUG    CPU usage:    28.60 %
2026-07-18 13:19:42,749 kilosort.io  DEBUG    Mem used:     56.60 %     |       8.86 GB
2026-07-18 13:19:42,749 kilosort.io  DEBUG    Mem avail:     6.78 / 15.65 GB
2026-07-18 13:19:42,749 kilosort.io  DEBUG    ------------------------------------------------------
2026-07-18 13:19:42,749 kilosort.io  DEBUG    GPU usage:    `conda install pynvml` for GPU usage
2026-07-18 13:19:42,749 kilosort.io  DEBUG    GPU memory:   22.41 %     |      0.90   /     4.00 GB
2026-07-18 13:19:42,749 kilosort.io  DEBUG    Allocated:     0.30 %     |      0.01   /     4.00 GB
2026-07-18 13:19:42,749 kilosort.io  DEBUG    Max alloc:     0.34 %     |      0.01   /     4.00 GB
2026-07-18 13:19:42,749 kilosort.io  DEBUG    ********************************************************
2026-07-18 13:19:43,581 kilosort.io  DEBUG     
2026-07-18 13:19:43,581 kilosort.io  DEBUG    save_to_phy, spike positions
2026-07-18 13:19:43,581 kilosort.io  DEBUG    ********************************************************
2026-07-18 13:19:43,581 kilosort.io  DEBUG    CPU usage:    32.00 %
2026-07-18 13:19:43,581 kilosort.io  DEBUG    Mem used:     58.30 %     |       9.12 GB
2026-07-18 13:19:43,581 kilosort.io  DEBUG    Mem avail:     6.53 / 15.65 GB
2026-07-18 13:19:43,581 kilosort.io  DEBUG    ------------------------------------------------------
2026-07-18 13:19:43,581 kilosort.io  DEBUG    GPU usage:    `conda install pynvml` for GPU usage
2026-07-18 13:19:43,597 kilosort.io  DEBUG    GPU memory:   22.41 %     |      0.90   /     4.00 GB
2026-07-18 13:19:43,597 kilosort.io  DEBUG    Allocated:     0.30 %     |      0.01   /     4.00 GB
2026-07-18 13:19:43,597 kilosort.io  DEBUG    Max alloc:     0.30 %     |      0.01   /     4.00 GB
2026-07-18 13:19:43,597 kilosort.io  DEBUG    ********************************************************
2026-07-18 13:19:44,241 kilosort.io  DEBUG     
2026-07-18 13:19:44,241 kilosort.io  DEBUG    save_to_phy, remove duplicates
2026-07-18 13:19:44,241 kilosort.io  DEBUG    ********************************************************
2026-07-18 13:19:44,241 kilosort.io  DEBUG    CPU usage:    13.80 %
2026-07-18 13:19:44,241 kilosort.io  DEBUG    Mem used:     58.20 %     |       9.10 GB
2026-07-18 13:19:44,241 kilosort.io  DEBUG    Mem avail:     6.55 / 15.65 GB
2026-07-18 13:19:44,241 kilosort.io  DEBUG    ------------------------------------------------------
2026-07-18 13:19:44,241 kilosort.io  DEBUG    GPU usage:    `conda install pynvml` for GPU usage
2026-07-18 13:19:44,241 kilosort.io  DEBUG    GPU memory:   22.41 %     |      0.90   /     4.00 GB
2026-07-18 13:19:44,241 kilosort.io  DEBUG    Allocated:     0.30 %     |      0.01   /     4.00 GB
2026-07-18 13:19:44,241 kilosort.io  DEBUG    Max alloc:     0.30 %     |      0.01   /     4.00 GB
2026-07-18 13:19:44,246 kilosort.io  DEBUG    ********************************************************
2026-07-18 13:19:46,133 kilosort.io  DEBUG     
2026-07-18 13:19:46,133 kilosort.io  DEBUG    save_to_phy, template props
2026-07-18 13:19:46,133 kilosort.io  DEBUG    ********************************************************
2026-07-18 13:19:46,133 kilosort.io  DEBUG    CPU usage:    18.00 %
2026-07-18 13:19:46,133 kilosort.io  DEBUG    Mem used:     55.80 %     |       8.73 GB
2026-07-18 13:19:46,133 kilosort.io  DEBUG    Mem avail:     6.91 / 15.65 GB
2026-07-18 13:19:46,133 kilosort.io  DEBUG    ------------------------------------------------------
2026-07-18 13:19:46,133 kilosort.io  DEBUG    GPU usage:    `conda install pynvml` for GPU usage
2026-07-18 13:19:46,133 kilosort.io  DEBUG    GPU memory:   22.41 %     |      0.90   /     4.00 GB
2026-07-18 13:19:46,133 kilosort.io  DEBUG    Allocated:     0.30 %     |      0.01   /     4.00 GB
2026-07-18 13:19:46,133 kilosort.io  DEBUG    Max alloc:     0.30 %     |      0.01   /     4.00 GB
2026-07-18 13:19:46,133 kilosort.io  DEBUG    ********************************************************
2026-07-18 13:20:07,941 kilosort.io  DEBUG     
2026-07-18 13:20:07,941 kilosort.io  DEBUG    save_to_phy, pc features
2026-07-18 13:20:07,941 kilosort.io  DEBUG    ********************************************************
2026-07-18 13:20:07,941 kilosort.io  DEBUG    CPU usage:    15.10 %
2026-07-18 13:20:07,941 kilosort.io  DEBUG    Mem used:     57.50 %     |       8.99 GB
2026-07-18 13:20:07,941 kilosort.io  DEBUG    Mem avail:     6.65 / 15.65 GB
2026-07-18 13:20:07,941 kilosort.io  DEBUG    ------------------------------------------------------
2026-07-18 13:20:07,956 kilosort.io  DEBUG    GPU usage:    `conda install pynvml` for GPU usage
2026-07-18 13:20:07,956 kilosort.io  DEBUG    GPU memory:   22.41 %     |      0.90   /     4.00 GB
2026-07-18 13:20:07,956 kilosort.io  DEBUG    Allocated:     0.30 %     |      0.01   /     4.00 GB
2026-07-18 13:20:07,956 kilosort.io  DEBUG    Max alloc:     0.36 %     |      0.01   /     4.00 GB
2026-07-18 13:20:07,956 kilosort.io  DEBUG    ********************************************************
2026-07-18 13:20:08,587 kilosort.io  DEBUG     
2026-07-18 13:20:08,587 kilosort.io  DEBUG    save_to_phy, est contam
2026-07-18 13:20:08,587 kilosort.io  DEBUG    ********************************************************
2026-07-18 13:20:08,587 kilosort.io  DEBUG    CPU usage:    10.10 %
2026-07-18 13:20:08,587 kilosort.io  DEBUG    Mem used:     57.50 %     |       9.00 GB
2026-07-18 13:20:08,587 kilosort.io  DEBUG    Mem avail:     6.65 / 15.65 GB
2026-07-18 13:20:08,587 kilosort.io  DEBUG    ------------------------------------------------------
2026-07-18 13:20:08,587 kilosort.io  DEBUG    GPU usage:    `conda install pynvml` for GPU usage
2026-07-18 13:20:08,587 kilosort.io  DEBUG    GPU memory:   22.41 %     |      0.90   /     4.00 GB
2026-07-18 13:20:08,587 kilosort.io  DEBUG    Allocated:     0.30 %     |      0.01   /     4.00 GB
2026-07-18 13:20:08,587 kilosort.io  DEBUG    Max alloc:     0.30 %     |      0.01   /     4.00 GB
2026-07-18 13:20:08,587 kilosort.io  DEBUG    ********************************************************
2026-07-18 13:20:08,665 kilosort.run_kilosort INFO     165 units found with good refractory periods
2026-07-18 13:20:08,707 kilosort.run_kilosort INFO     Exporting to Phy took: 26.06s
2026-07-18 13:20:08,707 kilosort.run_kilosort INFO     Total runtime: 3230.73s = 00:53:51 h:m:s
2026-07-18 13:20:08,742 kilosort.run_kilosort INFO     Sorting output saved in: G:\ACADEMIC\week8_partial_dct_kilosort_runs\dd4da095_probe00_partial_20260712_222836\ratio_0.50\kilosort4_dct.
2026-07-18 13:20:08,742 kilosort.run_kilosort DEBUG    

|===========================================================================|
|                  PyTorch CUDA memory summary, device ID 0                 |
|---------------------------------------------------------------------------|
|            CUDA OOMs: 0            |        cudaMalloc retries: 0         |
|===========================================================================|
|        Metric         | Cur Usage  | Peak Usage | Tot Alloc  | Tot Freed  |
|---------------------------------------------------------------------------|
| Allocated memory      |  11920 KiB |  12493 KiB |  28945 GiB |  28945 GiB |
|---------------------------------------------------------------------------|
| Active memory         |  11920 KiB |  12493 KiB |  28945 GiB |  28945 GiB |
|---------------------------------------------------------------------------|
| Requested memory      |  11916 KiB |  12489 KiB |  28930 GiB |  28929 GiB |
|---------------------------------------------------------------------------|
| GPU reserved memory   |  55296 KiB |  55296 KiB |    946 GiB |    946 GiB |
|---------------------------------------------------------------------------|
| Non-releasable memory |  41328 KiB |  41328 KiB |  10542 GiB |  10542 GiB |
|---------------------------------------------------------------------------|
| Allocations           |      12    |      13    |    2578 K  |    2578 K  |
|---------------------------------------------------------------------------|
| Active allocs         |      12    |      13    |    2578 K  |    2578 K  |
|---------------------------------------------------------------------------|
| GPU reserved segments |       5    |       5    |    2929    |    2924    |
|---------------------------------------------------------------------------|
| Non-releasable allocs |      12    |      12    |    1036 K  |    1036 K  |
|---------------------------------------------------------------------------|
| Oversize allocations  |       0    |       0    |       0    |       0    |
|---------------------------------------------------------------------------|
| Oversize GPU segments |       0    |       0    |       0    |       0    |
|===========================================================================|


2026-07-18 13:20:08,742 kilosort.run_kilosort INFO      
2026-07-18 13:20:08,742 kilosort.run_kilosort INFO     Resource usage after saving
2026-07-18 13:20:08,742 kilosort.run_kilosort INFO     ********************************************************
2026-07-18 13:20:08,742 kilosort.run_kilosort INFO     CPU usage:     5.90 %
2026-07-18 13:20:08,742 kilosort.run_kilosort INFO     Mem used:     57.40 %     |       8.98 GB
2026-07-18 13:20:08,742 kilosort.run_kilosort INFO     Mem avail:     6.67 / 15.65 GB
2026-07-18 13:20:08,742 kilosort.run_kilosort INFO     ------------------------------------------------------
2026-07-18 13:20:08,742 kilosort.run_kilosort INFO     GPU usage:    `conda install pynvml` for GPU usage
2026-07-18 13:20:08,742 kilosort.run_kilosort INFO     GPU memory:   22.41 %     |      0.90   /     4.00 GB
2026-07-18 13:20:08,742 kilosort.run_kilosort INFO     Allocated:     0.28 %     |      0.01   /     4.00 GB
2026-07-18 13:20:08,742 kilosort.run_kilosort INFO     Max alloc:     0.30 %     |      0.01   /     4.00 GB
2026-07-18 13:20:08,742 kilosort.run_kilosort INFO     ********************************************************
2026-07-18 13:20:08,742 kilosort.run_kilosort DEBUG    
2026-07-18 13:20:08,742 kilosort.run_kilosort DEBUG    --------------------
2026-07-18 13:20:08,742 kilosort.run_kilosort DEBUG    Process thread count: N/A (linux only)
2026-07-18 13:20:08,742 kilosort.run_kilosort DEBUG    num torch threads: 8
2026-07-18 13:20:08,742 kilosort.run_kilosort DEBUG    --------------------

2026-07-18 13:20:08,742 kilosort.run_kilosort INFO     Generating spike position plot ...
2026-07-18 13:20:48,271 kilosort.run_kilosort INFO     Sorting finished.
2026-07-18 13:20:48,271 kilosort.run_kilosort INFO      
2026-07-18 13:20:48,271 kilosort.run_kilosort INFO     ********************************************************
2026-07-18 13:20:48,271 kilosort.run_kilosort INFO     Sorting summary
2026-07-18 13:20:48,271 kilosort.run_kilosort INFO     --------------------------------------------------------
2026-07-18 13:20:48,271 kilosort.run_kilosort INFO     Total number of units:                              382
2026-07-18 13:20:48,271 kilosort.run_kilosort INFO     Number of good units:                               165
2026-07-18 13:20:48,271 kilosort.run_kilosort INFO     Number of spikes                                 748145
2026-07-18 13:20:48,271 kilosort.run_kilosort INFO     Mean abs. drift                                  0.3 um
2026-07-18 13:20:48,271 kilosort.run_kilosort INFO     Total runtime                                  3230.73s
2026-07-18 13:20:48,271 kilosort.run_kilosort INFO      
2026-07-18 13:20:48,271 kilosort.run_kilosort INFO     Runtime by step
2026-07-18 13:20:48,271 kilosort.run_kilosort INFO     --------------------------------------------------------
2026-07-18 13:20:48,271 kilosort.run_kilosort INFO     preprocessing:                          8.4s   (0.26) %
2026-07-18 13:20:48,271 kilosort.run_kilosort INFO     drift corr:                          1379.4s  (42.70) %
2026-07-18 13:20:48,271 kilosort.run_kilosort INFO     spike det. (univ):                   1413.4s  (43.75) %
2026-07-18 13:20:48,271 kilosort.run_kilosort INFO     cluster (temp):                       134.9s   (4.18) %
2026-07-18 13:20:48,271 kilosort.run_kilosort INFO     spike det. (learn):                   104.7s   (3.24) %
2026-07-18 13:20:48,271 kilosort.run_kilosort INFO     cluster (final):                      127.1s   (3.93) %
2026-07-18 13:20:48,271 kilosort.run_kilosort INFO     cluster merge:                          3.7s   (0.11) %
2026-07-18 13:20:48,271 kilosort.run_kilosort INFO     postprocessing:                        26.1s   (0.81) %
2026-07-18 13:20:48,271 kilosort.run_kilosort INFO      
2026-07-18 13:20:48,271 kilosort.run_kilosort INFO     Memory usage by step
2026-07-18 13:20:48,271 kilosort.run_kilosort INFO     --------------------------------------------------------
2026-07-18 13:20:48,271 kilosort.run_kilosort INFO     preprocessing:         sys     7.3 GB  |  gpu    1.3 GB
2026-07-18 13:20:48,271 kilosort.run_kilosort INFO     drift corr:            sys     8.5 GB  |  gpu    3.9 GB
2026-07-18 13:20:48,271 kilosort.run_kilosort INFO     spike det. (univ):     sys     8.9 GB  |  gpu    3.9 GB
2026-07-18 13:20:48,271 kilosort.run_kilosort INFO     cluster (temp):        sys     8.6 GB  |  gpu    0.5 GB
2026-07-18 13:20:48,271 kilosort.run_kilosort INFO     spike det. (learn):    sys     8.6 GB  |  gpu    1.5 GB
2026-07-18 13:20:48,271 kilosort.run_kilosort INFO     cluster (final):       sys     8.7 GB  |  gpu    0.1 GB
2026-07-18 13:20:48,271 kilosort.run_kilosort INFO     cluster merge:         sys     8.9 GB  |  gpu    0.1 GB
2026-07-18 13:20:48,271 kilosort.run_kilosort INFO     postprocessing:        sys     9.0 GB  |  gpu    0.0 GB
2026-07-18 13:20:48,271 kilosort.run_kilosort INFO     ********************************************************
