2026-07-18 03:03:34,411 kilosort.run_kilosort INFO     Kilosort version 4.1.7
2026-07-18 03:03:34,411 kilosort.run_kilosort INFO     Python version 3.11.15
2026-07-18 03:03:34,411 kilosort.run_kilosort INFO     ----------------------------------------
2026-07-18 03:03:34,411 kilosort.run_kilosort INFO     System information:
2026-07-18 03:03:34,453 kilosort.run_kilosort INFO     Windows-10-10.0.26200-SP0 AMD64
2026-07-18 03:03:34,453 kilosort.run_kilosort INFO     Intel64 Family 6 Model 186 Stepping 2, GenuineIntel
2026-07-18 03:03:34,784 kilosort.run_kilosort INFO     Using GPU for PyTorch computations. Specify `device` to change this.
2026-07-18 03:03:34,831 kilosort.run_kilosort INFO     Using CUDA device: NVIDIA GeForce RTX 2050 4.00GB
2026-07-18 03:03:34,831 kilosort.run_kilosort INFO     ----------------------------------------
2026-07-18 03:03:34,831 kilosort.run_kilosort INFO     Sorting [WindowsPath('G:/academic/week8_partial_dct_kilosort_runs/cde63527_probe01_partial_20260712_222836/ratio_0.30/cde63527_probe01_partial_20260712_222836_ratio_0.30_dctwin_600samp_preprocessed_int16.bin')]
2026-07-18 03:03:34,831 kilosort.run_kilosort INFO     Skipping common average reference.
2026-07-18 03:03:34,831 kilosort.run_kilosort INFO     clear_cache=True
2026-07-18 03:03:34,831 kilosort.run_kilosort DEBUG    Initial ops:

ops = {
    'n_chan_bin': 385,
    'fs': 30000.0,
    'batch_size': 60000,
    'nblocks': 1,
    'Th_universal': 9,
    'Th_learned': 8,
    'tmin': 0,
    'tmax': inf,
    'nt': 61,
    'shift': None,
    'scale': None,
    'batch_downsampling': 1,
    'artifact_threshold': inf,
    'nskip': 25,
    'whitening_range': 32,
    'highpass_cutoff': 300,
    'binning_depth': 5,
    'sig_interp': 20,
    'drift_smoothing': [0.5, 0.5, 0.5],
    'nt0min': 20,
    'dmin': None,
    'dminx': 32,
    'min_template_size': 10,
    'template_sizes': 5,
    'nearest_chans': 25,
    'nearest_templates': 100,
    'max_channel_distance': 32,
    'max_peels': 100,
    'templates_from_data': True,
    'n_templates': 6,
    'n_pcs': 3,
    'Th_single_ch': 6,
    'acg_threshold': 0.2,
    'ccg_threshold': 0.25,
    'cluster_neighbors': 10,
    'cluster_downsampling': 20,
    'max_cluster_subset': 25000,
    'x_centers': None,
    'cluster_init_seed': 5,
    'duplicate_spike_ms': 0.25,
    'position_limit': 100,
    'filename': [   WindowsPath('G:/academic/week8_partial_dct_kilosort_runs/cde63527_probe01_partial_20260712_222836/ratio_0.30/cde63527_probe01_partial_20260712_222836_ratio_0.30_dctwin_600samp_preprocessed_int16.bin')],
    'data_dir': WindowsPath('G:/academic/week8_partial_dct_kilosort_runs/cde63527_probe01_partial_20260712_222836/ratio_0.30'),
    'data_dtype': 'int16',
    'do_CAR': False,
    'invert_sign': False,
    'NTbuff': 60122,
    'Nchan': 383,
    'duplicate_spike_bins': 7,
    'torch_device': 'cuda',
    'save_preprocessed_copy': False
}

2026-07-18 03:03:34,863 kilosort.run_kilosort DEBUG    Probe dictionary:

probe = {
    'xc': np.array([43., 11., 59., 27., 43., 11., 59., 27., 43., 11., 59., 27., 43.,
       11., 59., 27., 43., 11., 59., 27., 43., 11., 59., 27., 43., 11.,
       59., 27., 43., 11., 59., 27., 43., 11., 59., 27., 43., 11., 59.,
       27., 43., 11., 59., 27., 43., 11., 59., 27., 43., 11., 59., 27.,
       43., 11., 59., 27., 43., 11., 59., 27., 43., 11., 59., 27., 43.,
       11., 59., 27., 43., 11., 59., 27., 43., 11., 59., 27., 43., 11.,
       59., 27., 43., 11., 59., 27., 43., 11., 59., 27., 43., 11., 59.,
       27., 43., 11., 59., 27., 43., 11., 59., 27., 43., 11., 59., 27.,
       43., 11., 59., 27., 43., 11., 59., 27., 43., 11., 59., 27., 43.,
       11., 59., 27., 43., 11., 59., 27., 43., 11., 59., 27., 43., 11.,
       59., 27., 43., 11., 59., 27., 43., 11., 59., 27., 43., 11., 59.,
       27., 43., 11., 59., 27., 43., 11., 59., 27., 43., 11., 59., 27.,
       43., 11., 59., 27., 43., 11., 59., 27., 43., 11., 59., 27., 43.,
       11., 59., 27., 43., 11., 59., 27., 43., 11., 59., 27., 43., 11.,
       59., 27., 43., 11., 59., 27., 43., 11., 59., 43., 11., 59., 27.,
       43., 11., 59., 27., 43., 11., 59., 27., 43., 11., 59., 27., 43.,
       11., 59., 27., 43., 11., 59., 27., 43., 11., 59., 27., 43., 11.,
       59., 27., 43., 11., 59., 27., 43., 11., 59., 27., 43., 11., 59.,
       27., 43., 11., 59., 27., 43., 11., 59., 27., 43., 11., 59., 27.,
       43., 11., 59., 27., 43., 11., 59., 27., 43., 11., 59., 27., 43.,
       11., 59., 27., 43., 11., 59., 27., 43., 11., 59., 27., 43., 11.,
       59., 27., 43., 11., 59., 27., 43., 11., 59., 27., 43., 11., 59.,
       27., 43., 11., 59., 27., 43., 11., 59., 27., 43., 11., 59., 27.,
       43., 11., 59., 27., 43., 11., 59., 27., 43., 11., 59., 27., 43.,
       11., 59., 27., 43., 11., 59., 27., 43., 11., 59., 27., 43., 11.,
       59., 27., 43., 11., 59., 27., 43., 11., 59., 27., 43., 11., 59.,
       27., 43., 11., 59., 27., 43., 11., 59., 27., 43., 11., 59., 27.,
       43., 11., 59., 27., 43., 11., 59., 27., 43., 11., 59., 27., 43.,
       11., 59., 27., 43., 11., 59., 27., 43., 11., 59., 27., 43., 11.,
       59., 27., 43., 11., 59., 27.], dtype=np.float32),
    'yc': np.array([  20.,   20.,   40.,   40.,   60.,   60.,   80.,   80.,  100.,
        100.,  120.,  120.,  140.,  140.,  160.,  160.,  180.,  180.,
        200.,  200.,  220.,  220.,  240.,  240.,  260.,  260.,  280.,
        280.,  300.,  300.,  320.,  320.,  340.,  340.,  360.,  360.,
        380.,  380.,  400.,  400.,  420.,  420.,  440.,  440.,  460.,
        460.,  480.,  480.,  500.,  500.,  520.,  520.,  540.,  540.,
        560.,  560.,  580.,  580.,  600.,  600.,  620.,  620.,  640.,
        640.,  660.,  660.,  680.,  680.,  700.,  700.,  720.,  720.,
        740.,  740.,  760.,  760.,  780.,  780.,  800.,  800.,  820.,
        820.,  840.,  840.,  860.,  860.,  880.,  880.,  900.,  900.,
        920.,  920.,  940.,  940.,  960.,  960.,  980.,  980., 1000.,
       1000., 1020., 1020., 1040., 1040., 1060., 1060., 1080., 1080.,
       1100., 1100., 1120., 1120., 1140., 1140., 1160., 1160., 1180.,
       1180., 1200., 1200., 1220., 1220., 1240., 1240., 1260., 1260.,
       1280., 1280., 1300., 1300., 1320., 1320., 1340., 1340., 1360.,
       1360., 1380., 1380., 1400., 1400., 1420., 1420., 1440., 1440.,
       1460., 1460., 1480., 1480., 1500., 1500., 1520., 1520., 1540.,
       1540., 1560., 1560., 1580., 1580., 1600., 1600., 1620., 1620.,
       1640., 1640., 1660., 1660., 1680., 1680., 1700., 1700., 1720.,
       1720., 1740., 1740., 1760., 1760., 1780., 1780., 1800., 1800.,
       1820., 1820., 1840., 1840., 1860., 1860., 1880., 1880., 1900.,
       1900., 1920., 1940., 1940., 1960., 1960., 1980., 1980., 2000.,
       2000., 2020., 2020., 2040., 2040., 2060., 2060., 2080., 2080.,
       2100., 2100., 2120., 2120., 2140., 2140., 2160., 2160., 2180.,
       2180., 2200., 2200., 2220., 2220., 2240., 2240., 2260., 2260.,
       2280., 2280., 2300., 2300., 2320., 2320., 2340., 2340., 2360.,
       2360., 2380., 2380., 2400., 2400., 2420., 2420., 2440., 2440.,
       2460., 2460., 2480., 2480., 2500., 2500., 2520., 2520., 2540.,
       2540., 2560., 2560., 2580., 2580., 2600., 2600., 2620., 2620.,
       2640., 2640., 2660., 2660., 2680., 2680., 2700., 2700., 2720.,
       2720., 2740., 2740., 2760., 2760., 2780., 2780., 2800., 2800.,
       2820., 2820., 2840., 2840., 2860., 2860., 2880., 2880., 2900.,
       2900., 2920., 2920., 2940., 2940., 2960., 2960., 2980., 2980.,
       3000., 3000., 3020., 3020., 3040., 3040., 3060., 3060., 3080.,
       3080., 3100., 3100., 3120., 3120., 3140., 3140., 3160., 3160.,
       3180., 3180., 3200., 3200., 3220., 3220., 3240., 3240., 3260.,
       3260., 3280., 3280., 3300., 3300., 3320., 3320., 3340., 3340.,
       3360., 3360., 3380., 3380., 3400., 3400., 3420., 3420., 3440.,
       3440., 3460., 3460., 3480., 3480., 3500., 3500., 3520., 3520.,
       3540., 3540., 3560., 3560., 3580., 3580., 3600., 3600., 3620.,
       3620., 3640., 3640., 3660., 3660., 3680., 3680., 3700., 3700.,
       3720., 3720., 3740., 3740., 3760., 3760., 3780., 3780., 3800.,
       3800., 3820., 3820., 3840., 3840.], dtype=np.float32),
    'kcoords': np.array([0., 0., 0., 0., 0., 0., 0., 0., 0., 0., 0., 0., 0., 0., 0., 0., 0.,
       0., 0., 0., 0., 0., 0., 0., 0., 0., 0., 0., 0., 0., 0., 0., 0., 0.,
       0., 0., 0., 0., 0., 0., 0., 0., 0., 0., 0., 0., 0., 0., 0., 0., 0.,
       0., 0., 0., 0., 0., 0., 0., 0., 0., 0., 0., 0., 0., 0., 0., 0., 0.,
       0., 0., 0., 0., 0., 0., 0., 0., 0., 0., 0., 0., 0., 0., 0., 0., 0.,
       0., 0., 0., 0., 0., 0., 0., 0., 0., 0., 0., 0., 0., 0., 0., 0., 0.,
       0., 0., 0., 0., 0., 0., 0., 0., 0., 0., 0., 0., 0., 0., 0., 0., 0.,
       0., 0., 0., 0., 0., 0., 0., 0., 0., 0., 0., 0., 0., 0., 0., 0., 0.,
       0., 0., 0., 0., 0., 0., 0., 0., 0., 0., 0., 0., 0., 0., 0., 0., 0.,
       0., 0., 0., 0., 0., 0., 0., 0., 0., 0., 0., 0., 0., 0., 0., 0., 0.,
       0., 0., 0., 0., 0., 0., 0., 0., 0., 0., 0., 0., 0., 0., 0., 0., 0.,
       0., 0., 0., 0., 0., 0., 0., 0., 0., 0., 0., 0., 0., 0., 0., 0., 0.,
       0., 0., 0., 0., 0., 0., 0., 0., 0., 0., 0., 0., 0., 0., 0., 0., 0.,
       0., 0., 0., 0., 0., 0., 0., 0., 0., 0., 0., 0., 0., 0., 0., 0., 0.,
       0., 0., 0., 0., 0., 0., 0., 0., 0., 0., 0., 0., 0., 0., 0., 0., 0.,
       0., 0., 0., 0., 0., 0., 0., 0., 0., 0., 0., 0., 0., 0., 0., 0., 0.,
       0., 0., 0., 0., 0., 0., 0., 0., 0., 0., 0., 0., 0., 0., 0., 0., 0.,
       0., 0., 0., 0., 0., 0., 0., 0., 0., 0., 0., 0., 0., 0., 0., 0., 0.,
       0., 0., 0., 0., 0., 0., 0., 0., 0., 0., 0., 0., 0., 0., 0., 0., 0.,
       0., 0., 0., 0., 0., 0., 0., 0., 0., 0., 0., 0., 0., 0., 0., 0., 0.,
       0., 0., 0., 0., 0., 0., 0., 0., 0., 0., 0., 0., 0., 0., 0., 0., 0.,
       0., 0., 0., 0., 0., 0., 0., 0., 0., 0., 0., 0., 0., 0., 0., 0., 0.,
       0., 0., 0., 0., 0., 0., 0., 0., 0.], dtype=np.float32),
    'chanMap': np.array([  0,   1,   2,   3,   4,   5,   6,   7,   8,   9,  10,  11,  12,
        13,  14,  15,  16,  17,  18,  19,  20,  21,  22,  23,  24,  25,
        26,  27,  28,  29,  30,  31,  32,  33,  34,  35,  36,  37,  38,
        39,  40,  41,  42,  43,  44,  45,  46,  47,  48,  49,  50,  51,
        52,  53,  54,  55,  56,  57,  58,  59,  60,  61,  62,  63,  64,
        65,  66,  67,  68,  69,  70,  71,  72,  73,  74,  75,  76,  77,
        78,  79,  80,  81,  82,  83,  84,  85,  86,  87,  88,  89,  90,
        91,  92,  93,  94,  95,  96,  97,  98,  99, 100, 101, 102, 103,
       104, 105, 106, 107, 108, 109, 110, 111, 112, 113, 114, 115, 116,
       117, 118, 119, 120, 121, 122, 123, 124, 125, 126, 127, 128, 129,
       130, 131, 132, 133, 134, 135, 136, 137, 138, 139, 140, 141, 142,
       143, 144, 145, 146, 147, 148, 149, 150, 151, 152, 153, 154, 155,
       156, 157, 158, 159, 160, 161, 162, 163, 164, 165, 166, 167, 168,
       169, 170, 171, 172, 173, 174, 175, 176, 177, 178, 179, 180, 181,
       182, 183, 184, 185, 186, 187, 188, 189, 190, 192, 193, 194, 195,
       196, 197, 198, 199, 200, 201, 202, 203, 204, 205, 206, 207, 208,
       209, 210, 211, 212, 213, 214, 215, 216, 217, 218, 219, 220, 221,
       222, 223, 224, 225, 226, 227, 228, 229, 230, 231, 232, 233, 234,
       235, 236, 237, 238, 239, 240, 241, 242, 243, 244, 245, 246, 247,
       248, 249, 250, 251, 252, 253, 254, 255, 256, 257, 258, 259, 260,
       261, 262, 263, 264, 265, 266, 267, 268, 269, 270, 271, 272, 273,
       274, 275, 276, 277, 278, 279, 280, 281, 282, 283, 284, 285, 286,
       287, 288, 289, 290, 291, 292, 293, 294, 295, 296, 297, 298, 299,
       300, 301, 302, 303, 304, 305, 306, 307, 308, 309, 310, 311, 312,
       313, 314, 315, 316, 317, 318, 319, 320, 321, 322, 323, 324, 325,
       326, 327, 328, 329, 330, 331, 332, 333, 334, 335, 336, 337, 338,
       339, 340, 341, 342, 343, 344, 345, 346, 347, 348, 349, 350, 351,
       352, 353, 354, 355, 356, 357, 358, 359, 360, 361, 362, 363, 364,
       365, 366, 367, 368, 369, 370, 371, 372, 373, 374, 375, 376, 377,
       378, 379, 380, 381, 382, 383], dtype=np.int32),
    'n_chan': 384
}

2026-07-18 03:03:35,212 kilosort.run_kilosort INFO      
2026-07-18 03:03:35,212 kilosort.run_kilosort INFO     Resource usage before sorting
2026-07-18 03:03:35,212 kilosort.run_kilosort INFO     ********************************************************
2026-07-18 03:03:35,212 kilosort.run_kilosort INFO     CPU usage:    13.90 %
2026-07-18 03:03:35,212 kilosort.run_kilosort INFO     Mem used:     42.30 %     |       6.62 GB
2026-07-18 03:03:35,212 kilosort.run_kilosort INFO     Mem avail:     9.03 / 15.65 GB
2026-07-18 03:03:35,212 kilosort.run_kilosort INFO     ------------------------------------------------------
2026-07-18 03:03:35,217 kilosort.run_kilosort INFO     GPU usage:    `conda install pynvml` for GPU usage
2026-07-18 03:03:35,217 kilosort.run_kilosort INFO     GPU memory:   19.43 %     |      0.78   /     4.00 GB
2026-07-18 03:03:35,217 kilosort.run_kilosort INFO     Allocated:     0.00 %     |      0.00   /     4.00 GB
2026-07-18 03:03:35,217 kilosort.run_kilosort INFO     Max alloc:     0.00 %     |      0.00   /     4.00 GB
2026-07-18 03:03:35,217 kilosort.run_kilosort INFO     ********************************************************
2026-07-18 03:03:35,217 kilosort.run_kilosort DEBUG    
2026-07-18 03:03:35,217 kilosort.run_kilosort DEBUG    --------------------
2026-07-18 03:03:35,217 kilosort.run_kilosort DEBUG    Process thread count: N/A (linux only)
2026-07-18 03:03:35,217 kilosort.run_kilosort DEBUG    num torch threads: 8
2026-07-18 03:03:35,217 kilosort.run_kilosort DEBUG    --------------------

2026-07-18 03:03:35,217 kilosort.run_kilosort INFO      
2026-07-18 03:03:35,217 kilosort.run_kilosort INFO     Computing preprocessing variables.
2026-07-18 03:03:35,217 kilosort.run_kilosort INFO     ----------------------------------------
2026-07-18 03:03:35,689 kilosort.run_kilosort INFO     N samples: 6300000
2026-07-18 03:03:35,689 kilosort.run_kilosort INFO     N seconds: 210.0
2026-07-18 03:03:35,689 kilosort.run_kilosort INFO     N batches: 105
2026-07-18 03:03:39,183 kilosort.run_kilosort INFO     Preprocessing filters computed in 3.96s; total 4.34s
2026-07-18 03:03:39,188 kilosort.run_kilosort DEBUG    hp_filter shape: torch.Size([30122])
2026-07-18 03:03:39,188 kilosort.run_kilosort DEBUG    whiten_mat shape: torch.Size([383, 383])
2026-07-18 03:03:39,472 kilosort.run_kilosort DEBUG    First batch min, max: (np.float32(-2808.3794), np.float32(1762.4172))
2026-07-18 03:03:39,480 kilosort.run_kilosort INFO      
2026-07-18 03:03:39,480 kilosort.run_kilosort INFO     Resource usage after preprocessing
2026-07-18 03:03:39,480 kilosort.run_kilosort INFO     ********************************************************
2026-07-18 03:03:39,484 kilosort.run_kilosort INFO     CPU usage:    18.90 %
2026-07-18 03:03:39,484 kilosort.run_kilosort INFO     Mem used:     43.90 %     |       6.88 GB
2026-07-18 03:03:39,484 kilosort.run_kilosort INFO     Mem avail:     8.77 / 15.65 GB
2026-07-18 03:03:39,484 kilosort.run_kilosort INFO     ------------------------------------------------------
2026-07-18 03:03:39,484 kilosort.run_kilosort INFO     GPU usage:    `conda install pynvml` for GPU usage
2026-07-18 03:03:39,484 kilosort.run_kilosort INFO     GPU memory:   61.28 %     |      2.45   /     4.00 GB
2026-07-18 03:03:39,484 kilosort.run_kilosort INFO     Allocated:     0.21 %     |      0.01   /     4.00 GB
2026-07-18 03:03:39,486 kilosort.run_kilosort INFO     Max alloc:    32.60 %     |      1.30   /     4.00 GB
2026-07-18 03:03:39,486 kilosort.run_kilosort INFO     ********************************************************
2026-07-18 03:03:39,501 kilosort.run_kilosort INFO      
2026-07-18 03:03:39,502 kilosort.run_kilosort INFO     Computing drift correction.
2026-07-18 03:03:39,502 kilosort.run_kilosort INFO     ----------------------------------------
2026-07-18 03:03:39,502 kilosort.spikedetect INFO     Re-computing universal templates from data.
2026-07-18 03:03:41,987 kilosort.spikedetect INFO     Number of universal templates: 1532
2026-07-18 03:03:42,823 kilosort.spikedetect INFO     Detecting spikes...
2026-07-18 03:03:42,823 kilosort.spikedetect DEBUG     
2026-07-18 03:03:42,823 kilosort.spikedetect DEBUG    Batch 0 of 104 (0.0%)
2026-07-18 03:03:42,823 kilosort.spikedetect DEBUG    ********************************************************
2026-07-18 03:03:42,823 kilosort.spikedetect DEBUG    CPU usage:    20.20 %
2026-07-18 03:03:42,823 kilosort.spikedetect DEBUG    Mem used:     44.70 %     |       6.99 GB
2026-07-18 03:03:42,823 kilosort.spikedetect DEBUG    Mem avail:     8.66 / 15.65 GB
2026-07-18 03:03:42,823 kilosort.spikedetect DEBUG    ------------------------------------------------------
2026-07-18 03:03:42,823 kilosort.spikedetect DEBUG    GPU usage:    `conda install pynvml` for GPU usage
2026-07-18 03:03:42,823 kilosort.spikedetect DEBUG    GPU memory:   61.28 %     |      2.45   /     4.00 GB
2026-07-18 03:03:42,823 kilosort.spikedetect DEBUG    Allocated:     0.27 %     |      0.01   /     4.00 GB
2026-07-18 03:03:42,823 kilosort.spikedetect DEBUG    Max alloc:    32.60 %     |      1.30   /     4.00 GB
2026-07-18 03:03:42,823 kilosort.spikedetect DEBUG    ********************************************************
2026-07-18 03:25:31,921 kilosort.spikedetect DEBUG     
2026-07-18 03:25:31,921 kilosort.spikedetect DEBUG    Batch 104 of 104 (99.0%)
2026-07-18 03:25:31,921 kilosort.spikedetect DEBUG    ********************************************************
2026-07-18 03:25:31,921 kilosort.spikedetect DEBUG    CPU usage:    17.90 %
2026-07-18 03:25:31,921 kilosort.spikedetect DEBUG    Mem used:     51.50 %     |       8.07 GB
2026-07-18 03:25:31,921 kilosort.spikedetect DEBUG    Mem avail:     7.58 / 15.65 GB
2026-07-18 03:25:31,921 kilosort.spikedetect DEBUG    ------------------------------------------------------
2026-07-18 03:25:31,921 kilosort.spikedetect DEBUG    GPU usage:    `conda install pynvml` for GPU usage
2026-07-18 03:25:31,921 kilosort.spikedetect DEBUG    GPU memory:   24.41 %     |      0.98   /     4.00 GB
2026-07-18 03:25:31,921 kilosort.spikedetect DEBUG    Allocated:     2.65 %     |      0.11   /     4.00 GB
2026-07-18 03:25:31,921 kilosort.spikedetect DEBUG    Max alloc:    96.69 %     |      3.87   /     4.00 GB
2026-07-18 03:25:31,921 kilosort.spikedetect DEBUG    ********************************************************
2026-07-18 03:25:32,945 kilosort.run_kilosort INFO     drift computed in 1313.44s; total 1318.11s
2026-07-18 03:25:32,945 kilosort.run_kilosort DEBUG    st shape: (535452, 6)
2026-07-18 03:25:32,945 kilosort.run_kilosort DEBUG    yblk shape: (1,)
2026-07-18 03:25:32,945 kilosort.run_kilosort DEBUG    dshift shape: (105, 1)
2026-07-18 03:25:32,945 kilosort.run_kilosort DEBUG    iKxx shape: torch.Size([383, 383])
2026-07-18 03:25:32,945 kilosort.run_kilosort DEBUG    

|===========================================================================|
|                  PyTorch CUDA memory summary, device ID 0                 |
|---------------------------------------------------------------------------|
|            CUDA OOMs: 0            |        cudaMalloc retries: 0         |
|===========================================================================|
|        Metric         | Cur Usage  | Peak Usage | Tot Alloc  | Tot Freed  |
|---------------------------------------------------------------------------|
| Allocated memory      |  11832 KiB |   3959 MiB |  12337 GiB |  12337 GiB |
|---------------------------------------------------------------------------|
| Active memory         |  11832 KiB |   3959 MiB |  12337 GiB |  12337 GiB |
|---------------------------------------------------------------------------|
| Requested memory      |  11829 KiB |   3958 MiB |  12334 GiB |  12334 GiB |
|---------------------------------------------------------------------------|
| GPU reserved memory   | 145408 KiB |   4826 MiB | 475844 MiB | 475702 MiB |
|---------------------------------------------------------------------------|
| Non-releasable memory |  41415 KiB |   1546 MiB |   2939 GiB |   2939 GiB |
|---------------------------------------------------------------------------|
| Allocations           |       9    |      37    |   80306    |   80297    |
|---------------------------------------------------------------------------|
| Active allocs         |       9    |      37    |   80306    |   80297    |
|---------------------------------------------------------------------------|
| GPU reserved segments |       6    |      20    |    1341    |    1335    |
|---------------------------------------------------------------------------|
| Non-releasable allocs |       9    |      24    |   35693    |   35684    |
|---------------------------------------------------------------------------|
| Oversize allocations  |       0    |       0    |       0    |       0    |
|---------------------------------------------------------------------------|
| Oversize GPU segments |       0    |       0    |       0    |       0    |
|===========================================================================|


2026-07-18 03:25:32,945 kilosort.run_kilosort INFO      
2026-07-18 03:25:32,945 kilosort.run_kilosort INFO     Resource usage after drift correction
2026-07-18 03:25:32,945 kilosort.run_kilosort INFO     ********************************************************
2026-07-18 03:25:32,945 kilosort.run_kilosort INFO     CPU usage:     0.00 %
2026-07-18 03:25:32,945 kilosort.run_kilosort INFO     Mem used:     50.60 %     |       7.92 GB
2026-07-18 03:25:32,945 kilosort.run_kilosort INFO     Mem avail:     7.72 / 15.65 GB
2026-07-18 03:25:32,945 kilosort.run_kilosort INFO     ------------------------------------------------------
2026-07-18 03:25:32,945 kilosort.run_kilosort INFO     GPU usage:    `conda install pynvml` for GPU usage
2026-07-18 03:25:32,945 kilosort.run_kilosort INFO     GPU memory:   24.51 %     |      0.98   /     4.00 GB
2026-07-18 03:25:32,960 kilosort.run_kilosort INFO     Allocated:     0.28 %     |      0.01   /     4.00 GB
2026-07-18 03:25:32,960 kilosort.run_kilosort INFO     Max alloc:    96.69 %     |      3.87   /     4.00 GB
2026-07-18 03:25:32,960 kilosort.run_kilosort INFO     ********************************************************
2026-07-18 03:25:32,960 kilosort.run_kilosort DEBUG    
2026-07-18 03:25:32,960 kilosort.run_kilosort DEBUG    --------------------
2026-07-18 03:25:32,960 kilosort.run_kilosort DEBUG    Process thread count: N/A (linux only)
2026-07-18 03:25:32,960 kilosort.run_kilosort DEBUG    num torch threads: 8
2026-07-18 03:25:32,960 kilosort.run_kilosort DEBUG    --------------------

2026-07-18 03:25:32,962 kilosort.run_kilosort INFO     Generating drift plots ...
2026-07-18 03:26:09,646 kilosort.run_kilosort INFO      
2026-07-18 03:26:09,646 kilosort.run_kilosort INFO     Extracting spikes using templates
2026-07-18 03:26:09,646 kilosort.run_kilosort INFO     ----------------------------------------
2026-07-18 03:26:09,646 kilosort.spikedetect INFO     Re-computing universal templates from data.
2026-07-18 03:26:11,543 kilosort.spikedetect INFO     Number of universal templates: 1532
2026-07-18 03:26:12,205 kilosort.spikedetect INFO     Detecting spikes...
2026-07-18 03:26:12,205 kilosort.spikedetect DEBUG     
2026-07-18 03:26:12,205 kilosort.spikedetect DEBUG    Batch 0 of 104 (0.0%)
2026-07-18 03:26:12,205 kilosort.spikedetect DEBUG    ********************************************************
2026-07-18 03:26:12,205 kilosort.spikedetect DEBUG    CPU usage:    15.70 %
2026-07-18 03:26:12,205 kilosort.spikedetect DEBUG    Mem used:     49.70 %     |       7.78 GB
2026-07-18 03:26:12,205 kilosort.spikedetect DEBUG    Mem avail:     7.87 / 15.65 GB
2026-07-18 03:26:12,205 kilosort.spikedetect DEBUG    ------------------------------------------------------
2026-07-18 03:26:12,205 kilosort.spikedetect DEBUG    GPU usage:    `conda install pynvml` for GPU usage
2026-07-18 03:26:12,205 kilosort.spikedetect DEBUG    GPU memory:   61.43 %     |      2.46   /     4.00 GB
2026-07-18 03:26:12,205 kilosort.spikedetect DEBUG    Allocated:     0.34 %     |      0.01   /     4.00 GB
2026-07-18 03:26:12,205 kilosort.spikedetect DEBUG    Max alloc:    32.67 %     |      1.31   /     4.00 GB
2026-07-18 03:26:12,205 kilosort.spikedetect DEBUG    ********************************************************
2026-07-18 03:48:09,517 kilosort.spikedetect DEBUG     
2026-07-18 03:48:09,517 kilosort.spikedetect DEBUG    Batch 104 of 104 (99.0%)
2026-07-18 03:48:09,517 kilosort.spikedetect DEBUG    ********************************************************
2026-07-18 03:48:09,517 kilosort.spikedetect DEBUG    CPU usage:    17.60 %
2026-07-18 03:48:09,518 kilosort.spikedetect DEBUG    Mem used:     54.00 %     |       8.45 GB
2026-07-18 03:48:09,518 kilosort.spikedetect DEBUG    Mem avail:     7.20 / 15.65 GB
2026-07-18 03:48:09,518 kilosort.spikedetect DEBUG    ------------------------------------------------------
2026-07-18 03:48:09,518 kilosort.spikedetect DEBUG    GPU usage:    `conda install pynvml` for GPU usage
2026-07-18 03:48:09,518 kilosort.spikedetect DEBUG    GPU memory:   24.46 %     |      0.98   /     4.00 GB
2026-07-18 03:48:09,518 kilosort.spikedetect DEBUG    Allocated:     2.70 %     |      0.11   /     4.00 GB
2026-07-18 03:48:09,518 kilosort.spikedetect DEBUG    Max alloc:    96.74 %     |      3.87   /     4.00 GB
2026-07-18 03:48:09,518 kilosort.spikedetect DEBUG    ********************************************************
2026-07-18 03:48:09,518 kilosort.run_kilosort INFO     509931 spikes extracted in 1319.87s; total 2674.69s
2026-07-18 03:48:09,518 kilosort.run_kilosort DEBUG    st0 shape: (509931, 6)
2026-07-18 03:48:09,518 kilosort.run_kilosort DEBUG    tF shape: torch.Size([509931, 25, 3])
2026-07-18 03:48:09,518 kilosort.run_kilosort INFO      
2026-07-18 03:48:09,518 kilosort.run_kilosort INFO     Resource usage after spike detect (univ)
2026-07-18 03:48:09,518 kilosort.run_kilosort INFO     ********************************************************
2026-07-18 03:48:09,518 kilosort.run_kilosort INFO     CPU usage:     0.00 %
2026-07-18 03:48:09,518 kilosort.run_kilosort INFO     Mem used:     53.90 %     |       8.44 GB
2026-07-18 03:48:09,518 kilosort.run_kilosort INFO     Mem avail:     7.21 / 15.65 GB
2026-07-18 03:48:09,518 kilosort.run_kilosort INFO     ------------------------------------------------------
2026-07-18 03:48:09,518 kilosort.run_kilosort INFO     GPU usage:    `conda install pynvml` for GPU usage
2026-07-18 03:48:09,518 kilosort.run_kilosort INFO     GPU memory:   24.46 %     |      0.98   /     4.00 GB
2026-07-18 03:48:09,518 kilosort.run_kilosort INFO     Allocated:     0.28 %     |      0.01   /     4.00 GB
2026-07-18 03:48:09,518 kilosort.run_kilosort INFO     Max alloc:    96.74 %     |      3.87   /     4.00 GB
2026-07-18 03:48:09,518 kilosort.run_kilosort INFO     ********************************************************
2026-07-18 03:48:09,518 kilosort.run_kilosort DEBUG    
2026-07-18 03:48:09,518 kilosort.run_kilosort DEBUG    --------------------
2026-07-18 03:48:09,518 kilosort.run_kilosort DEBUG    Process thread count: N/A (linux only)
2026-07-18 03:48:09,521 kilosort.run_kilosort DEBUG    num torch threads: 8
2026-07-18 03:48:09,521 kilosort.run_kilosort DEBUG    --------------------

2026-07-18 03:48:09,521 kilosort.run_kilosort INFO      
2026-07-18 03:48:09,521 kilosort.run_kilosort INFO     First clustering
2026-07-18 03:48:09,521 kilosort.run_kilosort INFO     ----------------------------------------
2026-07-18 03:48:09,847 kilosort.clustering_qr DEBUG    Center 0 | Xd shape: torch.Size([4388, 78]) | ntemp: 16
2026-07-18 03:48:12,692 kilosort.clustering_qr DEBUG    Center 1 | Xd shape: torch.Size([2918, 78]) | ntemp: 16
2026-07-18 03:48:14,467 kilosort.clustering_qr DEBUG    Center 2 | Xd shape: torch.Size([2526, 78]) | ntemp: 16
2026-07-18 03:48:16,104 kilosort.clustering_qr DEBUG    Center 3 | Xd shape: torch.Size([1776, 90]) | ntemp: 16
2026-07-18 03:48:18,052 kilosort.clustering_qr DEBUG    Center 4 | Xd shape: torch.Size([2549, 90]) | ntemp: 16
2026-07-18 03:48:20,168 kilosort.clustering_qr DEBUG    Center 5 | Xd shape: torch.Size([4558, 90]) | ntemp: 16
2026-07-18 03:48:21,683 kilosort.clustering_qr DEBUG    Center 6 | Xd shape: torch.Size([5829, 90]) | ntemp: 16
2026-07-18 03:48:23,192 kilosort.clustering_qr DEBUG    Center 7 | Xd shape: torch.Size([5437, 90]) | ntemp: 16
2026-07-18 03:48:24,734 kilosort.clustering_qr DEBUG    Center 8 | Xd shape: torch.Size([3352, 90]) | ntemp: 16
2026-07-18 03:48:26,235 kilosort.clustering_qr DEBUG     
2026-07-18 03:48:26,235 kilosort.clustering_qr DEBUG    Cluster center: 9 (10/96)
2026-07-18 03:48:26,235 kilosort.clustering_qr DEBUG    ********************************************************
2026-07-18 03:48:26,235 kilosort.clustering_qr DEBUG    CPU usage:    19.40 %
2026-07-18 03:48:26,235 kilosort.clustering_qr DEBUG    Mem used:     52.30 %     |       8.19 GB
2026-07-18 03:48:26,235 kilosort.clustering_qr DEBUG    Mem avail:     7.46 / 15.65 GB
2026-07-18 03:48:26,235 kilosort.clustering_qr DEBUG    ------------------------------------------------------
2026-07-18 03:48:26,235 kilosort.clustering_qr DEBUG    GPU usage:    `conda install pynvml` for GPU usage
2026-07-18 03:48:26,235 kilosort.clustering_qr DEBUG    GPU memory:   22.31 %     |      0.89   /     4.00 GB
2026-07-18 03:48:26,235 kilosort.clustering_qr DEBUG    Allocated:     0.28 %     |      0.01   /     4.00 GB
2026-07-18 03:48:26,235 kilosort.clustering_qr DEBUG    Max alloc:     0.69 %     |      0.03   /     4.00 GB
2026-07-18 03:48:26,235 kilosort.clustering_qr DEBUG    ********************************************************
2026-07-18 03:48:26,255 kilosort.clustering_qr DEBUG    Center 9 | Xd shape: torch.Size([3251, 90]) | ntemp: 16
2026-07-18 03:48:27,884 kilosort.clustering_qr DEBUG    Center 10 | Xd shape: torch.Size([4450, 90]) | ntemp: 16
2026-07-18 03:48:29,791 kilosort.clustering_qr DEBUG    Center 11 | Xd shape: torch.Size([5214, 90]) | ntemp: 16
2026-07-18 03:48:31,461 kilosort.clustering_qr DEBUG    Center 12 | Xd shape: torch.Size([5305, 90]) | ntemp: 16
2026-07-18 03:48:33,043 kilosort.clustering_qr DEBUG    Center 13 | Xd shape: torch.Size([4975, 90]) | ntemp: 16
2026-07-18 03:48:34,806 kilosort.clustering_qr DEBUG    Center 14 | Xd shape: torch.Size([4389, 90]) | ntemp: 16
2026-07-18 03:48:36,378 kilosort.clustering_qr DEBUG    Center 15 | Xd shape: torch.Size([5189, 90]) | ntemp: 16
2026-07-18 03:48:37,935 kilosort.clustering_qr DEBUG    Center 16 | Xd shape: torch.Size([6288, 90]) | ntemp: 16
2026-07-18 03:48:40,102 kilosort.clustering_qr DEBUG    Center 17 | Xd shape: torch.Size([3722, 90]) | ntemp: 16
2026-07-18 03:48:41,963 kilosort.clustering_qr DEBUG    Center 18 | Xd shape: torch.Size([4711, 90]) | ntemp: 16
2026-07-18 03:48:43,794 kilosort.clustering_qr DEBUG     
2026-07-18 03:48:43,794 kilosort.clustering_qr DEBUG    Cluster center: 19 (20/96)
2026-07-18 03:48:43,794 kilosort.clustering_qr DEBUG    ********************************************************
2026-07-18 03:48:43,794 kilosort.clustering_qr DEBUG    CPU usage:    19.70 %
2026-07-18 03:48:43,794 kilosort.clustering_qr DEBUG    Mem used:     52.00 %     |       8.14 GB
2026-07-18 03:48:43,794 kilosort.clustering_qr DEBUG    Mem avail:     7.51 / 15.65 GB
2026-07-18 03:48:43,794 kilosort.clustering_qr DEBUG    ------------------------------------------------------
2026-07-18 03:48:43,794 kilosort.clustering_qr DEBUG    GPU usage:    `conda install pynvml` for GPU usage
2026-07-18 03:48:43,794 kilosort.clustering_qr DEBUG    GPU memory:   22.31 %     |      0.89   /     4.00 GB
2026-07-18 03:48:43,794 kilosort.clustering_qr DEBUG    Allocated:     0.28 %     |      0.01   /     4.00 GB
2026-07-18 03:48:43,794 kilosort.clustering_qr DEBUG    Max alloc:     0.72 %     |      0.03   /     4.00 GB
2026-07-18 03:48:43,800 kilosort.clustering_qr DEBUG    ********************************************************
2026-07-18 03:48:43,841 kilosort.clustering_qr DEBUG    Center 19 | Xd shape: torch.Size([5888, 90]) | ntemp: 16
2026-07-18 03:48:45,533 kilosort.clustering_qr DEBUG    Center 20 | Xd shape: torch.Size([6118, 90]) | ntemp: 16
2026-07-18 03:48:47,131 kilosort.clustering_qr DEBUG    Center 21 | Xd shape: torch.Size([10031, 90]) | ntemp: 16
2026-07-18 03:48:48,791 kilosort.clustering_qr DEBUG    Center 22 | Xd shape: torch.Size([5932, 90]) | ntemp: 16
2026-07-18 03:48:50,996 kilosort.clustering_qr DEBUG    Center 23 | Xd shape: torch.Size([7481, 90]) | ntemp: 16
2026-07-18 03:48:53,011 kilosort.clustering_qr DEBUG    Center 24 | Xd shape: torch.Size([4176, 90]) | ntemp: 16
2026-07-18 03:48:54,583 kilosort.clustering_qr DEBUG    Center 25 | Xd shape: torch.Size([8301, 90]) | ntemp: 16
2026-07-18 03:48:56,256 kilosort.clustering_qr DEBUG    Center 26 | Xd shape: torch.Size([4389, 90]) | ntemp: 16
2026-07-18 03:48:57,925 kilosort.clustering_qr DEBUG    Center 27 | Xd shape: torch.Size([7600, 90]) | ntemp: 16
2026-07-18 03:48:59,560 kilosort.clustering_qr DEBUG    Center 28 | Xd shape: torch.Size([7004, 90]) | ntemp: 16
2026-07-18 03:49:01,146 kilosort.clustering_qr DEBUG     
2026-07-18 03:49:01,146 kilosort.clustering_qr DEBUG    Cluster center: 29 (30/96)
2026-07-18 03:49:01,146 kilosort.clustering_qr DEBUG    ********************************************************
2026-07-18 03:49:01,146 kilosort.clustering_qr DEBUG    CPU usage:    20.60 %
2026-07-18 03:49:01,146 kilosort.clustering_qr DEBUG    Mem used:     52.00 %     |       8.14 GB
2026-07-18 03:49:01,146 kilosort.clustering_qr DEBUG    Mem avail:     7.51 / 15.65 GB
2026-07-18 03:49:01,146 kilosort.clustering_qr DEBUG    ------------------------------------------------------
2026-07-18 03:49:01,146 kilosort.clustering_qr DEBUG    GPU usage:    `conda install pynvml` for GPU usage
2026-07-18 03:49:01,146 kilosort.clustering_qr DEBUG    GPU memory:   22.31 %     |      0.89   /     4.00 GB
2026-07-18 03:49:01,146 kilosort.clustering_qr DEBUG    Allocated:     0.28 %     |      0.01   /     4.00 GB
2026-07-18 03:49:01,146 kilosort.clustering_qr DEBUG    Max alloc:     0.98 %     |      0.04   /     4.00 GB
2026-07-18 03:49:01,146 kilosort.clustering_qr DEBUG    ********************************************************
2026-07-18 03:49:01,187 kilosort.clustering_qr DEBUG    Center 29 | Xd shape: torch.Size([6637, 90]) | ntemp: 16
2026-07-18 03:49:02,732 kilosort.clustering_qr DEBUG    Center 30 | Xd shape: torch.Size([7499, 90]) | ntemp: 16
2026-07-18 03:49:04,262 kilosort.clustering_qr DEBUG    Center 31 | Xd shape: torch.Size([3509, 90]) | ntemp: 16
2026-07-18 03:49:06,292 kilosort.clustering_qr DEBUG    Center 32 | Xd shape: torch.Size([3877, 90]) | ntemp: 16
2026-07-18 03:49:08,291 kilosort.clustering_qr DEBUG    Center 33 | Xd shape: torch.Size([4374, 90]) | ntemp: 16
2026-07-18 03:49:10,518 kilosort.clustering_qr DEBUG    Center 34 | Xd shape: torch.Size([5613, 90]) | ntemp: 16
2026-07-18 03:49:12,299 kilosort.clustering_qr DEBUG    Center 35 | Xd shape: torch.Size([5303, 90]) | ntemp: 16
2026-07-18 03:49:13,805 kilosort.clustering_qr DEBUG    Center 36 | Xd shape: torch.Size([5595, 90]) | ntemp: 16
2026-07-18 03:49:16,012 kilosort.clustering_qr DEBUG    Center 37 | Xd shape: torch.Size([4605, 90]) | ntemp: 16
2026-07-18 03:49:17,636 kilosort.clustering_qr DEBUG    Center 38 | Xd shape: torch.Size([3490, 90]) | ntemp: 16
2026-07-18 03:49:18,953 kilosort.clustering_qr DEBUG     
2026-07-18 03:49:18,953 kilosort.clustering_qr DEBUG    Cluster center: 39 (40/96)
2026-07-18 03:49:18,953 kilosort.clustering_qr DEBUG    ********************************************************
2026-07-18 03:49:18,953 kilosort.clustering_qr DEBUG    CPU usage:    20.20 %
2026-07-18 03:49:18,953 kilosort.clustering_qr DEBUG    Mem used:     52.10 %     |       8.15 GB
2026-07-18 03:49:18,953 kilosort.clustering_qr DEBUG    Mem avail:     7.50 / 15.65 GB
2026-07-18 03:49:18,953 kilosort.clustering_qr DEBUG    ------------------------------------------------------
2026-07-18 03:49:18,953 kilosort.clustering_qr DEBUG    GPU usage:    `conda install pynvml` for GPU usage
2026-07-18 03:49:18,953 kilosort.clustering_qr DEBUG    GPU memory:   22.31 %     |      0.89   /     4.00 GB
2026-07-18 03:49:18,953 kilosort.clustering_qr DEBUG    Allocated:     0.28 %     |      0.01   /     4.00 GB
2026-07-18 03:49:18,953 kilosort.clustering_qr DEBUG    Max alloc:     0.98 %     |      0.04   /     4.00 GB
2026-07-18 03:49:18,953 kilosort.clustering_qr DEBUG    ********************************************************
2026-07-18 03:49:19,025 kilosort.clustering_qr DEBUG    Center 39 | Xd shape: torch.Size([4203, 90]) | ntemp: 16
2026-07-18 03:49:20,941 kilosort.clustering_qr DEBUG    Center 40 | Xd shape: torch.Size([5594, 90]) | ntemp: 16
2026-07-18 03:49:22,685 kilosort.clustering_qr DEBUG    Center 41 | Xd shape: torch.Size([6269, 90]) | ntemp: 16
2026-07-18 03:49:24,362 kilosort.clustering_qr DEBUG    Center 42 | Xd shape: torch.Size([6012, 90]) | ntemp: 16
2026-07-18 03:49:26,488 kilosort.clustering_qr DEBUG    Center 43 | Xd shape: torch.Size([4282, 90]) | ntemp: 16
2026-07-18 03:49:28,331 kilosort.clustering_qr DEBUG    Center 44 | Xd shape: torch.Size([5072, 87]) | ntemp: 16
2026-07-18 03:49:29,859 kilosort.clustering_qr DEBUG    Center 45 | Xd shape: torch.Size([4929, 87]) | ntemp: 16
2026-07-18 03:49:31,400 kilosort.clustering_qr DEBUG    Center 46 | Xd shape: torch.Size([7314, 87]) | ntemp: 16
2026-07-18 03:49:33,002 kilosort.clustering_qr DEBUG    Center 47 | Xd shape: torch.Size([4940, 87]) | ntemp: 16
2026-07-18 03:49:34,719 kilosort.clustering_qr DEBUG    Center 48 | Xd shape: torch.Size([7035, 87]) | ntemp: 16
2026-07-18 03:49:36,294 kilosort.clustering_qr DEBUG     
2026-07-18 03:49:36,294 kilosort.clustering_qr DEBUG    Cluster center: 49 (50/96)
2026-07-18 03:49:36,294 kilosort.clustering_qr DEBUG    ********************************************************
2026-07-18 03:49:36,294 kilosort.clustering_qr DEBUG    CPU usage:    20.60 %
2026-07-18 03:49:36,294 kilosort.clustering_qr DEBUG    Mem used:     52.00 %     |       8.14 GB
2026-07-18 03:49:36,294 kilosort.clustering_qr DEBUG    Mem avail:     7.51 / 15.65 GB
2026-07-18 03:49:36,294 kilosort.clustering_qr DEBUG    ------------------------------------------------------
2026-07-18 03:49:36,294 kilosort.clustering_qr DEBUG    GPU usage:    `conda install pynvml` for GPU usage
2026-07-18 03:49:36,294 kilosort.clustering_qr DEBUG    GPU memory:   22.31 %     |      0.89   /     4.00 GB
2026-07-18 03:49:36,294 kilosort.clustering_qr DEBUG    Allocated:     0.28 %     |      0.01   /     4.00 GB
2026-07-18 03:49:36,294 kilosort.clustering_qr DEBUG    Max alloc:     0.98 %     |      0.04   /     4.00 GB
2026-07-18 03:49:36,294 kilosort.clustering_qr DEBUG    ********************************************************
2026-07-18 03:49:36,346 kilosort.clustering_qr DEBUG    Center 49 | Xd shape: torch.Size([7326, 87]) | ntemp: 16
2026-07-18 03:49:38,490 kilosort.clustering_qr DEBUG    Center 50 | Xd shape: torch.Size([14902, 87]) | ntemp: 16
2026-07-18 03:49:40,697 kilosort.clustering_qr DEBUG    Center 51 | Xd shape: torch.Size([4299, 90]) | ntemp: 16
2026-07-18 03:49:42,275 kilosort.clustering_qr DEBUG    Center 52 | Xd shape: torch.Size([8107, 90]) | ntemp: 16
2026-07-18 03:49:44,050 kilosort.clustering_qr DEBUG    Center 53 | Xd shape: torch.Size([13210, 90]) | ntemp: 16
2026-07-18 03:49:46,296 kilosort.clustering_qr DEBUG    Center 54 | Xd shape: torch.Size([20801, 90]) | ntemp: 16
2026-07-18 03:49:48,630 kilosort.clustering_qr DEBUG    Center 55 | Xd shape: torch.Size([5731, 90]) | ntemp: 16
2026-07-18 03:49:50,691 kilosort.clustering_qr DEBUG    Center 56 | Xd shape: torch.Size([6974, 90]) | ntemp: 16
2026-07-18 03:49:52,351 kilosort.clustering_qr DEBUG    Center 57 | Xd shape: torch.Size([9296, 90]) | ntemp: 16
2026-07-18 03:49:54,118 kilosort.clustering_qr DEBUG    Center 58 | Xd shape: torch.Size([9810, 90]) | ntemp: 16
2026-07-18 03:49:55,849 kilosort.clustering_qr DEBUG     
2026-07-18 03:49:55,849 kilosort.clustering_qr DEBUG    Cluster center: 59 (60/96)
2026-07-18 03:49:55,856 kilosort.clustering_qr DEBUG    ********************************************************
2026-07-18 03:49:55,856 kilosort.clustering_qr DEBUG    CPU usage:    20.60 %
2026-07-18 03:49:55,856 kilosort.clustering_qr DEBUG    Mem used:     52.00 %     |       8.14 GB
2026-07-18 03:49:55,856 kilosort.clustering_qr DEBUG    Mem avail:     7.51 / 15.65 GB
2026-07-18 03:49:55,856 kilosort.clustering_qr DEBUG    ------------------------------------------------------
2026-07-18 03:49:55,856 kilosort.clustering_qr DEBUG    GPU usage:    `conda install pynvml` for GPU usage
2026-07-18 03:49:55,856 kilosort.clustering_qr DEBUG    GPU memory:   22.31 %     |      0.89   /     4.00 GB
2026-07-18 03:49:55,856 kilosort.clustering_qr DEBUG    Allocated:     0.28 %     |      0.01   /     4.00 GB
2026-07-18 03:49:55,856 kilosort.clustering_qr DEBUG    Max alloc:     1.73 %     |      0.07   /     4.00 GB
2026-07-18 03:49:55,856 kilosort.clustering_qr DEBUG    ********************************************************
2026-07-18 03:49:55,898 kilosort.clustering_qr DEBUG    Center 59 | Xd shape: torch.Size([9054, 90]) | ntemp: 16
2026-07-18 03:49:57,763 kilosort.clustering_qr DEBUG    Center 60 | Xd shape: torch.Size([9704, 90]) | ntemp: 16
2026-07-18 03:49:59,556 kilosort.clustering_qr DEBUG    Center 61 | Xd shape: torch.Size([6476, 90]) | ntemp: 16
2026-07-18 03:50:01,209 kilosort.clustering_qr DEBUG    Center 62 | Xd shape: torch.Size([10027, 90]) | ntemp: 16
2026-07-18 03:50:03,404 kilosort.clustering_qr DEBUG    Center 63 | Xd shape: torch.Size([6285, 90]) | ntemp: 16
2026-07-18 03:50:04,993 kilosort.clustering_qr DEBUG    Center 64 | Xd shape: torch.Size([6970, 90]) | ntemp: 16
2026-07-18 03:50:06,676 kilosort.clustering_qr DEBUG    Center 65 | Xd shape: torch.Size([11764, 90]) | ntemp: 16
2026-07-18 03:50:08,996 kilosort.clustering_qr DEBUG    Center 66 | Xd shape: torch.Size([4171, 90]) | ntemp: 16
2026-07-18 03:50:10,544 kilosort.clustering_qr DEBUG    Center 67 | Xd shape: torch.Size([6032, 90]) | ntemp: 16
2026-07-18 03:50:12,238 kilosort.clustering_qr DEBUG    Center 68 | Xd shape: torch.Size([4786, 90]) | ntemp: 16
2026-07-18 03:50:13,981 kilosort.clustering_qr DEBUG     
2026-07-18 03:50:13,981 kilosort.clustering_qr DEBUG    Cluster center: 69 (70/96)
2026-07-18 03:50:13,981 kilosort.clustering_qr DEBUG    ********************************************************
2026-07-18 03:50:13,981 kilosort.clustering_qr DEBUG    CPU usage:    20.40 %
2026-07-18 03:50:13,981 kilosort.clustering_qr DEBUG    Mem used:     52.10 %     |       8.15 GB
2026-07-18 03:50:13,981 kilosort.clustering_qr DEBUG    Mem avail:     7.49 / 15.65 GB
2026-07-18 03:50:13,981 kilosort.clustering_qr DEBUG    ------------------------------------------------------
2026-07-18 03:50:13,981 kilosort.clustering_qr DEBUG    GPU usage:    `conda install pynvml` for GPU usage
2026-07-18 03:50:13,981 kilosort.clustering_qr DEBUG    GPU memory:   22.31 %     |      0.89   /     4.00 GB
2026-07-18 03:50:13,981 kilosort.clustering_qr DEBUG    Allocated:     0.28 %     |      0.01   /     4.00 GB
2026-07-18 03:50:13,987 kilosort.clustering_qr DEBUG    Max alloc:     1.73 %     |      0.07   /     4.00 GB
2026-07-18 03:50:13,987 kilosort.clustering_qr DEBUG    ********************************************************
2026-07-18 03:50:14,054 kilosort.clustering_qr DEBUG    Center 69 | Xd shape: torch.Size([4475, 90]) | ntemp: 16
2026-07-18 03:50:15,807 kilosort.clustering_qr DEBUG    Center 70 | Xd shape: torch.Size([3625, 90]) | ntemp: 16
2026-07-18 03:50:17,421 kilosort.clustering_qr DEBUG    Center 71 | Xd shape: torch.Size([3921, 90]) | ntemp: 16
2026-07-18 03:50:19,417 kilosort.clustering_qr DEBUG    Center 72 | Xd shape: torch.Size([3503, 90]) | ntemp: 16
2026-07-18 03:50:21,048 kilosort.clustering_qr DEBUG    Center 73 | Xd shape: torch.Size([4684, 90]) | ntemp: 16
2026-07-18 03:50:23,059 kilosort.clustering_qr DEBUG    Center 74 | Xd shape: torch.Size([2867, 90]) | ntemp: 16
2026-07-18 03:50:24,851 kilosort.clustering_qr DEBUG    Center 75 | Xd shape: torch.Size([2908, 90]) | ntemp: 16
2026-07-18 03:50:26,694 kilosort.clustering_qr DEBUG    Center 76 | Xd shape: torch.Size([2943, 90]) | ntemp: 16
2026-07-18 03:50:28,435 kilosort.clustering_qr DEBUG    Center 77 | Xd shape: torch.Size([2650, 90]) | ntemp: 16
2026-07-18 03:50:30,597 kilosort.clustering_qr DEBUG    Center 78 | Xd shape: torch.Size([3130, 90]) | ntemp: 16
2026-07-18 03:50:32,264 kilosort.clustering_qr DEBUG     
2026-07-18 03:50:32,264 kilosort.clustering_qr DEBUG    Cluster center: 79 (80/96)
2026-07-18 03:50:32,264 kilosort.clustering_qr DEBUG    ********************************************************
2026-07-18 03:50:32,264 kilosort.clustering_qr DEBUG    CPU usage:    19.90 %
2026-07-18 03:50:32,264 kilosort.clustering_qr DEBUG    Mem used:     52.10 %     |       8.15 GB
2026-07-18 03:50:32,264 kilosort.clustering_qr DEBUG    Mem avail:     7.50 / 15.65 GB
2026-07-18 03:50:32,264 kilosort.clustering_qr DEBUG    ------------------------------------------------------
2026-07-18 03:50:32,264 kilosort.clustering_qr DEBUG    GPU usage:    `conda install pynvml` for GPU usage
2026-07-18 03:50:32,264 kilosort.clustering_qr DEBUG    GPU memory:   22.31 %     |      0.89   /     4.00 GB
2026-07-18 03:50:32,264 kilosort.clustering_qr DEBUG    Allocated:     0.28 %     |      0.01   /     4.00 GB
2026-07-18 03:50:32,264 kilosort.clustering_qr DEBUG    Max alloc:     1.73 %     |      0.07   /     4.00 GB
2026-07-18 03:50:32,264 kilosort.clustering_qr DEBUG    ********************************************************
2026-07-18 03:50:32,325 kilosort.clustering_qr DEBUG    Center 79 | Xd shape: torch.Size([3263, 90]) | ntemp: 16
2026-07-18 03:50:33,798 kilosort.clustering_qr DEBUG    Center 80 | Xd shape: torch.Size([2697, 90]) | ntemp: 16
2026-07-18 03:50:35,549 kilosort.clustering_qr DEBUG    Center 81 | Xd shape: torch.Size([2632, 90]) | ntemp: 16
2026-07-18 03:50:37,057 kilosort.clustering_qr DEBUG    Center 82 | Xd shape: torch.Size([2474, 90]) | ntemp: 16
2026-07-18 03:50:38,628 kilosort.clustering_qr DEBUG    Center 83 | Xd shape: torch.Size([2674, 90]) | ntemp: 16
2026-07-18 03:50:40,866 kilosort.clustering_qr DEBUG    Center 84 | Xd shape: torch.Size([3329, 90]) | ntemp: 16
2026-07-18 03:50:42,942 kilosort.clustering_qr DEBUG    Center 85 | Xd shape: torch.Size([2907, 90]) | ntemp: 16
2026-07-18 03:50:44,403 kilosort.clustering_qr DEBUG    Center 86 | Xd shape: torch.Size([2423, 90]) | ntemp: 16
2026-07-18 03:50:46,604 kilosort.clustering_qr DEBUG    Center 87 | Xd shape: torch.Size([2357, 90]) | ntemp: 16
2026-07-18 03:50:48,746 kilosort.clustering_qr DEBUG    Center 88 | Xd shape: torch.Size([2663, 90]) | ntemp: 16
2026-07-18 03:50:50,506 kilosort.clustering_qr DEBUG     
2026-07-18 03:50:50,506 kilosort.clustering_qr DEBUG    Cluster center: 89 (90/96)
2026-07-18 03:50:50,506 kilosort.clustering_qr DEBUG    ********************************************************
2026-07-18 03:50:50,506 kilosort.clustering_qr DEBUG    CPU usage:    19.90 %
2026-07-18 03:50:50,506 kilosort.clustering_qr DEBUG    Mem used:     52.00 %     |       8.14 GB
2026-07-18 03:50:50,506 kilosort.clustering_qr DEBUG    Mem avail:     7.51 / 15.65 GB
2026-07-18 03:50:50,506 kilosort.clustering_qr DEBUG    ------------------------------------------------------
2026-07-18 03:50:50,506 kilosort.clustering_qr DEBUG    GPU usage:    `conda install pynvml` for GPU usage
2026-07-18 03:50:50,506 kilosort.clustering_qr DEBUG    GPU memory:   22.31 %     |      0.89   /     4.00 GB
2026-07-18 03:50:50,506 kilosort.clustering_qr DEBUG    Allocated:     0.28 %     |      0.01   /     4.00 GB
2026-07-18 03:50:50,506 kilosort.clustering_qr DEBUG    Max alloc:     1.73 %     |      0.07   /     4.00 GB
2026-07-18 03:50:50,506 kilosort.clustering_qr DEBUG    ********************************************************
2026-07-18 03:50:50,548 kilosort.clustering_qr DEBUG    Center 89 | Xd shape: torch.Size([2764, 90]) | ntemp: 16
2026-07-18 03:50:51,764 kilosort.clustering_qr DEBUG    Center 90 | Xd shape: torch.Size([3296, 90]) | ntemp: 16
2026-07-18 03:50:53,553 kilosort.clustering_qr DEBUG    Center 91 | Xd shape: torch.Size([3104, 90]) | ntemp: 16
2026-07-18 03:50:55,357 kilosort.clustering_qr DEBUG    Center 92 | Xd shape: torch.Size([2881, 84]) | ntemp: 16
2026-07-18 03:50:56,842 kilosort.clustering_qr DEBUG    Center 93 | Xd shape: torch.Size([2368, 78]) | ntemp: 16
2026-07-18 03:50:59,024 kilosort.clustering_qr DEBUG    Center 94 | Xd shape: torch.Size([2537, 78]) | ntemp: 16
2026-07-18 03:51:01,006 kilosort.clustering_qr DEBUG    Center 95 | Xd shape: torch.Size([1232, 78]) | ntemp: 12
2026-07-18 03:51:03,499 kilosort.run_kilosort INFO     188 clusters found, in 173.97s; total 2848.66s
2026-07-18 03:51:03,499 kilosort.run_kilosort DEBUG    clu shape: (509931,)
2026-07-18 03:51:03,499 kilosort.run_kilosort DEBUG    Wall shape: torch.Size([188, 383, 3])
2026-07-18 03:51:03,499 kilosort.run_kilosort INFO      
2026-07-18 03:51:03,499 kilosort.run_kilosort INFO     Resource usage after first clustering
2026-07-18 03:51:03,499 kilosort.run_kilosort INFO     ********************************************************
2026-07-18 03:51:03,499 kilosort.run_kilosort INFO     CPU usage:    100.00 %
2026-07-18 03:51:03,499 kilosort.run_kilosort INFO     Mem used:     52.00 %     |       8.14 GB
2026-07-18 03:51:03,499 kilosort.run_kilosort INFO     Mem avail:     7.51 / 15.65 GB
2026-07-18 03:51:03,499 kilosort.run_kilosort INFO     ------------------------------------------------------
2026-07-18 03:51:03,499 kilosort.run_kilosort INFO     GPU usage:    `conda install pynvml` for GPU usage
2026-07-18 03:51:03,499 kilosort.run_kilosort INFO     GPU memory:   27.83 %     |      1.11   /     4.00 GB
2026-07-18 03:51:03,499 kilosort.run_kilosort INFO     Allocated:     0.30 %     |      0.01   /     4.00 GB
2026-07-18 03:51:03,499 kilosort.run_kilosort INFO     Max alloc:     5.62 %     |      0.22   /     4.00 GB
2026-07-18 03:51:03,499 kilosort.run_kilosort INFO     ********************************************************
2026-07-18 03:51:03,499 kilosort.run_kilosort DEBUG    
2026-07-18 03:51:03,499 kilosort.run_kilosort DEBUG    --------------------
2026-07-18 03:51:03,499 kilosort.run_kilosort DEBUG    Process thread count: N/A (linux only)
2026-07-18 03:51:03,499 kilosort.run_kilosort DEBUG    num torch threads: 8
2026-07-18 03:51:03,499 kilosort.run_kilosort DEBUG    --------------------

2026-07-18 03:51:03,499 kilosort.run_kilosort INFO      
2026-07-18 03:51:03,499 kilosort.run_kilosort INFO     Extracting spikes using cluster waveforms
2026-07-18 03:51:03,499 kilosort.run_kilosort INFO     ----------------------------------------
2026-07-18 03:51:03,571 kilosort.template_matching DEBUG     
2026-07-18 03:51:03,571 kilosort.template_matching DEBUG    Batch 0
2026-07-18 03:51:03,571 kilosort.template_matching DEBUG    ********************************************************
2026-07-18 03:51:03,571 kilosort.template_matching DEBUG    CPU usage:    15.80 %
2026-07-18 03:51:03,571 kilosort.template_matching DEBUG    Mem used:     53.80 %     |       8.42 GB
2026-07-18 03:51:03,571 kilosort.template_matching DEBUG    Mem avail:     7.23 / 15.65 GB
2026-07-18 03:51:03,571 kilosort.template_matching DEBUG    ------------------------------------------------------
2026-07-18 03:51:03,571 kilosort.template_matching DEBUG    GPU usage:    `conda install pynvml` for GPU usage
2026-07-18 03:51:03,571 kilosort.template_matching DEBUG    GPU memory:   27.83 %     |      1.11   /     4.00 GB
2026-07-18 03:51:03,571 kilosort.template_matching DEBUG    Allocated:     0.65 %     |      0.03   /     4.00 GB
2026-07-18 03:51:03,571 kilosort.template_matching DEBUG    Max alloc:     0.70 %     |      0.03   /     4.00 GB
2026-07-18 03:51:03,571 kilosort.template_matching DEBUG    ********************************************************
2026-07-18 03:52:15,620 kilosort.template_matching DEBUG     
2026-07-18 03:52:15,620 kilosort.template_matching DEBUG    Batch 100
2026-07-18 03:52:15,620 kilosort.template_matching DEBUG    ********************************************************
2026-07-18 03:52:15,620 kilosort.template_matching DEBUG    CPU usage:    19.60 %
2026-07-18 03:52:15,620 kilosort.template_matching DEBUG    Mem used:     53.70 %     |       8.40 GB
2026-07-18 03:52:15,620 kilosort.template_matching DEBUG    Mem avail:     7.25 / 15.65 GB
2026-07-18 03:52:15,620 kilosort.template_matching DEBUG    ------------------------------------------------------
2026-07-18 03:52:15,620 kilosort.template_matching DEBUG    GPU usage:    `conda install pynvml` for GPU usage
2026-07-18 03:52:15,630 kilosort.template_matching DEBUG    GPU memory:   62.65 %     |      2.51   /     4.00 GB
2026-07-18 03:52:15,630 kilosort.template_matching DEBUG    Allocated:     4.99 %     |      0.20   /     4.00 GB
2026-07-18 03:52:15,630 kilosort.template_matching DEBUG    Max alloc:    35.28 %     |      1.41   /     4.00 GB
2026-07-18 03:52:15,630 kilosort.template_matching DEBUG    ********************************************************
2026-07-18 03:52:18,694 kilosort.template_matching DEBUG     
2026-07-18 03:52:20,948 kilosort.template_matching DEBUG    Batch 104
2026-07-18 03:52:20,948 kilosort.template_matching DEBUG    ********************************************************
2026-07-18 03:52:20,948 kilosort.template_matching DEBUG    CPU usage:    20.80 %
2026-07-18 03:52:20,948 kilosort.template_matching DEBUG    Mem used:     53.80 %     |       8.42 GB
2026-07-18 03:52:20,948 kilosort.template_matching DEBUG    Mem avail:     7.23 / 15.65 GB
2026-07-18 03:52:20,948 kilosort.template_matching DEBUG    ------------------------------------------------------
2026-07-18 03:52:20,948 kilosort.template_matching DEBUG    GPU usage:    `conda install pynvml` for GPU usage
2026-07-18 03:52:20,948 kilosort.template_matching DEBUG    GPU memory:   62.65 %     |      2.51   /     4.00 GB
2026-07-18 03:52:20,948 kilosort.template_matching DEBUG    Allocated:     4.98 %     |      0.20   /     4.00 GB
2026-07-18 03:52:20,948 kilosort.template_matching DEBUG    Max alloc:    35.28 %     |      1.41   /     4.00 GB
2026-07-18 03:52:20,948 kilosort.template_matching DEBUG    ********************************************************
2026-07-18 03:52:21,222 kilosort.run_kilosort DEBUG    
2026-07-18 03:52:21,222 kilosort.run_kilosort DEBUG    --------------------
2026-07-18 03:52:21,222 kilosort.run_kilosort DEBUG    Process thread count: N/A (linux only)
2026-07-18 03:52:21,238 kilosort.run_kilosort DEBUG    num torch threads: 8
2026-07-18 03:52:21,238 kilosort.run_kilosort DEBUG    --------------------

2026-07-18 03:52:21,238 kilosort.run_kilosort INFO     555724 spikes extracted in 77.74s; total 2926.41s
2026-07-18 03:52:21,238 kilosort.run_kilosort DEBUG    st shape: (555724, 3)
2026-07-18 03:52:21,238 kilosort.run_kilosort DEBUG    tF shape: torch.Size([555724, 25, 3])
2026-07-18 03:52:21,238 kilosort.run_kilosort DEBUG    iCC shape: torch.Size([25, 383])
2026-07-18 03:52:21,238 kilosort.run_kilosort DEBUG    iU shape: torch.Size([174])
2026-07-18 03:52:21,238 kilosort.run_kilosort DEBUG    

|===========================================================================|
|                  PyTorch CUDA memory summary, device ID 0                 |
|---------------------------------------------------------------------------|
|            CUDA OOMs: 0            |        cudaMalloc retries: 0         |
|===========================================================================|
|        Metric         | Cur Usage  | Peak Usage | Tot Alloc  | Tot Freed  |
|---------------------------------------------------------------------------|
| Allocated memory      |  12699 KiB |   1445 MiB |  26503 GiB |  26503 GiB |
|---------------------------------------------------------------------------|
| Active memory         |  12699 KiB |   1445 MiB |  26503 GiB |  26503 GiB |
|---------------------------------------------------------------------------|
| Requested memory      |  12696 KiB |   1444 MiB |  26492 GiB |  26492 GiB |
|---------------------------------------------------------------------------|
| GPU reserved memory   |   1702 MiB |   1702 MiB |    930 GiB |    929 GiB |
|---------------------------------------------------------------------------|
| Non-releasable memory |  42596 KiB |    863 MiB |   7773 GiB |   7773 GiB |
|---------------------------------------------------------------------------|
| Allocations           |      13    |      45    |    1596 K  |    1595 K  |
|---------------------------------------------------------------------------|
| Active allocs         |      13    |      45    |    1596 K  |    1595 K  |
|---------------------------------------------------------------------------|
| GPU reserved segments |      14    |      14    |    2746    |    2732    |
|---------------------------------------------------------------------------|
| Non-releasable allocs |      12    |      26    |  606903    |  606891    |
|---------------------------------------------------------------------------|
| Oversize allocations  |       0    |       0    |       0    |       0    |
|---------------------------------------------------------------------------|
| Oversize GPU segments |       0    |       0    |       0    |       0    |
|===========================================================================|


2026-07-18 03:52:21,238 kilosort.run_kilosort INFO      
2026-07-18 03:52:21,238 kilosort.run_kilosort INFO     Resource usage after spike detect (learned)
2026-07-18 03:52:21,238 kilosort.run_kilosort INFO     ********************************************************
2026-07-18 03:52:21,238 kilosort.run_kilosort INFO     CPU usage:     0.00 %
2026-07-18 03:52:21,238 kilosort.run_kilosort INFO     Mem used:     52.10 %     |       8.16 GB
2026-07-18 03:52:21,238 kilosort.run_kilosort INFO     Mem avail:     7.49 / 15.65 GB
2026-07-18 03:52:21,238 kilosort.run_kilosort INFO     ------------------------------------------------------
2026-07-18 03:52:21,238 kilosort.run_kilosort INFO     GPU usage:    `conda install pynvml` for GPU usage
2026-07-18 03:52:21,238 kilosort.run_kilosort INFO     GPU memory:   62.65 %     |      2.51   /     4.00 GB
2026-07-18 03:52:21,238 kilosort.run_kilosort INFO     Allocated:     0.30 %     |      0.01   /     4.00 GB
2026-07-18 03:52:21,238 kilosort.run_kilosort INFO     Max alloc:    35.28 %     |      1.41   /     4.00 GB
2026-07-18 03:52:21,238 kilosort.run_kilosort INFO     ********************************************************
2026-07-18 03:52:21,238 kilosort.run_kilosort DEBUG    
2026-07-18 03:52:21,238 kilosort.run_kilosort DEBUG    --------------------
2026-07-18 03:52:21,238 kilosort.run_kilosort DEBUG    Process thread count: N/A (linux only)
2026-07-18 03:52:21,238 kilosort.run_kilosort DEBUG    num torch threads: 8
2026-07-18 03:52:21,238 kilosort.run_kilosort DEBUG    --------------------

2026-07-18 03:52:21,238 kilosort.run_kilosort INFO     Generating diagnostic plots ...
2026-07-18 03:52:25,179 kilosort.run_kilosort INFO      
2026-07-18 03:52:25,179 kilosort.run_kilosort INFO     Final clustering
2026-07-18 03:52:25,179 kilosort.run_kilosort INFO     ----------------------------------------
2026-07-18 03:52:25,213 kilosort.clustering_qr DEBUG    Center 0 | Xd shape: torch.Size([9880, 75]) | ntemp: 1
2026-07-18 03:52:34,034 kilosort.clustering_qr DEBUG    Center 1 | Xd shape: torch.Size([1927, 75]) | ntemp: 1
2026-07-18 03:52:36,228 kilosort.clustering_qr DEBUG    Center 2 | Xd shape: torch.Size([1056, 75]) | ntemp: 1
2026-07-18 03:52:38,170 kilosort.clustering_qr DEBUG    Center 3 | Xd shape: torch.Size([738, 75]) | ntemp: 1
2026-07-18 03:52:38,190 kilosort.clustering_qr DEBUG    Center 5 | Xd shape: torch.Size([4703, 75]) | ntemp: 2
2026-07-18 03:52:40,053 kilosort.clustering_qr DEBUG    Center 6 | Xd shape: torch.Size([4136, 75]) | ntemp: 1
2026-07-18 03:52:41,592 kilosort.clustering_qr DEBUG    Center 7 | Xd shape: torch.Size([2964, 75]) | ntemp: 1
2026-07-18 03:52:43,525 kilosort.clustering_qr DEBUG    Center 8 | Xd shape: torch.Size([7471, 75]) | ntemp: 1
2026-07-18 03:52:45,524 kilosort.clustering_qr DEBUG    Center 10 | Xd shape: torch.Size([4237, 75]) | ntemp: 2
2026-07-18 03:52:47,220 kilosort.clustering_qr DEBUG     
2026-07-18 03:52:47,220 kilosort.clustering_qr DEBUG    Cluster center: 11 (10/88)
2026-07-18 03:52:47,220 kilosort.clustering_qr DEBUG    ********************************************************
2026-07-18 03:52:47,220 kilosort.clustering_qr DEBUG    CPU usage:    19.30 %
2026-07-18 03:52:47,220 kilosort.clustering_qr DEBUG    Mem used:     52.20 %     |       8.17 GB
2026-07-18 03:52:47,220 kilosort.clustering_qr DEBUG    Mem avail:     7.48 / 15.65 GB
2026-07-18 03:52:47,220 kilosort.clustering_qr DEBUG    ------------------------------------------------------
2026-07-18 03:52:47,220 kilosort.clustering_qr DEBUG    GPU usage:    `conda install pynvml` for GPU usage
2026-07-18 03:52:47,220 kilosort.clustering_qr DEBUG    GPU memory:   22.36 %     |      0.89   /     4.00 GB
2026-07-18 03:52:47,220 kilosort.clustering_qr DEBUG    Allocated:     0.29 %     |      0.01   /     4.00 GB
2026-07-18 03:52:47,220 kilosort.clustering_qr DEBUG    Max alloc:     0.96 %     |      0.04   /     4.00 GB
2026-07-18 03:52:47,220 kilosort.clustering_qr DEBUG    ********************************************************
2026-07-18 03:52:47,241 kilosort.clustering_qr DEBUG    Center 11 | Xd shape: torch.Size([3577, 75]) | ntemp: 1
2026-07-18 03:52:48,974 kilosort.clustering_qr DEBUG    Center 12 | Xd shape: torch.Size([9583, 75]) | ntemp: 1
2026-07-18 03:52:50,740 kilosort.clustering_qr DEBUG    Center 14 | Xd shape: torch.Size([8446, 75]) | ntemp: 3
2026-07-18 03:52:52,493 kilosort.clustering_qr DEBUG    Center 15 | Xd shape: torch.Size([5066, 81]) | ntemp: 2
2026-07-18 03:52:54,392 kilosort.clustering_qr DEBUG    Center 17 | Xd shape: torch.Size([11676, 75]) | ntemp: 2
2026-07-18 03:52:56,295 kilosort.clustering_qr DEBUG    Center 18 | Xd shape: torch.Size([3182, 81]) | ntemp: 2
2026-07-18 03:52:58,021 kilosort.clustering_qr DEBUG    Center 19 | Xd shape: torch.Size([10652, 75]) | ntemp: 1
2026-07-18 03:52:59,656 kilosort.clustering_qr DEBUG    Center 20 | Xd shape: torch.Size([6449, 81]) | ntemp: 3
2026-07-18 03:53:01,693 kilosort.clustering_qr DEBUG    Center 21 | Xd shape: torch.Size([7529, 81]) | ntemp: 3
2026-07-18 03:53:03,274 kilosort.clustering_qr DEBUG    Center 22 | Xd shape: torch.Size([12186, 81]) | ntemp: 5
2026-07-18 03:53:05,466 kilosort.clustering_qr DEBUG     
2026-07-18 03:53:05,466 kilosort.clustering_qr DEBUG    Cluster center: 23 (20/88)
2026-07-18 03:53:05,466 kilosort.clustering_qr DEBUG    ********************************************************
2026-07-18 03:53:05,466 kilosort.clustering_qr DEBUG    CPU usage:    20.80 %
2026-07-18 03:53:05,466 kilosort.clustering_qr DEBUG    Mem used:     52.50 %     |       8.22 GB
2026-07-18 03:53:05,466 kilosort.clustering_qr DEBUG    Mem avail:     7.43 / 15.65 GB
2026-07-18 03:53:05,466 kilosort.clustering_qr DEBUG    ------------------------------------------------------
2026-07-18 03:53:05,466 kilosort.clustering_qr DEBUG    GPU usage:    `conda install pynvml` for GPU usage
2026-07-18 03:53:05,466 kilosort.clustering_qr DEBUG    GPU memory:   22.36 %     |      0.89   /     4.00 GB
2026-07-18 03:53:05,466 kilosort.clustering_qr DEBUG    Allocated:     0.29 %     |      0.01   /     4.00 GB
2026-07-18 03:53:05,466 kilosort.clustering_qr DEBUG    Max alloc:     1.12 %     |      0.04   /     4.00 GB
2026-07-18 03:53:05,466 kilosort.clustering_qr DEBUG    ********************************************************
2026-07-18 03:53:05,529 kilosort.clustering_qr DEBUG    Center 23 | Xd shape: torch.Size([9510, 81]) | ntemp: 4
2026-07-18 03:53:07,373 kilosort.clustering_qr DEBUG    Center 24 | Xd shape: torch.Size([4352, 81]) | ntemp: 2
2026-07-18 03:53:08,920 kilosort.clustering_qr DEBUG    Center 25 | Xd shape: torch.Size([10780, 81]) | ntemp: 4
2026-07-18 03:53:10,853 kilosort.clustering_qr DEBUG    Center 26 | Xd shape: torch.Size([3555, 75]) | ntemp: 1
2026-07-18 03:53:12,918 kilosort.clustering_qr DEBUG    Center 27 | Xd shape: torch.Size([6207, 75]) | ntemp: 2
2026-07-18 03:53:14,522 kilosort.clustering_qr DEBUG    Center 28 | Xd shape: torch.Size([5373, 75]) | ntemp: 2
2026-07-18 03:53:16,086 kilosort.clustering_qr DEBUG    Center 30 | Xd shape: torch.Size([8679, 75]) | ntemp: 2
2026-07-18 03:53:18,415 kilosort.clustering_qr DEBUG    Center 31 | Xd shape: torch.Size([4831, 75]) | ntemp: 1
2026-07-18 03:53:19,924 kilosort.clustering_qr DEBUG    Center 32 | Xd shape: torch.Size([3040, 75]) | ntemp: 1
2026-07-18 03:53:21,618 kilosort.clustering_qr DEBUG    Center 33 | Xd shape: torch.Size([2994, 75]) | ntemp: 1
2026-07-18 03:53:23,383 kilosort.clustering_qr DEBUG     
2026-07-18 03:53:23,383 kilosort.clustering_qr DEBUG    Cluster center: 34 (30/88)
2026-07-18 03:53:23,383 kilosort.clustering_qr DEBUG    ********************************************************
2026-07-18 03:53:23,383 kilosort.clustering_qr DEBUG    CPU usage:    20.40 %
2026-07-18 03:53:23,383 kilosort.clustering_qr DEBUG    Mem used:     52.40 %     |       8.20 GB
2026-07-18 03:53:23,383 kilosort.clustering_qr DEBUG    Mem avail:     7.45 / 15.65 GB
2026-07-18 03:53:23,383 kilosort.clustering_qr DEBUG    ------------------------------------------------------
2026-07-18 03:53:23,393 kilosort.clustering_qr DEBUG    GPU usage:    `conda install pynvml` for GPU usage
2026-07-18 03:53:23,393 kilosort.clustering_qr DEBUG    GPU memory:   22.36 %     |      0.89   /     4.00 GB
2026-07-18 03:53:23,393 kilosort.clustering_qr DEBUG    Allocated:     0.29 %     |      0.01   /     4.00 GB
2026-07-18 03:53:23,393 kilosort.clustering_qr DEBUG    Max alloc:     1.12 %     |      0.04   /     4.00 GB
2026-07-18 03:53:23,393 kilosort.clustering_qr DEBUG    ********************************************************
2026-07-18 03:53:23,403 kilosort.clustering_qr DEBUG    Center 34 | Xd shape: torch.Size([4667, 75]) | ntemp: 1
2026-07-18 03:53:24,913 kilosort.clustering_qr DEBUG    Center 35 | Xd shape: torch.Size([4150, 75]) | ntemp: 1
2026-07-18 03:53:26,798 kilosort.clustering_qr DEBUG    Center 36 | Xd shape: torch.Size([1456, 75]) | ntemp: 1
2026-07-18 03:53:28,583 kilosort.clustering_qr DEBUG    Center 37 | Xd shape: torch.Size([2891, 75]) | ntemp: 1
2026-07-18 03:53:30,544 kilosort.clustering_qr DEBUG    Center 38 | Xd shape: torch.Size([2536, 75]) | ntemp: 1
2026-07-18 03:53:32,061 kilosort.clustering_qr DEBUG    Center 39 | Xd shape: torch.Size([2069, 75]) | ntemp: 1
2026-07-18 03:53:33,948 kilosort.clustering_qr DEBUG    Center 40 | Xd shape: torch.Size([4249, 78]) | ntemp: 2
2026-07-18 03:53:35,862 kilosort.clustering_qr DEBUG    Center 41 | Xd shape: torch.Size([5120, 81]) | ntemp: 2
2026-07-18 03:53:37,887 kilosort.clustering_qr DEBUG    Center 42 | Xd shape: torch.Size([4473, 75]) | ntemp: 1
2026-07-18 03:53:39,389 kilosort.clustering_qr DEBUG    Center 43 | Xd shape: torch.Size([3843, 75]) | ntemp: 1
2026-07-18 03:53:41,160 kilosort.clustering_qr DEBUG     
2026-07-18 03:53:41,160 kilosort.clustering_qr DEBUG    Cluster center: 44 (40/88)
2026-07-18 03:53:41,160 kilosort.clustering_qr DEBUG    ********************************************************
2026-07-18 03:53:41,160 kilosort.clustering_qr DEBUG    CPU usage:    19.80 %
2026-07-18 03:53:41,160 kilosort.clustering_qr DEBUG    Mem used:     52.40 %     |       8.20 GB
2026-07-18 03:53:41,160 kilosort.clustering_qr DEBUG    Mem avail:     7.45 / 15.65 GB
2026-07-18 03:53:41,160 kilosort.clustering_qr DEBUG    ------------------------------------------------------
2026-07-18 03:53:41,160 kilosort.clustering_qr DEBUG    GPU usage:    `conda install pynvml` for GPU usage
2026-07-18 03:53:41,160 kilosort.clustering_qr DEBUG    GPU memory:   22.36 %     |      0.89   /     4.00 GB
2026-07-18 03:53:41,160 kilosort.clustering_qr DEBUG    Allocated:     0.29 %     |      0.01   /     4.00 GB
2026-07-18 03:53:41,160 kilosort.clustering_qr DEBUG    Max alloc:     1.12 %     |      0.04   /     4.00 GB
2026-07-18 03:53:41,160 kilosort.clustering_qr DEBUG    ********************************************************
2026-07-18 03:53:41,191 kilosort.clustering_qr DEBUG    Center 44 | Xd shape: torch.Size([2920, 75]) | ntemp: 1
2026-07-18 03:53:42,916 kilosort.clustering_qr DEBUG    Center 45 | Xd shape: torch.Size([4440, 75]) | ntemp: 2
2026-07-18 03:53:44,255 kilosort.clustering_qr DEBUG    Center 46 | Xd shape: torch.Size([8845, 81]) | ntemp: 2
2026-07-18 03:53:45,817 kilosort.clustering_qr DEBUG    Center 47 | Xd shape: torch.Size([5600, 81]) | ntemp: 2
2026-07-18 03:53:47,568 kilosort.clustering_qr DEBUG    Center 48 | Xd shape: torch.Size([11447, 81]) | ntemp: 6
2026-07-18 03:53:49,166 kilosort.clustering_qr DEBUG    Center 49 | Xd shape: torch.Size([4635, 81]) | ntemp: 2
2026-07-18 03:53:50,726 kilosort.clustering_qr DEBUG    Center 50 | Xd shape: torch.Size([25533, 81]) | ntemp: 5
2026-07-18 03:53:53,052 kilosort.clustering_qr DEBUG    Center 51 | Xd shape: torch.Size([6162, 81]) | ntemp: 2
2026-07-18 03:53:54,781 kilosort.clustering_qr DEBUG    Center 52 | Xd shape: torch.Size([13193, 84]) | ntemp: 3
2026-07-18 03:53:56,915 kilosort.clustering_qr DEBUG    Center 53 | Xd shape: torch.Size([21485, 84]) | ntemp: 6
2026-07-18 03:53:58,980 kilosort.clustering_qr DEBUG     
2026-07-18 03:53:58,980 kilosort.clustering_qr DEBUG    Cluster center: 54 (50/88)
2026-07-18 03:53:58,980 kilosort.clustering_qr DEBUG    ********************************************************
2026-07-18 03:53:58,983 kilosort.clustering_qr DEBUG    CPU usage:    21.90 %
2026-07-18 03:53:58,983 kilosort.clustering_qr DEBUG    Mem used:     52.50 %     |       8.22 GB
2026-07-18 03:53:58,983 kilosort.clustering_qr DEBUG    Mem avail:     7.43 / 15.65 GB
2026-07-18 03:53:58,983 kilosort.clustering_qr DEBUG    ------------------------------------------------------
2026-07-18 03:53:58,983 kilosort.clustering_qr DEBUG    GPU usage:    `conda install pynvml` for GPU usage
2026-07-18 03:53:58,983 kilosort.clustering_qr DEBUG    GPU memory:   22.36 %     |      0.89   /     4.00 GB
2026-07-18 03:53:58,983 kilosort.clustering_qr DEBUG    Allocated:     0.29 %     |      0.01   /     4.00 GB
2026-07-18 03:53:58,983 kilosort.clustering_qr DEBUG    Max alloc:     2.06 %     |      0.08   /     4.00 GB
2026-07-18 03:53:58,983 kilosort.clustering_qr DEBUG    ********************************************************
2026-07-18 03:53:59,029 kilosort.clustering_qr DEBUG    Center 54 | Xd shape: torch.Size([24466, 81]) | ntemp: 6
2026-07-18 03:54:01,691 kilosort.clustering_qr DEBUG    Center 55 | Xd shape: torch.Size([19688, 84]) | ntemp: 4
2026-07-18 03:54:03,735 kilosort.clustering_qr DEBUG    Center 56 | Xd shape: torch.Size([11690, 81]) | ntemp: 3
2026-07-18 03:54:05,492 kilosort.clustering_qr DEBUG    Center 57 | Xd shape: torch.Size([14200, 81]) | ntemp: 5
2026-07-18 03:54:07,169 kilosort.clustering_qr DEBUG    Center 58 | Xd shape: torch.Size([11555, 81]) | ntemp: 5
2026-07-18 03:54:08,895 kilosort.clustering_qr DEBUG    Center 59 | Xd shape: torch.Size([12821, 84]) | ntemp: 8
2026-07-18 03:54:11,255 kilosort.clustering_qr DEBUG    Center 60 | Xd shape: torch.Size([13031, 78]) | ntemp: 4
2026-07-18 03:54:13,253 kilosort.clustering_qr DEBUG    Center 61 | Xd shape: torch.Size([8630, 81]) | ntemp: 3
2026-07-18 03:54:14,743 kilosort.clustering_qr DEBUG    Center 62 | Xd shape: torch.Size([9664, 81]) | ntemp: 3
2026-07-18 03:54:16,517 kilosort.clustering_qr DEBUG    Center 63 | Xd shape: torch.Size([11617, 84]) | ntemp: 3
2026-07-18 03:54:18,738 kilosort.clustering_qr DEBUG     
2026-07-18 03:54:18,738 kilosort.clustering_qr DEBUG    Cluster center: 64 (60/88)
2026-07-18 03:54:18,738 kilosort.clustering_qr DEBUG    ********************************************************
2026-07-18 03:54:18,738 kilosort.clustering_qr DEBUG    CPU usage:    22.20 %
2026-07-18 03:54:18,738 kilosort.clustering_qr DEBUG    Mem used:     52.50 %     |       8.21 GB
2026-07-18 03:54:18,738 kilosort.clustering_qr DEBUG    Mem avail:     7.44 / 15.65 GB
2026-07-18 03:54:18,738 kilosort.clustering_qr DEBUG    ------------------------------------------------------
2026-07-18 03:54:18,738 kilosort.clustering_qr DEBUG    GPU usage:    `conda install pynvml` for GPU usage
2026-07-18 03:54:18,738 kilosort.clustering_qr DEBUG    GPU memory:   22.36 %     |      0.89   /     4.00 GB
2026-07-18 03:54:18,738 kilosort.clustering_qr DEBUG    Allocated:     0.29 %     |      0.01   /     4.00 GB
2026-07-18 03:54:18,738 kilosort.clustering_qr DEBUG    Max alloc:     2.06 %     |      0.08   /     4.00 GB
2026-07-18 03:54:18,738 kilosort.clustering_qr DEBUG    ********************************************************
2026-07-18 03:54:18,769 kilosort.clustering_qr DEBUG    Center 64 | Xd shape: torch.Size([10982, 84]) | ntemp: 3
2026-07-18 03:54:20,977 kilosort.clustering_qr DEBUG    Center 65 | Xd shape: torch.Size([2430, 75]) | ntemp: 1
2026-07-18 03:54:22,634 kilosort.clustering_qr DEBUG    Center 66 | Xd shape: torch.Size([6062, 75]) | ntemp: 1
2026-07-18 03:54:24,141 kilosort.clustering_qr DEBUG    Center 67 | Xd shape: torch.Size([6475, 75]) | ntemp: 1
2026-07-18 03:54:26,285 kilosort.clustering_qr DEBUG    Center 68 | Xd shape: torch.Size([6707, 75]) | ntemp: 1
2026-07-18 03:54:28,019 kilosort.clustering_qr DEBUG    Center 69 | Xd shape: torch.Size([4897, 75]) | ntemp: 1
2026-07-18 03:54:30,119 kilosort.clustering_qr DEBUG    Center 70 | Xd shape: torch.Size([3334, 75]) | ntemp: 1
2026-07-18 03:54:31,898 kilosort.clustering_qr DEBUG    Center 71 | Xd shape: torch.Size([1743, 75]) | ntemp: 1
2026-07-18 03:54:33,690 kilosort.clustering_qr DEBUG    Center 72 | Xd shape: torch.Size([1261, 75]) | ntemp: 1
2026-07-18 03:54:35,547 kilosort.clustering_qr DEBUG    Center 73 | Xd shape: torch.Size([1226, 75]) | ntemp: 1
2026-07-18 03:54:36,900 kilosort.clustering_qr DEBUG     
2026-07-18 03:54:36,906 kilosort.clustering_qr DEBUG    Cluster center: 75 (70/88)
2026-07-18 03:54:36,906 kilosort.clustering_qr DEBUG    ********************************************************
2026-07-18 03:54:36,906 kilosort.clustering_qr DEBUG    CPU usage:    20.10 %
2026-07-18 03:54:36,906 kilosort.clustering_qr DEBUG    Mem used:     52.40 %     |       8.20 GB
2026-07-18 03:54:36,906 kilosort.clustering_qr DEBUG    Mem avail:     7.44 / 15.65 GB
2026-07-18 03:54:36,906 kilosort.clustering_qr DEBUG    ------------------------------------------------------
2026-07-18 03:54:36,906 kilosort.clustering_qr DEBUG    GPU usage:    `conda install pynvml` for GPU usage
2026-07-18 03:54:36,906 kilosort.clustering_qr DEBUG    GPU memory:   22.36 %     |      0.89   /     4.00 GB
2026-07-18 03:54:36,906 kilosort.clustering_qr DEBUG    Allocated:     0.29 %     |      0.01   /     4.00 GB
2026-07-18 03:54:36,906 kilosort.clustering_qr DEBUG    Max alloc:     2.06 %     |      0.08   /     4.00 GB
2026-07-18 03:54:36,906 kilosort.clustering_qr DEBUG    ********************************************************
2026-07-18 03:54:36,946 kilosort.clustering_qr DEBUG    Center 75 | Xd shape: torch.Size([9075, 81]) | ntemp: 2
2026-07-18 03:54:39,302 kilosort.clustering_qr DEBUG    Center 76 | Xd shape: torch.Size([2694, 75]) | ntemp: 1
2026-07-18 03:54:41,355 kilosort.clustering_qr DEBUG    Center 77 | Xd shape: torch.Size([2527, 75]) | ntemp: 1
2026-07-18 03:54:43,167 kilosort.clustering_qr DEBUG    Center 78 | Xd shape: torch.Size([3048, 75]) | ntemp: 1
2026-07-18 03:54:44,770 kilosort.clustering_qr DEBUG    Center 79 | Xd shape: torch.Size([2875, 75]) | ntemp: 1
2026-07-18 03:54:46,422 kilosort.clustering_qr DEBUG    Center 80 | Xd shape: torch.Size([1953, 75]) | ntemp: 1
2026-07-18 03:54:48,340 kilosort.clustering_qr DEBUG    Center 81 | Xd shape: torch.Size([1927, 75]) | ntemp: 1
2026-07-18 03:54:49,903 kilosort.clustering_qr DEBUG    Center 83 | Xd shape: torch.Size([3162, 75]) | ntemp: 1
2026-07-18 03:54:51,433 kilosort.clustering_qr DEBUG    Center 84 | Xd shape: torch.Size([2422, 75]) | ntemp: 1
2026-07-18 03:54:53,484 kilosort.clustering_qr DEBUG    Center 85 | Xd shape: torch.Size([5657, 75]) | ntemp: 1
2026-07-18 03:54:54,993 kilosort.clustering_qr DEBUG     
2026-07-18 03:54:54,993 kilosort.clustering_qr DEBUG    Cluster center: 86 (80/88)
2026-07-18 03:54:54,993 kilosort.clustering_qr DEBUG    ********************************************************
2026-07-18 03:54:54,993 kilosort.clustering_qr DEBUG    CPU usage:    19.70 %
2026-07-18 03:54:54,993 kilosort.clustering_qr DEBUG    Mem used:     52.40 %     |       8.20 GB
2026-07-18 03:54:54,993 kilosort.clustering_qr DEBUG    Mem avail:     7.45 / 15.65 GB
2026-07-18 03:54:54,993 kilosort.clustering_qr DEBUG    ------------------------------------------------------
2026-07-18 03:54:55,003 kilosort.clustering_qr DEBUG    GPU usage:    `conda install pynvml` for GPU usage
2026-07-18 03:54:55,003 kilosort.clustering_qr DEBUG    GPU memory:   22.36 %     |      0.89   /     4.00 GB
2026-07-18 03:54:55,003 kilosort.clustering_qr DEBUG    Allocated:     0.29 %     |      0.01   /     4.00 GB
2026-07-18 03:54:55,003 kilosort.clustering_qr DEBUG    Max alloc:     2.06 %     |      0.08   /     4.00 GB
2026-07-18 03:54:55,003 kilosort.clustering_qr DEBUG    ********************************************************
2026-07-18 03:54:55,023 kilosort.clustering_qr DEBUG    Center 86 | Xd shape: torch.Size([1962, 75]) | ntemp: 1
2026-07-18 03:54:56,675 kilosort.clustering_qr DEBUG    Center 87 | Xd shape: torch.Size([2504, 75]) | ntemp: 1
2026-07-18 03:54:58,387 kilosort.clustering_qr DEBUG    Center 88 | Xd shape: torch.Size([2469, 75]) | ntemp: 1
2026-07-18 03:55:00,078 kilosort.clustering_qr DEBUG    Center 89 | Xd shape: torch.Size([1785, 75]) | ntemp: 1
2026-07-18 03:55:01,914 kilosort.clustering_qr DEBUG    Center 90 | Xd shape: torch.Size([3339, 75]) | ntemp: 1
2026-07-18 03:55:03,914 kilosort.clustering_qr DEBUG    Center 92 | Xd shape: torch.Size([4443, 75]) | ntemp: 2
2026-07-18 03:55:05,421 kilosort.clustering_qr DEBUG    Center 93 | Xd shape: torch.Size([3551, 75]) | ntemp: 1
2026-07-18 03:55:06,917 kilosort.clustering_qr DEBUG    Center 94 | Xd shape: torch.Size([3085, 75]) | ntemp: 1
2026-07-18 03:55:08,826 kilosort.clustering_qr DEBUG    Center 95 | Xd shape: torch.Size([274, 75]) | ntemp: 1
2026-07-18 03:55:08,840 kilosort.run_kilosort INFO     158 clusters found, in 163.66s; total 3094.01s
2026-07-18 03:55:08,840 kilosort.run_kilosort DEBUG    clu shape: (555724,)
2026-07-18 03:55:08,840 kilosort.run_kilosort DEBUG    Wall shape: torch.Size([158, 383, 3])
2026-07-18 03:55:08,840 kilosort.run_kilosort DEBUG    
2026-07-18 03:55:08,840 kilosort.run_kilosort DEBUG    --------------------
2026-07-18 03:55:08,840 kilosort.run_kilosort DEBUG    Process thread count: N/A (linux only)
2026-07-18 03:55:08,847 kilosort.run_kilosort DEBUG    num torch threads: 8
2026-07-18 03:55:08,847 kilosort.run_kilosort DEBUG    --------------------

2026-07-18 03:55:08,847 kilosort.run_kilosort INFO      
2026-07-18 03:55:08,847 kilosort.run_kilosort INFO     Merging clusters
2026-07-18 03:55:08,847 kilosort.run_kilosort INFO     ----------------------------------------
2026-07-18 03:55:10,507 kilosort.run_kilosort INFO     151 units found, in 1.65s; total 3095.66s
2026-07-18 03:55:10,507 kilosort.run_kilosort DEBUG    clu shape: (555724,)
2026-07-18 03:55:10,507 kilosort.run_kilosort DEBUG    Wall shape: torch.Size([151, 383, 3])
2026-07-18 03:55:10,507 kilosort.run_kilosort DEBUG    

|===========================================================================|
|                  PyTorch CUDA memory summary, device ID 0                 |
|---------------------------------------------------------------------------|
|            CUDA OOMs: 0            |        cudaMalloc retries: 0         |
|===========================================================================|
|        Metric         | Cur Usage  | Peak Usage | Tot Alloc  | Tot Freed  |
|---------------------------------------------------------------------------|
| Allocated memory      |  11918 KiB |  86401 KiB |  27143 GiB |  27143 GiB |
|---------------------------------------------------------------------------|
| Active memory         |  11918 KiB |  86401 KiB |  27143 GiB |  27143 GiB |
|---------------------------------------------------------------------------|
| Requested memory      |  11915 KiB |  85331 KiB |  27130 GiB |  27130 GiB |
|---------------------------------------------------------------------------|
| GPU reserved memory   |  55296 KiB |   1702 MiB |    931 GiB |    931 GiB |
|---------------------------------------------------------------------------|
| Non-releasable memory |  41329 KiB |  57796 KiB |   8418 GiB |   8418 GiB |
|---------------------------------------------------------------------------|
| Allocations           |      12    |      44    |    2686 K  |    2686 K  |
|---------------------------------------------------------------------------|
| Active allocs         |      12    |      44    |    2686 K  |    2686 K  |
|---------------------------------------------------------------------------|
| GPU reserved segments |       5    |      14    |    2849    |    2844    |
|---------------------------------------------------------------------------|
| Non-releasable allocs |      11    |      19    |    1063 K  |    1063 K  |
|---------------------------------------------------------------------------|
| Oversize allocations  |       0    |       0    |       0    |       0    |
|---------------------------------------------------------------------------|
| Oversize GPU segments |       0    |       0    |       0    |       0    |
|===========================================================================|


2026-07-18 03:55:10,507 kilosort.run_kilosort INFO      
2026-07-18 03:55:10,507 kilosort.run_kilosort INFO     Resource usage after clustering
2026-07-18 03:55:10,507 kilosort.run_kilosort INFO     ********************************************************
2026-07-18 03:55:10,507 kilosort.run_kilosort INFO     CPU usage:     0.00 %
2026-07-18 03:55:10,507 kilosort.run_kilosort INFO     Mem used:     53.50 %     |       8.37 GB
2026-07-18 03:55:10,507 kilosort.run_kilosort INFO     Mem avail:     7.28 / 15.65 GB
2026-07-18 03:55:10,507 kilosort.run_kilosort INFO     ------------------------------------------------------
2026-07-18 03:55:10,507 kilosort.run_kilosort INFO     GPU usage:    `conda install pynvml` for GPU usage
2026-07-18 03:55:10,507 kilosort.run_kilosort INFO     GPU memory:   22.41 %     |      0.90   /     4.00 GB
2026-07-18 03:55:10,507 kilosort.run_kilosort INFO     Allocated:     0.28 %     |      0.01   /     4.00 GB
2026-07-18 03:55:10,507 kilosort.run_kilosort INFO     Max alloc:     2.06 %     |      0.08   /     4.00 GB
2026-07-18 03:55:10,507 kilosort.run_kilosort INFO     ********************************************************
2026-07-18 03:55:10,538 kilosort.run_kilosort DEBUG    
2026-07-18 03:55:10,544 kilosort.run_kilosort DEBUG    --------------------
2026-07-18 03:55:10,544 kilosort.run_kilosort DEBUG    Process thread count: N/A (linux only)
2026-07-18 03:55:10,544 kilosort.run_kilosort DEBUG    num torch threads: 8
2026-07-18 03:55:10,544 kilosort.run_kilosort DEBUG    --------------------

2026-07-18 03:55:10,544 kilosort.run_kilosort INFO      
2026-07-18 03:55:10,544 kilosort.run_kilosort INFO     Saving to phy and computing refractory periods
2026-07-18 03:55:10,544 kilosort.run_kilosort INFO     ----------------------------------------
2026-07-18 03:55:10,651 kilosort.io  DEBUG     
2026-07-18 03:55:10,651 kilosort.io  DEBUG    save_to_phy, whitening
2026-07-18 03:55:10,651 kilosort.io  DEBUG    ********************************************************
2026-07-18 03:55:10,651 kilosort.io  DEBUG    CPU usage:     9.10 %
2026-07-18 03:55:10,651 kilosort.io  DEBUG    Mem used:     52.40 %     |       8.20 GB
2026-07-18 03:55:10,651 kilosort.io  DEBUG    Mem avail:     7.45 / 15.65 GB
2026-07-18 03:55:10,651 kilosort.io  DEBUG    ------------------------------------------------------
2026-07-18 03:55:10,651 kilosort.io  DEBUG    GPU usage:    `conda install pynvml` for GPU usage
2026-07-18 03:55:10,651 kilosort.io  DEBUG    GPU memory:   22.41 %     |      0.90   /     4.00 GB
2026-07-18 03:55:10,651 kilosort.io  DEBUG    Allocated:     0.30 %     |      0.01   /     4.00 GB
2026-07-18 03:55:10,651 kilosort.io  DEBUG    Max alloc:     0.34 %     |      0.01   /     4.00 GB
2026-07-18 03:55:10,651 kilosort.io  DEBUG    ********************************************************
2026-07-18 03:55:11,256 kilosort.io  DEBUG     
2026-07-18 03:55:11,256 kilosort.io  DEBUG    save_to_phy, spike positions
2026-07-18 03:55:11,256 kilosort.io  DEBUG    ********************************************************
2026-07-18 03:55:11,256 kilosort.io  DEBUG    CPU usage:    34.30 %
2026-07-18 03:55:11,256 kilosort.io  DEBUG    Mem used:     54.50 %     |       8.52 GB
2026-07-18 03:55:11,256 kilosort.io  DEBUG    Mem avail:     7.12 / 15.65 GB
2026-07-18 03:55:11,256 kilosort.io  DEBUG    ------------------------------------------------------
2026-07-18 03:55:11,256 kilosort.io  DEBUG    GPU usage:    `conda install pynvml` for GPU usage
2026-07-18 03:55:11,256 kilosort.io  DEBUG    GPU memory:   22.41 %     |      0.90   /     4.00 GB
2026-07-18 03:55:11,256 kilosort.io  DEBUG    Allocated:     0.30 %     |      0.01   /     4.00 GB
2026-07-18 03:55:11,256 kilosort.io  DEBUG    Max alloc:     0.30 %     |      0.01   /     4.00 GB
2026-07-18 03:55:11,256 kilosort.io  DEBUG    ********************************************************
2026-07-18 03:55:11,864 kilosort.io  DEBUG     
2026-07-18 03:55:11,864 kilosort.io  DEBUG    save_to_phy, remove duplicates
2026-07-18 03:55:11,864 kilosort.io  DEBUG    ********************************************************
2026-07-18 03:55:11,864 kilosort.io  DEBUG    CPU usage:    14.70 %
2026-07-18 03:55:11,864 kilosort.io  DEBUG    Mem used:     54.50 %     |       8.53 GB
2026-07-18 03:55:11,864 kilosort.io  DEBUG    Mem avail:     7.12 / 15.65 GB
2026-07-18 03:55:11,864 kilosort.io  DEBUG    ------------------------------------------------------
2026-07-18 03:55:11,864 kilosort.io  DEBUG    GPU usage:    `conda install pynvml` for GPU usage
2026-07-18 03:55:11,864 kilosort.io  DEBUG    GPU memory:   22.41 %     |      0.90   /     4.00 GB
2026-07-18 03:55:11,864 kilosort.io  DEBUG    Allocated:     0.30 %     |      0.01   /     4.00 GB
2026-07-18 03:55:11,864 kilosort.io  DEBUG    Max alloc:     0.30 %     |      0.01   /     4.00 GB
2026-07-18 03:55:11,864 kilosort.io  DEBUG    ********************************************************
2026-07-18 03:55:12,698 kilosort.io  DEBUG     
2026-07-18 03:55:12,698 kilosort.io  DEBUG    save_to_phy, template props
2026-07-18 03:55:12,698 kilosort.io  DEBUG    ********************************************************
2026-07-18 03:55:12,698 kilosort.io  DEBUG    CPU usage:    24.40 %
2026-07-18 03:55:12,698 kilosort.io  DEBUG    Mem used:     52.70 %     |       8.25 GB
2026-07-18 03:55:12,698 kilosort.io  DEBUG    Mem avail:     7.40 / 15.65 GB
2026-07-18 03:55:12,698 kilosort.io  DEBUG    ------------------------------------------------------
2026-07-18 03:55:12,698 kilosort.io  DEBUG    GPU usage:    `conda install pynvml` for GPU usage
2026-07-18 03:55:12,698 kilosort.io  DEBUG    GPU memory:   22.41 %     |      0.90   /     4.00 GB
2026-07-18 03:55:12,698 kilosort.io  DEBUG    Allocated:     0.30 %     |      0.01   /     4.00 GB
2026-07-18 03:55:12,698 kilosort.io  DEBUG    Max alloc:     0.30 %     |      0.01   /     4.00 GB
2026-07-18 03:55:12,698 kilosort.io  DEBUG    ********************************************************
2026-07-18 03:55:24,894 kilosort.io  DEBUG     
2026-07-18 03:55:24,894 kilosort.io  DEBUG    save_to_phy, pc features
2026-07-18 03:55:24,894 kilosort.io  DEBUG    ********************************************************
2026-07-18 03:55:24,894 kilosort.io  DEBUG    CPU usage:    19.00 %
2026-07-18 03:55:24,894 kilosort.io  DEBUG    Mem used:     53.80 %     |       8.42 GB
2026-07-18 03:55:24,894 kilosort.io  DEBUG    Mem avail:     7.23 / 15.65 GB
2026-07-18 03:55:24,894 kilosort.io  DEBUG    ------------------------------------------------------
2026-07-18 03:55:24,894 kilosort.io  DEBUG    GPU usage:    `conda install pynvml` for GPU usage
2026-07-18 03:55:24,894 kilosort.io  DEBUG    GPU memory:   22.41 %     |      0.90   /     4.00 GB
2026-07-18 03:55:24,894 kilosort.io  DEBUG    Allocated:     0.30 %     |      0.01   /     4.00 GB
2026-07-18 03:55:24,894 kilosort.io  DEBUG    Max alloc:     0.35 %     |      0.01   /     4.00 GB
2026-07-18 03:55:24,894 kilosort.io  DEBUG    ********************************************************
2026-07-18 03:55:25,358 kilosort.io  DEBUG     
2026-07-18 03:55:25,358 kilosort.io  DEBUG    save_to_phy, est contam
2026-07-18 03:55:25,358 kilosort.io  DEBUG    ********************************************************
2026-07-18 03:55:25,358 kilosort.io  DEBUG    CPU usage:    19.70 %
2026-07-18 03:55:25,358 kilosort.io  DEBUG    Mem used:     53.80 %     |       8.42 GB
2026-07-18 03:55:25,358 kilosort.io  DEBUG    Mem avail:     7.23 / 15.65 GB
2026-07-18 03:55:25,358 kilosort.io  DEBUG    ------------------------------------------------------
2026-07-18 03:55:25,358 kilosort.io  DEBUG    GPU usage:    `conda install pynvml` for GPU usage
2026-07-18 03:55:25,358 kilosort.io  DEBUG    GPU memory:   22.41 %     |      0.90   /     4.00 GB
2026-07-18 03:55:25,358 kilosort.io  DEBUG    Allocated:     0.30 %     |      0.01   /     4.00 GB
2026-07-18 03:55:25,358 kilosort.io  DEBUG    Max alloc:     0.30 %     |      0.01   /     4.00 GB
2026-07-18 03:55:25,358 kilosort.io  DEBUG    ********************************************************
2026-07-18 03:55:25,574 kilosort.run_kilosort INFO     54 units found with good refractory periods
2026-07-18 03:55:25,616 kilosort.run_kilosort INFO     Exporting to Phy took: 15.07s
2026-07-18 03:55:25,616 kilosort.run_kilosort INFO     Total runtime: 3110.78s = 00:51:51 h:m:s
2026-07-18 03:55:25,664 kilosort.run_kilosort INFO     Sorting output saved in: G:\ACADEMIC\week8_partial_dct_kilosort_runs\cde63527_probe01_partial_20260712_222836\ratio_0.30\kilosort4_dct.
2026-07-18 03:55:25,664 kilosort.run_kilosort DEBUG    

|===========================================================================|
|                  PyTorch CUDA memory summary, device ID 0                 |
|---------------------------------------------------------------------------|
|            CUDA OOMs: 0            |        cudaMalloc retries: 0         |
|===========================================================================|
|        Metric         | Cur Usage  | Peak Usage | Tot Alloc  | Tot Freed  |
|---------------------------------------------------------------------------|
| Allocated memory      |  11918 KiB |  12492 KiB |  27143 GiB |  27143 GiB |
|---------------------------------------------------------------------------|
| Active memory         |  11918 KiB |  12492 KiB |  27143 GiB |  27143 GiB |
|---------------------------------------------------------------------------|
| Requested memory      |  11915 KiB |  12488 KiB |  27130 GiB |  27130 GiB |
|---------------------------------------------------------------------------|
| GPU reserved memory   |  55296 KiB |  55296 KiB |    931 GiB |    931 GiB |
|---------------------------------------------------------------------------|
| Non-releasable memory |  41329 KiB |  41329 KiB |   8418 GiB |   8418 GiB |
|---------------------------------------------------------------------------|
| Allocations           |      12    |      13    |    2688 K  |    2688 K  |
|---------------------------------------------------------------------------|
| Active allocs         |      12    |      13    |    2688 K  |    2688 K  |
|---------------------------------------------------------------------------|
| GPU reserved segments |       5    |       5    |    2849    |    2844    |
|---------------------------------------------------------------------------|
| Non-releasable allocs |      11    |      11    |    1063 K  |    1063 K  |
|---------------------------------------------------------------------------|
| Oversize allocations  |       0    |       0    |       0    |       0    |
|---------------------------------------------------------------------------|
| Oversize GPU segments |       0    |       0    |       0    |       0    |
|===========================================================================|


2026-07-18 03:55:25,664 kilosort.run_kilosort INFO      
2026-07-18 03:55:25,664 kilosort.run_kilosort INFO     Resource usage after saving
2026-07-18 03:55:25,664 kilosort.run_kilosort INFO     ********************************************************
2026-07-18 03:55:25,664 kilosort.run_kilosort INFO     CPU usage:    12.50 %
2026-07-18 03:55:25,664 kilosort.run_kilosort INFO     Mem used:     53.40 %     |       8.36 GB
2026-07-18 03:55:25,664 kilosort.run_kilosort INFO     Mem avail:     7.29 / 15.65 GB
2026-07-18 03:55:25,664 kilosort.run_kilosort INFO     ------------------------------------------------------
2026-07-18 03:55:25,664 kilosort.run_kilosort INFO     GPU usage:    `conda install pynvml` for GPU usage
2026-07-18 03:55:25,664 kilosort.run_kilosort INFO     GPU memory:   22.41 %     |      0.90   /     4.00 GB
2026-07-18 03:55:25,664 kilosort.run_kilosort INFO     Allocated:     0.28 %     |      0.01   /     4.00 GB
2026-07-18 03:55:25,664 kilosort.run_kilosort INFO     Max alloc:     0.30 %     |      0.01   /     4.00 GB
2026-07-18 03:55:25,664 kilosort.run_kilosort INFO     ********************************************************
2026-07-18 03:55:25,664 kilosort.run_kilosort DEBUG    
2026-07-18 03:55:25,664 kilosort.run_kilosort DEBUG    --------------------
2026-07-18 03:55:25,664 kilosort.run_kilosort DEBUG    Process thread count: N/A (linux only)
2026-07-18 03:55:25,664 kilosort.run_kilosort DEBUG    num torch threads: 8
2026-07-18 03:55:25,664 kilosort.run_kilosort DEBUG    --------------------

2026-07-18 03:55:25,664 kilosort.run_kilosort INFO     Generating spike position plot ...
2026-07-18 03:55:59,880 kilosort.run_kilosort INFO     Sorting finished.
2026-07-18 03:55:59,880 kilosort.run_kilosort INFO      
2026-07-18 03:55:59,880 kilosort.run_kilosort INFO     ********************************************************
2026-07-18 03:55:59,880 kilosort.run_kilosort INFO     Sorting summary
2026-07-18 03:55:59,880 kilosort.run_kilosort INFO     --------------------------------------------------------
2026-07-18 03:55:59,880 kilosort.run_kilosort INFO     Total number of units:                              151
2026-07-18 03:55:59,880 kilosort.run_kilosort INFO     Number of good units:                                54
2026-07-18 03:55:59,880 kilosort.run_kilosort INFO     Number of spikes                                 554126
2026-07-18 03:55:59,880 kilosort.run_kilosort INFO     Mean abs. drift                                  0.4 um
2026-07-18 03:55:59,880 kilosort.run_kilosort INFO     Total runtime                                  3110.78s
2026-07-18 03:55:59,895 kilosort.run_kilosort INFO      
2026-07-18 03:55:59,895 kilosort.run_kilosort INFO     Runtime by step
2026-07-18 03:55:59,895 kilosort.run_kilosort INFO     --------------------------------------------------------
2026-07-18 03:55:59,895 kilosort.run_kilosort INFO     preprocessing:                          4.0s   (0.13) %
2026-07-18 03:55:59,895 kilosort.run_kilosort INFO     drift corr:                          1313.4s  (42.22) %
2026-07-18 03:55:59,895 kilosort.run_kilosort INFO     spike det. (univ):                   1319.9s  (42.43) %
2026-07-18 03:55:59,895 kilosort.run_kilosort INFO     cluster (temp):                       174.0s   (5.59) %
2026-07-18 03:55:59,895 kilosort.run_kilosort INFO     spike det. (learn):                    77.7s   (2.50) %
2026-07-18 03:55:59,895 kilosort.run_kilosort INFO     cluster (final):                      163.7s   (5.26) %
2026-07-18 03:55:59,895 kilosort.run_kilosort INFO     cluster merge:                          1.6s   (0.05) %
2026-07-18 03:55:59,895 kilosort.run_kilosort INFO     postprocessing:                        15.1s   (0.48) %
2026-07-18 03:55:59,895 kilosort.run_kilosort INFO      
2026-07-18 03:55:59,895 kilosort.run_kilosort INFO     Memory usage by step
2026-07-18 03:55:59,895 kilosort.run_kilosort INFO     --------------------------------------------------------
2026-07-18 03:55:59,895 kilosort.run_kilosort INFO     preprocessing:         sys     6.8 GB  |  gpu    1.3 GB
2026-07-18 03:55:59,895 kilosort.run_kilosort INFO     drift corr:            sys     7.9 GB  |  gpu    3.9 GB
2026-07-18 03:55:59,895 kilosort.run_kilosort INFO     spike det. (univ):     sys     8.4 GB  |  gpu    3.9 GB
2026-07-18 03:55:59,895 kilosort.run_kilosort INFO     cluster (temp):        sys     8.1 GB  |  gpu    0.2 GB
2026-07-18 03:55:59,895 kilosort.run_kilosort INFO     spike det. (learn):    sys     8.2 GB  |  gpu    1.4 GB
2026-07-18 03:55:59,895 kilosort.run_kilosort INFO     cluster (final):       sys     8.2 GB  |  gpu    0.1 GB
2026-07-18 03:55:59,895 kilosort.run_kilosort INFO     cluster merge:         sys     8.4 GB  |  gpu    0.1 GB
2026-07-18 03:55:59,895 kilosort.run_kilosort INFO     postprocessing:        sys     8.4 GB  |  gpu    0.0 GB
2026-07-18 03:55:59,895 kilosort.run_kilosort INFO     ********************************************************
