2026-05-19 00:44:56,765 kilosort.run_kilosort INFO     Kilosort version 4.1.7
2026-05-19 00:44:56,767 kilosort.run_kilosort INFO     Python version 3.11.15
2026-05-19 00:44:56,769 kilosort.run_kilosort INFO     ----------------------------------------
2026-05-19 00:44:56,770 kilosort.run_kilosort INFO     System information:
2026-05-19 00:44:56,772 kilosort.run_kilosort INFO     Windows-10-10.0.26200-SP0 AMD64
2026-05-19 00:44:56,772 kilosort.run_kilosort INFO     Intel64 Family 6 Model 186 Stepping 2, GenuineIntel
2026-05-19 00:44:56,774 kilosort.run_kilosort INFO     Using GPU for PyTorch computations. Specify `device` to change this.
2026-05-19 00:44:56,775 kilosort.run_kilosort INFO     Using CUDA device: NVIDIA GeForce RTX 2050 4.00GB
2026-05-19 00:44:56,776 kilosort.run_kilosort INFO     ----------------------------------------
2026-05-19 00:44:56,778 kilosort.run_kilosort INFO     Sorting [WindowsPath('whitened_recon_ratio_0.10.bin')]
2026-05-19 00:44:56,779 kilosort.run_kilosort INFO     Skipping common average reference.
2026-05-19 00:44:56,782 kilosort.run_kilosort DEBUG    Initial ops:

ops = {
    'n_chan_bin': 383,
    'fs': 30000,
    'batch_size': 60000,
    'nblocks': 1,
    'Th_universal': 9,
    'Th_learned': 8,
    'tmin': 0,
    'tmax': inf,
    'nt': 61,
    'shift': None,
    'scale': None,
    'batch_downsampling': 1,
    'artifact_threshold': inf,
    'nskip': 25,
    'whitening_range': 32,
    'highpass_cutoff': 300,
    'binning_depth': 5,
    'sig_interp': 20,
    'drift_smoothing': [0.5, 0.5, 0.5],
    'nt0min': 20,
    'dmin': np.float32(20.0),
    'dminx': 32,
    'min_template_size': 10,
    'template_sizes': 5,
    'nearest_chans': 10,
    'nearest_templates': 100,
    'max_channel_distance': 32,
    'max_peels': 100,
    'templates_from_data': False,
    'n_templates': 6,
    'n_pcs': 6,
    'Th_single_ch': 6,
    'acg_threshold': 0.2,
    'ccg_threshold': 0.25,
    'cluster_neighbors': 10,
    'cluster_downsampling': 20,
    'max_cluster_subset': 25000,
    'x_centers': None,
    'cluster_init_seed': 5,
    'duplicate_spike_ms': 0.25,
    'position_limit': 100,
    'filename': [WindowsPath('whitened_recon_ratio_0.10.bin')],
    'data_dir': WindowsPath('.'),
    'data_dtype': 'float32',
    'do_CAR': False,
    'invert_sign': False,
    'NTbuff': 60122,
    'Nchan': 383,
    'duplicate_spike_bins': 7,
    'torch_device': 'cuda',
    'save_preprocessed_copy': False
}

2026-05-19 00:44:56,801 kilosort.run_kilosort DEBUG    Probe dictionary:

probe = {
    'chanMap': np.array([  0,   1,   2,   3,   4,   5,   6,   7,   8,   9,  10,  11,  12,
        13,  14,  15,  16,  17,  18,  19,  20,  21,  22,  23,  24,  25,
        26,  27,  28,  29,  30,  31,  32,  33,  34,  35,  36,  37,  38,
        39,  40,  41,  42,  43,  44,  45,  46,  47,  48,  49,  50,  51,
        52,  53,  54,  55,  56,  57,  58,  59,  60,  61,  62,  63,  64,
        65,  66,  67,  68,  69,  70,  71,  72,  73,  74,  75,  76,  77,
        78,  79,  80,  81,  82,  83,  84,  85,  86,  87,  88,  89,  90,
        91,  92,  93,  94,  95,  96,  97,  98,  99, 100, 101, 102, 103,
       104, 105, 106, 107, 108, 109, 110, 111, 112, 113, 114, 115, 116,
       117, 118, 119, 120, 121, 122, 123, 124, 125, 126, 127, 128, 129,
       130, 131, 132, 133, 134, 135, 136, 137, 138, 139, 140, 141, 142,
       143, 144, 145, 146, 147, 148, 149, 150, 151, 152, 153, 154, 155,
       156, 157, 158, 159, 160, 161, 162, 163, 164, 165, 166, 167, 168,
       169, 170, 171, 172, 173, 174, 175, 176, 177, 178, 179, 180, 181,
       182, 183, 184, 185, 186, 187, 188, 189, 190, 191, 192, 193, 194,
       195, 196, 197, 198, 199, 200, 201, 202, 203, 204, 205, 206, 207,
       208, 209, 210, 211, 212, 213, 214, 215, 216, 217, 218, 219, 220,
       221, 222, 223, 224, 225, 226, 227, 228, 229, 230, 231, 232, 233,
       234, 235, 236, 237, 238, 239, 240, 241, 242, 243, 244, 245, 246,
       247, 248, 249, 250, 251, 252, 253, 254, 255, 256, 257, 258, 259,
       260, 261, 262, 263, 264, 265, 266, 267, 268, 269, 270, 271, 272,
       273, 274, 275, 276, 277, 278, 279, 280, 281, 282, 283, 284, 285,
       286, 287, 288, 289, 290, 291, 292, 293, 294, 295, 296, 297, 298,
       299, 300, 301, 302, 303, 304, 305, 306, 307, 308, 309, 310, 311,
       312, 313, 314, 315, 316, 317, 318, 319, 320, 321, 322, 323, 324,
       325, 326, 327, 328, 329, 330, 331, 332, 333, 334, 335, 336, 337,
       338, 339, 340, 341, 342, 343, 344, 345, 346, 347, 348, 349, 350,
       351, 352, 353, 354, 355, 356, 357, 358, 359, 360, 361, 362, 363,
       364, 365, 366, 367, 368, 369, 370, 371, 372, 373, 374, 375, 376,
       377, 378, 379, 380, 381, 382], dtype=np.int32),
    'xc': np.array([43., 11., 59., 27., 43., 11., 59., 27., 43., 11., 59., 27., 43.,
       11., 59., 27., 43., 11., 59., 27., 43., 11., 59., 27., 43., 11.,
       59., 27., 43., 11., 59., 27., 43., 11., 59., 27., 43., 11., 59.,
       27., 43., 11., 59., 27., 43., 11., 59., 27., 43., 11., 59., 27.,
       43., 11., 59., 27., 43., 11., 59., 27., 43., 11., 59., 27., 43.,
       11., 59., 27., 43., 11., 59., 27., 43., 11., 59., 27., 43., 11.,
       59., 27., 43., 11., 59., 27., 43., 11., 59., 27., 43., 11., 59.,
       27., 43., 11., 59., 27., 43., 11., 59., 27., 43., 11., 59., 27.,
       43., 11., 59., 27., 43., 11., 59., 27., 43., 11., 59., 27., 43.,
       11., 59., 27., 43., 11., 59., 27., 43., 11., 59., 27., 43., 11.,
       59., 27., 43., 11., 59., 27., 43., 11., 59., 27., 43., 11., 59.,
       27., 43., 11., 59., 27., 43., 11., 59., 27., 43., 11., 59., 27.,
       43., 11., 59., 27., 43., 11., 59., 27., 43., 11., 59., 27., 43.,
       11., 59., 27., 43., 11., 59., 27., 43., 11., 59., 27., 43., 11.,
       59., 27., 43., 11., 59., 27., 43., 11., 59., 43., 11., 59., 27.,
       43., 11., 59., 27., 43., 11., 59., 27., 43., 11., 59., 27., 43.,
       11., 59., 27., 43., 11., 59., 27., 43., 11., 59., 27., 43., 11.,
       59., 27., 43., 11., 59., 27., 43., 11., 59., 27., 43., 11., 59.,
       27., 43., 11., 59., 27., 43., 11., 59., 27., 43., 11., 59., 27.,
       43., 11., 59., 27., 43., 11., 59., 27., 43., 11., 59., 27., 43.,
       11., 59., 27., 43., 11., 59., 27., 43., 11., 59., 27., 43., 11.,
       59., 27., 43., 11., 59., 27., 43., 11., 59., 27., 43., 11., 59.,
       27., 43., 11., 59., 27., 43., 11., 59., 27., 43., 11., 59., 27.,
       43., 11., 59., 27., 43., 11., 59., 27., 43., 11., 59., 27., 43.,
       11., 59., 27., 43., 11., 59., 27., 43., 11., 59., 27., 43., 11.,
       59., 27., 43., 11., 59., 27., 43., 11., 59., 27., 43., 11., 59.,
       27., 43., 11., 59., 27., 43., 11., 59., 27., 43., 11., 59., 27.,
       43., 11., 59., 27., 43., 11., 59., 27., 43., 11., 59., 27., 43.,
       11., 59., 27., 43., 11., 59., 27., 43., 11., 59., 27., 43., 11.,
       59., 27., 43., 11., 59., 27.], dtype=np.float32),
    'yc': np.array([  20.,   20.,   40.,   40.,   60.,   60.,   80.,   80.,  100.,
        100.,  120.,  120.,  140.,  140.,  160.,  160.,  180.,  180.,
        200.,  200.,  220.,  220.,  240.,  240.,  260.,  260.,  280.,
        280.,  300.,  300.,  320.,  320.,  340.,  340.,  360.,  360.,
        380.,  380.,  400.,  400.,  420.,  420.,  440.,  440.,  460.,
        460.,  480.,  480.,  500.,  500.,  520.,  520.,  540.,  540.,
        560.,  560.,  580.,  580.,  600.,  600.,  620.,  620.,  640.,
        640.,  660.,  660.,  680.,  680.,  700.,  700.,  720.,  720.,
        740.,  740.,  760.,  760.,  780.,  780.,  800.,  800.,  820.,
        820.,  840.,  840.,  860.,  860.,  880.,  880.,  900.,  900.,
        920.,  920.,  940.,  940.,  960.,  960.,  980.,  980., 1000.,
       1000., 1020., 1020., 1040., 1040., 1060., 1060., 1080., 1080.,
       1100., 1100., 1120., 1120., 1140., 1140., 1160., 1160., 1180.,
       1180., 1200., 1200., 1220., 1220., 1240., 1240., 1260., 1260.,
       1280., 1280., 1300., 1300., 1320., 1320., 1340., 1340., 1360.,
       1360., 1380., 1380., 1400., 1400., 1420., 1420., 1440., 1440.,
       1460., 1460., 1480., 1480., 1500., 1500., 1520., 1520., 1540.,
       1540., 1560., 1560., 1580., 1580., 1600., 1600., 1620., 1620.,
       1640., 1640., 1660., 1660., 1680., 1680., 1700., 1700., 1720.,
       1720., 1740., 1740., 1760., 1760., 1780., 1780., 1800., 1800.,
       1820., 1820., 1840., 1840., 1860., 1860., 1880., 1880., 1900.,
       1900., 1920., 1940., 1940., 1960., 1960., 1980., 1980., 2000.,
       2000., 2020., 2020., 2040., 2040., 2060., 2060., 2080., 2080.,
       2100., 2100., 2120., 2120., 2140., 2140., 2160., 2160., 2180.,
       2180., 2200., 2200., 2220., 2220., 2240., 2240., 2260., 2260.,
       2280., 2280., 2300., 2300., 2320., 2320., 2340., 2340., 2360.,
       2360., 2380., 2380., 2400., 2400., 2420., 2420., 2440., 2440.,
       2460., 2460., 2480., 2480., 2500., 2500., 2520., 2520., 2540.,
       2540., 2560., 2560., 2580., 2580., 2600., 2600., 2620., 2620.,
       2640., 2640., 2660., 2660., 2680., 2680., 2700., 2700., 2720.,
       2720., 2740., 2740., 2760., 2760., 2780., 2780., 2800., 2800.,
       2820., 2820., 2840., 2840., 2860., 2860., 2880., 2880., 2900.,
       2900., 2920., 2920., 2940., 2940., 2960., 2960., 2980., 2980.,
       3000., 3000., 3020., 3020., 3040., 3040., 3060., 3060., 3080.,
       3080., 3100., 3100., 3120., 3120., 3140., 3140., 3160., 3160.,
       3180., 3180., 3200., 3200., 3220., 3220., 3240., 3240., 3260.,
       3260., 3280., 3280., 3300., 3300., 3320., 3320., 3340., 3340.,
       3360., 3360., 3380., 3380., 3400., 3400., 3420., 3420., 3440.,
       3440., 3460., 3460., 3480., 3480., 3500., 3500., 3520., 3520.,
       3540., 3540., 3560., 3560., 3580., 3580., 3600., 3600., 3620.,
       3620., 3640., 3640., 3660., 3660., 3680., 3680., 3700., 3700.,
       3720., 3720., 3740., 3740., 3760., 3760., 3780., 3780., 3800.,
       3800., 3820., 3820., 3840., 3840.], dtype=np.float32),
    'kcoords': np.array([0, 0, 0, 0, 0, 0, 0, 0, 0, 0, 0, 0, 0, 0, 0, 0, 0, 0, 0, 0, 0, 0,
       0, 0, 0, 0, 0, 0, 0, 0, 0, 0, 0, 0, 0, 0, 0, 0, 0, 0, 0, 0, 0, 0,
       0, 0, 0, 0, 0, 0, 0, 0, 0, 0, 0, 0, 0, 0, 0, 0, 0, 0, 0, 0, 0, 0,
       0, 0, 0, 0, 0, 0, 0, 0, 0, 0, 0, 0, 0, 0, 0, 0, 0, 0, 0, 0, 0, 0,
       0, 0, 0, 0, 0, 0, 0, 0, 0, 0, 0, 0, 0, 0, 0, 0, 0, 0, 0, 0, 0, 0,
       0, 0, 0, 0, 0, 0, 0, 0, 0, 0, 0, 0, 0, 0, 0, 0, 0, 0, 0, 0, 0, 0,
       0, 0, 0, 0, 0, 0, 0, 0, 0, 0, 0, 0, 0, 0, 0, 0, 0, 0, 0, 0, 0, 0,
       0, 0, 0, 0, 0, 0, 0, 0, 0, 0, 0, 0, 0, 0, 0, 0, 0, 0, 0, 0, 0, 0,
       0, 0, 0, 0, 0, 0, 0, 0, 0, 0, 0, 0, 0, 0, 0, 0, 0, 0, 0, 0, 0, 0,
       0, 0, 0, 0, 0, 0, 0, 0, 0, 0, 0, 0, 0, 0, 0, 0, 0, 0, 0, 0, 0, 0,
       0, 0, 0, 0, 0, 0, 0, 0, 0, 0, 0, 0, 0, 0, 0, 0, 0, 0, 0, 0, 0, 0,
       0, 0, 0, 0, 0, 0, 0, 0, 0, 0, 0, 0, 0, 0, 0, 0, 0, 0, 0, 0, 0, 0,
       0, 0, 0, 0, 0, 0, 0, 0, 0, 0, 0, 0, 0, 0, 0, 0, 0, 0, 0, 0, 0, 0,
       0, 0, 0, 0, 0, 0, 0, 0, 0, 0, 0, 0, 0, 0, 0, 0, 0, 0, 0, 0, 0, 0,
       0, 0, 0, 0, 0, 0, 0, 0, 0, 0, 0, 0, 0, 0, 0, 0, 0, 0, 0, 0, 0, 0,
       0, 0, 0, 0, 0, 0, 0, 0, 0, 0, 0, 0, 0, 0, 0, 0, 0, 0, 0, 0, 0, 0,
       0, 0, 0, 0, 0, 0, 0, 0, 0, 0, 0, 0, 0, 0, 0, 0, 0, 0, 0, 0, 0, 0,
       0, 0, 0, 0, 0, 0, 0, 0, 0], dtype=np.int32)
}

2026-05-19 00:44:56,804 kilosort.run_kilosort INFO      
2026-05-19 00:44:56,805 kilosort.run_kilosort INFO     Resource usage before sorting
2026-05-19 00:44:56,806 kilosort.run_kilosort INFO     ********************************************************
2026-05-19 00:44:56,808 kilosort.run_kilosort INFO     CPU usage:    27.00 %
2026-05-19 00:44:56,810 kilosort.run_kilosort INFO     Mem used:     81.70 %     |      12.78 GB
2026-05-19 00:44:56,810 kilosort.run_kilosort INFO     Mem avail:     2.87 / 15.65 GB
2026-05-19 00:44:56,811 kilosort.run_kilosort INFO     ------------------------------------------------------
2026-05-19 00:44:56,813 kilosort.run_kilosort INFO     GPU usage:    `conda install pynvml` for GPU usage
2026-05-19 00:44:56,814 kilosort.run_kilosort INFO     GPU memory:   100.00 %     |      4.00   /     4.00 GB
2026-05-19 00:44:56,815 kilosort.run_kilosort INFO     Allocated:     0.44 %     |      0.02   /     4.00 GB
2026-05-19 00:44:56,816 kilosort.run_kilosort INFO     Max alloc:     0.44 %     |      0.02   /     4.00 GB
2026-05-19 00:44:56,818 kilosort.run_kilosort INFO     ********************************************************
2026-05-19 00:44:56,819 kilosort.run_kilosort DEBUG    
2026-05-19 00:44:56,819 kilosort.run_kilosort DEBUG    --------------------
2026-05-19 00:44:56,819 kilosort.run_kilosort DEBUG    Process thread count: N/A (linux only)
2026-05-19 00:44:56,819 kilosort.run_kilosort DEBUG    num torch threads: 8
2026-05-19 00:44:56,820 kilosort.run_kilosort DEBUG    --------------------

2026-05-19 00:44:56,820 kilosort.run_kilosort INFO      
2026-05-19 00:44:56,822 kilosort.run_kilosort INFO     Computing preprocessing variables.
2026-05-19 00:44:56,823 kilosort.run_kilosort INFO     ----------------------------------------
2026-05-19 00:44:56,835 kilosort.run_kilosort INFO     N samples: 1350000
2026-05-19 00:44:56,837 kilosort.run_kilosort INFO     N seconds: 45.0
2026-05-19 00:44:56,837 kilosort.run_kilosort INFO     N batches: 23
2026-05-19 00:44:57,882 kilosort.run_kilosort INFO     Preprocessing filters computed in 1.06s; total 1.10s
2026-05-19 00:44:57,883 kilosort.run_kilosort DEBUG    hp_filter shape: torch.Size([30122])
2026-05-19 00:44:57,883 kilosort.run_kilosort DEBUG    whiten_mat shape: torch.Size([383, 383])
2026-05-19 00:44:58,158 kilosort.run_kilosort DEBUG    First batch min, max: (np.float32(-15.698397), np.float32(12.757472))
2026-05-19 00:44:58,159 kilosort.run_kilosort INFO      
2026-05-19 00:44:58,161 kilosort.run_kilosort INFO     Resource usage after preprocessing
2026-05-19 00:44:58,163 kilosort.run_kilosort INFO     ********************************************************
2026-05-19 00:44:58,164 kilosort.run_kilosort INFO     CPU usage:    40.50 %
2026-05-19 00:44:58,166 kilosort.run_kilosort INFO     Mem used:     82.40 %     |      12.89 GB
2026-05-19 00:44:58,168 kilosort.run_kilosort INFO     Mem avail:     2.76 / 15.65 GB
2026-05-19 00:44:58,169 kilosort.run_kilosort INFO     ------------------------------------------------------
2026-05-19 00:44:58,169 kilosort.run_kilosort INFO     GPU usage:    `conda install pynvml` for GPU usage
2026-05-19 00:44:58,171 kilosort.run_kilosort INFO     GPU memory:   100.00 %     |      4.00   /     4.00 GB
2026-05-19 00:44:58,172 kilosort.run_kilosort INFO     Allocated:     0.46 %     |      0.02   /     4.00 GB
2026-05-19 00:44:58,173 kilosort.run_kilosort INFO     Max alloc:    30.69 %     |      1.23   /     4.00 GB
2026-05-19 00:44:58,175 kilosort.run_kilosort INFO     ********************************************************
2026-05-19 00:44:58,180 kilosort.run_kilosort INFO      
2026-05-19 00:44:58,182 kilosort.run_kilosort INFO     Computing drift correction.
2026-05-19 00:44:58,183 kilosort.run_kilosort INFO     ----------------------------------------
2026-05-19 00:44:58,184 kilosort.spikedetect INFO     Using built-in universal templates.
2026-05-19 00:44:58,191 kilosort.spikedetect INFO     Number of universal templates: 1532
2026-05-19 00:44:58,805 kilosort.spikedetect INFO     Detecting spikes...
2026-05-19 00:44:58,814 kilosort.spikedetect DEBUG     
2026-05-19 00:44:58,816 kilosort.spikedetect DEBUG    Batch 0 of 22 (0.0%)
2026-05-19 00:44:58,816 kilosort.spikedetect DEBUG    ********************************************************
2026-05-19 00:44:58,816 kilosort.spikedetect DEBUG    CPU usage:    29.30 %
2026-05-19 00:44:58,816 kilosort.spikedetect DEBUG    Mem used:     82.60 %     |      12.92 GB
2026-05-19 00:44:58,816 kilosort.spikedetect DEBUG    Mem avail:     2.73 / 15.65 GB
2026-05-19 00:44:58,816 kilosort.spikedetect DEBUG    ------------------------------------------------------
2026-05-19 00:44:58,816 kilosort.spikedetect DEBUG    GPU usage:    `conda install pynvml` for GPU usage
2026-05-19 00:44:58,817 kilosort.spikedetect DEBUG    GPU memory:   100.00 %     |      4.00   /     4.00 GB
2026-05-19 00:44:58,817 kilosort.spikedetect DEBUG    Allocated:     0.50 %     |      0.02   /     4.00 GB
2026-05-19 00:44:58,817 kilosort.spikedetect DEBUG    Max alloc:     0.50 %     |      0.02   /     4.00 GB
2026-05-19 00:44:58,817 kilosort.spikedetect DEBUG    ********************************************************
2026-05-19 00:49:48,959 kilosort.spikedetect DEBUG     
2026-05-19 00:49:48,959 kilosort.spikedetect DEBUG    Batch 22 of 22 (95.7%)
2026-05-19 00:49:48,959 kilosort.spikedetect DEBUG    ********************************************************
2026-05-19 00:49:48,959 kilosort.spikedetect DEBUG    CPU usage:    27.60 %
2026-05-19 00:49:48,959 kilosort.spikedetect DEBUG    Mem used:     79.50 %     |      12.44 GB
2026-05-19 00:49:48,959 kilosort.spikedetect DEBUG    Mem avail:     3.21 / 15.65 GB
2026-05-19 00:49:48,959 kilosort.spikedetect DEBUG    ------------------------------------------------------
2026-05-19 00:49:48,959 kilosort.spikedetect DEBUG    GPU usage:    `conda install pynvml` for GPU usage
2026-05-19 00:49:48,959 kilosort.spikedetect DEBUG    GPU memory:   100.00 %     |      4.00   /     4.00 GB
2026-05-19 00:49:48,959 kilosort.spikedetect DEBUG    Allocated:     3.06 %     |      0.12   /     4.00 GB
2026-05-19 00:49:48,964 kilosort.spikedetect DEBUG    Max alloc:    83.37 %     |      3.33   /     4.00 GB
2026-05-19 00:49:48,964 kilosort.spikedetect DEBUG    ********************************************************
2026-05-19 00:49:49,510 kilosort.run_kilosort INFO     drift computed in 291.33s; total 292.73s
2026-05-19 00:49:49,512 kilosort.run_kilosort DEBUG    st shape: (282999, 6)
2026-05-19 00:49:49,513 kilosort.run_kilosort DEBUG    yblk shape: (1,)
2026-05-19 00:49:49,513 kilosort.run_kilosort DEBUG    dshift shape: (23, 1)
2026-05-19 00:49:49,514 kilosort.run_kilosort DEBUG    iKxx shape: torch.Size([383, 383])
2026-05-19 00:49:49,515 kilosort.run_kilosort DEBUG    

|===========================================================================|
|                  PyTorch CUDA memory summary, device ID 0                 |
|---------------------------------------------------------------------------|
|            CUDA OOMs: 0            |        cudaMalloc retries: 0         |
|===========================================================================|
|        Metric         | Cur Usage  | Peak Usage | Tot Alloc  | Tot Freed  |
|---------------------------------------------------------------------------|
| Allocated memory      |  21349 KiB |   3414 MiB |   6833 GiB |   6833 GiB |
|---------------------------------------------------------------------------|
| Active memory         |  21349 KiB |   3414 MiB |   6833 GiB |   6833 GiB |
|---------------------------------------------------------------------------|
| Requested memory      |  21337 KiB |   3412 MiB |   6827 GiB |   6827 GiB |
|---------------------------------------------------------------------------|
| GPU reserved memory   |   5238 MiB |   5238 MiB |   5238 MiB |      0 B   |
|---------------------------------------------------------------------------|
| Non-releasable memory |  11418 KiB |   1697 MiB |   4259 GiB |   4259 GiB |
|---------------------------------------------------------------------------|
| Allocations           |      46    |      74    |    2284 K  |    2284 K  |
|---------------------------------------------------------------------------|
| Active allocs         |      46    |      74    |    2284 K  |    2284 K  |
|---------------------------------------------------------------------------|
| GPU reserved segments |      20    |      20    |      20    |       0    |
|---------------------------------------------------------------------------|
| Non-releasable allocs |      10    |      23    |     992 K  |     992 K  |
|---------------------------------------------------------------------------|
| Oversize allocations  |       0    |       0    |       0    |       0    |
|---------------------------------------------------------------------------|
| Oversize GPU segments |       0    |       0    |       0    |       0    |
|===========================================================================|


2026-05-19 00:49:49,517 kilosort.run_kilosort INFO      
2026-05-19 00:49:49,519 kilosort.run_kilosort INFO     Resource usage after drift correction
2026-05-19 00:49:49,520 kilosort.run_kilosort INFO     ********************************************************
2026-05-19 00:49:49,521 kilosort.run_kilosort INFO     CPU usage:    60.00 %
2026-05-19 00:49:49,523 kilosort.run_kilosort INFO     Mem used:     79.20 %     |      12.39 GB
2026-05-19 00:49:49,526 kilosort.run_kilosort INFO     Mem avail:     3.26 / 15.65 GB
2026-05-19 00:49:49,528 kilosort.run_kilosort INFO     ------------------------------------------------------
2026-05-19 00:49:49,529 kilosort.run_kilosort INFO     GPU usage:    `conda install pynvml` for GPU usage
2026-05-19 00:49:49,530 kilosort.run_kilosort INFO     GPU memory:   100.00 %     |      4.00   /     4.00 GB
2026-05-19 00:49:49,534 kilosort.run_kilosort INFO     Allocated:     0.51 %     |      0.02   /     4.00 GB
2026-05-19 00:49:49,537 kilosort.run_kilosort INFO     Max alloc:    83.37 %     |      3.33   /     4.00 GB
2026-05-19 00:49:49,539 kilosort.run_kilosort INFO     ********************************************************
2026-05-19 00:49:49,544 kilosort.run_kilosort DEBUG    
2026-05-19 00:49:49,544 kilosort.run_kilosort DEBUG    --------------------
2026-05-19 00:49:49,544 kilosort.run_kilosort DEBUG    Process thread count: N/A (linux only)
2026-05-19 00:49:49,549 kilosort.run_kilosort DEBUG    num torch threads: 8
2026-05-19 00:49:49,549 kilosort.run_kilosort DEBUG    --------------------

2026-05-19 00:49:49,550 kilosort.run_kilosort INFO     Generating drift plots ...
2026-05-19 00:50:09,024 kilosort.run_kilosort INFO      
2026-05-19 00:50:09,026 kilosort.run_kilosort INFO     Extracting spikes using templates
2026-05-19 00:50:09,028 kilosort.run_kilosort INFO     ----------------------------------------
2026-05-19 00:50:09,029 kilosort.spikedetect INFO     Using built-in universal templates.
2026-05-19 00:50:09,036 kilosort.spikedetect INFO     Number of universal templates: 1532
2026-05-19 00:50:09,749 kilosort.spikedetect INFO     Detecting spikes...
2026-05-19 00:50:09,756 kilosort.spikedetect DEBUG     
2026-05-19 00:50:09,756 kilosort.spikedetect DEBUG    Batch 0 of 22 (0.0%)
2026-05-19 00:50:09,756 kilosort.spikedetect DEBUG    ********************************************************
2026-05-19 00:50:09,756 kilosort.spikedetect DEBUG    CPU usage:    25.60 %
2026-05-19 00:50:09,757 kilosort.spikedetect DEBUG    Mem used:     80.50 %     |      12.59 GB
2026-05-19 00:50:09,757 kilosort.spikedetect DEBUG    Mem avail:     3.05 / 15.65 GB
2026-05-19 00:50:09,757 kilosort.spikedetect DEBUG    ------------------------------------------------------
2026-05-19 00:50:09,757 kilosort.spikedetect DEBUG    GPU usage:    `conda install pynvml` for GPU usage
2026-05-19 00:50:09,757 kilosort.spikedetect DEBUG    GPU memory:   100.00 %     |      4.00   /     4.00 GB
2026-05-19 00:50:09,757 kilosort.spikedetect DEBUG    Allocated:     0.55 %     |      0.02   /     4.00 GB
2026-05-19 00:50:09,757 kilosort.spikedetect DEBUG    Max alloc:     0.56 %     |      0.02   /     4.00 GB
2026-05-19 00:50:09,757 kilosort.spikedetect DEBUG    ********************************************************
2026-05-19 00:54:59,623 kilosort.spikedetect DEBUG     
2026-05-19 00:54:59,624 kilosort.spikedetect DEBUG    Batch 22 of 22 (95.7%)
2026-05-19 00:54:59,624 kilosort.spikedetect DEBUG    ********************************************************
2026-05-19 00:54:59,625 kilosort.spikedetect DEBUG    CPU usage:    26.30 %
2026-05-19 00:54:59,625 kilosort.spikedetect DEBUG    Mem used:     81.70 %     |      12.79 GB
2026-05-19 00:54:59,625 kilosort.spikedetect DEBUG    Mem avail:     2.86 / 15.65 GB
2026-05-19 00:54:59,625 kilosort.spikedetect DEBUG    ------------------------------------------------------
2026-05-19 00:54:59,625 kilosort.spikedetect DEBUG    GPU usage:    `conda install pynvml` for GPU usage
2026-05-19 00:54:59,625 kilosort.spikedetect DEBUG    GPU memory:   100.00 %     |      4.00   /     4.00 GB
2026-05-19 00:54:59,625 kilosort.spikedetect DEBUG    Allocated:     3.12 %     |      0.12   /     4.00 GB
2026-05-19 00:54:59,625 kilosort.spikedetect DEBUG    Max alloc:    83.42 %     |      3.34   /     4.00 GB
2026-05-19 00:54:59,626 kilosort.spikedetect DEBUG    ********************************************************
2026-05-19 00:54:59,631 kilosort.run_kilosort INFO     273522 spikes extracted in 290.60s; total 602.85s
2026-05-19 00:54:59,635 kilosort.run_kilosort DEBUG    st0 shape: (273522, 6)
2026-05-19 00:54:59,635 kilosort.run_kilosort DEBUG    tF shape: torch.Size([273522, 10, 6])
2026-05-19 00:54:59,639 kilosort.run_kilosort INFO      
2026-05-19 00:54:59,641 kilosort.run_kilosort INFO     Resource usage after spike detect (univ)
2026-05-19 00:54:59,643 kilosort.run_kilosort INFO     ********************************************************
2026-05-19 00:54:59,646 kilosort.run_kilosort INFO     CPU usage:    50.00 %
2026-05-19 00:54:59,649 kilosort.run_kilosort INFO     Mem used:     81.70 %     |      12.78 GB
2026-05-19 00:54:59,653 kilosort.run_kilosort INFO     Mem avail:     2.87 / 15.65 GB
2026-05-19 00:54:59,658 kilosort.run_kilosort INFO     ------------------------------------------------------
2026-05-19 00:54:59,664 kilosort.run_kilosort INFO     GPU usage:    `conda install pynvml` for GPU usage
2026-05-19 00:54:59,668 kilosort.run_kilosort INFO     GPU memory:   100.00 %     |      4.00   /     4.00 GB
2026-05-19 00:54:59,671 kilosort.run_kilosort INFO     Allocated:     0.51 %     |      0.02   /     4.00 GB
2026-05-19 00:54:59,673 kilosort.run_kilosort INFO     Max alloc:    83.42 %     |      3.34   /     4.00 GB
2026-05-19 00:54:59,677 kilosort.run_kilosort INFO     ********************************************************
2026-05-19 00:54:59,682 kilosort.run_kilosort DEBUG    
2026-05-19 00:54:59,683 kilosort.run_kilosort DEBUG    --------------------
2026-05-19 00:54:59,683 kilosort.run_kilosort DEBUG    Process thread count: N/A (linux only)
2026-05-19 00:54:59,683 kilosort.run_kilosort DEBUG    num torch threads: 8
2026-05-19 00:54:59,684 kilosort.run_kilosort DEBUG    --------------------

2026-05-19 00:54:59,684 kilosort.run_kilosort INFO      
2026-05-19 00:54:59,686 kilosort.run_kilosort INFO     First clustering
2026-05-19 00:54:59,691 kilosort.run_kilosort INFO     ----------------------------------------
2026-05-19 00:54:59,817 kilosort.clustering_qr DEBUG    Center 0 | Xd shape: torch.Size([4162, 60]) | ntemp: 16
2026-05-19 00:55:01,394 kilosort.clustering_qr DEBUG    Center 1 | Xd shape: torch.Size([2960, 84]) | ntemp: 16
2026-05-19 00:55:02,649 kilosort.clustering_qr DEBUG    Center 2 | Xd shape: torch.Size([2650, 90]) | ntemp: 16
2026-05-19 00:55:03,993 kilosort.clustering_qr DEBUG    Center 3 | Xd shape: torch.Size([2063, 90]) | ntemp: 16
2026-05-19 00:55:05,266 kilosort.clustering_qr DEBUG    Center 4 | Xd shape: torch.Size([3025, 90]) | ntemp: 16
2026-05-19 00:55:06,551 kilosort.clustering_qr DEBUG    Center 5 | Xd shape: torch.Size([3175, 90]) | ntemp: 16
2026-05-19 00:55:07,863 kilosort.clustering_qr DEBUG    Center 6 | Xd shape: torch.Size([3349, 90]) | ntemp: 16
2026-05-19 00:55:09,247 kilosort.clustering_qr DEBUG    Center 7 | Xd shape: torch.Size([2139, 90]) | ntemp: 16
2026-05-19 00:55:10,586 kilosort.clustering_qr DEBUG    Center 8 | Xd shape: torch.Size([2141, 90]) | ntemp: 16
2026-05-19 00:55:11,967 kilosort.clustering_qr DEBUG     
2026-05-19 00:55:11,967 kilosort.clustering_qr DEBUG    Cluster center: 9 (10/96)
2026-05-19 00:55:11,967 kilosort.clustering_qr DEBUG    ********************************************************
2026-05-19 00:55:11,967 kilosort.clustering_qr DEBUG    CPU usage:    29.40 %
2026-05-19 00:55:11,967 kilosort.clustering_qr DEBUG    Mem used:     81.90 %     |      12.81 GB
2026-05-19 00:55:11,967 kilosort.clustering_qr DEBUG    Mem avail:     2.84 / 15.65 GB
2026-05-19 00:55:11,967 kilosort.clustering_qr DEBUG    ------------------------------------------------------
2026-05-19 00:55:11,968 kilosort.clustering_qr DEBUG    GPU usage:    `conda install pynvml` for GPU usage
2026-05-19 00:55:11,968 kilosort.clustering_qr DEBUG    GPU memory:   100.00 %     |      4.00   /     4.00 GB
2026-05-19 00:55:11,968 kilosort.clustering_qr DEBUG    Allocated:     0.51 %     |      0.02   /     4.00 GB
2026-05-19 00:55:11,968 kilosort.clustering_qr DEBUG    Max alloc:     0.79 %     |      0.03   /     4.00 GB
2026-05-19 00:55:11,968 kilosort.clustering_qr DEBUG    ********************************************************
2026-05-19 00:55:11,994 kilosort.clustering_qr DEBUG    Center 9 | Xd shape: torch.Size([2642, 90]) | ntemp: 16
2026-05-19 00:55:13,329 kilosort.clustering_qr DEBUG    Center 10 | Xd shape: torch.Size([2035, 90]) | ntemp: 16
2026-05-19 00:55:14,613 kilosort.clustering_qr DEBUG    Center 11 | Xd shape: torch.Size([2425, 90]) | ntemp: 16
2026-05-19 00:55:15,959 kilosort.clustering_qr DEBUG    Center 12 | Xd shape: torch.Size([1662, 90]) | ntemp: 16
2026-05-19 00:55:17,288 kilosort.clustering_qr DEBUG    Center 13 | Xd shape: torch.Size([1566, 90]) | ntemp: 16
2026-05-19 00:55:18,618 kilosort.clustering_qr DEBUG    Center 14 | Xd shape: torch.Size([1859, 90]) | ntemp: 16
2026-05-19 00:55:20,001 kilosort.clustering_qr DEBUG    Center 15 | Xd shape: torch.Size([2633, 90]) | ntemp: 16
2026-05-19 00:55:21,353 kilosort.clustering_qr DEBUG    Center 16 | Xd shape: torch.Size([1964, 90]) | ntemp: 16
2026-05-19 00:55:22,717 kilosort.clustering_qr DEBUG    Center 17 | Xd shape: torch.Size([2317, 90]) | ntemp: 16
2026-05-19 00:55:23,998 kilosort.clustering_qr DEBUG    Center 18 | Xd shape: torch.Size([2307, 90]) | ntemp: 16
2026-05-19 00:55:25,329 kilosort.clustering_qr DEBUG     
2026-05-19 00:55:25,329 kilosort.clustering_qr DEBUG    Cluster center: 19 (20/96)
2026-05-19 00:55:25,329 kilosort.clustering_qr DEBUG    ********************************************************
2026-05-19 00:55:25,329 kilosort.clustering_qr DEBUG    CPU usage:    30.70 %
2026-05-19 00:55:25,329 kilosort.clustering_qr DEBUG    Mem used:     80.60 %     |      12.61 GB
2026-05-19 00:55:25,329 kilosort.clustering_qr DEBUG    Mem avail:     3.04 / 15.65 GB
2026-05-19 00:55:25,329 kilosort.clustering_qr DEBUG    ------------------------------------------------------
2026-05-19 00:55:25,329 kilosort.clustering_qr DEBUG    GPU usage:    `conda install pynvml` for GPU usage
2026-05-19 00:55:25,329 kilosort.clustering_qr DEBUG    GPU memory:   100.00 %     |      4.00   /     4.00 GB
2026-05-19 00:55:25,331 kilosort.clustering_qr DEBUG    Allocated:     0.51 %     |      0.02   /     4.00 GB
2026-05-19 00:55:25,331 kilosort.clustering_qr DEBUG    Max alloc:     0.79 %     |      0.03   /     4.00 GB
2026-05-19 00:55:25,331 kilosort.clustering_qr DEBUG    ********************************************************
2026-05-19 00:55:25,349 kilosort.clustering_qr DEBUG    Center 19 | Xd shape: torch.Size([1673, 90]) | ntemp: 16
2026-05-19 00:55:26,659 kilosort.clustering_qr DEBUG    Center 20 | Xd shape: torch.Size([2047, 90]) | ntemp: 16
2026-05-19 00:55:27,963 kilosort.clustering_qr DEBUG    Center 21 | Xd shape: torch.Size([2660, 90]) | ntemp: 16
2026-05-19 00:55:29,353 kilosort.clustering_qr DEBUG    Center 22 | Xd shape: torch.Size([3735, 90]) | ntemp: 16
2026-05-19 00:55:30,629 kilosort.clustering_qr DEBUG    Center 23 | Xd shape: torch.Size([2924, 90]) | ntemp: 16
2026-05-19 00:55:31,941 kilosort.clustering_qr DEBUG    Center 24 | Xd shape: torch.Size([2469, 90]) | ntemp: 16
2026-05-19 00:55:33,229 kilosort.clustering_qr DEBUG    Center 25 | Xd shape: torch.Size([2396, 90]) | ntemp: 16
2026-05-19 00:55:34,558 kilosort.clustering_qr DEBUG    Center 26 | Xd shape: torch.Size([2638, 90]) | ntemp: 16
2026-05-19 00:55:35,928 kilosort.clustering_qr DEBUG    Center 27 | Xd shape: torch.Size([2322, 90]) | ntemp: 16
2026-05-19 00:55:37,267 kilosort.clustering_qr DEBUG    Center 28 | Xd shape: torch.Size([2924, 90]) | ntemp: 16
2026-05-19 00:55:38,479 kilosort.clustering_qr DEBUG     
2026-05-19 00:55:38,479 kilosort.clustering_qr DEBUG    Cluster center: 29 (30/96)
2026-05-19 00:55:38,479 kilosort.clustering_qr DEBUG    ********************************************************
2026-05-19 00:55:38,479 kilosort.clustering_qr DEBUG    CPU usage:    29.10 %
2026-05-19 00:55:38,479 kilosort.clustering_qr DEBUG    Mem used:     80.60 %     |      12.62 GB
2026-05-19 00:55:38,479 kilosort.clustering_qr DEBUG    Mem avail:     3.03 / 15.65 GB
2026-05-19 00:55:38,480 kilosort.clustering_qr DEBUG    ------------------------------------------------------
2026-05-19 00:55:38,480 kilosort.clustering_qr DEBUG    GPU usage:    `conda install pynvml` for GPU usage
2026-05-19 00:55:38,480 kilosort.clustering_qr DEBUG    GPU memory:   100.00 %     |      4.00   /     4.00 GB
2026-05-19 00:55:38,480 kilosort.clustering_qr DEBUG    Allocated:     0.51 %     |      0.02   /     4.00 GB
2026-05-19 00:55:38,481 kilosort.clustering_qr DEBUG    Max alloc:     0.79 %     |      0.03   /     4.00 GB
2026-05-19 00:55:38,481 kilosort.clustering_qr DEBUG    ********************************************************
2026-05-19 00:55:38,499 kilosort.clustering_qr DEBUG    Center 29 | Xd shape: torch.Size([2597, 90]) | ntemp: 16
2026-05-19 00:55:39,722 kilosort.clustering_qr DEBUG    Center 30 | Xd shape: torch.Size([2246, 90]) | ntemp: 16
2026-05-19 00:55:40,991 kilosort.clustering_qr DEBUG    Center 31 | Xd shape: torch.Size([3157, 90]) | ntemp: 16
2026-05-19 00:55:42,229 kilosort.clustering_qr DEBUG    Center 32 | Xd shape: torch.Size([3277, 90]) | ntemp: 16
2026-05-19 00:55:43,618 kilosort.clustering_qr DEBUG    Center 33 | Xd shape: torch.Size([2065, 90]) | ntemp: 16
2026-05-19 00:55:44,805 kilosort.clustering_qr DEBUG    Center 34 | Xd shape: torch.Size([2576, 90]) | ntemp: 16
2026-05-19 00:55:46,078 kilosort.clustering_qr DEBUG    Center 35 | Xd shape: torch.Size([2821, 90]) | ntemp: 16
2026-05-19 00:55:47,334 kilosort.clustering_qr DEBUG    Center 36 | Xd shape: torch.Size([2434, 90]) | ntemp: 16
2026-05-19 00:55:48,758 kilosort.clustering_qr DEBUG    Center 37 | Xd shape: torch.Size([2801, 90]) | ntemp: 16
2026-05-19 00:55:50,066 kilosort.clustering_qr DEBUG    Center 38 | Xd shape: torch.Size([2081, 90]) | ntemp: 16
2026-05-19 00:55:51,377 kilosort.clustering_qr DEBUG     
2026-05-19 00:55:51,377 kilosort.clustering_qr DEBUG    Cluster center: 39 (40/96)
2026-05-19 00:55:51,377 kilosort.clustering_qr DEBUG    ********************************************************
2026-05-19 00:55:51,377 kilosort.clustering_qr DEBUG    CPU usage:    30.50 %
2026-05-19 00:55:51,377 kilosort.clustering_qr DEBUG    Mem used:     80.40 %     |      12.57 GB
2026-05-19 00:55:51,377 kilosort.clustering_qr DEBUG    Mem avail:     3.07 / 15.65 GB
2026-05-19 00:55:51,378 kilosort.clustering_qr DEBUG    ------------------------------------------------------
2026-05-19 00:55:51,378 kilosort.clustering_qr DEBUG    GPU usage:    `conda install pynvml` for GPU usage
2026-05-19 00:55:51,378 kilosort.clustering_qr DEBUG    GPU memory:   100.00 %     |      4.00   /     4.00 GB
2026-05-19 00:55:51,378 kilosort.clustering_qr DEBUG    Allocated:     0.51 %     |      0.02   /     4.00 GB
2026-05-19 00:55:51,378 kilosort.clustering_qr DEBUG    Max alloc:     0.79 %     |      0.03   /     4.00 GB
2026-05-19 00:55:51,378 kilosort.clustering_qr DEBUG    ********************************************************
2026-05-19 00:55:51,399 kilosort.clustering_qr DEBUG    Center 39 | Xd shape: torch.Size([2897, 90]) | ntemp: 16
2026-05-19 00:55:52,683 kilosort.clustering_qr DEBUG    Center 40 | Xd shape: torch.Size([2829, 90]) | ntemp: 16
2026-05-19 00:55:53,927 kilosort.clustering_qr DEBUG    Center 41 | Xd shape: torch.Size([3265, 90]) | ntemp: 16
2026-05-19 00:55:55,222 kilosort.clustering_qr DEBUG    Center 42 | Xd shape: torch.Size([3377, 90]) | ntemp: 16
2026-05-19 00:55:56,566 kilosort.clustering_qr DEBUG    Center 43 | Xd shape: torch.Size([3130, 90]) | ntemp: 16
2026-05-19 00:55:57,770 kilosort.clustering_qr DEBUG    Center 44 | Xd shape: torch.Size([3158, 90]) | ntemp: 16
2026-05-19 00:55:59,144 kilosort.clustering_qr DEBUG    Center 45 | Xd shape: torch.Size([2877, 90]) | ntemp: 16
2026-05-19 00:56:00,437 kilosort.clustering_qr DEBUG    Center 46 | Xd shape: torch.Size([3480, 84]) | ntemp: 16
2026-05-19 00:56:01,676 kilosort.clustering_qr DEBUG    Center 47 | Xd shape: torch.Size([3160, 90]) | ntemp: 16
2026-05-19 00:56:02,935 kilosort.clustering_qr DEBUG    Center 48 | Xd shape: torch.Size([3061, 84]) | ntemp: 16
2026-05-19 00:56:04,243 kilosort.clustering_qr DEBUG     
2026-05-19 00:56:04,243 kilosort.clustering_qr DEBUG    Cluster center: 49 (50/96)
2026-05-19 00:56:04,243 kilosort.clustering_qr DEBUG    ********************************************************
2026-05-19 00:56:04,243 kilosort.clustering_qr DEBUG    CPU usage:    30.60 %
2026-05-19 00:56:04,243 kilosort.clustering_qr DEBUG    Mem used:     80.40 %     |      12.58 GB
2026-05-19 00:56:04,244 kilosort.clustering_qr DEBUG    Mem avail:     3.07 / 15.65 GB
2026-05-19 00:56:04,244 kilosort.clustering_qr DEBUG    ------------------------------------------------------
2026-05-19 00:56:04,244 kilosort.clustering_qr DEBUG    GPU usage:    `conda install pynvml` for GPU usage
2026-05-19 00:56:04,244 kilosort.clustering_qr DEBUG    GPU memory:   100.00 %     |      4.00   /     4.00 GB
2026-05-19 00:56:04,244 kilosort.clustering_qr DEBUG    Allocated:     0.51 %     |      0.02   /     4.00 GB
2026-05-19 00:56:04,244 kilosort.clustering_qr DEBUG    Max alloc:     0.79 %     |      0.03   /     4.00 GB
2026-05-19 00:56:04,244 kilosort.clustering_qr DEBUG    ********************************************************
2026-05-19 00:56:04,265 kilosort.clustering_qr DEBUG    Center 49 | Xd shape: torch.Size([3284, 90]) | ntemp: 16
2026-05-19 00:56:05,549 kilosort.clustering_qr DEBUG    Center 50 | Xd shape: torch.Size([3732, 90]) | ntemp: 16
2026-05-19 00:56:06,819 kilosort.clustering_qr DEBUG    Center 51 | Xd shape: torch.Size([3747, 90]) | ntemp: 16
2026-05-19 00:56:08,184 kilosort.clustering_qr DEBUG    Center 52 | Xd shape: torch.Size([3240, 90]) | ntemp: 16
2026-05-19 00:56:09,479 kilosort.clustering_qr DEBUG    Center 53 | Xd shape: torch.Size([3715, 90]) | ntemp: 16
2026-05-19 00:56:10,853 kilosort.clustering_qr DEBUG    Center 54 | Xd shape: torch.Size([3572, 90]) | ntemp: 16
2026-05-19 00:56:12,145 kilosort.clustering_qr DEBUG    Center 55 | Xd shape: torch.Size([3193, 90]) | ntemp: 16
2026-05-19 00:56:13,449 kilosort.clustering_qr DEBUG    Center 56 | Xd shape: torch.Size([3207, 90]) | ntemp: 16
2026-05-19 00:56:14,751 kilosort.clustering_qr DEBUG    Center 57 | Xd shape: torch.Size([3193, 90]) | ntemp: 16
2026-05-19 00:56:16,023 kilosort.clustering_qr DEBUG    Center 58 | Xd shape: torch.Size([3359, 90]) | ntemp: 16
2026-05-19 00:56:17,269 kilosort.clustering_qr DEBUG     
2026-05-19 00:56:17,269 kilosort.clustering_qr DEBUG    Cluster center: 59 (60/96)
2026-05-19 00:56:17,269 kilosort.clustering_qr DEBUG    ********************************************************
2026-05-19 00:56:17,269 kilosort.clustering_qr DEBUG    CPU usage:    28.70 %
2026-05-19 00:56:17,269 kilosort.clustering_qr DEBUG    Mem used:     80.50 %     |      12.60 GB
2026-05-19 00:56:17,269 kilosort.clustering_qr DEBUG    Mem avail:     3.05 / 15.65 GB
2026-05-19 00:56:17,269 kilosort.clustering_qr DEBUG    ------------------------------------------------------
2026-05-19 00:56:17,269 kilosort.clustering_qr DEBUG    GPU usage:    `conda install pynvml` for GPU usage
2026-05-19 00:56:17,269 kilosort.clustering_qr DEBUG    GPU memory:   100.00 %     |      4.00   /     4.00 GB
2026-05-19 00:56:17,272 kilosort.clustering_qr DEBUG    Allocated:     0.51 %     |      0.02   /     4.00 GB
2026-05-19 00:56:17,272 kilosort.clustering_qr DEBUG    Max alloc:     0.79 %     |      0.03   /     4.00 GB
2026-05-19 00:56:17,272 kilosort.clustering_qr DEBUG    ********************************************************
2026-05-19 00:56:17,304 kilosort.clustering_qr DEBUG    Center 59 | Xd shape: torch.Size([3267, 90]) | ntemp: 16
2026-05-19 00:56:18,606 kilosort.clustering_qr DEBUG    Center 60 | Xd shape: torch.Size([3834, 90]) | ntemp: 16
2026-05-19 00:56:20,081 kilosort.clustering_qr DEBUG    Center 61 | Xd shape: torch.Size([3450, 90]) | ntemp: 16
2026-05-19 00:56:21,606 kilosort.clustering_qr DEBUG    Center 62 | Xd shape: torch.Size([3099, 90]) | ntemp: 16
2026-05-19 00:56:22,942 kilosort.clustering_qr DEBUG    Center 63 | Xd shape: torch.Size([2878, 90]) | ntemp: 16
2026-05-19 00:56:24,317 kilosort.clustering_qr DEBUG    Center 64 | Xd shape: torch.Size([2361, 90]) | ntemp: 16
2026-05-19 00:56:25,494 kilosort.clustering_qr DEBUG    Center 65 | Xd shape: torch.Size([2734, 90]) | ntemp: 16
2026-05-19 00:56:26,803 kilosort.clustering_qr DEBUG    Center 66 | Xd shape: torch.Size([3516, 90]) | ntemp: 16
2026-05-19 00:56:28,135 kilosort.clustering_qr DEBUG    Center 67 | Xd shape: torch.Size([3748, 90]) | ntemp: 16
2026-05-19 00:56:29,486 kilosort.clustering_qr DEBUG    Center 68 | Xd shape: torch.Size([2604, 90]) | ntemp: 16
2026-05-19 00:56:30,807 kilosort.clustering_qr DEBUG     
2026-05-19 00:56:30,807 kilosort.clustering_qr DEBUG    Cluster center: 69 (70/96)
2026-05-19 00:56:30,807 kilosort.clustering_qr DEBUG    ********************************************************
2026-05-19 00:56:30,807 kilosort.clustering_qr DEBUG    CPU usage:    27.40 %
2026-05-19 00:56:30,807 kilosort.clustering_qr DEBUG    Mem used:     80.40 %     |      12.59 GB
2026-05-19 00:56:30,807 kilosort.clustering_qr DEBUG    Mem avail:     3.06 / 15.65 GB
2026-05-19 00:56:30,808 kilosort.clustering_qr DEBUG    ------------------------------------------------------
2026-05-19 00:56:30,808 kilosort.clustering_qr DEBUG    GPU usage:    `conda install pynvml` for GPU usage
2026-05-19 00:56:30,808 kilosort.clustering_qr DEBUG    GPU memory:   100.00 %     |      4.00   /     4.00 GB
2026-05-19 00:56:30,809 kilosort.clustering_qr DEBUG    Allocated:     0.51 %     |      0.02   /     4.00 GB
2026-05-19 00:56:30,809 kilosort.clustering_qr DEBUG    Max alloc:     0.79 %     |      0.03   /     4.00 GB
2026-05-19 00:56:30,809 kilosort.clustering_qr DEBUG    ********************************************************
2026-05-19 00:56:30,834 kilosort.clustering_qr DEBUG    Center 69 | Xd shape: torch.Size([2984, 90]) | ntemp: 16
2026-05-19 00:56:32,171 kilosort.clustering_qr DEBUG    Center 70 | Xd shape: torch.Size([3169, 90]) | ntemp: 16
2026-05-19 00:56:33,515 kilosort.clustering_qr DEBUG    Center 71 | Xd shape: torch.Size([3472, 90]) | ntemp: 16
2026-05-19 00:56:34,879 kilosort.clustering_qr DEBUG    Center 72 | Xd shape: torch.Size([3445, 90]) | ntemp: 16
2026-05-19 00:56:36,195 kilosort.clustering_qr DEBUG    Center 73 | Xd shape: torch.Size([3944, 90]) | ntemp: 16
2026-05-19 00:56:37,520 kilosort.clustering_qr DEBUG    Center 74 | Xd shape: torch.Size([3838, 90]) | ntemp: 16
2026-05-19 00:56:38,866 kilosort.clustering_qr DEBUG    Center 75 | Xd shape: torch.Size([4166, 90]) | ntemp: 16
2026-05-19 00:56:40,162 kilosort.clustering_qr DEBUG    Center 76 | Xd shape: torch.Size([1982, 90]) | ntemp: 16
2026-05-19 00:56:41,397 kilosort.clustering_qr DEBUG    Center 77 | Xd shape: torch.Size([1722, 90]) | ntemp: 16
2026-05-19 00:56:42,757 kilosort.clustering_qr DEBUG    Center 78 | Xd shape: torch.Size([2404, 90]) | ntemp: 16
2026-05-19 00:56:43,995 kilosort.clustering_qr DEBUG     
2026-05-19 00:56:43,996 kilosort.clustering_qr DEBUG    Cluster center: 79 (80/96)
2026-05-19 00:56:43,996 kilosort.clustering_qr DEBUG    ********************************************************
2026-05-19 00:56:43,996 kilosort.clustering_qr DEBUG    CPU usage:    28.10 %
2026-05-19 00:56:43,996 kilosort.clustering_qr DEBUG    Mem used:     80.40 %     |      12.59 GB
2026-05-19 00:56:43,996 kilosort.clustering_qr DEBUG    Mem avail:     3.06 / 15.65 GB
2026-05-19 00:56:43,996 kilosort.clustering_qr DEBUG    ------------------------------------------------------
2026-05-19 00:56:43,996 kilosort.clustering_qr DEBUG    GPU usage:    `conda install pynvml` for GPU usage
2026-05-19 00:56:43,996 kilosort.clustering_qr DEBUG    GPU memory:   100.00 %     |      4.00   /     4.00 GB
2026-05-19 00:56:43,996 kilosort.clustering_qr DEBUG    Allocated:     0.51 %     |      0.02   /     4.00 GB
2026-05-19 00:56:43,997 kilosort.clustering_qr DEBUG    Max alloc:     0.80 %     |      0.03   /     4.00 GB
2026-05-19 00:56:43,997 kilosort.clustering_qr DEBUG    ********************************************************
2026-05-19 00:56:44,023 kilosort.clustering_qr DEBUG    Center 79 | Xd shape: torch.Size([2807, 90]) | ntemp: 16
2026-05-19 00:56:45,240 kilosort.clustering_qr DEBUG    Center 80 | Xd shape: torch.Size([3310, 90]) | ntemp: 16
2026-05-19 00:56:46,528 kilosort.clustering_qr DEBUG    Center 81 | Xd shape: torch.Size([3361, 90]) | ntemp: 16
2026-05-19 00:56:47,895 kilosort.clustering_qr DEBUG    Center 82 | Xd shape: torch.Size([3524, 90]) | ntemp: 16
2026-05-19 00:56:49,239 kilosort.clustering_qr DEBUG    Center 83 | Xd shape: torch.Size([1985, 90]) | ntemp: 16
2026-05-19 00:56:50,488 kilosort.clustering_qr DEBUG    Center 84 | Xd shape: torch.Size([1818, 90]) | ntemp: 16
2026-05-19 00:56:51,797 kilosort.clustering_qr DEBUG    Center 85 | Xd shape: torch.Size([2053, 90]) | ntemp: 16
2026-05-19 00:56:53,176 kilosort.clustering_qr DEBUG    Center 86 | Xd shape: torch.Size([1772, 90]) | ntemp: 16
2026-05-19 00:56:54,638 kilosort.clustering_qr DEBUG    Center 87 | Xd shape: torch.Size([2417, 90]) | ntemp: 16
2026-05-19 00:56:55,967 kilosort.clustering_qr DEBUG    Center 88 | Xd shape: torch.Size([2488, 90]) | ntemp: 16
2026-05-19 00:56:57,189 kilosort.clustering_qr DEBUG     
2026-05-19 00:56:57,189 kilosort.clustering_qr DEBUG    Cluster center: 89 (90/96)
2026-05-19 00:56:57,189 kilosort.clustering_qr DEBUG    ********************************************************
2026-05-19 00:56:57,189 kilosort.clustering_qr DEBUG    CPU usage:    29.20 %
2026-05-19 00:56:57,189 kilosort.clustering_qr DEBUG    Mem used:     80.50 %     |      12.60 GB
2026-05-19 00:56:57,190 kilosort.clustering_qr DEBUG    Mem avail:     3.05 / 15.65 GB
2026-05-19 00:56:57,190 kilosort.clustering_qr DEBUG    ------------------------------------------------------
2026-05-19 00:56:57,190 kilosort.clustering_qr DEBUG    GPU usage:    `conda install pynvml` for GPU usage
2026-05-19 00:56:57,190 kilosort.clustering_qr DEBUG    GPU memory:   100.00 %     |      4.00   /     4.00 GB
2026-05-19 00:56:57,190 kilosort.clustering_qr DEBUG    Allocated:     0.51 %     |      0.02   /     4.00 GB
2026-05-19 00:56:57,190 kilosort.clustering_qr DEBUG    Max alloc:     0.80 %     |      0.03   /     4.00 GB
2026-05-19 00:56:57,190 kilosort.clustering_qr DEBUG    ********************************************************
2026-05-19 00:56:57,211 kilosort.clustering_qr DEBUG    Center 89 | Xd shape: torch.Size([2202, 90]) | ntemp: 16
2026-05-19 00:56:58,557 kilosort.clustering_qr DEBUG    Center 90 | Xd shape: torch.Size([2630, 90]) | ntemp: 16
2026-05-19 00:57:00,190 kilosort.clustering_qr DEBUG    Center 91 | Xd shape: torch.Size([3513, 90]) | ntemp: 16
2026-05-19 00:57:01,485 kilosort.clustering_qr DEBUG    Center 92 | Xd shape: torch.Size([3295, 90]) | ntemp: 16
2026-05-19 00:57:02,843 kilosort.clustering_qr DEBUG    Center 93 | Xd shape: torch.Size([3372, 90]) | ntemp: 16
2026-05-19 00:57:04,232 kilosort.clustering_qr DEBUG    Center 94 | Xd shape: torch.Size([3269, 78]) | ntemp: 16
2026-05-19 00:57:05,590 kilosort.clustering_qr DEBUG    Center 95 | Xd shape: torch.Size([2696, 60]) | ntemp: 12
2026-05-19 00:57:07,958 kilosort.run_kilosort INFO     315 clusters found, in 128.27s; total 731.17s
2026-05-19 00:57:07,961 kilosort.run_kilosort DEBUG    clu shape: (273522,)
2026-05-19 00:57:07,961 kilosort.run_kilosort DEBUG    Wall shape: torch.Size([315, 383, 6])
2026-05-19 00:57:07,962 kilosort.run_kilosort INFO      
2026-05-19 00:57:07,965 kilosort.run_kilosort INFO     Resource usage after first clustering
2026-05-19 00:57:07,965 kilosort.run_kilosort INFO     ********************************************************
2026-05-19 00:57:07,970 kilosort.run_kilosort INFO     CPU usage:     0.00 %
2026-05-19 00:57:07,970 kilosort.run_kilosort INFO     Mem used:     80.90 %     |      12.67 GB
2026-05-19 00:57:07,971 kilosort.run_kilosort INFO     Mem avail:     2.98 / 15.65 GB
2026-05-19 00:57:07,972 kilosort.run_kilosort INFO     ------------------------------------------------------
2026-05-19 00:57:07,974 kilosort.run_kilosort INFO     GPU usage:    `conda install pynvml` for GPU usage
2026-05-19 00:57:07,976 kilosort.run_kilosort INFO     GPU memory:   100.00 %     |      4.00   /     4.00 GB
2026-05-19 00:57:07,977 kilosort.run_kilosort INFO     Allocated:     0.59 %     |      0.02   /     4.00 GB
2026-05-19 00:57:07,979 kilosort.run_kilosort INFO     Max alloc:     9.45 %     |      0.38   /     4.00 GB
2026-05-19 00:57:07,982 kilosort.run_kilosort INFO     ********************************************************
2026-05-19 00:57:07,985 kilosort.run_kilosort DEBUG    
2026-05-19 00:57:07,985 kilosort.run_kilosort DEBUG    --------------------
2026-05-19 00:57:07,985 kilosort.run_kilosort DEBUG    Process thread count: N/A (linux only)
2026-05-19 00:57:07,985 kilosort.run_kilosort DEBUG    num torch threads: 8
2026-05-19 00:57:07,986 kilosort.run_kilosort DEBUG    --------------------

2026-05-19 00:57:07,986 kilosort.run_kilosort INFO      
2026-05-19 00:57:07,990 kilosort.run_kilosort INFO     Extracting spikes using cluster waveforms
2026-05-19 00:57:07,993 kilosort.run_kilosort INFO     ----------------------------------------
2026-05-19 00:57:08,089 kilosort.template_matching DEBUG     
2026-05-19 00:57:08,089 kilosort.template_matching DEBUG    Batch 0
2026-05-19 00:57:08,089 kilosort.template_matching DEBUG    ********************************************************
2026-05-19 00:57:08,089 kilosort.template_matching DEBUG    CPU usage:    34.10 %
2026-05-19 00:57:08,090 kilosort.template_matching DEBUG    Mem used:     82.00 %     |      12.83 GB
2026-05-19 00:57:08,090 kilosort.template_matching DEBUG    Mem avail:     2.82 / 15.65 GB
2026-05-19 00:57:08,090 kilosort.template_matching DEBUG    ------------------------------------------------------
2026-05-19 00:57:08,090 kilosort.template_matching DEBUG    GPU usage:    `conda install pynvml` for GPU usage
2026-05-19 00:57:08,091 kilosort.template_matching DEBUG    GPU memory:   100.00 %     |      4.00   /     4.00 GB
2026-05-19 00:57:08,091 kilosort.template_matching DEBUG    Allocated:     1.63 %     |      0.07   /     4.00 GB
2026-05-19 00:57:08,091 kilosort.template_matching DEBUG    Max alloc:     2.24 %     |      0.09   /     4.00 GB
2026-05-19 00:57:08,092 kilosort.template_matching DEBUG    ********************************************************
2026-05-19 00:57:44,959 kilosort.template_matching DEBUG     
2026-05-19 00:57:44,959 kilosort.template_matching DEBUG    Batch 22
2026-05-19 00:57:44,959 kilosort.template_matching DEBUG    ********************************************************
2026-05-19 00:57:44,959 kilosort.template_matching DEBUG    CPU usage:    26.50 %
2026-05-19 00:57:44,959 kilosort.template_matching DEBUG    Mem used:     82.10 %     |      12.84 GB
2026-05-19 00:57:44,959 kilosort.template_matching DEBUG    Mem avail:     2.81 / 15.65 GB
2026-05-19 00:57:44,959 kilosort.template_matching DEBUG    ------------------------------------------------------
2026-05-19 00:57:44,959 kilosort.template_matching DEBUG    GPU usage:    `conda install pynvml` for GPU usage
2026-05-19 00:57:44,960 kilosort.template_matching DEBUG    GPU memory:   100.00 %     |      4.00   /     4.00 GB
2026-05-19 00:57:44,960 kilosort.template_matching DEBUG    Allocated:     6.02 %     |      0.24   /     4.00 GB
2026-05-19 00:57:44,960 kilosort.template_matching DEBUG    Max alloc:    36.40 %     |      1.46   /     4.00 GB
2026-05-19 00:57:44,960 kilosort.template_matching DEBUG    ********************************************************
2026-05-19 00:57:45,091 kilosort.run_kilosort DEBUG    
2026-05-19 00:57:45,091 kilosort.run_kilosort DEBUG    --------------------
2026-05-19 00:57:45,091 kilosort.run_kilosort DEBUG    Process thread count: N/A (linux only)
2026-05-19 00:57:45,091 kilosort.run_kilosort DEBUG    num torch threads: 8
2026-05-19 00:57:45,091 kilosort.run_kilosort DEBUG    --------------------

2026-05-19 00:57:45,092 kilosort.run_kilosort INFO     462488 spikes extracted in 37.10s; total 768.31s
2026-05-19 00:57:45,093 kilosort.run_kilosort DEBUG    st shape: (462488, 3)
2026-05-19 00:57:45,093 kilosort.run_kilosort DEBUG    tF shape: torch.Size([462488, 10, 6])
2026-05-19 00:57:45,093 kilosort.run_kilosort DEBUG    iCC shape: torch.Size([10, 383])
2026-05-19 00:57:45,093 kilosort.run_kilosort DEBUG    iU shape: torch.Size([301])
2026-05-19 00:57:45,094 kilosort.run_kilosort DEBUG    

|===========================================================================|
|                  PyTorch CUDA memory summary, device ID 0                 |
|---------------------------------------------------------------------------|
|            CUDA OOMs: 0            |        cudaMalloc retries: 0         |
|===========================================================================|
|        Metric         | Cur Usage  | Peak Usage | Tot Alloc  | Tot Freed  |
|---------------------------------------------------------------------------|
| Allocated memory      |  24733 KiB |   1490 MiB |   9973 GiB |   9973 GiB |
|---------------------------------------------------------------------------|
| Active memory         |  24733 KiB |   1490 MiB |   9973 GiB |   9973 GiB |
|---------------------------------------------------------------------------|
| Requested memory      |  24075 KiB |   1488 MiB |   9958 GiB |   9958 GiB |
|---------------------------------------------------------------------------|
| GPU reserved memory   |   5240 MiB |   5240 MiB |   5240 MiB |      0 B   |
|---------------------------------------------------------------------------|
| Non-releasable memory |   8035 KiB | 679989 KiB |   7694 GiB |   7694 GiB |
|---------------------------------------------------------------------------|
| Allocations           |      50    |      82    |    3603 K  |    3603 K  |
|---------------------------------------------------------------------------|
| Active allocs         |      50    |      82    |    3603 K  |    3603 K  |
|---------------------------------------------------------------------------|
| GPU reserved segments |      21    |      21    |      21    |       0    |
|---------------------------------------------------------------------------|
| Non-releasable allocs |      13    |      25    |    1547 K  |    1547 K  |
|---------------------------------------------------------------------------|
| Oversize allocations  |       0    |       0    |       0    |       0    |
|---------------------------------------------------------------------------|
| Oversize GPU segments |       0    |       0    |       0    |       0    |
|===========================================================================|


2026-05-19 00:57:45,096 kilosort.run_kilosort INFO      
2026-05-19 00:57:45,098 kilosort.run_kilosort INFO     Resource usage after spike detect (learned)
2026-05-19 00:57:45,098 kilosort.run_kilosort INFO     ********************************************************
2026-05-19 00:57:45,099 kilosort.run_kilosort INFO     CPU usage:     0.00 %
2026-05-19 00:57:45,107 kilosort.run_kilosort INFO     Mem used:     82.40 %     |      12.89 GB
2026-05-19 00:57:45,107 kilosort.run_kilosort INFO     Mem avail:     2.76 / 15.65 GB
2026-05-19 00:57:45,108 kilosort.run_kilosort INFO     ------------------------------------------------------
2026-05-19 00:57:45,110 kilosort.run_kilosort INFO     GPU usage:    `conda install pynvml` for GPU usage
2026-05-19 00:57:45,112 kilosort.run_kilosort INFO     GPU memory:   100.00 %     |      4.00   /     4.00 GB
2026-05-19 00:57:45,114 kilosort.run_kilosort INFO     Allocated:     0.59 %     |      0.02   /     4.00 GB
2026-05-19 00:57:45,118 kilosort.run_kilosort INFO     Max alloc:    36.40 %     |      1.46   /     4.00 GB
2026-05-19 00:57:45,121 kilosort.run_kilosort INFO     ********************************************************
2026-05-19 00:57:45,127 kilosort.run_kilosort DEBUG    
2026-05-19 00:57:45,127 kilosort.run_kilosort DEBUG    --------------------
2026-05-19 00:57:45,129 kilosort.run_kilosort DEBUG    Process thread count: N/A (linux only)
2026-05-19 00:57:45,131 kilosort.run_kilosort DEBUG    num torch threads: 8
2026-05-19 00:57:45,131 kilosort.run_kilosort DEBUG    --------------------

2026-05-19 00:57:45,131 kilosort.run_kilosort INFO     Generating diagnostic plots ...
2026-05-19 00:57:48,694 kilosort.run_kilosort INFO      
2026-05-19 00:57:48,696 kilosort.run_kilosort INFO     Final clustering
2026-05-19 00:57:48,697 kilosort.run_kilosort INFO     ----------------------------------------
2026-05-19 00:57:48,740 kilosort.clustering_qr DEBUG    Center 0 | Xd shape: torch.Size([5186, 60]) | ntemp: 2
2026-05-19 00:57:50,380 kilosort.clustering_qr DEBUG    Center 1 | Xd shape: torch.Size([6178, 72]) | ntemp: 3
2026-05-19 00:57:51,702 kilosort.clustering_qr DEBUG    Center 2 | Xd shape: torch.Size([4852, 72]) | ntemp: 3
2026-05-19 00:57:53,109 kilosort.clustering_qr DEBUG    Center 3 | Xd shape: torch.Size([4276, 72]) | ntemp: 3
2026-05-19 00:57:54,475 kilosort.clustering_qr DEBUG    Center 4 | Xd shape: torch.Size([4144, 60]) | ntemp: 2
2026-05-19 00:57:55,724 kilosort.clustering_qr DEBUG    Center 5 | Xd shape: torch.Size([6063, 60]) | ntemp: 3
2026-05-19 00:57:56,964 kilosort.clustering_qr DEBUG    Center 6 | Xd shape: torch.Size([701, 60]) | ntemp: 1
2026-05-19 00:57:56,975 kilosort.clustering_qr DEBUG    Center 7 | Xd shape: torch.Size([1772, 72]) | ntemp: 2
2026-05-19 00:57:58,272 kilosort.clustering_qr DEBUG    Center 8 | Xd shape: torch.Size([3033, 72]) | ntemp: 3
2026-05-19 00:57:59,573 kilosort.clustering_qr DEBUG     
2026-05-19 00:57:59,573 kilosort.clustering_qr DEBUG    Cluster center: 9 (10/96)
2026-05-19 00:57:59,573 kilosort.clustering_qr DEBUG    ********************************************************
2026-05-19 00:57:59,573 kilosort.clustering_qr DEBUG    CPU usage:    28.70 %
2026-05-19 00:57:59,573 kilosort.clustering_qr DEBUG    Mem used:     81.60 %     |      12.77 GB
2026-05-19 00:57:59,573 kilosort.clustering_qr DEBUG    Mem avail:     2.88 / 15.65 GB
2026-05-19 00:57:59,573 kilosort.clustering_qr DEBUG    ------------------------------------------------------
2026-05-19 00:57:59,573 kilosort.clustering_qr DEBUG    GPU usage:    `conda install pynvml` for GPU usage
2026-05-19 00:57:59,573 kilosort.clustering_qr DEBUG    GPU memory:   100.00 %     |      4.00   /     4.00 GB
2026-05-19 00:57:59,573 kilosort.clustering_qr DEBUG    Allocated:     0.51 %     |      0.02   /     4.00 GB
2026-05-19 00:57:59,573 kilosort.clustering_qr DEBUG    Max alloc:     0.93 %     |      0.04   /     4.00 GB
2026-05-19 00:57:59,573 kilosort.clustering_qr DEBUG    ********************************************************
2026-05-19 00:57:59,593 kilosort.clustering_qr DEBUG    Center 9 | Xd shape: torch.Size([5899, 72]) | ntemp: 4
2026-05-19 00:58:01,026 kilosort.clustering_qr DEBUG    Center 10 | Xd shape: torch.Size([4279, 72]) | ntemp: 3
2026-05-19 00:58:02,419 kilosort.clustering_qr DEBUG    Center 11 | Xd shape: torch.Size([5705, 72]) | ntemp: 4
2026-05-19 00:58:03,720 kilosort.clustering_qr DEBUG    Center 12 | Xd shape: torch.Size([7330, 72]) | ntemp: 8
2026-05-19 00:58:05,114 kilosort.clustering_qr DEBUG    Center 13 | Xd shape: torch.Size([2795, 72]) | ntemp: 5
2026-05-19 00:58:06,368 kilosort.clustering_qr DEBUG    Center 14 | Xd shape: torch.Size([6114, 72]) | ntemp: 7
2026-05-19 00:58:07,775 kilosort.clustering_qr DEBUG    Center 15 | Xd shape: torch.Size([5552, 72]) | ntemp: 6
2026-05-19 00:58:09,009 kilosort.clustering_qr DEBUG    Center 16 | Xd shape: torch.Size([3942, 72]) | ntemp: 5
2026-05-19 00:58:10,393 kilosort.clustering_qr DEBUG    Center 17 | Xd shape: torch.Size([1355, 60]) | ntemp: 1
2026-05-19 00:58:11,657 kilosort.clustering_qr DEBUG    Center 18 | Xd shape: torch.Size([3906, 72]) | ntemp: 3
2026-05-19 00:58:12,908 kilosort.clustering_qr DEBUG     
2026-05-19 00:58:12,908 kilosort.clustering_qr DEBUG    Cluster center: 19 (20/96)
2026-05-19 00:58:12,909 kilosort.clustering_qr DEBUG    ********************************************************
2026-05-19 00:58:12,909 kilosort.clustering_qr DEBUG    CPU usage:    29.20 %
2026-05-19 00:58:12,909 kilosort.clustering_qr DEBUG    Mem used:     81.70 %     |      12.78 GB
2026-05-19 00:58:12,909 kilosort.clustering_qr DEBUG    Mem avail:     2.87 / 15.65 GB
2026-05-19 00:58:12,909 kilosort.clustering_qr DEBUG    ------------------------------------------------------
2026-05-19 00:58:12,909 kilosort.clustering_qr DEBUG    GPU usage:    `conda install pynvml` for GPU usage
2026-05-19 00:58:12,909 kilosort.clustering_qr DEBUG    GPU memory:   100.00 %     |      4.00   /     4.00 GB
2026-05-19 00:58:12,909 kilosort.clustering_qr DEBUG    Allocated:     0.51 %     |      0.02   /     4.00 GB
2026-05-19 00:58:12,909 kilosort.clustering_qr DEBUG    Max alloc:     1.01 %     |      0.04   /     4.00 GB
2026-05-19 00:58:12,910 kilosort.clustering_qr DEBUG    ********************************************************
2026-05-19 00:58:12,917 kilosort.clustering_qr DEBUG    Center 19 | Xd shape: torch.Size([973, 60]) | ntemp: 2
2026-05-19 00:58:12,932 kilosort.clustering_qr DEBUG    Center 20 | Xd shape: torch.Size([2560, 60]) | ntemp: 2
2026-05-19 00:58:14,190 kilosort.clustering_qr DEBUG    Center 21 | Xd shape: torch.Size([7245, 72]) | ntemp: 4
2026-05-19 00:58:15,488 kilosort.clustering_qr DEBUG    Center 22 | Xd shape: torch.Size([4493, 72]) | ntemp: 4
2026-05-19 00:58:16,837 kilosort.clustering_qr DEBUG    Center 23 | Xd shape: torch.Size([8434, 72]) | ntemp: 5
2026-05-19 00:58:18,189 kilosort.clustering_qr DEBUG    Center 24 | Xd shape: torch.Size([3472, 60]) | ntemp: 2
2026-05-19 00:58:19,458 kilosort.clustering_qr DEBUG    Center 25 | Xd shape: torch.Size([4731, 60]) | ntemp: 3
2026-05-19 00:58:20,679 kilosort.clustering_qr DEBUG    Center 26 | Xd shape: torch.Size([4352, 72]) | ntemp: 2
2026-05-19 00:58:22,011 kilosort.clustering_qr DEBUG    Center 27 | Xd shape: torch.Size([7252, 72]) | ntemp: 6
2026-05-19 00:58:23,289 kilosort.clustering_qr DEBUG    Center 28 | Xd shape: torch.Size([2791, 60]) | ntemp: 1
2026-05-19 00:58:24,642 kilosort.clustering_qr DEBUG     
2026-05-19 00:58:24,642 kilosort.clustering_qr DEBUG    Cluster center: 29 (30/96)
2026-05-19 00:58:24,643 kilosort.clustering_qr DEBUG    ********************************************************
2026-05-19 00:58:24,643 kilosort.clustering_qr DEBUG    CPU usage:    29.00 %
2026-05-19 00:58:24,643 kilosort.clustering_qr DEBUG    Mem used:     81.90 %     |      12.81 GB
2026-05-19 00:58:24,643 kilosort.clustering_qr DEBUG    Mem avail:     2.84 / 15.65 GB
2026-05-19 00:58:24,643 kilosort.clustering_qr DEBUG    ------------------------------------------------------
2026-05-19 00:58:24,643 kilosort.clustering_qr DEBUG    GPU usage:    `conda install pynvml` for GPU usage
2026-05-19 00:58:24,643 kilosort.clustering_qr DEBUG    GPU memory:   100.00 %     |      4.00   /     4.00 GB
2026-05-19 00:58:24,643 kilosort.clustering_qr DEBUG    Allocated:     0.51 %     |      0.02   /     4.00 GB
2026-05-19 00:58:24,643 kilosort.clustering_qr DEBUG    Max alloc:     1.08 %     |      0.04   /     4.00 GB
2026-05-19 00:58:24,644 kilosort.clustering_qr DEBUG    ********************************************************
2026-05-19 00:58:24,656 kilosort.clustering_qr DEBUG    Center 29 | Xd shape: torch.Size([6504, 72]) | ntemp: 3
2026-05-19 00:58:25,952 kilosort.clustering_qr DEBUG    Center 30 | Xd shape: torch.Size([4944, 72]) | ntemp: 5
2026-05-19 00:58:27,237 kilosort.clustering_qr DEBUG    Center 31 | Xd shape: torch.Size([3983, 60]) | ntemp: 2
2026-05-19 00:58:28,514 kilosort.clustering_qr DEBUG    Center 32 | Xd shape: torch.Size([8397, 72]) | ntemp: 5
2026-05-19 00:58:29,828 kilosort.clustering_qr DEBUG    Center 33 | Xd shape: torch.Size([4595, 60]) | ntemp: 4
2026-05-19 00:58:31,069 kilosort.clustering_qr DEBUG    Center 34 | Xd shape: torch.Size([4375, 72]) | ntemp: 4
2026-05-19 00:58:32,371 kilosort.clustering_qr DEBUG    Center 35 | Xd shape: torch.Size([6272, 72]) | ntemp: 3
2026-05-19 00:58:33,663 kilosort.clustering_qr DEBUG    Center 36 | Xd shape: torch.Size([4419, 72]) | ntemp: 3
2026-05-19 00:58:34,935 kilosort.clustering_qr DEBUG    Center 37 | Xd shape: torch.Size([5794, 72]) | ntemp: 6
2026-05-19 00:58:36,379 kilosort.clustering_qr DEBUG    Center 38 | Xd shape: torch.Size([2704, 60]) | ntemp: 2
2026-05-19 00:58:37,684 kilosort.clustering_qr DEBUG     
2026-05-19 00:58:37,684 kilosort.clustering_qr DEBUG    Cluster center: 39 (40/96)
2026-05-19 00:58:37,684 kilosort.clustering_qr DEBUG    ********************************************************
2026-05-19 00:58:37,684 kilosort.clustering_qr DEBUG    CPU usage:    29.20 %
2026-05-19 00:58:37,684 kilosort.clustering_qr DEBUG    Mem used:     81.90 %     |      12.82 GB
2026-05-19 00:58:37,684 kilosort.clustering_qr DEBUG    Mem avail:     2.83 / 15.65 GB
2026-05-19 00:58:37,684 kilosort.clustering_qr DEBUG    ------------------------------------------------------
2026-05-19 00:58:37,685 kilosort.clustering_qr DEBUG    GPU usage:    `conda install pynvml` for GPU usage
2026-05-19 00:58:37,685 kilosort.clustering_qr DEBUG    GPU memory:   100.00 %     |      4.00   /     4.00 GB
2026-05-19 00:58:37,685 kilosort.clustering_qr DEBUG    Allocated:     0.51 %     |      0.02   /     4.00 GB
2026-05-19 00:58:37,685 kilosort.clustering_qr DEBUG    Max alloc:     1.08 %     |      0.04   /     4.00 GB
2026-05-19 00:58:37,685 kilosort.clustering_qr DEBUG    ********************************************************
2026-05-19 00:58:37,701 kilosort.clustering_qr DEBUG    Center 39 | Xd shape: torch.Size([5439, 72]) | ntemp: 6
2026-05-19 00:58:39,054 kilosort.clustering_qr DEBUG    Center 40 | Xd shape: torch.Size([4412, 60]) | ntemp: 2
2026-05-19 00:58:40,330 kilosort.clustering_qr DEBUG    Center 41 | Xd shape: torch.Size([5416, 72]) | ntemp: 3
2026-05-19 00:58:41,706 kilosort.clustering_qr DEBUG    Center 42 | Xd shape: torch.Size([5459, 72]) | ntemp: 3
2026-05-19 00:58:42,971 kilosort.clustering_qr DEBUG    Center 43 | Xd shape: torch.Size([5183, 72]) | ntemp: 3
2026-05-19 00:58:44,207 kilosort.clustering_qr DEBUG    Center 44 | Xd shape: torch.Size([6139, 72]) | ntemp: 4
2026-05-19 00:58:45,421 kilosort.clustering_qr DEBUG    Center 45 | Xd shape: torch.Size([3167, 72]) | ntemp: 2
2026-05-19 00:58:46,692 kilosort.clustering_qr DEBUG    Center 46 | Xd shape: torch.Size([3711, 60]) | ntemp: 2
2026-05-19 00:58:47,963 kilosort.clustering_qr DEBUG    Center 47 | Xd shape: torch.Size([3494, 60]) | ntemp: 2
2026-05-19 00:58:49,289 kilosort.clustering_qr DEBUG    Center 48 | Xd shape: torch.Size([3704, 60]) | ntemp: 2
2026-05-19 00:58:50,695 kilosort.clustering_qr DEBUG     
2026-05-19 00:58:50,695 kilosort.clustering_qr DEBUG    Cluster center: 49 (50/96)
2026-05-19 00:58:50,695 kilosort.clustering_qr DEBUG    ********************************************************
2026-05-19 00:58:50,696 kilosort.clustering_qr DEBUG    CPU usage:    28.00 %
2026-05-19 00:58:50,696 kilosort.clustering_qr DEBUG    Mem used:     81.80 %     |      12.80 GB
2026-05-19 00:58:50,696 kilosort.clustering_qr DEBUG    Mem avail:     2.85 / 15.65 GB
2026-05-19 00:58:50,696 kilosort.clustering_qr DEBUG    ------------------------------------------------------
2026-05-19 00:58:50,696 kilosort.clustering_qr DEBUG    GPU usage:    `conda install pynvml` for GPU usage
2026-05-19 00:58:50,696 kilosort.clustering_qr DEBUG    GPU memory:   100.00 %     |      4.00   /     4.00 GB
2026-05-19 00:58:50,696 kilosort.clustering_qr DEBUG    Allocated:     0.51 %     |      0.02   /     4.00 GB
2026-05-19 00:58:50,696 kilosort.clustering_qr DEBUG    Max alloc:     1.08 %     |      0.04   /     4.00 GB
2026-05-19 00:58:50,696 kilosort.clustering_qr DEBUG    ********************************************************
2026-05-19 00:58:50,707 kilosort.clustering_qr DEBUG    Center 49 | Xd shape: torch.Size([3752, 60]) | ntemp: 2
2026-05-19 00:58:52,104 kilosort.clustering_qr DEBUG    Center 50 | Xd shape: torch.Size([4168, 60]) | ntemp: 2
2026-05-19 00:58:53,339 kilosort.clustering_qr DEBUG    Center 51 | Xd shape: torch.Size([3940, 60]) | ntemp: 2
2026-05-19 00:58:54,645 kilosort.clustering_qr DEBUG    Center 52 | Xd shape: torch.Size([5992, 60]) | ntemp: 3
2026-05-19 00:58:56,080 kilosort.clustering_qr DEBUG    Center 53 | Xd shape: torch.Size([4342, 60]) | ntemp: 2
2026-05-19 00:58:57,329 kilosort.clustering_qr DEBUG    Center 54 | Xd shape: torch.Size([4307, 72]) | ntemp: 2
2026-05-19 00:58:58,627 kilosort.clustering_qr DEBUG    Center 55 | Xd shape: torch.Size([3657, 72]) | ntemp: 2
2026-05-19 00:59:00,007 kilosort.clustering_qr DEBUG    Center 56 | Xd shape: torch.Size([5007, 72]) | ntemp: 3
2026-05-19 00:59:01,438 kilosort.clustering_qr DEBUG    Center 57 | Xd shape: torch.Size([4718, 72]) | ntemp: 3
2026-05-19 00:59:02,950 kilosort.clustering_qr DEBUG    Center 58 | Xd shape: torch.Size([5826, 72]) | ntemp: 3
2026-05-19 00:59:04,349 kilosort.clustering_qr DEBUG     
2026-05-19 00:59:04,349 kilosort.clustering_qr DEBUG    Cluster center: 59 (60/96)
2026-05-19 00:59:04,349 kilosort.clustering_qr DEBUG    ********************************************************
2026-05-19 00:59:04,349 kilosort.clustering_qr DEBUG    CPU usage:    29.70 %
2026-05-19 00:59:04,349 kilosort.clustering_qr DEBUG    Mem used:     82.00 %     |      12.83 GB
2026-05-19 00:59:04,349 kilosort.clustering_qr DEBUG    Mem avail:     2.81 / 15.65 GB
2026-05-19 00:59:04,349 kilosort.clustering_qr DEBUG    ------------------------------------------------------
2026-05-19 00:59:04,350 kilosort.clustering_qr DEBUG    GPU usage:    `conda install pynvml` for GPU usage
2026-05-19 00:59:04,350 kilosort.clustering_qr DEBUG    GPU memory:   100.00 %     |      4.00   /     4.00 GB
2026-05-19 00:59:04,350 kilosort.clustering_qr DEBUG    Allocated:     0.51 %     |      0.02   /     4.00 GB
2026-05-19 00:59:04,350 kilosort.clustering_qr DEBUG    Max alloc:     1.08 %     |      0.04   /     4.00 GB
2026-05-19 00:59:04,350 kilosort.clustering_qr DEBUG    ********************************************************
2026-05-19 00:59:04,369 kilosort.clustering_qr DEBUG    Center 59 | Xd shape: torch.Size([7615, 72]) | ntemp: 4
2026-05-19 00:59:05,686 kilosort.clustering_qr DEBUG    Center 60 | Xd shape: torch.Size([5879, 60]) | ntemp: 3
2026-05-19 00:59:06,978 kilosort.clustering_qr DEBUG    Center 61 | Xd shape: torch.Size([8534, 72]) | ntemp: 4
2026-05-19 00:59:08,368 kilosort.clustering_qr DEBUG    Center 62 | Xd shape: torch.Size([6540, 72]) | ntemp: 3
2026-05-19 00:59:09,666 kilosort.clustering_qr DEBUG    Center 63 | Xd shape: torch.Size([721, 60]) | ntemp: 1
2026-05-19 00:59:09,679 kilosort.clustering_qr DEBUG    Center 64 | Xd shape: torch.Size([4711, 72]) | ntemp: 3
2026-05-19 00:59:10,936 kilosort.clustering_qr DEBUG    Center 65 | Xd shape: torch.Size([7048, 72]) | ntemp: 4
2026-05-19 00:59:12,289 kilosort.clustering_qr DEBUG    Center 66 | Xd shape: torch.Size([3127, 60]) | ntemp: 1
2026-05-19 00:59:13,675 kilosort.clustering_qr DEBUG    Center 67 | Xd shape: torch.Size([4985, 60]) | ntemp: 2
2026-05-19 00:59:15,451 kilosort.clustering_qr DEBUG    Center 68 | Xd shape: torch.Size([1998, 60]) | ntemp: 2
2026-05-19 00:59:16,587 kilosort.clustering_qr DEBUG     
2026-05-19 00:59:16,587 kilosort.clustering_qr DEBUG    Cluster center: 69 (70/96)
2026-05-19 00:59:16,588 kilosort.clustering_qr DEBUG    ********************************************************
2026-05-19 00:59:16,588 kilosort.clustering_qr DEBUG    CPU usage:    30.90 %
2026-05-19 00:59:16,588 kilosort.clustering_qr DEBUG    Mem used:     82.50 %     |      12.92 GB
2026-05-19 00:59:16,588 kilosort.clustering_qr DEBUG    Mem avail:     2.73 / 15.65 GB
2026-05-19 00:59:16,588 kilosort.clustering_qr DEBUG    ------------------------------------------------------
2026-05-19 00:59:16,588 kilosort.clustering_qr DEBUG    GPU usage:    `conda install pynvml` for GPU usage
2026-05-19 00:59:16,588 kilosort.clustering_qr DEBUG    GPU memory:   100.00 %     |      4.00   /     4.00 GB
2026-05-19 00:59:16,588 kilosort.clustering_qr DEBUG    Allocated:     0.51 %     |      0.02   /     4.00 GB
2026-05-19 00:59:16,588 kilosort.clustering_qr DEBUG    Max alloc:     1.09 %     |      0.04   /     4.00 GB
2026-05-19 00:59:16,588 kilosort.clustering_qr DEBUG    ********************************************************
2026-05-19 00:59:16,601 kilosort.clustering_qr DEBUG    Center 69 | Xd shape: torch.Size([4086, 60]) | ntemp: 2
2026-05-19 00:59:18,102 kilosort.clustering_qr DEBUG    Center 70 | Xd shape: torch.Size([5010, 72]) | ntemp: 3
2026-05-19 00:59:19,477 kilosort.clustering_qr DEBUG    Center 71 | Xd shape: torch.Size([4371, 60]) | ntemp: 2
2026-05-19 00:59:20,702 kilosort.clustering_qr DEBUG    Center 72 | Xd shape: torch.Size([4700, 72]) | ntemp: 2
2026-05-19 00:59:21,947 kilosort.clustering_qr DEBUG    Center 73 | Xd shape: torch.Size([4902, 60]) | ntemp: 2
2026-05-19 00:59:23,253 kilosort.clustering_qr DEBUG    Center 74 | Xd shape: torch.Size([4016, 60]) | ntemp: 2
2026-05-19 00:59:24,601 kilosort.clustering_qr DEBUG    Center 75 | Xd shape: torch.Size([5275, 60]) | ntemp: 2
2026-05-19 00:59:25,870 kilosort.clustering_qr DEBUG    Center 76 | Xd shape: torch.Size([4465, 60]) | ntemp: 2
2026-05-19 00:59:27,162 kilosort.clustering_qr DEBUG    Center 77 | Xd shape: torch.Size([5177, 72]) | ntemp: 4
2026-05-19 00:59:28,462 kilosort.clustering_qr DEBUG    Center 78 | Xd shape: torch.Size([3812, 72]) | ntemp: 4
2026-05-19 00:59:29,853 kilosort.clustering_qr DEBUG     
2026-05-19 00:59:29,854 kilosort.clustering_qr DEBUG    Cluster center: 79 (80/96)
2026-05-19 00:59:29,854 kilosort.clustering_qr DEBUG    ********************************************************
2026-05-19 00:59:29,854 kilosort.clustering_qr DEBUG    CPU usage:    31.50 %
2026-05-19 00:59:29,856 kilosort.clustering_qr DEBUG    Mem used:     82.80 %     |      12.96 GB
2026-05-19 00:59:29,856 kilosort.clustering_qr DEBUG    Mem avail:     2.69 / 15.65 GB
2026-05-19 00:59:29,856 kilosort.clustering_qr DEBUG    ------------------------------------------------------
2026-05-19 00:59:29,856 kilosort.clustering_qr DEBUG    GPU usage:    `conda install pynvml` for GPU usage
2026-05-19 00:59:29,856 kilosort.clustering_qr DEBUG    GPU memory:   100.00 %     |      4.00   /     4.00 GB
2026-05-19 00:59:29,856 kilosort.clustering_qr DEBUG    Allocated:     0.51 %     |      0.02   /     4.00 GB
2026-05-19 00:59:29,856 kilosort.clustering_qr DEBUG    Max alloc:     1.09 %     |      0.04   /     4.00 GB
2026-05-19 00:59:29,857 kilosort.clustering_qr DEBUG    ********************************************************
2026-05-19 00:59:29,871 kilosort.clustering_qr DEBUG    Center 79 | Xd shape: torch.Size([5071, 60]) | ntemp: 4
2026-05-19 00:59:31,243 kilosort.clustering_qr DEBUG    Center 80 | Xd shape: torch.Size([11678, 72]) | ntemp: 6
2026-05-19 00:59:32,903 kilosort.clustering_qr DEBUG    Center 81 | Xd shape: torch.Size([4714, 60]) | ntemp: 2
2026-05-19 00:59:34,295 kilosort.clustering_qr DEBUG    Center 82 | Xd shape: torch.Size([10318, 72]) | ntemp: 5
2026-05-19 00:59:35,713 kilosort.clustering_qr DEBUG    Center 83 | Xd shape: torch.Size([5730, 60]) | ntemp: 3
2026-05-19 00:59:37,042 kilosort.clustering_qr DEBUG    Center 84 | Xd shape: torch.Size([2814, 72]) | ntemp: 3
2026-05-19 00:59:38,383 kilosort.clustering_qr DEBUG    Center 85 | Xd shape: torch.Size([2331, 72]) | ntemp: 2
2026-05-19 00:59:39,655 kilosort.clustering_qr DEBUG    Center 86 | Xd shape: torch.Size([7757, 72]) | ntemp: 7
2026-05-19 00:59:41,065 kilosort.clustering_qr DEBUG    Center 87 | Xd shape: torch.Size([2742, 72]) | ntemp: 3
2026-05-19 00:59:42,490 kilosort.clustering_qr DEBUG    Center 88 | Xd shape: torch.Size([2495, 60]) | ntemp: 1
2026-05-19 00:59:43,755 kilosort.clustering_qr DEBUG     
2026-05-19 00:59:43,755 kilosort.clustering_qr DEBUG    Cluster center: 89 (90/96)
2026-05-19 00:59:43,755 kilosort.clustering_qr DEBUG    ********************************************************
2026-05-19 00:59:43,755 kilosort.clustering_qr DEBUG    CPU usage:    28.30 %
2026-05-19 00:59:43,755 kilosort.clustering_qr DEBUG    Mem used:     82.80 %     |      12.96 GB
2026-05-19 00:59:43,755 kilosort.clustering_qr DEBUG    Mem avail:     2.69 / 15.65 GB
2026-05-19 00:59:43,756 kilosort.clustering_qr DEBUG    ------------------------------------------------------
2026-05-19 00:59:43,756 kilosort.clustering_qr DEBUG    GPU usage:    `conda install pynvml` for GPU usage
2026-05-19 00:59:43,756 kilosort.clustering_qr DEBUG    GPU memory:   100.00 %     |      4.00   /     4.00 GB
2026-05-19 00:59:43,756 kilosort.clustering_qr DEBUG    Allocated:     0.51 %     |      0.02   /     4.00 GB
2026-05-19 00:59:43,756 kilosort.clustering_qr DEBUG    Max alloc:     1.30 %     |      0.05   /     4.00 GB
2026-05-19 00:59:43,756 kilosort.clustering_qr DEBUG    ********************************************************
2026-05-19 00:59:43,777 kilosort.clustering_qr DEBUG    Center 89 | Xd shape: torch.Size([7427, 72]) | ntemp: 7
2026-05-19 00:59:45,144 kilosort.clustering_qr DEBUG    Center 90 | Xd shape: torch.Size([7521, 72]) | ntemp: 6
2026-05-19 00:59:46,459 kilosort.clustering_qr DEBUG    Center 91 | Xd shape: torch.Size([4082, 60]) | ntemp: 2
2026-05-19 00:59:47,710 kilosort.clustering_qr DEBUG    Center 92 | Xd shape: torch.Size([4234, 60]) | ntemp: 2
2026-05-19 00:59:48,941 kilosort.clustering_qr DEBUG    Center 93 | Xd shape: torch.Size([4033, 72]) | ntemp: 2
2026-05-19 00:59:50,137 kilosort.clustering_qr DEBUG    Center 94 | Xd shape: torch.Size([3789, 60]) | ntemp: 2
2026-05-19 00:59:51,480 kilosort.clustering_qr DEBUG    Center 95 | Xd shape: torch.Size([5575, 60]) | ntemp: 3
2026-05-19 00:59:52,731 kilosort.run_kilosort INFO     354 clusters found, in 124.03s; total 895.95s
2026-05-19 00:59:52,733 kilosort.run_kilosort DEBUG    clu shape: (462488,)
2026-05-19 00:59:52,733 kilosort.run_kilosort DEBUG    Wall shape: torch.Size([354, 383, 6])
2026-05-19 00:59:52,733 kilosort.run_kilosort DEBUG    
2026-05-19 00:59:52,733 kilosort.run_kilosort DEBUG    --------------------
2026-05-19 00:59:52,733 kilosort.run_kilosort DEBUG    Process thread count: N/A (linux only)
2026-05-19 00:59:52,733 kilosort.run_kilosort DEBUG    num torch threads: 8
2026-05-19 00:59:52,733 kilosort.run_kilosort DEBUG    --------------------

2026-05-19 00:59:52,733 kilosort.run_kilosort INFO      
2026-05-19 00:59:52,734 kilosort.run_kilosort INFO     Merging clusters
2026-05-19 00:59:52,735 kilosort.run_kilosort INFO     ----------------------------------------
2026-05-19 00:59:54,234 kilosort.run_kilosort INFO     353 units found, in 1.50s; total 897.45s
2026-05-19 00:59:54,235 kilosort.run_kilosort DEBUG    clu shape: (462488,)
2026-05-19 00:59:54,235 kilosort.run_kilosort DEBUG    Wall shape: torch.Size([353, 383, 6])
2026-05-19 00:59:54,236 kilosort.run_kilosort DEBUG    

|===========================================================================|
|                  PyTorch CUDA memory summary, device ID 0                 |
|---------------------------------------------------------------------------|
|            CUDA OOMs: 0            |        cudaMalloc retries: 0         |
|===========================================================================|
|        Metric         | Cur Usage  | Peak Usage | Tot Alloc  | Tot Freed  |
|---------------------------------------------------------------------------|
| Allocated memory      |  21386 KiB |  54577 KiB |  10511 GiB |  10511 GiB |
|---------------------------------------------------------------------------|
| Active memory         |  21386 KiB |  54577 KiB |  10511 GiB |  10511 GiB |
|---------------------------------------------------------------------------|
| Requested memory      |  21373 KiB |  54560 KiB |  10486 GiB |  10486 GiB |
|---------------------------------------------------------------------------|
| GPU reserved memory   |   5240 MiB |   5240 MiB |   5240 MiB |      0 B   |
|---------------------------------------------------------------------------|
| Non-releasable memory |  11382 KiB |  98091 KiB |  10758 GiB |  10758 GiB |
|---------------------------------------------------------------------------|
| Allocations           |      49    |      74    |    4780 K  |    4780 K  |
|---------------------------------------------------------------------------|
| Active allocs         |      49    |      74    |    4780 K  |    4780 K  |
|---------------------------------------------------------------------------|
| GPU reserved segments |      21    |      21    |      21    |       0    |
|---------------------------------------------------------------------------|
| Non-releasable allocs |      13    |      19    |    2080 K  |    2080 K  |
|---------------------------------------------------------------------------|
| Oversize allocations  |       0    |       0    |       0    |       0    |
|---------------------------------------------------------------------------|
| Oversize GPU segments |       0    |       0    |       0    |       0    |
|===========================================================================|


2026-05-19 00:59:54,238 kilosort.run_kilosort INFO      
2026-05-19 00:59:54,239 kilosort.run_kilosort INFO     Resource usage after clustering
2026-05-19 00:59:54,241 kilosort.run_kilosort INFO     ********************************************************
2026-05-19 00:59:54,242 kilosort.run_kilosort INFO     CPU usage:    20.00 %
2026-05-19 00:59:54,243 kilosort.run_kilosort INFO     Mem used:     83.60 %     |      13.08 GB
2026-05-19 00:59:54,244 kilosort.run_kilosort INFO     Mem avail:     2.57 / 15.65 GB
2026-05-19 00:59:54,246 kilosort.run_kilosort INFO     ------------------------------------------------------
2026-05-19 00:59:54,249 kilosort.run_kilosort INFO     GPU usage:    `conda install pynvml` for GPU usage
2026-05-19 00:59:54,250 kilosort.run_kilosort INFO     GPU memory:   100.00 %     |      4.00   /     4.00 GB
2026-05-19 00:59:54,251 kilosort.run_kilosort INFO     Allocated:     0.51 %     |      0.02   /     4.00 GB
2026-05-19 00:59:54,253 kilosort.run_kilosort INFO     Max alloc:     1.30 %     |      0.05   /     4.00 GB
2026-05-19 00:59:54,255 kilosort.run_kilosort INFO     ********************************************************
2026-05-19 00:59:54,257 kilosort.run_kilosort DEBUG    
2026-05-19 00:59:54,258 kilosort.run_kilosort DEBUG    --------------------
2026-05-19 00:59:54,258 kilosort.run_kilosort DEBUG    Process thread count: N/A (linux only)
2026-05-19 00:59:54,258 kilosort.run_kilosort DEBUG    num torch threads: 8
2026-05-19 00:59:54,258 kilosort.run_kilosort DEBUG    --------------------

2026-05-19 00:59:54,258 kilosort.run_kilosort INFO      
2026-05-19 00:59:54,259 kilosort.run_kilosort INFO     Saving to phy and computing refractory periods
2026-05-19 00:59:54,262 kilosort.run_kilosort INFO     ----------------------------------------
2026-05-19 00:59:54,296 kilosort.io  DEBUG     
2026-05-19 00:59:54,296 kilosort.io  DEBUG    save_to_phy, whitening
2026-05-19 00:59:54,296 kilosort.io  DEBUG    ********************************************************
2026-05-19 00:59:54,297 kilosort.io  DEBUG    CPU usage:    40.80 %
2026-05-19 00:59:54,297 kilosort.io  DEBUG    Mem used:     83.50 %     |      13.07 GB
2026-05-19 00:59:54,297 kilosort.io  DEBUG    Mem avail:     2.58 / 15.65 GB
2026-05-19 00:59:54,297 kilosort.io  DEBUG    ------------------------------------------------------
2026-05-19 00:59:54,297 kilosort.io  DEBUG    GPU usage:    `conda install pynvml` for GPU usage
2026-05-19 00:59:54,297 kilosort.io  DEBUG    GPU memory:   100.00 %     |      4.00   /     4.00 GB
2026-05-19 00:59:54,297 kilosort.io  DEBUG    Allocated:     0.52 %     |      0.02   /     4.00 GB
2026-05-19 00:59:54,297 kilosort.io  DEBUG    Max alloc:     0.56 %     |      0.02   /     4.00 GB
2026-05-19 00:59:54,297 kilosort.io  DEBUG    ********************************************************
2026-05-19 00:59:54,531 kilosort.io  DEBUG     
2026-05-19 00:59:54,531 kilosort.io  DEBUG    save_to_phy, spike positions
2026-05-19 00:59:54,531 kilosort.io  DEBUG    ********************************************************
2026-05-19 00:59:54,531 kilosort.io  DEBUG    CPU usage:    31.80 %
2026-05-19 00:59:54,531 kilosort.io  DEBUG    Mem used:     83.70 %     |      13.10 GB
2026-05-19 00:59:54,532 kilosort.io  DEBUG    Mem avail:     2.55 / 15.65 GB
2026-05-19 00:59:54,532 kilosort.io  DEBUG    ------------------------------------------------------
2026-05-19 00:59:54,532 kilosort.io  DEBUG    GPU usage:    `conda install pynvml` for GPU usage
2026-05-19 00:59:54,532 kilosort.io  DEBUG    GPU memory:   100.00 %     |      4.00   /     4.00 GB
2026-05-19 00:59:54,532 kilosort.io  DEBUG    Allocated:     0.52 %     |      0.02   /     4.00 GB
2026-05-19 00:59:54,532 kilosort.io  DEBUG    Max alloc:     0.52 %     |      0.02   /     4.00 GB
2026-05-19 00:59:54,532 kilosort.io  DEBUG    ********************************************************
2026-05-19 00:59:54,647 kilosort.io  DEBUG     
2026-05-19 00:59:54,647 kilosort.io  DEBUG    save_to_phy, remove duplicates
2026-05-19 00:59:54,647 kilosort.io  DEBUG    ********************************************************
2026-05-19 00:59:54,647 kilosort.io  DEBUG    CPU usage:    19.60 %
2026-05-19 00:59:54,647 kilosort.io  DEBUG    Mem used:     83.80 %     |      13.11 GB
2026-05-19 00:59:54,647 kilosort.io  DEBUG    Mem avail:     2.54 / 15.65 GB
2026-05-19 00:59:54,648 kilosort.io  DEBUG    ------------------------------------------------------
2026-05-19 00:59:54,648 kilosort.io  DEBUG    GPU usage:    `conda install pynvml` for GPU usage
2026-05-19 00:59:54,648 kilosort.io  DEBUG    GPU memory:   100.00 %     |      4.00   /     4.00 GB
2026-05-19 00:59:54,648 kilosort.io  DEBUG    Allocated:     0.52 %     |      0.02   /     4.00 GB
2026-05-19 00:59:54,648 kilosort.io  DEBUG    Max alloc:     0.52 %     |      0.02   /     4.00 GB
2026-05-19 00:59:54,648 kilosort.io  DEBUG    ********************************************************
2026-05-19 00:59:55,955 kilosort.io  DEBUG     
2026-05-19 00:59:55,955 kilosort.io  DEBUG    save_to_phy, template props
2026-05-19 00:59:55,956 kilosort.io  DEBUG    ********************************************************
2026-05-19 00:59:55,956 kilosort.io  DEBUG    CPU usage:    37.90 %
2026-05-19 00:59:55,956 kilosort.io  DEBUG    Mem used:     83.10 %     |      13.01 GB
2026-05-19 00:59:55,956 kilosort.io  DEBUG    Mem avail:     2.64 / 15.65 GB
2026-05-19 00:59:55,956 kilosort.io  DEBUG    ------------------------------------------------------
2026-05-19 00:59:55,956 kilosort.io  DEBUG    GPU usage:    `conda install pynvml` for GPU usage
2026-05-19 00:59:55,956 kilosort.io  DEBUG    GPU memory:   100.00 %     |      4.00   /     4.00 GB
2026-05-19 00:59:55,956 kilosort.io  DEBUG    Allocated:     0.52 %     |      0.02   /     4.00 GB
2026-05-19 00:59:55,956 kilosort.io  DEBUG    Max alloc:     0.52 %     |      0.02   /     4.00 GB
2026-05-19 00:59:55,956 kilosort.io  DEBUG    ********************************************************
2026-05-19 01:00:05,282 kilosort.io  DEBUG     
2026-05-19 01:00:05,282 kilosort.io  DEBUG    save_to_phy, pc features
2026-05-19 01:00:05,282 kilosort.io  DEBUG    ********************************************************
2026-05-19 01:00:05,282 kilosort.io  DEBUG    CPU usage:    25.10 %
2026-05-19 01:00:05,282 kilosort.io  DEBUG    Mem used:     84.20 %     |      13.18 GB
2026-05-19 01:00:05,282 kilosort.io  DEBUG    Mem avail:     2.47 / 15.65 GB
2026-05-19 01:00:05,282 kilosort.io  DEBUG    ------------------------------------------------------
2026-05-19 01:00:05,282 kilosort.io  DEBUG    GPU usage:    `conda install pynvml` for GPU usage
2026-05-19 01:00:05,282 kilosort.io  DEBUG    GPU memory:   100.00 %     |      4.00   /     4.00 GB
2026-05-19 01:00:05,283 kilosort.io  DEBUG    Allocated:     0.52 %     |      0.02   /     4.00 GB
2026-05-19 01:00:05,283 kilosort.io  DEBUG    Max alloc:     0.53 %     |      0.02   /     4.00 GB
2026-05-19 01:00:05,283 kilosort.io  DEBUG    ********************************************************
2026-05-19 01:00:05,984 kilosort.io  DEBUG     
2026-05-19 01:00:05,984 kilosort.io  DEBUG    save_to_phy, est contam
2026-05-19 01:00:05,984 kilosort.io  DEBUG    ********************************************************
2026-05-19 01:00:05,984 kilosort.io  DEBUG    CPU usage:    24.30 %
2026-05-19 01:00:05,984 kilosort.io  DEBUG    Mem used:     84.10 %     |      13.16 GB
2026-05-19 01:00:05,984 kilosort.io  DEBUG    Mem avail:     2.49 / 15.65 GB
2026-05-19 01:00:05,984 kilosort.io  DEBUG    ------------------------------------------------------
2026-05-19 01:00:05,985 kilosort.io  DEBUG    GPU usage:    `conda install pynvml` for GPU usage
2026-05-19 01:00:05,985 kilosort.io  DEBUG    GPU memory:   100.00 %     |      4.00   /     4.00 GB
2026-05-19 01:00:05,985 kilosort.io  DEBUG    Allocated:     0.52 %     |      0.02   /     4.00 GB
2026-05-19 01:00:05,985 kilosort.io  DEBUG    Max alloc:     0.52 %     |      0.02   /     4.00 GB
2026-05-19 01:00:05,985 kilosort.io  DEBUG    ********************************************************
2026-05-19 01:00:06,132 kilosort.run_kilosort INFO     96 units found with good refractory periods
2026-05-19 01:00:06,171 kilosort.run_kilosort INFO     Exporting to Phy took: 11.91s
2026-05-19 01:00:06,173 kilosort.run_kilosort INFO     Total runtime: 909.39s = 00:15:9 h:m:s
2026-05-19 01:00:06,195 kilosort.run_kilosort INFO     Sorting output saved in: F:\ACADEMIC\ks_recon_ratio_0.10.
2026-05-19 01:00:06,198 kilosort.run_kilosort DEBUG    

|===========================================================================|
|                  PyTorch CUDA memory summary, device ID 0                 |
|---------------------------------------------------------------------------|
|            CUDA OOMs: 0            |        cudaMalloc retries: 0         |
|===========================================================================|
|        Metric         | Cur Usage  | Peak Usage | Tot Alloc  | Tot Freed  |
|---------------------------------------------------------------------------|
| Allocated memory      |  21386 KiB |  21959 KiB |  10511 GiB |  10511 GiB |
|---------------------------------------------------------------------------|
| Active memory         |  21386 KiB |  21959 KiB |  10511 GiB |  10511 GiB |
|---------------------------------------------------------------------------|
| Requested memory      |  21373 KiB |  21946 KiB |  10486 GiB |  10486 GiB |
|---------------------------------------------------------------------------|
| GPU reserved memory   |   5240 MiB |   5240 MiB |   5240 MiB |      0 B   |
|---------------------------------------------------------------------------|
| Non-releasable memory |  11382 KiB |  11382 KiB |  10758 GiB |  10758 GiB |
|---------------------------------------------------------------------------|
| Allocations           |      49    |      50    |    4786 K  |    4785 K  |
|---------------------------------------------------------------------------|
| Active allocs         |      49    |      50    |    4786 K  |    4785 K  |
|---------------------------------------------------------------------------|
| GPU reserved segments |      21    |      21    |      21    |       0    |
|---------------------------------------------------------------------------|
| Non-releasable allocs |      13    |      14    |    2083 K  |    2083 K  |
|---------------------------------------------------------------------------|
| Oversize allocations  |       0    |       0    |       0    |       0    |
|---------------------------------------------------------------------------|
| Oversize GPU segments |       0    |       0    |       0    |       0    |
|===========================================================================|


2026-05-19 01:00:06,203 kilosort.run_kilosort INFO      
2026-05-19 01:00:06,205 kilosort.run_kilosort INFO     Resource usage after saving
2026-05-19 01:00:06,207 kilosort.run_kilosort INFO     ********************************************************
2026-05-19 01:00:06,209 kilosort.run_kilosort INFO     CPU usage:    52.60 %
2026-05-19 01:00:06,212 kilosort.run_kilosort INFO     Mem used:     84.20 %     |      13.18 GB
2026-05-19 01:00:06,214 kilosort.run_kilosort INFO     Mem avail:     2.47 / 15.65 GB
2026-05-19 01:00:06,215 kilosort.run_kilosort INFO     ------------------------------------------------------
2026-05-19 01:00:06,216 kilosort.run_kilosort INFO     GPU usage:    `conda install pynvml` for GPU usage
2026-05-19 01:00:06,219 kilosort.run_kilosort INFO     GPU memory:   100.00 %     |      4.00   /     4.00 GB
2026-05-19 01:00:06,221 kilosort.run_kilosort INFO     Allocated:     0.51 %     |      0.02   /     4.00 GB
2026-05-19 01:00:06,226 kilosort.run_kilosort INFO     Max alloc:     0.52 %     |      0.02   /     4.00 GB
2026-05-19 01:00:06,228 kilosort.run_kilosort INFO     ********************************************************
2026-05-19 01:00:06,230 kilosort.run_kilosort DEBUG    
2026-05-19 01:00:06,231 kilosort.run_kilosort DEBUG    --------------------
2026-05-19 01:00:06,231 kilosort.run_kilosort DEBUG    Process thread count: N/A (linux only)
2026-05-19 01:00:06,231 kilosort.run_kilosort DEBUG    num torch threads: 8
2026-05-19 01:00:06,231 kilosort.run_kilosort DEBUG    --------------------

2026-05-19 01:00:06,232 kilosort.run_kilosort INFO     Generating spike position plot ...
2026-05-19 01:00:34,255 kilosort.run_kilosort INFO     Sorting finished.
2026-05-19 01:00:34,257 kilosort.run_kilosort INFO      
2026-05-19 01:00:34,258 kilosort.run_kilosort INFO     ********************************************************
2026-05-19 01:00:34,259 kilosort.run_kilosort INFO     Sorting summary
2026-05-19 01:00:34,262 kilosort.run_kilosort INFO     --------------------------------------------------------
2026-05-19 01:00:34,263 kilosort.run_kilosort INFO     Total number of units:                              353
2026-05-19 01:00:34,264 kilosort.run_kilosort INFO     Number of good units:                                96
2026-05-19 01:00:34,267 kilosort.run_kilosort INFO     Number of spikes                                 461595
2026-05-19 01:00:34,269 kilosort.run_kilosort INFO     Mean abs. drift                                  0.1 um
2026-05-19 01:00:34,271 kilosort.run_kilosort INFO     Total runtime                                   909.39s
2026-05-19 01:00:34,272 kilosort.run_kilosort INFO      
2026-05-19 01:00:34,275 kilosort.run_kilosort INFO     Runtime by step
2026-05-19 01:00:34,278 kilosort.run_kilosort INFO     --------------------------------------------------------
2026-05-19 01:00:34,279 kilosort.run_kilosort INFO     preprocessing:                          1.1s   (0.12) %
2026-05-19 01:00:34,279 kilosort.run_kilosort INFO     drift corr:                           291.3s  (32.04) %
2026-05-19 01:00:34,282 kilosort.run_kilosort INFO     spike det. (univ):                    290.6s  (31.96) %
2026-05-19 01:00:34,285 kilosort.run_kilosort INFO     cluster (temp):                       128.3s  (14.11) %
2026-05-19 01:00:34,289 kilosort.run_kilosort INFO     spike det. (learn):                    37.1s   (4.08) %
2026-05-19 01:00:34,289 kilosort.run_kilosort INFO     cluster (final):                      124.0s  (13.64) %
2026-05-19 01:00:34,291 kilosort.run_kilosort INFO     cluster merge:                          1.5s   (0.16) %
2026-05-19 01:00:34,291 kilosort.run_kilosort INFO     postprocessing:                        11.9s   (1.31) %
2026-05-19 01:00:34,293 kilosort.run_kilosort INFO      
2026-05-19 01:00:34,294 kilosort.run_kilosort INFO     Memory usage by step
2026-05-19 01:00:34,296 kilosort.run_kilosort INFO     --------------------------------------------------------
2026-05-19 01:00:34,298 kilosort.run_kilosort INFO     preprocessing:         sys    12.8 GB  |  gpu    1.2 GB
2026-05-19 01:00:34,299 kilosort.run_kilosort INFO     drift corr:            sys    12.4 GB  |  gpu    3.3 GB
2026-05-19 01:00:34,300 kilosort.run_kilosort INFO     spike det. (univ):     sys    12.8 GB  |  gpu    3.3 GB
2026-05-19 01:00:34,302 kilosort.run_kilosort INFO     cluster (temp):        sys    12.7 GB  |  gpu    0.4 GB
2026-05-19 01:00:34,303 kilosort.run_kilosort INFO     spike det. (learn):    sys    12.9 GB  |  gpu    1.5 GB
2026-05-19 01:00:34,305 kilosort.run_kilosort INFO     cluster (final):       sys    13.0 GB  |  gpu    0.1 GB
2026-05-19 01:00:34,306 kilosort.run_kilosort INFO     cluster merge:         sys    13.1 GB  |  gpu    0.1 GB
2026-05-19 01:00:34,309 kilosort.run_kilosort INFO     postprocessing:        sys    13.2 GB  |  gpu    0.0 GB
2026-05-19 01:00:34,311 kilosort.run_kilosort INFO     ********************************************************
